<?xml version="1.0" encoding="UTF-8"?>
<testsuite xmlns:xsi="http://www.w3.org/2001/XMLSchema-instance" xsi:noNamespaceSchemaLocation="https://maven.apache.org/surefire/maven-failsafe-plugin/xsd/failsafe-test-report-3.0.xsd" version="3.0" name="com.gmail.merikbest2015.ecommerce.controller.UserControllerTest" time="0.234" tests="5" errors="0" skipped="0" failures="0">
  <properties>
    <property name="java.specification.version" value="17"/>
    <property name="sun.jnu.encoding" value="UTF-8"/>
    <property name="java.class.path" value="/home/runner/work/desofs2025_wed_nap_1/desofs2025_wed_nap_1/target/test-classes:/home/runner/work/desofs2025_wed_nap_1/desofs2025_wed_nap_1/target/classes:/home/runner/.m2/repository/org/springframework/boot/spring-boot-starter-web/3.5.0/spring-boot-starter-web-3.5.0.jar:/home/runner/.m2/repository/org/springframework/boot/spring-boot-starter/3.5.0/spring-boot-starter-3.5.0.jar:/home/runner/.m2/repository/org/springframework/boot/spring-boot-starter-logging/3.5.0/spring-boot-starter-logging-3.5.0.jar:/home/runner/.m2/repository/org/apache/logging/log4j/log4j-to-slf4j/2.24.3/log4j-to-slf4j-2.24.3.jar:/home/runner/.m2/repository/org/apache/logging/log4j/log4j-api/2.24.3/log4j-api-2.24.3.jar:/home/runner/.m2/repository/org/slf4j/jul-to-slf4j/2.0.17/jul-to-slf4j-2.0.17.jar:/home/runner/.m2/repository/jakarta/annotation/jakarta.annotation-api/2.1.1/jakarta.annotation-api-2.1.1.jar:/home/runner/.m2/repository/org/yaml/snakeyaml/2.4/snakeyaml-2.4.jar:/home/runner/.m2/repository/org/springframework/boot/spring-boot-starter-json/3.5.0/spring-boot-starter-json-3.5.0.jar:/home/runner/.m2/repository/com/fasterxml/jackson/datatype/jackson-datatype-jdk8/2.19.0/jackson-datatype-jdk8-2.19.0.jar:/home/runner/.m2/repository/com/fasterxml/jackson/datatype/jackson-datatype-jsr310/2.19.0/jackson-datatype-jsr310-2.19.0.jar:/home/runner/.m2/repository/com/fasterxml/jackson/module/jackson-module-parameter-names/2.19.0/jackson-module-parameter-names-2.19.0.jar:/home/runner/.m2/repository/org/springframework/boot/spring-boot-starter-tomcat/3.5.0/spring-boot-starter-tomcat-3.5.0.jar:/home/runner/.m2/repository/org/apache/tomcat/embed/tomcat-embed-core/10.1.41/tomcat-embed-core-10.1.41.jar:/home/runner/.m2/repository/org/apache/tomcat/embed/tomcat-embed-el/10.1.41/tomcat-embed-el-10.1.41.jar:/home/runner/.m2/repository/org/apache/tomcat/embed/tomcat-embed-websocket/10.1.41/tomcat-embed-websocket-10.1.41.jar:/home/runner/.m2/repository/org/springframework/spring-web/6.2.7/spring-web-6.2.7.jar:/home/runner/.m2/repository/org/springframework/spring-beans/6.2.7/spring-beans-6.2.7.jar:/home/runner/.m2/repository/org/springframework/spring-webmvc/6.2.7/spring-webmvc-6.2.7.jar:/home/runner/.m2/repository/org/springframework/spring-expression/6.2.7/spring-expression-6.2.7.jar:/home/runner/.m2/repository/org/springframework/boot/spring-boot-devtools/3.5.0/spring-boot-devtools-3.5.0.jar:/home/runner/.m2/repository/org/springframework/boot/spring-boot/3.5.0/spring-boot-3.5.0.jar:/home/runner/.m2/repository/org/springframework/boot/spring-boot-autoconfigure/3.5.0/spring-boot-autoconfigure-3.5.0.jar:/home/runner/.m2/repository/org/postgresql/postgresql/42.7.7/postgresql-42.7.7.jar:/home/runner/.m2/repository/org/checkerframework/checker-qual/3.49.3/checker-qual-3.49.3.jar:/home/runner/.m2/repository/org/springframework/boot/spring-boot-starter-data-jpa/3.5.0/spring-boot-starter-data-jpa-3.5.0.jar:/home/runner/.m2/repository/org/springframework/boot/spring-boot-starter-jdbc/3.5.0/spring-boot-starter-jdbc-3.5.0.jar:/home/runner/.m2/repository/com/zaxxer/HikariCP/6.3.0/HikariCP-6.3.0.jar:/home/runner/.m2/repository/org/springframework/spring-jdbc/6.2.7/spring-jdbc-6.2.7.jar:/home/runner/.m2/repository/org/hibernate/orm/hibernate-core/6.6.15.Final/hibernate-core-6.6.15.Final.jar:/home/runner/.m2/repository/jakarta/persistence/jakarta.persistence-api/3.1.0/jakarta.persistence-api-3.1.0.jar:/home/runner/.m2/repository/jakarta/transaction/jakarta.transaction-api/2.0.1/jakarta.transaction-api-2.0.1.jar:/home/runner/.m2/repository/org/hibernate/common/hibernate-commons-annotations/7.0.3.Final/hibernate-commons-annotations-7.0.3.Final.jar:/home/runner/.m2/repository/io/smallrye/jandex/3.2.0/jandex-3.2.0.jar:/home/runner/.m2/repository/net/bytebuddy/byte-buddy/1.17.5/byte-buddy-1.17.5.jar:/home/runner/.m2/repository/org/glassfish/jaxb/jaxb-runtime/4.0.5/jaxb-runtime-4.0.5.jar:/home/runner/.m2/repository/org/glassfish/jaxb/jaxb-core/4.0.5/jaxb-core-4.0.5.jar:/home/runner/.m2/repository/org/glassfish/jaxb/txw2/4.0.5/txw2-4.0.5.jar:/home/runner/.m2/repository/com/sun/istack/istack-commons-runtime/4.1.2/istack-commons-runtime-4.1.2.jar:/home/runner/.m2/repository/jakarta/inject/jakarta.inject-api/2.0.1/jakarta.inject-api-2.0.1.jar:/home/runner/.m2/repository/org/antlr/antlr4-runtime/4.13.0/antlr4-runtime-4.13.0.jar:/home/runner/.m2/repository/org/springframework/data/spring-data-jpa/3.5.0/spring-data-jpa-3.5.0.jar:/home/runner/.m2/repository/org/springframework/data/spring-data-commons/3.5.0/spring-data-commons-3.5.0.jar:/home/runner/.m2/repository/org/springframework/spring-orm/6.2.7/spring-orm-6.2.7.jar:/home/runner/.m2/repository/org/springframework/spring-tx/6.2.7/spring-tx-6.2.7.jar:/home/runner/.m2/repository/org/springframework/spring-aspects/6.2.7/spring-aspects-6.2.7.jar:/home/runner/.m2/repository/org/springframework/boot/spring-boot-starter-security/3.5.0/spring-boot-starter-security-3.5.0.jar:/home/runner/.m2/repository/org/springframework/spring-aop/6.2.7/spring-aop-6.2.7.jar:/home/runner/.m2/repository/org/springframework/security/spring-security-config/6.5.0/spring-security-config-6.5.0.jar:/home/runner/.m2/repository/org/springframework/security/spring-security-web/6.5.0/spring-security-web-6.5.0.jar:/home/runner/.m2/repository/org/springframework/security/spring-security-oauth2-client/6.5.0/spring-security-oauth2-client-6.5.0.jar:/home/runner/.m2/repository/org/springframework/security/spring-security-core/6.5.0/spring-security-core-6.5.0.jar:/home/runner/.m2/repository/org/springframework/security/spring-security-crypto/6.5.0/spring-security-crypto-6.5.0.jar:/home/runner/.m2/repository/org/springframework/security/spring-security-oauth2-core/6.5.0/spring-security-oauth2-core-6.5.0.jar:/home/runner/.m2/repository/org/springframework/spring-core/6.2.7/spring-core-6.2.7.jar:/home/runner/.m2/repository/org/springframework/spring-jcl/6.2.7/spring-jcl-6.2.7.jar:/home/runner/.m2/repository/com/nimbusds/oauth2-oidc-sdk/9.43.6/oauth2-oidc-sdk-9.43.6.jar:/home/runner/.m2/repository/com/github/stephenc/jcip/jcip-annotations/1.0-1/jcip-annotations-1.0-1.jar:/home/runner/.m2/repository/com/nimbusds/content-type/2.2/content-type-2.2.jar:/home/runner/.m2/repository/com/nimbusds/lang-tag/1.7/lang-tag-1.7.jar:/home/runner/.m2/repository/com/nimbusds/nimbus-jose-jwt/9.37.3/nimbus-jose-jwt-9.37.3.jar:/home/runner/.m2/repository/org/springframework/boot/spring-boot-starter-mail/3.5.0/spring-boot-starter-mail-3.5.0.jar:/home/runner/.m2/repository/org/springframework/spring-context-support/6.2.7/spring-context-support-6.2.7.jar:/home/runner/.m2/repository/org/eclipse/angus/jakarta.mail/2.0.3/jakarta.mail-2.0.3.jar:/home/runner/.m2/repository/jakarta/activation/jakarta.activation-api/2.1.3/jakarta.activation-api-2.1.3.jar:/home/runner/.m2/repository/org/eclipse/angus/angus-activation/2.0.2/angus-activation-2.0.2.jar:/home/runner/.m2/repository/org/projectlombok/lombok/1.18.30/lombok-1.18.30.jar:/home/runner/.m2/repository/org/flywaydb/flyway-core/11.9.1/flyway-core-11.9.1.jar:/home/runner/.m2/repository/com/fasterxml/jackson/core/jackson-databind/2.19.0/jackson-databind-2.19.0.jar:/home/runner/.m2/repository/com/fasterxml/jackson/core/jackson-annotations/2.19.0/jackson-annotations-2.19.0.jar:/home/runner/.m2/repository/com/fasterxml/jackson/core/jackson-core/2.19.0/jackson-core-2.19.0.jar:/home/runner/.m2/repository/org/flywaydb/flyway-database-postgresql/11.7.2/flyway-database-postgresql-11.7.2.jar:/home/runner/.m2/repository/io/jsonwebtoken/jjwt-api/0.12.0/jjwt-api-0.12.0.jar:/home/runner/.m2/repository/io/jsonwebtoken/jjwt-impl/0.12.0/jjwt-impl-0.12.0.jar:/home/runner/.m2/repository/io/jsonwebtoken/jjwt-jackson/0.12.0/jjwt-jackson-0.12.0.jar:/home/runner/.m2/repository/software/amazon/awssdk/s3/2.26.11/s3-2.26.11.jar:/home/runner/.m2/repository/software/amazon/awssdk/aws-xml-protocol/2.26.11/aws-xml-protocol-2.26.11.jar:/home/runner/.m2/repository/software/amazon/awssdk/aws-query-protocol/2.26.11/aws-query-protocol-2.26.11.jar:/home/runner/.m2/repository/software/amazon/awssdk/protocol-core/2.26.11/protocol-core-2.26.11.jar:/home/runner/.m2/repository/software/amazon/awssdk/arns/2.26.11/arns-2.26.11.jar:/home/runner/.m2/repository/software/amazon/awssdk/profiles/2.26.11/profiles-2.26.11.jar:/home/runner/.m2/repository/software/amazon/awssdk/crt-core/2.26.11/crt-core-2.26.11.jar:/home/runner/.m2/repository/software/amazon/awssdk/http-auth/2.26.11/http-auth-2.26.11.jar:/home/runner/.m2/repository/software/amazon/awssdk/identity-spi/2.26.11/identity-spi-2.26.11.jar:/home/runner/.m2/repository/software/amazon/awssdk/http-auth-spi/2.26.11/http-auth-spi-2.26.11.jar:/home/runner/.m2/repository/org/reactivestreams/reactive-streams/1.0.4/reactive-streams-1.0.4.jar:/home/runner/.m2/repository/software/amazon/awssdk/http-auth-aws/2.26.11/http-auth-aws-2.26.11.jar:/home/runner/.m2/repository/software/amazon/awssdk/checksums/2.26.11/checksums-2.26.11.jar:/home/runner/.m2/repository/software/amazon/awssdk/checksums-spi/2.26.11/checksums-spi-2.26.11.jar:/home/runner/.m2/repository/software/amazon/awssdk/retries-spi/2.26.11/retries-spi-2.26.11.jar:/home/runner/.m2/repository/software/amazon/awssdk/sdk-core/2.26.11/sdk-core-2.26.11.jar:/home/runner/.m2/repository/software/amazon/awssdk/retries/2.26.11/retries-2.26.11.jar:/home/runner/.m2/repository/software/amazon/awssdk/auth/2.26.11/auth-2.26.11.jar:/home/runner/.m2/repository/software/amazon/eventstream/eventstream/1.0.1/eventstream-1.0.1.jar:/home/runner/.m2/repository/software/amazon/awssdk/http-client-spi/2.26.11/http-client-spi-2.26.11.jar:/home/runner/.m2/repository/software/amazon/awssdk/regions/2.26.11/regions-2.26.11.jar:/home/runner/.m2/repository/software/amazon/awssdk/annotations/2.26.11/annotations-2.26.11.jar:/home/runner/.m2/repository/software/amazon/awssdk/utils/2.26.11/utils-2.26.11.jar:/home/runner/.m2/repository/software/amazon/awssdk/aws-core/2.26.11/aws-core-2.26.11.jar:/home/runner/.m2/repository/software/amazon/awssdk/metrics-spi/2.26.11/metrics-spi-2.26.11.jar:/home/runner/.m2/repository/software/amazon/awssdk/json-utils/2.26.11/json-utils-2.26.11.jar:/home/runner/.m2/repository/software/amazon/awssdk/third-party-jackson-core/2.26.11/third-party-jackson-core-2.26.11.jar:/home/runner/.m2/repository/software/amazon/awssdk/endpoints-spi/2.26.11/endpoints-spi-2.26.11.jar:/home/runner/.m2/repository/software/amazon/awssdk/apache-client/2.26.11/apache-client-2.26.11.jar:/home/runner/.m2/repository/org/apache/httpcomponents/httpclient/4.5.13/httpclient-4.5.13.jar:/home/runner/.m2/repository/commons-logging/commons-logging/1.2/commons-logging-1.2.jar:/home/runner/.m2/repository/org/apache/httpcomponents/httpcore/4.4.16/httpcore-4.4.16.jar:/home/runner/.m2/repository/commons-codec/commons-codec/1.18.0/commons-codec-1.18.0.jar:/home/runner/.m2/repository/software/amazon/awssdk/netty-nio-client/2.26.11/netty-nio-client-2.26.11.jar:/home/runner/.m2/repository/io/netty/netty-codec-http/4.1.121.Final/netty-codec-http-4.1.121.Final.jar:/home/runner/.m2/repository/io/netty/netty-codec-http2/4.1.121.Final/netty-codec-http2-4.1.121.Final.jar:/home/runner/.m2/repository/io/netty/netty-codec/4.1.121.Final/netty-codec-4.1.121.Final.jar:/home/runner/.m2/repository/io/netty/netty-transport/4.1.121.Final/netty-transport-4.1.121.Final.jar:/home/runner/.m2/repository/io/netty/netty-common/4.1.121.Final/netty-common-4.1.121.Final.jar:/home/runner/.m2/repository/io/netty/netty-buffer/4.1.121.Final/netty-buffer-4.1.121.Final.jar:/home/runner/.m2/repository/io/netty/netty-handler/4.1.121.Final/netty-handler-4.1.121.Final.jar:/home/runner/.m2/repository/io/netty/netty-transport-native-unix-common/4.1.121.Final/netty-transport-native-unix-common-4.1.121.Final.jar:/home/runner/.m2/repository/io/netty/netty-transport-classes-epoll/4.1.121.Final/netty-transport-classes-epoll-4.1.121.Final.jar:/home/runner/.m2/repository/io/netty/netty-resolver/4.1.121.Final/netty-resolver-4.1.121.Final.jar:/home/runner/.m2/repository/org/modelmapper/modelmapper/2.3.9/modelmapper-2.3.9.jar:/home/runner/.m2/repository/jakarta/validation/jakarta.validation-api/3.0.2/jakarta.validation-api-3.0.2.jar:/home/runner/.m2/repository/org/hibernate/validator/hibernate-validator/8.0.2.Final/hibernate-validator-8.0.2.Final.jar:/home/runner/.m2/repository/org/jboss/logging/jboss-logging/3.6.1.Final/jboss-logging-3.6.1.Final.jar:/home/runner/.m2/repository/com/fasterxml/classmate/1.7.0/classmate-1.7.0.jar:/home/runner/.m2/repository/org/springframework/graphql/spring-graphql/1.4.0/spring-graphql-1.4.0.jar:/home/runner/.m2/repository/com/graphql-java/graphql-java/24.0/graphql-java-24.0.jar:/home/runner/.m2/repository/com/graphql-java/java-dataloader/5.0.0/java-dataloader-5.0.0.jar:/home/runner/.m2/repository/org/jspecify/jspecify/1.0.0/jspecify-1.0.0.jar:/home/runner/.m2/repository/io/projectreactor/reactor-core/3.7.6/reactor-core-3.7.6.jar:/home/runner/.m2/repository/org/springframework/spring-context/6.2.7/spring-context-6.2.7.jar:/home/runner/.m2/repository/io/micrometer/context-propagation/1.1.3/context-propagation-1.1.3.jar:/home/runner/.m2/repository/org/springframework/boot/spring-boot-starter-aop/3.5.0/spring-boot-starter-aop-3.5.0.jar:/home/runner/.m2/repository/org/aspectj/aspectjweaver/1.9.24/aspectjweaver-1.9.24.jar:/home/runner/.m2/repository/org/springdoc/springdoc-openapi-starter-webmvc-ui/2.2.0/springdoc-openapi-starter-webmvc-ui-2.2.0.jar:/home/runner/.m2/repository/org/springdoc/springdoc-openapi-starter-webmvc-api/2.2.0/springdoc-openapi-starter-webmvc-api-2.2.0.jar:/home/runner/.m2/repository/org/springdoc/springdoc-openapi-starter-common/2.2.0/springdoc-openapi-starter-common-2.2.0.jar:/home/runner/.m2/repository/io/swagger/core/v3/swagger-core-jakarta/2.2.15/swagger-core-jakarta-2.2.15.jar:/home/runner/.m2/repository/org/apache/commons/commons-lang3/3.17.0/commons-lang3-3.17.0.jar:/home/runner/.m2/repository/io/swagger/core/v3/swagger-annotations-jakarta/2.2.15/swagger-annotations-jakarta-2.2.15.jar:/home/runner/.m2/repository/io/swagger/core/v3/swagger-models-jakarta/2.2.15/swagger-models-jakarta-2.2.15.jar:/home/runner/.m2/repository/com/fasterxml/jackson/dataformat/jackson-dataformat-yaml/2.19.0/jackson-dataformat-yaml-2.19.0.jar:/home/runner/.m2/repository/org/webjars/swagger-ui/5.2.0/swagger-ui-5.2.0.jar:/home/runner/.m2/repository/org/springframework/boot/spring-boot-starter-websocket/3.5.0/spring-boot-starter-websocket-3.5.0.jar:/home/runner/.m2/repository/org/springframework/spring-messaging/6.2.7/spring-messaging-6.2.7.jar:/home/runner/.m2/repository/org/springframework/spring-websocket/6.2.7/spring-websocket-6.2.7.jar:/home/runner/.m2/repository/org/thymeleaf/thymeleaf/3.1.3.RELEASE/thymeleaf-3.1.3.RELEASE.jar:/home/runner/.m2/repository/ognl/ognl/3.3.4/ognl-3.3.4.jar:/home/runner/.m2/repository/org/javassist/javassist/3.29.0-GA/javassist-3.29.0-GA.jar:/home/runner/.m2/repository/org/attoparser/attoparser/2.0.7.RELEASE/attoparser-2.0.7.RELEASE.jar:/home/runner/.m2/repository/org/unbescape/unbescape/1.1.6.RELEASE/unbescape-1.1.6.RELEASE.jar:/home/runner/.m2/repository/org/slf4j/slf4j-api/2.0.17/slf4j-api-2.0.17.jar:/home/runner/.m2/repository/org/thymeleaf/thymeleaf-spring6/3.1.3.RELEASE/thymeleaf-spring6-3.1.3.RELEASE.jar:/home/runner/.m2/repository/com/google/guava/guava/33.3.1-jre/guava-33.3.1-jre.jar:/home/runner/.m2/repository/com/google/guava/failureaccess/1.0.2/failureaccess-1.0.2.jar:/home/runner/.m2/repository/com/google/guava/listenablefuture/9999.0-empty-to-avoid-conflict-with-guava/listenablefuture-9999.0-empty-to-avoid-conflict-with-guava.jar:/home/runner/.m2/repository/com/google/code/findbugs/jsr305/3.0.2/jsr305-3.0.2.jar:/home/runner/.m2/repository/com/google/errorprone/error_prone_annotations/2.28.0/error_prone_annotations-2.28.0.jar:/home/runner/.m2/repository/com/google/j2objc/j2objc-annotations/3.0.0/j2objc-annotations-3.0.0.jar:/home/runner/.m2/repository/commons-io/commons-io/2.17.0/commons-io-2.17.0.jar:/home/runner/.m2/repository/org/springframework/boot/spring-boot-starter-test/3.5.0/spring-boot-starter-test-3.5.0.jar:/home/runner/.m2/repository/org/springframework/boot/spring-boot-test/3.5.0/spring-boot-test-3.5.0.jar:/home/runner/.m2/repository/org/springframework/boot/spring-boot-test-autoconfigure/3.5.0/spring-boot-test-autoconfigure-3.5.0.jar:/home/runner/.m2/repository/com/jayway/jsonpath/json-path/2.9.0/json-path-2.9.0.jar:/home/runner/.m2/repository/jakarta/xml/bind/jakarta.xml.bind-api/4.0.2/jakarta.xml.bind-api-4.0.2.jar:/home/runner/.m2/repository/net/minidev/json-smart/2.5.2/json-smart-2.5.2.jar:/home/runner/.m2/repository/net/minidev/accessors-smart/2.5.2/accessors-smart-2.5.2.jar:/home/runner/.m2/repository/org/ow2/asm/asm/9.7.1/asm-9.7.1.jar:/home/runner/.m2/repository/org/assertj/assertj-core/3.27.3/assertj-core-3.27.3.jar:/home/runner/.m2/repository/org/awaitility/awaitility/4.3.0/awaitility-4.3.0.jar:/home/runner/.m2/repository/org/hamcrest/hamcrest/3.0/hamcrest-3.0.jar:/home/runner/.m2/repository/org/junit/jupiter/junit-jupiter/5.12.2/junit-jupiter-5.12.2.jar:/home/runner/.m2/repository/org/junit/jupiter/junit-jupiter-api/5.12.2/junit-jupiter-api-5.12.2.jar:/home/runner/.m2/repository/org/opentest4j/opentest4j/1.3.0/opentest4j-1.3.0.jar:/home/runner/.m2/repository/org/junit/platform/junit-platform-commons/1.12.2/junit-platform-commons-1.12.2.jar:/home/runner/.m2/repository/org/apiguardian/apiguardian-api/1.1.2/apiguardian-api-1.1.2.jar:/home/runner/.m2/repository/org/junit/jupiter/junit-jupiter-params/5.12.2/junit-jupiter-params-5.12.2.jar:/home/runner/.m2/repository/org/junit/jupiter/junit-jupiter-engine/5.12.2/junit-jupiter-engine-5.12.2.jar:/home/runner/.m2/repository/org/junit/platform/junit-platform-engine/1.12.2/junit-platform-engine-1.12.2.jar:/home/runner/.m2/repository/org/mockito/mockito-core/5.17.0/mockito-core-5.17.0.jar:/home/runner/.m2/repository/net/bytebuddy/byte-buddy-agent/1.17.5/byte-buddy-agent-1.17.5.jar:/home/runner/.m2/repository/org/objenesis/objenesis/3.3/objenesis-3.3.jar:/home/runner/.m2/repository/org/mockito/mockito-junit-jupiter/5.17.0/mockito-junit-jupiter-5.17.0.jar:/home/runner/.m2/repository/org/skyscreamer/jsonassert/1.5.3/jsonassert-1.5.3.jar:/home/runner/.m2/repository/com/vaadin/external/google/android-json/0.0.20131108.vaadin1/android-json-0.0.20131108.vaadin1.jar:/home/runner/.m2/repository/org/springframework/spring-test/6.2.7/spring-test-6.2.7.jar:/home/runner/.m2/repository/org/xmlunit/xmlunit-core/2.10.1/xmlunit-core-2.10.1.jar:/home/runner/.m2/repository/org/springframework/security/spring-security-test/6.5.0/spring-security-test-6.5.0.jar:/home/runner/.m2/repository/org/springframework/boot/spring-boot-starter-actuator/3.5.0/spring-boot-starter-actuator-3.5.0.jar:/home/runner/.m2/repository/org/springframework/boot/spring-boot-actuator-autoconfigure/3.5.0/spring-boot-actuator-autoconfigure-3.5.0.jar:/home/runner/.m2/repository/org/springframework/boot/spring-boot-actuator/3.5.0/spring-boot-actuator-3.5.0.jar:/home/runner/.m2/repository/io/micrometer/micrometer-observation/1.15.0/micrometer-observation-1.15.0.jar:/home/runner/.m2/repository/io/micrometer/micrometer-commons/1.15.0/micrometer-commons-1.15.0.jar:/home/runner/.m2/repository/io/micrometer/micrometer-jakarta9/1.15.0/micrometer-jakarta9-1.15.0.jar:/home/runner/.m2/repository/io/micrometer/micrometer-core/1.15.0/micrometer-core-1.15.0.jar:/home/runner/.m2/repository/org/hdrhistogram/HdrHistogram/2.2.2/HdrHistogram-2.2.2.jar:/home/runner/.m2/repository/org/latencyutils/LatencyUtils/2.0.3/LatencyUtils-2.0.3.jar:/home/runner/.m2/repository/ch/qos/logback/logback-core/1.5.18/logback-core-1.5.18.jar:/home/runner/.m2/repository/ch/qos/logback/logback-classic/1.5.18/logback-classic-1.5.18.jar:"/>
    <property name="java.vm.vendor" value="Eclipse Adoptium"/>
    <property name="sun.arch.data.model" value="64"/>
    <property name="java.vendor.url" value="https://adoptium.net/"/>
    <property name="user.timezone" value="Etc/UTC"/>
    <property name="org.jboss.logging.provider" value="slf4j"/>
    <property name="os.name" value="Linux"/>
    <property name="java.vm.specification.version" value="17"/>
    <property name="sun.java.launcher" value="SUN_STANDARD"/>
    <property name="sun.boot.library.path" value="/usr/lib/jvm/temurin-17-jdk-amd64/lib"/>
    <property name="sun.java.command" value="/home/runner/work/desofs2025_wed_nap_1/desofs2025_wed_nap_1/target/surefire/surefirebooter9819965357097292805.jar /home/runner/work/desofs2025_wed_nap_1/desofs2025_wed_nap_1/target/surefire 2025-06-16T21-21-39_807-jvmRun1 surefire18104206657760746021tmp surefire_016559982646932701tmp"/>
    <property name="jdk.debug" value="release"/>
    <property name="surefire.test.class.path" value="/home/runner/work/desofs2025_wed_nap_1/desofs2025_wed_nap_1/target/test-classes:/home/runner/work/desofs2025_wed_nap_1/desofs2025_wed_nap_1/target/classes:/home/runner/.m2/repository/org/springframework/boot/spring-boot-starter-web/3.5.0/spring-boot-starter-web-3.5.0.jar:/home/runner/.m2/repository/org/springframework/boot/spring-boot-starter/3.5.0/spring-boot-starter-3.5.0.jar:/home/runner/.m2/repository/org/springframework/boot/spring-boot-starter-logging/3.5.0/spring-boot-starter-logging-3.5.0.jar:/home/runner/.m2/repository/org/apache/logging/log4j/log4j-to-slf4j/2.24.3/log4j-to-slf4j-2.24.3.jar:/home/runner/.m2/repository/org/apache/logging/log4j/log4j-api/2.24.3/log4j-api-2.24.3.jar:/home/runner/.m2/repository/org/slf4j/jul-to-slf4j/2.0.17/jul-to-slf4j-2.0.17.jar:/home/runner/.m2/repository/jakarta/annotation/jakarta.annotation-api/2.1.1/jakarta.annotation-api-2.1.1.jar:/home/runner/.m2/repository/org/yaml/snakeyaml/2.4/snakeyaml-2.4.jar:/home/runner/.m2/repository/org/springframework/boot/spring-boot-starter-json/3.5.0/spring-boot-starter-json-3.5.0.jar:/home/runner/.m2/repository/com/fasterxml/jackson/datatype/jackson-datatype-jdk8/2.19.0/jackson-datatype-jdk8-2.19.0.jar:/home/runner/.m2/repository/com/fasterxml/jackson/datatype/jackson-datatype-jsr310/2.19.0/jackson-datatype-jsr310-2.19.0.jar:/home/runner/.m2/repository/com/fasterxml/jackson/module/jackson-module-parameter-names/2.19.0/jackson-module-parameter-names-2.19.0.jar:/home/runner/.m2/repository/org/springframework/boot/spring-boot-starter-tomcat/3.5.0/spring-boot-starter-tomcat-3.5.0.jar:/home/runner/.m2/repository/org/apache/tomcat/embed/tomcat-embed-core/10.1.41/tomcat-embed-core-10.1.41.jar:/home/runner/.m2/repository/org/apache/tomcat/embed/tomcat-embed-el/10.1.41/tomcat-embed-el-10.1.41.jar:/home/runner/.m2/repository/org/apache/tomcat/embed/tomcat-embed-websocket/10.1.41/tomcat-embed-websocket-10.1.41.jar:/home/runner/.m2/repository/org/springframework/spring-web/6.2.7/spring-web-6.2.7.jar:/home/runner/.m2/repository/org/springframework/spring-beans/6.2.7/spring-beans-6.2.7.jar:/home/runner/.m2/repository/org/springframework/spring-webmvc/6.2.7/spring-webmvc-6.2.7.jar:/home/runner/.m2/repository/org/springframework/spring-expression/6.2.7/spring-expression-6.2.7.jar:/home/runner/.m2/repository/org/springframework/boot/spring-boot-devtools/3.5.0/spring-boot-devtools-3.5.0.jar:/home/runner/.m2/repository/org/springframework/boot/spring-boot/3.5.0/spring-boot-3.5.0.jar:/home/runner/.m2/repository/org/springframework/boot/spring-boot-autoconfigure/3.5.0/spring-boot-autoconfigure-3.5.0.jar:/home/runner/.m2/repository/org/postgresql/postgresql/42.7.7/postgresql-42.7.7.jar:/home/runner/.m2/repository/org/checkerframework/checker-qual/3.49.3/checker-qual-3.49.3.jar:/home/runner/.m2/repository/org/springframework/boot/spring-boot-starter-data-jpa/3.5.0/spring-boot-starter-data-jpa-3.5.0.jar:/home/runner/.m2/repository/org/springframework/boot/spring-boot-starter-jdbc/3.5.0/spring-boot-starter-jdbc-3.5.0.jar:/home/runner/.m2/repository/com/zaxxer/HikariCP/6.3.0/HikariCP-6.3.0.jar:/home/runner/.m2/repository/org/springframework/spring-jdbc/6.2.7/spring-jdbc-6.2.7.jar:/home/runner/.m2/repository/org/hibernate/orm/hibernate-core/6.6.15.Final/hibernate-core-6.6.15.Final.jar:/home/runner/.m2/repository/jakarta/persistence/jakarta.persistence-api/3.1.0/jakarta.persistence-api-3.1.0.jar:/home/runner/.m2/repository/jakarta/transaction/jakarta.transaction-api/2.0.1/jakarta.transaction-api-2.0.1.jar:/home/runner/.m2/repository/org/hibernate/common/hibernate-commons-annotations/7.0.3.Final/hibernate-commons-annotations-7.0.3.Final.jar:/home/runner/.m2/repository/io/smallrye/jandex/3.2.0/jandex-3.2.0.jar:/home/runner/.m2/repository/net/bytebuddy/byte-buddy/1.17.5/byte-buddy-1.17.5.jar:/home/runner/.m2/repository/org/glassfish/jaxb/jaxb-runtime/4.0.5/jaxb-runtime-4.0.5.jar:/home/runner/.m2/repository/org/glassfish/jaxb/jaxb-core/4.0.5/jaxb-core-4.0.5.jar:/home/runner/.m2/repository/org/glassfish/jaxb/txw2/4.0.5/txw2-4.0.5.jar:/home/runner/.m2/repository/com/sun/istack/istack-commons-runtime/4.1.2/istack-commons-runtime-4.1.2.jar:/home/runner/.m2/repository/jakarta/inject/jakarta.inject-api/2.0.1/jakarta.inject-api-2.0.1.jar:/home/runner/.m2/repository/org/antlr/antlr4-runtime/4.13.0/antlr4-runtime-4.13.0.jar:/home/runner/.m2/repository/org/springframework/data/spring-data-jpa/3.5.0/spring-data-jpa-3.5.0.jar:/home/runner/.m2/repository/org/springframework/data/spring-data-commons/3.5.0/spring-data-commons-3.5.0.jar:/home/runner/.m2/repository/org/springframework/spring-orm/6.2.7/spring-orm-6.2.7.jar:/home/runner/.m2/repository/org/springframework/spring-tx/6.2.7/spring-tx-6.2.7.jar:/home/runner/.m2/repository/org/springframework/spring-aspects/6.2.7/spring-aspects-6.2.7.jar:/home/runner/.m2/repository/org/springframework/boot/spring-boot-starter-security/3.5.0/spring-boot-starter-security-3.5.0.jar:/home/runner/.m2/repository/org/springframework/spring-aop/6.2.7/spring-aop-6.2.7.jar:/home/runner/.m2/repository/org/springframework/security/spring-security-config/6.5.0/spring-security-config-6.5.0.jar:/home/runner/.m2/repository/org/springframework/security/spring-security-web/6.5.0/spring-security-web-6.5.0.jar:/home/runner/.m2/repository/org/springframework/security/spring-security-oauth2-client/6.5.0/spring-security-oauth2-client-6.5.0.jar:/home/runner/.m2/repository/org/springframework/security/spring-security-core/6.5.0/spring-security-core-6.5.0.jar:/home/runner/.m2/repository/org/springframework/security/spring-security-crypto/6.5.0/spring-security-crypto-6.5.0.jar:/home/runner/.m2/repository/org/springframework/security/spring-security-oauth2-core/6.5.0/spring-security-oauth2-core-6.5.0.jar:/home/runner/.m2/repository/org/springframework/spring-core/6.2.7/spring-core-6.2.7.jar:/home/runner/.m2/repository/org/springframework/spring-jcl/6.2.7/spring-jcl-6.2.7.jar:/home/runner/.m2/repository/com/nimbusds/oauth2-oidc-sdk/9.43.6/oauth2-oidc-sdk-9.43.6.jar:/home/runner/.m2/repository/com/github/stephenc/jcip/jcip-annotations/1.0-1/jcip-annotations-1.0-1.jar:/home/runner/.m2/repository/com/nimbusds/content-type/2.2/content-type-2.2.jar:/home/runner/.m2/repository/com/nimbusds/lang-tag/1.7/lang-tag-1.7.jar:/home/runner/.m2/repository/com/nimbusds/nimbus-jose-jwt/9.37.3/nimbus-jose-jwt-9.37.3.jar:/home/runner/.m2/repository/org/springframework/boot/spring-boot-starter-mail/3.5.0/spring-boot-starter-mail-3.5.0.jar:/home/runner/.m2/repository/org/springframework/spring-context-support/6.2.7/spring-context-support-6.2.7.jar:/home/runner/.m2/repository/org/eclipse/angus/jakarta.mail/2.0.3/jakarta.mail-2.0.3.jar:/home/runner/.m2/repository/jakarta/activation/jakarta.activation-api/2.1.3/jakarta.activation-api-2.1.3.jar:/home/runner/.m2/repository/org/eclipse/angus/angus-activation/2.0.2/angus-activation-2.0.2.jar:/home/runner/.m2/repository/org/projectlombok/lombok/1.18.30/lombok-1.18.30.jar:/home/runner/.m2/repository/org/flywaydb/flyway-core/11.9.1/flyway-core-11.9.1.jar:/home/runner/.m2/repository/com/fasterxml/jackson/core/jackson-databind/2.19.0/jackson-databind-2.19.0.jar:/home/runner/.m2/repository/com/fasterxml/jackson/core/jackson-annotations/2.19.0/jackson-annotations-2.19.0.jar:/home/runner/.m2/repository/com/fasterxml/jackson/core/jackson-core/2.19.0/jackson-core-2.19.0.jar:/home/runner/.m2/repository/org/flywaydb/flyway-database-postgresql/11.7.2/flyway-database-postgresql-11.7.2.jar:/home/runner/.m2/repository/io/jsonwebtoken/jjwt-api/0.12.0/jjwt-api-0.12.0.jar:/home/runner/.m2/repository/io/jsonwebtoken/jjwt-impl/0.12.0/jjwt-impl-0.12.0.jar:/home/runner/.m2/repository/io/jsonwebtoken/jjwt-jackson/0.12.0/jjwt-jackson-0.12.0.jar:/home/runner/.m2/repository/software/amazon/awssdk/s3/2.26.11/s3-2.26.11.jar:/home/runner/.m2/repository/software/amazon/awssdk/aws-xml-protocol/2.26.11/aws-xml-protocol-2.26.11.jar:/home/runner/.m2/repository/software/amazon/awssdk/aws-query-protocol/2.26.11/aws-query-protocol-2.26.11.jar:/home/runner/.m2/repository/software/amazon/awssdk/protocol-core/2.26.11/protocol-core-2.26.11.jar:/home/runner/.m2/repository/software/amazon/awssdk/arns/2.26.11/arns-2.26.11.jar:/home/runner/.m2/repository/software/amazon/awssdk/profiles/2.26.11/profiles-2.26.11.jar:/home/runner/.m2/repository/software/amazon/awssdk/crt-core/2.26.11/crt-core-2.26.11.jar:/home/runner/.m2/repository/software/amazon/awssdk/http-auth/2.26.11/http-auth-2.26.11.jar:/home/runner/.m2/repository/software/amazon/awssdk/identity-spi/2.26.11/identity-spi-2.26.11.jar:/home/runner/.m2/repository/software/amazon/awssdk/http-auth-spi/2.26.11/http-auth-spi-2.26.11.jar:/home/runner/.m2/repository/org/reactivestreams/reactive-streams/1.0.4/reactive-streams-1.0.4.jar:/home/runner/.m2/repository/software/amazon/awssdk/http-auth-aws/2.26.11/http-auth-aws-2.26.11.jar:/home/runner/.m2/repository/software/amazon/awssdk/checksums/2.26.11/checksums-2.26.11.jar:/home/runner/.m2/repository/software/amazon/awssdk/checksums-spi/2.26.11/checksums-spi-2.26.11.jar:/home/runner/.m2/repository/software/amazon/awssdk/retries-spi/2.26.11/retries-spi-2.26.11.jar:/home/runner/.m2/repository/software/amazon/awssdk/sdk-core/2.26.11/sdk-core-2.26.11.jar:/home/runner/.m2/repository/software/amazon/awssdk/retries/2.26.11/retries-2.26.11.jar:/home/runner/.m2/repository/software/amazon/awssdk/auth/2.26.11/auth-2.26.11.jar:/home/runner/.m2/repository/software/amazon/eventstream/eventstream/1.0.1/eventstream-1.0.1.jar:/home/runner/.m2/repository/software/amazon/awssdk/http-client-spi/2.26.11/http-client-spi-2.26.11.jar:/home/runner/.m2/repository/software/amazon/awssdk/regions/2.26.11/regions-2.26.11.jar:/home/runner/.m2/repository/software/amazon/awssdk/annotations/2.26.11/annotations-2.26.11.jar:/home/runner/.m2/repository/software/amazon/awssdk/utils/2.26.11/utils-2.26.11.jar:/home/runner/.m2/repository/software/amazon/awssdk/aws-core/2.26.11/aws-core-2.26.11.jar:/home/runner/.m2/repository/software/amazon/awssdk/metrics-spi/2.26.11/metrics-spi-2.26.11.jar:/home/runner/.m2/repository/software/amazon/awssdk/json-utils/2.26.11/json-utils-2.26.11.jar:/home/runner/.m2/repository/software/amazon/awssdk/third-party-jackson-core/2.26.11/third-party-jackson-core-2.26.11.jar:/home/runner/.m2/repository/software/amazon/awssdk/endpoints-spi/2.26.11/endpoints-spi-2.26.11.jar:/home/runner/.m2/repository/software/amazon/awssdk/apache-client/2.26.11/apache-client-2.26.11.jar:/home/runner/.m2/repository/org/apache/httpcomponents/httpclient/4.5.13/httpclient-4.5.13.jar:/home/runner/.m2/repository/commons-logging/commons-logging/1.2/commons-logging-1.2.jar:/home/runner/.m2/repository/org/apache/httpcomponents/httpcore/4.4.16/httpcore-4.4.16.jar:/home/runner/.m2/repository/commons-codec/commons-codec/1.18.0/commons-codec-1.18.0.jar:/home/runner/.m2/repository/software/amazon/awssdk/netty-nio-client/2.26.11/netty-nio-client-2.26.11.jar:/home/runner/.m2/repository/io/netty/netty-codec-http/4.1.121.Final/netty-codec-http-4.1.121.Final.jar:/home/runner/.m2/repository/io/netty/netty-codec-http2/4.1.121.Final/netty-codec-http2-4.1.121.Final.jar:/home/runner/.m2/repository/io/netty/netty-codec/4.1.121.Final/netty-codec-4.1.121.Final.jar:/home/runner/.m2/repository/io/netty/netty-transport/4.1.121.Final/netty-transport-4.1.121.Final.jar:/home/runner/.m2/repository/io/netty/netty-common/4.1.121.Final/netty-common-4.1.121.Final.jar:/home/runner/.m2/repository/io/netty/netty-buffer/4.1.121.Final/netty-buffer-4.1.121.Final.jar:/home/runner/.m2/repository/io/netty/netty-handler/4.1.121.Final/netty-handler-4.1.121.Final.jar:/home/runner/.m2/repository/io/netty/netty-transport-native-unix-common/4.1.121.Final/netty-transport-native-unix-common-4.1.121.Final.jar:/home/runner/.m2/repository/io/netty/netty-transport-classes-epoll/4.1.121.Final/netty-transport-classes-epoll-4.1.121.Final.jar:/home/runner/.m2/repository/io/netty/netty-resolver/4.1.121.Final/netty-resolver-4.1.121.Final.jar:/home/runner/.m2/repository/org/modelmapper/modelmapper/2.3.9/modelmapper-2.3.9.jar:/home/runner/.m2/repository/jakarta/validation/jakarta.validation-api/3.0.2/jakarta.validation-api-3.0.2.jar:/home/runner/.m2/repository/org/hibernate/validator/hibernate-validator/8.0.2.Final/hibernate-validator-8.0.2.Final.jar:/home/runner/.m2/repository/org/jboss/logging/jboss-logging/3.6.1.Final/jboss-logging-3.6.1.Final.jar:/home/runner/.m2/repository/com/fasterxml/classmate/1.7.0/classmate-1.7.0.jar:/home/runner/.m2/repository/org/springframework/graphql/spring-graphql/1.4.0/spring-graphql-1.4.0.jar:/home/runner/.m2/repository/com/graphql-java/graphql-java/24.0/graphql-java-24.0.jar:/home/runner/.m2/repository/com/graphql-java/java-dataloader/5.0.0/java-dataloader-5.0.0.jar:/home/runner/.m2/repository/org/jspecify/jspecify/1.0.0/jspecify-1.0.0.jar:/home/runner/.m2/repository/io/projectreactor/reactor-core/3.7.6/reactor-core-3.7.6.jar:/home/runner/.m2/repository/org/springframework/spring-context/6.2.7/spring-context-6.2.7.jar:/home/runner/.m2/repository/io/micrometer/context-propagation/1.1.3/context-propagation-1.1.3.jar:/home/runner/.m2/repository/org/springframework/boot/spring-boot-starter-aop/3.5.0/spring-boot-starter-aop-3.5.0.jar:/home/runner/.m2/repository/org/aspectj/aspectjweaver/1.9.24/aspectjweaver-1.9.24.jar:/home/runner/.m2/repository/org/springdoc/springdoc-openapi-starter-webmvc-ui/2.2.0/springdoc-openapi-starter-webmvc-ui-2.2.0.jar:/home/runner/.m2/repository/org/springdoc/springdoc-openapi-starter-webmvc-api/2.2.0/springdoc-openapi-starter-webmvc-api-2.2.0.jar:/home/runner/.m2/repository/org/springdoc/springdoc-openapi-starter-common/2.2.0/springdoc-openapi-starter-common-2.2.0.jar:/home/runner/.m2/repository/io/swagger/core/v3/swagger-core-jakarta/2.2.15/swagger-core-jakarta-2.2.15.jar:/home/runner/.m2/repository/org/apache/commons/commons-lang3/3.17.0/commons-lang3-3.17.0.jar:/home/runner/.m2/repository/io/swagger/core/v3/swagger-annotations-jakarta/2.2.15/swagger-annotations-jakarta-2.2.15.jar:/home/runner/.m2/repository/io/swagger/core/v3/swagger-models-jakarta/2.2.15/swagger-models-jakarta-2.2.15.jar:/home/runner/.m2/repository/com/fasterxml/jackson/dataformat/jackson-dataformat-yaml/2.19.0/jackson-dataformat-yaml-2.19.0.jar:/home/runner/.m2/repository/org/webjars/swagger-ui/5.2.0/swagger-ui-5.2.0.jar:/home/runner/.m2/repository/org/springframework/boot/spring-boot-starter-websocket/3.5.0/spring-boot-starter-websocket-3.5.0.jar:/home/runner/.m2/repository/org/springframework/spring-messaging/6.2.7/spring-messaging-6.2.7.jar:/home/runner/.m2/repository/org/springframework/spring-websocket/6.2.7/spring-websocket-6.2.7.jar:/home/runner/.m2/repository/org/thymeleaf/thymeleaf/3.1.3.RELEASE/thymeleaf-3.1.3.RELEASE.jar:/home/runner/.m2/repository/ognl/ognl/3.3.4/ognl-3.3.4.jar:/home/runner/.m2/repository/org/javassist/javassist/3.29.0-GA/javassist-3.29.0-GA.jar:/home/runner/.m2/repository/org/attoparser/attoparser/2.0.7.RELEASE/attoparser-2.0.7.RELEASE.jar:/home/runner/.m2/repository/org/unbescape/unbescape/1.1.6.RELEASE/unbescape-1.1.6.RELEASE.jar:/home/runner/.m2/repository/org/slf4j/slf4j-api/2.0.17/slf4j-api-2.0.17.jar:/home/runner/.m2/repository/org/thymeleaf/thymeleaf-spring6/3.1.3.RELEASE/thymeleaf-spring6-3.1.3.RELEASE.jar:/home/runner/.m2/repository/com/google/guava/guava/33.3.1-jre/guava-33.3.1-jre.jar:/home/runner/.m2/repository/com/google/guava/failureaccess/1.0.2/failureaccess-1.0.2.jar:/home/runner/.m2/repository/com/google/guava/listenablefuture/9999.0-empty-to-avoid-conflict-with-guava/listenablefuture-9999.0-empty-to-avoid-conflict-with-guava.jar:/home/runner/.m2/repository/com/google/code/findbugs/jsr305/3.0.2/jsr305-3.0.2.jar:/home/runner/.m2/repository/com/google/errorprone/error_prone_annotations/2.28.0/error_prone_annotations-2.28.0.jar:/home/runner/.m2/repository/com/google/j2objc/j2objc-annotations/3.0.0/j2objc-annotations-3.0.0.jar:/home/runner/.m2/repository/commons-io/commons-io/2.17.0/commons-io-2.17.0.jar:/home/runner/.m2/repository/org/springframework/boot/spring-boot-starter-test/3.5.0/spring-boot-starter-test-3.5.0.jar:/home/runner/.m2/repository/org/springframework/boot/spring-boot-test/3.5.0/spring-boot-test-3.5.0.jar:/home/runner/.m2/repository/org/springframework/boot/spring-boot-test-autoconfigure/3.5.0/spring-boot-test-autoconfigure-3.5.0.jar:/home/runner/.m2/repository/com/jayway/jsonpath/json-path/2.9.0/json-path-2.9.0.jar:/home/runner/.m2/repository/jakarta/xml/bind/jakarta.xml.bind-api/4.0.2/jakarta.xml.bind-api-4.0.2.jar:/home/runner/.m2/repository/net/minidev/json-smart/2.5.2/json-smart-2.5.2.jar:/home/runner/.m2/repository/net/minidev/accessors-smart/2.5.2/accessors-smart-2.5.2.jar:/home/runner/.m2/repository/org/ow2/asm/asm/9.7.1/asm-9.7.1.jar:/home/runner/.m2/repository/org/assertj/assertj-core/3.27.3/assertj-core-3.27.3.jar:/home/runner/.m2/repository/org/awaitility/awaitility/4.3.0/awaitility-4.3.0.jar:/home/runner/.m2/repository/org/hamcrest/hamcrest/3.0/hamcrest-3.0.jar:/home/runner/.m2/repository/org/junit/jupiter/junit-jupiter/5.12.2/junit-jupiter-5.12.2.jar:/home/runner/.m2/repository/org/junit/jupiter/junit-jupiter-api/5.12.2/junit-jupiter-api-5.12.2.jar:/home/runner/.m2/repository/org/opentest4j/opentest4j/1.3.0/opentest4j-1.3.0.jar:/home/runner/.m2/repository/org/junit/platform/junit-platform-commons/1.12.2/junit-platform-commons-1.12.2.jar:/home/runner/.m2/repository/org/apiguardian/apiguardian-api/1.1.2/apiguardian-api-1.1.2.jar:/home/runner/.m2/repository/org/junit/jupiter/junit-jupiter-params/5.12.2/junit-jupiter-params-5.12.2.jar:/home/runner/.m2/repository/org/junit/jupiter/junit-jupiter-engine/5.12.2/junit-jupiter-engine-5.12.2.jar:/home/runner/.m2/repository/org/junit/platform/junit-platform-engine/1.12.2/junit-platform-engine-1.12.2.jar:/home/runner/.m2/repository/org/mockito/mockito-core/5.17.0/mockito-core-5.17.0.jar:/home/runner/.m2/repository/net/bytebuddy/byte-buddy-agent/1.17.5/byte-buddy-agent-1.17.5.jar:/home/runner/.m2/repository/org/objenesis/objenesis/3.3/objenesis-3.3.jar:/home/runner/.m2/repository/org/mockito/mockito-junit-jupiter/5.17.0/mockito-junit-jupiter-5.17.0.jar:/home/runner/.m2/repository/org/skyscreamer/jsonassert/1.5.3/jsonassert-1.5.3.jar:/home/runner/.m2/repository/com/vaadin/external/google/android-json/0.0.20131108.vaadin1/android-json-0.0.20131108.vaadin1.jar:/home/runner/.m2/repository/org/springframework/spring-test/6.2.7/spring-test-6.2.7.jar:/home/runner/.m2/repository/org/xmlunit/xmlunit-core/2.10.1/xmlunit-core-2.10.1.jar:/home/runner/.m2/repository/org/springframework/security/spring-security-test/6.5.0/spring-security-test-6.5.0.jar:/home/runner/.m2/repository/org/springframework/boot/spring-boot-starter-actuator/3.5.0/spring-boot-starter-actuator-3.5.0.jar:/home/runner/.m2/repository/org/springframework/boot/spring-boot-actuator-autoconfigure/3.5.0/spring-boot-actuator-autoconfigure-3.5.0.jar:/home/runner/.m2/repository/org/springframework/boot/spring-boot-actuator/3.5.0/spring-boot-actuator-3.5.0.jar:/home/runner/.m2/repository/io/micrometer/micrometer-observation/1.15.0/micrometer-observation-1.15.0.jar:/home/runner/.m2/repository/io/micrometer/micrometer-commons/1.15.0/micrometer-commons-1.15.0.jar:/home/runner/.m2/repository/io/micrometer/micrometer-jakarta9/1.15.0/micrometer-jakarta9-1.15.0.jar:/home/runner/.m2/repository/io/micrometer/micrometer-core/1.15.0/micrometer-core-1.15.0.jar:/home/runner/.m2/repository/org/hdrhistogram/HdrHistogram/2.2.2/HdrHistogram-2.2.2.jar:/home/runner/.m2/repository/org/latencyutils/LatencyUtils/2.0.3/LatencyUtils-2.0.3.jar:/home/runner/.m2/repository/ch/qos/logback/logback-core/1.5.18/logback-core-1.5.18.jar:/home/runner/.m2/repository/ch/qos/logback/logback-classic/1.5.18/logback-classic-1.5.18.jar:"/>
    <property name="sun.cpu.endian" value="little"/>
    <property name="user.home" value="/home/runner"/>
    <property name="user.language" value="en"/>
    <property name="java.specification.vendor" value="Oracle Corporation"/>
    <property name="java.version.date" value="2025-04-15"/>
    <property name="java.home" value="/usr/lib/jvm/temurin-17-jdk-amd64"/>
    <property name="file.separator" value="/"/>
    <property name="basedir" value="/home/runner/work/desofs2025_wed_nap_1/desofs2025_wed_nap_1"/>
    <property name="java.vm.compressedOopsMode" value="Zero based"/>
    <property name="line.separator" value="&#10;"/>
    <property name="java.vm.specification.vendor" value="Oracle Corporation"/>
    <property name="java.specification.name" value="Java Platform API Specification"/>
    <property name="FILE_LOG_CHARSET" value="UTF-8"/>
    <property name="java.awt.headless" value="true"/>
    <property name="surefire.real.class.path" value="/home/runner/work/desofs2025_wed_nap_1/desofs2025_wed_nap_1/target/surefire/surefirebooter9819965357097292805.jar"/>
    <property name="polyglot.engine.WarnInterpreterOnly" value="false"/>
    <property name="sun.management.compiler" value="HotSpot 64-Bit Tiered Compilers"/>
    <property name="java.runtime.version" value="17.0.15+6"/>
    <property name="user.name" value="runner"/>
    <property name="path.separator" value=":"/>
    <property name="os.version" value="6.11.0-1015-azure"/>
    <property name="java.runtime.name" value="OpenJDK Runtime Environment"/>
    <property name="file.encoding" value="UTF-8"/>
    <property name="java.vm.name" value="OpenJDK 64-Bit Server VM"/>
    <property name="java.vendor.version" value="Temurin-17.0.15+6"/>
    <property name="localRepository" value="/home/runner/.m2/repository"/>
    <property name="java.vendor.url.bug" value="https://github.com/adoptium/adoptium-support/issues"/>
    <property name="java.io.tmpdir" value="/tmp"/>
    <property name="com.zaxxer.hikari.pool_number" value="1"/>
    <property name="java.version" value="17.0.15"/>
    <property name="user.dir" value="/home/runner/work/desofs2025_wed_nap_1/desofs2025_wed_nap_1"/>
    <property name="os.arch" value="amd64"/>
    <property name="java.vm.specification.name" value="Java Virtual Machine Specification"/>
    <property name="PID" value="2930"/>
    <property name="CONSOLE_LOG_CHARSET" value="UTF-8"/>
    <property name="native.encoding" value="UTF-8"/>
    <property name="java.library.path" value="/usr/java/packages/lib:/usr/lib64:/lib64:/lib:/usr/lib"/>
    <property name="java.vm.info" value="mixed mode, sharing"/>
    <property name="java.vendor" value="Eclipse Adoptium"/>
    <property name="java.vm.version" value="17.0.15+6"/>
    <property name="java.specification.maintenance.version" value="1"/>
    <property name="sun.io.unicode.encoding" value="UnicodeLittle"/>
    <property name="java.class.version" value="61.0"/>
  </properties>
  <testcase name="updateUserInfo_ShouldInputFieldsAreEmpty" classname="com.gmail.merikbest2015.ecommerce.controller.UserControllerTest" time="0.048">
    <system-out><![CDATA[2025-06-16T21:21:59.814Z DEBUG 2930 --- [           main] .b.t.c.SpringBootTestContextBootstrapper : Neither @ContextConfiguration nor @ContextHierarchy found for test class [UserControllerTest]: using SpringBootContextLoader
2025-06-16T21:21:59.815Z DEBUG 2930 --- [           main] o.s.t.c.support.AbstractContextLoader    : Could not detect default resource locations for test class [com.gmail.merikbest2015.ecommerce.controller.UserControllerTest]: no resource found for suffixes {-context.xml, Context.groovy}.
2025-06-16T21:21:59.815Z  INFO 2930 --- [           main] t.c.s.AnnotationConfigContextLoaderUtils : Could not detect default configuration classes for test class [com.gmail.merikbest2015.ecommerce.controller.UserControllerTest]: UserControllerTest does not declare any static, non-private, non-final, nested classes annotated with @Configuration.
2025-06-16T21:21:59.815Z DEBUG 2930 --- [           main] .b.t.c.SpringBootTestContextBootstrapper : Using ContextCustomizerFactory implementations for test class [UserControllerTest]: [ImportsContextCustomizerFactory, ExcludeFilterContextCustomizerFactory, HttpGraphQlTesterContextCustomizerFactory, DuplicateJsonObjectContextCustomizerFactory, MockitoContextCustomizerFactory, TestRestTemplateContextCustomizerFactory, WebTestClientContextCustomizerFactory, DisableReactorResourceFactoryGlobalResourcesContextCustomizerFactory, OnFailureConditionReportContextCustomizerFactory, OverrideAutoConfigurationContextCustomizerFactory, ObservabilityContextCustomizerFactory, TypeExcludeFiltersContextCustomizerFactory, PropertyMappingContextCustomizerFactory, WebDriverContextCustomizerFactory, BeanOverrideContextCustomizerFactory, MockServerContainerContextCustomizerFactory, DynamicPropertiesContextCustomizerFactory]
2025-06-16T21:21:59.817Z DEBUG 2930 --- [           main] .b.t.c.SpringBootTestContextBootstrapper : Using ContextCustomizers for test class [UserControllerTest]: [ImportsContextCustomizer, ExcludeFilterContextCustomizer, DuplicateJsonObjectContextCustomizer, MockitoContextCustomizer, TestRestTemplateContextCustomizer, DisableReactorResourceFactoryGlobalResourcesContextCustomizerCustomizer, OnFailureConditionReportContextCustomizer, DisableObservabilityContextCustomizer, PropertyMappingContextCustomizer, WebDriverContextCustomizer, DynamicPropertiesContextCustomizer]
2025-06-16T21:21:59.818Z  INFO 2930 --- [           main] .b.t.c.SpringBootTestContextBootstrapper : Found @SpringBootConfiguration com.gmail.merikbest2015.ecommerce.EcommerceApplication for test class com.gmail.merikbest2015.ecommerce.controller.UserControllerTest
2025-06-16T21:21:59.819Z DEBUG 2930 --- [           main] .b.t.c.SpringBootTestContextBootstrapper : Using TestExecutionListeners for test class [UserControllerTest]: [ServletTestExecutionListener, DirtiesContextBeforeModesTestExecutionListener, ApplicationEventsTestExecutionListener, MockitoTestExecutionListener, BeanOverrideTestExecutionListener, DependencyInjectionTestExecutionListener, MicrometerObservationRegistryTestExecutionListener, DirtiesContextTestExecutionListener, CommonCachesTestExecutionListener, TransactionalTestExecutionListener, SqlScriptsTestExecutionListener, EventPublishingTestExecutionListener, WithSecurityContextTestExecutionListener, ReactorContextTestExecutionListener, ResetMocksTestExecutionListener, RestDocsTestExecutionListener, MockRestServiceServerResetTestExecutionListener, MockMvcPrintOnlyOnFailureTestExecutionListener, WebDriverTestExecutionListener, MockWebServiceServerTestExecutionListener, MockitoResetTestExecutionListener]
2025-06-16T21:21:59.819Z DEBUG 2930 --- [           main] sContextBeforeModesTestExecutionListener : Before test class: class [UserControllerTest], class annotated with @DirtiesContext [false] with mode [null]
2025-06-16T21:21:59.819Z DEBUG 2930 --- [           main] org.springframework.test.context.cache   : Spring test ApplicationContext cache statistics: [DefaultContextCache@6f416866 size = 1, maxSize = 32, parentContextCount = 0, hitCount = 721, missCount = 1, failureCount = 0]
2025-06-16T21:21:59.819Z DEBUG 2930 --- [           main] org.springframework.test.context.cache   : Spring test ApplicationContext cache statistics: [DefaultContextCache@6f416866 size = 1, maxSize = 32, parentContextCount = 0, hitCount = 722, missCount = 1, failureCount = 0]
2025-06-16T21:21:59.819Z DEBUG 2930 --- [           main] o.s.t.c.w.ServletTestExecutionListener   : Setting up MockHttpServletRequest, MockHttpServletResponse, ServletWebRequest, and RequestContextHolder for test class com.gmail.merikbest2015.ecommerce.controller.UserControllerTest
2025-06-16T21:21:59.822Z DEBUG 2930 --- [           main] DependencyInjectionTestExecutionListener : Performing dependency injection for test class com.gmail.merikbest2015.ecommerce.controller.UserControllerTest
2025-06-16T21:21:59.822Z DEBUG 2930 --- [           main] org.springframework.test.context.cache   : Spring test ApplicationContext cache statistics: [DefaultContextCache@6f416866 size = 1, maxSize = 32, parentContextCount = 0, hitCount = 723, missCount = 1, failureCount = 0]
2025-06-16T21:21:59.823Z DEBUG 2930 --- [           main] org.springframework.test.context.cache   : Spring test ApplicationContext cache statistics: [DefaultContextCache@6f416866 size = 1, maxSize = 32, parentContextCount = 0, hitCount = 724, missCount = 1, failureCount = 0]
2025-06-16T21:21:59.823Z DEBUG 2930 --- [           main] sContextBeforeModesTestExecutionListener : Before test method: class [UserControllerTest], method [updateUserInfo_ShouldInputFieldsAreEmpty], class annotated with @DirtiesContext [false] with mode [null], method annotated with @DirtiesContext [false] with mode [null]
2025-06-16T21:21:59.823Z DEBUG 2930 --- [           main] org.springframework.test.context.cache   : Spring test ApplicationContext cache statistics: [DefaultContextCache@6f416866 size = 1, maxSize = 32, parentContextCount = 0, hitCount = 725, missCount = 1, failureCount = 0]
2025-06-16T21:21:59.823Z DEBUG 2930 --- [           main] ObservationRegistryTestExecutionListener : Registering ObservationRegistry from ApplicationContext in ObservationThreadLocalAccessor for test class com.gmail.merikbest2015.ecommerce.controller.UserControllerTest
2025-06-16T21:21:59.824Z DEBUG 2930 --- [           main] .s.t.c.j.SqlScriptsTestExecutionListener : Processing merged @SqlConfig attributes for execution phase [BEFORE_TEST_METHOD] and test class [com.gmail.merikbest2015.ecommerce.controller.UserControllerTest]
2025-06-16T21:21:59.824Z DEBUG 2930 --- [           main] org.springframework.test.context.cache   : Spring test ApplicationContext cache statistics: [DefaultContextCache@6f416866 size = 1, maxSize = 32, parentContextCount = 0, hitCount = 726, missCount = 1, failureCount = 0]
2025-06-16T21:21:59.824Z DEBUG 2930 --- [           main] .s.t.c.j.SqlScriptsTestExecutionListener : Executing SQL scripts: [class path resource [sql/create-user-before.sql], class path resource [sql/create-perfumes-before.sql]]
2025-06-16T21:21:59.824Z DEBUG 2930 --- [           main] org.springframework.test.context.cache   : Spring test ApplicationContext cache statistics: [DefaultContextCache@6f416866 size = 1, maxSize = 32, parentContextCount = 0, hitCount = 727, missCount = 1, failureCount = 0]
2025-06-16T21:21:59.824Z DEBUG 2930 --- [           main] org.springframework.test.context.cache   : Spring test ApplicationContext cache statistics: [DefaultContextCache@6f416866 size = 1, maxSize = 32, parentContextCount = 0, hitCount = 728, missCount = 1, failureCount = 0]
2025-06-16T21:21:59.824Z DEBUG 2930 --- [           main] o.s.orm.jpa.JpaTransactionManager        : Creating new transaction with name [com.gmail.merikbest2015.ecommerce.controller.UserControllerTest]: PROPAGATION_REQUIRED,ISOLATION_DEFAULT
2025-06-16T21:21:59.824Z DEBUG 2930 --- [           main] o.s.orm.jpa.JpaTransactionManager        : Opened new EntityManager [SessionImpl(1200009696<open>)] for JPA transaction
2025-06-16T21:21:59.824Z DEBUG 2930 --- [           main] o.s.orm.jpa.JpaTransactionManager        : Exposing JPA transaction as JDBC [org.springframework.orm.jpa.vendor.HibernateJpaDialect$HibernateConnectionHandle@7cc788aa]
2025-06-16T21:21:59.824Z DEBUG 2930 --- [           main] o.s.jdbc.datasource.init.ScriptUtils     : Executing SQL script from class path resource [sql/create-user-before.sql]
2025-06-16T21:21:59.826Z DEBUG 2930 --- [           main] o.s.jdbc.datasource.init.ScriptUtils     : 1 returned as update count for SQL: insert into users(id, email, first_name, last_name, city, address, phone_number, post_index, activation_code, active, password, password_reset_code, provider) values(1, 'admin@gmail.com', 'Admin', 'Admin', null, null, null, null, null, true, '$2a$08$kS2f5m8eYoNpc.ZECzndGuXiqaWmCaFfOGMQquodP48qrD7.cQG4y', null, 'LOCAL')
2025-06-16T21:21:59.826Z DEBUG 2930 --- [           main] o.s.jdbc.datasource.init.ScriptUtils     : 1 returned as update count for SQL: insert into users(id, email, first_name, last_name, city, address, phone_number, post_index, activation_code, active, password, password_reset_code, provider) values(122, 'test123@test.com', 'John', 'Doe', 'New York', 'Wall Street 1', '1234567890', '1234567890', null, true, '$2a$08$kS2f5m8eYoNpc.ZECzndGuXiqaWmCaFfOGMQquodP48qrD7.cQG4y', null, 'LOCAL')
2025-06-16T21:21:59.827Z DEBUG 2930 --- [           main] o.s.jdbc.datasource.init.ScriptUtils     : 1 returned as update count for SQL: insert into users(id, email, first_name, last_name, city, address, phone_number, post_index, activation_code, active, password, password_reset_code, provider) values (126, 'helloworld@test.com', 'John2', 'Doe2', 'New York', 'Wall Street1', '1234567890', '1234567890','8e97dc37-2cf5-47e2-98e0',false,'$2a$08$kS2f5m8eYoNpc.ZECzndGuXiqaWmCaFfOGMQquodP48qrD7.cQG4y','3f9bcdb0-2241-4c34-803e-598b497d571f', 'LOCAL')
2025-06-16T21:21:59.829Z DEBUG 2930 --- [           main] o.s.jdbc.datasource.init.ScriptUtils     : 1 returned as update count for SQL: insert into user_role (user_id, roles) values (1, 'ADMIN')
2025-06-16T21:21:59.830Z DEBUG 2930 --- [           main] o.s.jdbc.datasource.init.ScriptUtils     : 1 returned as update count for SQL: insert into user_role (user_id, roles) values (122, 'USER')
2025-06-16T21:21:59.830Z DEBUG 2930 --- [           main] o.s.jdbc.datasource.init.ScriptUtils     : 1 returned as update count for SQL: insert into user_role (user_id, roles) values (126, 'USER')
2025-06-16T21:21:59.830Z DEBUG 2930 --- [           main] o.s.jdbc.datasource.init.ScriptUtils     : Executed SQL script from class path resource [sql/create-user-before.sql] in 6 ms.
2025-06-16T21:21:59.830Z DEBUG 2930 --- [           main] o.s.jdbc.datasource.init.ScriptUtils     : Executing SQL script from class path resource [sql/create-perfumes-before.sql]
2025-06-16T21:21:59.831Z DEBUG 2930 --- [           main] o.s.jdbc.datasource.init.ScriptUtils     : 1 returned as update count for SQL: INSERT INTO perfume (id, country, description, filename, fragrance_base_notes, fragrance_middle_notes, fragrance_top_notes, perfume_gender, perfume_title, perfumer, price, type, volume, year, perfume_rating) VALUES (1, 'Germany', null, 'https://perfumeswebstorage.s3.eu-central-1.amazonaws.com/4735a4c8-e1fc-43ce-8ff9-0bd28d00ce20.Hugo Boss Boss Bottled Night.jpg', 'Salmwood, Musky notes, Sandalwood', 'Cardamom, Jasmine, African violet', 'Birch leaf, Lavender', 'male', 'Boss Bottled Night', 'Hugo Boss', 35, 'Eau de Toilette', '100', 20100, 0)
2025-06-16T21:21:59.831Z DEBUG 2930 --- [           main] o.s.jdbc.datasource.init.ScriptUtils     : 1 returned as update count for SQL: INSERT INTO perfume (id, country, description, filename, fragrance_base_notes, fragrance_middle_notes, fragrance_top_notes, perfume_gender, perfume_title, perfumer, price, type, volume, year, perfume_rating) VALUES (2, 'Germany', null, 'https://perfumeswebstorage.s3.eu-central-1.amazonaws.com/17d6f8a1-aa84-4823-bd18-ccb0fdbe7fe9.Hugo Boss Hugo Man.jpg', 'Moss, Sandalwood, Fir balsam', 'Carnation, Geranium leaf, Jasmine', 'Basil, Grapefruit, Green apple, Mint', 'male', 'Hugo Man', 'Hugo Boss', 21, 'Eau de Toilette', '75', 19950, 0)
2025-06-16T21:21:59.832Z DEBUG 2930 --- [           main] o.s.jdbc.datasource.init.ScriptUtils     : 1 returned as update count for SQL: INSERT INTO perfume (id, country, description, filename, fragrance_base_notes, fragrance_middle_notes, fragrance_top_notes, perfume_gender, perfume_title, perfumer, price, type, volume, year, perfume_rating) VALUES (3, 'Germany', null, 'https://perfumeswebstorage.s3.eu-central-1.amazonaws.com/ba9272ca-20af-4e41-89b7-24018be4acb1.Hugo Boss The Scent.jpg', 'Leather', 'Maninka fruit, Lavender', 'Ginger', 'male', 'The Scent', 'Hugo Boss', 45, 'Eau de Toilette', '100', 20150, 0)
2025-06-16T21:21:59.832Z DEBUG 2930 --- [           main] o.s.jdbc.datasource.init.ScriptUtils     : 1 returned as update count for SQL: INSERT INTO perfume (id, country, description, filename, fragrance_base_notes, fragrance_middle_notes, fragrance_top_notes, perfume_gender, perfume_title, perfumer, price, type, volume, year, perfume_rating) VALUES (4, 'Germany', null, 'https://perfumeswebstorage.s3.eu-central-1.amazonaws.com/540f8e7d-2259-4a20-becf-4ed5cfc2912e.Hugo Boss Boss Woman.jpg', 'Sandalwood, Cedar', 'Freesia, Violet root', 'Mandarin orange, Mango', 'female', 'Boss Woman', 'Hugo Boss', 26, 'Eau de parfum', '90', 20000, 0)
2025-06-16T21:21:59.832Z DEBUG 2930 --- [           main] o.s.jdbc.datasource.init.ScriptUtils     : 1 returned as update count for SQL: INSERT INTO perfume (id, country, description, filename, fragrance_base_notes, fragrance_middle_notes, fragrance_top_notes, perfume_gender, perfume_title, perfumer, price, type, volume, year, perfume_rating) VALUES (5, 'Germany', null, 'https://perfumeswebstorage.s3.eu-central-1.amazonaws.com/1fb6dd1b-a134-4e6f-8215-60d465d33d72.Hugo Boss Hugo Deep Red.jpg', 'Musk, Sandalwood, Vanilla', 'Freesia, Hibiscus, Ginger', 'Pear, Blood orange, Clementine', 'female', 'Deep Red', 'Hugo Boss', 27, 'Eau de parfum', '90', 20010, 0)
2025-06-16T21:21:59.833Z DEBUG 2930 --- [           main] o.s.jdbc.datasource.init.ScriptUtils     : 1 returned as update count for SQL: INSERT INTO perfume (id, country, description, filename, fragrance_base_notes, fragrance_middle_notes, fragrance_top_notes, perfume_gender, perfume_title, perfumer, price, type, volume, year, perfume_rating) VALUES (6, 'Germany', null, 'https://perfumeswebstorage.s3.eu-central-1.amazonaws.com/62e9bf9b-8fea-4eb2-9935-21e868e1b93d.Hugo Boss The Scent For Her.jpg', 'Roasted cocoa', 'Osmanthus', 'Peach, Freesia', 'female', 'The Scent For Her', 'Hugo Boss', 47, 'Eau de parfum', '100', 20160, 0)
2025-06-16T21:21:59.833Z DEBUG 2930 --- [           main] o.s.jdbc.datasource.init.ScriptUtils     : 1 returned as update count for SQL: INSERT INTO perfume (id, country, description, filename, fragrance_base_notes, fragrance_middle_notes, fragrance_top_notes, perfume_gender, perfume_title, perfumer, price, type, volume, year, perfume_rating) VALUES (26, 'Spain', null, 'https://perfumeswebstorage.s3.eu-central-1.amazonaws.com/6524de16-c086-49fe-a6e5-c9efc35f1a02.Carolina Herrera Bad Boy.jpg', 'Tonka bean, Cocoa absolute', 'Cedarwood, Sage', 'Black pepper, White pepper, Italian bergamot', 'male', 'Bad Boy', 'Carolina Herrera', 76, 'Eau de Toilette', '100', 20190, 0)
2025-06-16T21:21:59.833Z DEBUG 2930 --- [           main] o.s.jdbc.datasource.init.ScriptUtils     : 1 returned as update count for SQL: INSERT INTO perfume (id, country, description, filename, fragrance_base_notes, fragrance_middle_notes, fragrance_top_notes, perfume_gender, perfume_title, perfumer, price, type, volume, year, perfume_rating) VALUES (27, 'Spain', null, 'https://perfumeswebstorage.s3.eu-central-1.amazonaws.com/184c9da2-2445-4b01-87b8-b4f8b5f6ab8c.Carolina Herrera Good Girl.jpg', 'Roasted tonka bean, Cocoa, Sandalwood', 'Tuberose, Bulgarian rose, Jasmine sambac', 'Bergamot, Lemon', 'female', 'Good Girl', 'Carolina Herrera', 156, 'Eau de parfum', '150', 20160, 0)
2025-06-16T21:21:59.834Z DEBUG 2930 --- [           main] o.s.jdbc.datasource.init.ScriptUtils     : 1 returned as update count for SQL: INSERT INTO perfume (id, country, description, filename, fragrance_base_notes, fragrance_middle_notes, fragrance_top_notes, perfume_gender, perfume_title, perfumer, price, type, volume, year, perfume_rating) VALUES (28, 'France', null, 'https://perfumeswebstorage.s3.eu-central-1.amazonaws.com/e31f6d6c-e585-40a4-970c-f25322667924.Chanel Allure homme Sport.jpg', 'Amber, Musk, Tonka bean', 'Neroli, Pepper, Cedar', 'Aldehydes, Mandarin orange, Seawater', 'male', 'Allure homme Sport', 'Chanel', 85, 'Eau de Toilette', '100', 20040, 0)
2025-06-16T21:21:59.834Z DEBUG 2930 --- [           main] o.s.jdbc.datasource.init.ScriptUtils     : 1 returned as update count for SQL: INSERT INTO perfume (id, country, description, filename, fragrance_base_notes, fragrance_middle_notes, fragrance_top_notes, perfume_gender, perfume_title, perfumer, price, type, volume, year, perfume_rating) VALUES (29, 'France', null, 'https://perfumeswebstorage.s3.eu-central-1.amazonaws.com/ac6c7a11-97f8-44b1-9b10-f96997212dd4.Chanel Bleu de Chanel Eau de Parfum.jpg', 'Ginger, Sandalwood, Frankincense', 'Grapefruit, Labdanum, Cedar', 'Pink pepper, Vetiver, Citrus notes', 'male', 'Bleu de Chanel', 'Chanel', 88, 'Eau de parfum', '100', 20140, 0)
2025-06-16T21:21:59.834Z DEBUG 2930 --- [           main] o.s.jdbc.datasource.init.ScriptUtils     : 1 returned as update count for SQL: INSERT INTO perfume (id, country, description, filename, fragrance_base_notes, fragrance_middle_notes, fragrance_top_notes, perfume_gender, perfume_title, perfumer, price, type, volume, year, perfume_rating) VALUES (30, 'France', null, 'https://perfumeswebstorage.s3.eu-central-1.amazonaws.com/7049225c-03bb-45a7-ba6a-86274f8668b9.Chanel Egoiste Platinum.jpg', 'Amber, Oakmoss, Sandalwood', 'Galbanum, Geranium, Jasmine', 'Lavender, Neroli, Petitgrain', 'male', 'Egoiste Platinum', 'Chanel', 70, 'Eau de Toilette', '100', 19930, 0)
2025-06-16T21:21:59.835Z DEBUG 2930 --- [           main] o.s.jdbc.datasource.init.ScriptUtils     : 1 returned as update count for SQL: INSERT INTO perfume (id, country, description, filename, fragrance_base_notes, fragrance_middle_notes, fragrance_top_notes, perfume_gender, perfume_title, perfumer, price, type, volume, year, perfume_rating) VALUES (31, 'France', null, 'https://perfumeswebstorage.s3.eu-central-1.amazonaws.com/bcc4bb2a-907d-4531-9d7f-178c765c5ed3.Chanel Chance Eau Fraiche.jpg', 'Amber, Iris, Musk, Patchouli', 'Jasmine, Pink pepper, Water hyacinth', 'Cedar, Citrus fruits', 'female', 'Chance Eau Fraiche', 'Chanel', 90, 'Eau de Toilette', '100', 20070, 0)
2025-06-16T21:21:59.835Z DEBUG 2930 --- [           main] o.s.jdbc.datasource.init.ScriptUtils     : 1 returned as update count for SQL: INSERT INTO perfume (id, country, description, filename, fragrance_base_notes, fragrance_middle_notes, fragrance_top_notes, perfume_gender, perfume_title, perfumer, price, type, volume, year, perfume_rating) VALUES (32, 'France', null, 'https://perfumeswebstorage.s3.eu-central-1.amazonaws.com/2b5f80ca-e0f3-4e99-b5e4-11ccb9153b00.Chanel Gabrielle Essence.jpg', 'Sandalwood, Vanilla, White musk', 'Tuberose, Jasmine, Ylang-ylang', 'Citrus fruits, Red fruits', 'female', 'Gabrielle Essence', 'Chanel', 104, 'Eau de parfum', '100', 20190, 0)
2025-06-16T21:21:59.835Z DEBUG 2930 --- [           main] o.s.jdbc.datasource.init.ScriptUtils     : 1 returned as update count for SQL: INSERT INTO perfume (id, country, description, filename, fragrance_base_notes, fragrance_middle_notes, fragrance_top_notes, perfume_gender, perfume_title, perfumer, price, type, volume, year, perfume_rating) VALUES (33, 'France', null, 'https://perfumeswebstorage.s3.eu-central-1.amazonaws.com/4b51181b-5551-4321-b5e7-f7612584c9b2.Chanel N5.jpg', 'Amber, Sandalwood, Vanilla', 'Iris, Grasse jasmine', 'Aldehydes, Bergamot, Neroli', 'female', 'Chanel N5', 'Chanel', 192, 'Eau de parfum', '200', 19210, 0)
2025-06-16T21:21:59.835Z DEBUG 2930 --- [           main] o.s.jdbc.datasource.init.ScriptUtils     : 1 returned as update count for SQL: INSERT INTO perfume (id, country, description, filename, fragrance_base_notes, fragrance_middle_notes, fragrance_top_notes, perfume_gender, perfume_title, perfumer, price, type, volume, year, perfume_rating) VALUES (34, 'France', null, 'https://perfumeswebstorage.s3.eu-central-1.amazonaws.com/bdb203a9-0725-4ed4-a71a-db7eeb915fae.Creed Aventus.jpg', 'Ambergris, Oakmoss, Musk', 'Birch, Jasmine, Patchouli', 'Pineapple, Apple, Bergamot, Blackcurrant', 'male', 'Aventus', 'Creed', 152, 'Eau de parfum', '100', 20100, 0)
2025-06-16T21:21:59.836Z DEBUG 2930 --- [           main] o.s.jdbc.datasource.init.ScriptUtils     : 1 returned as update count for SQL: INSERT INTO perfume (id, country, description, filename, fragrance_base_notes, fragrance_middle_notes, fragrance_top_notes, perfume_gender, perfume_title, perfumer, price, type, volume, year, perfume_rating) VALUES (35, 'France', null, 'https://perfumeswebstorage.s3.eu-central-1.amazonaws.com/162cfbe2-2dc2-4271-8a63-23981a7e3cc4.Creed Bois du Portugal.jpg', 'Sandalwood, Vetiver, Ambergris', 'Cedarwood', 'Bergamot, Lavender', 'male', 'Bois du Portugal', 'Creed', 110, 'Eau de parfum', '100', 19870, 0)
2025-06-16T21:21:59.836Z DEBUG 2930 --- [           main] o.s.jdbc.datasource.init.ScriptUtils     : 1 returned as update count for SQL: INSERT INTO perfume (id, country, description, filename, fragrance_base_notes, fragrance_middle_notes, fragrance_top_notes, perfume_gender, perfume_title, perfumer, price, type, volume, year, perfume_rating) VALUES (36, 'France', null, 'https://perfumeswebstorage.s3.eu-central-1.amazonaws.com/1d428b77-0ffd-449f-bcaa-04a094b51de7.Creed Original Vetiver.jpg', 'Ambergris, Sandalwood, Musk, Vetiver', 'White pepper, Coriander, Pink pepper', 'Bergamot, Bitter orange, Mandarin orange', 'male', 'Original Vetiver', 'Creed', 97, 'Eau de parfum', '100', 20040, 0)
2025-06-16T21:21:59.836Z DEBUG 2930 --- [           main] o.s.jdbc.datasource.init.ScriptUtils     : 1 returned as update count for SQL: INSERT INTO perfume (id, country, description, filename, fragrance_base_notes, fragrance_middle_notes, fragrance_top_notes, perfume_gender, perfume_title, perfumer, price, type, volume, year, perfume_rating) VALUES (37, 'France', null, 'https://perfumeswebstorage.s3.eu-central-1.amazonaws.com/5fd3de8e-1022-47a2-ae58-a089a65bd90c.Creed Acqua Fiorentina.jpg', 'Grapefruit, Sandalwood, Cedar', 'Bergamot, Pear, Rose', 'Apple, Prune, Greengage plum', 'female', 'Acqua Fiorentina', 'Creed', 100, 'Eau de parfum', '75', 20090, 0)
2025-06-16T21:21:59.837Z DEBUG 2930 --- [           main] o.s.jdbc.datasource.init.ScriptUtils     : 1 returned as update count for SQL: INSERT INTO perfume (id, country, description, filename, fragrance_base_notes, fragrance_middle_notes, fragrance_top_notes, perfume_gender, perfume_title, perfumer, price, type, volume, year, perfume_rating) VALUES (38, 'France', null, 'https://perfumeswebstorage.s3.eu-central-1.amazonaws.com/7d32f694-9cc3-4770-844a-47400e6f5c6b.Creed Aventus for Her.jpg', 'Peach, Blackcurrant, Ylang-ylang', 'Rose, Styrax, Mysore sandalwood', 'Green apple, Violet leaf, Calabrian bergamot', 'female', 'Aventus for Her', 'Creed', 141, 'Eau de parfum', '75', 20160, 0)
2025-06-16T21:21:59.837Z DEBUG 2930 --- [           main] o.s.jdbc.datasource.init.ScriptUtils     : 1 returned as update count for SQL: INSERT INTO perfume (id, country, description, filename, fragrance_base_notes, fragrance_middle_notes, fragrance_top_notes, perfume_gender, perfume_title, perfumer, price, type, volume, year, perfume_rating) VALUES (39, 'France', null, 'https://perfumeswebstorage.s3.eu-central-1.amazonaws.com/cbb8efd1-f55a-4db3-8511-f0b5b446533d.Creed Love in Black.jpg', 'Rose, Burgundy blackcurrant, Violet', 'Florentine iris, Clove', 'White violet', 'female', 'Love in Black', 'Creed', 89, 'Eau de parfum', '75', 20080, 0)
2025-06-16T21:21:59.837Z DEBUG 2930 --- [           main] o.s.jdbc.datasource.init.ScriptUtils     : 1 returned as update count for SQL: INSERT INTO perfume (id, country, description, filename, fragrance_base_notes, fragrance_middle_notes, fragrance_top_notes, perfume_gender, perfume_title, perfumer, price, type, volume, year, perfume_rating) VALUES (40, 'France', null, 'https://perfumeswebstorage.s3.eu-central-1.amazonaws.com/0f0acb70-dc64-474f-878a-1b214d250d94.CreedLoveinWhite.jpg', 'Ambergris, Mysore sandalwood, Vanilla', 'Florentine iris, Yellow narcissus, Magnolia', 'Orange zest', 'female', 'Love in White', 'Creed', 94, 'Eau de parfum', '75', 20050, 0)
2025-06-16T21:21:59.838Z DEBUG 2930 --- [           main] o.s.jdbc.datasource.init.ScriptUtils     : 1 returned as update count for SQL: INSERT INTO perfume (id, country, description, filename, fragrance_base_notes, fragrance_middle_notes, fragrance_top_notes, perfume_gender, perfume_title, perfumer, price, type, volume, year, perfume_rating) VALUES (41, 'France', null, 'https://perfumeswebstorage.s3.eu-central-1.amazonaws.com/0158183f-2412-4c61-a962-7c96e43c19c3.Dior Fahrenheit.jpg', 'Amber, Leather, Musk', 'Carnation, Honeysuckle, Jasmine', 'Bergamot, Camomile, Lavender, Mandarin orange', 'male', 'Fahrenheit', 'Dior', 62, 'Eau de Toilette', '100', 19880, 0)
2025-06-16T21:21:59.838Z DEBUG 2930 --- [           main] o.s.jdbc.datasource.init.ScriptUtils     : 1 returned as update count for SQL: INSERT INTO perfume (id, country, description, filename, fragrance_base_notes, fragrance_middle_notes, fragrance_top_notes, perfume_gender, perfume_title, perfumer, price, type, volume, year, perfume_rating) VALUES (42, 'France', null, 'https://perfumeswebstorage.s3.eu-central-1.amazonaws.com/27f0b3d3-2634-4e74-971a-f780c4480482.Dior Homme.jpg', 'Virginia cedar', 'Ecuadorian ambrette seed', 'Florentine iris absolute', 'male', 'Homme', 'Dior', 90, 'Eau de parfum', '100', 20070, 0)
2025-06-16T21:21:59.838Z DEBUG 2930 --- [           main] o.s.jdbc.datasource.init.ScriptUtils     : 1 returned as update count for SQL: INSERT INTO perfume (id, country, description, filename, fragrance_base_notes, fragrance_middle_notes, fragrance_top_notes, perfume_gender, perfume_title, perfumer, price, type, volume, year, perfume_rating) VALUES (43, 'France', null, 'https://perfumeswebstorage.s3.eu-central-1.amazonaws.com/03e65b3b-7b1f-400c-9bb8-a8956bdaa4be.Dior Sauvage.jpg', 'Ambroxan', 'Bergamot', 'Sichuan Pepper', 'male', 'Sauvage', 'Dior', 62, 'Eau de Toilette', '100', 20150, 0)
2025-06-16T21:21:59.839Z DEBUG 2930 --- [           main] o.s.jdbc.datasource.init.ScriptUtils     : 1 returned as update count for SQL: INSERT INTO perfume (id, country, description, filename, fragrance_base_notes, fragrance_middle_notes, fragrance_top_notes, perfume_gender, perfume_title, perfumer, price, type, volume, year, perfume_rating) VALUES (44, 'France', null, 'https://perfumeswebstorage.s3.eu-central-1.amazonaws.com/94c85cfd-f090-4d49-b2e9-dcff34eec8c1.Dior Jadore.jpg', 'Vanilla, Cedar, Musk', 'Lily of the valley, Rose, Violet', 'Bergamot, Pear, Melon, Peach', 'female', 'Jadore', 'Dior', 81, 'Eau de parfum', '100', 19990, 0)
2025-06-16T21:21:59.839Z DEBUG 2930 --- [           main] o.s.jdbc.datasource.init.ScriptUtils     : 1 returned as update count for SQL: INSERT INTO perfume (id, country, description, filename, fragrance_base_notes, fragrance_middle_notes, fragrance_top_notes, perfume_gender, perfume_title, perfumer, price, type, volume, year, perfume_rating) VALUES (45, 'France', null, 'https://perfumeswebstorage.s3.eu-central-1.amazonaws.com/85f8de21-24d5-473b-8d63-6ba6c2d4d25e.Dior Miss Dior.jpg', 'Ambergris, Musk, Patchouli', 'Jasmine, Caramel, Popcorn', 'Pineapple, Cherry, Mandarin orange', 'female', 'Miss Dior', 'Dior', 90, 'Eau de parfum', '100', 20110, 0)
2025-06-16T21:21:59.840Z DEBUG 2930 --- [           main] o.s.jdbc.datasource.init.ScriptUtils     : 1 returned as update count for SQL: INSERT INTO perfume (id, country, description, filename, fragrance_base_notes, fragrance_middle_notes, fragrance_top_notes, perfume_gender, perfume_title, perfumer, price, type, volume, year, perfume_rating) VALUES (46, 'France', null, 'https://perfumeswebstorage.s3.eu-central-1.amazonaws.com/63534821-1eb9-4b44-afd3-61c3b8ca4a25.Dior Poison Girl.jpg', 'Venezuelan tonka bean', 'Grasse rose', 'Bitter orange', 'female', 'Poison Girl', 'Dior', 75, 'Eau de parfum', '100', 20160, 0)
2025-06-16T21:21:59.840Z DEBUG 2930 --- [           main] o.s.jdbc.datasource.init.ScriptUtils     : 1 returned as update count for SQL: INSERT INTO review (id, author, date, message, rating) VALUES (123, 'John', '2021-02-07', 'Hello world', 5)
2025-06-16T21:21:59.840Z DEBUG 2930 --- [           main] o.s.jdbc.datasource.init.ScriptUtils     : 1 returned as update count for SQL: INSERT INTO review (id, author, date, message, rating) VALUES (124, 'John2', '2021-02-07', 'Hello world2', 4)
2025-06-16T21:21:59.840Z DEBUG 2930 --- [           main] o.s.jdbc.datasource.init.ScriptUtils     : 1 returned as update count for SQL: INSERT INTO perfume_reviews (perfume_id, reviews_id) VALUES (2, 123)
2025-06-16T21:21:59.841Z DEBUG 2930 --- [           main] o.s.jdbc.datasource.init.ScriptUtils     : 1 returned as update count for SQL: INSERT INTO perfume_reviews (perfume_id, reviews_id) VALUES (2, 124)
2025-06-16T21:21:59.841Z DEBUG 2930 --- [           main] o.s.jdbc.datasource.init.ScriptUtils     : Executed SQL script from class path resource [sql/create-perfumes-before.sql] in 11 ms.
2025-06-16T21:21:59.841Z DEBUG 2930 --- [           main] o.s.orm.jpa.JpaTransactionManager        : Initiating transaction commit
2025-06-16T21:21:59.841Z DEBUG 2930 --- [           main] o.s.orm.jpa.JpaTransactionManager        : Committing JPA transaction on EntityManager [SessionImpl(1200009696<open>)]
2025-06-16T21:21:59.842Z DEBUG 2930 --- [           main] o.s.orm.jpa.JpaTransactionManager        : Closing JPA EntityManager [SessionImpl(1200009696<open>)] after transaction
2025-06-16T21:21:59.842Z DEBUG 2930 --- [           main] org.springframework.test.context.cache   : Spring test ApplicationContext cache statistics: [DefaultContextCache@6f416866 size = 1, maxSize = 32, parentContextCount = 0, hitCount = 729, missCount = 1, failureCount = 0]
2025-06-16T21:21:59.842Z DEBUG 2930 --- [           main] org.springframework.test.context.cache   : Spring test ApplicationContext cache statistics: [DefaultContextCache@6f416866 size = 1, maxSize = 32, parentContextCount = 0, hitCount = 730, missCount = 1, failureCount = 0]
2025-06-16T21:21:59.842Z DEBUG 2930 --- [           main] o.s.b.f.s.DefaultListableBeanFactory     : Autowiring by type from bean name 'org.springframework.security.test.context.support.WithUserDetailsSecurityContextFactory' via constructor to bean named 'org.springframework.beans.factory.support.DefaultListableBeanFactory@2e93108a'
2025-06-16T21:21:59.842Z DEBUG 2930 --- [           main] org.springframework.test.context.cache   : Spring test ApplicationContext cache statistics: [DefaultContextCache@6f416866 size = 1, maxSize = 32, parentContextCount = 0, hitCount = 731, missCount = 1, failureCount = 0]
2025-06-16T21:21:59.843Z DEBUG 2930 --- [           main] tor$SharedEntityManagerInvocationHandler : Creating new EntityManager for shared EntityManager invocation
2025-06-16T21:21:59.847Z DEBUG 2930 --- [           main] org.springframework.test.context.cache   : Spring test ApplicationContext cache statistics: [DefaultContextCache@6f416866 size = 1, maxSize = 32, parentContextCount = 0, hitCount = 732, missCount = 1, failureCount = 0]
2025-06-16T21:21:59.848Z DEBUG 2930 --- [           main] org.springframework.test.context.cache   : Spring test ApplicationContext cache statistics: [DefaultContextCache@6f416866 size = 1, maxSize = 32, parentContextCount = 0, hitCount = 733, missCount = 1, failureCount = 0]
2025-06-16T21:21:59.849Z DEBUG 2930 --- [           main] org.springframework.test.context.cache   : Spring test ApplicationContext cache statistics: [DefaultContextCache@6f416866 size = 1, maxSize = 32, parentContextCount = 0, hitCount = 734, missCount = 1, failureCount = 0]
2025-06-16T21:21:59.852Z DEBUG 2930 --- [           main] o.s.test.util.ReflectionTestUtils        : Invoking method 'getFilters' on target object [FilterChainProxy[Filter Chains: null]] or target class [null] with arguments {org.springframework.mock.web.MockHttpServletRequest@31c8c44e}
2025-06-16T21:21:59.852Z DEBUG 2930 --- [           main] o.s.test.util.ReflectionTestUtils        : Invoking method 'getFilters' on target object [FilterChainProxy[Filter Chains: null]] or target class [null] with arguments {org.springframework.mock.web.MockHttpServletRequest@31c8c44e}
2025-06-16T21:21:59.852Z DEBUG 2930 --- [           main] o.s.test.util.ReflectionTestUtils        : Getting field 'securityContextRepository' from target object [org.springframework.security.web.context.SecurityContextHolderFilter@357c04f0] or target class [class org.springframework.security.web.context.SecurityContextHolderFilter]
2025-06-16T21:21:59.852Z DEBUG 2930 --- [           main] o.s.test.util.ReflectionTestUtils        : Invoking method 'getFilters' on target object [FilterChainProxy[Filter Chains: null]] or target class [null] with arguments {org.springframework.mock.web.MockHttpServletRequest@31c8c44e}
2025-06-16T21:21:59.852Z DEBUG 2930 --- [           main] o.s.test.util.ReflectionTestUtils        : Getting field 'tokenRepository' from target object [org.springframework.security.web.csrf.CsrfFilter@d0a33eb] or target class [class org.springframework.security.web.csrf.CsrfFilter]
2025-06-16T21:21:59.852Z DEBUG 2930 --- [           main] o.s.test.util.ReflectionTestUtils        : Invoking method 'getFilters' on target object [FilterChainProxy[Filter Chains: null]] or target class [null] with arguments {org.springframework.mock.web.MockHttpServletRequest@31c8c44e}
2025-06-16T21:21:59.852Z DEBUG 2930 --- [           main] o.s.test.util.ReflectionTestUtils        : Getting field 'requestHandler' from target object [org.springframework.security.web.csrf.CsrfFilter@d0a33eb] or target class [class org.springframework.security.web.csrf.CsrfFilter]
2025-06-16T21:21:59.853Z DEBUG 2930 --- [           main] o.s.security.web.FilterChainProxy        : Securing PUT /api/v1/users
2025-06-16T21:21:59.855Z DEBUG 2930 --- [           main] o.s.security.web.FilterChainProxy        : Secured PUT /api/v1/users
2025-06-16T21:21:59.855Z DEBUG 2930 --- [           main] o.s.t.web.servlet.TestDispatcherServlet  : PUT "/api/v1/users", parameters={masked}
2025-06-16T21:21:59.855Z DEBUG 2930 --- [           main] s.w.s.m.m.a.RequestMappingHandlerMapping : Mapped to com.gmail.merikbest2015.ecommerce.controller.UserController#updateUserInfo(UserPrincipal, UpdateUserRequest, BindingResult)
2025-06-16T21:21:59.855Z DEBUG 2930 --- [           main] o.j.s.OpenEntityManagerInViewInterceptor : Opening JPA EntityManager in OpenEntityManagerInViewInterceptor
2025-06-16T21:21:59.858Z DEBUG 2930 --- [           main] m.m.a.RequestResponseBodyMethodProcessor : Read "application/json;charset=UTF-8" to [UpdateUserRequest(id=null, firstName=null, lastName=null, city=null, address=null, phoneNumber=null, (truncated)...]
2025-06-16T21:21:59.862Z  INFO 2930 --- [           main] c.g.m.e.controller.UserController        : Updating user info for email=test123@test.com
2025-06-16T21:21:59.862Z DEBUG 2930 --- [           main] .m.m.a.ExceptionHandlerExceptionResolver : Using @ExceptionHandler com.gmail.merikbest2015.ecommerce.exception.ApiExceptionHandler#handleInputFieldException(InputFieldException)
2025-06-16T21:21:59.863Z DEBUG 2930 --- [           main] o.s.w.s.m.m.a.HttpEntityMethodProcessor  : Using 'application/json', given [*/*] and supported [application/json, application/*+json, application/yaml]
2025-06-16T21:21:59.863Z DEBUG 2930 --- [           main] o.s.w.s.m.m.a.HttpEntityMethodProcessor  : Writing [{firstNameError=First name cannot be empty, lastNameError=Last name cannot be empty}]
2025-06-16T21:21:59.863Z DEBUG 2930 --- [           main] .m.m.a.ExceptionHandlerExceptionResolver : Resolved [com.gmail.merikbest2015.ecommerce.exception.InputFieldException]
2025-06-16T21:21:59.863Z DEBUG 2930 --- [           main] o.j.s.OpenEntityManagerInViewInterceptor : Closing JPA EntityManager in OpenEntityManagerInViewInterceptor
2025-06-16T21:21:59.863Z DEBUG 2930 --- [           main] o.s.t.web.servlet.TestDispatcherServlet  : Completed 400 BAD_REQUEST
2025-06-16T21:21:59.865Z DEBUG 2930 --- [           main] org.springframework.test.context.cache   : Spring test ApplicationContext cache statistics: [DefaultContextCache@6f416866 size = 1, maxSize = 32, parentContextCount = 0, hitCount = 735, missCount = 1, failureCount = 0]
2025-06-16T21:21:59.865Z DEBUG 2930 --- [           main] org.springframework.test.context.cache   : Spring test ApplicationContext cache statistics: [DefaultContextCache@6f416866 size = 1, maxSize = 32, parentContextCount = 0, hitCount = 736, missCount = 1, failureCount = 0]
2025-06-16T21:21:59.866Z DEBUG 2930 --- [           main] org.springframework.test.context.cache   : Spring test ApplicationContext cache statistics: [DefaultContextCache@6f416866 size = 1, maxSize = 32, parentContextCount = 0, hitCount = 737, missCount = 1, failureCount = 0]
2025-06-16T21:21:59.866Z DEBUG 2930 --- [           main] org.springframework.test.context.cache   : Spring test ApplicationContext cache statistics: [DefaultContextCache@6f416866 size = 1, maxSize = 32, parentContextCount = 0, hitCount = 738, missCount = 1, failureCount = 0]
2025-06-16T21:21:59.866Z DEBUG 2930 --- [           main] org.springframework.test.context.cache   : Spring test ApplicationContext cache statistics: [DefaultContextCache@6f416866 size = 1, maxSize = 32, parentContextCount = 0, hitCount = 739, missCount = 1, failureCount = 0]
2025-06-16T21:21:59.866Z DEBUG 2930 --- [           main] org.springframework.test.context.cache   : Spring test ApplicationContext cache statistics: [DefaultContextCache@6f416866 size = 1, maxSize = 32, parentContextCount = 0, hitCount = 740, missCount = 1, failureCount = 0]
2025-06-16T21:21:59.867Z DEBUG 2930 --- [           main] org.springframework.test.context.cache   : Spring test ApplicationContext cache statistics: [DefaultContextCache@6f416866 size = 1, maxSize = 32, parentContextCount = 0, hitCount = 741, missCount = 1, failureCount = 0]
2025-06-16T21:21:59.867Z DEBUG 2930 --- [           main] org.springframework.test.context.cache   : Spring test ApplicationContext cache statistics: [DefaultContextCache@6f416866 size = 1, maxSize = 32, parentContextCount = 0, hitCount = 742, missCount = 1, failureCount = 0]
2025-06-16T21:21:59.867Z DEBUG 2930 --- [           main] .s.t.c.j.SqlScriptsTestExecutionListener : Processing merged @SqlConfig attributes for execution phase [AFTER_TEST_METHOD] and test class [com.gmail.merikbest2015.ecommerce.controller.UserControllerTest]
2025-06-16T21:21:59.867Z DEBUG 2930 --- [           main] org.springframework.test.context.cache   : Spring test ApplicationContext cache statistics: [DefaultContextCache@6f416866 size = 1, maxSize = 32, parentContextCount = 0, hitCount = 743, missCount = 1, failureCount = 0]
2025-06-16T21:21:59.867Z DEBUG 2930 --- [           main] .s.t.c.j.SqlScriptsTestExecutionListener : Executing SQL scripts: [class path resource [sql/create-user-after.sql], class path resource [sql/create-perfumes-after.sql]]
2025-06-16T21:21:59.867Z DEBUG 2930 --- [           main] org.springframework.test.context.cache   : Spring test ApplicationContext cache statistics: [DefaultContextCache@6f416866 size = 1, maxSize = 32, parentContextCount = 0, hitCount = 744, missCount = 1, failureCount = 0]
2025-06-16T21:21:59.867Z DEBUG 2930 --- [           main] org.springframework.test.context.cache   : Spring test ApplicationContext cache statistics: [DefaultContextCache@6f416866 size = 1, maxSize = 32, parentContextCount = 0, hitCount = 745, missCount = 1, failureCount = 0]
2025-06-16T21:21:59.867Z DEBUG 2930 --- [           main] o.s.orm.jpa.JpaTransactionManager        : Creating new transaction with name [com.gmail.merikbest2015.ecommerce.controller.UserControllerTest]: PROPAGATION_REQUIRED,ISOLATION_DEFAULT
2025-06-16T21:21:59.867Z DEBUG 2930 --- [           main] o.s.orm.jpa.JpaTransactionManager        : Opened new EntityManager [SessionImpl(70422633<open>)] for JPA transaction
2025-06-16T21:21:59.867Z DEBUG 2930 --- [           main] o.s.orm.jpa.JpaTransactionManager        : Exposing JPA transaction as JDBC [org.springframework.orm.jpa.vendor.HibernateJpaDialect$HibernateConnectionHandle@2a0b4778]
2025-06-16T21:21:59.867Z DEBUG 2930 --- [           main] o.s.jdbc.datasource.init.ScriptUtils     : Executing SQL script from class path resource [sql/create-user-after.sql]
2025-06-16T21:21:59.868Z DEBUG 2930 --- [           main] o.s.jdbc.datasource.init.ScriptUtils     : 3 returned as update count for SQL: delete from user_role
2025-06-16T21:21:59.868Z DEBUG 2930 --- [           main] o.s.jdbc.datasource.init.ScriptUtils     : 3 returned as update count for SQL: delete from users
2025-06-16T21:21:59.868Z DEBUG 2930 --- [           main] o.s.jdbc.datasource.init.ScriptUtils     : Executed SQL script from class path resource [sql/create-user-after.sql] in 1 ms.
2025-06-16T21:21:59.868Z DEBUG 2930 --- [           main] o.s.jdbc.datasource.init.ScriptUtils     : Executing SQL script from class path resource [sql/create-perfumes-after.sql]
2025-06-16T21:21:59.869Z DEBUG 2930 --- [           main] o.s.jdbc.datasource.init.ScriptUtils     : 2 returned as update count for SQL: delete from perfume_reviews
2025-06-16T21:21:59.869Z DEBUG 2930 --- [           main] o.s.jdbc.datasource.init.ScriptUtils     : 2 returned as update count for SQL: delete from review
2025-06-16T21:21:59.870Z DEBUG 2930 --- [           main] o.s.jdbc.datasource.init.ScriptUtils     : 27 returned as update count for SQL: delete from perfume
2025-06-16T21:21:59.870Z DEBUG 2930 --- [           main] o.s.jdbc.datasource.init.ScriptUtils     : Executed SQL script from class path resource [sql/create-perfumes-after.sql] in 2 ms.
2025-06-16T21:21:59.870Z DEBUG 2930 --- [           main] o.s.orm.jpa.JpaTransactionManager        : Initiating transaction commit
2025-06-16T21:21:59.870Z DEBUG 2930 --- [           main] o.s.orm.jpa.JpaTransactionManager        : Committing JPA transaction on EntityManager [SessionImpl(70422633<open>)]
2025-06-16T21:21:59.871Z DEBUG 2930 --- [           main] o.s.orm.jpa.JpaTransactionManager        : Closing JPA EntityManager [SessionImpl(70422633<open>)] after transaction
2025-06-16T21:21:59.871Z DEBUG 2930 --- [           main] .c.s.DirtiesContextTestExecutionListener : After test method: class [UserControllerTest], method [updateUserInfo_ShouldInputFieldsAreEmpty], class annotated with @DirtiesContext [false] with mode [null], method annotated with @DirtiesContext [false] with mode [null]
2025-06-16T21:21:59.871Z DEBUG 2930 --- [           main] ObservationRegistryTestExecutionListener : Restoring ObservationRegistry in ObservationThreadLocalAccessor for test class com.gmail.merikbest2015.ecommerce.controller.UserControllerTest
2025-06-16T21:21:59.871Z DEBUG 2930 --- [           main] o.s.t.c.w.ServletTestExecutionListener   : Resetting RequestContextHolder for test class com.gmail.merikbest2015.ecommerce.controller.UserControllerTest
]]></system-out>
  </testcase>
  <testcase name="getUserInfoByQuery" classname="com.gmail.merikbest2015.ecommerce.controller.UserControllerTest" time="0.05">
    <system-out><![CDATA[2025-06-16T21:21:59.873Z DEBUG 2930 --- [           main] org.springframework.test.context.cache   : Spring test ApplicationContext cache statistics: [DefaultContextCache@6f416866 size = 1, maxSize = 32, parentContextCount = 0, hitCount = 746, missCount = 1, failureCount = 0]
2025-06-16T21:21:59.873Z DEBUG 2930 --- [           main] o.s.t.c.w.ServletTestExecutionListener   : Setting up MockHttpServletRequest, MockHttpServletResponse, ServletWebRequest, and RequestContextHolder for test class com.gmail.merikbest2015.ecommerce.controller.UserControllerTest
2025-06-16T21:21:59.873Z DEBUG 2930 --- [           main] DependencyInjectionTestExecutionListener : Performing dependency injection for test class com.gmail.merikbest2015.ecommerce.controller.UserControllerTest
2025-06-16T21:21:59.873Z DEBUG 2930 --- [           main] org.springframework.test.context.cache   : Spring test ApplicationContext cache statistics: [DefaultContextCache@6f416866 size = 1, maxSize = 32, parentContextCount = 0, hitCount = 747, missCount = 1, failureCount = 0]
2025-06-16T21:21:59.874Z DEBUG 2930 --- [           main] org.springframework.test.context.cache   : Spring test ApplicationContext cache statistics: [DefaultContextCache@6f416866 size = 1, maxSize = 32, parentContextCount = 0, hitCount = 748, missCount = 1, failureCount = 0]
2025-06-16T21:21:59.874Z DEBUG 2930 --- [           main] sContextBeforeModesTestExecutionListener : Before test method: class [UserControllerTest], method [getUserInfoByQuery], class annotated with @DirtiesContext [false] with mode [null], method annotated with @DirtiesContext [false] with mode [null]
2025-06-16T21:21:59.874Z DEBUG 2930 --- [           main] org.springframework.test.context.cache   : Spring test ApplicationContext cache statistics: [DefaultContextCache@6f416866 size = 1, maxSize = 32, parentContextCount = 0, hitCount = 749, missCount = 1, failureCount = 0]
2025-06-16T21:21:59.874Z DEBUG 2930 --- [           main] ObservationRegistryTestExecutionListener : Registering ObservationRegistry from ApplicationContext in ObservationThreadLocalAccessor for test class com.gmail.merikbest2015.ecommerce.controller.UserControllerTest
2025-06-16T21:21:59.874Z DEBUG 2930 --- [           main] .s.t.c.j.SqlScriptsTestExecutionListener : Processing merged @SqlConfig attributes for execution phase [BEFORE_TEST_METHOD] and test class [com.gmail.merikbest2015.ecommerce.controller.UserControllerTest]
2025-06-16T21:21:59.874Z DEBUG 2930 --- [           main] org.springframework.test.context.cache   : Spring test ApplicationContext cache statistics: [DefaultContextCache@6f416866 size = 1, maxSize = 32, parentContextCount = 0, hitCount = 750, missCount = 1, failureCount = 0]
2025-06-16T21:21:59.875Z DEBUG 2930 --- [           main] .s.t.c.j.SqlScriptsTestExecutionListener : Executing SQL scripts: [class path resource [sql/create-user-before.sql], class path resource [sql/create-perfumes-before.sql]]
2025-06-16T21:21:59.875Z DEBUG 2930 --- [           main] org.springframework.test.context.cache   : Spring test ApplicationContext cache statistics: [DefaultContextCache@6f416866 size = 1, maxSize = 32, parentContextCount = 0, hitCount = 751, missCount = 1, failureCount = 0]
2025-06-16T21:21:59.875Z DEBUG 2930 --- [           main] org.springframework.test.context.cache   : Spring test ApplicationContext cache statistics: [DefaultContextCache@6f416866 size = 1, maxSize = 32, parentContextCount = 0, hitCount = 752, missCount = 1, failureCount = 0]
2025-06-16T21:21:59.875Z DEBUG 2930 --- [           main] o.s.orm.jpa.JpaTransactionManager        : Creating new transaction with name [com.gmail.merikbest2015.ecommerce.controller.UserControllerTest]: PROPAGATION_REQUIRED,ISOLATION_DEFAULT
2025-06-16T21:21:59.876Z DEBUG 2930 --- [           main] o.s.orm.jpa.JpaTransactionManager        : Opened new EntityManager [SessionImpl(997457913<open>)] for JPA transaction
2025-06-16T21:21:59.876Z DEBUG 2930 --- [           main] o.s.orm.jpa.JpaTransactionManager        : Exposing JPA transaction as JDBC [org.springframework.orm.jpa.vendor.HibernateJpaDialect$HibernateConnectionHandle@2b528126]
2025-06-16T21:21:59.876Z DEBUG 2930 --- [           main] o.s.jdbc.datasource.init.ScriptUtils     : Executing SQL script from class path resource [sql/create-user-before.sql]
2025-06-16T21:21:59.877Z DEBUG 2930 --- [           main] o.s.jdbc.datasource.init.ScriptUtils     : 1 returned as update count for SQL: insert into users(id, email, first_name, last_name, city, address, phone_number, post_index, activation_code, active, password, password_reset_code, provider) values(1, 'admin@gmail.com', 'Admin', 'Admin', null, null, null, null, null, true, '$2a$08$kS2f5m8eYoNpc.ZECzndGuXiqaWmCaFfOGMQquodP48qrD7.cQG4y', null, 'LOCAL')
2025-06-16T21:21:59.877Z DEBUG 2930 --- [           main] o.s.jdbc.datasource.init.ScriptUtils     : 1 returned as update count for SQL: insert into users(id, email, first_name, last_name, city, address, phone_number, post_index, activation_code, active, password, password_reset_code, provider) values(122, 'test123@test.com', 'John', 'Doe', 'New York', 'Wall Street 1', '1234567890', '1234567890', null, true, '$2a$08$kS2f5m8eYoNpc.ZECzndGuXiqaWmCaFfOGMQquodP48qrD7.cQG4y', null, 'LOCAL')
2025-06-16T21:21:59.877Z DEBUG 2930 --- [           main] o.s.jdbc.datasource.init.ScriptUtils     : 1 returned as update count for SQL: insert into users(id, email, first_name, last_name, city, address, phone_number, post_index, activation_code, active, password, password_reset_code, provider) values (126, 'helloworld@test.com', 'John2', 'Doe2', 'New York', 'Wall Street1', '1234567890', '1234567890','8e97dc37-2cf5-47e2-98e0',false,'$2a$08$kS2f5m8eYoNpc.ZECzndGuXiqaWmCaFfOGMQquodP48qrD7.cQG4y','3f9bcdb0-2241-4c34-803e-598b497d571f', 'LOCAL')
2025-06-16T21:21:59.878Z DEBUG 2930 --- [           main] o.s.jdbc.datasource.init.ScriptUtils     : 1 returned as update count for SQL: insert into user_role (user_id, roles) values (1, 'ADMIN')
2025-06-16T21:21:59.878Z DEBUG 2930 --- [           main] o.s.jdbc.datasource.init.ScriptUtils     : 1 returned as update count for SQL: insert into user_role (user_id, roles) values (122, 'USER')
2025-06-16T21:21:59.878Z DEBUG 2930 --- [           main] o.s.jdbc.datasource.init.ScriptUtils     : 1 returned as update count for SQL: insert into user_role (user_id, roles) values (126, 'USER')
2025-06-16T21:21:59.878Z DEBUG 2930 --- [           main] o.s.jdbc.datasource.init.ScriptUtils     : Executed SQL script from class path resource [sql/create-user-before.sql] in 2 ms.
2025-06-16T21:21:59.878Z DEBUG 2930 --- [           main] o.s.jdbc.datasource.init.ScriptUtils     : Executing SQL script from class path resource [sql/create-perfumes-before.sql]
2025-06-16T21:21:59.879Z DEBUG 2930 --- [           main] o.s.jdbc.datasource.init.ScriptUtils     : 1 returned as update count for SQL: INSERT INTO perfume (id, country, description, filename, fragrance_base_notes, fragrance_middle_notes, fragrance_top_notes, perfume_gender, perfume_title, perfumer, price, type, volume, year, perfume_rating) VALUES (1, 'Germany', null, 'https://perfumeswebstorage.s3.eu-central-1.amazonaws.com/4735a4c8-e1fc-43ce-8ff9-0bd28d00ce20.Hugo Boss Boss Bottled Night.jpg', 'Salmwood, Musky notes, Sandalwood', 'Cardamom, Jasmine, African violet', 'Birch leaf, Lavender', 'male', 'Boss Bottled Night', 'Hugo Boss', 35, 'Eau de Toilette', '100', 20100, 0)
2025-06-16T21:21:59.879Z DEBUG 2930 --- [           main] o.s.jdbc.datasource.init.ScriptUtils     : 1 returned as update count for SQL: INSERT INTO perfume (id, country, description, filename, fragrance_base_notes, fragrance_middle_notes, fragrance_top_notes, perfume_gender, perfume_title, perfumer, price, type, volume, year, perfume_rating) VALUES (2, 'Germany', null, 'https://perfumeswebstorage.s3.eu-central-1.amazonaws.com/17d6f8a1-aa84-4823-bd18-ccb0fdbe7fe9.Hugo Boss Hugo Man.jpg', 'Moss, Sandalwood, Fir balsam', 'Carnation, Geranium leaf, Jasmine', 'Basil, Grapefruit, Green apple, Mint', 'male', 'Hugo Man', 'Hugo Boss', 21, 'Eau de Toilette', '75', 19950, 0)
2025-06-16T21:21:59.879Z DEBUG 2930 --- [           main] o.s.jdbc.datasource.init.ScriptUtils     : 1 returned as update count for SQL: INSERT INTO perfume (id, country, description, filename, fragrance_base_notes, fragrance_middle_notes, fragrance_top_notes, perfume_gender, perfume_title, perfumer, price, type, volume, year, perfume_rating) VALUES (3, 'Germany', null, 'https://perfumeswebstorage.s3.eu-central-1.amazonaws.com/ba9272ca-20af-4e41-89b7-24018be4acb1.Hugo Boss The Scent.jpg', 'Leather', 'Maninka fruit, Lavender', 'Ginger', 'male', 'The Scent', 'Hugo Boss', 45, 'Eau de Toilette', '100', 20150, 0)
2025-06-16T21:21:59.880Z DEBUG 2930 --- [           main] o.s.jdbc.datasource.init.ScriptUtils     : 1 returned as update count for SQL: INSERT INTO perfume (id, country, description, filename, fragrance_base_notes, fragrance_middle_notes, fragrance_top_notes, perfume_gender, perfume_title, perfumer, price, type, volume, year, perfume_rating) VALUES (4, 'Germany', null, 'https://perfumeswebstorage.s3.eu-central-1.amazonaws.com/540f8e7d-2259-4a20-becf-4ed5cfc2912e.Hugo Boss Boss Woman.jpg', 'Sandalwood, Cedar', 'Freesia, Violet root', 'Mandarin orange, Mango', 'female', 'Boss Woman', 'Hugo Boss', 26, 'Eau de parfum', '90', 20000, 0)
2025-06-16T21:21:59.880Z DEBUG 2930 --- [           main] o.s.jdbc.datasource.init.ScriptUtils     : 1 returned as update count for SQL: INSERT INTO perfume (id, country, description, filename, fragrance_base_notes, fragrance_middle_notes, fragrance_top_notes, perfume_gender, perfume_title, perfumer, price, type, volume, year, perfume_rating) VALUES (5, 'Germany', null, 'https://perfumeswebstorage.s3.eu-central-1.amazonaws.com/1fb6dd1b-a134-4e6f-8215-60d465d33d72.Hugo Boss Hugo Deep Red.jpg', 'Musk, Sandalwood, Vanilla', 'Freesia, Hibiscus, Ginger', 'Pear, Blood orange, Clementine', 'female', 'Deep Red', 'Hugo Boss', 27, 'Eau de parfum', '90', 20010, 0)
2025-06-16T21:21:59.880Z DEBUG 2930 --- [           main] o.s.jdbc.datasource.init.ScriptUtils     : 1 returned as update count for SQL: INSERT INTO perfume (id, country, description, filename, fragrance_base_notes, fragrance_middle_notes, fragrance_top_notes, perfume_gender, perfume_title, perfumer, price, type, volume, year, perfume_rating) VALUES (6, 'Germany', null, 'https://perfumeswebstorage.s3.eu-central-1.amazonaws.com/62e9bf9b-8fea-4eb2-9935-21e868e1b93d.Hugo Boss The Scent For Her.jpg', 'Roasted cocoa', 'Osmanthus', 'Peach, Freesia', 'female', 'The Scent For Her', 'Hugo Boss', 47, 'Eau de parfum', '100', 20160, 0)
2025-06-16T21:21:59.881Z DEBUG 2930 --- [           main] o.s.jdbc.datasource.init.ScriptUtils     : 1 returned as update count for SQL: INSERT INTO perfume (id, country, description, filename, fragrance_base_notes, fragrance_middle_notes, fragrance_top_notes, perfume_gender, perfume_title, perfumer, price, type, volume, year, perfume_rating) VALUES (26, 'Spain', null, 'https://perfumeswebstorage.s3.eu-central-1.amazonaws.com/6524de16-c086-49fe-a6e5-c9efc35f1a02.Carolina Herrera Bad Boy.jpg', 'Tonka bean, Cocoa absolute', 'Cedarwood, Sage', 'Black pepper, White pepper, Italian bergamot', 'male', 'Bad Boy', 'Carolina Herrera', 76, 'Eau de Toilette', '100', 20190, 0)
2025-06-16T21:21:59.881Z DEBUG 2930 --- [           main] o.s.jdbc.datasource.init.ScriptUtils     : 1 returned as update count for SQL: INSERT INTO perfume (id, country, description, filename, fragrance_base_notes, fragrance_middle_notes, fragrance_top_notes, perfume_gender, perfume_title, perfumer, price, type, volume, year, perfume_rating) VALUES (27, 'Spain', null, 'https://perfumeswebstorage.s3.eu-central-1.amazonaws.com/184c9da2-2445-4b01-87b8-b4f8b5f6ab8c.Carolina Herrera Good Girl.jpg', 'Roasted tonka bean, Cocoa, Sandalwood', 'Tuberose, Bulgarian rose, Jasmine sambac', 'Bergamot, Lemon', 'female', 'Good Girl', 'Carolina Herrera', 156, 'Eau de parfum', '150', 20160, 0)
2025-06-16T21:21:59.881Z DEBUG 2930 --- [           main] o.s.jdbc.datasource.init.ScriptUtils     : 1 returned as update count for SQL: INSERT INTO perfume (id, country, description, filename, fragrance_base_notes, fragrance_middle_notes, fragrance_top_notes, perfume_gender, perfume_title, perfumer, price, type, volume, year, perfume_rating) VALUES (28, 'France', null, 'https://perfumeswebstorage.s3.eu-central-1.amazonaws.com/e31f6d6c-e585-40a4-970c-f25322667924.Chanel Allure homme Sport.jpg', 'Amber, Musk, Tonka bean', 'Neroli, Pepper, Cedar', 'Aldehydes, Mandarin orange, Seawater', 'male', 'Allure homme Sport', 'Chanel', 85, 'Eau de Toilette', '100', 20040, 0)
2025-06-16T21:21:59.881Z DEBUG 2930 --- [           main] o.s.jdbc.datasource.init.ScriptUtils     : 1 returned as update count for SQL: INSERT INTO perfume (id, country, description, filename, fragrance_base_notes, fragrance_middle_notes, fragrance_top_notes, perfume_gender, perfume_title, perfumer, price, type, volume, year, perfume_rating) VALUES (29, 'France', null, 'https://perfumeswebstorage.s3.eu-central-1.amazonaws.com/ac6c7a11-97f8-44b1-9b10-f96997212dd4.Chanel Bleu de Chanel Eau de Parfum.jpg', 'Ginger, Sandalwood, Frankincense', 'Grapefruit, Labdanum, Cedar', 'Pink pepper, Vetiver, Citrus notes', 'male', 'Bleu de Chanel', 'Chanel', 88, 'Eau de parfum', '100', 20140, 0)
2025-06-16T21:21:59.882Z DEBUG 2930 --- [           main] o.s.jdbc.datasource.init.ScriptUtils     : 1 returned as update count for SQL: INSERT INTO perfume (id, country, description, filename, fragrance_base_notes, fragrance_middle_notes, fragrance_top_notes, perfume_gender, perfume_title, perfumer, price, type, volume, year, perfume_rating) VALUES (30, 'France', null, 'https://perfumeswebstorage.s3.eu-central-1.amazonaws.com/7049225c-03bb-45a7-ba6a-86274f8668b9.Chanel Egoiste Platinum.jpg', 'Amber, Oakmoss, Sandalwood', 'Galbanum, Geranium, Jasmine', 'Lavender, Neroli, Petitgrain', 'male', 'Egoiste Platinum', 'Chanel', 70, 'Eau de Toilette', '100', 19930, 0)
2025-06-16T21:21:59.882Z DEBUG 2930 --- [           main] o.s.jdbc.datasource.init.ScriptUtils     : 1 returned as update count for SQL: INSERT INTO perfume (id, country, description, filename, fragrance_base_notes, fragrance_middle_notes, fragrance_top_notes, perfume_gender, perfume_title, perfumer, price, type, volume, year, perfume_rating) VALUES (31, 'France', null, 'https://perfumeswebstorage.s3.eu-central-1.amazonaws.com/bcc4bb2a-907d-4531-9d7f-178c765c5ed3.Chanel Chance Eau Fraiche.jpg', 'Amber, Iris, Musk, Patchouli', 'Jasmine, Pink pepper, Water hyacinth', 'Cedar, Citrus fruits', 'female', 'Chance Eau Fraiche', 'Chanel', 90, 'Eau de Toilette', '100', 20070, 0)
2025-06-16T21:21:59.882Z DEBUG 2930 --- [           main] o.s.jdbc.datasource.init.ScriptUtils     : 1 returned as update count for SQL: INSERT INTO perfume (id, country, description, filename, fragrance_base_notes, fragrance_middle_notes, fragrance_top_notes, perfume_gender, perfume_title, perfumer, price, type, volume, year, perfume_rating) VALUES (32, 'France', null, 'https://perfumeswebstorage.s3.eu-central-1.amazonaws.com/2b5f80ca-e0f3-4e99-b5e4-11ccb9153b00.Chanel Gabrielle Essence.jpg', 'Sandalwood, Vanilla, White musk', 'Tuberose, Jasmine, Ylang-ylang', 'Citrus fruits, Red fruits', 'female', 'Gabrielle Essence', 'Chanel', 104, 'Eau de parfum', '100', 20190, 0)
2025-06-16T21:21:59.882Z DEBUG 2930 --- [           main] o.s.jdbc.datasource.init.ScriptUtils     : 1 returned as update count for SQL: INSERT INTO perfume (id, country, description, filename, fragrance_base_notes, fragrance_middle_notes, fragrance_top_notes, perfume_gender, perfume_title, perfumer, price, type, volume, year, perfume_rating) VALUES (33, 'France', null, 'https://perfumeswebstorage.s3.eu-central-1.amazonaws.com/4b51181b-5551-4321-b5e7-f7612584c9b2.Chanel N5.jpg', 'Amber, Sandalwood, Vanilla', 'Iris, Grasse jasmine', 'Aldehydes, Bergamot, Neroli', 'female', 'Chanel N5', 'Chanel', 192, 'Eau de parfum', '200', 19210, 0)
2025-06-16T21:21:59.883Z DEBUG 2930 --- [           main] o.s.jdbc.datasource.init.ScriptUtils     : 1 returned as update count for SQL: INSERT INTO perfume (id, country, description, filename, fragrance_base_notes, fragrance_middle_notes, fragrance_top_notes, perfume_gender, perfume_title, perfumer, price, type, volume, year, perfume_rating) VALUES (34, 'France', null, 'https://perfumeswebstorage.s3.eu-central-1.amazonaws.com/bdb203a9-0725-4ed4-a71a-db7eeb915fae.Creed Aventus.jpg', 'Ambergris, Oakmoss, Musk', 'Birch, Jasmine, Patchouli', 'Pineapple, Apple, Bergamot, Blackcurrant', 'male', 'Aventus', 'Creed', 152, 'Eau de parfum', '100', 20100, 0)
2025-06-16T21:21:59.883Z DEBUG 2930 --- [           main] o.s.jdbc.datasource.init.ScriptUtils     : 1 returned as update count for SQL: INSERT INTO perfume (id, country, description, filename, fragrance_base_notes, fragrance_middle_notes, fragrance_top_notes, perfume_gender, perfume_title, perfumer, price, type, volume, year, perfume_rating) VALUES (35, 'France', null, 'https://perfumeswebstorage.s3.eu-central-1.amazonaws.com/162cfbe2-2dc2-4271-8a63-23981a7e3cc4.Creed Bois du Portugal.jpg', 'Sandalwood, Vetiver, Ambergris', 'Cedarwood', 'Bergamot, Lavender', 'male', 'Bois du Portugal', 'Creed', 110, 'Eau de parfum', '100', 19870, 0)
2025-06-16T21:21:59.883Z DEBUG 2930 --- [           main] o.s.jdbc.datasource.init.ScriptUtils     : 1 returned as update count for SQL: INSERT INTO perfume (id, country, description, filename, fragrance_base_notes, fragrance_middle_notes, fragrance_top_notes, perfume_gender, perfume_title, perfumer, price, type, volume, year, perfume_rating) VALUES (36, 'France', null, 'https://perfumeswebstorage.s3.eu-central-1.amazonaws.com/1d428b77-0ffd-449f-bcaa-04a094b51de7.Creed Original Vetiver.jpg', 'Ambergris, Sandalwood, Musk, Vetiver', 'White pepper, Coriander, Pink pepper', 'Bergamot, Bitter orange, Mandarin orange', 'male', 'Original Vetiver', 'Creed', 97, 'Eau de parfum', '100', 20040, 0)
2025-06-16T21:21:59.884Z DEBUG 2930 --- [           main] o.s.jdbc.datasource.init.ScriptUtils     : 1 returned as update count for SQL: INSERT INTO perfume (id, country, description, filename, fragrance_base_notes, fragrance_middle_notes, fragrance_top_notes, perfume_gender, perfume_title, perfumer, price, type, volume, year, perfume_rating) VALUES (37, 'France', null, 'https://perfumeswebstorage.s3.eu-central-1.amazonaws.com/5fd3de8e-1022-47a2-ae58-a089a65bd90c.Creed Acqua Fiorentina.jpg', 'Grapefruit, Sandalwood, Cedar', 'Bergamot, Pear, Rose', 'Apple, Prune, Greengage plum', 'female', 'Acqua Fiorentina', 'Creed', 100, 'Eau de parfum', '75', 20090, 0)
2025-06-16T21:21:59.884Z DEBUG 2930 --- [           main] o.s.jdbc.datasource.init.ScriptUtils     : 1 returned as update count for SQL: INSERT INTO perfume (id, country, description, filename, fragrance_base_notes, fragrance_middle_notes, fragrance_top_notes, perfume_gender, perfume_title, perfumer, price, type, volume, year, perfume_rating) VALUES (38, 'France', null, 'https://perfumeswebstorage.s3.eu-central-1.amazonaws.com/7d32f694-9cc3-4770-844a-47400e6f5c6b.Creed Aventus for Her.jpg', 'Peach, Blackcurrant, Ylang-ylang', 'Rose, Styrax, Mysore sandalwood', 'Green apple, Violet leaf, Calabrian bergamot', 'female', 'Aventus for Her', 'Creed', 141, 'Eau de parfum', '75', 20160, 0)
2025-06-16T21:21:59.884Z DEBUG 2930 --- [           main] o.s.jdbc.datasource.init.ScriptUtils     : 1 returned as update count for SQL: INSERT INTO perfume (id, country, description, filename, fragrance_base_notes, fragrance_middle_notes, fragrance_top_notes, perfume_gender, perfume_title, perfumer, price, type, volume, year, perfume_rating) VALUES (39, 'France', null, 'https://perfumeswebstorage.s3.eu-central-1.amazonaws.com/cbb8efd1-f55a-4db3-8511-f0b5b446533d.Creed Love in Black.jpg', 'Rose, Burgundy blackcurrant, Violet', 'Florentine iris, Clove', 'White violet', 'female', 'Love in Black', 'Creed', 89, 'Eau de parfum', '75', 20080, 0)
2025-06-16T21:21:59.885Z DEBUG 2930 --- [           main] o.s.jdbc.datasource.init.ScriptUtils     : 1 returned as update count for SQL: INSERT INTO perfume (id, country, description, filename, fragrance_base_notes, fragrance_middle_notes, fragrance_top_notes, perfume_gender, perfume_title, perfumer, price, type, volume, year, perfume_rating) VALUES (40, 'France', null, 'https://perfumeswebstorage.s3.eu-central-1.amazonaws.com/0f0acb70-dc64-474f-878a-1b214d250d94.CreedLoveinWhite.jpg', 'Ambergris, Mysore sandalwood, Vanilla', 'Florentine iris, Yellow narcissus, Magnolia', 'Orange zest', 'female', 'Love in White', 'Creed', 94, 'Eau de parfum', '75', 20050, 0)
2025-06-16T21:21:59.885Z DEBUG 2930 --- [           main] o.s.jdbc.datasource.init.ScriptUtils     : 1 returned as update count for SQL: INSERT INTO perfume (id, country, description, filename, fragrance_base_notes, fragrance_middle_notes, fragrance_top_notes, perfume_gender, perfume_title, perfumer, price, type, volume, year, perfume_rating) VALUES (41, 'France', null, 'https://perfumeswebstorage.s3.eu-central-1.amazonaws.com/0158183f-2412-4c61-a962-7c96e43c19c3.Dior Fahrenheit.jpg', 'Amber, Leather, Musk', 'Carnation, Honeysuckle, Jasmine', 'Bergamot, Camomile, Lavender, Mandarin orange', 'male', 'Fahrenheit', 'Dior', 62, 'Eau de Toilette', '100', 19880, 0)
2025-06-16T21:21:59.886Z DEBUG 2930 --- [           main] o.s.jdbc.datasource.init.ScriptUtils     : 1 returned as update count for SQL: INSERT INTO perfume (id, country, description, filename, fragrance_base_notes, fragrance_middle_notes, fragrance_top_notes, perfume_gender, perfume_title, perfumer, price, type, volume, year, perfume_rating) VALUES (42, 'France', null, 'https://perfumeswebstorage.s3.eu-central-1.amazonaws.com/27f0b3d3-2634-4e74-971a-f780c4480482.Dior Homme.jpg', 'Virginia cedar', 'Ecuadorian ambrette seed', 'Florentine iris absolute', 'male', 'Homme', 'Dior', 90, 'Eau de parfum', '100', 20070, 0)
2025-06-16T21:21:59.886Z DEBUG 2930 --- [           main] o.s.jdbc.datasource.init.ScriptUtils     : 1 returned as update count for SQL: INSERT INTO perfume (id, country, description, filename, fragrance_base_notes, fragrance_middle_notes, fragrance_top_notes, perfume_gender, perfume_title, perfumer, price, type, volume, year, perfume_rating) VALUES (43, 'France', null, 'https://perfumeswebstorage.s3.eu-central-1.amazonaws.com/03e65b3b-7b1f-400c-9bb8-a8956bdaa4be.Dior Sauvage.jpg', 'Ambroxan', 'Bergamot', 'Sichuan Pepper', 'male', 'Sauvage', 'Dior', 62, 'Eau de Toilette', '100', 20150, 0)
2025-06-16T21:21:59.886Z DEBUG 2930 --- [           main] o.s.jdbc.datasource.init.ScriptUtils     : 1 returned as update count for SQL: INSERT INTO perfume (id, country, description, filename, fragrance_base_notes, fragrance_middle_notes, fragrance_top_notes, perfume_gender, perfume_title, perfumer, price, type, volume, year, perfume_rating) VALUES (44, 'France', null, 'https://perfumeswebstorage.s3.eu-central-1.amazonaws.com/94c85cfd-f090-4d49-b2e9-dcff34eec8c1.Dior Jadore.jpg', 'Vanilla, Cedar, Musk', 'Lily of the valley, Rose, Violet', 'Bergamot, Pear, Melon, Peach', 'female', 'Jadore', 'Dior', 81, 'Eau de parfum', '100', 19990, 0)
2025-06-16T21:21:59.887Z DEBUG 2930 --- [           main] o.s.jdbc.datasource.init.ScriptUtils     : 1 returned as update count for SQL: INSERT INTO perfume (id, country, description, filename, fragrance_base_notes, fragrance_middle_notes, fragrance_top_notes, perfume_gender, perfume_title, perfumer, price, type, volume, year, perfume_rating) VALUES (45, 'France', null, 'https://perfumeswebstorage.s3.eu-central-1.amazonaws.com/85f8de21-24d5-473b-8d63-6ba6c2d4d25e.Dior Miss Dior.jpg', 'Ambergris, Musk, Patchouli', 'Jasmine, Caramel, Popcorn', 'Pineapple, Cherry, Mandarin orange', 'female', 'Miss Dior', 'Dior', 90, 'Eau de parfum', '100', 20110, 0)
2025-06-16T21:21:59.887Z DEBUG 2930 --- [           main] o.s.jdbc.datasource.init.ScriptUtils     : 1 returned as update count for SQL: INSERT INTO perfume (id, country, description, filename, fragrance_base_notes, fragrance_middle_notes, fragrance_top_notes, perfume_gender, perfume_title, perfumer, price, type, volume, year, perfume_rating) VALUES (46, 'France', null, 'https://perfumeswebstorage.s3.eu-central-1.amazonaws.com/63534821-1eb9-4b44-afd3-61c3b8ca4a25.Dior Poison Girl.jpg', 'Venezuelan tonka bean', 'Grasse rose', 'Bitter orange', 'female', 'Poison Girl', 'Dior', 75, 'Eau de parfum', '100', 20160, 0)
2025-06-16T21:21:59.887Z DEBUG 2930 --- [           main] o.s.jdbc.datasource.init.ScriptUtils     : 1 returned as update count for SQL: INSERT INTO review (id, author, date, message, rating) VALUES (123, 'John', '2021-02-07', 'Hello world', 5)
2025-06-16T21:21:59.888Z DEBUG 2930 --- [           main] o.s.jdbc.datasource.init.ScriptUtils     : 1 returned as update count for SQL: INSERT INTO review (id, author, date, message, rating) VALUES (124, 'John2', '2021-02-07', 'Hello world2', 4)
2025-06-16T21:21:59.888Z DEBUG 2930 --- [           main] o.s.jdbc.datasource.init.ScriptUtils     : 1 returned as update count for SQL: INSERT INTO perfume_reviews (perfume_id, reviews_id) VALUES (2, 123)
2025-06-16T21:21:59.888Z DEBUG 2930 --- [           main] o.s.jdbc.datasource.init.ScriptUtils     : 1 returned as update count for SQL: INSERT INTO perfume_reviews (perfume_id, reviews_id) VALUES (2, 124)
2025-06-16T21:21:59.888Z DEBUG 2930 --- [           main] o.s.jdbc.datasource.init.ScriptUtils     : Executed SQL script from class path resource [sql/create-perfumes-before.sql] in 10 ms.
2025-06-16T21:21:59.889Z DEBUG 2930 --- [           main] o.s.orm.jpa.JpaTransactionManager        : Initiating transaction commit
2025-06-16T21:21:59.889Z DEBUG 2930 --- [           main] o.s.orm.jpa.JpaTransactionManager        : Committing JPA transaction on EntityManager [SessionImpl(997457913<open>)]
2025-06-16T21:21:59.889Z DEBUG 2930 --- [           main] o.s.orm.jpa.JpaTransactionManager        : Closing JPA EntityManager [SessionImpl(997457913<open>)] after transaction
2025-06-16T21:21:59.889Z DEBUG 2930 --- [           main] org.springframework.test.context.cache   : Spring test ApplicationContext cache statistics: [DefaultContextCache@6f416866 size = 1, maxSize = 32, parentContextCount = 0, hitCount = 753, missCount = 1, failureCount = 0]
2025-06-16T21:21:59.889Z DEBUG 2930 --- [           main] org.springframework.test.context.cache   : Spring test ApplicationContext cache statistics: [DefaultContextCache@6f416866 size = 1, maxSize = 32, parentContextCount = 0, hitCount = 754, missCount = 1, failureCount = 0]
2025-06-16T21:21:59.889Z DEBUG 2930 --- [           main] o.s.b.f.s.DefaultListableBeanFactory     : Autowiring by type from bean name 'org.springframework.security.test.context.support.WithUserDetailsSecurityContextFactory' via constructor to bean named 'org.springframework.beans.factory.support.DefaultListableBeanFactory@2e93108a'
2025-06-16T21:21:59.890Z DEBUG 2930 --- [           main] org.springframework.test.context.cache   : Spring test ApplicationContext cache statistics: [DefaultContextCache@6f416866 size = 1, maxSize = 32, parentContextCount = 0, hitCount = 755, missCount = 1, failureCount = 0]
2025-06-16T21:21:59.890Z DEBUG 2930 --- [           main] tor$SharedEntityManagerInvocationHandler : Creating new EntityManager for shared EntityManager invocation
2025-06-16T21:21:59.893Z DEBUG 2930 --- [           main] org.springframework.test.context.cache   : Spring test ApplicationContext cache statistics: [DefaultContextCache@6f416866 size = 1, maxSize = 32, parentContextCount = 0, hitCount = 756, missCount = 1, failureCount = 0]
2025-06-16T21:21:59.894Z DEBUG 2930 --- [           main] org.springframework.test.context.cache   : Spring test ApplicationContext cache statistics: [DefaultContextCache@6f416866 size = 1, maxSize = 32, parentContextCount = 0, hitCount = 757, missCount = 1, failureCount = 0]
2025-06-16T21:21:59.895Z DEBUG 2930 --- [           main] org.springframework.test.context.cache   : Spring test ApplicationContext cache statistics: [DefaultContextCache@6f416866 size = 1, maxSize = 32, parentContextCount = 0, hitCount = 758, missCount = 1, failureCount = 0]
2025-06-16T21:21:59.895Z DEBUG 2930 --- [           main] o.s.test.util.ReflectionTestUtils        : Invoking method 'getFilters' on target object [FilterChainProxy[Filter Chains: null]] or target class [null] with arguments {org.springframework.mock.web.MockHttpServletRequest@730d1d35}
2025-06-16T21:21:59.895Z DEBUG 2930 --- [           main] o.s.test.util.ReflectionTestUtils        : Invoking method 'getFilters' on target object [FilterChainProxy[Filter Chains: null]] or target class [null] with arguments {org.springframework.mock.web.MockHttpServletRequest@730d1d35}
2025-06-16T21:21:59.895Z DEBUG 2930 --- [           main] o.s.test.util.ReflectionTestUtils        : Getting field 'securityContextRepository' from target object [org.springframework.security.web.context.SecurityContextHolderFilter@357c04f0] or target class [class org.springframework.security.web.context.SecurityContextHolderFilter]
2025-06-16T21:21:59.895Z DEBUG 2930 --- [           main] o.s.test.util.ReflectionTestUtils        : Invoking method 'getFilters' on target object [FilterChainProxy[Filter Chains: null]] or target class [null] with arguments {org.springframework.mock.web.MockHttpServletRequest@730d1d35}
2025-06-16T21:21:59.895Z DEBUG 2930 --- [           main] o.s.test.util.ReflectionTestUtils        : Getting field 'tokenRepository' from target object [org.springframework.security.web.csrf.CsrfFilter@d0a33eb] or target class [class org.springframework.security.web.csrf.CsrfFilter]
2025-06-16T21:21:59.896Z DEBUG 2930 --- [           main] o.s.test.util.ReflectionTestUtils        : Invoking method 'getFilters' on target object [FilterChainProxy[Filter Chains: null]] or target class [null] with arguments {org.springframework.mock.web.MockHttpServletRequest@730d1d35}
2025-06-16T21:21:59.896Z DEBUG 2930 --- [           main] o.s.test.util.ReflectionTestUtils        : Getting field 'requestHandler' from target object [org.springframework.security.web.csrf.CsrfFilter@d0a33eb] or target class [class org.springframework.security.web.csrf.CsrfFilter]
2025-06-16T21:21:59.896Z DEBUG 2930 --- [           main] o.s.security.web.FilterChainProxy        : Securing POST /api/v1/users/graphql
2025-06-16T21:21:59.897Z DEBUG 2930 --- [           main] o.s.security.web.FilterChainProxy        : Secured POST /api/v1/users/graphql
2025-06-16T21:21:59.897Z DEBUG 2930 --- [           main] o.s.t.web.servlet.TestDispatcherServlet  : POST "/api/v1/users/graphql", parameters={masked}
2025-06-16T21:21:59.898Z DEBUG 2930 --- [           main] s.w.s.m.m.a.RequestMappingHandlerMapping : Mapped to com.gmail.merikbest2015.ecommerce.controller.UserController#getUserInfoByQuery(GraphQLRequest)
2025-06-16T21:21:59.898Z DEBUG 2930 --- [           main] o.j.s.OpenEntityManagerInViewInterceptor : Opening JPA EntityManager in OpenEntityManagerInViewInterceptor
2025-06-16T21:21:59.898Z DEBUG 2930 --- [           main] m.m.a.RequestResponseBodyMethodProcessor : Read "application/json;charset=UTF-8" to [GraphQLRequest(query={ user(id: 122) { id email password firstName lastName city address phoneNumber (truncated)...]
2025-06-16T21:21:59.898Z  INFO 2930 --- [           main] c.g.m.e.controller.UserController        : Executing GraphQL user info query
2025-06-16T21:21:59.903Z  INFO 2930 --- [           main] c.g.m.e.service.Impl.UserServiceImpl     : GraphQL query: getUserById with id 122
2025-06-16T21:21:59.903Z DEBUG 2930 --- [           main] o.s.orm.jpa.JpaTransactionManager        : Found thread-bound EntityManager [SessionImpl(721253067<open>)] for JPA transaction
2025-06-16T21:21:59.903Z DEBUG 2930 --- [           main] o.s.orm.jpa.JpaTransactionManager        : Creating new transaction with name [org.springframework.data.jpa.repository.support.SimpleJpaRepository.findById]: PROPAGATION_REQUIRED,ISOLATION_DEFAULT,readOnly
2025-06-16T21:21:59.904Z DEBUG 2930 --- [           main] o.s.jdbc.datasource.DataSourceUtils      : Setting JDBC Connection [HikariProxyConnection@1107905706 wrapping org.postgresql.jdbc.PgConnection@6a35f9fd] read-only
2025-06-16T21:21:59.904Z DEBUG 2930 --- [           main] o.s.orm.jpa.JpaTransactionManager        : Exposing JPA transaction as JDBC [org.springframework.orm.jpa.vendor.HibernateJpaDialect$HibernateConnectionHandle@14228db7]
2025-06-16T21:21:59.906Z DEBUG 2930 --- [           main] o.s.orm.jpa.JpaTransactionManager        : Initiating transaction commit
2025-06-16T21:21:59.906Z DEBUG 2930 --- [           main] o.s.orm.jpa.JpaTransactionManager        : Committing JPA transaction on EntityManager [SessionImpl(721253067<open>)]
2025-06-16T21:21:59.906Z DEBUG 2930 --- [           main] o.s.jdbc.datasource.DataSourceUtils      : Resetting read-only flag of JDBC Connection [HikariProxyConnection@1107905706 wrapping org.postgresql.jdbc.PgConnection@6a35f9fd]
2025-06-16T21:21:59.906Z DEBUG 2930 --- [           main] o.s.orm.jpa.JpaTransactionManager        : Not closing pre-bound JPA EntityManager after transaction
2025-06-16T21:21:59.910Z  INFO 2930 --- [           main] c.g.m.e.controller.UserController        : GraphQL user info query executed
CLASS: [UserController], METHOD: [getUserInfoByQuery()], REQUEST: GraphQLRequest(query={ user(id: 122) { id email password firstName lastName city address phoneNumber postIndex activationCode passwordResetCode active provider roles } })
CLASS: [UserController], METHOD: [getUserInfoByQuery()], RESPONSE: <200 OK OK,ExecutionResultImpl{errors=[], data={user={id=122, email=test123@test.com, password=$2a$08$kS2f5m8eYoNpc.ZECzndGuXiqaWmCaFfOGMQquodP48qrD7.cQG4y, firstName=John, lastName=Doe, city=New York, address=Wall Street 1, phoneNumber=1234567890, postIndex=1234567890, activationCode=null, passwordResetCode=null, active=true, provider=LOCAL, roles=[USER]}}, dataPresent=true, extensions=null},[]>
2025-06-16T21:21:59.910Z DEBUG 2930 --- [           main] o.s.w.s.m.m.a.HttpEntityMethodProcessor  : Using 'application/json', given [*/*] and supported [application/json, application/*+json, application/yaml]
2025-06-16T21:21:59.910Z DEBUG 2930 --- [           main] o.s.w.s.m.m.a.HttpEntityMethodProcessor  : Writing [ExecutionResultImpl{errors=[], data={user={id=122, email=test123@test.com, password=$2a$08$kS2f5m8eY (truncated)...]
2025-06-16T21:21:59.913Z DEBUG 2930 --- [           main] o.j.s.OpenEntityManagerInViewInterceptor : Closing JPA EntityManager in OpenEntityManagerInViewInterceptor
2025-06-16T21:21:59.913Z DEBUG 2930 --- [           main] o.s.t.web.servlet.TestDispatcherServlet  : Completed 200 OK
2025-06-16T21:21:59.917Z DEBUG 2930 --- [           main] org.springframework.test.context.cache   : Spring test ApplicationContext cache statistics: [DefaultContextCache@6f416866 size = 1, maxSize = 32, parentContextCount = 0, hitCount = 759, missCount = 1, failureCount = 0]
2025-06-16T21:21:59.917Z DEBUG 2930 --- [           main] org.springframework.test.context.cache   : Spring test ApplicationContext cache statistics: [DefaultContextCache@6f416866 size = 1, maxSize = 32, parentContextCount = 0, hitCount = 760, missCount = 1, failureCount = 0]
2025-06-16T21:21:59.917Z DEBUG 2930 --- [           main] org.springframework.test.context.cache   : Spring test ApplicationContext cache statistics: [DefaultContextCache@6f416866 size = 1, maxSize = 32, parentContextCount = 0, hitCount = 761, missCount = 1, failureCount = 0]
2025-06-16T21:21:59.917Z DEBUG 2930 --- [           main] org.springframework.test.context.cache   : Spring test ApplicationContext cache statistics: [DefaultContextCache@6f416866 size = 1, maxSize = 32, parentContextCount = 0, hitCount = 762, missCount = 1, failureCount = 0]
2025-06-16T21:21:59.917Z DEBUG 2930 --- [           main] org.springframework.test.context.cache   : Spring test ApplicationContext cache statistics: [DefaultContextCache@6f416866 size = 1, maxSize = 32, parentContextCount = 0, hitCount = 763, missCount = 1, failureCount = 0]
2025-06-16T21:21:59.918Z DEBUG 2930 --- [           main] org.springframework.test.context.cache   : Spring test ApplicationContext cache statistics: [DefaultContextCache@6f416866 size = 1, maxSize = 32, parentContextCount = 0, hitCount = 764, missCount = 1, failureCount = 0]
2025-06-16T21:21:59.918Z DEBUG 2930 --- [           main] org.springframework.test.context.cache   : Spring test ApplicationContext cache statistics: [DefaultContextCache@6f416866 size = 1, maxSize = 32, parentContextCount = 0, hitCount = 765, missCount = 1, failureCount = 0]
2025-06-16T21:21:59.918Z DEBUG 2930 --- [           main] org.springframework.test.context.cache   : Spring test ApplicationContext cache statistics: [DefaultContextCache@6f416866 size = 1, maxSize = 32, parentContextCount = 0, hitCount = 766, missCount = 1, failureCount = 0]
2025-06-16T21:21:59.919Z DEBUG 2930 --- [           main] .s.t.c.j.SqlScriptsTestExecutionListener : Processing merged @SqlConfig attributes for execution phase [AFTER_TEST_METHOD] and test class [com.gmail.merikbest2015.ecommerce.controller.UserControllerTest]
2025-06-16T21:21:59.919Z DEBUG 2930 --- [           main] org.springframework.test.context.cache   : Spring test ApplicationContext cache statistics: [DefaultContextCache@6f416866 size = 1, maxSize = 32, parentContextCount = 0, hitCount = 767, missCount = 1, failureCount = 0]
2025-06-16T21:21:59.919Z DEBUG 2930 --- [           main] .s.t.c.j.SqlScriptsTestExecutionListener : Executing SQL scripts: [class path resource [sql/create-user-after.sql], class path resource [sql/create-perfumes-after.sql]]
2025-06-16T21:21:59.919Z DEBUG 2930 --- [           main] org.springframework.test.context.cache   : Spring test ApplicationContext cache statistics: [DefaultContextCache@6f416866 size = 1, maxSize = 32, parentContextCount = 0, hitCount = 768, missCount = 1, failureCount = 0]
2025-06-16T21:21:59.919Z DEBUG 2930 --- [           main] org.springframework.test.context.cache   : Spring test ApplicationContext cache statistics: [DefaultContextCache@6f416866 size = 1, maxSize = 32, parentContextCount = 0, hitCount = 769, missCount = 1, failureCount = 0]
2025-06-16T21:21:59.919Z DEBUG 2930 --- [           main] o.s.orm.jpa.JpaTransactionManager        : Creating new transaction with name [com.gmail.merikbest2015.ecommerce.controller.UserControllerTest]: PROPAGATION_REQUIRED,ISOLATION_DEFAULT
2025-06-16T21:21:59.919Z DEBUG 2930 --- [           main] o.s.orm.jpa.JpaTransactionManager        : Opened new EntityManager [SessionImpl(1054495246<open>)] for JPA transaction
2025-06-16T21:21:59.919Z DEBUG 2930 --- [           main] o.s.orm.jpa.JpaTransactionManager        : Exposing JPA transaction as JDBC [org.springframework.orm.jpa.vendor.HibernateJpaDialect$HibernateConnectionHandle@bece698]
2025-06-16T21:21:59.919Z DEBUG 2930 --- [           main] o.s.jdbc.datasource.init.ScriptUtils     : Executing SQL script from class path resource [sql/create-user-after.sql]
2025-06-16T21:21:59.920Z DEBUG 2930 --- [           main] o.s.jdbc.datasource.init.ScriptUtils     : 3 returned as update count for SQL: delete from user_role
2025-06-16T21:21:59.920Z DEBUG 2930 --- [           main] o.s.jdbc.datasource.init.ScriptUtils     : 3 returned as update count for SQL: delete from users
2025-06-16T21:21:59.920Z DEBUG 2930 --- [           main] o.s.jdbc.datasource.init.ScriptUtils     : Executed SQL script from class path resource [sql/create-user-after.sql] in 1 ms.
2025-06-16T21:21:59.920Z DEBUG 2930 --- [           main] o.s.jdbc.datasource.init.ScriptUtils     : Executing SQL script from class path resource [sql/create-perfumes-after.sql]
2025-06-16T21:21:59.921Z DEBUG 2930 --- [           main] o.s.jdbc.datasource.init.ScriptUtils     : 2 returned as update count for SQL: delete from perfume_reviews
2025-06-16T21:21:59.921Z DEBUG 2930 --- [           main] o.s.jdbc.datasource.init.ScriptUtils     : 2 returned as update count for SQL: delete from review
2025-06-16T21:21:59.922Z DEBUG 2930 --- [           main] o.s.jdbc.datasource.init.ScriptUtils     : 27 returned as update count for SQL: delete from perfume
2025-06-16T21:21:59.922Z DEBUG 2930 --- [           main] o.s.jdbc.datasource.init.ScriptUtils     : Executed SQL script from class path resource [sql/create-perfumes-after.sql] in 2 ms.
2025-06-16T21:21:59.922Z DEBUG 2930 --- [           main] o.s.orm.jpa.JpaTransactionManager        : Initiating transaction commit
2025-06-16T21:21:59.922Z DEBUG 2930 --- [           main] o.s.orm.jpa.JpaTransactionManager        : Committing JPA transaction on EntityManager [SessionImpl(1054495246<open>)]
2025-06-16T21:21:59.923Z DEBUG 2930 --- [           main] o.s.orm.jpa.JpaTransactionManager        : Closing JPA EntityManager [SessionImpl(1054495246<open>)] after transaction
2025-06-16T21:21:59.923Z DEBUG 2930 --- [           main] .c.s.DirtiesContextTestExecutionListener : After test method: class [UserControllerTest], method [getUserInfoByQuery], class annotated with @DirtiesContext [false] with mode [null], method annotated with @DirtiesContext [false] with mode [null]
2025-06-16T21:21:59.923Z DEBUG 2930 --- [           main] ObservationRegistryTestExecutionListener : Restoring ObservationRegistry in ObservationThreadLocalAccessor for test class com.gmail.merikbest2015.ecommerce.controller.UserControllerTest
2025-06-16T21:21:59.923Z DEBUG 2930 --- [           main] o.s.t.c.w.ServletTestExecutionListener   : Resetting RequestContextHolder for test class com.gmail.merikbest2015.ecommerce.controller.UserControllerTest
]]></system-out>
  </testcase>
  <testcase name="getCart" classname="com.gmail.merikbest2015.ecommerce.controller.UserControllerTest" time="0.036">
    <system-out><![CDATA[2025-06-16T21:21:59.924Z DEBUG 2930 --- [           main] org.springframework.test.context.cache   : Spring test ApplicationContext cache statistics: [DefaultContextCache@6f416866 size = 1, maxSize = 32, parentContextCount = 0, hitCount = 770, missCount = 1, failureCount = 0]
2025-06-16T21:21:59.924Z DEBUG 2930 --- [           main] o.s.t.c.w.ServletTestExecutionListener   : Setting up MockHttpServletRequest, MockHttpServletResponse, ServletWebRequest, and RequestContextHolder for test class com.gmail.merikbest2015.ecommerce.controller.UserControllerTest
2025-06-16T21:21:59.924Z DEBUG 2930 --- [           main] DependencyInjectionTestExecutionListener : Performing dependency injection for test class com.gmail.merikbest2015.ecommerce.controller.UserControllerTest
2025-06-16T21:21:59.924Z DEBUG 2930 --- [           main] org.springframework.test.context.cache   : Spring test ApplicationContext cache statistics: [DefaultContextCache@6f416866 size = 1, maxSize = 32, parentContextCount = 0, hitCount = 771, missCount = 1, failureCount = 0]
2025-06-16T21:21:59.924Z DEBUG 2930 --- [           main] org.springframework.test.context.cache   : Spring test ApplicationContext cache statistics: [DefaultContextCache@6f416866 size = 1, maxSize = 32, parentContextCount = 0, hitCount = 772, missCount = 1, failureCount = 0]
2025-06-16T21:21:59.925Z DEBUG 2930 --- [           main] sContextBeforeModesTestExecutionListener : Before test method: class [UserControllerTest], method [getCart], class annotated with @DirtiesContext [false] with mode [null], method annotated with @DirtiesContext [false] with mode [null]
2025-06-16T21:21:59.925Z DEBUG 2930 --- [           main] org.springframework.test.context.cache   : Spring test ApplicationContext cache statistics: [DefaultContextCache@6f416866 size = 1, maxSize = 32, parentContextCount = 0, hitCount = 773, missCount = 1, failureCount = 0]
2025-06-16T21:21:59.925Z DEBUG 2930 --- [           main] ObservationRegistryTestExecutionListener : Registering ObservationRegistry from ApplicationContext in ObservationThreadLocalAccessor for test class com.gmail.merikbest2015.ecommerce.controller.UserControllerTest
2025-06-16T21:21:59.925Z DEBUG 2930 --- [           main] .s.t.c.j.SqlScriptsTestExecutionListener : Processing merged @SqlConfig attributes for execution phase [BEFORE_TEST_METHOD] and test class [com.gmail.merikbest2015.ecommerce.controller.UserControllerTest]
2025-06-16T21:21:59.925Z DEBUG 2930 --- [           main] org.springframework.test.context.cache   : Spring test ApplicationContext cache statistics: [DefaultContextCache@6f416866 size = 1, maxSize = 32, parentContextCount = 0, hitCount = 774, missCount = 1, failureCount = 0]
2025-06-16T21:21:59.925Z DEBUG 2930 --- [           main] .s.t.c.j.SqlScriptsTestExecutionListener : Executing SQL scripts: [class path resource [sql/create-user-before.sql], class path resource [sql/create-perfumes-before.sql]]
2025-06-16T21:21:59.925Z DEBUG 2930 --- [           main] org.springframework.test.context.cache   : Spring test ApplicationContext cache statistics: [DefaultContextCache@6f416866 size = 1, maxSize = 32, parentContextCount = 0, hitCount = 775, missCount = 1, failureCount = 0]
2025-06-16T21:21:59.925Z DEBUG 2930 --- [           main] org.springframework.test.context.cache   : Spring test ApplicationContext cache statistics: [DefaultContextCache@6f416866 size = 1, maxSize = 32, parentContextCount = 0, hitCount = 776, missCount = 1, failureCount = 0]
2025-06-16T21:21:59.925Z DEBUG 2930 --- [           main] o.s.orm.jpa.JpaTransactionManager        : Creating new transaction with name [com.gmail.merikbest2015.ecommerce.controller.UserControllerTest]: PROPAGATION_REQUIRED,ISOLATION_DEFAULT
2025-06-16T21:21:59.925Z DEBUG 2930 --- [           main] o.s.orm.jpa.JpaTransactionManager        : Opened new EntityManager [SessionImpl(1973202279<open>)] for JPA transaction
2025-06-16T21:21:59.925Z DEBUG 2930 --- [           main] o.s.orm.jpa.JpaTransactionManager        : Exposing JPA transaction as JDBC [org.springframework.orm.jpa.vendor.HibernateJpaDialect$HibernateConnectionHandle@193adbf8]
2025-06-16T21:21:59.926Z DEBUG 2930 --- [           main] o.s.jdbc.datasource.init.ScriptUtils     : Executing SQL script from class path resource [sql/create-user-before.sql]
2025-06-16T21:21:59.927Z DEBUG 2930 --- [           main] o.s.jdbc.datasource.init.ScriptUtils     : 1 returned as update count for SQL: insert into users(id, email, first_name, last_name, city, address, phone_number, post_index, activation_code, active, password, password_reset_code, provider) values(1, 'admin@gmail.com', 'Admin', 'Admin', null, null, null, null, null, true, '$2a$08$kS2f5m8eYoNpc.ZECzndGuXiqaWmCaFfOGMQquodP48qrD7.cQG4y', null, 'LOCAL')
2025-06-16T21:21:59.927Z DEBUG 2930 --- [           main] o.s.jdbc.datasource.init.ScriptUtils     : 1 returned as update count for SQL: insert into users(id, email, first_name, last_name, city, address, phone_number, post_index, activation_code, active, password, password_reset_code, provider) values(122, 'test123@test.com', 'John', 'Doe', 'New York', 'Wall Street 1', '1234567890', '1234567890', null, true, '$2a$08$kS2f5m8eYoNpc.ZECzndGuXiqaWmCaFfOGMQquodP48qrD7.cQG4y', null, 'LOCAL')
2025-06-16T21:21:59.928Z DEBUG 2930 --- [           main] o.s.jdbc.datasource.init.ScriptUtils     : 1 returned as update count for SQL: insert into users(id, email, first_name, last_name, city, address, phone_number, post_index, activation_code, active, password, password_reset_code, provider) values (126, 'helloworld@test.com', 'John2', 'Doe2', 'New York', 'Wall Street1', '1234567890', '1234567890','8e97dc37-2cf5-47e2-98e0',false,'$2a$08$kS2f5m8eYoNpc.ZECzndGuXiqaWmCaFfOGMQquodP48qrD7.cQG4y','3f9bcdb0-2241-4c34-803e-598b497d571f', 'LOCAL')
2025-06-16T21:21:59.928Z DEBUG 2930 --- [           main] o.s.jdbc.datasource.init.ScriptUtils     : 1 returned as update count for SQL: insert into user_role (user_id, roles) values (1, 'ADMIN')
2025-06-16T21:21:59.928Z DEBUG 2930 --- [           main] o.s.jdbc.datasource.init.ScriptUtils     : 1 returned as update count for SQL: insert into user_role (user_id, roles) values (122, 'USER')
2025-06-16T21:21:59.929Z DEBUG 2930 --- [           main] o.s.jdbc.datasource.init.ScriptUtils     : 1 returned as update count for SQL: insert into user_role (user_id, roles) values (126, 'USER')
2025-06-16T21:21:59.929Z DEBUG 2930 --- [           main] o.s.jdbc.datasource.init.ScriptUtils     : Executed SQL script from class path resource [sql/create-user-before.sql] in 3 ms.
2025-06-16T21:21:59.929Z DEBUG 2930 --- [           main] o.s.jdbc.datasource.init.ScriptUtils     : Executing SQL script from class path resource [sql/create-perfumes-before.sql]
2025-06-16T21:21:59.930Z DEBUG 2930 --- [           main] o.s.jdbc.datasource.init.ScriptUtils     : 1 returned as update count for SQL: INSERT INTO perfume (id, country, description, filename, fragrance_base_notes, fragrance_middle_notes, fragrance_top_notes, perfume_gender, perfume_title, perfumer, price, type, volume, year, perfume_rating) VALUES (1, 'Germany', null, 'https://perfumeswebstorage.s3.eu-central-1.amazonaws.com/4735a4c8-e1fc-43ce-8ff9-0bd28d00ce20.Hugo Boss Boss Bottled Night.jpg', 'Salmwood, Musky notes, Sandalwood', 'Cardamom, Jasmine, African violet', 'Birch leaf, Lavender', 'male', 'Boss Bottled Night', 'Hugo Boss', 35, 'Eau de Toilette', '100', 20100, 0)
2025-06-16T21:21:59.930Z DEBUG 2930 --- [           main] o.s.jdbc.datasource.init.ScriptUtils     : 1 returned as update count for SQL: INSERT INTO perfume (id, country, description, filename, fragrance_base_notes, fragrance_middle_notes, fragrance_top_notes, perfume_gender, perfume_title, perfumer, price, type, volume, year, perfume_rating) VALUES (2, 'Germany', null, 'https://perfumeswebstorage.s3.eu-central-1.amazonaws.com/17d6f8a1-aa84-4823-bd18-ccb0fdbe7fe9.Hugo Boss Hugo Man.jpg', 'Moss, Sandalwood, Fir balsam', 'Carnation, Geranium leaf, Jasmine', 'Basil, Grapefruit, Green apple, Mint', 'male', 'Hugo Man', 'Hugo Boss', 21, 'Eau de Toilette', '75', 19950, 0)
2025-06-16T21:21:59.930Z DEBUG 2930 --- [           main] o.s.jdbc.datasource.init.ScriptUtils     : 1 returned as update count for SQL: INSERT INTO perfume (id, country, description, filename, fragrance_base_notes, fragrance_middle_notes, fragrance_top_notes, perfume_gender, perfume_title, perfumer, price, type, volume, year, perfume_rating) VALUES (3, 'Germany', null, 'https://perfumeswebstorage.s3.eu-central-1.amazonaws.com/ba9272ca-20af-4e41-89b7-24018be4acb1.Hugo Boss The Scent.jpg', 'Leather', 'Maninka fruit, Lavender', 'Ginger', 'male', 'The Scent', 'Hugo Boss', 45, 'Eau de Toilette', '100', 20150, 0)
2025-06-16T21:21:59.931Z DEBUG 2930 --- [           main] o.s.jdbc.datasource.init.ScriptUtils     : 1 returned as update count for SQL: INSERT INTO perfume (id, country, description, filename, fragrance_base_notes, fragrance_middle_notes, fragrance_top_notes, perfume_gender, perfume_title, perfumer, price, type, volume, year, perfume_rating) VALUES (4, 'Germany', null, 'https://perfumeswebstorage.s3.eu-central-1.amazonaws.com/540f8e7d-2259-4a20-becf-4ed5cfc2912e.Hugo Boss Boss Woman.jpg', 'Sandalwood, Cedar', 'Freesia, Violet root', 'Mandarin orange, Mango', 'female', 'Boss Woman', 'Hugo Boss', 26, 'Eau de parfum', '90', 20000, 0)
2025-06-16T21:21:59.931Z DEBUG 2930 --- [           main] o.s.jdbc.datasource.init.ScriptUtils     : 1 returned as update count for SQL: INSERT INTO perfume (id, country, description, filename, fragrance_base_notes, fragrance_middle_notes, fragrance_top_notes, perfume_gender, perfume_title, perfumer, price, type, volume, year, perfume_rating) VALUES (5, 'Germany', null, 'https://perfumeswebstorage.s3.eu-central-1.amazonaws.com/1fb6dd1b-a134-4e6f-8215-60d465d33d72.Hugo Boss Hugo Deep Red.jpg', 'Musk, Sandalwood, Vanilla', 'Freesia, Hibiscus, Ginger', 'Pear, Blood orange, Clementine', 'female', 'Deep Red', 'Hugo Boss', 27, 'Eau de parfum', '90', 20010, 0)
2025-06-16T21:21:59.931Z DEBUG 2930 --- [           main] o.s.jdbc.datasource.init.ScriptUtils     : 1 returned as update count for SQL: INSERT INTO perfume (id, country, description, filename, fragrance_base_notes, fragrance_middle_notes, fragrance_top_notes, perfume_gender, perfume_title, perfumer, price, type, volume, year, perfume_rating) VALUES (6, 'Germany', null, 'https://perfumeswebstorage.s3.eu-central-1.amazonaws.com/62e9bf9b-8fea-4eb2-9935-21e868e1b93d.Hugo Boss The Scent For Her.jpg', 'Roasted cocoa', 'Osmanthus', 'Peach, Freesia', 'female', 'The Scent For Her', 'Hugo Boss', 47, 'Eau de parfum', '100', 20160, 0)
2025-06-16T21:21:59.932Z DEBUG 2930 --- [           main] o.s.jdbc.datasource.init.ScriptUtils     : 1 returned as update count for SQL: INSERT INTO perfume (id, country, description, filename, fragrance_base_notes, fragrance_middle_notes, fragrance_top_notes, perfume_gender, perfume_title, perfumer, price, type, volume, year, perfume_rating) VALUES (26, 'Spain', null, 'https://perfumeswebstorage.s3.eu-central-1.amazonaws.com/6524de16-c086-49fe-a6e5-c9efc35f1a02.Carolina Herrera Bad Boy.jpg', 'Tonka bean, Cocoa absolute', 'Cedarwood, Sage', 'Black pepper, White pepper, Italian bergamot', 'male', 'Bad Boy', 'Carolina Herrera', 76, 'Eau de Toilette', '100', 20190, 0)
2025-06-16T21:21:59.932Z DEBUG 2930 --- [           main] o.s.jdbc.datasource.init.ScriptUtils     : 1 returned as update count for SQL: INSERT INTO perfume (id, country, description, filename, fragrance_base_notes, fragrance_middle_notes, fragrance_top_notes, perfume_gender, perfume_title, perfumer, price, type, volume, year, perfume_rating) VALUES (27, 'Spain', null, 'https://perfumeswebstorage.s3.eu-central-1.amazonaws.com/184c9da2-2445-4b01-87b8-b4f8b5f6ab8c.Carolina Herrera Good Girl.jpg', 'Roasted tonka bean, Cocoa, Sandalwood', 'Tuberose, Bulgarian rose, Jasmine sambac', 'Bergamot, Lemon', 'female', 'Good Girl', 'Carolina Herrera', 156, 'Eau de parfum', '150', 20160, 0)
2025-06-16T21:21:59.932Z DEBUG 2930 --- [           main] o.s.jdbc.datasource.init.ScriptUtils     : 1 returned as update count for SQL: INSERT INTO perfume (id, country, description, filename, fragrance_base_notes, fragrance_middle_notes, fragrance_top_notes, perfume_gender, perfume_title, perfumer, price, type, volume, year, perfume_rating) VALUES (28, 'France', null, 'https://perfumeswebstorage.s3.eu-central-1.amazonaws.com/e31f6d6c-e585-40a4-970c-f25322667924.Chanel Allure homme Sport.jpg', 'Amber, Musk, Tonka bean', 'Neroli, Pepper, Cedar', 'Aldehydes, Mandarin orange, Seawater', 'male', 'Allure homme Sport', 'Chanel', 85, 'Eau de Toilette', '100', 20040, 0)
2025-06-16T21:21:59.933Z DEBUG 2930 --- [           main] o.s.jdbc.datasource.init.ScriptUtils     : 1 returned as update count for SQL: INSERT INTO perfume (id, country, description, filename, fragrance_base_notes, fragrance_middle_notes, fragrance_top_notes, perfume_gender, perfume_title, perfumer, price, type, volume, year, perfume_rating) VALUES (29, 'France', null, 'https://perfumeswebstorage.s3.eu-central-1.amazonaws.com/ac6c7a11-97f8-44b1-9b10-f96997212dd4.Chanel Bleu de Chanel Eau de Parfum.jpg', 'Ginger, Sandalwood, Frankincense', 'Grapefruit, Labdanum, Cedar', 'Pink pepper, Vetiver, Citrus notes', 'male', 'Bleu de Chanel', 'Chanel', 88, 'Eau de parfum', '100', 20140, 0)
2025-06-16T21:21:59.933Z DEBUG 2930 --- [           main] o.s.jdbc.datasource.init.ScriptUtils     : 1 returned as update count for SQL: INSERT INTO perfume (id, country, description, filename, fragrance_base_notes, fragrance_middle_notes, fragrance_top_notes, perfume_gender, perfume_title, perfumer, price, type, volume, year, perfume_rating) VALUES (30, 'France', null, 'https://perfumeswebstorage.s3.eu-central-1.amazonaws.com/7049225c-03bb-45a7-ba6a-86274f8668b9.Chanel Egoiste Platinum.jpg', 'Amber, Oakmoss, Sandalwood', 'Galbanum, Geranium, Jasmine', 'Lavender, Neroli, Petitgrain', 'male', 'Egoiste Platinum', 'Chanel', 70, 'Eau de Toilette', '100', 19930, 0)
2025-06-16T21:21:59.933Z DEBUG 2930 --- [           main] o.s.jdbc.datasource.init.ScriptUtils     : 1 returned as update count for SQL: INSERT INTO perfume (id, country, description, filename, fragrance_base_notes, fragrance_middle_notes, fragrance_top_notes, perfume_gender, perfume_title, perfumer, price, type, volume, year, perfume_rating) VALUES (31, 'France', null, 'https://perfumeswebstorage.s3.eu-central-1.amazonaws.com/bcc4bb2a-907d-4531-9d7f-178c765c5ed3.Chanel Chance Eau Fraiche.jpg', 'Amber, Iris, Musk, Patchouli', 'Jasmine, Pink pepper, Water hyacinth', 'Cedar, Citrus fruits', 'female', 'Chance Eau Fraiche', 'Chanel', 90, 'Eau de Toilette', '100', 20070, 0)
2025-06-16T21:21:59.934Z DEBUG 2930 --- [           main] o.s.jdbc.datasource.init.ScriptUtils     : 1 returned as update count for SQL: INSERT INTO perfume (id, country, description, filename, fragrance_base_notes, fragrance_middle_notes, fragrance_top_notes, perfume_gender, perfume_title, perfumer, price, type, volume, year, perfume_rating) VALUES (32, 'France', null, 'https://perfumeswebstorage.s3.eu-central-1.amazonaws.com/2b5f80ca-e0f3-4e99-b5e4-11ccb9153b00.Chanel Gabrielle Essence.jpg', 'Sandalwood, Vanilla, White musk', 'Tuberose, Jasmine, Ylang-ylang', 'Citrus fruits, Red fruits', 'female', 'Gabrielle Essence', 'Chanel', 104, 'Eau de parfum', '100', 20190, 0)
2025-06-16T21:21:59.934Z DEBUG 2930 --- [           main] o.s.jdbc.datasource.init.ScriptUtils     : 1 returned as update count for SQL: INSERT INTO perfume (id, country, description, filename, fragrance_base_notes, fragrance_middle_notes, fragrance_top_notes, perfume_gender, perfume_title, perfumer, price, type, volume, year, perfume_rating) VALUES (33, 'France', null, 'https://perfumeswebstorage.s3.eu-central-1.amazonaws.com/4b51181b-5551-4321-b5e7-f7612584c9b2.Chanel N5.jpg', 'Amber, Sandalwood, Vanilla', 'Iris, Grasse jasmine', 'Aldehydes, Bergamot, Neroli', 'female', 'Chanel N5', 'Chanel', 192, 'Eau de parfum', '200', 19210, 0)
2025-06-16T21:21:59.934Z DEBUG 2930 --- [           main] o.s.jdbc.datasource.init.ScriptUtils     : 1 returned as update count for SQL: INSERT INTO perfume (id, country, description, filename, fragrance_base_notes, fragrance_middle_notes, fragrance_top_notes, perfume_gender, perfume_title, perfumer, price, type, volume, year, perfume_rating) VALUES (34, 'France', null, 'https://perfumeswebstorage.s3.eu-central-1.amazonaws.com/bdb203a9-0725-4ed4-a71a-db7eeb915fae.Creed Aventus.jpg', 'Ambergris, Oakmoss, Musk', 'Birch, Jasmine, Patchouli', 'Pineapple, Apple, Bergamot, Blackcurrant', 'male', 'Aventus', 'Creed', 152, 'Eau de parfum', '100', 20100, 0)
2025-06-16T21:21:59.935Z DEBUG 2930 --- [           main] o.s.jdbc.datasource.init.ScriptUtils     : 1 returned as update count for SQL: INSERT INTO perfume (id, country, description, filename, fragrance_base_notes, fragrance_middle_notes, fragrance_top_notes, perfume_gender, perfume_title, perfumer, price, type, volume, year, perfume_rating) VALUES (35, 'France', null, 'https://perfumeswebstorage.s3.eu-central-1.amazonaws.com/162cfbe2-2dc2-4271-8a63-23981a7e3cc4.Creed Bois du Portugal.jpg', 'Sandalwood, Vetiver, Ambergris', 'Cedarwood', 'Bergamot, Lavender', 'male', 'Bois du Portugal', 'Creed', 110, 'Eau de parfum', '100', 19870, 0)
2025-06-16T21:21:59.935Z DEBUG 2930 --- [           main] o.s.jdbc.datasource.init.ScriptUtils     : 1 returned as update count for SQL: INSERT INTO perfume (id, country, description, filename, fragrance_base_notes, fragrance_middle_notes, fragrance_top_notes, perfume_gender, perfume_title, perfumer, price, type, volume, year, perfume_rating) VALUES (36, 'France', null, 'https://perfumeswebstorage.s3.eu-central-1.amazonaws.com/1d428b77-0ffd-449f-bcaa-04a094b51de7.Creed Original Vetiver.jpg', 'Ambergris, Sandalwood, Musk, Vetiver', 'White pepper, Coriander, Pink pepper', 'Bergamot, Bitter orange, Mandarin orange', 'male', 'Original Vetiver', 'Creed', 97, 'Eau de parfum', '100', 20040, 0)
2025-06-16T21:21:59.935Z DEBUG 2930 --- [           main] o.s.jdbc.datasource.init.ScriptUtils     : 1 returned as update count for SQL: INSERT INTO perfume (id, country, description, filename, fragrance_base_notes, fragrance_middle_notes, fragrance_top_notes, perfume_gender, perfume_title, perfumer, price, type, volume, year, perfume_rating) VALUES (37, 'France', null, 'https://perfumeswebstorage.s3.eu-central-1.amazonaws.com/5fd3de8e-1022-47a2-ae58-a089a65bd90c.Creed Acqua Fiorentina.jpg', 'Grapefruit, Sandalwood, Cedar', 'Bergamot, Pear, Rose', 'Apple, Prune, Greengage plum', 'female', 'Acqua Fiorentina', 'Creed', 100, 'Eau de parfum', '75', 20090, 0)
2025-06-16T21:21:59.936Z DEBUG 2930 --- [           main] o.s.jdbc.datasource.init.ScriptUtils     : 1 returned as update count for SQL: INSERT INTO perfume (id, country, description, filename, fragrance_base_notes, fragrance_middle_notes, fragrance_top_notes, perfume_gender, perfume_title, perfumer, price, type, volume, year, perfume_rating) VALUES (38, 'France', null, 'https://perfumeswebstorage.s3.eu-central-1.amazonaws.com/7d32f694-9cc3-4770-844a-47400e6f5c6b.Creed Aventus for Her.jpg', 'Peach, Blackcurrant, Ylang-ylang', 'Rose, Styrax, Mysore sandalwood', 'Green apple, Violet leaf, Calabrian bergamot', 'female', 'Aventus for Her', 'Creed', 141, 'Eau de parfum', '75', 20160, 0)
2025-06-16T21:21:59.936Z DEBUG 2930 --- [           main] o.s.jdbc.datasource.init.ScriptUtils     : 1 returned as update count for SQL: INSERT INTO perfume (id, country, description, filename, fragrance_base_notes, fragrance_middle_notes, fragrance_top_notes, perfume_gender, perfume_title, perfumer, price, type, volume, year, perfume_rating) VALUES (39, 'France', null, 'https://perfumeswebstorage.s3.eu-central-1.amazonaws.com/cbb8efd1-f55a-4db3-8511-f0b5b446533d.Creed Love in Black.jpg', 'Rose, Burgundy blackcurrant, Violet', 'Florentine iris, Clove', 'White violet', 'female', 'Love in Black', 'Creed', 89, 'Eau de parfum', '75', 20080, 0)
2025-06-16T21:21:59.936Z DEBUG 2930 --- [           main] o.s.jdbc.datasource.init.ScriptUtils     : 1 returned as update count for SQL: INSERT INTO perfume (id, country, description, filename, fragrance_base_notes, fragrance_middle_notes, fragrance_top_notes, perfume_gender, perfume_title, perfumer, price, type, volume, year, perfume_rating) VALUES (40, 'France', null, 'https://perfumeswebstorage.s3.eu-central-1.amazonaws.com/0f0acb70-dc64-474f-878a-1b214d250d94.CreedLoveinWhite.jpg', 'Ambergris, Mysore sandalwood, Vanilla', 'Florentine iris, Yellow narcissus, Magnolia', 'Orange zest', 'female', 'Love in White', 'Creed', 94, 'Eau de parfum', '75', 20050, 0)
2025-06-16T21:21:59.937Z DEBUG 2930 --- [           main] o.s.jdbc.datasource.init.ScriptUtils     : 1 returned as update count for SQL: INSERT INTO perfume (id, country, description, filename, fragrance_base_notes, fragrance_middle_notes, fragrance_top_notes, perfume_gender, perfume_title, perfumer, price, type, volume, year, perfume_rating) VALUES (41, 'France', null, 'https://perfumeswebstorage.s3.eu-central-1.amazonaws.com/0158183f-2412-4c61-a962-7c96e43c19c3.Dior Fahrenheit.jpg', 'Amber, Leather, Musk', 'Carnation, Honeysuckle, Jasmine', 'Bergamot, Camomile, Lavender, Mandarin orange', 'male', 'Fahrenheit', 'Dior', 62, 'Eau de Toilette', '100', 19880, 0)
2025-06-16T21:21:59.937Z DEBUG 2930 --- [           main] o.s.jdbc.datasource.init.ScriptUtils     : 1 returned as update count for SQL: INSERT INTO perfume (id, country, description, filename, fragrance_base_notes, fragrance_middle_notes, fragrance_top_notes, perfume_gender, perfume_title, perfumer, price, type, volume, year, perfume_rating) VALUES (42, 'France', null, 'https://perfumeswebstorage.s3.eu-central-1.amazonaws.com/27f0b3d3-2634-4e74-971a-f780c4480482.Dior Homme.jpg', 'Virginia cedar', 'Ecuadorian ambrette seed', 'Florentine iris absolute', 'male', 'Homme', 'Dior', 90, 'Eau de parfum', '100', 20070, 0)
2025-06-16T21:21:59.937Z DEBUG 2930 --- [           main] o.s.jdbc.datasource.init.ScriptUtils     : 1 returned as update count for SQL: INSERT INTO perfume (id, country, description, filename, fragrance_base_notes, fragrance_middle_notes, fragrance_top_notes, perfume_gender, perfume_title, perfumer, price, type, volume, year, perfume_rating) VALUES (43, 'France', null, 'https://perfumeswebstorage.s3.eu-central-1.amazonaws.com/03e65b3b-7b1f-400c-9bb8-a8956bdaa4be.Dior Sauvage.jpg', 'Ambroxan', 'Bergamot', 'Sichuan Pepper', 'male', 'Sauvage', 'Dior', 62, 'Eau de Toilette', '100', 20150, 0)
2025-06-16T21:21:59.937Z DEBUG 2930 --- [           main] o.s.jdbc.datasource.init.ScriptUtils     : 1 returned as update count for SQL: INSERT INTO perfume (id, country, description, filename, fragrance_base_notes, fragrance_middle_notes, fragrance_top_notes, perfume_gender, perfume_title, perfumer, price, type, volume, year, perfume_rating) VALUES (44, 'France', null, 'https://perfumeswebstorage.s3.eu-central-1.amazonaws.com/94c85cfd-f090-4d49-b2e9-dcff34eec8c1.Dior Jadore.jpg', 'Vanilla, Cedar, Musk', 'Lily of the valley, Rose, Violet', 'Bergamot, Pear, Melon, Peach', 'female', 'Jadore', 'Dior', 81, 'Eau de parfum', '100', 19990, 0)
2025-06-16T21:21:59.938Z DEBUG 2930 --- [           main] o.s.jdbc.datasource.init.ScriptUtils     : 1 returned as update count for SQL: INSERT INTO perfume (id, country, description, filename, fragrance_base_notes, fragrance_middle_notes, fragrance_top_notes, perfume_gender, perfume_title, perfumer, price, type, volume, year, perfume_rating) VALUES (45, 'France', null, 'https://perfumeswebstorage.s3.eu-central-1.amazonaws.com/85f8de21-24d5-473b-8d63-6ba6c2d4d25e.Dior Miss Dior.jpg', 'Ambergris, Musk, Patchouli', 'Jasmine, Caramel, Popcorn', 'Pineapple, Cherry, Mandarin orange', 'female', 'Miss Dior', 'Dior', 90, 'Eau de parfum', '100', 20110, 0)
2025-06-16T21:21:59.938Z DEBUG 2930 --- [           main] o.s.jdbc.datasource.init.ScriptUtils     : 1 returned as update count for SQL: INSERT INTO perfume (id, country, description, filename, fragrance_base_notes, fragrance_middle_notes, fragrance_top_notes, perfume_gender, perfume_title, perfumer, price, type, volume, year, perfume_rating) VALUES (46, 'France', null, 'https://perfumeswebstorage.s3.eu-central-1.amazonaws.com/63534821-1eb9-4b44-afd3-61c3b8ca4a25.Dior Poison Girl.jpg', 'Venezuelan tonka bean', 'Grasse rose', 'Bitter orange', 'female', 'Poison Girl', 'Dior', 75, 'Eau de parfum', '100', 20160, 0)
2025-06-16T21:21:59.939Z DEBUG 2930 --- [           main] o.s.jdbc.datasource.init.ScriptUtils     : 1 returned as update count for SQL: INSERT INTO review (id, author, date, message, rating) VALUES (123, 'John', '2021-02-07', 'Hello world', 5)
2025-06-16T21:21:59.939Z DEBUG 2930 --- [           main] o.s.jdbc.datasource.init.ScriptUtils     : 1 returned as update count for SQL: INSERT INTO review (id, author, date, message, rating) VALUES (124, 'John2', '2021-02-07', 'Hello world2', 4)
2025-06-16T21:21:59.939Z DEBUG 2930 --- [           main] o.s.jdbc.datasource.init.ScriptUtils     : 1 returned as update count for SQL: INSERT INTO perfume_reviews (perfume_id, reviews_id) VALUES (2, 123)
2025-06-16T21:21:59.940Z DEBUG 2930 --- [           main] o.s.jdbc.datasource.init.ScriptUtils     : 1 returned as update count for SQL: INSERT INTO perfume_reviews (perfume_id, reviews_id) VALUES (2, 124)
2025-06-16T21:21:59.940Z DEBUG 2930 --- [           main] o.s.jdbc.datasource.init.ScriptUtils     : Executed SQL script from class path resource [sql/create-perfumes-before.sql] in 11 ms.
2025-06-16T21:21:59.940Z DEBUG 2930 --- [           main] o.s.orm.jpa.JpaTransactionManager        : Initiating transaction commit
2025-06-16T21:21:59.940Z DEBUG 2930 --- [           main] o.s.orm.jpa.JpaTransactionManager        : Committing JPA transaction on EntityManager [SessionImpl(1973202279<open>)]
2025-06-16T21:21:59.940Z DEBUG 2930 --- [           main] o.s.orm.jpa.JpaTransactionManager        : Closing JPA EntityManager [SessionImpl(1973202279<open>)] after transaction
2025-06-16T21:21:59.940Z DEBUG 2930 --- [           main] org.springframework.test.context.cache   : Spring test ApplicationContext cache statistics: [DefaultContextCache@6f416866 size = 1, maxSize = 32, parentContextCount = 0, hitCount = 777, missCount = 1, failureCount = 0]
2025-06-16T21:21:59.940Z DEBUG 2930 --- [           main] org.springframework.test.context.cache   : Spring test ApplicationContext cache statistics: [DefaultContextCache@6f416866 size = 1, maxSize = 32, parentContextCount = 0, hitCount = 778, missCount = 1, failureCount = 0]
2025-06-16T21:21:59.941Z DEBUG 2930 --- [           main] org.springframework.test.context.cache   : Spring test ApplicationContext cache statistics: [DefaultContextCache@6f416866 size = 1, maxSize = 32, parentContextCount = 0, hitCount = 779, missCount = 1, failureCount = 0]
2025-06-16T21:21:59.942Z DEBUG 2930 --- [           main] org.springframework.test.context.cache   : Spring test ApplicationContext cache statistics: [DefaultContextCache@6f416866 size = 1, maxSize = 32, parentContextCount = 0, hitCount = 780, missCount = 1, failureCount = 0]
2025-06-16T21:21:59.943Z DEBUG 2930 --- [           main] o.s.test.util.ReflectionTestUtils        : Invoking method 'getFilters' on target object [FilterChainProxy[Filter Chains: null]] or target class [null] with arguments {org.springframework.mock.web.MockHttpServletRequest@199adccc}
2025-06-16T21:21:59.943Z DEBUG 2930 --- [           main] o.s.test.util.ReflectionTestUtils        : Getting field 'tokenRepository' from target object [org.springframework.security.web.csrf.CsrfFilter@d0a33eb] or target class [class org.springframework.security.web.csrf.CsrfFilter]
2025-06-16T21:21:59.943Z DEBUG 2930 --- [           main] o.s.test.util.ReflectionTestUtils        : Invoking method 'getFilters' on target object [FilterChainProxy[Filter Chains: null]] or target class [null] with arguments {org.springframework.mock.web.MockHttpServletRequest@199adccc}
2025-06-16T21:21:59.943Z DEBUG 2930 --- [           main] o.s.test.util.ReflectionTestUtils        : Getting field 'requestHandler' from target object [org.springframework.security.web.csrf.CsrfFilter@d0a33eb] or target class [class org.springframework.security.web.csrf.CsrfFilter]
2025-06-16T21:21:59.944Z DEBUG 2930 --- [           main] o.s.security.web.FilterChainProxy        : Securing POST /api/v1/users/cart
2025-06-16T21:21:59.946Z DEBUG 2930 --- [           main] o.s.s.w.a.AnonymousAuthenticationFilter  : Set SecurityContextHolder to anonymous SecurityContext
2025-06-16T21:21:59.946Z DEBUG 2930 --- [           main] o.s.security.web.FilterChainProxy        : Secured POST /api/v1/users/cart
2025-06-16T21:21:59.946Z DEBUG 2930 --- [           main] o.s.t.web.servlet.TestDispatcherServlet  : POST "/api/v1/users/cart", parameters={masked}
2025-06-16T21:21:59.946Z DEBUG 2930 --- [           main] s.w.s.m.m.a.RequestMappingHandlerMapping : Mapped to com.gmail.merikbest2015.ecommerce.controller.UserController#getCart(List)
2025-06-16T21:21:59.946Z DEBUG 2930 --- [           main] o.j.s.OpenEntityManagerInViewInterceptor : Opening JPA EntityManager in OpenEntityManagerInViewInterceptor
2025-06-16T21:21:59.947Z DEBUG 2930 --- [           main] m.m.a.RequestResponseBodyMethodProcessor : Read "application/json;charset=UTF-8" to [[2, 4]]
2025-06-16T21:21:59.947Z  INFO 2930 --- [           main] c.g.m.e.controller.UserController        : Fetching cart for perfumesIds=[2, 4]
2025-06-16T21:21:59.947Z  INFO 2930 --- [           main] c.g.m.e.service.Impl.UserServiceImpl     : Fetching perfumes for cart with ids: [2, 4]
2025-06-16T21:21:59.952Z  INFO 2930 --- [           main] c.g.m.e.controller.UserController        : Cart fetched with 2 items
CLASS: [UserController], METHOD: [getCart()], REQUEST: [2, 4]
CLASS: [UserController], METHOD: [getCart()], RESPONSE: <200 OK OK,[com.gmail.merikbest2015.ecommerce.dto.perfume.PerfumeResponse@73ecdbd9, com.gmail.merikbest2015.ecommerce.dto.perfume.PerfumeResponse@2f675a6c],[]>
2025-06-16T21:21:59.952Z DEBUG 2930 --- [           main] o.s.w.s.m.m.a.HttpEntityMethodProcessor  : Using 'application/json', given [*/*] and supported [application/json, application/*+json, application/yaml]
2025-06-16T21:21:59.952Z DEBUG 2930 --- [           main] o.s.w.s.m.m.a.HttpEntityMethodProcessor  : Writing [[com.gmail.merikbest2015.ecommerce.dto.perfume.PerfumeResponse@73ecdbd9, com.gmail.merikbest2015.eco (truncated)...]
2025-06-16T21:21:59.953Z DEBUG 2930 --- [           main] o.j.s.OpenEntityManagerInViewInterceptor : Closing JPA EntityManager in OpenEntityManagerInViewInterceptor
2025-06-16T21:21:59.953Z DEBUG 2930 --- [           main] o.s.t.web.servlet.TestDispatcherServlet  : Completed 200 OK
2025-06-16T21:21:59.955Z DEBUG 2930 --- [           main] org.springframework.test.context.cache   : Spring test ApplicationContext cache statistics: [DefaultContextCache@6f416866 size = 1, maxSize = 32, parentContextCount = 0, hitCount = 781, missCount = 1, failureCount = 0]
2025-06-16T21:21:59.955Z DEBUG 2930 --- [           main] org.springframework.test.context.cache   : Spring test ApplicationContext cache statistics: [DefaultContextCache@6f416866 size = 1, maxSize = 32, parentContextCount = 0, hitCount = 782, missCount = 1, failureCount = 0]
2025-06-16T21:21:59.956Z DEBUG 2930 --- [           main] org.springframework.test.context.cache   : Spring test ApplicationContext cache statistics: [DefaultContextCache@6f416866 size = 1, maxSize = 32, parentContextCount = 0, hitCount = 783, missCount = 1, failureCount = 0]
2025-06-16T21:21:59.956Z DEBUG 2930 --- [           main] org.springframework.test.context.cache   : Spring test ApplicationContext cache statistics: [DefaultContextCache@6f416866 size = 1, maxSize = 32, parentContextCount = 0, hitCount = 784, missCount = 1, failureCount = 0]
2025-06-16T21:21:59.956Z DEBUG 2930 --- [           main] org.springframework.test.context.cache   : Spring test ApplicationContext cache statistics: [DefaultContextCache@6f416866 size = 1, maxSize = 32, parentContextCount = 0, hitCount = 785, missCount = 1, failureCount = 0]
2025-06-16T21:21:59.956Z DEBUG 2930 --- [           main] org.springframework.test.context.cache   : Spring test ApplicationContext cache statistics: [DefaultContextCache@6f416866 size = 1, maxSize = 32, parentContextCount = 0, hitCount = 786, missCount = 1, failureCount = 0]
2025-06-16T21:21:59.957Z DEBUG 2930 --- [           main] org.springframework.test.context.cache   : Spring test ApplicationContext cache statistics: [DefaultContextCache@6f416866 size = 1, maxSize = 32, parentContextCount = 0, hitCount = 787, missCount = 1, failureCount = 0]
2025-06-16T21:21:59.957Z DEBUG 2930 --- [           main] org.springframework.test.context.cache   : Spring test ApplicationContext cache statistics: [DefaultContextCache@6f416866 size = 1, maxSize = 32, parentContextCount = 0, hitCount = 788, missCount = 1, failureCount = 0]
2025-06-16T21:21:59.957Z DEBUG 2930 --- [           main] .s.t.c.j.SqlScriptsTestExecutionListener : Processing merged @SqlConfig attributes for execution phase [AFTER_TEST_METHOD] and test class [com.gmail.merikbest2015.ecommerce.controller.UserControllerTest]
2025-06-16T21:21:59.957Z DEBUG 2930 --- [           main] org.springframework.test.context.cache   : Spring test ApplicationContext cache statistics: [DefaultContextCache@6f416866 size = 1, maxSize = 32, parentContextCount = 0, hitCount = 789, missCount = 1, failureCount = 0]
2025-06-16T21:21:59.957Z DEBUG 2930 --- [           main] .s.t.c.j.SqlScriptsTestExecutionListener : Executing SQL scripts: [class path resource [sql/create-user-after.sql], class path resource [sql/create-perfumes-after.sql]]
2025-06-16T21:21:59.957Z DEBUG 2930 --- [           main] org.springframework.test.context.cache   : Spring test ApplicationContext cache statistics: [DefaultContextCache@6f416866 size = 1, maxSize = 32, parentContextCount = 0, hitCount = 790, missCount = 1, failureCount = 0]
2025-06-16T21:21:59.957Z DEBUG 2930 --- [           main] org.springframework.test.context.cache   : Spring test ApplicationContext cache statistics: [DefaultContextCache@6f416866 size = 1, maxSize = 32, parentContextCount = 0, hitCount = 791, missCount = 1, failureCount = 0]
2025-06-16T21:21:59.957Z DEBUG 2930 --- [           main] o.s.orm.jpa.JpaTransactionManager        : Creating new transaction with name [com.gmail.merikbest2015.ecommerce.controller.UserControllerTest]: PROPAGATION_REQUIRED,ISOLATION_DEFAULT
2025-06-16T21:21:59.957Z DEBUG 2930 --- [           main] o.s.orm.jpa.JpaTransactionManager        : Opened new EntityManager [SessionImpl(863428870<open>)] for JPA transaction
2025-06-16T21:21:59.957Z DEBUG 2930 --- [           main] o.s.orm.jpa.JpaTransactionManager        : Exposing JPA transaction as JDBC [org.springframework.orm.jpa.vendor.HibernateJpaDialect$HibernateConnectionHandle@e9b6247]
2025-06-16T21:21:59.957Z DEBUG 2930 --- [           main] o.s.jdbc.datasource.init.ScriptUtils     : Executing SQL script from class path resource [sql/create-user-after.sql]
2025-06-16T21:21:59.958Z DEBUG 2930 --- [           main] o.s.jdbc.datasource.init.ScriptUtils     : 3 returned as update count for SQL: delete from user_role
2025-06-16T21:21:59.958Z DEBUG 2930 --- [           main] o.s.jdbc.datasource.init.ScriptUtils     : 3 returned as update count for SQL: delete from users
2025-06-16T21:21:59.958Z DEBUG 2930 --- [           main] o.s.jdbc.datasource.init.ScriptUtils     : Executed SQL script from class path resource [sql/create-user-after.sql] in 1 ms.
2025-06-16T21:21:59.958Z DEBUG 2930 --- [           main] o.s.jdbc.datasource.init.ScriptUtils     : Executing SQL script from class path resource [sql/create-perfumes-after.sql]
2025-06-16T21:21:59.958Z DEBUG 2930 --- [           main] o.s.jdbc.datasource.init.ScriptUtils     : 2 returned as update count for SQL: delete from perfume_reviews
2025-06-16T21:21:59.959Z DEBUG 2930 --- [           main] o.s.jdbc.datasource.init.ScriptUtils     : 2 returned as update count for SQL: delete from review
2025-06-16T21:21:59.959Z DEBUG 2930 --- [           main] o.s.jdbc.datasource.init.ScriptUtils     : 27 returned as update count for SQL: delete from perfume
2025-06-16T21:21:59.959Z DEBUG 2930 --- [           main] o.s.jdbc.datasource.init.ScriptUtils     : Executed SQL script from class path resource [sql/create-perfumes-after.sql] in 1 ms.
2025-06-16T21:21:59.959Z DEBUG 2930 --- [           main] o.s.orm.jpa.JpaTransactionManager        : Initiating transaction commit
2025-06-16T21:21:59.959Z DEBUG 2930 --- [           main] o.s.orm.jpa.JpaTransactionManager        : Committing JPA transaction on EntityManager [SessionImpl(863428870<open>)]
2025-06-16T21:21:59.960Z DEBUG 2930 --- [           main] o.s.orm.jpa.JpaTransactionManager        : Closing JPA EntityManager [SessionImpl(863428870<open>)] after transaction
2025-06-16T21:21:59.960Z DEBUG 2930 --- [           main] .c.s.DirtiesContextTestExecutionListener : After test method: class [UserControllerTest], method [getCart], class annotated with @DirtiesContext [false] with mode [null], method annotated with @DirtiesContext [false] with mode [null]
2025-06-16T21:21:59.960Z DEBUG 2930 --- [           main] ObservationRegistryTestExecutionListener : Restoring ObservationRegistry in ObservationThreadLocalAccessor for test class com.gmail.merikbest2015.ecommerce.controller.UserControllerTest
2025-06-16T21:21:59.960Z DEBUG 2930 --- [           main] o.s.t.c.w.ServletTestExecutionListener   : Resetting RequestContextHolder for test class com.gmail.merikbest2015.ecommerce.controller.UserControllerTest
]]></system-out>
  </testcase>
  <testcase name="updateUserInfo" classname="com.gmail.merikbest2015.ecommerce.controller.UserControllerTest" time="0.05">
    <system-out><![CDATA[2025-06-16T21:21:59.961Z DEBUG 2930 --- [           main] org.springframework.test.context.cache   : Spring test ApplicationContext cache statistics: [DefaultContextCache@6f416866 size = 1, maxSize = 32, parentContextCount = 0, hitCount = 792, missCount = 1, failureCount = 0]
2025-06-16T21:21:59.961Z DEBUG 2930 --- [           main] o.s.t.c.w.ServletTestExecutionListener   : Setting up MockHttpServletRequest, MockHttpServletResponse, ServletWebRequest, and RequestContextHolder for test class com.gmail.merikbest2015.ecommerce.controller.UserControllerTest
2025-06-16T21:21:59.961Z DEBUG 2930 --- [           main] DependencyInjectionTestExecutionListener : Performing dependency injection for test class com.gmail.merikbest2015.ecommerce.controller.UserControllerTest
2025-06-16T21:21:59.961Z DEBUG 2930 --- [           main] org.springframework.test.context.cache   : Spring test ApplicationContext cache statistics: [DefaultContextCache@6f416866 size = 1, maxSize = 32, parentContextCount = 0, hitCount = 793, missCount = 1, failureCount = 0]
2025-06-16T21:21:59.962Z DEBUG 2930 --- [           main] org.springframework.test.context.cache   : Spring test ApplicationContext cache statistics: [DefaultContextCache@6f416866 size = 1, maxSize = 32, parentContextCount = 0, hitCount = 794, missCount = 1, failureCount = 0]
2025-06-16T21:21:59.963Z DEBUG 2930 --- [           main] sContextBeforeModesTestExecutionListener : Before test method: class [UserControllerTest], method [updateUserInfo], class annotated with @DirtiesContext [false] with mode [null], method annotated with @DirtiesContext [false] with mode [null]
2025-06-16T21:21:59.963Z DEBUG 2930 --- [           main] org.springframework.test.context.cache   : Spring test ApplicationContext cache statistics: [DefaultContextCache@6f416866 size = 1, maxSize = 32, parentContextCount = 0, hitCount = 795, missCount = 1, failureCount = 0]
2025-06-16T21:21:59.963Z DEBUG 2930 --- [           main] ObservationRegistryTestExecutionListener : Registering ObservationRegistry from ApplicationContext in ObservationThreadLocalAccessor for test class com.gmail.merikbest2015.ecommerce.controller.UserControllerTest
2025-06-16T21:21:59.963Z DEBUG 2930 --- [           main] .s.t.c.j.SqlScriptsTestExecutionListener : Processing merged @SqlConfig attributes for execution phase [BEFORE_TEST_METHOD] and test class [com.gmail.merikbest2015.ecommerce.controller.UserControllerTest]
2025-06-16T21:21:59.963Z DEBUG 2930 --- [           main] org.springframework.test.context.cache   : Spring test ApplicationContext cache statistics: [DefaultContextCache@6f416866 size = 1, maxSize = 32, parentContextCount = 0, hitCount = 796, missCount = 1, failureCount = 0]
2025-06-16T21:21:59.963Z DEBUG 2930 --- [           main] .s.t.c.j.SqlScriptsTestExecutionListener : Executing SQL scripts: [class path resource [sql/create-user-before.sql], class path resource [sql/create-perfumes-before.sql]]
2025-06-16T21:21:59.963Z DEBUG 2930 --- [           main] org.springframework.test.context.cache   : Spring test ApplicationContext cache statistics: [DefaultContextCache@6f416866 size = 1, maxSize = 32, parentContextCount = 0, hitCount = 797, missCount = 1, failureCount = 0]
2025-06-16T21:21:59.963Z DEBUG 2930 --- [           main] org.springframework.test.context.cache   : Spring test ApplicationContext cache statistics: [DefaultContextCache@6f416866 size = 1, maxSize = 32, parentContextCount = 0, hitCount = 798, missCount = 1, failureCount = 0]
2025-06-16T21:21:59.963Z DEBUG 2930 --- [           main] o.s.orm.jpa.JpaTransactionManager        : Creating new transaction with name [com.gmail.merikbest2015.ecommerce.controller.UserControllerTest]: PROPAGATION_REQUIRED,ISOLATION_DEFAULT
2025-06-16T21:21:59.964Z DEBUG 2930 --- [           main] o.s.orm.jpa.JpaTransactionManager        : Opened new EntityManager [SessionImpl(236838767<open>)] for JPA transaction
2025-06-16T21:21:59.964Z DEBUG 2930 --- [           main] o.s.orm.jpa.JpaTransactionManager        : Exposing JPA transaction as JDBC [org.springframework.orm.jpa.vendor.HibernateJpaDialect$HibernateConnectionHandle@ae7717b]
2025-06-16T21:21:59.964Z DEBUG 2930 --- [           main] o.s.jdbc.datasource.init.ScriptUtils     : Executing SQL script from class path resource [sql/create-user-before.sql]
2025-06-16T21:21:59.964Z DEBUG 2930 --- [           main] o.s.jdbc.datasource.init.ScriptUtils     : 1 returned as update count for SQL: insert into users(id, email, first_name, last_name, city, address, phone_number, post_index, activation_code, active, password, password_reset_code, provider) values(1, 'admin@gmail.com', 'Admin', 'Admin', null, null, null, null, null, true, '$2a$08$kS2f5m8eYoNpc.ZECzndGuXiqaWmCaFfOGMQquodP48qrD7.cQG4y', null, 'LOCAL')
2025-06-16T21:21:59.965Z DEBUG 2930 --- [           main] o.s.jdbc.datasource.init.ScriptUtils     : 1 returned as update count for SQL: insert into users(id, email, first_name, last_name, city, address, phone_number, post_index, activation_code, active, password, password_reset_code, provider) values(122, 'test123@test.com', 'John', 'Doe', 'New York', 'Wall Street 1', '1234567890', '1234567890', null, true, '$2a$08$kS2f5m8eYoNpc.ZECzndGuXiqaWmCaFfOGMQquodP48qrD7.cQG4y', null, 'LOCAL')
2025-06-16T21:21:59.966Z DEBUG 2930 --- [           main] o.s.jdbc.datasource.init.ScriptUtils     : 1 returned as update count for SQL: insert into users(id, email, first_name, last_name, city, address, phone_number, post_index, activation_code, active, password, password_reset_code, provider) values (126, 'helloworld@test.com', 'John2', 'Doe2', 'New York', 'Wall Street1', '1234567890', '1234567890','8e97dc37-2cf5-47e2-98e0',false,'$2a$08$kS2f5m8eYoNpc.ZECzndGuXiqaWmCaFfOGMQquodP48qrD7.cQG4y','3f9bcdb0-2241-4c34-803e-598b497d571f', 'LOCAL')
2025-06-16T21:21:59.966Z DEBUG 2930 --- [           main] o.s.jdbc.datasource.init.ScriptUtils     : 1 returned as update count for SQL: insert into user_role (user_id, roles) values (1, 'ADMIN')
2025-06-16T21:21:59.966Z DEBUG 2930 --- [           main] o.s.jdbc.datasource.init.ScriptUtils     : 1 returned as update count for SQL: insert into user_role (user_id, roles) values (122, 'USER')
2025-06-16T21:21:59.967Z DEBUG 2930 --- [           main] o.s.jdbc.datasource.init.ScriptUtils     : 1 returned as update count for SQL: insert into user_role (user_id, roles) values (126, 'USER')
2025-06-16T21:21:59.967Z DEBUG 2930 --- [           main] o.s.jdbc.datasource.init.ScriptUtils     : Executed SQL script from class path resource [sql/create-user-before.sql] in 3 ms.
2025-06-16T21:21:59.967Z DEBUG 2930 --- [           main] o.s.jdbc.datasource.init.ScriptUtils     : Executing SQL script from class path resource [sql/create-perfumes-before.sql]
2025-06-16T21:21:59.968Z DEBUG 2930 --- [           main] o.s.jdbc.datasource.init.ScriptUtils     : 1 returned as update count for SQL: INSERT INTO perfume (id, country, description, filename, fragrance_base_notes, fragrance_middle_notes, fragrance_top_notes, perfume_gender, perfume_title, perfumer, price, type, volume, year, perfume_rating) VALUES (1, 'Germany', null, 'https://perfumeswebstorage.s3.eu-central-1.amazonaws.com/4735a4c8-e1fc-43ce-8ff9-0bd28d00ce20.Hugo Boss Boss Bottled Night.jpg', 'Salmwood, Musky notes, Sandalwood', 'Cardamom, Jasmine, African violet', 'Birch leaf, Lavender', 'male', 'Boss Bottled Night', 'Hugo Boss', 35, 'Eau de Toilette', '100', 20100, 0)
2025-06-16T21:21:59.968Z DEBUG 2930 --- [           main] o.s.jdbc.datasource.init.ScriptUtils     : 1 returned as update count for SQL: INSERT INTO perfume (id, country, description, filename, fragrance_base_notes, fragrance_middle_notes, fragrance_top_notes, perfume_gender, perfume_title, perfumer, price, type, volume, year, perfume_rating) VALUES (2, 'Germany', null, 'https://perfumeswebstorage.s3.eu-central-1.amazonaws.com/17d6f8a1-aa84-4823-bd18-ccb0fdbe7fe9.Hugo Boss Hugo Man.jpg', 'Moss, Sandalwood, Fir balsam', 'Carnation, Geranium leaf, Jasmine', 'Basil, Grapefruit, Green apple, Mint', 'male', 'Hugo Man', 'Hugo Boss', 21, 'Eau de Toilette', '75', 19950, 0)
2025-06-16T21:21:59.968Z DEBUG 2930 --- [           main] o.s.jdbc.datasource.init.ScriptUtils     : 1 returned as update count for SQL: INSERT INTO perfume (id, country, description, filename, fragrance_base_notes, fragrance_middle_notes, fragrance_top_notes, perfume_gender, perfume_title, perfumer, price, type, volume, year, perfume_rating) VALUES (3, 'Germany', null, 'https://perfumeswebstorage.s3.eu-central-1.amazonaws.com/ba9272ca-20af-4e41-89b7-24018be4acb1.Hugo Boss The Scent.jpg', 'Leather', 'Maninka fruit, Lavender', 'Ginger', 'male', 'The Scent', 'Hugo Boss', 45, 'Eau de Toilette', '100', 20150, 0)
2025-06-16T21:21:59.969Z DEBUG 2930 --- [           main] o.s.jdbc.datasource.init.ScriptUtils     : 1 returned as update count for SQL: INSERT INTO perfume (id, country, description, filename, fragrance_base_notes, fragrance_middle_notes, fragrance_top_notes, perfume_gender, perfume_title, perfumer, price, type, volume, year, perfume_rating) VALUES (4, 'Germany', null, 'https://perfumeswebstorage.s3.eu-central-1.amazonaws.com/540f8e7d-2259-4a20-becf-4ed5cfc2912e.Hugo Boss Boss Woman.jpg', 'Sandalwood, Cedar', 'Freesia, Violet root', 'Mandarin orange, Mango', 'female', 'Boss Woman', 'Hugo Boss', 26, 'Eau de parfum', '90', 20000, 0)
2025-06-16T21:21:59.969Z DEBUG 2930 --- [           main] o.s.jdbc.datasource.init.ScriptUtils     : 1 returned as update count for SQL: INSERT INTO perfume (id, country, description, filename, fragrance_base_notes, fragrance_middle_notes, fragrance_top_notes, perfume_gender, perfume_title, perfumer, price, type, volume, year, perfume_rating) VALUES (5, 'Germany', null, 'https://perfumeswebstorage.s3.eu-central-1.amazonaws.com/1fb6dd1b-a134-4e6f-8215-60d465d33d72.Hugo Boss Hugo Deep Red.jpg', 'Musk, Sandalwood, Vanilla', 'Freesia, Hibiscus, Ginger', 'Pear, Blood orange, Clementine', 'female', 'Deep Red', 'Hugo Boss', 27, 'Eau de parfum', '90', 20010, 0)
2025-06-16T21:21:59.969Z DEBUG 2930 --- [           main] o.s.jdbc.datasource.init.ScriptUtils     : 1 returned as update count for SQL: INSERT INTO perfume (id, country, description, filename, fragrance_base_notes, fragrance_middle_notes, fragrance_top_notes, perfume_gender, perfume_title, perfumer, price, type, volume, year, perfume_rating) VALUES (6, 'Germany', null, 'https://perfumeswebstorage.s3.eu-central-1.amazonaws.com/62e9bf9b-8fea-4eb2-9935-21e868e1b93d.Hugo Boss The Scent For Her.jpg', 'Roasted cocoa', 'Osmanthus', 'Peach, Freesia', 'female', 'The Scent For Her', 'Hugo Boss', 47, 'Eau de parfum', '100', 20160, 0)
2025-06-16T21:21:59.969Z DEBUG 2930 --- [           main] o.s.jdbc.datasource.init.ScriptUtils     : 1 returned as update count for SQL: INSERT INTO perfume (id, country, description, filename, fragrance_base_notes, fragrance_middle_notes, fragrance_top_notes, perfume_gender, perfume_title, perfumer, price, type, volume, year, perfume_rating) VALUES (26, 'Spain', null, 'https://perfumeswebstorage.s3.eu-central-1.amazonaws.com/6524de16-c086-49fe-a6e5-c9efc35f1a02.Carolina Herrera Bad Boy.jpg', 'Tonka bean, Cocoa absolute', 'Cedarwood, Sage', 'Black pepper, White pepper, Italian bergamot', 'male', 'Bad Boy', 'Carolina Herrera', 76, 'Eau de Toilette', '100', 20190, 0)
2025-06-16T21:21:59.970Z DEBUG 2930 --- [           main] o.s.jdbc.datasource.init.ScriptUtils     : 1 returned as update count for SQL: INSERT INTO perfume (id, country, description, filename, fragrance_base_notes, fragrance_middle_notes, fragrance_top_notes, perfume_gender, perfume_title, perfumer, price, type, volume, year, perfume_rating) VALUES (27, 'Spain', null, 'https://perfumeswebstorage.s3.eu-central-1.amazonaws.com/184c9da2-2445-4b01-87b8-b4f8b5f6ab8c.Carolina Herrera Good Girl.jpg', 'Roasted tonka bean, Cocoa, Sandalwood', 'Tuberose, Bulgarian rose, Jasmine sambac', 'Bergamot, Lemon', 'female', 'Good Girl', 'Carolina Herrera', 156, 'Eau de parfum', '150', 20160, 0)
2025-06-16T21:21:59.970Z DEBUG 2930 --- [           main] o.s.jdbc.datasource.init.ScriptUtils     : 1 returned as update count for SQL: INSERT INTO perfume (id, country, description, filename, fragrance_base_notes, fragrance_middle_notes, fragrance_top_notes, perfume_gender, perfume_title, perfumer, price, type, volume, year, perfume_rating) VALUES (28, 'France', null, 'https://perfumeswebstorage.s3.eu-central-1.amazonaws.com/e31f6d6c-e585-40a4-970c-f25322667924.Chanel Allure homme Sport.jpg', 'Amber, Musk, Tonka bean', 'Neroli, Pepper, Cedar', 'Aldehydes, Mandarin orange, Seawater', 'male', 'Allure homme Sport', 'Chanel', 85, 'Eau de Toilette', '100', 20040, 0)
2025-06-16T21:21:59.970Z DEBUG 2930 --- [           main] o.s.jdbc.datasource.init.ScriptUtils     : 1 returned as update count for SQL: INSERT INTO perfume (id, country, description, filename, fragrance_base_notes, fragrance_middle_notes, fragrance_top_notes, perfume_gender, perfume_title, perfumer, price, type, volume, year, perfume_rating) VALUES (29, 'France', null, 'https://perfumeswebstorage.s3.eu-central-1.amazonaws.com/ac6c7a11-97f8-44b1-9b10-f96997212dd4.Chanel Bleu de Chanel Eau de Parfum.jpg', 'Ginger, Sandalwood, Frankincense', 'Grapefruit, Labdanum, Cedar', 'Pink pepper, Vetiver, Citrus notes', 'male', 'Bleu de Chanel', 'Chanel', 88, 'Eau de parfum', '100', 20140, 0)
2025-06-16T21:21:59.971Z DEBUG 2930 --- [           main] o.s.jdbc.datasource.init.ScriptUtils     : 1 returned as update count for SQL: INSERT INTO perfume (id, country, description, filename, fragrance_base_notes, fragrance_middle_notes, fragrance_top_notes, perfume_gender, perfume_title, perfumer, price, type, volume, year, perfume_rating) VALUES (30, 'France', null, 'https://perfumeswebstorage.s3.eu-central-1.amazonaws.com/7049225c-03bb-45a7-ba6a-86274f8668b9.Chanel Egoiste Platinum.jpg', 'Amber, Oakmoss, Sandalwood', 'Galbanum, Geranium, Jasmine', 'Lavender, Neroli, Petitgrain', 'male', 'Egoiste Platinum', 'Chanel', 70, 'Eau de Toilette', '100', 19930, 0)
2025-06-16T21:21:59.971Z DEBUG 2930 --- [           main] o.s.jdbc.datasource.init.ScriptUtils     : 1 returned as update count for SQL: INSERT INTO perfume (id, country, description, filename, fragrance_base_notes, fragrance_middle_notes, fragrance_top_notes, perfume_gender, perfume_title, perfumer, price, type, volume, year, perfume_rating) VALUES (31, 'France', null, 'https://perfumeswebstorage.s3.eu-central-1.amazonaws.com/bcc4bb2a-907d-4531-9d7f-178c765c5ed3.Chanel Chance Eau Fraiche.jpg', 'Amber, Iris, Musk, Patchouli', 'Jasmine, Pink pepper, Water hyacinth', 'Cedar, Citrus fruits', 'female', 'Chance Eau Fraiche', 'Chanel', 90, 'Eau de Toilette', '100', 20070, 0)
2025-06-16T21:21:59.971Z DEBUG 2930 --- [           main] o.s.jdbc.datasource.init.ScriptUtils     : 1 returned as update count for SQL: INSERT INTO perfume (id, country, description, filename, fragrance_base_notes, fragrance_middle_notes, fragrance_top_notes, perfume_gender, perfume_title, perfumer, price, type, volume, year, perfume_rating) VALUES (32, 'France', null, 'https://perfumeswebstorage.s3.eu-central-1.amazonaws.com/2b5f80ca-e0f3-4e99-b5e4-11ccb9153b00.Chanel Gabrielle Essence.jpg', 'Sandalwood, Vanilla, White musk', 'Tuberose, Jasmine, Ylang-ylang', 'Citrus fruits, Red fruits', 'female', 'Gabrielle Essence', 'Chanel', 104, 'Eau de parfum', '100', 20190, 0)
2025-06-16T21:21:59.971Z DEBUG 2930 --- [           main] o.s.jdbc.datasource.init.ScriptUtils     : 1 returned as update count for SQL: INSERT INTO perfume (id, country, description, filename, fragrance_base_notes, fragrance_middle_notes, fragrance_top_notes, perfume_gender, perfume_title, perfumer, price, type, volume, year, perfume_rating) VALUES (33, 'France', null, 'https://perfumeswebstorage.s3.eu-central-1.amazonaws.com/4b51181b-5551-4321-b5e7-f7612584c9b2.Chanel N5.jpg', 'Amber, Sandalwood, Vanilla', 'Iris, Grasse jasmine', 'Aldehydes, Bergamot, Neroli', 'female', 'Chanel N5', 'Chanel', 192, 'Eau de parfum', '200', 19210, 0)
2025-06-16T21:21:59.972Z DEBUG 2930 --- [           main] o.s.jdbc.datasource.init.ScriptUtils     : 1 returned as update count for SQL: INSERT INTO perfume (id, country, description, filename, fragrance_base_notes, fragrance_middle_notes, fragrance_top_notes, perfume_gender, perfume_title, perfumer, price, type, volume, year, perfume_rating) VALUES (34, 'France', null, 'https://perfumeswebstorage.s3.eu-central-1.amazonaws.com/bdb203a9-0725-4ed4-a71a-db7eeb915fae.Creed Aventus.jpg', 'Ambergris, Oakmoss, Musk', 'Birch, Jasmine, Patchouli', 'Pineapple, Apple, Bergamot, Blackcurrant', 'male', 'Aventus', 'Creed', 152, 'Eau de parfum', '100', 20100, 0)
2025-06-16T21:21:59.972Z DEBUG 2930 --- [           main] o.s.jdbc.datasource.init.ScriptUtils     : 1 returned as update count for SQL: INSERT INTO perfume (id, country, description, filename, fragrance_base_notes, fragrance_middle_notes, fragrance_top_notes, perfume_gender, perfume_title, perfumer, price, type, volume, year, perfume_rating) VALUES (35, 'France', null, 'https://perfumeswebstorage.s3.eu-central-1.amazonaws.com/162cfbe2-2dc2-4271-8a63-23981a7e3cc4.Creed Bois du Portugal.jpg', 'Sandalwood, Vetiver, Ambergris', 'Cedarwood', 'Bergamot, Lavender', 'male', 'Bois du Portugal', 'Creed', 110, 'Eau de parfum', '100', 19870, 0)
2025-06-16T21:21:59.972Z DEBUG 2930 --- [           main] o.s.jdbc.datasource.init.ScriptUtils     : 1 returned as update count for SQL: INSERT INTO perfume (id, country, description, filename, fragrance_base_notes, fragrance_middle_notes, fragrance_top_notes, perfume_gender, perfume_title, perfumer, price, type, volume, year, perfume_rating) VALUES (36, 'France', null, 'https://perfumeswebstorage.s3.eu-central-1.amazonaws.com/1d428b77-0ffd-449f-bcaa-04a094b51de7.Creed Original Vetiver.jpg', 'Ambergris, Sandalwood, Musk, Vetiver', 'White pepper, Coriander, Pink pepper', 'Bergamot, Bitter orange, Mandarin orange', 'male', 'Original Vetiver', 'Creed', 97, 'Eau de parfum', '100', 20040, 0)
2025-06-16T21:21:59.973Z DEBUG 2930 --- [           main] o.s.jdbc.datasource.init.ScriptUtils     : 1 returned as update count for SQL: INSERT INTO perfume (id, country, description, filename, fragrance_base_notes, fragrance_middle_notes, fragrance_top_notes, perfume_gender, perfume_title, perfumer, price, type, volume, year, perfume_rating) VALUES (37, 'France', null, 'https://perfumeswebstorage.s3.eu-central-1.amazonaws.com/5fd3de8e-1022-47a2-ae58-a089a65bd90c.Creed Acqua Fiorentina.jpg', 'Grapefruit, Sandalwood, Cedar', 'Bergamot, Pear, Rose', 'Apple, Prune, Greengage plum', 'female', 'Acqua Fiorentina', 'Creed', 100, 'Eau de parfum', '75', 20090, 0)
2025-06-16T21:21:59.973Z DEBUG 2930 --- [           main] o.s.jdbc.datasource.init.ScriptUtils     : 1 returned as update count for SQL: INSERT INTO perfume (id, country, description, filename, fragrance_base_notes, fragrance_middle_notes, fragrance_top_notes, perfume_gender, perfume_title, perfumer, price, type, volume, year, perfume_rating) VALUES (38, 'France', null, 'https://perfumeswebstorage.s3.eu-central-1.amazonaws.com/7d32f694-9cc3-4770-844a-47400e6f5c6b.Creed Aventus for Her.jpg', 'Peach, Blackcurrant, Ylang-ylang', 'Rose, Styrax, Mysore sandalwood', 'Green apple, Violet leaf, Calabrian bergamot', 'female', 'Aventus for Her', 'Creed', 141, 'Eau de parfum', '75', 20160, 0)
2025-06-16T21:21:59.973Z DEBUG 2930 --- [           main] o.s.jdbc.datasource.init.ScriptUtils     : 1 returned as update count for SQL: INSERT INTO perfume (id, country, description, filename, fragrance_base_notes, fragrance_middle_notes, fragrance_top_notes, perfume_gender, perfume_title, perfumer, price, type, volume, year, perfume_rating) VALUES (39, 'France', null, 'https://perfumeswebstorage.s3.eu-central-1.amazonaws.com/cbb8efd1-f55a-4db3-8511-f0b5b446533d.Creed Love in Black.jpg', 'Rose, Burgundy blackcurrant, Violet', 'Florentine iris, Clove', 'White violet', 'female', 'Love in Black', 'Creed', 89, 'Eau de parfum', '75', 20080, 0)
2025-06-16T21:21:59.973Z DEBUG 2930 --- [           main] o.s.jdbc.datasource.init.ScriptUtils     : 1 returned as update count for SQL: INSERT INTO perfume (id, country, description, filename, fragrance_base_notes, fragrance_middle_notes, fragrance_top_notes, perfume_gender, perfume_title, perfumer, price, type, volume, year, perfume_rating) VALUES (40, 'France', null, 'https://perfumeswebstorage.s3.eu-central-1.amazonaws.com/0f0acb70-dc64-474f-878a-1b214d250d94.CreedLoveinWhite.jpg', 'Ambergris, Mysore sandalwood, Vanilla', 'Florentine iris, Yellow narcissus, Magnolia', 'Orange zest', 'female', 'Love in White', 'Creed', 94, 'Eau de parfum', '75', 20050, 0)
2025-06-16T21:21:59.974Z DEBUG 2930 --- [           main] o.s.jdbc.datasource.init.ScriptUtils     : 1 returned as update count for SQL: INSERT INTO perfume (id, country, description, filename, fragrance_base_notes, fragrance_middle_notes, fragrance_top_notes, perfume_gender, perfume_title, perfumer, price, type, volume, year, perfume_rating) VALUES (41, 'France', null, 'https://perfumeswebstorage.s3.eu-central-1.amazonaws.com/0158183f-2412-4c61-a962-7c96e43c19c3.Dior Fahrenheit.jpg', 'Amber, Leather, Musk', 'Carnation, Honeysuckle, Jasmine', 'Bergamot, Camomile, Lavender, Mandarin orange', 'male', 'Fahrenheit', 'Dior', 62, 'Eau de Toilette', '100', 19880, 0)
2025-06-16T21:21:59.974Z DEBUG 2930 --- [           main] o.s.jdbc.datasource.init.ScriptUtils     : 1 returned as update count for SQL: INSERT INTO perfume (id, country, description, filename, fragrance_base_notes, fragrance_middle_notes, fragrance_top_notes, perfume_gender, perfume_title, perfumer, price, type, volume, year, perfume_rating) VALUES (42, 'France', null, 'https://perfumeswebstorage.s3.eu-central-1.amazonaws.com/27f0b3d3-2634-4e74-971a-f780c4480482.Dior Homme.jpg', 'Virginia cedar', 'Ecuadorian ambrette seed', 'Florentine iris absolute', 'male', 'Homme', 'Dior', 90, 'Eau de parfum', '100', 20070, 0)
2025-06-16T21:21:59.974Z DEBUG 2930 --- [           main] o.s.jdbc.datasource.init.ScriptUtils     : 1 returned as update count for SQL: INSERT INTO perfume (id, country, description, filename, fragrance_base_notes, fragrance_middle_notes, fragrance_top_notes, perfume_gender, perfume_title, perfumer, price, type, volume, year, perfume_rating) VALUES (43, 'France', null, 'https://perfumeswebstorage.s3.eu-central-1.amazonaws.com/03e65b3b-7b1f-400c-9bb8-a8956bdaa4be.Dior Sauvage.jpg', 'Ambroxan', 'Bergamot', 'Sichuan Pepper', 'male', 'Sauvage', 'Dior', 62, 'Eau de Toilette', '100', 20150, 0)
2025-06-16T21:21:59.975Z DEBUG 2930 --- [           main] o.s.jdbc.datasource.init.ScriptUtils     : 1 returned as update count for SQL: INSERT INTO perfume (id, country, description, filename, fragrance_base_notes, fragrance_middle_notes, fragrance_top_notes, perfume_gender, perfume_title, perfumer, price, type, volume, year, perfume_rating) VALUES (44, 'France', null, 'https://perfumeswebstorage.s3.eu-central-1.amazonaws.com/94c85cfd-f090-4d49-b2e9-dcff34eec8c1.Dior Jadore.jpg', 'Vanilla, Cedar, Musk', 'Lily of the valley, Rose, Violet', 'Bergamot, Pear, Melon, Peach', 'female', 'Jadore', 'Dior', 81, 'Eau de parfum', '100', 19990, 0)
2025-06-16T21:21:59.975Z DEBUG 2930 --- [           main] o.s.jdbc.datasource.init.ScriptUtils     : 1 returned as update count for SQL: INSERT INTO perfume (id, country, description, filename, fragrance_base_notes, fragrance_middle_notes, fragrance_top_notes, perfume_gender, perfume_title, perfumer, price, type, volume, year, perfume_rating) VALUES (45, 'France', null, 'https://perfumeswebstorage.s3.eu-central-1.amazonaws.com/85f8de21-24d5-473b-8d63-6ba6c2d4d25e.Dior Miss Dior.jpg', 'Ambergris, Musk, Patchouli', 'Jasmine, Caramel, Popcorn', 'Pineapple, Cherry, Mandarin orange', 'female', 'Miss Dior', 'Dior', 90, 'Eau de parfum', '100', 20110, 0)
2025-06-16T21:21:59.975Z DEBUG 2930 --- [           main] o.s.jdbc.datasource.init.ScriptUtils     : 1 returned as update count for SQL: INSERT INTO perfume (id, country, description, filename, fragrance_base_notes, fragrance_middle_notes, fragrance_top_notes, perfume_gender, perfume_title, perfumer, price, type, volume, year, perfume_rating) VALUES (46, 'France', null, 'https://perfumeswebstorage.s3.eu-central-1.amazonaws.com/63534821-1eb9-4b44-afd3-61c3b8ca4a25.Dior Poison Girl.jpg', 'Venezuelan tonka bean', 'Grasse rose', 'Bitter orange', 'female', 'Poison Girl', 'Dior', 75, 'Eau de parfum', '100', 20160, 0)
2025-06-16T21:21:59.977Z DEBUG 2930 --- [           main] o.s.jdbc.datasource.init.ScriptUtils     : 1 returned as update count for SQL: INSERT INTO review (id, author, date, message, rating) VALUES (123, 'John', '2021-02-07', 'Hello world', 5)
2025-06-16T21:21:59.977Z DEBUG 2930 --- [           main] o.s.jdbc.datasource.init.ScriptUtils     : 1 returned as update count for SQL: INSERT INTO review (id, author, date, message, rating) VALUES (124, 'John2', '2021-02-07', 'Hello world2', 4)
2025-06-16T21:21:59.977Z DEBUG 2930 --- [           main] o.s.jdbc.datasource.init.ScriptUtils     : 1 returned as update count for SQL: INSERT INTO perfume_reviews (perfume_id, reviews_id) VALUES (2, 123)
2025-06-16T21:21:59.977Z DEBUG 2930 --- [           main] o.s.jdbc.datasource.init.ScriptUtils     : 1 returned as update count for SQL: INSERT INTO perfume_reviews (perfume_id, reviews_id) VALUES (2, 124)
2025-06-16T21:21:59.977Z DEBUG 2930 --- [           main] o.s.jdbc.datasource.init.ScriptUtils     : Executed SQL script from class path resource [sql/create-perfumes-before.sql] in 10 ms.
2025-06-16T21:21:59.977Z DEBUG 2930 --- [           main] o.s.orm.jpa.JpaTransactionManager        : Initiating transaction commit
2025-06-16T21:21:59.978Z DEBUG 2930 --- [           main] o.s.orm.jpa.JpaTransactionManager        : Committing JPA transaction on EntityManager [SessionImpl(236838767<open>)]
2025-06-16T21:21:59.978Z DEBUG 2930 --- [           main] o.s.orm.jpa.JpaTransactionManager        : Closing JPA EntityManager [SessionImpl(236838767<open>)] after transaction
2025-06-16T21:21:59.979Z DEBUG 2930 --- [           main] org.springframework.test.context.cache   : Spring test ApplicationContext cache statistics: [DefaultContextCache@6f416866 size = 1, maxSize = 32, parentContextCount = 0, hitCount = 799, missCount = 1, failureCount = 0]
2025-06-16T21:21:59.979Z DEBUG 2930 --- [           main] org.springframework.test.context.cache   : Spring test ApplicationContext cache statistics: [DefaultContextCache@6f416866 size = 1, maxSize = 32, parentContextCount = 0, hitCount = 800, missCount = 1, failureCount = 0]
2025-06-16T21:21:59.979Z DEBUG 2930 --- [           main] o.s.b.f.s.DefaultListableBeanFactory     : Autowiring by type from bean name 'org.springframework.security.test.context.support.WithUserDetailsSecurityContextFactory' via constructor to bean named 'org.springframework.beans.factory.support.DefaultListableBeanFactory@2e93108a'
2025-06-16T21:21:59.979Z DEBUG 2930 --- [           main] org.springframework.test.context.cache   : Spring test ApplicationContext cache statistics: [DefaultContextCache@6f416866 size = 1, maxSize = 32, parentContextCount = 0, hitCount = 801, missCount = 1, failureCount = 0]
2025-06-16T21:21:59.979Z DEBUG 2930 --- [           main] tor$SharedEntityManagerInvocationHandler : Creating new EntityManager for shared EntityManager invocation
2025-06-16T21:21:59.982Z DEBUG 2930 --- [           main] org.springframework.test.context.cache   : Spring test ApplicationContext cache statistics: [DefaultContextCache@6f416866 size = 1, maxSize = 32, parentContextCount = 0, hitCount = 802, missCount = 1, failureCount = 0]
2025-06-16T21:21:59.983Z DEBUG 2930 --- [           main] org.springframework.test.context.cache   : Spring test ApplicationContext cache statistics: [DefaultContextCache@6f416866 size = 1, maxSize = 32, parentContextCount = 0, hitCount = 803, missCount = 1, failureCount = 0]
2025-06-16T21:21:59.984Z DEBUG 2930 --- [           main] org.springframework.test.context.cache   : Spring test ApplicationContext cache statistics: [DefaultContextCache@6f416866 size = 1, maxSize = 32, parentContextCount = 0, hitCount = 804, missCount = 1, failureCount = 0]
2025-06-16T21:21:59.984Z DEBUG 2930 --- [           main] o.s.test.util.ReflectionTestUtils        : Invoking method 'getFilters' on target object [FilterChainProxy[Filter Chains: null]] or target class [null] with arguments {org.springframework.mock.web.MockHttpServletRequest@3d3f47d3}
2025-06-16T21:21:59.984Z DEBUG 2930 --- [           main] o.s.test.util.ReflectionTestUtils        : Invoking method 'getFilters' on target object [FilterChainProxy[Filter Chains: null]] or target class [null] with arguments {org.springframework.mock.web.MockHttpServletRequest@3d3f47d3}
2025-06-16T21:21:59.984Z DEBUG 2930 --- [           main] o.s.test.util.ReflectionTestUtils        : Getting field 'securityContextRepository' from target object [org.springframework.security.web.context.SecurityContextHolderFilter@357c04f0] or target class [class org.springframework.security.web.context.SecurityContextHolderFilter]
2025-06-16T21:21:59.984Z DEBUG 2930 --- [           main] o.s.test.util.ReflectionTestUtils        : Invoking method 'getFilters' on target object [FilterChainProxy[Filter Chains: null]] or target class [null] with arguments {org.springframework.mock.web.MockHttpServletRequest@3d3f47d3}
2025-06-16T21:21:59.985Z DEBUG 2930 --- [           main] o.s.test.util.ReflectionTestUtils        : Getting field 'tokenRepository' from target object [org.springframework.security.web.csrf.CsrfFilter@d0a33eb] or target class [class org.springframework.security.web.csrf.CsrfFilter]
2025-06-16T21:21:59.985Z DEBUG 2930 --- [           main] o.s.test.util.ReflectionTestUtils        : Invoking method 'getFilters' on target object [FilterChainProxy[Filter Chains: null]] or target class [null] with arguments {org.springframework.mock.web.MockHttpServletRequest@3d3f47d3}
2025-06-16T21:21:59.985Z DEBUG 2930 --- [           main] o.s.test.util.ReflectionTestUtils        : Getting field 'requestHandler' from target object [org.springframework.security.web.csrf.CsrfFilter@d0a33eb] or target class [class org.springframework.security.web.csrf.CsrfFilter]
2025-06-16T21:21:59.985Z DEBUG 2930 --- [           main] o.s.security.web.FilterChainProxy        : Securing PUT /api/v1/users
2025-06-16T21:21:59.986Z DEBUG 2930 --- [           main] o.s.security.web.FilterChainProxy        : Secured PUT /api/v1/users
2025-06-16T21:21:59.987Z DEBUG 2930 --- [           main] o.s.t.web.servlet.TestDispatcherServlet  : PUT "/api/v1/users", parameters={masked}
2025-06-16T21:21:59.987Z DEBUG 2930 --- [           main] s.w.s.m.m.a.RequestMappingHandlerMapping : Mapped to com.gmail.merikbest2015.ecommerce.controller.UserController#updateUserInfo(UserPrincipal, UpdateUserRequest, BindingResult)
2025-06-16T21:21:59.987Z DEBUG 2930 --- [           main] o.j.s.OpenEntityManagerInViewInterceptor : Opening JPA EntityManager in OpenEntityManagerInViewInterceptor
2025-06-16T21:21:59.988Z DEBUG 2930 --- [           main] m.m.a.RequestResponseBodyMethodProcessor : Read "application/json;charset=UTF-8" to [UpdateUserRequest(id=null, firstName=John2, lastName=John2, city=null, address=null, phoneNumber=nul (truncated)...]
2025-06-16T21:21:59.988Z  INFO 2930 --- [           main] c.g.m.e.controller.UserController        : Updating user info for email=test123@test.com
2025-06-16T21:21:59.990Z DEBUG 2930 --- [           main] o.s.orm.jpa.JpaTransactionManager        : Found thread-bound EntityManager [SessionImpl(933790888<open>)] for JPA transaction
2025-06-16T21:21:59.990Z DEBUG 2930 --- [           main] o.s.orm.jpa.JpaTransactionManager        : Creating new transaction with name [com.gmail.merikbest2015.ecommerce.service.Impl.UserServiceImpl.updateUserInfo]: PROPAGATION_REQUIRED,ISOLATION_DEFAULT
2025-06-16T21:21:59.990Z DEBUG 2930 --- [           main] o.s.orm.jpa.JpaTransactionManager        : Exposing JPA transaction as JDBC [org.springframework.orm.jpa.vendor.HibernateJpaDialect$HibernateConnectionHandle@43fce66d]
2025-06-16T21:21:59.990Z  INFO 2930 --- [           main] c.g.m.e.service.Impl.UserServiceImpl     : Updating user info for email: test123@test.com
2025-06-16T21:21:59.993Z  INFO 2930 --- [           main] c.g.m.e.service.Impl.UserServiceImpl     : User info updated for email: test123@test.com
2025-06-16T21:21:59.993Z DEBUG 2930 --- [           main] o.s.orm.jpa.JpaTransactionManager        : Initiating transaction commit
2025-06-16T21:21:59.993Z DEBUG 2930 --- [           main] o.s.orm.jpa.JpaTransactionManager        : Committing JPA transaction on EntityManager [SessionImpl(933790888<open>)]
2025-06-16T21:21:59.995Z DEBUG 2930 --- [           main] o.s.orm.jpa.JpaTransactionManager        : Not closing pre-bound JPA EntityManager after transaction
2025-06-16T21:21:59.998Z  INFO 2930 --- [           main] c.g.m.e.controller.UserController        : User info updated for email=test123@test.com
CLASS: [UserController], METHOD: [updateUserInfo()], REQUEST: UserPrincipal(id=122, email=test123@test.com, password=$2a$08$kS2f5m8eYoNpc.ZECzndGuXiqaWmCaFfOGMQquodP48qrD7.cQG4y, authorities=[USER], attributes=null)
UpdateUserRequest(id=null, firstName=John2, lastName=John2, city=null, address=null, phoneNumber=null, postIndex=null)
org.springframework.validation.BeanPropertyBindingResult: 0 errors
CLASS: [UserController], METHOD: [updateUserInfo()], RESPONSE: <200 OK OK,com.gmail.merikbest2015.ecommerce.dto.user.UserResponse@7910b0c2,[]>
2025-06-16T21:22:00.002Z DEBUG 2930 --- [           main] o.s.w.s.m.m.a.HttpEntityMethodProcessor  : Using 'application/json', given [*/*] and supported [application/json, application/*+json, application/yaml]
2025-06-16T21:22:00.002Z DEBUG 2930 --- [           main] o.s.w.s.m.m.a.HttpEntityMethodProcessor  : Writing [com.gmail.merikbest2015.ecommerce.dto.user.UserResponse@7910b0c2]
2025-06-16T21:22:00.003Z DEBUG 2930 --- [           main] o.j.s.OpenEntityManagerInViewInterceptor : Closing JPA EntityManager in OpenEntityManagerInViewInterceptor
2025-06-16T21:22:00.003Z DEBUG 2930 --- [           main] o.s.t.web.servlet.TestDispatcherServlet  : Completed 200 OK
2025-06-16T21:22:00.004Z DEBUG 2930 --- [           main] org.springframework.test.context.cache   : Spring test ApplicationContext cache statistics: [DefaultContextCache@6f416866 size = 1, maxSize = 32, parentContextCount = 0, hitCount = 805, missCount = 1, failureCount = 0]
2025-06-16T21:22:00.005Z DEBUG 2930 --- [           main] org.springframework.test.context.cache   : Spring test ApplicationContext cache statistics: [DefaultContextCache@6f416866 size = 1, maxSize = 32, parentContextCount = 0, hitCount = 806, missCount = 1, failureCount = 0]
2025-06-16T21:22:00.006Z DEBUG 2930 --- [           main] org.springframework.test.context.cache   : Spring test ApplicationContext cache statistics: [DefaultContextCache@6f416866 size = 1, maxSize = 32, parentContextCount = 0, hitCount = 807, missCount = 1, failureCount = 0]
2025-06-16T21:22:00.006Z DEBUG 2930 --- [           main] org.springframework.test.context.cache   : Spring test ApplicationContext cache statistics: [DefaultContextCache@6f416866 size = 1, maxSize = 32, parentContextCount = 0, hitCount = 808, missCount = 1, failureCount = 0]
2025-06-16T21:22:00.006Z DEBUG 2930 --- [           main] org.springframework.test.context.cache   : Spring test ApplicationContext cache statistics: [DefaultContextCache@6f416866 size = 1, maxSize = 32, parentContextCount = 0, hitCount = 809, missCount = 1, failureCount = 0]
2025-06-16T21:22:00.006Z DEBUG 2930 --- [           main] org.springframework.test.context.cache   : Spring test ApplicationContext cache statistics: [DefaultContextCache@6f416866 size = 1, maxSize = 32, parentContextCount = 0, hitCount = 810, missCount = 1, failureCount = 0]
2025-06-16T21:22:00.007Z DEBUG 2930 --- [           main] org.springframework.test.context.cache   : Spring test ApplicationContext cache statistics: [DefaultContextCache@6f416866 size = 1, maxSize = 32, parentContextCount = 0, hitCount = 811, missCount = 1, failureCount = 0]
2025-06-16T21:22:00.007Z DEBUG 2930 --- [           main] org.springframework.test.context.cache   : Spring test ApplicationContext cache statistics: [DefaultContextCache@6f416866 size = 1, maxSize = 32, parentContextCount = 0, hitCount = 812, missCount = 1, failureCount = 0]
2025-06-16T21:22:00.007Z DEBUG 2930 --- [           main] .s.t.c.j.SqlScriptsTestExecutionListener : Processing merged @SqlConfig attributes for execution phase [AFTER_TEST_METHOD] and test class [com.gmail.merikbest2015.ecommerce.controller.UserControllerTest]
2025-06-16T21:22:00.007Z DEBUG 2930 --- [           main] org.springframework.test.context.cache   : Spring test ApplicationContext cache statistics: [DefaultContextCache@6f416866 size = 1, maxSize = 32, parentContextCount = 0, hitCount = 813, missCount = 1, failureCount = 0]
2025-06-16T21:22:00.007Z DEBUG 2930 --- [           main] .s.t.c.j.SqlScriptsTestExecutionListener : Executing SQL scripts: [class path resource [sql/create-user-after.sql], class path resource [sql/create-perfumes-after.sql]]
2025-06-16T21:22:00.008Z DEBUG 2930 --- [           main] org.springframework.test.context.cache   : Spring test ApplicationContext cache statistics: [DefaultContextCache@6f416866 size = 1, maxSize = 32, parentContextCount = 0, hitCount = 814, missCount = 1, failureCount = 0]
2025-06-16T21:22:00.008Z DEBUG 2930 --- [           main] org.springframework.test.context.cache   : Spring test ApplicationContext cache statistics: [DefaultContextCache@6f416866 size = 1, maxSize = 32, parentContextCount = 0, hitCount = 815, missCount = 1, failureCount = 0]
2025-06-16T21:22:00.008Z DEBUG 2930 --- [           main] o.s.orm.jpa.JpaTransactionManager        : Creating new transaction with name [com.gmail.merikbest2015.ecommerce.controller.UserControllerTest]: PROPAGATION_REQUIRED,ISOLATION_DEFAULT
2025-06-16T21:22:00.008Z DEBUG 2930 --- [           main] o.s.orm.jpa.JpaTransactionManager        : Opened new EntityManager [SessionImpl(805791672<open>)] for JPA transaction
2025-06-16T21:22:00.008Z DEBUG 2930 --- [           main] o.s.orm.jpa.JpaTransactionManager        : Exposing JPA transaction as JDBC [org.springframework.orm.jpa.vendor.HibernateJpaDialect$HibernateConnectionHandle@2d2b17a1]
2025-06-16T21:22:00.008Z DEBUG 2930 --- [           main] o.s.jdbc.datasource.init.ScriptUtils     : Executing SQL script from class path resource [sql/create-user-after.sql]
2025-06-16T21:22:00.009Z DEBUG 2930 --- [           main] o.s.jdbc.datasource.init.ScriptUtils     : 3 returned as update count for SQL: delete from user_role
2025-06-16T21:22:00.009Z DEBUG 2930 --- [           main] o.s.jdbc.datasource.init.ScriptUtils     : 3 returned as update count for SQL: delete from users
2025-06-16T21:22:00.009Z DEBUG 2930 --- [           main] o.s.jdbc.datasource.init.ScriptUtils     : Executed SQL script from class path resource [sql/create-user-after.sql] in 1 ms.
2025-06-16T21:22:00.009Z DEBUG 2930 --- [           main] o.s.jdbc.datasource.init.ScriptUtils     : Executing SQL script from class path resource [sql/create-perfumes-after.sql]
2025-06-16T21:22:00.009Z DEBUG 2930 --- [           main] o.s.jdbc.datasource.init.ScriptUtils     : 2 returned as update count for SQL: delete from perfume_reviews
2025-06-16T21:22:00.010Z DEBUG 2930 --- [           main] o.s.jdbc.datasource.init.ScriptUtils     : 2 returned as update count for SQL: delete from review
2025-06-16T21:22:00.011Z DEBUG 2930 --- [           main] o.s.jdbc.datasource.init.ScriptUtils     : 27 returned as update count for SQL: delete from perfume
2025-06-16T21:22:00.011Z DEBUG 2930 --- [           main] o.s.jdbc.datasource.init.ScriptUtils     : Executed SQL script from class path resource [sql/create-perfumes-after.sql] in 2 ms.
2025-06-16T21:22:00.011Z DEBUG 2930 --- [           main] o.s.orm.jpa.JpaTransactionManager        : Initiating transaction commit
2025-06-16T21:22:00.011Z DEBUG 2930 --- [           main] o.s.orm.jpa.JpaTransactionManager        : Committing JPA transaction on EntityManager [SessionImpl(805791672<open>)]
2025-06-16T21:22:00.011Z DEBUG 2930 --- [           main] o.s.orm.jpa.JpaTransactionManager        : Closing JPA EntityManager [SessionImpl(805791672<open>)] after transaction
2025-06-16T21:22:00.011Z DEBUG 2930 --- [           main] .c.s.DirtiesContextTestExecutionListener : After test method: class [UserControllerTest], method [updateUserInfo], class annotated with @DirtiesContext [false] with mode [null], method annotated with @DirtiesContext [false] with mode [null]
2025-06-16T21:22:00.012Z DEBUG 2930 --- [           main] ObservationRegistryTestExecutionListener : Restoring ObservationRegistry in ObservationThreadLocalAccessor for test class com.gmail.merikbest2015.ecommerce.controller.UserControllerTest
2025-06-16T21:22:00.012Z DEBUG 2930 --- [           main] o.s.t.c.w.ServletTestExecutionListener   : Resetting RequestContextHolder for test class com.gmail.merikbest2015.ecommerce.controller.UserControllerTest
]]></system-out>
  </testcase>
  <testcase name="getUserInfo" classname="com.gmail.merikbest2015.ecommerce.controller.UserControllerTest" time="0.035">
    <system-out><![CDATA[2025-06-16T21:22:00.012Z DEBUG 2930 --- [           main] org.springframework.test.context.cache   : Spring test ApplicationContext cache statistics: [DefaultContextCache@6f416866 size = 1, maxSize = 32, parentContextCount = 0, hitCount = 816, missCount = 1, failureCount = 0]
2025-06-16T21:22:00.012Z DEBUG 2930 --- [           main] o.s.t.c.w.ServletTestExecutionListener   : Setting up MockHttpServletRequest, MockHttpServletResponse, ServletWebRequest, and RequestContextHolder for test class com.gmail.merikbest2015.ecommerce.controller.UserControllerTest
2025-06-16T21:22:00.013Z DEBUG 2930 --- [           main] DependencyInjectionTestExecutionListener : Performing dependency injection for test class com.gmail.merikbest2015.ecommerce.controller.UserControllerTest
2025-06-16T21:22:00.013Z DEBUG 2930 --- [           main] org.springframework.test.context.cache   : Spring test ApplicationContext cache statistics: [DefaultContextCache@6f416866 size = 1, maxSize = 32, parentContextCount = 0, hitCount = 817, missCount = 1, failureCount = 0]
2025-06-16T21:22:00.013Z DEBUG 2930 --- [           main] org.springframework.test.context.cache   : Spring test ApplicationContext cache statistics: [DefaultContextCache@6f416866 size = 1, maxSize = 32, parentContextCount = 0, hitCount = 818, missCount = 1, failureCount = 0]
2025-06-16T21:22:00.013Z DEBUG 2930 --- [           main] sContextBeforeModesTestExecutionListener : Before test method: class [UserControllerTest], method [getUserInfo], class annotated with @DirtiesContext [false] with mode [null], method annotated with @DirtiesContext [false] with mode [null]
2025-06-16T21:22:00.013Z DEBUG 2930 --- [           main] org.springframework.test.context.cache   : Spring test ApplicationContext cache statistics: [DefaultContextCache@6f416866 size = 1, maxSize = 32, parentContextCount = 0, hitCount = 819, missCount = 1, failureCount = 0]
2025-06-16T21:22:00.013Z DEBUG 2930 --- [           main] ObservationRegistryTestExecutionListener : Registering ObservationRegistry from ApplicationContext in ObservationThreadLocalAccessor for test class com.gmail.merikbest2015.ecommerce.controller.UserControllerTest
2025-06-16T21:22:00.014Z DEBUG 2930 --- [           main] .s.t.c.j.SqlScriptsTestExecutionListener : Processing merged @SqlConfig attributes for execution phase [BEFORE_TEST_METHOD] and test class [com.gmail.merikbest2015.ecommerce.controller.UserControllerTest]
2025-06-16T21:22:00.014Z DEBUG 2930 --- [           main] org.springframework.test.context.cache   : Spring test ApplicationContext cache statistics: [DefaultContextCache@6f416866 size = 1, maxSize = 32, parentContextCount = 0, hitCount = 820, missCount = 1, failureCount = 0]
2025-06-16T21:22:00.014Z DEBUG 2930 --- [           main] .s.t.c.j.SqlScriptsTestExecutionListener : Executing SQL scripts: [class path resource [sql/create-user-before.sql], class path resource [sql/create-perfumes-before.sql]]
2025-06-16T21:22:00.014Z DEBUG 2930 --- [           main] org.springframework.test.context.cache   : Spring test ApplicationContext cache statistics: [DefaultContextCache@6f416866 size = 1, maxSize = 32, parentContextCount = 0, hitCount = 821, missCount = 1, failureCount = 0]
2025-06-16T21:22:00.014Z DEBUG 2930 --- [           main] org.springframework.test.context.cache   : Spring test ApplicationContext cache statistics: [DefaultContextCache@6f416866 size = 1, maxSize = 32, parentContextCount = 0, hitCount = 822, missCount = 1, failureCount = 0]
2025-06-16T21:22:00.014Z DEBUG 2930 --- [           main] o.s.orm.jpa.JpaTransactionManager        : Creating new transaction with name [com.gmail.merikbest2015.ecommerce.controller.UserControllerTest]: PROPAGATION_REQUIRED,ISOLATION_DEFAULT
2025-06-16T21:22:00.014Z DEBUG 2930 --- [           main] o.s.orm.jpa.JpaTransactionManager        : Opened new EntityManager [SessionImpl(1664946554<open>)] for JPA transaction
2025-06-16T21:22:00.014Z DEBUG 2930 --- [           main] o.s.orm.jpa.JpaTransactionManager        : Exposing JPA transaction as JDBC [org.springframework.orm.jpa.vendor.HibernateJpaDialect$HibernateConnectionHandle@688c9002]
2025-06-16T21:22:00.014Z DEBUG 2930 --- [           main] o.s.jdbc.datasource.init.ScriptUtils     : Executing SQL script from class path resource [sql/create-user-before.sql]
2025-06-16T21:22:00.016Z DEBUG 2930 --- [           main] o.s.jdbc.datasource.init.ScriptUtils     : 1 returned as update count for SQL: insert into users(id, email, first_name, last_name, city, address, phone_number, post_index, activation_code, active, password, password_reset_code, provider) values(1, 'admin@gmail.com', 'Admin', 'Admin', null, null, null, null, null, true, '$2a$08$kS2f5m8eYoNpc.ZECzndGuXiqaWmCaFfOGMQquodP48qrD7.cQG4y', null, 'LOCAL')
2025-06-16T21:22:00.016Z DEBUG 2930 --- [           main] o.s.jdbc.datasource.init.ScriptUtils     : 1 returned as update count for SQL: insert into users(id, email, first_name, last_name, city, address, phone_number, post_index, activation_code, active, password, password_reset_code, provider) values(122, 'test123@test.com', 'John', 'Doe', 'New York', 'Wall Street 1', '1234567890', '1234567890', null, true, '$2a$08$kS2f5m8eYoNpc.ZECzndGuXiqaWmCaFfOGMQquodP48qrD7.cQG4y', null, 'LOCAL')
2025-06-16T21:22:00.016Z DEBUG 2930 --- [           main] o.s.jdbc.datasource.init.ScriptUtils     : 1 returned as update count for SQL: insert into users(id, email, first_name, last_name, city, address, phone_number, post_index, activation_code, active, password, password_reset_code, provider) values (126, 'helloworld@test.com', 'John2', 'Doe2', 'New York', 'Wall Street1', '1234567890', '1234567890','8e97dc37-2cf5-47e2-98e0',false,'$2a$08$kS2f5m8eYoNpc.ZECzndGuXiqaWmCaFfOGMQquodP48qrD7.cQG4y','3f9bcdb0-2241-4c34-803e-598b497d571f', 'LOCAL')
2025-06-16T21:22:00.017Z DEBUG 2930 --- [           main] o.s.jdbc.datasource.init.ScriptUtils     : 1 returned as update count for SQL: insert into user_role (user_id, roles) values (1, 'ADMIN')
2025-06-16T21:22:00.017Z DEBUG 2930 --- [           main] o.s.jdbc.datasource.init.ScriptUtils     : 1 returned as update count for SQL: insert into user_role (user_id, roles) values (122, 'USER')
2025-06-16T21:22:00.017Z DEBUG 2930 --- [           main] o.s.jdbc.datasource.init.ScriptUtils     : 1 returned as update count for SQL: insert into user_role (user_id, roles) values (126, 'USER')
2025-06-16T21:22:00.017Z DEBUG 2930 --- [           main] o.s.jdbc.datasource.init.ScriptUtils     : Executed SQL script from class path resource [sql/create-user-before.sql] in 3 ms.
2025-06-16T21:22:00.017Z DEBUG 2930 --- [           main] o.s.jdbc.datasource.init.ScriptUtils     : Executing SQL script from class path resource [sql/create-perfumes-before.sql]
2025-06-16T21:22:00.018Z DEBUG 2930 --- [           main] o.s.jdbc.datasource.init.ScriptUtils     : 1 returned as update count for SQL: INSERT INTO perfume (id, country, description, filename, fragrance_base_notes, fragrance_middle_notes, fragrance_top_notes, perfume_gender, perfume_title, perfumer, price, type, volume, year, perfume_rating) VALUES (1, 'Germany', null, 'https://perfumeswebstorage.s3.eu-central-1.amazonaws.com/4735a4c8-e1fc-43ce-8ff9-0bd28d00ce20.Hugo Boss Boss Bottled Night.jpg', 'Salmwood, Musky notes, Sandalwood', 'Cardamom, Jasmine, African violet', 'Birch leaf, Lavender', 'male', 'Boss Bottled Night', 'Hugo Boss', 35, 'Eau de Toilette', '100', 20100, 0)
2025-06-16T21:22:00.018Z DEBUG 2930 --- [           main] o.s.jdbc.datasource.init.ScriptUtils     : 1 returned as update count for SQL: INSERT INTO perfume (id, country, description, filename, fragrance_base_notes, fragrance_middle_notes, fragrance_top_notes, perfume_gender, perfume_title, perfumer, price, type, volume, year, perfume_rating) VALUES (2, 'Germany', null, 'https://perfumeswebstorage.s3.eu-central-1.amazonaws.com/17d6f8a1-aa84-4823-bd18-ccb0fdbe7fe9.Hugo Boss Hugo Man.jpg', 'Moss, Sandalwood, Fir balsam', 'Carnation, Geranium leaf, Jasmine', 'Basil, Grapefruit, Green apple, Mint', 'male', 'Hugo Man', 'Hugo Boss', 21, 'Eau de Toilette', '75', 19950, 0)
2025-06-16T21:22:00.019Z DEBUG 2930 --- [           main] o.s.jdbc.datasource.init.ScriptUtils     : 1 returned as update count for SQL: INSERT INTO perfume (id, country, description, filename, fragrance_base_notes, fragrance_middle_notes, fragrance_top_notes, perfume_gender, perfume_title, perfumer, price, type, volume, year, perfume_rating) VALUES (3, 'Germany', null, 'https://perfumeswebstorage.s3.eu-central-1.amazonaws.com/ba9272ca-20af-4e41-89b7-24018be4acb1.Hugo Boss The Scent.jpg', 'Leather', 'Maninka fruit, Lavender', 'Ginger', 'male', 'The Scent', 'Hugo Boss', 45, 'Eau de Toilette', '100', 20150, 0)
2025-06-16T21:22:00.019Z DEBUG 2930 --- [           main] o.s.jdbc.datasource.init.ScriptUtils     : 1 returned as update count for SQL: INSERT INTO perfume (id, country, description, filename, fragrance_base_notes, fragrance_middle_notes, fragrance_top_notes, perfume_gender, perfume_title, perfumer, price, type, volume, year, perfume_rating) VALUES (4, 'Germany', null, 'https://perfumeswebstorage.s3.eu-central-1.amazonaws.com/540f8e7d-2259-4a20-becf-4ed5cfc2912e.Hugo Boss Boss Woman.jpg', 'Sandalwood, Cedar', 'Freesia, Violet root', 'Mandarin orange, Mango', 'female', 'Boss Woman', 'Hugo Boss', 26, 'Eau de parfum', '90', 20000, 0)
2025-06-16T21:22:00.019Z DEBUG 2930 --- [           main] o.s.jdbc.datasource.init.ScriptUtils     : 1 returned as update count for SQL: INSERT INTO perfume (id, country, description, filename, fragrance_base_notes, fragrance_middle_notes, fragrance_top_notes, perfume_gender, perfume_title, perfumer, price, type, volume, year, perfume_rating) VALUES (5, 'Germany', null, 'https://perfumeswebstorage.s3.eu-central-1.amazonaws.com/1fb6dd1b-a134-4e6f-8215-60d465d33d72.Hugo Boss Hugo Deep Red.jpg', 'Musk, Sandalwood, Vanilla', 'Freesia, Hibiscus, Ginger', 'Pear, Blood orange, Clementine', 'female', 'Deep Red', 'Hugo Boss', 27, 'Eau de parfum', '90', 20010, 0)
2025-06-16T21:22:00.020Z DEBUG 2930 --- [           main] o.s.jdbc.datasource.init.ScriptUtils     : 1 returned as update count for SQL: INSERT INTO perfume (id, country, description, filename, fragrance_base_notes, fragrance_middle_notes, fragrance_top_notes, perfume_gender, perfume_title, perfumer, price, type, volume, year, perfume_rating) VALUES (6, 'Germany', null, 'https://perfumeswebstorage.s3.eu-central-1.amazonaws.com/62e9bf9b-8fea-4eb2-9935-21e868e1b93d.Hugo Boss The Scent For Her.jpg', 'Roasted cocoa', 'Osmanthus', 'Peach, Freesia', 'female', 'The Scent For Her', 'Hugo Boss', 47, 'Eau de parfum', '100', 20160, 0)
2025-06-16T21:22:00.020Z DEBUG 2930 --- [           main] o.s.jdbc.datasource.init.ScriptUtils     : 1 returned as update count for SQL: INSERT INTO perfume (id, country, description, filename, fragrance_base_notes, fragrance_middle_notes, fragrance_top_notes, perfume_gender, perfume_title, perfumer, price, type, volume, year, perfume_rating) VALUES (26, 'Spain', null, 'https://perfumeswebstorage.s3.eu-central-1.amazonaws.com/6524de16-c086-49fe-a6e5-c9efc35f1a02.Carolina Herrera Bad Boy.jpg', 'Tonka bean, Cocoa absolute', 'Cedarwood, Sage', 'Black pepper, White pepper, Italian bergamot', 'male', 'Bad Boy', 'Carolina Herrera', 76, 'Eau de Toilette', '100', 20190, 0)
2025-06-16T21:22:00.020Z DEBUG 2930 --- [           main] o.s.jdbc.datasource.init.ScriptUtils     : 1 returned as update count for SQL: INSERT INTO perfume (id, country, description, filename, fragrance_base_notes, fragrance_middle_notes, fragrance_top_notes, perfume_gender, perfume_title, perfumer, price, type, volume, year, perfume_rating) VALUES (27, 'Spain', null, 'https://perfumeswebstorage.s3.eu-central-1.amazonaws.com/184c9da2-2445-4b01-87b8-b4f8b5f6ab8c.Carolina Herrera Good Girl.jpg', 'Roasted tonka bean, Cocoa, Sandalwood', 'Tuberose, Bulgarian rose, Jasmine sambac', 'Bergamot, Lemon', 'female', 'Good Girl', 'Carolina Herrera', 156, 'Eau de parfum', '150', 20160, 0)
2025-06-16T21:22:00.021Z DEBUG 2930 --- [           main] o.s.jdbc.datasource.init.ScriptUtils     : 1 returned as update count for SQL: INSERT INTO perfume (id, country, description, filename, fragrance_base_notes, fragrance_middle_notes, fragrance_top_notes, perfume_gender, perfume_title, perfumer, price, type, volume, year, perfume_rating) VALUES (28, 'France', null, 'https://perfumeswebstorage.s3.eu-central-1.amazonaws.com/e31f6d6c-e585-40a4-970c-f25322667924.Chanel Allure homme Sport.jpg', 'Amber, Musk, Tonka bean', 'Neroli, Pepper, Cedar', 'Aldehydes, Mandarin orange, Seawater', 'male', 'Allure homme Sport', 'Chanel', 85, 'Eau de Toilette', '100', 20040, 0)
2025-06-16T21:22:00.021Z DEBUG 2930 --- [           main] o.s.jdbc.datasource.init.ScriptUtils     : 1 returned as update count for SQL: INSERT INTO perfume (id, country, description, filename, fragrance_base_notes, fragrance_middle_notes, fragrance_top_notes, perfume_gender, perfume_title, perfumer, price, type, volume, year, perfume_rating) VALUES (29, 'France', null, 'https://perfumeswebstorage.s3.eu-central-1.amazonaws.com/ac6c7a11-97f8-44b1-9b10-f96997212dd4.Chanel Bleu de Chanel Eau de Parfum.jpg', 'Ginger, Sandalwood, Frankincense', 'Grapefruit, Labdanum, Cedar', 'Pink pepper, Vetiver, Citrus notes', 'male', 'Bleu de Chanel', 'Chanel', 88, 'Eau de parfum', '100', 20140, 0)
2025-06-16T21:22:00.021Z DEBUG 2930 --- [           main] o.s.jdbc.datasource.init.ScriptUtils     : 1 returned as update count for SQL: INSERT INTO perfume (id, country, description, filename, fragrance_base_notes, fragrance_middle_notes, fragrance_top_notes, perfume_gender, perfume_title, perfumer, price, type, volume, year, perfume_rating) VALUES (30, 'France', null, 'https://perfumeswebstorage.s3.eu-central-1.amazonaws.com/7049225c-03bb-45a7-ba6a-86274f8668b9.Chanel Egoiste Platinum.jpg', 'Amber, Oakmoss, Sandalwood', 'Galbanum, Geranium, Jasmine', 'Lavender, Neroli, Petitgrain', 'male', 'Egoiste Platinum', 'Chanel', 70, 'Eau de Toilette', '100', 19930, 0)
2025-06-16T21:22:00.021Z DEBUG 2930 --- [           main] o.s.jdbc.datasource.init.ScriptUtils     : 1 returned as update count for SQL: INSERT INTO perfume (id, country, description, filename, fragrance_base_notes, fragrance_middle_notes, fragrance_top_notes, perfume_gender, perfume_title, perfumer, price, type, volume, year, perfume_rating) VALUES (31, 'France', null, 'https://perfumeswebstorage.s3.eu-central-1.amazonaws.com/bcc4bb2a-907d-4531-9d7f-178c765c5ed3.Chanel Chance Eau Fraiche.jpg', 'Amber, Iris, Musk, Patchouli', 'Jasmine, Pink pepper, Water hyacinth', 'Cedar, Citrus fruits', 'female', 'Chance Eau Fraiche', 'Chanel', 90, 'Eau de Toilette', '100', 20070, 0)
2025-06-16T21:22:00.022Z DEBUG 2930 --- [           main] o.s.jdbc.datasource.init.ScriptUtils     : 1 returned as update count for SQL: INSERT INTO perfume (id, country, description, filename, fragrance_base_notes, fragrance_middle_notes, fragrance_top_notes, perfume_gender, perfume_title, perfumer, price, type, volume, year, perfume_rating) VALUES (32, 'France', null, 'https://perfumeswebstorage.s3.eu-central-1.amazonaws.com/2b5f80ca-e0f3-4e99-b5e4-11ccb9153b00.Chanel Gabrielle Essence.jpg', 'Sandalwood, Vanilla, White musk', 'Tuberose, Jasmine, Ylang-ylang', 'Citrus fruits, Red fruits', 'female', 'Gabrielle Essence', 'Chanel', 104, 'Eau de parfum', '100', 20190, 0)
2025-06-16T21:22:00.022Z DEBUG 2930 --- [           main] o.s.jdbc.datasource.init.ScriptUtils     : 1 returned as update count for SQL: INSERT INTO perfume (id, country, description, filename, fragrance_base_notes, fragrance_middle_notes, fragrance_top_notes, perfume_gender, perfume_title, perfumer, price, type, volume, year, perfume_rating) VALUES (33, 'France', null, 'https://perfumeswebstorage.s3.eu-central-1.amazonaws.com/4b51181b-5551-4321-b5e7-f7612584c9b2.Chanel N5.jpg', 'Amber, Sandalwood, Vanilla', 'Iris, Grasse jasmine', 'Aldehydes, Bergamot, Neroli', 'female', 'Chanel N5', 'Chanel', 192, 'Eau de parfum', '200', 19210, 0)
2025-06-16T21:22:00.022Z DEBUG 2930 --- [           main] o.s.jdbc.datasource.init.ScriptUtils     : 1 returned as update count for SQL: INSERT INTO perfume (id, country, description, filename, fragrance_base_notes, fragrance_middle_notes, fragrance_top_notes, perfume_gender, perfume_title, perfumer, price, type, volume, year, perfume_rating) VALUES (34, 'France', null, 'https://perfumeswebstorage.s3.eu-central-1.amazonaws.com/bdb203a9-0725-4ed4-a71a-db7eeb915fae.Creed Aventus.jpg', 'Ambergris, Oakmoss, Musk', 'Birch, Jasmine, Patchouli', 'Pineapple, Apple, Bergamot, Blackcurrant', 'male', 'Aventus', 'Creed', 152, 'Eau de parfum', '100', 20100, 0)
2025-06-16T21:22:00.023Z DEBUG 2930 --- [           main] o.s.jdbc.datasource.init.ScriptUtils     : 1 returned as update count for SQL: INSERT INTO perfume (id, country, description, filename, fragrance_base_notes, fragrance_middle_notes, fragrance_top_notes, perfume_gender, perfume_title, perfumer, price, type, volume, year, perfume_rating) VALUES (35, 'France', null, 'https://perfumeswebstorage.s3.eu-central-1.amazonaws.com/162cfbe2-2dc2-4271-8a63-23981a7e3cc4.Creed Bois du Portugal.jpg', 'Sandalwood, Vetiver, Ambergris', 'Cedarwood', 'Bergamot, Lavender', 'male', 'Bois du Portugal', 'Creed', 110, 'Eau de parfum', '100', 19870, 0)
2025-06-16T21:22:00.023Z DEBUG 2930 --- [           main] o.s.jdbc.datasource.init.ScriptUtils     : 1 returned as update count for SQL: INSERT INTO perfume (id, country, description, filename, fragrance_base_notes, fragrance_middle_notes, fragrance_top_notes, perfume_gender, perfume_title, perfumer, price, type, volume, year, perfume_rating) VALUES (36, 'France', null, 'https://perfumeswebstorage.s3.eu-central-1.amazonaws.com/1d428b77-0ffd-449f-bcaa-04a094b51de7.Creed Original Vetiver.jpg', 'Ambergris, Sandalwood, Musk, Vetiver', 'White pepper, Coriander, Pink pepper', 'Bergamot, Bitter orange, Mandarin orange', 'male', 'Original Vetiver', 'Creed', 97, 'Eau de parfum', '100', 20040, 0)
2025-06-16T21:22:00.023Z DEBUG 2930 --- [           main] o.s.jdbc.datasource.init.ScriptUtils     : 1 returned as update count for SQL: INSERT INTO perfume (id, country, description, filename, fragrance_base_notes, fragrance_middle_notes, fragrance_top_notes, perfume_gender, perfume_title, perfumer, price, type, volume, year, perfume_rating) VALUES (37, 'France', null, 'https://perfumeswebstorage.s3.eu-central-1.amazonaws.com/5fd3de8e-1022-47a2-ae58-a089a65bd90c.Creed Acqua Fiorentina.jpg', 'Grapefruit, Sandalwood, Cedar', 'Bergamot, Pear, Rose', 'Apple, Prune, Greengage plum', 'female', 'Acqua Fiorentina', 'Creed', 100, 'Eau de parfum', '75', 20090, 0)
2025-06-16T21:22:00.023Z DEBUG 2930 --- [           main] o.s.jdbc.datasource.init.ScriptUtils     : 1 returned as update count for SQL: INSERT INTO perfume (id, country, description, filename, fragrance_base_notes, fragrance_middle_notes, fragrance_top_notes, perfume_gender, perfume_title, perfumer, price, type, volume, year, perfume_rating) VALUES (38, 'France', null, 'https://perfumeswebstorage.s3.eu-central-1.amazonaws.com/7d32f694-9cc3-4770-844a-47400e6f5c6b.Creed Aventus for Her.jpg', 'Peach, Blackcurrant, Ylang-ylang', 'Rose, Styrax, Mysore sandalwood', 'Green apple, Violet leaf, Calabrian bergamot', 'female', 'Aventus for Her', 'Creed', 141, 'Eau de parfum', '75', 20160, 0)
2025-06-16T21:22:00.024Z DEBUG 2930 --- [           main] o.s.jdbc.datasource.init.ScriptUtils     : 1 returned as update count for SQL: INSERT INTO perfume (id, country, description, filename, fragrance_base_notes, fragrance_middle_notes, fragrance_top_notes, perfume_gender, perfume_title, perfumer, price, type, volume, year, perfume_rating) VALUES (39, 'France', null, 'https://perfumeswebstorage.s3.eu-central-1.amazonaws.com/cbb8efd1-f55a-4db3-8511-f0b5b446533d.Creed Love in Black.jpg', 'Rose, Burgundy blackcurrant, Violet', 'Florentine iris, Clove', 'White violet', 'female', 'Love in Black', 'Creed', 89, 'Eau de parfum', '75', 20080, 0)
2025-06-16T21:22:00.024Z DEBUG 2930 --- [           main] o.s.jdbc.datasource.init.ScriptUtils     : 1 returned as update count for SQL: INSERT INTO perfume (id, country, description, filename, fragrance_base_notes, fragrance_middle_notes, fragrance_top_notes, perfume_gender, perfume_title, perfumer, price, type, volume, year, perfume_rating) VALUES (40, 'France', null, 'https://perfumeswebstorage.s3.eu-central-1.amazonaws.com/0f0acb70-dc64-474f-878a-1b214d250d94.CreedLoveinWhite.jpg', 'Ambergris, Mysore sandalwood, Vanilla', 'Florentine iris, Yellow narcissus, Magnolia', 'Orange zest', 'female', 'Love in White', 'Creed', 94, 'Eau de parfum', '75', 20050, 0)
2025-06-16T21:22:00.024Z DEBUG 2930 --- [           main] o.s.jdbc.datasource.init.ScriptUtils     : 1 returned as update count for SQL: INSERT INTO perfume (id, country, description, filename, fragrance_base_notes, fragrance_middle_notes, fragrance_top_notes, perfume_gender, perfume_title, perfumer, price, type, volume, year, perfume_rating) VALUES (41, 'France', null, 'https://perfumeswebstorage.s3.eu-central-1.amazonaws.com/0158183f-2412-4c61-a962-7c96e43c19c3.Dior Fahrenheit.jpg', 'Amber, Leather, Musk', 'Carnation, Honeysuckle, Jasmine', 'Bergamot, Camomile, Lavender, Mandarin orange', 'male', 'Fahrenheit', 'Dior', 62, 'Eau de Toilette', '100', 19880, 0)
2025-06-16T21:22:00.025Z DEBUG 2930 --- [           main] o.s.jdbc.datasource.init.ScriptUtils     : 1 returned as update count for SQL: INSERT INTO perfume (id, country, description, filename, fragrance_base_notes, fragrance_middle_notes, fragrance_top_notes, perfume_gender, perfume_title, perfumer, price, type, volume, year, perfume_rating) VALUES (42, 'France', null, 'https://perfumeswebstorage.s3.eu-central-1.amazonaws.com/27f0b3d3-2634-4e74-971a-f780c4480482.Dior Homme.jpg', 'Virginia cedar', 'Ecuadorian ambrette seed', 'Florentine iris absolute', 'male', 'Homme', 'Dior', 90, 'Eau de parfum', '100', 20070, 0)
2025-06-16T21:22:00.025Z DEBUG 2930 --- [           main] o.s.jdbc.datasource.init.ScriptUtils     : 1 returned as update count for SQL: INSERT INTO perfume (id, country, description, filename, fragrance_base_notes, fragrance_middle_notes, fragrance_top_notes, perfume_gender, perfume_title, perfumer, price, type, volume, year, perfume_rating) VALUES (43, 'France', null, 'https://perfumeswebstorage.s3.eu-central-1.amazonaws.com/03e65b3b-7b1f-400c-9bb8-a8956bdaa4be.Dior Sauvage.jpg', 'Ambroxan', 'Bergamot', 'Sichuan Pepper', 'male', 'Sauvage', 'Dior', 62, 'Eau de Toilette', '100', 20150, 0)
2025-06-16T21:22:00.025Z DEBUG 2930 --- [           main] o.s.jdbc.datasource.init.ScriptUtils     : 1 returned as update count for SQL: INSERT INTO perfume (id, country, description, filename, fragrance_base_notes, fragrance_middle_notes, fragrance_top_notes, perfume_gender, perfume_title, perfumer, price, type, volume, year, perfume_rating) VALUES (44, 'France', null, 'https://perfumeswebstorage.s3.eu-central-1.amazonaws.com/94c85cfd-f090-4d49-b2e9-dcff34eec8c1.Dior Jadore.jpg', 'Vanilla, Cedar, Musk', 'Lily of the valley, Rose, Violet', 'Bergamot, Pear, Melon, Peach', 'female', 'Jadore', 'Dior', 81, 'Eau de parfum', '100', 19990, 0)
2025-06-16T21:22:00.025Z DEBUG 2930 --- [           main] o.s.jdbc.datasource.init.ScriptUtils     : 1 returned as update count for SQL: INSERT INTO perfume (id, country, description, filename, fragrance_base_notes, fragrance_middle_notes, fragrance_top_notes, perfume_gender, perfume_title, perfumer, price, type, volume, year, perfume_rating) VALUES (45, 'France', null, 'https://perfumeswebstorage.s3.eu-central-1.amazonaws.com/85f8de21-24d5-473b-8d63-6ba6c2d4d25e.Dior Miss Dior.jpg', 'Ambergris, Musk, Patchouli', 'Jasmine, Caramel, Popcorn', 'Pineapple, Cherry, Mandarin orange', 'female', 'Miss Dior', 'Dior', 90, 'Eau de parfum', '100', 20110, 0)
2025-06-16T21:22:00.026Z DEBUG 2930 --- [           main] o.s.jdbc.datasource.init.ScriptUtils     : 1 returned as update count for SQL: INSERT INTO perfume (id, country, description, filename, fragrance_base_notes, fragrance_middle_notes, fragrance_top_notes, perfume_gender, perfume_title, perfumer, price, type, volume, year, perfume_rating) VALUES (46, 'France', null, 'https://perfumeswebstorage.s3.eu-central-1.amazonaws.com/63534821-1eb9-4b44-afd3-61c3b8ca4a25.Dior Poison Girl.jpg', 'Venezuelan tonka bean', 'Grasse rose', 'Bitter orange', 'female', 'Poison Girl', 'Dior', 75, 'Eau de parfum', '100', 20160, 0)
2025-06-16T21:22:00.026Z DEBUG 2930 --- [           main] o.s.jdbc.datasource.init.ScriptUtils     : 1 returned as update count for SQL: INSERT INTO review (id, author, date, message, rating) VALUES (123, 'John', '2021-02-07', 'Hello world', 5)
2025-06-16T21:22:00.026Z DEBUG 2930 --- [           main] o.s.jdbc.datasource.init.ScriptUtils     : 1 returned as update count for SQL: INSERT INTO review (id, author, date, message, rating) VALUES (124, 'John2', '2021-02-07', 'Hello world2', 4)
2025-06-16T21:22:00.026Z DEBUG 2930 --- [           main] o.s.jdbc.datasource.init.ScriptUtils     : 1 returned as update count for SQL: INSERT INTO perfume_reviews (perfume_id, reviews_id) VALUES (2, 123)
2025-06-16T21:22:00.027Z DEBUG 2930 --- [           main] o.s.jdbc.datasource.init.ScriptUtils     : 1 returned as update count for SQL: INSERT INTO perfume_reviews (perfume_id, reviews_id) VALUES (2, 124)
2025-06-16T21:22:00.027Z DEBUG 2930 --- [           main] o.s.jdbc.datasource.init.ScriptUtils     : Executed SQL script from class path resource [sql/create-perfumes-before.sql] in 10 ms.
2025-06-16T21:22:00.027Z DEBUG 2930 --- [           main] o.s.orm.jpa.JpaTransactionManager        : Initiating transaction commit
2025-06-16T21:22:00.027Z DEBUG 2930 --- [           main] o.s.orm.jpa.JpaTransactionManager        : Committing JPA transaction on EntityManager [SessionImpl(1664946554<open>)]
2025-06-16T21:22:00.027Z DEBUG 2930 --- [           main] o.s.orm.jpa.JpaTransactionManager        : Closing JPA EntityManager [SessionImpl(1664946554<open>)] after transaction
2025-06-16T21:22:00.027Z DEBUG 2930 --- [           main] org.springframework.test.context.cache   : Spring test ApplicationContext cache statistics: [DefaultContextCache@6f416866 size = 1, maxSize = 32, parentContextCount = 0, hitCount = 823, missCount = 1, failureCount = 0]
2025-06-16T21:22:00.027Z DEBUG 2930 --- [           main] org.springframework.test.context.cache   : Spring test ApplicationContext cache statistics: [DefaultContextCache@6f416866 size = 1, maxSize = 32, parentContextCount = 0, hitCount = 824, missCount = 1, failureCount = 0]
2025-06-16T21:22:00.028Z DEBUG 2930 --- [           main] o.s.b.f.s.DefaultListableBeanFactory     : Autowiring by type from bean name 'org.springframework.security.test.context.support.WithUserDetailsSecurityContextFactory' via constructor to bean named 'org.springframework.beans.factory.support.DefaultListableBeanFactory@2e93108a'
2025-06-16T21:22:00.028Z DEBUG 2930 --- [           main] org.springframework.test.context.cache   : Spring test ApplicationContext cache statistics: [DefaultContextCache@6f416866 size = 1, maxSize = 32, parentContextCount = 0, hitCount = 825, missCount = 1, failureCount = 0]
2025-06-16T21:22:00.028Z DEBUG 2930 --- [           main] tor$SharedEntityManagerInvocationHandler : Creating new EntityManager for shared EntityManager invocation
2025-06-16T21:22:00.031Z DEBUG 2930 --- [           main] org.springframework.test.context.cache   : Spring test ApplicationContext cache statistics: [DefaultContextCache@6f416866 size = 1, maxSize = 32, parentContextCount = 0, hitCount = 826, missCount = 1, failureCount = 0]
2025-06-16T21:22:00.033Z DEBUG 2930 --- [           main] org.springframework.test.context.cache   : Spring test ApplicationContext cache statistics: [DefaultContextCache@6f416866 size = 1, maxSize = 32, parentContextCount = 0, hitCount = 827, missCount = 1, failureCount = 0]
2025-06-16T21:22:00.033Z DEBUG 2930 --- [           main] org.springframework.test.context.cache   : Spring test ApplicationContext cache statistics: [DefaultContextCache@6f416866 size = 1, maxSize = 32, parentContextCount = 0, hitCount = 828, missCount = 1, failureCount = 0]
2025-06-16T21:22:00.034Z DEBUG 2930 --- [           main] o.s.test.util.ReflectionTestUtils        : Invoking method 'getFilters' on target object [FilterChainProxy[Filter Chains: null]] or target class [null] with arguments {org.springframework.mock.web.MockHttpServletRequest@561f37b5}
2025-06-16T21:22:00.034Z DEBUG 2930 --- [           main] o.s.test.util.ReflectionTestUtils        : Invoking method 'getFilters' on target object [FilterChainProxy[Filter Chains: null]] or target class [null] with arguments {org.springframework.mock.web.MockHttpServletRequest@561f37b5}
2025-06-16T21:22:00.034Z DEBUG 2930 --- [           main] o.s.test.util.ReflectionTestUtils        : Getting field 'securityContextRepository' from target object [org.springframework.security.web.context.SecurityContextHolderFilter@357c04f0] or target class [class org.springframework.security.web.context.SecurityContextHolderFilter]
2025-06-16T21:22:00.035Z DEBUG 2930 --- [           main] o.s.security.web.FilterChainProxy        : Securing GET /api/v1/users
2025-06-16T21:22:00.036Z DEBUG 2930 --- [           main] o.s.security.web.FilterChainProxy        : Secured GET /api/v1/users
2025-06-16T21:22:00.036Z DEBUG 2930 --- [           main] o.s.t.web.servlet.TestDispatcherServlet  : GET "/api/v1/users", parameters={}
2025-06-16T21:22:00.036Z DEBUG 2930 --- [           main] s.w.s.m.m.a.RequestMappingHandlerMapping : Mapped to com.gmail.merikbest2015.ecommerce.controller.UserController#getUserInfo(UserPrincipal)
2025-06-16T21:22:00.036Z DEBUG 2930 --- [           main] o.j.s.OpenEntityManagerInViewInterceptor : Opening JPA EntityManager in OpenEntityManagerInViewInterceptor
2025-06-16T21:22:00.037Z  INFO 2930 --- [           main] c.g.m.e.controller.UserController        : Fetching user info for email=test123@test.com
2025-06-16T21:22:00.037Z  INFO 2930 --- [           main] c.g.m.e.service.Impl.UserServiceImpl     : Fetching user info by email: test123@test.com
2025-06-16T21:22:00.040Z  INFO 2930 --- [           main] c.g.m.e.controller.UserController        : User info fetched for email=test123@test.com
CLASS: [UserController], METHOD: [getUserInfo()], REQUEST: UserPrincipal(id=122, email=test123@test.com, password=$2a$08$kS2f5m8eYoNpc.ZECzndGuXiqaWmCaFfOGMQquodP48qrD7.cQG4y, authorities=[USER], attributes=null)
CLASS: [UserController], METHOD: [getUserInfo()], RESPONSE: <200 OK OK,com.gmail.merikbest2015.ecommerce.dto.user.UserResponse@1ebabee4,[]>
2025-06-16T21:22:00.040Z DEBUG 2930 --- [           main] o.s.w.s.m.m.a.HttpEntityMethodProcessor  : Using 'application/json', given [*/*] and supported [application/json, application/*+json, application/yaml]
2025-06-16T21:22:00.040Z DEBUG 2930 --- [           main] o.s.w.s.m.m.a.HttpEntityMethodProcessor  : Writing [com.gmail.merikbest2015.ecommerce.dto.user.UserResponse@1ebabee4]
2025-06-16T21:22:00.041Z DEBUG 2930 --- [           main] o.j.s.OpenEntityManagerInViewInterceptor : Closing JPA EntityManager in OpenEntityManagerInViewInterceptor
2025-06-16T21:22:00.041Z DEBUG 2930 --- [           main] o.s.t.web.servlet.TestDispatcherServlet  : Completed 200 OK
2025-06-16T21:22:00.042Z DEBUG 2930 --- [           main] org.springframework.test.context.cache   : Spring test ApplicationContext cache statistics: [DefaultContextCache@6f416866 size = 1, maxSize = 32, parentContextCount = 0, hitCount = 829, missCount = 1, failureCount = 0]
2025-06-16T21:22:00.042Z DEBUG 2930 --- [           main] org.springframework.test.context.cache   : Spring test ApplicationContext cache statistics: [DefaultContextCache@6f416866 size = 1, maxSize = 32, parentContextCount = 0, hitCount = 830, missCount = 1, failureCount = 0]
2025-06-16T21:22:00.043Z DEBUG 2930 --- [           main] org.springframework.test.context.cache   : Spring test ApplicationContext cache statistics: [DefaultContextCache@6f416866 size = 1, maxSize = 32, parentContextCount = 0, hitCount = 831, missCount = 1, failureCount = 0]
2025-06-16T21:22:00.043Z DEBUG 2930 --- [           main] org.springframework.test.context.cache   : Spring test ApplicationContext cache statistics: [DefaultContextCache@6f416866 size = 1, maxSize = 32, parentContextCount = 0, hitCount = 832, missCount = 1, failureCount = 0]
2025-06-16T21:22:00.043Z DEBUG 2930 --- [           main] org.springframework.test.context.cache   : Spring test ApplicationContext cache statistics: [DefaultContextCache@6f416866 size = 1, maxSize = 32, parentContextCount = 0, hitCount = 833, missCount = 1, failureCount = 0]
2025-06-16T21:22:00.043Z DEBUG 2930 --- [           main] org.springframework.test.context.cache   : Spring test ApplicationContext cache statistics: [DefaultContextCache@6f416866 size = 1, maxSize = 32, parentContextCount = 0, hitCount = 834, missCount = 1, failureCount = 0]
2025-06-16T21:22:00.044Z DEBUG 2930 --- [           main] org.springframework.test.context.cache   : Spring test ApplicationContext cache statistics: [DefaultContextCache@6f416866 size = 1, maxSize = 32, parentContextCount = 0, hitCount = 835, missCount = 1, failureCount = 0]
2025-06-16T21:22:00.044Z DEBUG 2930 --- [           main] org.springframework.test.context.cache   : Spring test ApplicationContext cache statistics: [DefaultContextCache@6f416866 size = 1, maxSize = 32, parentContextCount = 0, hitCount = 836, missCount = 1, failureCount = 0]
2025-06-16T21:22:00.044Z DEBUG 2930 --- [           main] .s.t.c.j.SqlScriptsTestExecutionListener : Processing merged @SqlConfig attributes for execution phase [AFTER_TEST_METHOD] and test class [com.gmail.merikbest2015.ecommerce.controller.UserControllerTest]
2025-06-16T21:22:00.044Z DEBUG 2930 --- [           main] org.springframework.test.context.cache   : Spring test ApplicationContext cache statistics: [DefaultContextCache@6f416866 size = 1, maxSize = 32, parentContextCount = 0, hitCount = 837, missCount = 1, failureCount = 0]
2025-06-16T21:22:00.045Z DEBUG 2930 --- [           main] .s.t.c.j.SqlScriptsTestExecutionListener : Executing SQL scripts: [class path resource [sql/create-user-after.sql], class path resource [sql/create-perfumes-after.sql]]
2025-06-16T21:22:00.045Z DEBUG 2930 --- [           main] org.springframework.test.context.cache   : Spring test ApplicationContext cache statistics: [DefaultContextCache@6f416866 size = 1, maxSize = 32, parentContextCount = 0, hitCount = 838, missCount = 1, failureCount = 0]
2025-06-16T21:22:00.045Z DEBUG 2930 --- [           main] org.springframework.test.context.cache   : Spring test ApplicationContext cache statistics: [DefaultContextCache@6f416866 size = 1, maxSize = 32, parentContextCount = 0, hitCount = 839, missCount = 1, failureCount = 0]
2025-06-16T21:22:00.045Z DEBUG 2930 --- [           main] o.s.orm.jpa.JpaTransactionManager        : Creating new transaction with name [com.gmail.merikbest2015.ecommerce.controller.UserControllerTest]: PROPAGATION_REQUIRED,ISOLATION_DEFAULT
2025-06-16T21:22:00.045Z DEBUG 2930 --- [           main] o.s.orm.jpa.JpaTransactionManager        : Opened new EntityManager [SessionImpl(1065295583<open>)] for JPA transaction
2025-06-16T21:22:00.045Z DEBUG 2930 --- [           main] o.s.orm.jpa.JpaTransactionManager        : Exposing JPA transaction as JDBC [org.springframework.orm.jpa.vendor.HibernateJpaDialect$HibernateConnectionHandle@cc83090]
2025-06-16T21:22:00.045Z DEBUG 2930 --- [           main] o.s.jdbc.datasource.init.ScriptUtils     : Executing SQL script from class path resource [sql/create-user-after.sql]
2025-06-16T21:22:00.045Z DEBUG 2930 --- [           main] o.s.jdbc.datasource.init.ScriptUtils     : 3 returned as update count for SQL: delete from user_role
2025-06-16T21:22:00.046Z DEBUG 2930 --- [           main] o.s.jdbc.datasource.init.ScriptUtils     : 3 returned as update count for SQL: delete from users
2025-06-16T21:22:00.046Z DEBUG 2930 --- [           main] o.s.jdbc.datasource.init.ScriptUtils     : Executed SQL script from class path resource [sql/create-user-after.sql] in 1 ms.
2025-06-16T21:22:00.046Z DEBUG 2930 --- [           main] o.s.jdbc.datasource.init.ScriptUtils     : Executing SQL script from class path resource [sql/create-perfumes-after.sql]
2025-06-16T21:22:00.046Z DEBUG 2930 --- [           main] o.s.jdbc.datasource.init.ScriptUtils     : 2 returned as update count for SQL: delete from perfume_reviews
2025-06-16T21:22:00.046Z DEBUG 2930 --- [           main] o.s.jdbc.datasource.init.ScriptUtils     : 2 returned as update count for SQL: delete from review
2025-06-16T21:22:00.047Z DEBUG 2930 --- [           main] o.s.jdbc.datasource.init.ScriptUtils     : 27 returned as update count for SQL: delete from perfume
2025-06-16T21:22:00.047Z DEBUG 2930 --- [           main] o.s.jdbc.datasource.init.ScriptUtils     : Executed SQL script from class path resource [sql/create-perfumes-after.sql] in 1 ms.
2025-06-16T21:22:00.047Z DEBUG 2930 --- [           main] o.s.orm.jpa.JpaTransactionManager        : Initiating transaction commit
2025-06-16T21:22:00.047Z DEBUG 2930 --- [           main] o.s.orm.jpa.JpaTransactionManager        : Committing JPA transaction on EntityManager [SessionImpl(1065295583<open>)]
2025-06-16T21:22:00.047Z DEBUG 2930 --- [           main] o.s.orm.jpa.JpaTransactionManager        : Closing JPA EntityManager [SessionImpl(1065295583<open>)] after transaction
2025-06-16T21:22:00.047Z DEBUG 2930 --- [           main] .c.s.DirtiesContextTestExecutionListener : After test method: class [UserControllerTest], method [getUserInfo], class annotated with @DirtiesContext [false] with mode [null], method annotated with @DirtiesContext [false] with mode [null]
2025-06-16T21:22:00.047Z DEBUG 2930 --- [           main] ObservationRegistryTestExecutionListener : Restoring ObservationRegistry in ObservationThreadLocalAccessor for test class com.gmail.merikbest2015.ecommerce.controller.UserControllerTest
2025-06-16T21:22:00.048Z DEBUG 2930 --- [           main] o.s.t.c.w.ServletTestExecutionListener   : Resetting RequestContextHolder for test class com.gmail.merikbest2015.ecommerce.controller.UserControllerTest
]]></system-out>
  </testcase>
</testsuite>