<?xml version="1.0" encoding="UTF-8"?>
<testsuite xmlns:xsi="http://www.w3.org/2001/XMLSchema-instance" xsi:noNamespaceSchemaLocation="https://maven.apache.org/surefire/maven-failsafe-plugin/xsd/failsafe-test-report-3.0.xsd" version="3.0" name="com.gmail.merikbest2015.ecommerce.controller.ReviewControllerTest" time="12.292" tests="4" errors="0" skipped="0" failures="0">
  <properties>
    <property name="java.specification.version" value="17"/>
    <property name="sun.jnu.encoding" value="UTF-8"/>
    <property name="java.class.path" value="/home/runner/work/desofs2025_wed_nap_1/desofs2025_wed_nap_1/target/test-classes:/home/runner/work/desofs2025_wed_nap_1/desofs2025_wed_nap_1/target/classes:/home/runner/.m2/repository/org/springframework/boot/spring-boot-starter-web/2.3.6.RELEASE/spring-boot-starter-web-2.3.6.RELEASE.jar:/home/runner/.m2/repository/org/springframework/boot/spring-boot-starter/2.3.6.RELEASE/spring-boot-starter-2.3.6.RELEASE.jar:/home/runner/.m2/repository/jakarta/annotation/jakarta.annotation-api/1.3.5/jakarta.annotation-api-1.3.5.jar:/home/runner/.m2/repository/org/yaml/snakeyaml/1.26/snakeyaml-1.26.jar:/home/runner/.m2/repository/org/springframework/boot/spring-boot-starter-json/2.3.6.RELEASE/spring-boot-starter-json-2.3.6.RELEASE.jar:/home/runner/.m2/repository/com/fasterxml/jackson/core/jackson-databind/2.11.3/jackson-databind-2.11.3.jar:/home/runner/.m2/repository/com/fasterxml/jackson/datatype/jackson-datatype-jsr310/2.11.3/jackson-datatype-jsr310-2.11.3.jar:/home/runner/.m2/repository/com/fasterxml/jackson/module/jackson-module-parameter-names/2.11.3/jackson-module-parameter-names-2.11.3.jar:/home/runner/.m2/repository/org/springframework/boot/spring-boot-starter-tomcat/2.3.6.RELEASE/spring-boot-starter-tomcat-2.3.6.RELEASE.jar:/home/runner/.m2/repository/org/apache/tomcat/embed/tomcat-embed-core/9.0.39/tomcat-embed-core-9.0.39.jar:/home/runner/.m2/repository/org/glassfish/jakarta.el/3.0.3/jakarta.el-3.0.3.jar:/home/runner/.m2/repository/org/apache/tomcat/embed/tomcat-embed-websocket/9.0.39/tomcat-embed-websocket-9.0.39.jar:/home/runner/.m2/repository/org/springframework/spring-web/5.2.11.RELEASE/spring-web-5.2.11.RELEASE.jar:/home/runner/.m2/repository/org/springframework/spring-webmvc/5.2.11.RELEASE/spring-webmvc-5.2.11.RELEASE.jar:/home/runner/.m2/repository/org/springframework/boot/spring-boot-devtools/2.3.6.RELEASE/spring-boot-devtools-2.3.6.RELEASE.jar:/home/runner/.m2/repository/org/springframework/boot/spring-boot/2.3.6.RELEASE/spring-boot-2.3.6.RELEASE.jar:/home/runner/.m2/repository/org/springframework/boot/spring-boot-autoconfigure/2.3.6.RELEASE/spring-boot-autoconfigure-2.3.6.RELEASE.jar:/home/runner/.m2/repository/org/postgresql/postgresql/42.2.18/postgresql-42.2.18.jar:/home/runner/.m2/repository/org/checkerframework/checker-qual/3.5.0/checker-qual-3.5.0.jar:/home/runner/.m2/repository/org/springframework/boot/spring-boot-starter-data-jpa/2.3.6.RELEASE/spring-boot-starter-data-jpa-2.3.6.RELEASE.jar:/home/runner/.m2/repository/org/springframework/boot/spring-boot-starter-jdbc/2.3.6.RELEASE/spring-boot-starter-jdbc-2.3.6.RELEASE.jar:/home/runner/.m2/repository/com/zaxxer/HikariCP/3.4.5/HikariCP-3.4.5.jar:/home/runner/.m2/repository/org/springframework/spring-jdbc/5.2.11.RELEASE/spring-jdbc-5.2.11.RELEASE.jar:/home/runner/.m2/repository/jakarta/transaction/jakarta.transaction-api/1.3.3/jakarta.transaction-api-1.3.3.jar:/home/runner/.m2/repository/jakarta/persistence/jakarta.persistence-api/2.2.3/jakarta.persistence-api-2.2.3.jar:/home/runner/.m2/repository/org/hibernate/hibernate-core/5.4.23.Final/hibernate-core-5.4.23.Final.jar:/home/runner/.m2/repository/org/javassist/javassist/3.24.0-GA/javassist-3.24.0-GA.jar:/home/runner/.m2/repository/net/bytebuddy/byte-buddy/1.10.18/byte-buddy-1.10.18.jar:/home/runner/.m2/repository/antlr/antlr/2.7.7/antlr-2.7.7.jar:/home/runner/.m2/repository/org/jboss/jandex/2.1.3.Final/jandex-2.1.3.Final.jar:/home/runner/.m2/repository/org/dom4j/dom4j/2.1.3/dom4j-2.1.3.jar:/home/runner/.m2/repository/org/hibernate/common/hibernate-commons-annotations/5.1.2.Final/hibernate-commons-annotations-5.1.2.Final.jar:/home/runner/.m2/repository/org/glassfish/jaxb/jaxb-runtime/2.3.3/jaxb-runtime-2.3.3.jar:/home/runner/.m2/repository/org/glassfish/jaxb/txw2/2.3.3/txw2-2.3.3.jar:/home/runner/.m2/repository/com/sun/istack/istack-commons-runtime/3.0.11/istack-commons-runtime-3.0.11.jar:/home/runner/.m2/repository/org/springframework/data/spring-data-jpa/2.3.5.RELEASE/spring-data-jpa-2.3.5.RELEASE.jar:/home/runner/.m2/repository/org/springframework/data/spring-data-commons/2.3.5.RELEASE/spring-data-commons-2.3.5.RELEASE.jar:/home/runner/.m2/repository/org/springframework/spring-orm/5.2.11.RELEASE/spring-orm-5.2.11.RELEASE.jar:/home/runner/.m2/repository/org/springframework/spring-tx/5.2.11.RELEASE/spring-tx-5.2.11.RELEASE.jar:/home/runner/.m2/repository/org/springframework/spring-aspects/5.2.11.RELEASE/spring-aspects-5.2.11.RELEASE.jar:/home/runner/.m2/repository/org/springframework/boot/spring-boot-starter-security/2.3.6.RELEASE/spring-boot-starter-security-2.3.6.RELEASE.jar:/home/runner/.m2/repository/org/springframework/spring-aop/5.2.11.RELEASE/spring-aop-5.2.11.RELEASE.jar:/home/runner/.m2/repository/org/springframework/security/spring-security-config/5.3.5.RELEASE/spring-security-config-5.3.5.RELEASE.jar:/home/runner/.m2/repository/org/springframework/security/spring-security-web/5.3.5.RELEASE/spring-security-web-5.3.5.RELEASE.jar:/home/runner/.m2/repository/org/springframework/security/spring-security-test/5.3.5.RELEASE/spring-security-test-5.3.5.RELEASE.jar:/home/runner/.m2/repository/org/springframework/security/spring-security-core/5.3.5.RELEASE/spring-security-core-5.3.5.RELEASE.jar:/home/runner/.m2/repository/org/springframework/spring-core/5.2.11.RELEASE/spring-core-5.2.11.RELEASE.jar:/home/runner/.m2/repository/org/springframework/spring-jcl/5.2.11.RELEASE/spring-jcl-5.2.11.RELEASE.jar:/home/runner/.m2/repository/org/springframework/spring-test/5.2.11.RELEASE/spring-test-5.2.11.RELEASE.jar:/home/runner/.m2/repository/org/springframework/security/spring-security-taglibs/5.3.5.RELEASE/spring-security-taglibs-5.3.5.RELEASE.jar:/home/runner/.m2/repository/org/springframework/security/spring-security-acl/5.3.5.RELEASE/spring-security-acl-5.3.5.RELEASE.jar:/home/runner/.m2/repository/org/springframework/spring-beans/5.2.11.RELEASE/spring-beans-5.2.11.RELEASE.jar:/home/runner/.m2/repository/org/springframework/spring-context/5.2.11.RELEASE/spring-context-5.2.11.RELEASE.jar:/home/runner/.m2/repository/org/springframework/spring-expression/5.2.11.RELEASE/spring-expression-5.2.11.RELEASE.jar:/home/runner/.m2/repository/org/springframework/security/spring-security-oauth2-client/5.3.5.RELEASE/spring-security-oauth2-client-5.3.5.RELEASE.jar:/home/runner/.m2/repository/com/nimbusds/oauth2-oidc-sdk/7.1.1/oauth2-oidc-sdk-7.1.1.jar:/home/runner/.m2/repository/com/github/stephenc/jcip/jcip-annotations/1.0-1/jcip-annotations-1.0-1.jar:/home/runner/.m2/repository/com/nimbusds/content-type/2.0/content-type-2.0.jar:/home/runner/.m2/repository/net/minidev/json-smart/2.3/json-smart-2.3.jar:/home/runner/.m2/repository/net/minidev/accessors-smart/1.2/accessors-smart-1.2.jar:/home/runner/.m2/repository/org/ow2/asm/asm/5.0.4/asm-5.0.4.jar:/home/runner/.m2/repository/com/nimbusds/lang-tag/1.4.4/lang-tag-1.4.4.jar:/home/runner/.m2/repository/com/nimbusds/nimbus-jose-jwt/8.19/nimbus-jose-jwt-8.19.jar:/home/runner/.m2/repository/com/sun/mail/javax.mail/1.6.1/javax.mail-1.6.1.jar:/home/runner/.m2/repository/javax/activation/activation/1.1/activation-1.1.jar:/home/runner/.m2/repository/org/springframework/security/spring-security-oauth2-core/5.3.5.RELEASE/spring-security-oauth2-core-5.3.5.RELEASE.jar:/home/runner/.m2/repository/org/springframework/boot/spring-boot-starter-mail/2.3.6.RELEASE/spring-boot-starter-mail-2.3.6.RELEASE.jar:/home/runner/.m2/repository/org/springframework/spring-context-support/5.2.11.RELEASE/spring-context-support-5.2.11.RELEASE.jar:/home/runner/.m2/repository/com/sun/mail/jakarta.mail/1.6.5/jakarta.mail-1.6.5.jar:/home/runner/.m2/repository/org/projectlombok/lombok/1.18.30/lombok-1.18.30.jar:/home/runner/.m2/repository/org/flywaydb/flyway-core/5.2.4/flyway-core-5.2.4.jar:/home/runner/.m2/repository/javax/xml/bind/jaxb-api/2.3.0/jaxb-api-2.3.0.jar:/home/runner/.m2/repository/com/sun/xml/bind/jaxb-core/2.3.0/jaxb-core-2.3.0.jar:/home/runner/.m2/repository/com/sun/xml/bind/jaxb-impl/2.3.9/jaxb-impl-2.3.9.jar:/home/runner/.m2/repository/jakarta/xml/bind/jakarta.xml.bind-api/2.3.3/jakarta.xml.bind-api-2.3.3.jar:/home/runner/.m2/repository/com/sun/activation/jakarta.activation/1.2.2/jakarta.activation-1.2.2.jar:/home/runner/.m2/repository/io/jsonwebtoken/jjwt/0.12.0/jjwt-0.12.0.jar:/home/runner/.m2/repository/io/jsonwebtoken/jjwt-api/0.12.0/jjwt-api-0.12.0.jar:/home/runner/.m2/repository/io/jsonwebtoken/jjwt-impl/0.12.0/jjwt-impl-0.12.0.jar:/home/runner/.m2/repository/io/jsonwebtoken/jjwt-jackson/0.12.0/jjwt-jackson-0.12.0.jar:/home/runner/.m2/repository/org/modelmapper/modelmapper/2.3.9/modelmapper-2.3.9.jar:/home/runner/.m2/repository/javax/validation/validation-api/2.0.1.Final/validation-api-2.0.1.Final.jar:/home/runner/.m2/repository/org/hibernate/validator/hibernate-validator/6.1.6.Final/hibernate-validator-6.1.6.Final.jar:/home/runner/.m2/repository/jakarta/validation/jakarta.validation-api/2.0.2/jakarta.validation-api-2.0.2.jar:/home/runner/.m2/repository/org/jboss/logging/jboss-logging/3.4.1.Final/jboss-logging-3.4.1.Final.jar:/home/runner/.m2/repository/com/fasterxml/classmate/1.5.1/classmate-1.5.1.jar:/home/runner/.m2/repository/com/graphql-java/graphql-spring-boot-starter/5.0.2/graphql-spring-boot-starter-5.0.2.jar:/home/runner/.m2/repository/com/graphql-java/graphql-spring-boot-autoconfigure/5.0.2/graphql-spring-boot-autoconfigure-5.0.2.jar:/home/runner/.m2/repository/org/springframework/boot/spring-boot-configuration-processor/2.3.6.RELEASE/spring-boot-configuration-processor-2.3.6.RELEASE.jar:/home/runner/.m2/repository/com/graphql-java/graphql-java-servlet/6.1.2/graphql-java-servlet-6.1.2.jar:/home/runner/.m2/repository/javax/servlet/javax.servlet-api/4.0.1/javax.servlet-api-4.0.1.jar:/home/runner/.m2/repository/javax/websocket/javax.websocket-api/1.1/javax.websocket-api-1.1.jar:/home/runner/.m2/repository/commons-io/commons-io/2.6/commons-io-2.6.jar:/home/runner/.m2/repository/com/graphql-java/graphql-java-tools/5.2.4/graphql-java-tools-5.2.4.jar:/home/runner/.m2/repository/org/jetbrains/kotlin/kotlin-stdlib/1.3.72/kotlin-stdlib-1.3.72.jar:/home/runner/.m2/repository/org/jetbrains/kotlin/kotlin-stdlib-common/1.3.72/kotlin-stdlib-common-1.3.72.jar:/home/runner/.m2/repository/org/jetbrains/annotations/13.0/annotations-13.0.jar:/home/runner/.m2/repository/com/graphql-java/graphql-java/9.2/graphql-java-9.2.jar:/home/runner/.m2/repository/org/antlr/antlr4-runtime/4.7.1/antlr4-runtime-4.7.1.jar:/home/runner/.m2/repository/com/graphql-java/java-dataloader/2.0.2/java-dataloader-2.0.2.jar:/home/runner/.m2/repository/org/reactivestreams/reactive-streams/1.0.3/reactive-streams-1.0.3.jar:/home/runner/.m2/repository/com/fasterxml/jackson/core/jackson-core/2.11.3/jackson-core-2.11.3.jar:/home/runner/.m2/repository/com/fasterxml/jackson/module/jackson-module-kotlin/2.11.3/jackson-module-kotlin-2.11.3.jar:/home/runner/.m2/repository/com/fasterxml/jackson/core/jackson-annotations/2.11.3/jackson-annotations-2.11.3.jar:/home/runner/.m2/repository/org/jetbrains/kotlin/kotlin-reflect/1.3.72/kotlin-reflect-1.3.72.jar:/home/runner/.m2/repository/com/fasterxml/jackson/datatype/jackson-datatype-jdk8/2.11.3/jackson-datatype-jdk8-2.11.3.jar:/home/runner/.m2/repository/com/esotericsoftware/reflectasm/1.11.7/reflectasm-1.11.7.jar:/home/runner/.m2/repository/org/apache/commons/commons-lang3/3.10/commons-lang3-3.10.jar:/home/runner/.m2/repository/com/google/guava/guava/26.0-jre/guava-26.0-jre.jar:/home/runner/.m2/repository/com/google/code/findbugs/jsr305/3.0.2/jsr305-3.0.2.jar:/home/runner/.m2/repository/com/google/errorprone/error_prone_annotations/2.1.3/error_prone_annotations-2.1.3.jar:/home/runner/.m2/repository/com/google/j2objc/j2objc-annotations/1.1/j2objc-annotations-1.1.jar:/home/runner/.m2/repository/org/codehaus/mojo/animal-sniffer-annotations/1.14/animal-sniffer-annotations-1.14.jar:/home/runner/.m2/repository/org/slf4j/slf4j-api/1.7.30/slf4j-api-1.7.30.jar:/home/runner/.m2/repository/org/springframework/boot/spring-boot-starter-aop/2.7.18/spring-boot-starter-aop-2.7.18.jar:/home/runner/.m2/repository/org/aspectj/aspectjweaver/1.9.6/aspectjweaver-1.9.6.jar:/home/runner/.m2/repository/io/springfox/springfox-swagger-common/2.9.2/springfox-swagger-common-2.9.2.jar:/home/runner/.m2/repository/io/swagger/swagger-annotations/1.5.20/swagger-annotations-1.5.20.jar:/home/runner/.m2/repository/io/swagger/swagger-models/1.5.20/swagger-models-1.5.20.jar:/home/runner/.m2/repository/io/springfox/springfox-spi/2.9.2/springfox-spi-2.9.2.jar:/home/runner/.m2/repository/io/springfox/springfox-core/2.9.2/springfox-core-2.9.2.jar:/home/runner/.m2/repository/io/springfox/springfox-schema/2.9.2/springfox-schema-2.9.2.jar:/home/runner/.m2/repository/io/springfox/springfox-spring-web/2.9.2/springfox-spring-web-2.9.2.jar:/home/runner/.m2/repository/org/springframework/plugin/spring-plugin-core/1.2.0.RELEASE/spring-plugin-core-1.2.0.RELEASE.jar:/home/runner/.m2/repository/org/springframework/plugin/spring-plugin-metadata/1.2.0.RELEASE/spring-plugin-metadata-1.2.0.RELEASE.jar:/home/runner/.m2/repository/io/springfox/springfox-swagger2/2.9.2/springfox-swagger2-2.9.2.jar:/home/runner/.m2/repository/org/mapstruct/mapstruct/1.2.0.Final/mapstruct-1.2.0.Final.jar:/home/runner/.m2/repository/io/springfox/springfox-swagger-ui/2.10.0/springfox-swagger-ui-2.10.0.jar:/home/runner/.m2/repository/io/springfox/springfox-bean-validators/2.9.2/springfox-bean-validators-2.9.2.jar:/home/runner/.m2/repository/org/springframework/boot/spring-boot-starter-websocket/2.3.6.RELEASE/spring-boot-starter-websocket-2.3.6.RELEASE.jar:/home/runner/.m2/repository/org/springframework/spring-messaging/5.2.11.RELEASE/spring-messaging-5.2.11.RELEASE.jar:/home/runner/.m2/repository/org/springframework/spring-websocket/5.2.11.RELEASE/spring-websocket-5.2.11.RELEASE.jar:/home/runner/.m2/repository/com/amazonaws/aws-java-sdk/1.12.785/aws-java-sdk-1.12.785.jar:/home/runner/.m2/repository/com/amazonaws/aws-java-sdk-qapps/1.12.785/aws-java-sdk-qapps-1.12.785.jar:/home/runner/.m2/repository/com/amazonaws/jmespath-java/1.12.785/jmespath-java-1.12.785.jar:/home/runner/.m2/repository/com/amazonaws/aws-java-sdk-apptest/1.12.785/aws-java-sdk-apptest-1.12.785.jar:/home/runner/.m2/repository/com/amazonaws/aws-java-sdk-pcaconnectorscep/1.12.785/aws-java-sdk-pcaconnectorscep-1.12.785.jar:/home/runner/.m2/repository/com/amazonaws/aws-java-sdk-applicationsignals/1.12.785/aws-java-sdk-applicationsignals-1.12.785.jar:/home/runner/.m2/repository/com/amazonaws/aws-java-sdk-taxsettings/1.12.785/aws-java-sdk-taxsettings-1.12.785.jar:/home/runner/.m2/repository/com/amazonaws/aws-java-sdk-mailmanager/1.12.785/aws-java-sdk-mailmanager-1.12.785.jar:/home/runner/.m2/repository/com/amazonaws/aws-java-sdk-route53profiles/1.12.785/aws-java-sdk-route53profiles-1.12.785.jar:/home/runner/.m2/repository/com/amazonaws/aws-java-sdk-controlcatalog/1.12.785/aws-java-sdk-controlcatalog-1.12.785.jar:/home/runner/.m2/repository/com/amazonaws/aws-java-sdk-deadline/1.12.785/aws-java-sdk-deadline-1.12.785.jar:/home/runner/.m2/repository/com/amazonaws/aws-java-sdk-codeconnections/1.12.785/aws-java-sdk-codeconnections-1.12.785.jar:/home/runner/.m2/repository/com/amazonaws/aws-java-sdk-timestreaminfluxdb/1.12.785/aws-java-sdk-timestreaminfluxdb-1.12.785.jar:/home/runner/.m2/repository/com/amazonaws/aws-java-sdk-chatbot/1.12.785/aws-java-sdk-chatbot-1.12.785.jar:/home/runner/.m2/repository/com/amazonaws/aws-java-sdk-artifact/1.12.785/aws-java-sdk-artifact-1.12.785.jar:/home/runner/.m2/repository/com/amazonaws/aws-java-sdk-supplychain/1.12.785/aws-java-sdk-supplychain-1.12.785.jar:/home/runner/.m2/repository/com/amazonaws/aws-java-sdk-networkmonitor/1.12.785/aws-java-sdk-networkmonitor-1.12.785.jar:/home/runner/.m2/repository/com/amazonaws/aws-java-sdk-marketplaceagreement/1.12.785/aws-java-sdk-marketplaceagreement-1.12.785.jar:/home/runner/.m2/repository/com/amazonaws/aws-java-sdk-marketplacedeployment/1.12.785/aws-java-sdk-marketplacedeployment-1.12.785.jar:/home/runner/.m2/repository/com/amazonaws/aws-java-sdk-cleanroomsml/1.12.785/aws-java-sdk-cleanroomsml-1.12.785.jar:/home/runner/.m2/repository/com/amazonaws/aws-java-sdk-bedrockagent/1.12.785/aws-java-sdk-bedrockagent-1.12.785.jar:/home/runner/.m2/repository/com/amazonaws/aws-java-sdk-qconnect/1.12.785/aws-java-sdk-qconnect-1.12.785.jar:/home/runner/.m2/repository/com/amazonaws/aws-java-sdk-qbusiness/1.12.785/aws-java-sdk-qbusiness-1.12.785.jar:/home/runner/.m2/repository/com/amazonaws/aws-java-sdk-bedrockagentruntime/1.12.785/aws-java-sdk-bedrockagentruntime-1.12.785.jar:/home/runner/.m2/repository/com/amazonaws/aws-java-sdk-b2bi/1.12.785/aws-java-sdk-b2bi-1.12.785.jar:/home/runner/.m2/repository/com/amazonaws/aws-java-sdk-workspacesthinclient/1.12.785/aws-java-sdk-workspacesthinclient-1.12.785.jar:/home/runner/.m2/repository/com/amazonaws/aws-java-sdk-eksauth/1.12.785/aws-java-sdk-eksauth-1.12.785.jar:/home/runner/.m2/repository/com/amazonaws/aws-java-sdk-freetier/1.12.785/aws-java-sdk-freetier-1.12.785.jar:/home/runner/.m2/repository/com/amazonaws/aws-java-sdk-bcmdataexports/1.12.785/aws-java-sdk-bcmdataexports-1.12.785.jar:/home/runner/.m2/repository/com/amazonaws/aws-java-sdk-repostspace/1.12.785/aws-java-sdk-repostspace-1.12.785.jar:/home/runner/.m2/repository/com/amazonaws/aws-java-sdk-costoptimizationhub/1.12.785/aws-java-sdk-costoptimizationhub-1.12.785.jar:/home/runner/.m2/repository/com/amazonaws/aws-java-sdk-inspectorscan/1.12.785/aws-java-sdk-inspectorscan-1.12.785.jar:/home/runner/.m2/repository/com/amazonaws/aws-java-sdk-trustedadvisor/1.12.785/aws-java-sdk-trustedadvisor-1.12.785.jar:/home/runner/.m2/repository/com/amazonaws/aws-java-sdk-launchwizard/1.12.785/aws-java-sdk-launchwizard-1.12.785.jar:/home/runner/.m2/repository/com/amazonaws/aws-java-sdk-datazoneexternal/1.12.785/aws-java-sdk-datazoneexternal-1.12.785.jar:/home/runner/.m2/repository/com/amazonaws/aws-java-sdk-bedrock/1.12.785/aws-java-sdk-bedrock-1.12.785.jar:/home/runner/.m2/repository/com/amazonaws/aws-java-sdk-bedrockruntime/1.12.785/aws-java-sdk-bedrockruntime-1.12.785.jar:/home/runner/.m2/repository/com/amazonaws/aws-java-sdk-neptunedata/1.12.785/aws-java-sdk-neptunedata-1.12.785.jar:/home/runner/.m2/repository/com/amazonaws/aws-java-sdk-pcaconnectorad/1.12.785/aws-java-sdk-pcaconnectorad-1.12.785.jar:/home/runner/.m2/repository/com/amazonaws/aws-java-sdk-managedblockchainquery/1.12.785/aws-java-sdk-managedblockchainquery-1.12.785.jar:/home/runner/.m2/repository/com/amazonaws/aws-java-sdk-entityresolution/1.12.785/aws-java-sdk-entityresolution-1.12.785.jar:/home/runner/.m2/repository/com/amazonaws/aws-java-sdk-medicalimaging/1.12.785/aws-java-sdk-medicalimaging-1.12.785.jar:/home/runner/.m2/repository/com/amazonaws/aws-java-sdk-appfabric/1.12.785/aws-java-sdk-appfabric-1.12.785.jar:/home/runner/.m2/repository/com/amazonaws/aws-java-sdk-verifiedpermissions/1.12.785/aws-java-sdk-verifiedpermissions-1.12.785.jar:/home/runner/.m2/repository/com/amazonaws/aws-java-sdk-codegurusecurity/1.12.785/aws-java-sdk-codegurusecurity-1.12.785.jar:/home/runner/.m2/repository/com/amazonaws/aws-java-sdk-paymentcryptography/1.12.785/aws-java-sdk-paymentcryptography-1.12.785.jar:/home/runner/.m2/repository/com/amazonaws/aws-java-sdk-paymentcryptographydata/1.12.785/aws-java-sdk-paymentcryptographydata-1.12.785.jar:/home/runner/.m2/repository/com/amazonaws/aws-java-sdk-mediapackagev2/1.12.785/aws-java-sdk-mediapackagev2-1.12.785.jar:/home/runner/.m2/repository/com/amazonaws/aws-java-sdk-osis/1.12.785/aws-java-sdk-osis-1.12.785.jar:/home/runner/.m2/repository/com/amazonaws/aws-java-sdk-vpclattice/1.12.785/aws-java-sdk-vpclattice-1.12.785.jar:/home/runner/.m2/repository/com/amazonaws/aws-java-sdk-ivsrealtime/1.12.785/aws-java-sdk-ivsrealtime-1.12.785.jar:/home/runner/.m2/repository/com/amazonaws/aws-java-sdk-internetmonitor/1.12.785/aws-java-sdk-internetmonitor-1.12.785.jar:/home/runner/.m2/repository/com/amazonaws/aws-java-sdk-tnb/1.12.785/aws-java-sdk-tnb-1.12.785.jar:/home/runner/.m2/repository/com/amazonaws/aws-java-sdk-cloudtraildata/1.12.785/aws-java-sdk-cloudtraildata-1.12.785.jar:/home/runner/.m2/repository/com/amazonaws/aws-java-sdk-cleanrooms/1.12.785/aws-java-sdk-cleanrooms-1.12.785.jar:/home/runner/.m2/repository/com/amazonaws/aws-java-sdk-kendraranking/1.12.785/aws-java-sdk-kendraranking-1.12.785.jar:/home/runner/.m2/repository/com/amazonaws/aws-java-sdk-licensemanagerlinuxsubscriptions/1.12.785/aws-java-sdk-licensemanagerlinuxsubscriptions-1.12.785.jar:/home/runner/.m2/repository/com/amazonaws/aws-java-sdk-kinesisvideowebrtcstorage/1.12.785/aws-java-sdk-kinesisvideowebrtcstorage-1.12.785.jar:/home/runner/.m2/repository/com/amazonaws/aws-java-sdk-sagemakermetrics/1.12.785/aws-java-sdk-sagemakermetrics-1.12.785.jar:/home/runner/.m2/repository/com/amazonaws/aws-java-sdk-pipes/1.12.785/aws-java-sdk-pipes-1.12.785.jar:/home/runner/.m2/repository/com/amazonaws/aws-java-sdk-sagemakergeospatial/1.12.785/aws-java-sdk-sagemakergeospatial-1.12.785.jar:/home/runner/.m2/repository/com/amazonaws/aws-java-sdk-docdbelastic/1.12.785/aws-java-sdk-docdbelastic-1.12.785.jar:/home/runner/.m2/repository/com/amazonaws/aws-java-sdk-omics/1.12.785/aws-java-sdk-omics-1.12.785.jar:/home/runner/.m2/repository/com/amazonaws/aws-java-sdk-opensearchserverless/1.12.785/aws-java-sdk-opensearchserverless-1.12.785.jar:/home/runner/.m2/repository/com/amazonaws/aws-java-sdk-securitylake/1.12.785/aws-java-sdk-securitylake-1.12.785.jar:/home/runner/.m2/repository/com/amazonaws/aws-java-sdk-simspaceweaver/1.12.785/aws-java-sdk-simspaceweaver-1.12.785.jar:/home/runner/.m2/repository/com/amazonaws/aws-java-sdk-arczonalshift/1.12.785/aws-java-sdk-arczonalshift-1.12.785.jar:/home/runner/.m2/repository/com/amazonaws/aws-java-sdk-oam/1.12.785/aws-java-sdk-oam-1.12.785.jar:/home/runner/.m2/repository/com/amazonaws/aws-java-sdk-chimesdkvoice/1.12.785/aws-java-sdk-chimesdkvoice-1.12.785.jar:/home/runner/.m2/repository/com/amazonaws/aws-java-sdk-ssmsap/1.12.785/aws-java-sdk-ssmsap-1.12.785.jar:/home/runner/.m2/repository/com/amazonaws/aws-java-sdk-scheduler/1.12.785/aws-java-sdk-scheduler-1.12.785.jar:/home/runner/.m2/repository/com/amazonaws/aws-java-sdk-resourceexplorer2/1.12.785/aws-java-sdk-resourceexplorer2-1.12.785.jar:/home/runner/.m2/repository/com/amazonaws/aws-java-sdk-connectcases/1.12.785/aws-java-sdk-connectcases-1.12.785.jar:/home/runner/.m2/repository/com/amazonaws/aws-java-sdk-migrationhuborchestrator/1.12.785/aws-java-sdk-migrationhuborchestrator-1.12.785.jar:/home/runner/.m2/repository/com/amazonaws/aws-java-sdk-iotfleetwise/1.12.785/aws-java-sdk-iotfleetwise-1.12.785.jar:/home/runner/.m2/repository/com/amazonaws/aws-java-sdk-controltower/1.12.785/aws-java-sdk-controltower-1.12.785.jar:/home/runner/.m2/repository/com/amazonaws/aws-java-sdk-supportapp/1.12.785/aws-java-sdk-supportapp-1.12.785.jar:/home/runner/.m2/repository/com/amazonaws/aws-java-sdk-private5g/1.12.785/aws-java-sdk-private5g-1.12.785.jar:/home/runner/.m2/repository/com/amazonaws/aws-java-sdk-licensemanagerusersubscriptions/1.12.785/aws-java-sdk-licensemanagerusersubscriptions-1.12.785.jar:/home/runner/.m2/repository/com/amazonaws/aws-java-sdk-iamrolesanywhere/1.12.785/aws-java-sdk-iamrolesanywhere-1.12.785.jar:/home/runner/.m2/repository/com/amazonaws/aws-java-sdk-redshiftserverless/1.12.785/aws-java-sdk-redshiftserverless-1.12.785.jar:/home/runner/.m2/repository/com/amazonaws/aws-java-sdk-connectcampaign/1.12.785/aws-java-sdk-connectcampaign-1.12.785.jar:/home/runner/.m2/repository/com/amazonaws/aws-java-sdk-mainframemodernization/1.12.785/aws-java-sdk-mainframemodernization-1.12.785.jar:/home/runner/.m2/repository/com/amazonaws/aws-java-sdk-emrserverless/1.12.785/aws-java-sdk-emrserverless-1.12.785.jar:/home/runner/.m2/repository/com/amazonaws/aws-java-sdk-chimesdkmediapipelines/1.12.785/aws-java-sdk-chimesdkmediapipelines-1.12.785.jar:/home/runner/.m2/repository/com/amazonaws/aws-java-sdk-ivschat/1.12.785/aws-java-sdk-ivschat-1.12.785.jar:/home/runner/.m2/repository/com/amazonaws/aws-java-sdk-pinpointsmsvoicev2/1.12.785/aws-java-sdk-pinpointsmsvoicev2-1.12.785.jar:/home/runner/.m2/repository/com/amazonaws/aws-java-sdk-billingconductor/1.12.785/aws-java-sdk-billingconductor-1.12.785.jar:/home/runner/.m2/repository/com/amazonaws/aws-java-sdk-keyspaces/1.12.785/aws-java-sdk-keyspaces-1.12.785.jar:/home/runner/.m2/repository/com/amazonaws/aws-java-sdk-amplifyuibuilder/1.12.785/aws-java-sdk-amplifyuibuilder-1.12.785.jar:/home/runner/.m2/repository/com/amazonaws/aws-java-sdk-backupgateway/1.12.785/aws-java-sdk-backupgateway-1.12.785.jar:/home/runner/.m2/repository/com/amazonaws/aws-java-sdk-workspacesweb/1.12.785/aws-java-sdk-workspacesweb-1.12.785.jar:/home/runner/.m2/repository/com/amazonaws/aws-java-sdk-iottwinmaker/1.12.785/aws-java-sdk-iottwinmaker-1.12.785.jar:/home/runner/.m2/repository/com/amazonaws/aws-java-sdk-recyclebin/1.12.785/aws-java-sdk-recyclebin-1.12.785.jar:/home/runner/.m2/repository/com/amazonaws/aws-java-sdk-cloudwatchrum/1.12.785/aws-java-sdk-cloudwatchrum-1.12.785.jar:/home/runner/.m2/repository/com/amazonaws/aws-java-sdk-cloudwatchevidently/1.12.785/aws-java-sdk-cloudwatchevidently-1.12.785.jar:/home/runner/.m2/repository/com/amazonaws/aws-java-sdk-inspector2/1.12.785/aws-java-sdk-inspector2-1.12.785.jar:/home/runner/.m2/repository/com/amazonaws/aws-java-sdk-migrationhubrefactorspaces/1.12.785/aws-java-sdk-migrationhubrefactorspaces-1.12.785.jar:/home/runner/.m2/repository/com/amazonaws/aws-java-sdk-appconfigdata/1.12.785/aws-java-sdk-appconfigdata-1.12.785.jar:/home/runner/.m2/repository/com/amazonaws/aws-java-sdk-drs/1.12.785/aws-java-sdk-drs-1.12.785.jar:/home/runner/.m2/repository/com/amazonaws/aws-java-sdk-migrationhubstrategyrecommendations/1.12.785/aws-java-sdk-migrationhubstrategyrecommendations-1.12.785.jar:/home/runner/.m2/repository/com/amazonaws/aws-java-sdk-resiliencehub/1.12.785/aws-java-sdk-resiliencehub-1.12.785.jar:/home/runner/.m2/repository/com/amazonaws/aws-java-sdk-chimesdkmeetings/1.12.785/aws-java-sdk-chimesdkmeetings-1.12.785.jar:/home/runner/.m2/repository/com/amazonaws/aws-java-sdk-panorama/1.12.785/aws-java-sdk-panorama-1.12.785.jar:/home/runner/.m2/repository/com/amazonaws/aws-java-sdk-managedgrafana/1.12.785/aws-java-sdk-managedgrafana-1.12.785.jar:/home/runner/.m2/repository/com/amazonaws/aws-java-sdk-cloudcontrolapi/1.12.785/aws-java-sdk-cloudcontrolapi-1.12.785.jar:/home/runner/.m2/repository/com/amazonaws/aws-java-sdk-account/1.12.785/aws-java-sdk-account-1.12.785.jar:/home/runner/.m2/repository/com/amazonaws/aws-java-sdk-voiceid/1.12.785/aws-java-sdk-voiceid-1.12.785.jar:/home/runner/.m2/repository/com/amazonaws/aws-java-sdk-connectwisdom/1.12.785/aws-java-sdk-connectwisdom-1.12.785.jar:/home/runner/.m2/repository/com/amazonaws/aws-java-sdk-kafkaconnect/1.12.785/aws-java-sdk-kafkaconnect-1.12.785.jar:/home/runner/.m2/repository/com/amazonaws/aws-java-sdk-opensearch/1.12.785/aws-java-sdk-opensearch-1.12.785.jar:/home/runner/.m2/repository/com/amazonaws/aws-java-sdk-memorydb/1.12.785/aws-java-sdk-memorydb-1.12.785.jar:/home/runner/.m2/repository/com/amazonaws/aws-java-sdk-snowdevicemanagement/1.12.785/aws-java-sdk-snowdevicemanagement-1.12.785.jar:/home/runner/.m2/repository/com/amazonaws/aws-java-sdk-chimesdkidentity/1.12.785/aws-java-sdk-chimesdkidentity-1.12.785.jar:/home/runner/.m2/repository/com/amazonaws/aws-java-sdk-chimesdkmessaging/1.12.785/aws-java-sdk-chimesdkmessaging-1.12.785.jar:/home/runner/.m2/repository/com/amazonaws/aws-java-sdk-route53recoverycluster/1.12.785/aws-java-sdk-route53recoverycluster-1.12.785.jar:/home/runner/.m2/repository/com/amazonaws/aws-java-sdk-route53recoverycontrolconfig/1.12.785/aws-java-sdk-route53recoverycontrolconfig-1.12.785.jar:/home/runner/.m2/repository/com/amazonaws/aws-java-sdk-route53recoveryreadiness/1.12.785/aws-java-sdk-route53recoveryreadiness-1.12.785.jar:/home/runner/.m2/repository/com/amazonaws/aws-java-sdk-proton/1.12.785/aws-java-sdk-proton-1.12.785.jar:/home/runner/.m2/repository/com/amazonaws/aws-java-sdk-apprunner/1.12.785/aws-java-sdk-apprunner-1.12.785.jar:/home/runner/.m2/repository/com/amazonaws/aws-java-sdk-applicationcostprofiler/1.12.785/aws-java-sdk-applicationcostprofiler-1.12.785.jar:/home/runner/.m2/repository/com/amazonaws/aws-java-sdk-ssmcontacts/1.12.785/aws-java-sdk-ssmcontacts-1.12.785.jar:/home/runner/.m2/repository/com/amazonaws/aws-java-sdk-ssmincidents/1.12.785/aws-java-sdk-ssmincidents-1.12.785.jar:/home/runner/.m2/repository/com/amazonaws/aws-java-sdk-finspacedata/1.12.785/aws-java-sdk-finspacedata-1.12.785.jar:/home/runner/.m2/repository/com/amazonaws/aws-java-sdk-finspace/1.12.785/aws-java-sdk-finspace-1.12.785.jar:/home/runner/.m2/repository/com/amazonaws/aws-java-sdk-nimblestudio/1.12.785/aws-java-sdk-nimblestudio-1.12.785.jar:/home/runner/.m2/repository/com/amazonaws/aws-java-sdk-lookoutequipment/1.12.785/aws-java-sdk-lookoutequipment-1.12.785.jar:/home/runner/.m2/repository/com/amazonaws/aws-java-sdk-mgn/1.12.785/aws-java-sdk-mgn-1.12.785.jar:/home/runner/.m2/repository/com/amazonaws/aws-java-sdk-lookoutmetrics/1.12.785/aws-java-sdk-lookoutmetrics-1.12.785.jar:/home/runner/.m2/repository/com/amazonaws/aws-java-sdk-fis/1.12.785/aws-java-sdk-fis-1.12.785.jar:/home/runner/.m2/repository/com/amazonaws/aws-java-sdk-lexmodelsv2/1.12.785/aws-java-sdk-lexmodelsv2-1.12.785.jar:/home/runner/.m2/repository/com/amazonaws/aws-java-sdk-lexruntimev2/1.12.785/aws-java-sdk-lexruntimev2-1.12.785.jar:/home/runner/.m2/repository/com/amazonaws/aws-java-sdk-wellarchitected/1.12.785/aws-java-sdk-wellarchitected-1.12.785.jar:/home/runner/.m2/repository/com/amazonaws/aws-java-sdk-location/1.12.785/aws-java-sdk-location-1.12.785.jar:/home/runner/.m2/repository/com/amazonaws/aws-java-sdk-iotdeviceadvisor/1.12.785/aws-java-sdk-iotdeviceadvisor-1.12.785.jar:/home/runner/.m2/repository/com/amazonaws/aws-java-sdk-iotfleethub/1.12.785/aws-java-sdk-iotfleethub-1.12.785.jar:/home/runner/.m2/repository/com/amazonaws/aws-java-sdk-iotwireless/1.12.785/aws-java-sdk-iotwireless-1.12.785.jar:/home/runner/.m2/repository/com/amazonaws/aws-java-sdk-greengrassv2/1.12.785/aws-java-sdk-greengrassv2-1.12.785.jar:/home/runner/.m2/repository/com/amazonaws/aws-java-sdk-prometheus/1.12.785/aws-java-sdk-prometheus-1.12.785.jar:/home/runner/.m2/repository/com/amazonaws/aws-java-sdk-auditmanager/1.12.785/aws-java-sdk-auditmanager-1.12.785.jar:/home/runner/.m2/repository/com/amazonaws/aws-java-sdk-healthlake/1.12.785/aws-java-sdk-healthlake-1.12.785.jar:/home/runner/.m2/repository/com/amazonaws/aws-java-sdk-sagemakeredgemanager/1.12.785/aws-java-sdk-sagemakeredgemanager-1.12.785.jar:/home/runner/.m2/repository/com/amazonaws/aws-java-sdk-emrcontainers/1.12.785/aws-java-sdk-emrcontainers-1.12.785.jar:/home/runner/.m2/repository/com/amazonaws/aws-java-sdk-customerprofiles/1.12.785/aws-java-sdk-customerprofiles-1.12.785.jar:/home/runner/.m2/repository/com/amazonaws/aws-java-sdk-lookoutforvision/1.12.785/aws-java-sdk-lookoutforvision-1.12.785.jar:/home/runner/.m2/repository/com/amazonaws/aws-java-sdk-connectcontactlens/1.12.785/aws-java-sdk-connectcontactlens-1.12.785.jar:/home/runner/.m2/repository/com/amazonaws/aws-java-sdk-amplifybackend/1.12.785/aws-java-sdk-amplifybackend-1.12.785.jar:/home/runner/.m2/repository/com/amazonaws/aws-java-sdk-ecrpublic/1.12.785/aws-java-sdk-ecrpublic-1.12.785.jar:/home/runner/.m2/repository/com/amazonaws/aws-java-sdk-appintegrations/1.12.785/aws-java-sdk-appintegrations-1.12.785.jar:/home/runner/.m2/repository/com/amazonaws/aws-java-sdk-sagemakerfeaturestoreruntime/1.12.785/aws-java-sdk-sagemakerfeaturestoreruntime-1.12.785.jar:/home/runner/.m2/repository/com/amazonaws/aws-java-sdk-devopsguru/1.12.785/aws-java-sdk-devopsguru-1.12.785.jar:/home/runner/.m2/repository/com/amazonaws/aws-java-sdk-mwaa/1.12.785/aws-java-sdk-mwaa-1.12.785.jar:/home/runner/.m2/repository/com/amazonaws/aws-java-sdk-networkfirewall/1.12.785/aws-java-sdk-networkfirewall-1.12.785.jar:/home/runner/.m2/repository/com/amazonaws/aws-java-sdk-appregistry/1.12.785/aws-java-sdk-appregistry-1.12.785.jar:/home/runner/.m2/repository/com/amazonaws/aws-java-sdk-gluedatabrew/1.12.785/aws-java-sdk-gluedatabrew-1.12.785.jar:/home/runner/.m2/repository/com/amazonaws/aws-java-sdk-s3outposts/1.12.785/aws-java-sdk-s3outposts-1.12.785.jar:/home/runner/.m2/repository/com/amazonaws/aws-java-sdk-timestreamquery/1.12.785/aws-java-sdk-timestreamquery-1.12.785.jar:/home/runner/.m2/repository/com/amazonaws/aws-java-sdk-timestreamwrite/1.12.785/aws-java-sdk-timestreamwrite-1.12.785.jar:/home/runner/.m2/repository/com/amazonaws/aws-java-sdk-ssoadmin/1.12.785/aws-java-sdk-ssoadmin-1.12.785.jar:/home/runner/.m2/repository/com/amazonaws/aws-java-sdk-redshiftdataapi/1.12.785/aws-java-sdk-redshiftdataapi-1.12.785.jar:/home/runner/.m2/repository/com/amazonaws/aws-java-sdk-appflow/1.12.785/aws-java-sdk-appflow-1.12.785.jar:/home/runner/.m2/repository/com/amazonaws/aws-java-sdk-identitystore/1.12.785/aws-java-sdk-identitystore-1.12.785.jar:/home/runner/.m2/repository/com/amazonaws/aws-java-sdk-braket/1.12.785/aws-java-sdk-braket-1.12.785.jar:/home/runner/.m2/repository/com/amazonaws/aws-java-sdk-ivs/1.12.785/aws-java-sdk-ivs-1.12.785.jar:/home/runner/.m2/repository/com/amazonaws/aws-java-sdk-codeartifact/1.12.785/aws-java-sdk-codeartifact-1.12.785.jar:/home/runner/.m2/repository/com/amazonaws/aws-java-sdk-macie2/1.12.785/aws-java-sdk-macie2-1.12.785.jar:/home/runner/.m2/repository/com/amazonaws/aws-java-sdk-iotsitewise/1.12.785/aws-java-sdk-iotsitewise-1.12.785.jar:/home/runner/.m2/repository/com/amazonaws/aws-java-sdk-synthetics/1.12.785/aws-java-sdk-synthetics-1.12.785.jar:/home/runner/.m2/repository/com/amazonaws/aws-java-sdk-codestarconnections/1.12.785/aws-java-sdk-codestarconnections-1.12.785.jar:/home/runner/.m2/repository/com/amazonaws/aws-java-sdk-detective/1.12.785/aws-java-sdk-detective-1.12.785.jar:/home/runner/.m2/repository/com/amazonaws/aws-java-sdk-kinesisvideosignalingchannels/1.12.785/aws-java-sdk-kinesisvideosignalingchannels-1.12.785.jar:/home/runner/.m2/repository/com/amazonaws/aws-java-sdk-ebs/1.12.785/aws-java-sdk-ebs-1.12.785.jar:/home/runner/.m2/repository/com/amazonaws/aws-java-sdk-augmentedairuntime/1.12.785/aws-java-sdk-augmentedairuntime-1.12.785.jar:/home/runner/.m2/repository/com/amazonaws/aws-java-sdk-outposts/1.12.785/aws-java-sdk-outposts-1.12.785.jar:/home/runner/.m2/repository/com/amazonaws/aws-java-sdk-codeguruprofiler/1.12.785/aws-java-sdk-codeguruprofiler-1.12.785.jar:/home/runner/.m2/repository/com/amazonaws/aws-java-sdk-codegurureviewer/1.12.785/aws-java-sdk-codegurureviewer-1.12.785.jar:/home/runner/.m2/repository/com/amazonaws/aws-java-sdk-frauddetector/1.12.785/aws-java-sdk-frauddetector-1.12.785.jar:/home/runner/.m2/repository/com/amazonaws/aws-java-sdk-kendra/1.12.785/aws-java-sdk-kendra-1.12.785.jar:/home/runner/.m2/repository/com/amazonaws/aws-java-sdk-networkmanager/1.12.785/aws-java-sdk-networkmanager-1.12.785.jar:/home/runner/.m2/repository/com/amazonaws/aws-java-sdk-computeoptimizer/1.12.785/aws-java-sdk-computeoptimizer-1.12.785.jar:/home/runner/.m2/repository/com/amazonaws/aws-java-sdk-accessanalyzer/1.12.785/aws-java-sdk-accessanalyzer-1.12.785.jar:/home/runner/.m2/repository/com/amazonaws/aws-java-sdk-schemas/1.12.785/aws-java-sdk-schemas-1.12.785.jar:/home/runner/.m2/repository/com/amazonaws/aws-java-sdk-imagebuilder/1.12.785/aws-java-sdk-imagebuilder-1.12.785.jar:/home/runner/.m2/repository/com/amazonaws/aws-java-sdk-elasticinference/1.12.785/aws-java-sdk-elasticinference-1.12.785.jar:/home/runner/.m2/repository/com/amazonaws/aws-java-sdk-iotsecuretunneling/1.12.785/aws-java-sdk-iotsecuretunneling-1.12.785.jar:/home/runner/.m2/repository/com/amazonaws/aws-java-sdk-appconfig/1.12.785/aws-java-sdk-appconfig-1.12.785.jar:/home/runner/.m2/repository/com/amazonaws/aws-java-sdk-wafv2/1.12.785/aws-java-sdk-wafv2-1.12.785.jar:/home/runner/.m2/repository/com/amazonaws/aws-java-sdk-connectparticipant/1.12.785/aws-java-sdk-connectparticipant-1.12.785.jar:/home/runner/.m2/repository/com/amazonaws/aws-java-sdk-migrationhubconfig/1.12.785/aws-java-sdk-migrationhubconfig-1.12.785.jar:/home/runner/.m2/repository/com/amazonaws/aws-java-sdk-dataexchange/1.12.785/aws-java-sdk-dataexchange-1.12.785.jar:/home/runner/.m2/repository/com/amazonaws/aws-java-sdk-sesv2/1.12.785/aws-java-sdk-sesv2-1.12.785.jar:/home/runner/.m2/repository/com/amazonaws/aws-java-sdk-marketplacecatalog/1.12.785/aws-java-sdk-marketplacecatalog-1.12.785.jar:/home/runner/.m2/repository/com/amazonaws/aws-java-sdk-ssooidc/1.12.785/aws-java-sdk-ssooidc-1.12.785.jar:/home/runner/.m2/repository/com/amazonaws/aws-java-sdk-sso/1.12.785/aws-java-sdk-sso-1.12.785.jar:/home/runner/.m2/repository/com/amazonaws/aws-java-sdk-savingsplans/1.12.785/aws-java-sdk-savingsplans-1.12.785.jar:/home/runner/.m2/repository/com/amazonaws/aws-java-sdk-codestarnotifications/1.12.785/aws-java-sdk-codestarnotifications-1.12.785.jar:/home/runner/.m2/repository/com/amazonaws/aws-java-sdk-workmailmessageflow/1.12.785/aws-java-sdk-workmailmessageflow-1.12.785.jar:/home/runner/.m2/repository/com/amazonaws/aws-java-sdk-qldbsession/1.12.785/aws-java-sdk-qldbsession-1.12.785.jar:/home/runner/.m2/repository/com/amazonaws/aws-java-sdk-qldb/1.12.785/aws-java-sdk-qldb-1.12.785.jar:/home/runner/.m2/repository/com/amazonaws/aws-java-sdk-forecastquery/1.12.785/aws-java-sdk-forecastquery-1.12.785.jar:/home/runner/.m2/repository/com/amazonaws/aws-java-sdk-forecast/1.12.785/aws-java-sdk-forecast-1.12.785.jar:/home/runner/.m2/repository/com/amazonaws/aws-java-sdk-lakeformation/1.12.785/aws-java-sdk-lakeformation-1.12.785.jar:/home/runner/.m2/repository/com/amazonaws/aws-java-sdk-eventbridge/1.12.785/aws-java-sdk-eventbridge-1.12.785.jar:/home/runner/.m2/repository/com/amazonaws/aws-java-sdk-ec2instanceconnect/1.12.785/aws-java-sdk-ec2instanceconnect-1.12.785.jar:/home/runner/.m2/repository/com/amazonaws/aws-java-sdk-applicationinsights/1.12.785/aws-java-sdk-applicationinsights-1.12.785.jar:/home/runner/.m2/repository/com/amazonaws/aws-java-sdk-servicequotas/1.12.785/aws-java-sdk-servicequotas-1.12.785.jar:/home/runner/.m2/repository/com/amazonaws/aws-java-sdk-personalizeevents/1.12.785/aws-java-sdk-personalizeevents-1.12.785.jar:/home/runner/.m2/repository/com/amazonaws/aws-java-sdk-personalize/1.12.785/aws-java-sdk-personalize-1.12.785.jar:/home/runner/.m2/repository/com/amazonaws/aws-java-sdk-personalizeruntime/1.12.785/aws-java-sdk-personalizeruntime-1.12.785.jar:/home/runner/.m2/repository/com/amazonaws/aws-java-sdk-ioteventsdata/1.12.785/aws-java-sdk-ioteventsdata-1.12.785.jar:/home/runner/.m2/repository/com/amazonaws/aws-java-sdk-iotevents/1.12.785/aws-java-sdk-iotevents-1.12.785.jar:/home/runner/.m2/repository/com/amazonaws/aws-java-sdk-iotthingsgraph/1.12.785/aws-java-sdk-iotthingsgraph-1.12.785.jar:/home/runner/.m2/repository/com/amazonaws/aws-java-sdk-groundstation/1.12.785/aws-java-sdk-groundstation-1.12.785.jar:/home/runner/.m2/repository/com/amazonaws/aws-java-sdk-mediapackagevod/1.12.785/aws-java-sdk-mediapackagevod-1.12.785.jar:/home/runner/.m2/repository/com/amazonaws/aws-java-sdk-managedblockchain/1.12.785/aws-java-sdk-managedblockchain-1.12.785.jar:/home/runner/.m2/repository/com/amazonaws/aws-java-sdk-textract/1.12.785/aws-java-sdk-textract-1.12.785.jar:/home/runner/.m2/repository/com/amazonaws/aws-java-sdk-worklink/1.12.785/aws-java-sdk-worklink-1.12.785.jar:/home/runner/.m2/repository/com/amazonaws/aws-java-sdk-backup/1.12.785/aws-java-sdk-backup-1.12.785.jar:/home/runner/.m2/repository/com/amazonaws/aws-java-sdk-docdb/1.12.785/aws-java-sdk-docdb-1.12.785.jar:/home/runner/.m2/repository/com/amazonaws/aws-java-sdk-apigatewayv2/1.12.785/aws-java-sdk-apigatewayv2-1.12.785.jar:/home/runner/.m2/repository/com/amazonaws/aws-java-sdk-apigatewaymanagementapi/1.12.785/aws-java-sdk-apigatewaymanagementapi-1.12.785.jar:/home/runner/.m2/repository/com/amazonaws/aws-java-sdk-kafka/1.12.785/aws-java-sdk-kafka-1.12.785.jar:/home/runner/.m2/repository/com/amazonaws/aws-java-sdk-appmesh/1.12.785/aws-java-sdk-appmesh-1.12.785.jar:/home/runner/.m2/repository/com/amazonaws/aws-java-sdk-licensemanager/1.12.785/aws-java-sdk-licensemanager-1.12.785.jar:/home/runner/.m2/repository/com/amazonaws/aws-java-sdk-securityhub/1.12.785/aws-java-sdk-securityhub-1.12.785.jar:/home/runner/.m2/repository/com/amazonaws/aws-java-sdk-fsx/1.12.785/aws-java-sdk-fsx-1.12.785.jar:/home/runner/.m2/repository/com/amazonaws/aws-java-sdk-mediaconnect/1.12.785/aws-java-sdk-mediaconnect-1.12.785.jar:/home/runner/.m2/repository/com/amazonaws/aws-java-sdk-kinesisanalyticsv2/1.12.785/aws-java-sdk-kinesisanalyticsv2-1.12.785.jar:/home/runner/.m2/repository/com/amazonaws/aws-java-sdk-comprehendmedical/1.12.785/aws-java-sdk-comprehendmedical-1.12.785.jar:/home/runner/.m2/repository/com/amazonaws/aws-java-sdk-globalaccelerator/1.12.785/aws-java-sdk-globalaccelerator-1.12.785.jar:/home/runner/.m2/repository/com/amazonaws/aws-java-sdk-transfer/1.12.785/aws-java-sdk-transfer-1.12.785.jar:/home/runner/.m2/repository/com/amazonaws/aws-java-sdk-datasync/1.12.785/aws-java-sdk-datasync-1.12.785.jar:/home/runner/.m2/repository/com/amazonaws/aws-java-sdk-robomaker/1.12.785/aws-java-sdk-robomaker-1.12.785.jar:/home/runner/.m2/repository/com/amazonaws/aws-java-sdk-amplify/1.12.785/aws-java-sdk-amplify-1.12.785.jar:/home/runner/.m2/repository/com/amazonaws/aws-java-sdk-quicksight/1.12.785/aws-java-sdk-quicksight-1.12.785.jar:/home/runner/.m2/repository/com/amazonaws/aws-java-sdk-rdsdata/1.12.785/aws-java-sdk-rdsdata-1.12.785.jar:/home/runner/.m2/repository/com/amazonaws/aws-java-sdk-route53resolver/1.12.785/aws-java-sdk-route53resolver-1.12.785.jar:/home/runner/.m2/repository/com/amazonaws/aws-java-sdk-ram/1.12.785/aws-java-sdk-ram-1.12.785.jar:/home/runner/.m2/repository/com/amazonaws/aws-java-sdk-s3control/1.12.785/aws-java-sdk-s3control-1.12.785.jar:/home/runner/.m2/repository/com/amazonaws/aws-java-sdk-pinpointsmsvoice/1.12.785/aws-java-sdk-pinpointsmsvoice-1.12.785.jar:/home/runner/.m2/repository/com/amazonaws/aws-java-sdk-pinpointemail/1.12.785/aws-java-sdk-pinpointemail-1.12.785.jar:/home/runner/.m2/repository/com/amazonaws/aws-java-sdk-chime/1.12.785/aws-java-sdk-chime-1.12.785.jar:/home/runner/.m2/repository/com/amazonaws/aws-java-sdk-signer/1.12.785/aws-java-sdk-signer-1.12.785.jar:/home/runner/.m2/repository/com/amazonaws/aws-java-sdk-dlm/1.12.785/aws-java-sdk-dlm-1.12.785.jar:/home/runner/.m2/repository/com/amazonaws/aws-java-sdk-eks/1.12.785/aws-java-sdk-eks-1.12.785.jar:/home/runner/.m2/repository/com/amazonaws/aws-java-sdk-mediatailor/1.12.785/aws-java-sdk-mediatailor-1.12.785.jar:/home/runner/.m2/repository/com/amazonaws/aws-java-sdk-neptune/1.12.785/aws-java-sdk-neptune-1.12.785.jar:/home/runner/.m2/repository/com/amazonaws/aws-java-sdk-pi/1.12.785/aws-java-sdk-pi-1.12.785.jar:/home/runner/.m2/repository/com/amazonaws/aws-java-sdk-iot1clickprojects/1.12.785/aws-java-sdk-iot1clickprojects-1.12.785.jar:/home/runner/.m2/repository/com/amazonaws/aws-java-sdk-iot1clickdevices/1.12.785/aws-java-sdk-iot1clickdevices-1.12.785.jar:/home/runner/.m2/repository/com/amazonaws/aws-java-sdk-iotanalytics/1.12.785/aws-java-sdk-iotanalytics-1.12.785.jar:/home/runner/.m2/repository/com/amazonaws/aws-java-sdk-acmpca/1.12.785/aws-java-sdk-acmpca-1.12.785.jar:/home/runner/.m2/repository/com/amazonaws/aws-java-sdk-secretsmanager/1.12.785/aws-java-sdk-secretsmanager-1.12.785.jar:/home/runner/.m2/repository/com/amazonaws/aws-java-sdk-fms/1.12.785/aws-java-sdk-fms-1.12.785.jar:/home/runner/.m2/repository/com/amazonaws/aws-java-sdk-connect/1.12.785/aws-java-sdk-connect-1.12.785.jar:/home/runner/.m2/repository/com/amazonaws/aws-java-sdk-transcribe/1.12.785/aws-java-sdk-transcribe-1.12.785.jar:/home/runner/.m2/repository/com/amazonaws/aws-java-sdk-autoscalingplans/1.12.785/aws-java-sdk-autoscalingplans-1.12.785.jar:/home/runner/.m2/repository/com/amazonaws/aws-java-sdk-workmail/1.12.785/aws-java-sdk-workmail-1.12.785.jar:/home/runner/.m2/repository/com/amazonaws/aws-java-sdk-servicediscovery/1.12.785/aws-java-sdk-servicediscovery-1.12.785.jar:/home/runner/.m2/repository/com/amazonaws/aws-java-sdk-cloud9/1.12.785/aws-java-sdk-cloud9-1.12.785.jar:/home/runner/.m2/repository/com/amazonaws/aws-java-sdk-serverlessapplicationrepository/1.12.785/aws-java-sdk-serverlessapplicationrepository-1.12.785.jar:/home/runner/.m2/repository/com/amazonaws/aws-java-sdk-resourcegroups/1.12.785/aws-java-sdk-resourcegroups-1.12.785.jar:/home/runner/.m2/repository/com/amazonaws/aws-java-sdk-comprehend/1.12.785/aws-java-sdk-comprehend-1.12.785.jar:/home/runner/.m2/repository/com/amazonaws/aws-java-sdk-translate/1.12.785/aws-java-sdk-translate-1.12.785.jar:/home/runner/.m2/repository/com/amazonaws/aws-java-sdk-sagemaker/1.12.785/aws-java-sdk-sagemaker-1.12.785.jar:/home/runner/.m2/repository/com/amazonaws/aws-java-sdk-iotjobsdataplane/1.12.785/aws-java-sdk-iotjobsdataplane-1.12.785.jar:/home/runner/.m2/repository/com/amazonaws/aws-java-sdk-sagemakerruntime/1.12.785/aws-java-sdk-sagemakerruntime-1.12.785.jar:/home/runner/.m2/repository/com/amazonaws/aws-java-sdk-kinesisvideo/1.12.785/aws-java-sdk-kinesisvideo-1.12.785.jar:/home/runner/.m2/repository/io/netty/netty-codec-http/4.1.54.Final/netty-codec-http-4.1.54.Final.jar:/home/runner/.m2/repository/io/netty/netty-common/4.1.54.Final/netty-common-4.1.54.Final.jar:/home/runner/.m2/repository/io/netty/netty-buffer/4.1.54.Final/netty-buffer-4.1.54.Final.jar:/home/runner/.m2/repository/io/netty/netty-transport/4.1.54.Final/netty-transport-4.1.54.Final.jar:/home/runner/.m2/repository/io/netty/netty-codec/4.1.54.Final/netty-codec-4.1.54.Final.jar:/home/runner/.m2/repository/io/netty/netty-handler/4.1.54.Final/netty-handler-4.1.54.Final.jar:/home/runner/.m2/repository/io/netty/netty-resolver/4.1.54.Final/netty-resolver-4.1.54.Final.jar:/home/runner/.m2/repository/com/amazonaws/aws-java-sdk-appsync/1.12.785/aws-java-sdk-appsync-1.12.785.jar:/home/runner/.m2/repository/com/amazonaws/aws-java-sdk-guardduty/1.12.785/aws-java-sdk-guardduty-1.12.785.jar:/home/runner/.m2/repository/com/amazonaws/aws-java-sdk-mq/1.12.785/aws-java-sdk-mq-1.12.785.jar:/home/runner/.m2/repository/com/amazonaws/aws-java-sdk-mediaconvert/1.12.785/aws-java-sdk-mediaconvert-1.12.785.jar:/home/runner/.m2/repository/com/amazonaws/aws-java-sdk-mediastore/1.12.785/aws-java-sdk-mediastore-1.12.785.jar:/home/runner/.m2/repository/com/amazonaws/aws-java-sdk-mediastoredata/1.12.785/aws-java-sdk-mediastoredata-1.12.785.jar:/home/runner/.m2/repository/com/amazonaws/aws-java-sdk-medialive/1.12.785/aws-java-sdk-medialive-1.12.785.jar:/home/runner/.m2/repository/com/amazonaws/aws-java-sdk-mediapackage/1.12.785/aws-java-sdk-mediapackage-1.12.785.jar:/home/runner/.m2/repository/com/amazonaws/aws-java-sdk-costexplorer/1.12.785/aws-java-sdk-costexplorer-1.12.785.jar:/home/runner/.m2/repository/com/amazonaws/aws-java-sdk-pricing/1.12.785/aws-java-sdk-pricing-1.12.785.jar:/home/runner/.m2/repository/com/amazonaws/aws-java-sdk-cloudhsmv2/1.12.785/aws-java-sdk-cloudhsmv2-1.12.785.jar:/home/runner/.m2/repository/com/amazonaws/aws-java-sdk-glue/1.12.785/aws-java-sdk-glue-1.12.785.jar:/home/runner/.m2/repository/com/amazonaws/aws-java-sdk-migrationhub/1.12.785/aws-java-sdk-migrationhub-1.12.785.jar:/home/runner/.m2/repository/com/amazonaws/aws-java-sdk-dax/1.12.785/aws-java-sdk-dax-1.12.785.jar:/home/runner/.m2/repository/com/amazonaws/aws-java-sdk-greengrass/1.12.785/aws-java-sdk-greengrass-1.12.785.jar:/home/runner/.m2/repository/com/amazonaws/aws-java-sdk-athena/1.12.785/aws-java-sdk-athena-1.12.785.jar:/home/runner/.m2/repository/com/amazonaws/aws-java-sdk-marketplaceentitlement/1.12.785/aws-java-sdk-marketplaceentitlement-1.12.785.jar:/home/runner/.m2/repository/com/amazonaws/aws-java-sdk-codestar/1.12.785/aws-java-sdk-codestar-1.12.785.jar:/home/runner/.m2/repository/com/amazonaws/aws-java-sdk-lexmodelbuilding/1.12.785/aws-java-sdk-lexmodelbuilding-1.12.785.jar:/home/runner/.m2/repository/com/amazonaws/aws-java-sdk-resourcegroupstaggingapi/1.12.785/aws-java-sdk-resourcegroupstaggingapi-1.12.785.jar:/home/runner/.m2/repository/com/amazonaws/aws-java-sdk-pinpoint/1.12.785/aws-java-sdk-pinpoint-1.12.785.jar:/home/runner/.m2/repository/com/amazonaws/aws-java-sdk-xray/1.12.785/aws-java-sdk-xray-1.12.785.jar:/home/runner/.m2/repository/com/amazonaws/aws-java-sdk-opsworkscm/1.12.785/aws-java-sdk-opsworkscm-1.12.785.jar:/home/runner/.m2/repository/com/amazonaws/aws-java-sdk-support/1.12.785/aws-java-sdk-support-1.12.785.jar:/home/runner/.m2/repository/com/amazonaws/aws-java-sdk-simpledb/1.12.785/aws-java-sdk-simpledb-1.12.785.jar:/home/runner/.m2/repository/com/amazonaws/aws-java-sdk-servicecatalog/1.12.785/aws-java-sdk-servicecatalog-1.12.785.jar:/home/runner/.m2/repository/com/amazonaws/aws-java-sdk-servermigration/1.12.785/aws-java-sdk-servermigration-1.12.785.jar:/home/runner/.m2/repository/com/amazonaws/aws-java-sdk-simpleworkflow/1.12.785/aws-java-sdk-simpleworkflow-1.12.785.jar:/home/runner/.m2/repository/com/amazonaws/aws-java-sdk-storagegateway/1.12.785/aws-java-sdk-storagegateway-1.12.785.jar:/home/runner/.m2/repository/com/amazonaws/aws-java-sdk-route53/1.12.785/aws-java-sdk-route53-1.12.785.jar:/home/runner/.m2/repository/com/amazonaws/aws-java-sdk-s3/1.12.785/aws-java-sdk-s3-1.12.785.jar:/home/runner/.m2/repository/com/amazonaws/aws-java-sdk-importexport/1.12.785/aws-java-sdk-importexport-1.12.785.jar:/home/runner/.m2/repository/com/amazonaws/aws-java-sdk-sts/1.12.785/aws-java-sdk-sts-1.12.785.jar:/home/runner/.m2/repository/com/amazonaws/aws-java-sdk-sqs/1.12.785/aws-java-sdk-sqs-1.12.785.jar:/home/runner/.m2/repository/com/amazonaws/aws-java-sdk-rds/1.12.785/aws-java-sdk-rds-1.12.785.jar:/home/runner/.m2/repository/com/amazonaws/aws-java-sdk-redshift/1.12.785/aws-java-sdk-redshift-1.12.785.jar:/home/runner/.m2/repository/com/amazonaws/aws-java-sdk-elasticbeanstalk/1.12.785/aws-java-sdk-elasticbeanstalk-1.12.785.jar:/home/runner/.m2/repository/com/amazonaws/aws-java-sdk-glacier/1.12.785/aws-java-sdk-glacier-1.12.785.jar:/home/runner/.m2/repository/com/amazonaws/aws-java-sdk-iam/1.12.785/aws-java-sdk-iam-1.12.785.jar:/home/runner/.m2/repository/com/amazonaws/aws-java-sdk-datapipeline/1.12.785/aws-java-sdk-datapipeline-1.12.785.jar:/home/runner/.m2/repository/com/amazonaws/aws-java-sdk-elasticloadbalancing/1.12.785/aws-java-sdk-elasticloadbalancing-1.12.785.jar:/home/runner/.m2/repository/com/amazonaws/aws-java-sdk-elasticloadbalancingv2/1.12.785/aws-java-sdk-elasticloadbalancingv2-1.12.785.jar:/home/runner/.m2/repository/com/amazonaws/aws-java-sdk-emr/1.12.785/aws-java-sdk-emr-1.12.785.jar:/home/runner/.m2/repository/com/amazonaws/aws-java-sdk-elasticache/1.12.785/aws-java-sdk-elasticache-1.12.785.jar:/home/runner/.m2/repository/com/amazonaws/aws-java-sdk-elastictranscoder/1.12.785/aws-java-sdk-elastictranscoder-1.12.785.jar:/home/runner/.m2/repository/com/amazonaws/aws-java-sdk-ec2/1.12.785/aws-java-sdk-ec2-1.12.785.jar:/home/runner/.m2/repository/com/amazonaws/aws-java-sdk-dynamodb/1.12.785/aws-java-sdk-dynamodb-1.12.785.jar:/home/runner/.m2/repository/com/amazonaws/aws-java-sdk-sns/1.12.785/aws-java-sdk-sns-1.12.785.jar:/home/runner/.m2/repository/com/amazonaws/aws-java-sdk-budgets/1.12.785/aws-java-sdk-budgets-1.12.785.jar:/home/runner/.m2/repository/com/amazonaws/aws-java-sdk-cloudtrail/1.12.785/aws-java-sdk-cloudtrail-1.12.785.jar:/home/runner/.m2/repository/com/amazonaws/aws-java-sdk-cloudwatch/1.12.785/aws-java-sdk-cloudwatch-1.12.785.jar:/home/runner/.m2/repository/com/amazonaws/aws-java-sdk-logs/1.12.785/aws-java-sdk-logs-1.12.785.jar:/home/runner/.m2/repository/com/amazonaws/aws-java-sdk-events/1.12.785/aws-java-sdk-events-1.12.785.jar:/home/runner/.m2/repository/com/amazonaws/aws-java-sdk-cognitoidentity/1.12.785/aws-java-sdk-cognitoidentity-1.12.785.jar:/home/runner/.m2/repository/com/amazonaws/aws-java-sdk-cognitosync/1.12.785/aws-java-sdk-cognitosync-1.12.785.jar:/home/runner/.m2/repository/com/amazonaws/aws-java-sdk-directconnect/1.12.785/aws-java-sdk-directconnect-1.12.785.jar:/home/runner/.m2/repository/com/amazonaws/aws-java-sdk-cloudformation/1.12.785/aws-java-sdk-cloudformation-1.12.785.jar:/home/runner/.m2/repository/com/amazonaws/aws-java-sdk-cloudfront/1.12.785/aws-java-sdk-cloudfront-1.12.785.jar:/home/runner/.m2/repository/com/amazonaws/aws-java-sdk-clouddirectory/1.12.785/aws-java-sdk-clouddirectory-1.12.785.jar:/home/runner/.m2/repository/com/amazonaws/aws-java-sdk-kinesis/1.12.785/aws-java-sdk-kinesis-1.12.785.jar:/home/runner/.m2/repository/com/amazonaws/aws-java-sdk-opsworks/1.12.785/aws-java-sdk-opsworks-1.12.785.jar:/home/runner/.m2/repository/com/amazonaws/aws-java-sdk-ses/1.12.785/aws-java-sdk-ses-1.12.785.jar:/home/runner/.m2/repository/com/amazonaws/aws-java-sdk-autoscaling/1.12.785/aws-java-sdk-autoscaling-1.12.785.jar:/home/runner/.m2/repository/com/amazonaws/aws-java-sdk-cloudsearch/1.12.785/aws-java-sdk-cloudsearch-1.12.785.jar:/home/runner/.m2/repository/com/amazonaws/aws-java-sdk-cloudwatchmetrics/1.12.785/aws-java-sdk-cloudwatchmetrics-1.12.785.jar:/home/runner/.m2/repository/com/amazonaws/aws-java-sdk-codedeploy/1.12.785/aws-java-sdk-codedeploy-1.12.785.jar:/home/runner/.m2/repository/com/amazonaws/aws-java-sdk-codepipeline/1.12.785/aws-java-sdk-codepipeline-1.12.785.jar:/home/runner/.m2/repository/com/amazonaws/aws-java-sdk-kms/1.12.785/aws-java-sdk-kms-1.12.785.jar:/home/runner/.m2/repository/com/amazonaws/aws-java-sdk-config/1.12.785/aws-java-sdk-config-1.12.785.jar:/home/runner/.m2/repository/com/amazonaws/aws-java-sdk-lambda/1.12.785/aws-java-sdk-lambda-1.12.785.jar:/home/runner/.m2/repository/com/amazonaws/aws-java-sdk-ecs/1.12.785/aws-java-sdk-ecs-1.12.785.jar:/home/runner/.m2/repository/com/amazonaws/aws-java-sdk-ecr/1.12.785/aws-java-sdk-ecr-1.12.785.jar:/home/runner/.m2/repository/com/amazonaws/aws-java-sdk-cloudhsm/1.12.785/aws-java-sdk-cloudhsm-1.12.785.jar:/home/runner/.m2/repository/com/amazonaws/aws-java-sdk-ssm/1.12.785/aws-java-sdk-ssm-1.12.785.jar:/home/runner/.m2/repository/com/amazonaws/aws-java-sdk-workspaces/1.12.785/aws-java-sdk-workspaces-1.12.785.jar:/home/runner/.m2/repository/com/amazonaws/aws-java-sdk-machinelearning/1.12.785/aws-java-sdk-machinelearning-1.12.785.jar:/home/runner/.m2/repository/com/amazonaws/aws-java-sdk-directory/1.12.785/aws-java-sdk-directory-1.12.785.jar:/home/runner/.m2/repository/com/amazonaws/aws-java-sdk-efs/1.12.785/aws-java-sdk-efs-1.12.785.jar:/home/runner/.m2/repository/com/amazonaws/aws-java-sdk-codecommit/1.12.785/aws-java-sdk-codecommit-1.12.785.jar:/home/runner/.m2/repository/com/amazonaws/aws-java-sdk-devicefarm/1.12.785/aws-java-sdk-devicefarm-1.12.785.jar:/home/runner/.m2/repository/com/amazonaws/aws-java-sdk-elasticsearch/1.12.785/aws-java-sdk-elasticsearch-1.12.785.jar:/home/runner/.m2/repository/com/amazonaws/aws-java-sdk-waf/1.12.785/aws-java-sdk-waf-1.12.785.jar:/home/runner/.m2/repository/com/amazonaws/aws-java-sdk-marketplacecommerceanalytics/1.12.785/aws-java-sdk-marketplacecommerceanalytics-1.12.785.jar:/home/runner/.m2/repository/com/amazonaws/aws-java-sdk-inspector/1.12.785/aws-java-sdk-inspector-1.12.785.jar:/home/runner/.m2/repository/com/amazonaws/aws-java-sdk-iot/1.12.785/aws-java-sdk-iot-1.12.785.jar:/home/runner/.m2/repository/com/amazonaws/aws-java-sdk-api-gateway/1.12.785/aws-java-sdk-api-gateway-1.12.785.jar:/home/runner/.m2/repository/com/amazonaws/aws-java-sdk-acm/1.12.785/aws-java-sdk-acm-1.12.785.jar:/home/runner/.m2/repository/com/amazonaws/aws-java-sdk-gamelift/1.12.785/aws-java-sdk-gamelift-1.12.785.jar:/home/runner/.m2/repository/com/amazonaws/aws-java-sdk-dms/1.12.785/aws-java-sdk-dms-1.12.785.jar:/home/runner/.m2/repository/com/amazonaws/aws-java-sdk-marketplacemeteringservice/1.12.785/aws-java-sdk-marketplacemeteringservice-1.12.785.jar:/home/runner/.m2/repository/com/amazonaws/aws-java-sdk-cognitoidp/1.12.785/aws-java-sdk-cognitoidp-1.12.785.jar:/home/runner/.m2/repository/com/amazonaws/aws-java-sdk-discovery/1.12.785/aws-java-sdk-discovery-1.12.785.jar:/home/runner/.m2/repository/com/amazonaws/aws-java-sdk-applicationautoscaling/1.12.785/aws-java-sdk-applicationautoscaling-1.12.785.jar:/home/runner/.m2/repository/com/amazonaws/aws-java-sdk-snowball/1.12.785/aws-java-sdk-snowball-1.12.785.jar:/home/runner/.m2/repository/com/amazonaws/aws-java-sdk-rekognition/1.12.785/aws-java-sdk-rekognition-1.12.785.jar:/home/runner/.m2/repository/com/amazonaws/aws-java-sdk-polly/1.12.785/aws-java-sdk-polly-1.12.785.jar:/home/runner/.m2/repository/com/amazonaws/aws-java-sdk-lightsail/1.12.785/aws-java-sdk-lightsail-1.12.785.jar:/home/runner/.m2/repository/com/amazonaws/aws-java-sdk-stepfunctions/1.12.785/aws-java-sdk-stepfunctions-1.12.785.jar:/home/runner/.m2/repository/com/amazonaws/aws-java-sdk-health/1.12.785/aws-java-sdk-health-1.12.785.jar:/home/runner/.m2/repository/com/amazonaws/aws-java-sdk-costandusagereport/1.12.785/aws-java-sdk-costandusagereport-1.12.785.jar:/home/runner/.m2/repository/com/amazonaws/aws-java-sdk-codebuild/1.12.785/aws-java-sdk-codebuild-1.12.785.jar:/home/runner/.m2/repository/com/amazonaws/aws-java-sdk-appstream/1.12.785/aws-java-sdk-appstream-1.12.785.jar:/home/runner/.m2/repository/com/amazonaws/aws-java-sdk-shield/1.12.785/aws-java-sdk-shield-1.12.785.jar:/home/runner/.m2/repository/com/amazonaws/aws-java-sdk-batch/1.12.785/aws-java-sdk-batch-1.12.785.jar:/home/runner/.m2/repository/com/amazonaws/aws-java-sdk-lex/1.12.785/aws-java-sdk-lex-1.12.785.jar:/home/runner/.m2/repository/com/amazonaws/aws-java-sdk-mechanicalturkrequester/1.12.785/aws-java-sdk-mechanicalturkrequester-1.12.785.jar:/home/runner/.m2/repository/com/amazonaws/aws-java-sdk-organizations/1.12.785/aws-java-sdk-organizations-1.12.785.jar:/home/runner/.m2/repository/com/amazonaws/aws-java-sdk-workdocs/1.12.785/aws-java-sdk-workdocs-1.12.785.jar:/home/runner/.m2/repository/com/amazonaws/aws-java-sdk-core/1.12.785/aws-java-sdk-core-1.12.785.jar:/home/runner/.m2/repository/commons-logging/commons-logging/1.1.3/commons-logging-1.1.3.jar:/home/runner/.m2/repository/commons-codec/commons-codec/1.14/commons-codec-1.14.jar:/home/runner/.m2/repository/org/apache/httpcomponents/httpclient/4.5.13/httpclient-4.5.13.jar:/home/runner/.m2/repository/org/apache/httpcomponents/httpcore/4.4.13/httpcore-4.4.13.jar:/home/runner/.m2/repository/com/fasterxml/jackson/dataformat/jackson-dataformat-cbor/2.11.3/jackson-dataformat-cbor-2.11.3.jar:/home/runner/.m2/repository/joda-time/joda-time/2.12.7/joda-time-2.12.7.jar:/home/runner/.m2/repository/com/amazonaws/aws-java-sdk-models/1.12.785/aws-java-sdk-models-1.12.785.jar:/home/runner/.m2/repository/com/amazonaws/aws-java-sdk-swf-libraries/1.11.22/aws-java-sdk-swf-libraries-1.11.22.jar:/home/runner/.m2/repository/org/thymeleaf/thymeleaf/3.1.3.RELEASE/thymeleaf-3.1.3.RELEASE.jar:/home/runner/.m2/repository/ognl/ognl/3.3.4/ognl-3.3.4.jar:/home/runner/.m2/repository/org/attoparser/attoparser/2.0.7.RELEASE/attoparser-2.0.7.RELEASE.jar:/home/runner/.m2/repository/org/unbescape/unbescape/1.1.6.RELEASE/unbescape-1.1.6.RELEASE.jar:/home/runner/.m2/repository/org/thymeleaf/thymeleaf-spring5/3.1.3.RELEASE/thymeleaf-spring5-3.1.3.RELEASE.jar:/home/runner/.m2/repository/org/springframework/boot/spring-boot-starter-test/2.3.6.RELEASE/spring-boot-starter-test-2.3.6.RELEASE.jar:/home/runner/.m2/repository/org/springframework/boot/spring-boot-test/2.3.6.RELEASE/spring-boot-test-2.3.6.RELEASE.jar:/home/runner/.m2/repository/org/springframework/boot/spring-boot-test-autoconfigure/2.3.6.RELEASE/spring-boot-test-autoconfigure-2.3.6.RELEASE.jar:/home/runner/.m2/repository/com/jayway/jsonpath/json-path/2.4.0/json-path-2.4.0.jar:/home/runner/.m2/repository/org/assertj/assertj-core/3.16.1/assertj-core-3.16.1.jar:/home/runner/.m2/repository/org/hamcrest/hamcrest/2.2/hamcrest-2.2.jar:/home/runner/.m2/repository/org/junit/jupiter/junit-jupiter/5.6.3/junit-jupiter-5.6.3.jar:/home/runner/.m2/repository/org/junit/jupiter/junit-jupiter-api/5.6.3/junit-jupiter-api-5.6.3.jar:/home/runner/.m2/repository/org/opentest4j/opentest4j/1.2.0/opentest4j-1.2.0.jar:/home/runner/.m2/repository/org/junit/platform/junit-platform-commons/1.6.3/junit-platform-commons-1.6.3.jar:/home/runner/.m2/repository/org/junit/jupiter/junit-jupiter-params/5.6.3/junit-jupiter-params-5.6.3.jar:/home/runner/.m2/repository/org/junit/jupiter/junit-jupiter-engine/5.6.3/junit-jupiter-engine-5.6.3.jar:/home/runner/.m2/repository/org/junit/vintage/junit-vintage-engine/5.6.3/junit-vintage-engine-5.6.3.jar:/home/runner/.m2/repository/org/apiguardian/apiguardian-api/1.1.0/apiguardian-api-1.1.0.jar:/home/runner/.m2/repository/org/junit/platform/junit-platform-engine/1.6.3/junit-platform-engine-1.6.3.jar:/home/runner/.m2/repository/junit/junit/4.13.1/junit-4.13.1.jar:/home/runner/.m2/repository/org/mockito/mockito-core/3.3.3/mockito-core-3.3.3.jar:/home/runner/.m2/repository/net/bytebuddy/byte-buddy-agent/1.10.18/byte-buddy-agent-1.10.18.jar:/home/runner/.m2/repository/org/objenesis/objenesis/2.6/objenesis-2.6.jar:/home/runner/.m2/repository/org/mockito/mockito-junit-jupiter/3.3.3/mockito-junit-jupiter-3.3.3.jar:/home/runner/.m2/repository/org/skyscreamer/jsonassert/1.5.0/jsonassert-1.5.0.jar:/home/runner/.m2/repository/com/vaadin/external/google/android-json/0.0.20131108.vaadin1/android-json-0.0.20131108.vaadin1.jar:/home/runner/.m2/repository/org/xmlunit/xmlunit-core/2.7.0/xmlunit-core-2.7.0.jar:/home/runner/.m2/repository/org/springframework/boot/spring-boot-starter-actuator/2.3.6.RELEASE/spring-boot-starter-actuator-2.3.6.RELEASE.jar:/home/runner/.m2/repository/org/springframework/boot/spring-boot-actuator-autoconfigure/2.3.6.RELEASE/spring-boot-actuator-autoconfigure-2.3.6.RELEASE.jar:/home/runner/.m2/repository/org/springframework/boot/spring-boot-actuator/2.3.6.RELEASE/spring-boot-actuator-2.3.6.RELEASE.jar:/home/runner/.m2/repository/io/micrometer/micrometer-core/1.5.7/micrometer-core-1.5.7.jar:/home/runner/.m2/repository/org/hdrhistogram/HdrHistogram/2.1.12/HdrHistogram-2.1.12.jar:/home/runner/.m2/repository/org/latencyutils/LatencyUtils/2.0.3/LatencyUtils-2.0.3.jar:/home/runner/.m2/repository/org/springframework/boot/spring-boot-starter-logging/2.3.6.RELEASE/spring-boot-starter-logging-2.3.6.RELEASE.jar:/home/runner/.m2/repository/ch/qos/logback/logback-classic/1.2.3/logback-classic-1.2.3.jar:/home/runner/.m2/repository/ch/qos/logback/logback-core/1.2.3/logback-core-1.2.3.jar:/home/runner/.m2/repository/org/apache/logging/log4j/log4j-to-slf4j/2.13.3/log4j-to-slf4j-2.13.3.jar:/home/runner/.m2/repository/org/apache/logging/log4j/log4j-api/2.13.3/log4j-api-2.13.3.jar:/home/runner/.m2/repository/org/slf4j/jul-to-slf4j/1.7.30/jul-to-slf4j-1.7.30.jar:"/>
    <property name="java.vm.vendor" value="Eclipse Adoptium"/>
    <property name="sun.arch.data.model" value="64"/>
    <property name="java.vendor.url" value="https://adoptium.net/"/>
    <property name="user.timezone" value="Etc/UTC"/>
    <property name="os.name" value="Linux"/>
    <property name="java.vm.specification.version" value="17"/>
    <property name="sun.java.launcher" value="SUN_STANDARD"/>
    <property name="sun.boot.library.path" value="/usr/lib/jvm/temurin-17-jdk-amd64/lib"/>
    <property name="sun.java.command" value="/home/runner/work/desofs2025_wed_nap_1/desofs2025_wed_nap_1/target/surefire/surefirebooter5782056895191648475.jar /home/runner/work/desofs2025_wed_nap_1/desofs2025_wed_nap_1/target/surefire 2025-06-12T22-07-04_275-jvmRun1 surefire11369965190775955491tmp surefire_09249903243395856092tmp"/>
    <property name="jdk.debug" value="release"/>
    <property name="surefire.test.class.path" value="/home/runner/work/desofs2025_wed_nap_1/desofs2025_wed_nap_1/target/test-classes:/home/runner/work/desofs2025_wed_nap_1/desofs2025_wed_nap_1/target/classes:/home/runner/.m2/repository/org/springframework/boot/spring-boot-starter-web/2.3.6.RELEASE/spring-boot-starter-web-2.3.6.RELEASE.jar:/home/runner/.m2/repository/org/springframework/boot/spring-boot-starter/2.3.6.RELEASE/spring-boot-starter-2.3.6.RELEASE.jar:/home/runner/.m2/repository/jakarta/annotation/jakarta.annotation-api/1.3.5/jakarta.annotation-api-1.3.5.jar:/home/runner/.m2/repository/org/yaml/snakeyaml/1.26/snakeyaml-1.26.jar:/home/runner/.m2/repository/org/springframework/boot/spring-boot-starter-json/2.3.6.RELEASE/spring-boot-starter-json-2.3.6.RELEASE.jar:/home/runner/.m2/repository/com/fasterxml/jackson/core/jackson-databind/2.11.3/jackson-databind-2.11.3.jar:/home/runner/.m2/repository/com/fasterxml/jackson/datatype/jackson-datatype-jsr310/2.11.3/jackson-datatype-jsr310-2.11.3.jar:/home/runner/.m2/repository/com/fasterxml/jackson/module/jackson-module-parameter-names/2.11.3/jackson-module-parameter-names-2.11.3.jar:/home/runner/.m2/repository/org/springframework/boot/spring-boot-starter-tomcat/2.3.6.RELEASE/spring-boot-starter-tomcat-2.3.6.RELEASE.jar:/home/runner/.m2/repository/org/apache/tomcat/embed/tomcat-embed-core/9.0.39/tomcat-embed-core-9.0.39.jar:/home/runner/.m2/repository/org/glassfish/jakarta.el/3.0.3/jakarta.el-3.0.3.jar:/home/runner/.m2/repository/org/apache/tomcat/embed/tomcat-embed-websocket/9.0.39/tomcat-embed-websocket-9.0.39.jar:/home/runner/.m2/repository/org/springframework/spring-web/5.2.11.RELEASE/spring-web-5.2.11.RELEASE.jar:/home/runner/.m2/repository/org/springframework/spring-webmvc/5.2.11.RELEASE/spring-webmvc-5.2.11.RELEASE.jar:/home/runner/.m2/repository/org/springframework/boot/spring-boot-devtools/2.3.6.RELEASE/spring-boot-devtools-2.3.6.RELEASE.jar:/home/runner/.m2/repository/org/springframework/boot/spring-boot/2.3.6.RELEASE/spring-boot-2.3.6.RELEASE.jar:/home/runner/.m2/repository/org/springframework/boot/spring-boot-autoconfigure/2.3.6.RELEASE/spring-boot-autoconfigure-2.3.6.RELEASE.jar:/home/runner/.m2/repository/org/postgresql/postgresql/42.2.18/postgresql-42.2.18.jar:/home/runner/.m2/repository/org/checkerframework/checker-qual/3.5.0/checker-qual-3.5.0.jar:/home/runner/.m2/repository/org/springframework/boot/spring-boot-starter-data-jpa/2.3.6.RELEASE/spring-boot-starter-data-jpa-2.3.6.RELEASE.jar:/home/runner/.m2/repository/org/springframework/boot/spring-boot-starter-jdbc/2.3.6.RELEASE/spring-boot-starter-jdbc-2.3.6.RELEASE.jar:/home/runner/.m2/repository/com/zaxxer/HikariCP/3.4.5/HikariCP-3.4.5.jar:/home/runner/.m2/repository/org/springframework/spring-jdbc/5.2.11.RELEASE/spring-jdbc-5.2.11.RELEASE.jar:/home/runner/.m2/repository/jakarta/transaction/jakarta.transaction-api/1.3.3/jakarta.transaction-api-1.3.3.jar:/home/runner/.m2/repository/jakarta/persistence/jakarta.persistence-api/2.2.3/jakarta.persistence-api-2.2.3.jar:/home/runner/.m2/repository/org/hibernate/hibernate-core/5.4.23.Final/hibernate-core-5.4.23.Final.jar:/home/runner/.m2/repository/org/javassist/javassist/3.24.0-GA/javassist-3.24.0-GA.jar:/home/runner/.m2/repository/net/bytebuddy/byte-buddy/1.10.18/byte-buddy-1.10.18.jar:/home/runner/.m2/repository/antlr/antlr/2.7.7/antlr-2.7.7.jar:/home/runner/.m2/repository/org/jboss/jandex/2.1.3.Final/jandex-2.1.3.Final.jar:/home/runner/.m2/repository/org/dom4j/dom4j/2.1.3/dom4j-2.1.3.jar:/home/runner/.m2/repository/org/hibernate/common/hibernate-commons-annotations/5.1.2.Final/hibernate-commons-annotations-5.1.2.Final.jar:/home/runner/.m2/repository/org/glassfish/jaxb/jaxb-runtime/2.3.3/jaxb-runtime-2.3.3.jar:/home/runner/.m2/repository/org/glassfish/jaxb/txw2/2.3.3/txw2-2.3.3.jar:/home/runner/.m2/repository/com/sun/istack/istack-commons-runtime/3.0.11/istack-commons-runtime-3.0.11.jar:/home/runner/.m2/repository/org/springframework/data/spring-data-jpa/2.3.5.RELEASE/spring-data-jpa-2.3.5.RELEASE.jar:/home/runner/.m2/repository/org/springframework/data/spring-data-commons/2.3.5.RELEASE/spring-data-commons-2.3.5.RELEASE.jar:/home/runner/.m2/repository/org/springframework/spring-orm/5.2.11.RELEASE/spring-orm-5.2.11.RELEASE.jar:/home/runner/.m2/repository/org/springframework/spring-tx/5.2.11.RELEASE/spring-tx-5.2.11.RELEASE.jar:/home/runner/.m2/repository/org/springframework/spring-aspects/5.2.11.RELEASE/spring-aspects-5.2.11.RELEASE.jar:/home/runner/.m2/repository/org/springframework/boot/spring-boot-starter-security/2.3.6.RELEASE/spring-boot-starter-security-2.3.6.RELEASE.jar:/home/runner/.m2/repository/org/springframework/spring-aop/5.2.11.RELEASE/spring-aop-5.2.11.RELEASE.jar:/home/runner/.m2/repository/org/springframework/security/spring-security-config/5.3.5.RELEASE/spring-security-config-5.3.5.RELEASE.jar:/home/runner/.m2/repository/org/springframework/security/spring-security-web/5.3.5.RELEASE/spring-security-web-5.3.5.RELEASE.jar:/home/runner/.m2/repository/org/springframework/security/spring-security-test/5.3.5.RELEASE/spring-security-test-5.3.5.RELEASE.jar:/home/runner/.m2/repository/org/springframework/security/spring-security-core/5.3.5.RELEASE/spring-security-core-5.3.5.RELEASE.jar:/home/runner/.m2/repository/org/springframework/spring-core/5.2.11.RELEASE/spring-core-5.2.11.RELEASE.jar:/home/runner/.m2/repository/org/springframework/spring-jcl/5.2.11.RELEASE/spring-jcl-5.2.11.RELEASE.jar:/home/runner/.m2/repository/org/springframework/spring-test/5.2.11.RELEASE/spring-test-5.2.11.RELEASE.jar:/home/runner/.m2/repository/org/springframework/security/spring-security-taglibs/5.3.5.RELEASE/spring-security-taglibs-5.3.5.RELEASE.jar:/home/runner/.m2/repository/org/springframework/security/spring-security-acl/5.3.5.RELEASE/spring-security-acl-5.3.5.RELEASE.jar:/home/runner/.m2/repository/org/springframework/spring-beans/5.2.11.RELEASE/spring-beans-5.2.11.RELEASE.jar:/home/runner/.m2/repository/org/springframework/spring-context/5.2.11.RELEASE/spring-context-5.2.11.RELEASE.jar:/home/runner/.m2/repository/org/springframework/spring-expression/5.2.11.RELEASE/spring-expression-5.2.11.RELEASE.jar:/home/runner/.m2/repository/org/springframework/security/spring-security-oauth2-client/5.3.5.RELEASE/spring-security-oauth2-client-5.3.5.RELEASE.jar:/home/runner/.m2/repository/com/nimbusds/oauth2-oidc-sdk/7.1.1/oauth2-oidc-sdk-7.1.1.jar:/home/runner/.m2/repository/com/github/stephenc/jcip/jcip-annotations/1.0-1/jcip-annotations-1.0-1.jar:/home/runner/.m2/repository/com/nimbusds/content-type/2.0/content-type-2.0.jar:/home/runner/.m2/repository/net/minidev/json-smart/2.3/json-smart-2.3.jar:/home/runner/.m2/repository/net/minidev/accessors-smart/1.2/accessors-smart-1.2.jar:/home/runner/.m2/repository/org/ow2/asm/asm/5.0.4/asm-5.0.4.jar:/home/runner/.m2/repository/com/nimbusds/lang-tag/1.4.4/lang-tag-1.4.4.jar:/home/runner/.m2/repository/com/nimbusds/nimbus-jose-jwt/8.19/nimbus-jose-jwt-8.19.jar:/home/runner/.m2/repository/com/sun/mail/javax.mail/1.6.1/javax.mail-1.6.1.jar:/home/runner/.m2/repository/javax/activation/activation/1.1/activation-1.1.jar:/home/runner/.m2/repository/org/springframework/security/spring-security-oauth2-core/5.3.5.RELEASE/spring-security-oauth2-core-5.3.5.RELEASE.jar:/home/runner/.m2/repository/org/springframework/boot/spring-boot-starter-mail/2.3.6.RELEASE/spring-boot-starter-mail-2.3.6.RELEASE.jar:/home/runner/.m2/repository/org/springframework/spring-context-support/5.2.11.RELEASE/spring-context-support-5.2.11.RELEASE.jar:/home/runner/.m2/repository/com/sun/mail/jakarta.mail/1.6.5/jakarta.mail-1.6.5.jar:/home/runner/.m2/repository/org/projectlombok/lombok/1.18.30/lombok-1.18.30.jar:/home/runner/.m2/repository/org/flywaydb/flyway-core/5.2.4/flyway-core-5.2.4.jar:/home/runner/.m2/repository/javax/xml/bind/jaxb-api/2.3.0/jaxb-api-2.3.0.jar:/home/runner/.m2/repository/com/sun/xml/bind/jaxb-core/2.3.0/jaxb-core-2.3.0.jar:/home/runner/.m2/repository/com/sun/xml/bind/jaxb-impl/2.3.9/jaxb-impl-2.3.9.jar:/home/runner/.m2/repository/jakarta/xml/bind/jakarta.xml.bind-api/2.3.3/jakarta.xml.bind-api-2.3.3.jar:/home/runner/.m2/repository/com/sun/activation/jakarta.activation/1.2.2/jakarta.activation-1.2.2.jar:/home/runner/.m2/repository/io/jsonwebtoken/jjwt/0.12.0/jjwt-0.12.0.jar:/home/runner/.m2/repository/io/jsonwebtoken/jjwt-api/0.12.0/jjwt-api-0.12.0.jar:/home/runner/.m2/repository/io/jsonwebtoken/jjwt-impl/0.12.0/jjwt-impl-0.12.0.jar:/home/runner/.m2/repository/io/jsonwebtoken/jjwt-jackson/0.12.0/jjwt-jackson-0.12.0.jar:/home/runner/.m2/repository/org/modelmapper/modelmapper/2.3.9/modelmapper-2.3.9.jar:/home/runner/.m2/repository/javax/validation/validation-api/2.0.1.Final/validation-api-2.0.1.Final.jar:/home/runner/.m2/repository/org/hibernate/validator/hibernate-validator/6.1.6.Final/hibernate-validator-6.1.6.Final.jar:/home/runner/.m2/repository/jakarta/validation/jakarta.validation-api/2.0.2/jakarta.validation-api-2.0.2.jar:/home/runner/.m2/repository/org/jboss/logging/jboss-logging/3.4.1.Final/jboss-logging-3.4.1.Final.jar:/home/runner/.m2/repository/com/fasterxml/classmate/1.5.1/classmate-1.5.1.jar:/home/runner/.m2/repository/com/graphql-java/graphql-spring-boot-starter/5.0.2/graphql-spring-boot-starter-5.0.2.jar:/home/runner/.m2/repository/com/graphql-java/graphql-spring-boot-autoconfigure/5.0.2/graphql-spring-boot-autoconfigure-5.0.2.jar:/home/runner/.m2/repository/org/springframework/boot/spring-boot-configuration-processor/2.3.6.RELEASE/spring-boot-configuration-processor-2.3.6.RELEASE.jar:/home/runner/.m2/repository/com/graphql-java/graphql-java-servlet/6.1.2/graphql-java-servlet-6.1.2.jar:/home/runner/.m2/repository/javax/servlet/javax.servlet-api/4.0.1/javax.servlet-api-4.0.1.jar:/home/runner/.m2/repository/javax/websocket/javax.websocket-api/1.1/javax.websocket-api-1.1.jar:/home/runner/.m2/repository/commons-io/commons-io/2.6/commons-io-2.6.jar:/home/runner/.m2/repository/com/graphql-java/graphql-java-tools/5.2.4/graphql-java-tools-5.2.4.jar:/home/runner/.m2/repository/org/jetbrains/kotlin/kotlin-stdlib/1.3.72/kotlin-stdlib-1.3.72.jar:/home/runner/.m2/repository/org/jetbrains/kotlin/kotlin-stdlib-common/1.3.72/kotlin-stdlib-common-1.3.72.jar:/home/runner/.m2/repository/org/jetbrains/annotations/13.0/annotations-13.0.jar:/home/runner/.m2/repository/com/graphql-java/graphql-java/9.2/graphql-java-9.2.jar:/home/runner/.m2/repository/org/antlr/antlr4-runtime/4.7.1/antlr4-runtime-4.7.1.jar:/home/runner/.m2/repository/com/graphql-java/java-dataloader/2.0.2/java-dataloader-2.0.2.jar:/home/runner/.m2/repository/org/reactivestreams/reactive-streams/1.0.3/reactive-streams-1.0.3.jar:/home/runner/.m2/repository/com/fasterxml/jackson/core/jackson-core/2.11.3/jackson-core-2.11.3.jar:/home/runner/.m2/repository/com/fasterxml/jackson/module/jackson-module-kotlin/2.11.3/jackson-module-kotlin-2.11.3.jar:/home/runner/.m2/repository/com/fasterxml/jackson/core/jackson-annotations/2.11.3/jackson-annotations-2.11.3.jar:/home/runner/.m2/repository/org/jetbrains/kotlin/kotlin-reflect/1.3.72/kotlin-reflect-1.3.72.jar:/home/runner/.m2/repository/com/fasterxml/jackson/datatype/jackson-datatype-jdk8/2.11.3/jackson-datatype-jdk8-2.11.3.jar:/home/runner/.m2/repository/com/esotericsoftware/reflectasm/1.11.7/reflectasm-1.11.7.jar:/home/runner/.m2/repository/org/apache/commons/commons-lang3/3.10/commons-lang3-3.10.jar:/home/runner/.m2/repository/com/google/guava/guava/26.0-jre/guava-26.0-jre.jar:/home/runner/.m2/repository/com/google/code/findbugs/jsr305/3.0.2/jsr305-3.0.2.jar:/home/runner/.m2/repository/com/google/errorprone/error_prone_annotations/2.1.3/error_prone_annotations-2.1.3.jar:/home/runner/.m2/repository/com/google/j2objc/j2objc-annotations/1.1/j2objc-annotations-1.1.jar:/home/runner/.m2/repository/org/codehaus/mojo/animal-sniffer-annotations/1.14/animal-sniffer-annotations-1.14.jar:/home/runner/.m2/repository/org/slf4j/slf4j-api/1.7.30/slf4j-api-1.7.30.jar:/home/runner/.m2/repository/org/springframework/boot/spring-boot-starter-aop/2.7.18/spring-boot-starter-aop-2.7.18.jar:/home/runner/.m2/repository/org/aspectj/aspectjweaver/1.9.6/aspectjweaver-1.9.6.jar:/home/runner/.m2/repository/io/springfox/springfox-swagger-common/2.9.2/springfox-swagger-common-2.9.2.jar:/home/runner/.m2/repository/io/swagger/swagger-annotations/1.5.20/swagger-annotations-1.5.20.jar:/home/runner/.m2/repository/io/swagger/swagger-models/1.5.20/swagger-models-1.5.20.jar:/home/runner/.m2/repository/io/springfox/springfox-spi/2.9.2/springfox-spi-2.9.2.jar:/home/runner/.m2/repository/io/springfox/springfox-core/2.9.2/springfox-core-2.9.2.jar:/home/runner/.m2/repository/io/springfox/springfox-schema/2.9.2/springfox-schema-2.9.2.jar:/home/runner/.m2/repository/io/springfox/springfox-spring-web/2.9.2/springfox-spring-web-2.9.2.jar:/home/runner/.m2/repository/org/springframework/plugin/spring-plugin-core/1.2.0.RELEASE/spring-plugin-core-1.2.0.RELEASE.jar:/home/runner/.m2/repository/org/springframework/plugin/spring-plugin-metadata/1.2.0.RELEASE/spring-plugin-metadata-1.2.0.RELEASE.jar:/home/runner/.m2/repository/io/springfox/springfox-swagger2/2.9.2/springfox-swagger2-2.9.2.jar:/home/runner/.m2/repository/org/mapstruct/mapstruct/1.2.0.Final/mapstruct-1.2.0.Final.jar:/home/runner/.m2/repository/io/springfox/springfox-swagger-ui/2.10.0/springfox-swagger-ui-2.10.0.jar:/home/runner/.m2/repository/io/springfox/springfox-bean-validators/2.9.2/springfox-bean-validators-2.9.2.jar:/home/runner/.m2/repository/org/springframework/boot/spring-boot-starter-websocket/2.3.6.RELEASE/spring-boot-starter-websocket-2.3.6.RELEASE.jar:/home/runner/.m2/repository/org/springframework/spring-messaging/5.2.11.RELEASE/spring-messaging-5.2.11.RELEASE.jar:/home/runner/.m2/repository/org/springframework/spring-websocket/5.2.11.RELEASE/spring-websocket-5.2.11.RELEASE.jar:/home/runner/.m2/repository/com/amazonaws/aws-java-sdk/1.12.785/aws-java-sdk-1.12.785.jar:/home/runner/.m2/repository/com/amazonaws/aws-java-sdk-qapps/1.12.785/aws-java-sdk-qapps-1.12.785.jar:/home/runner/.m2/repository/com/amazonaws/jmespath-java/1.12.785/jmespath-java-1.12.785.jar:/home/runner/.m2/repository/com/amazonaws/aws-java-sdk-apptest/1.12.785/aws-java-sdk-apptest-1.12.785.jar:/home/runner/.m2/repository/com/amazonaws/aws-java-sdk-pcaconnectorscep/1.12.785/aws-java-sdk-pcaconnectorscep-1.12.785.jar:/home/runner/.m2/repository/com/amazonaws/aws-java-sdk-applicationsignals/1.12.785/aws-java-sdk-applicationsignals-1.12.785.jar:/home/runner/.m2/repository/com/amazonaws/aws-java-sdk-taxsettings/1.12.785/aws-java-sdk-taxsettings-1.12.785.jar:/home/runner/.m2/repository/com/amazonaws/aws-java-sdk-mailmanager/1.12.785/aws-java-sdk-mailmanager-1.12.785.jar:/home/runner/.m2/repository/com/amazonaws/aws-java-sdk-route53profiles/1.12.785/aws-java-sdk-route53profiles-1.12.785.jar:/home/runner/.m2/repository/com/amazonaws/aws-java-sdk-controlcatalog/1.12.785/aws-java-sdk-controlcatalog-1.12.785.jar:/home/runner/.m2/repository/com/amazonaws/aws-java-sdk-deadline/1.12.785/aws-java-sdk-deadline-1.12.785.jar:/home/runner/.m2/repository/com/amazonaws/aws-java-sdk-codeconnections/1.12.785/aws-java-sdk-codeconnections-1.12.785.jar:/home/runner/.m2/repository/com/amazonaws/aws-java-sdk-timestreaminfluxdb/1.12.785/aws-java-sdk-timestreaminfluxdb-1.12.785.jar:/home/runner/.m2/repository/com/amazonaws/aws-java-sdk-chatbot/1.12.785/aws-java-sdk-chatbot-1.12.785.jar:/home/runner/.m2/repository/com/amazonaws/aws-java-sdk-artifact/1.12.785/aws-java-sdk-artifact-1.12.785.jar:/home/runner/.m2/repository/com/amazonaws/aws-java-sdk-supplychain/1.12.785/aws-java-sdk-supplychain-1.12.785.jar:/home/runner/.m2/repository/com/amazonaws/aws-java-sdk-networkmonitor/1.12.785/aws-java-sdk-networkmonitor-1.12.785.jar:/home/runner/.m2/repository/com/amazonaws/aws-java-sdk-marketplaceagreement/1.12.785/aws-java-sdk-marketplaceagreement-1.12.785.jar:/home/runner/.m2/repository/com/amazonaws/aws-java-sdk-marketplacedeployment/1.12.785/aws-java-sdk-marketplacedeployment-1.12.785.jar:/home/runner/.m2/repository/com/amazonaws/aws-java-sdk-cleanroomsml/1.12.785/aws-java-sdk-cleanroomsml-1.12.785.jar:/home/runner/.m2/repository/com/amazonaws/aws-java-sdk-bedrockagent/1.12.785/aws-java-sdk-bedrockagent-1.12.785.jar:/home/runner/.m2/repository/com/amazonaws/aws-java-sdk-qconnect/1.12.785/aws-java-sdk-qconnect-1.12.785.jar:/home/runner/.m2/repository/com/amazonaws/aws-java-sdk-qbusiness/1.12.785/aws-java-sdk-qbusiness-1.12.785.jar:/home/runner/.m2/repository/com/amazonaws/aws-java-sdk-bedrockagentruntime/1.12.785/aws-java-sdk-bedrockagentruntime-1.12.785.jar:/home/runner/.m2/repository/com/amazonaws/aws-java-sdk-b2bi/1.12.785/aws-java-sdk-b2bi-1.12.785.jar:/home/runner/.m2/repository/com/amazonaws/aws-java-sdk-workspacesthinclient/1.12.785/aws-java-sdk-workspacesthinclient-1.12.785.jar:/home/runner/.m2/repository/com/amazonaws/aws-java-sdk-eksauth/1.12.785/aws-java-sdk-eksauth-1.12.785.jar:/home/runner/.m2/repository/com/amazonaws/aws-java-sdk-freetier/1.12.785/aws-java-sdk-freetier-1.12.785.jar:/home/runner/.m2/repository/com/amazonaws/aws-java-sdk-bcmdataexports/1.12.785/aws-java-sdk-bcmdataexports-1.12.785.jar:/home/runner/.m2/repository/com/amazonaws/aws-java-sdk-repostspace/1.12.785/aws-java-sdk-repostspace-1.12.785.jar:/home/runner/.m2/repository/com/amazonaws/aws-java-sdk-costoptimizationhub/1.12.785/aws-java-sdk-costoptimizationhub-1.12.785.jar:/home/runner/.m2/repository/com/amazonaws/aws-java-sdk-inspectorscan/1.12.785/aws-java-sdk-inspectorscan-1.12.785.jar:/home/runner/.m2/repository/com/amazonaws/aws-java-sdk-trustedadvisor/1.12.785/aws-java-sdk-trustedadvisor-1.12.785.jar:/home/runner/.m2/repository/com/amazonaws/aws-java-sdk-launchwizard/1.12.785/aws-java-sdk-launchwizard-1.12.785.jar:/home/runner/.m2/repository/com/amazonaws/aws-java-sdk-datazoneexternal/1.12.785/aws-java-sdk-datazoneexternal-1.12.785.jar:/home/runner/.m2/repository/com/amazonaws/aws-java-sdk-bedrock/1.12.785/aws-java-sdk-bedrock-1.12.785.jar:/home/runner/.m2/repository/com/amazonaws/aws-java-sdk-bedrockruntime/1.12.785/aws-java-sdk-bedrockruntime-1.12.785.jar:/home/runner/.m2/repository/com/amazonaws/aws-java-sdk-neptunedata/1.12.785/aws-java-sdk-neptunedata-1.12.785.jar:/home/runner/.m2/repository/com/amazonaws/aws-java-sdk-pcaconnectorad/1.12.785/aws-java-sdk-pcaconnectorad-1.12.785.jar:/home/runner/.m2/repository/com/amazonaws/aws-java-sdk-managedblockchainquery/1.12.785/aws-java-sdk-managedblockchainquery-1.12.785.jar:/home/runner/.m2/repository/com/amazonaws/aws-java-sdk-entityresolution/1.12.785/aws-java-sdk-entityresolution-1.12.785.jar:/home/runner/.m2/repository/com/amazonaws/aws-java-sdk-medicalimaging/1.12.785/aws-java-sdk-medicalimaging-1.12.785.jar:/home/runner/.m2/repository/com/amazonaws/aws-java-sdk-appfabric/1.12.785/aws-java-sdk-appfabric-1.12.785.jar:/home/runner/.m2/repository/com/amazonaws/aws-java-sdk-verifiedpermissions/1.12.785/aws-java-sdk-verifiedpermissions-1.12.785.jar:/home/runner/.m2/repository/com/amazonaws/aws-java-sdk-codegurusecurity/1.12.785/aws-java-sdk-codegurusecurity-1.12.785.jar:/home/runner/.m2/repository/com/amazonaws/aws-java-sdk-paymentcryptography/1.12.785/aws-java-sdk-paymentcryptography-1.12.785.jar:/home/runner/.m2/repository/com/amazonaws/aws-java-sdk-paymentcryptographydata/1.12.785/aws-java-sdk-paymentcryptographydata-1.12.785.jar:/home/runner/.m2/repository/com/amazonaws/aws-java-sdk-mediapackagev2/1.12.785/aws-java-sdk-mediapackagev2-1.12.785.jar:/home/runner/.m2/repository/com/amazonaws/aws-java-sdk-osis/1.12.785/aws-java-sdk-osis-1.12.785.jar:/home/runner/.m2/repository/com/amazonaws/aws-java-sdk-vpclattice/1.12.785/aws-java-sdk-vpclattice-1.12.785.jar:/home/runner/.m2/repository/com/amazonaws/aws-java-sdk-ivsrealtime/1.12.785/aws-java-sdk-ivsrealtime-1.12.785.jar:/home/runner/.m2/repository/com/amazonaws/aws-java-sdk-internetmonitor/1.12.785/aws-java-sdk-internetmonitor-1.12.785.jar:/home/runner/.m2/repository/com/amazonaws/aws-java-sdk-tnb/1.12.785/aws-java-sdk-tnb-1.12.785.jar:/home/runner/.m2/repository/com/amazonaws/aws-java-sdk-cloudtraildata/1.12.785/aws-java-sdk-cloudtraildata-1.12.785.jar:/home/runner/.m2/repository/com/amazonaws/aws-java-sdk-cleanrooms/1.12.785/aws-java-sdk-cleanrooms-1.12.785.jar:/home/runner/.m2/repository/com/amazonaws/aws-java-sdk-kendraranking/1.12.785/aws-java-sdk-kendraranking-1.12.785.jar:/home/runner/.m2/repository/com/amazonaws/aws-java-sdk-licensemanagerlinuxsubscriptions/1.12.785/aws-java-sdk-licensemanagerlinuxsubscriptions-1.12.785.jar:/home/runner/.m2/repository/com/amazonaws/aws-java-sdk-kinesisvideowebrtcstorage/1.12.785/aws-java-sdk-kinesisvideowebrtcstorage-1.12.785.jar:/home/runner/.m2/repository/com/amazonaws/aws-java-sdk-sagemakermetrics/1.12.785/aws-java-sdk-sagemakermetrics-1.12.785.jar:/home/runner/.m2/repository/com/amazonaws/aws-java-sdk-pipes/1.12.785/aws-java-sdk-pipes-1.12.785.jar:/home/runner/.m2/repository/com/amazonaws/aws-java-sdk-sagemakergeospatial/1.12.785/aws-java-sdk-sagemakergeospatial-1.12.785.jar:/home/runner/.m2/repository/com/amazonaws/aws-java-sdk-docdbelastic/1.12.785/aws-java-sdk-docdbelastic-1.12.785.jar:/home/runner/.m2/repository/com/amazonaws/aws-java-sdk-omics/1.12.785/aws-java-sdk-omics-1.12.785.jar:/home/runner/.m2/repository/com/amazonaws/aws-java-sdk-opensearchserverless/1.12.785/aws-java-sdk-opensearchserverless-1.12.785.jar:/home/runner/.m2/repository/com/amazonaws/aws-java-sdk-securitylake/1.12.785/aws-java-sdk-securitylake-1.12.785.jar:/home/runner/.m2/repository/com/amazonaws/aws-java-sdk-simspaceweaver/1.12.785/aws-java-sdk-simspaceweaver-1.12.785.jar:/home/runner/.m2/repository/com/amazonaws/aws-java-sdk-arczonalshift/1.12.785/aws-java-sdk-arczonalshift-1.12.785.jar:/home/runner/.m2/repository/com/amazonaws/aws-java-sdk-oam/1.12.785/aws-java-sdk-oam-1.12.785.jar:/home/runner/.m2/repository/com/amazonaws/aws-java-sdk-chimesdkvoice/1.12.785/aws-java-sdk-chimesdkvoice-1.12.785.jar:/home/runner/.m2/repository/com/amazonaws/aws-java-sdk-ssmsap/1.12.785/aws-java-sdk-ssmsap-1.12.785.jar:/home/runner/.m2/repository/com/amazonaws/aws-java-sdk-scheduler/1.12.785/aws-java-sdk-scheduler-1.12.785.jar:/home/runner/.m2/repository/com/amazonaws/aws-java-sdk-resourceexplorer2/1.12.785/aws-java-sdk-resourceexplorer2-1.12.785.jar:/home/runner/.m2/repository/com/amazonaws/aws-java-sdk-connectcases/1.12.785/aws-java-sdk-connectcases-1.12.785.jar:/home/runner/.m2/repository/com/amazonaws/aws-java-sdk-migrationhuborchestrator/1.12.785/aws-java-sdk-migrationhuborchestrator-1.12.785.jar:/home/runner/.m2/repository/com/amazonaws/aws-java-sdk-iotfleetwise/1.12.785/aws-java-sdk-iotfleetwise-1.12.785.jar:/home/runner/.m2/repository/com/amazonaws/aws-java-sdk-controltower/1.12.785/aws-java-sdk-controltower-1.12.785.jar:/home/runner/.m2/repository/com/amazonaws/aws-java-sdk-supportapp/1.12.785/aws-java-sdk-supportapp-1.12.785.jar:/home/runner/.m2/repository/com/amazonaws/aws-java-sdk-private5g/1.12.785/aws-java-sdk-private5g-1.12.785.jar:/home/runner/.m2/repository/com/amazonaws/aws-java-sdk-licensemanagerusersubscriptions/1.12.785/aws-java-sdk-licensemanagerusersubscriptions-1.12.785.jar:/home/runner/.m2/repository/com/amazonaws/aws-java-sdk-iamrolesanywhere/1.12.785/aws-java-sdk-iamrolesanywhere-1.12.785.jar:/home/runner/.m2/repository/com/amazonaws/aws-java-sdk-redshiftserverless/1.12.785/aws-java-sdk-redshiftserverless-1.12.785.jar:/home/runner/.m2/repository/com/amazonaws/aws-java-sdk-connectcampaign/1.12.785/aws-java-sdk-connectcampaign-1.12.785.jar:/home/runner/.m2/repository/com/amazonaws/aws-java-sdk-mainframemodernization/1.12.785/aws-java-sdk-mainframemodernization-1.12.785.jar:/home/runner/.m2/repository/com/amazonaws/aws-java-sdk-emrserverless/1.12.785/aws-java-sdk-emrserverless-1.12.785.jar:/home/runner/.m2/repository/com/amazonaws/aws-java-sdk-chimesdkmediapipelines/1.12.785/aws-java-sdk-chimesdkmediapipelines-1.12.785.jar:/home/runner/.m2/repository/com/amazonaws/aws-java-sdk-ivschat/1.12.785/aws-java-sdk-ivschat-1.12.785.jar:/home/runner/.m2/repository/com/amazonaws/aws-java-sdk-pinpointsmsvoicev2/1.12.785/aws-java-sdk-pinpointsmsvoicev2-1.12.785.jar:/home/runner/.m2/repository/com/amazonaws/aws-java-sdk-billingconductor/1.12.785/aws-java-sdk-billingconductor-1.12.785.jar:/home/runner/.m2/repository/com/amazonaws/aws-java-sdk-keyspaces/1.12.785/aws-java-sdk-keyspaces-1.12.785.jar:/home/runner/.m2/repository/com/amazonaws/aws-java-sdk-amplifyuibuilder/1.12.785/aws-java-sdk-amplifyuibuilder-1.12.785.jar:/home/runner/.m2/repository/com/amazonaws/aws-java-sdk-backupgateway/1.12.785/aws-java-sdk-backupgateway-1.12.785.jar:/home/runner/.m2/repository/com/amazonaws/aws-java-sdk-workspacesweb/1.12.785/aws-java-sdk-workspacesweb-1.12.785.jar:/home/runner/.m2/repository/com/amazonaws/aws-java-sdk-iottwinmaker/1.12.785/aws-java-sdk-iottwinmaker-1.12.785.jar:/home/runner/.m2/repository/com/amazonaws/aws-java-sdk-recyclebin/1.12.785/aws-java-sdk-recyclebin-1.12.785.jar:/home/runner/.m2/repository/com/amazonaws/aws-java-sdk-cloudwatchrum/1.12.785/aws-java-sdk-cloudwatchrum-1.12.785.jar:/home/runner/.m2/repository/com/amazonaws/aws-java-sdk-cloudwatchevidently/1.12.785/aws-java-sdk-cloudwatchevidently-1.12.785.jar:/home/runner/.m2/repository/com/amazonaws/aws-java-sdk-inspector2/1.12.785/aws-java-sdk-inspector2-1.12.785.jar:/home/runner/.m2/repository/com/amazonaws/aws-java-sdk-migrationhubrefactorspaces/1.12.785/aws-java-sdk-migrationhubrefactorspaces-1.12.785.jar:/home/runner/.m2/repository/com/amazonaws/aws-java-sdk-appconfigdata/1.12.785/aws-java-sdk-appconfigdata-1.12.785.jar:/home/runner/.m2/repository/com/amazonaws/aws-java-sdk-drs/1.12.785/aws-java-sdk-drs-1.12.785.jar:/home/runner/.m2/repository/com/amazonaws/aws-java-sdk-migrationhubstrategyrecommendations/1.12.785/aws-java-sdk-migrationhubstrategyrecommendations-1.12.785.jar:/home/runner/.m2/repository/com/amazonaws/aws-java-sdk-resiliencehub/1.12.785/aws-java-sdk-resiliencehub-1.12.785.jar:/home/runner/.m2/repository/com/amazonaws/aws-java-sdk-chimesdkmeetings/1.12.785/aws-java-sdk-chimesdkmeetings-1.12.785.jar:/home/runner/.m2/repository/com/amazonaws/aws-java-sdk-panorama/1.12.785/aws-java-sdk-panorama-1.12.785.jar:/home/runner/.m2/repository/com/amazonaws/aws-java-sdk-managedgrafana/1.12.785/aws-java-sdk-managedgrafana-1.12.785.jar:/home/runner/.m2/repository/com/amazonaws/aws-java-sdk-cloudcontrolapi/1.12.785/aws-java-sdk-cloudcontrolapi-1.12.785.jar:/home/runner/.m2/repository/com/amazonaws/aws-java-sdk-account/1.12.785/aws-java-sdk-account-1.12.785.jar:/home/runner/.m2/repository/com/amazonaws/aws-java-sdk-voiceid/1.12.785/aws-java-sdk-voiceid-1.12.785.jar:/home/runner/.m2/repository/com/amazonaws/aws-java-sdk-connectwisdom/1.12.785/aws-java-sdk-connectwisdom-1.12.785.jar:/home/runner/.m2/repository/com/amazonaws/aws-java-sdk-kafkaconnect/1.12.785/aws-java-sdk-kafkaconnect-1.12.785.jar:/home/runner/.m2/repository/com/amazonaws/aws-java-sdk-opensearch/1.12.785/aws-java-sdk-opensearch-1.12.785.jar:/home/runner/.m2/repository/com/amazonaws/aws-java-sdk-memorydb/1.12.785/aws-java-sdk-memorydb-1.12.785.jar:/home/runner/.m2/repository/com/amazonaws/aws-java-sdk-snowdevicemanagement/1.12.785/aws-java-sdk-snowdevicemanagement-1.12.785.jar:/home/runner/.m2/repository/com/amazonaws/aws-java-sdk-chimesdkidentity/1.12.785/aws-java-sdk-chimesdkidentity-1.12.785.jar:/home/runner/.m2/repository/com/amazonaws/aws-java-sdk-chimesdkmessaging/1.12.785/aws-java-sdk-chimesdkmessaging-1.12.785.jar:/home/runner/.m2/repository/com/amazonaws/aws-java-sdk-route53recoverycluster/1.12.785/aws-java-sdk-route53recoverycluster-1.12.785.jar:/home/runner/.m2/repository/com/amazonaws/aws-java-sdk-route53recoverycontrolconfig/1.12.785/aws-java-sdk-route53recoverycontrolconfig-1.12.785.jar:/home/runner/.m2/repository/com/amazonaws/aws-java-sdk-route53recoveryreadiness/1.12.785/aws-java-sdk-route53recoveryreadiness-1.12.785.jar:/home/runner/.m2/repository/com/amazonaws/aws-java-sdk-proton/1.12.785/aws-java-sdk-proton-1.12.785.jar:/home/runner/.m2/repository/com/amazonaws/aws-java-sdk-apprunner/1.12.785/aws-java-sdk-apprunner-1.12.785.jar:/home/runner/.m2/repository/com/amazonaws/aws-java-sdk-applicationcostprofiler/1.12.785/aws-java-sdk-applicationcostprofiler-1.12.785.jar:/home/runner/.m2/repository/com/amazonaws/aws-java-sdk-ssmcontacts/1.12.785/aws-java-sdk-ssmcontacts-1.12.785.jar:/home/runner/.m2/repository/com/amazonaws/aws-java-sdk-ssmincidents/1.12.785/aws-java-sdk-ssmincidents-1.12.785.jar:/home/runner/.m2/repository/com/amazonaws/aws-java-sdk-finspacedata/1.12.785/aws-java-sdk-finspacedata-1.12.785.jar:/home/runner/.m2/repository/com/amazonaws/aws-java-sdk-finspace/1.12.785/aws-java-sdk-finspace-1.12.785.jar:/home/runner/.m2/repository/com/amazonaws/aws-java-sdk-nimblestudio/1.12.785/aws-java-sdk-nimblestudio-1.12.785.jar:/home/runner/.m2/repository/com/amazonaws/aws-java-sdk-lookoutequipment/1.12.785/aws-java-sdk-lookoutequipment-1.12.785.jar:/home/runner/.m2/repository/com/amazonaws/aws-java-sdk-mgn/1.12.785/aws-java-sdk-mgn-1.12.785.jar:/home/runner/.m2/repository/com/amazonaws/aws-java-sdk-lookoutmetrics/1.12.785/aws-java-sdk-lookoutmetrics-1.12.785.jar:/home/runner/.m2/repository/com/amazonaws/aws-java-sdk-fis/1.12.785/aws-java-sdk-fis-1.12.785.jar:/home/runner/.m2/repository/com/amazonaws/aws-java-sdk-lexmodelsv2/1.12.785/aws-java-sdk-lexmodelsv2-1.12.785.jar:/home/runner/.m2/repository/com/amazonaws/aws-java-sdk-lexruntimev2/1.12.785/aws-java-sdk-lexruntimev2-1.12.785.jar:/home/runner/.m2/repository/com/amazonaws/aws-java-sdk-wellarchitected/1.12.785/aws-java-sdk-wellarchitected-1.12.785.jar:/home/runner/.m2/repository/com/amazonaws/aws-java-sdk-location/1.12.785/aws-java-sdk-location-1.12.785.jar:/home/runner/.m2/repository/com/amazonaws/aws-java-sdk-iotdeviceadvisor/1.12.785/aws-java-sdk-iotdeviceadvisor-1.12.785.jar:/home/runner/.m2/repository/com/amazonaws/aws-java-sdk-iotfleethub/1.12.785/aws-java-sdk-iotfleethub-1.12.785.jar:/home/runner/.m2/repository/com/amazonaws/aws-java-sdk-iotwireless/1.12.785/aws-java-sdk-iotwireless-1.12.785.jar:/home/runner/.m2/repository/com/amazonaws/aws-java-sdk-greengrassv2/1.12.785/aws-java-sdk-greengrassv2-1.12.785.jar:/home/runner/.m2/repository/com/amazonaws/aws-java-sdk-prometheus/1.12.785/aws-java-sdk-prometheus-1.12.785.jar:/home/runner/.m2/repository/com/amazonaws/aws-java-sdk-auditmanager/1.12.785/aws-java-sdk-auditmanager-1.12.785.jar:/home/runner/.m2/repository/com/amazonaws/aws-java-sdk-healthlake/1.12.785/aws-java-sdk-healthlake-1.12.785.jar:/home/runner/.m2/repository/com/amazonaws/aws-java-sdk-sagemakeredgemanager/1.12.785/aws-java-sdk-sagemakeredgemanager-1.12.785.jar:/home/runner/.m2/repository/com/amazonaws/aws-java-sdk-emrcontainers/1.12.785/aws-java-sdk-emrcontainers-1.12.785.jar:/home/runner/.m2/repository/com/amazonaws/aws-java-sdk-customerprofiles/1.12.785/aws-java-sdk-customerprofiles-1.12.785.jar:/home/runner/.m2/repository/com/amazonaws/aws-java-sdk-lookoutforvision/1.12.785/aws-java-sdk-lookoutforvision-1.12.785.jar:/home/runner/.m2/repository/com/amazonaws/aws-java-sdk-connectcontactlens/1.12.785/aws-java-sdk-connectcontactlens-1.12.785.jar:/home/runner/.m2/repository/com/amazonaws/aws-java-sdk-amplifybackend/1.12.785/aws-java-sdk-amplifybackend-1.12.785.jar:/home/runner/.m2/repository/com/amazonaws/aws-java-sdk-ecrpublic/1.12.785/aws-java-sdk-ecrpublic-1.12.785.jar:/home/runner/.m2/repository/com/amazonaws/aws-java-sdk-appintegrations/1.12.785/aws-java-sdk-appintegrations-1.12.785.jar:/home/runner/.m2/repository/com/amazonaws/aws-java-sdk-sagemakerfeaturestoreruntime/1.12.785/aws-java-sdk-sagemakerfeaturestoreruntime-1.12.785.jar:/home/runner/.m2/repository/com/amazonaws/aws-java-sdk-devopsguru/1.12.785/aws-java-sdk-devopsguru-1.12.785.jar:/home/runner/.m2/repository/com/amazonaws/aws-java-sdk-mwaa/1.12.785/aws-java-sdk-mwaa-1.12.785.jar:/home/runner/.m2/repository/com/amazonaws/aws-java-sdk-networkfirewall/1.12.785/aws-java-sdk-networkfirewall-1.12.785.jar:/home/runner/.m2/repository/com/amazonaws/aws-java-sdk-appregistry/1.12.785/aws-java-sdk-appregistry-1.12.785.jar:/home/runner/.m2/repository/com/amazonaws/aws-java-sdk-gluedatabrew/1.12.785/aws-java-sdk-gluedatabrew-1.12.785.jar:/home/runner/.m2/repository/com/amazonaws/aws-java-sdk-s3outposts/1.12.785/aws-java-sdk-s3outposts-1.12.785.jar:/home/runner/.m2/repository/com/amazonaws/aws-java-sdk-timestreamquery/1.12.785/aws-java-sdk-timestreamquery-1.12.785.jar:/home/runner/.m2/repository/com/amazonaws/aws-java-sdk-timestreamwrite/1.12.785/aws-java-sdk-timestreamwrite-1.12.785.jar:/home/runner/.m2/repository/com/amazonaws/aws-java-sdk-ssoadmin/1.12.785/aws-java-sdk-ssoadmin-1.12.785.jar:/home/runner/.m2/repository/com/amazonaws/aws-java-sdk-redshiftdataapi/1.12.785/aws-java-sdk-redshiftdataapi-1.12.785.jar:/home/runner/.m2/repository/com/amazonaws/aws-java-sdk-appflow/1.12.785/aws-java-sdk-appflow-1.12.785.jar:/home/runner/.m2/repository/com/amazonaws/aws-java-sdk-identitystore/1.12.785/aws-java-sdk-identitystore-1.12.785.jar:/home/runner/.m2/repository/com/amazonaws/aws-java-sdk-braket/1.12.785/aws-java-sdk-braket-1.12.785.jar:/home/runner/.m2/repository/com/amazonaws/aws-java-sdk-ivs/1.12.785/aws-java-sdk-ivs-1.12.785.jar:/home/runner/.m2/repository/com/amazonaws/aws-java-sdk-codeartifact/1.12.785/aws-java-sdk-codeartifact-1.12.785.jar:/home/runner/.m2/repository/com/amazonaws/aws-java-sdk-macie2/1.12.785/aws-java-sdk-macie2-1.12.785.jar:/home/runner/.m2/repository/com/amazonaws/aws-java-sdk-iotsitewise/1.12.785/aws-java-sdk-iotsitewise-1.12.785.jar:/home/runner/.m2/repository/com/amazonaws/aws-java-sdk-synthetics/1.12.785/aws-java-sdk-synthetics-1.12.785.jar:/home/runner/.m2/repository/com/amazonaws/aws-java-sdk-codestarconnections/1.12.785/aws-java-sdk-codestarconnections-1.12.785.jar:/home/runner/.m2/repository/com/amazonaws/aws-java-sdk-detective/1.12.785/aws-java-sdk-detective-1.12.785.jar:/home/runner/.m2/repository/com/amazonaws/aws-java-sdk-kinesisvideosignalingchannels/1.12.785/aws-java-sdk-kinesisvideosignalingchannels-1.12.785.jar:/home/runner/.m2/repository/com/amazonaws/aws-java-sdk-ebs/1.12.785/aws-java-sdk-ebs-1.12.785.jar:/home/runner/.m2/repository/com/amazonaws/aws-java-sdk-augmentedairuntime/1.12.785/aws-java-sdk-augmentedairuntime-1.12.785.jar:/home/runner/.m2/repository/com/amazonaws/aws-java-sdk-outposts/1.12.785/aws-java-sdk-outposts-1.12.785.jar:/home/runner/.m2/repository/com/amazonaws/aws-java-sdk-codeguruprofiler/1.12.785/aws-java-sdk-codeguruprofiler-1.12.785.jar:/home/runner/.m2/repository/com/amazonaws/aws-java-sdk-codegurureviewer/1.12.785/aws-java-sdk-codegurureviewer-1.12.785.jar:/home/runner/.m2/repository/com/amazonaws/aws-java-sdk-frauddetector/1.12.785/aws-java-sdk-frauddetector-1.12.785.jar:/home/runner/.m2/repository/com/amazonaws/aws-java-sdk-kendra/1.12.785/aws-java-sdk-kendra-1.12.785.jar:/home/runner/.m2/repository/com/amazonaws/aws-java-sdk-networkmanager/1.12.785/aws-java-sdk-networkmanager-1.12.785.jar:/home/runner/.m2/repository/com/amazonaws/aws-java-sdk-computeoptimizer/1.12.785/aws-java-sdk-computeoptimizer-1.12.785.jar:/home/runner/.m2/repository/com/amazonaws/aws-java-sdk-accessanalyzer/1.12.785/aws-java-sdk-accessanalyzer-1.12.785.jar:/home/runner/.m2/repository/com/amazonaws/aws-java-sdk-schemas/1.12.785/aws-java-sdk-schemas-1.12.785.jar:/home/runner/.m2/repository/com/amazonaws/aws-java-sdk-imagebuilder/1.12.785/aws-java-sdk-imagebuilder-1.12.785.jar:/home/runner/.m2/repository/com/amazonaws/aws-java-sdk-elasticinference/1.12.785/aws-java-sdk-elasticinference-1.12.785.jar:/home/runner/.m2/repository/com/amazonaws/aws-java-sdk-iotsecuretunneling/1.12.785/aws-java-sdk-iotsecuretunneling-1.12.785.jar:/home/runner/.m2/repository/com/amazonaws/aws-java-sdk-appconfig/1.12.785/aws-java-sdk-appconfig-1.12.785.jar:/home/runner/.m2/repository/com/amazonaws/aws-java-sdk-wafv2/1.12.785/aws-java-sdk-wafv2-1.12.785.jar:/home/runner/.m2/repository/com/amazonaws/aws-java-sdk-connectparticipant/1.12.785/aws-java-sdk-connectparticipant-1.12.785.jar:/home/runner/.m2/repository/com/amazonaws/aws-java-sdk-migrationhubconfig/1.12.785/aws-java-sdk-migrationhubconfig-1.12.785.jar:/home/runner/.m2/repository/com/amazonaws/aws-java-sdk-dataexchange/1.12.785/aws-java-sdk-dataexchange-1.12.785.jar:/home/runner/.m2/repository/com/amazonaws/aws-java-sdk-sesv2/1.12.785/aws-java-sdk-sesv2-1.12.785.jar:/home/runner/.m2/repository/com/amazonaws/aws-java-sdk-marketplacecatalog/1.12.785/aws-java-sdk-marketplacecatalog-1.12.785.jar:/home/runner/.m2/repository/com/amazonaws/aws-java-sdk-ssooidc/1.12.785/aws-java-sdk-ssooidc-1.12.785.jar:/home/runner/.m2/repository/com/amazonaws/aws-java-sdk-sso/1.12.785/aws-java-sdk-sso-1.12.785.jar:/home/runner/.m2/repository/com/amazonaws/aws-java-sdk-savingsplans/1.12.785/aws-java-sdk-savingsplans-1.12.785.jar:/home/runner/.m2/repository/com/amazonaws/aws-java-sdk-codestarnotifications/1.12.785/aws-java-sdk-codestarnotifications-1.12.785.jar:/home/runner/.m2/repository/com/amazonaws/aws-java-sdk-workmailmessageflow/1.12.785/aws-java-sdk-workmailmessageflow-1.12.785.jar:/home/runner/.m2/repository/com/amazonaws/aws-java-sdk-qldbsession/1.12.785/aws-java-sdk-qldbsession-1.12.785.jar:/home/runner/.m2/repository/com/amazonaws/aws-java-sdk-qldb/1.12.785/aws-java-sdk-qldb-1.12.785.jar:/home/runner/.m2/repository/com/amazonaws/aws-java-sdk-forecastquery/1.12.785/aws-java-sdk-forecastquery-1.12.785.jar:/home/runner/.m2/repository/com/amazonaws/aws-java-sdk-forecast/1.12.785/aws-java-sdk-forecast-1.12.785.jar:/home/runner/.m2/repository/com/amazonaws/aws-java-sdk-lakeformation/1.12.785/aws-java-sdk-lakeformation-1.12.785.jar:/home/runner/.m2/repository/com/amazonaws/aws-java-sdk-eventbridge/1.12.785/aws-java-sdk-eventbridge-1.12.785.jar:/home/runner/.m2/repository/com/amazonaws/aws-java-sdk-ec2instanceconnect/1.12.785/aws-java-sdk-ec2instanceconnect-1.12.785.jar:/home/runner/.m2/repository/com/amazonaws/aws-java-sdk-applicationinsights/1.12.785/aws-java-sdk-applicationinsights-1.12.785.jar:/home/runner/.m2/repository/com/amazonaws/aws-java-sdk-servicequotas/1.12.785/aws-java-sdk-servicequotas-1.12.785.jar:/home/runner/.m2/repository/com/amazonaws/aws-java-sdk-personalizeevents/1.12.785/aws-java-sdk-personalizeevents-1.12.785.jar:/home/runner/.m2/repository/com/amazonaws/aws-java-sdk-personalize/1.12.785/aws-java-sdk-personalize-1.12.785.jar:/home/runner/.m2/repository/com/amazonaws/aws-java-sdk-personalizeruntime/1.12.785/aws-java-sdk-personalizeruntime-1.12.785.jar:/home/runner/.m2/repository/com/amazonaws/aws-java-sdk-ioteventsdata/1.12.785/aws-java-sdk-ioteventsdata-1.12.785.jar:/home/runner/.m2/repository/com/amazonaws/aws-java-sdk-iotevents/1.12.785/aws-java-sdk-iotevents-1.12.785.jar:/home/runner/.m2/repository/com/amazonaws/aws-java-sdk-iotthingsgraph/1.12.785/aws-java-sdk-iotthingsgraph-1.12.785.jar:/home/runner/.m2/repository/com/amazonaws/aws-java-sdk-groundstation/1.12.785/aws-java-sdk-groundstation-1.12.785.jar:/home/runner/.m2/repository/com/amazonaws/aws-java-sdk-mediapackagevod/1.12.785/aws-java-sdk-mediapackagevod-1.12.785.jar:/home/runner/.m2/repository/com/amazonaws/aws-java-sdk-managedblockchain/1.12.785/aws-java-sdk-managedblockchain-1.12.785.jar:/home/runner/.m2/repository/com/amazonaws/aws-java-sdk-textract/1.12.785/aws-java-sdk-textract-1.12.785.jar:/home/runner/.m2/repository/com/amazonaws/aws-java-sdk-worklink/1.12.785/aws-java-sdk-worklink-1.12.785.jar:/home/runner/.m2/repository/com/amazonaws/aws-java-sdk-backup/1.12.785/aws-java-sdk-backup-1.12.785.jar:/home/runner/.m2/repository/com/amazonaws/aws-java-sdk-docdb/1.12.785/aws-java-sdk-docdb-1.12.785.jar:/home/runner/.m2/repository/com/amazonaws/aws-java-sdk-apigatewayv2/1.12.785/aws-java-sdk-apigatewayv2-1.12.785.jar:/home/runner/.m2/repository/com/amazonaws/aws-java-sdk-apigatewaymanagementapi/1.12.785/aws-java-sdk-apigatewaymanagementapi-1.12.785.jar:/home/runner/.m2/repository/com/amazonaws/aws-java-sdk-kafka/1.12.785/aws-java-sdk-kafka-1.12.785.jar:/home/runner/.m2/repository/com/amazonaws/aws-java-sdk-appmesh/1.12.785/aws-java-sdk-appmesh-1.12.785.jar:/home/runner/.m2/repository/com/amazonaws/aws-java-sdk-licensemanager/1.12.785/aws-java-sdk-licensemanager-1.12.785.jar:/home/runner/.m2/repository/com/amazonaws/aws-java-sdk-securityhub/1.12.785/aws-java-sdk-securityhub-1.12.785.jar:/home/runner/.m2/repository/com/amazonaws/aws-java-sdk-fsx/1.12.785/aws-java-sdk-fsx-1.12.785.jar:/home/runner/.m2/repository/com/amazonaws/aws-java-sdk-mediaconnect/1.12.785/aws-java-sdk-mediaconnect-1.12.785.jar:/home/runner/.m2/repository/com/amazonaws/aws-java-sdk-kinesisanalyticsv2/1.12.785/aws-java-sdk-kinesisanalyticsv2-1.12.785.jar:/home/runner/.m2/repository/com/amazonaws/aws-java-sdk-comprehendmedical/1.12.785/aws-java-sdk-comprehendmedical-1.12.785.jar:/home/runner/.m2/repository/com/amazonaws/aws-java-sdk-globalaccelerator/1.12.785/aws-java-sdk-globalaccelerator-1.12.785.jar:/home/runner/.m2/repository/com/amazonaws/aws-java-sdk-transfer/1.12.785/aws-java-sdk-transfer-1.12.785.jar:/home/runner/.m2/repository/com/amazonaws/aws-java-sdk-datasync/1.12.785/aws-java-sdk-datasync-1.12.785.jar:/home/runner/.m2/repository/com/amazonaws/aws-java-sdk-robomaker/1.12.785/aws-java-sdk-robomaker-1.12.785.jar:/home/runner/.m2/repository/com/amazonaws/aws-java-sdk-amplify/1.12.785/aws-java-sdk-amplify-1.12.785.jar:/home/runner/.m2/repository/com/amazonaws/aws-java-sdk-quicksight/1.12.785/aws-java-sdk-quicksight-1.12.785.jar:/home/runner/.m2/repository/com/amazonaws/aws-java-sdk-rdsdata/1.12.785/aws-java-sdk-rdsdata-1.12.785.jar:/home/runner/.m2/repository/com/amazonaws/aws-java-sdk-route53resolver/1.12.785/aws-java-sdk-route53resolver-1.12.785.jar:/home/runner/.m2/repository/com/amazonaws/aws-java-sdk-ram/1.12.785/aws-java-sdk-ram-1.12.785.jar:/home/runner/.m2/repository/com/amazonaws/aws-java-sdk-s3control/1.12.785/aws-java-sdk-s3control-1.12.785.jar:/home/runner/.m2/repository/com/amazonaws/aws-java-sdk-pinpointsmsvoice/1.12.785/aws-java-sdk-pinpointsmsvoice-1.12.785.jar:/home/runner/.m2/repository/com/amazonaws/aws-java-sdk-pinpointemail/1.12.785/aws-java-sdk-pinpointemail-1.12.785.jar:/home/runner/.m2/repository/com/amazonaws/aws-java-sdk-chime/1.12.785/aws-java-sdk-chime-1.12.785.jar:/home/runner/.m2/repository/com/amazonaws/aws-java-sdk-signer/1.12.785/aws-java-sdk-signer-1.12.785.jar:/home/runner/.m2/repository/com/amazonaws/aws-java-sdk-dlm/1.12.785/aws-java-sdk-dlm-1.12.785.jar:/home/runner/.m2/repository/com/amazonaws/aws-java-sdk-eks/1.12.785/aws-java-sdk-eks-1.12.785.jar:/home/runner/.m2/repository/com/amazonaws/aws-java-sdk-mediatailor/1.12.785/aws-java-sdk-mediatailor-1.12.785.jar:/home/runner/.m2/repository/com/amazonaws/aws-java-sdk-neptune/1.12.785/aws-java-sdk-neptune-1.12.785.jar:/home/runner/.m2/repository/com/amazonaws/aws-java-sdk-pi/1.12.785/aws-java-sdk-pi-1.12.785.jar:/home/runner/.m2/repository/com/amazonaws/aws-java-sdk-iot1clickprojects/1.12.785/aws-java-sdk-iot1clickprojects-1.12.785.jar:/home/runner/.m2/repository/com/amazonaws/aws-java-sdk-iot1clickdevices/1.12.785/aws-java-sdk-iot1clickdevices-1.12.785.jar:/home/runner/.m2/repository/com/amazonaws/aws-java-sdk-iotanalytics/1.12.785/aws-java-sdk-iotanalytics-1.12.785.jar:/home/runner/.m2/repository/com/amazonaws/aws-java-sdk-acmpca/1.12.785/aws-java-sdk-acmpca-1.12.785.jar:/home/runner/.m2/repository/com/amazonaws/aws-java-sdk-secretsmanager/1.12.785/aws-java-sdk-secretsmanager-1.12.785.jar:/home/runner/.m2/repository/com/amazonaws/aws-java-sdk-fms/1.12.785/aws-java-sdk-fms-1.12.785.jar:/home/runner/.m2/repository/com/amazonaws/aws-java-sdk-connect/1.12.785/aws-java-sdk-connect-1.12.785.jar:/home/runner/.m2/repository/com/amazonaws/aws-java-sdk-transcribe/1.12.785/aws-java-sdk-transcribe-1.12.785.jar:/home/runner/.m2/repository/com/amazonaws/aws-java-sdk-autoscalingplans/1.12.785/aws-java-sdk-autoscalingplans-1.12.785.jar:/home/runner/.m2/repository/com/amazonaws/aws-java-sdk-workmail/1.12.785/aws-java-sdk-workmail-1.12.785.jar:/home/runner/.m2/repository/com/amazonaws/aws-java-sdk-servicediscovery/1.12.785/aws-java-sdk-servicediscovery-1.12.785.jar:/home/runner/.m2/repository/com/amazonaws/aws-java-sdk-cloud9/1.12.785/aws-java-sdk-cloud9-1.12.785.jar:/home/runner/.m2/repository/com/amazonaws/aws-java-sdk-serverlessapplicationrepository/1.12.785/aws-java-sdk-serverlessapplicationrepository-1.12.785.jar:/home/runner/.m2/repository/com/amazonaws/aws-java-sdk-resourcegroups/1.12.785/aws-java-sdk-resourcegroups-1.12.785.jar:/home/runner/.m2/repository/com/amazonaws/aws-java-sdk-comprehend/1.12.785/aws-java-sdk-comprehend-1.12.785.jar:/home/runner/.m2/repository/com/amazonaws/aws-java-sdk-translate/1.12.785/aws-java-sdk-translate-1.12.785.jar:/home/runner/.m2/repository/com/amazonaws/aws-java-sdk-sagemaker/1.12.785/aws-java-sdk-sagemaker-1.12.785.jar:/home/runner/.m2/repository/com/amazonaws/aws-java-sdk-iotjobsdataplane/1.12.785/aws-java-sdk-iotjobsdataplane-1.12.785.jar:/home/runner/.m2/repository/com/amazonaws/aws-java-sdk-sagemakerruntime/1.12.785/aws-java-sdk-sagemakerruntime-1.12.785.jar:/home/runner/.m2/repository/com/amazonaws/aws-java-sdk-kinesisvideo/1.12.785/aws-java-sdk-kinesisvideo-1.12.785.jar:/home/runner/.m2/repository/io/netty/netty-codec-http/4.1.54.Final/netty-codec-http-4.1.54.Final.jar:/home/runner/.m2/repository/io/netty/netty-common/4.1.54.Final/netty-common-4.1.54.Final.jar:/home/runner/.m2/repository/io/netty/netty-buffer/4.1.54.Final/netty-buffer-4.1.54.Final.jar:/home/runner/.m2/repository/io/netty/netty-transport/4.1.54.Final/netty-transport-4.1.54.Final.jar:/home/runner/.m2/repository/io/netty/netty-codec/4.1.54.Final/netty-codec-4.1.54.Final.jar:/home/runner/.m2/repository/io/netty/netty-handler/4.1.54.Final/netty-handler-4.1.54.Final.jar:/home/runner/.m2/repository/io/netty/netty-resolver/4.1.54.Final/netty-resolver-4.1.54.Final.jar:/home/runner/.m2/repository/com/amazonaws/aws-java-sdk-appsync/1.12.785/aws-java-sdk-appsync-1.12.785.jar:/home/runner/.m2/repository/com/amazonaws/aws-java-sdk-guardduty/1.12.785/aws-java-sdk-guardduty-1.12.785.jar:/home/runner/.m2/repository/com/amazonaws/aws-java-sdk-mq/1.12.785/aws-java-sdk-mq-1.12.785.jar:/home/runner/.m2/repository/com/amazonaws/aws-java-sdk-mediaconvert/1.12.785/aws-java-sdk-mediaconvert-1.12.785.jar:/home/runner/.m2/repository/com/amazonaws/aws-java-sdk-mediastore/1.12.785/aws-java-sdk-mediastore-1.12.785.jar:/home/runner/.m2/repository/com/amazonaws/aws-java-sdk-mediastoredata/1.12.785/aws-java-sdk-mediastoredata-1.12.785.jar:/home/runner/.m2/repository/com/amazonaws/aws-java-sdk-medialive/1.12.785/aws-java-sdk-medialive-1.12.785.jar:/home/runner/.m2/repository/com/amazonaws/aws-java-sdk-mediapackage/1.12.785/aws-java-sdk-mediapackage-1.12.785.jar:/home/runner/.m2/repository/com/amazonaws/aws-java-sdk-costexplorer/1.12.785/aws-java-sdk-costexplorer-1.12.785.jar:/home/runner/.m2/repository/com/amazonaws/aws-java-sdk-pricing/1.12.785/aws-java-sdk-pricing-1.12.785.jar:/home/runner/.m2/repository/com/amazonaws/aws-java-sdk-cloudhsmv2/1.12.785/aws-java-sdk-cloudhsmv2-1.12.785.jar:/home/runner/.m2/repository/com/amazonaws/aws-java-sdk-glue/1.12.785/aws-java-sdk-glue-1.12.785.jar:/home/runner/.m2/repository/com/amazonaws/aws-java-sdk-migrationhub/1.12.785/aws-java-sdk-migrationhub-1.12.785.jar:/home/runner/.m2/repository/com/amazonaws/aws-java-sdk-dax/1.12.785/aws-java-sdk-dax-1.12.785.jar:/home/runner/.m2/repository/com/amazonaws/aws-java-sdk-greengrass/1.12.785/aws-java-sdk-greengrass-1.12.785.jar:/home/runner/.m2/repository/com/amazonaws/aws-java-sdk-athena/1.12.785/aws-java-sdk-athena-1.12.785.jar:/home/runner/.m2/repository/com/amazonaws/aws-java-sdk-marketplaceentitlement/1.12.785/aws-java-sdk-marketplaceentitlement-1.12.785.jar:/home/runner/.m2/repository/com/amazonaws/aws-java-sdk-codestar/1.12.785/aws-java-sdk-codestar-1.12.785.jar:/home/runner/.m2/repository/com/amazonaws/aws-java-sdk-lexmodelbuilding/1.12.785/aws-java-sdk-lexmodelbuilding-1.12.785.jar:/home/runner/.m2/repository/com/amazonaws/aws-java-sdk-resourcegroupstaggingapi/1.12.785/aws-java-sdk-resourcegroupstaggingapi-1.12.785.jar:/home/runner/.m2/repository/com/amazonaws/aws-java-sdk-pinpoint/1.12.785/aws-java-sdk-pinpoint-1.12.785.jar:/home/runner/.m2/repository/com/amazonaws/aws-java-sdk-xray/1.12.785/aws-java-sdk-xray-1.12.785.jar:/home/runner/.m2/repository/com/amazonaws/aws-java-sdk-opsworkscm/1.12.785/aws-java-sdk-opsworkscm-1.12.785.jar:/home/runner/.m2/repository/com/amazonaws/aws-java-sdk-support/1.12.785/aws-java-sdk-support-1.12.785.jar:/home/runner/.m2/repository/com/amazonaws/aws-java-sdk-simpledb/1.12.785/aws-java-sdk-simpledb-1.12.785.jar:/home/runner/.m2/repository/com/amazonaws/aws-java-sdk-servicecatalog/1.12.785/aws-java-sdk-servicecatalog-1.12.785.jar:/home/runner/.m2/repository/com/amazonaws/aws-java-sdk-servermigration/1.12.785/aws-java-sdk-servermigration-1.12.785.jar:/home/runner/.m2/repository/com/amazonaws/aws-java-sdk-simpleworkflow/1.12.785/aws-java-sdk-simpleworkflow-1.12.785.jar:/home/runner/.m2/repository/com/amazonaws/aws-java-sdk-storagegateway/1.12.785/aws-java-sdk-storagegateway-1.12.785.jar:/home/runner/.m2/repository/com/amazonaws/aws-java-sdk-route53/1.12.785/aws-java-sdk-route53-1.12.785.jar:/home/runner/.m2/repository/com/amazonaws/aws-java-sdk-s3/1.12.785/aws-java-sdk-s3-1.12.785.jar:/home/runner/.m2/repository/com/amazonaws/aws-java-sdk-importexport/1.12.785/aws-java-sdk-importexport-1.12.785.jar:/home/runner/.m2/repository/com/amazonaws/aws-java-sdk-sts/1.12.785/aws-java-sdk-sts-1.12.785.jar:/home/runner/.m2/repository/com/amazonaws/aws-java-sdk-sqs/1.12.785/aws-java-sdk-sqs-1.12.785.jar:/home/runner/.m2/repository/com/amazonaws/aws-java-sdk-rds/1.12.785/aws-java-sdk-rds-1.12.785.jar:/home/runner/.m2/repository/com/amazonaws/aws-java-sdk-redshift/1.12.785/aws-java-sdk-redshift-1.12.785.jar:/home/runner/.m2/repository/com/amazonaws/aws-java-sdk-elasticbeanstalk/1.12.785/aws-java-sdk-elasticbeanstalk-1.12.785.jar:/home/runner/.m2/repository/com/amazonaws/aws-java-sdk-glacier/1.12.785/aws-java-sdk-glacier-1.12.785.jar:/home/runner/.m2/repository/com/amazonaws/aws-java-sdk-iam/1.12.785/aws-java-sdk-iam-1.12.785.jar:/home/runner/.m2/repository/com/amazonaws/aws-java-sdk-datapipeline/1.12.785/aws-java-sdk-datapipeline-1.12.785.jar:/home/runner/.m2/repository/com/amazonaws/aws-java-sdk-elasticloadbalancing/1.12.785/aws-java-sdk-elasticloadbalancing-1.12.785.jar:/home/runner/.m2/repository/com/amazonaws/aws-java-sdk-elasticloadbalancingv2/1.12.785/aws-java-sdk-elasticloadbalancingv2-1.12.785.jar:/home/runner/.m2/repository/com/amazonaws/aws-java-sdk-emr/1.12.785/aws-java-sdk-emr-1.12.785.jar:/home/runner/.m2/repository/com/amazonaws/aws-java-sdk-elasticache/1.12.785/aws-java-sdk-elasticache-1.12.785.jar:/home/runner/.m2/repository/com/amazonaws/aws-java-sdk-elastictranscoder/1.12.785/aws-java-sdk-elastictranscoder-1.12.785.jar:/home/runner/.m2/repository/com/amazonaws/aws-java-sdk-ec2/1.12.785/aws-java-sdk-ec2-1.12.785.jar:/home/runner/.m2/repository/com/amazonaws/aws-java-sdk-dynamodb/1.12.785/aws-java-sdk-dynamodb-1.12.785.jar:/home/runner/.m2/repository/com/amazonaws/aws-java-sdk-sns/1.12.785/aws-java-sdk-sns-1.12.785.jar:/home/runner/.m2/repository/com/amazonaws/aws-java-sdk-budgets/1.12.785/aws-java-sdk-budgets-1.12.785.jar:/home/runner/.m2/repository/com/amazonaws/aws-java-sdk-cloudtrail/1.12.785/aws-java-sdk-cloudtrail-1.12.785.jar:/home/runner/.m2/repository/com/amazonaws/aws-java-sdk-cloudwatch/1.12.785/aws-java-sdk-cloudwatch-1.12.785.jar:/home/runner/.m2/repository/com/amazonaws/aws-java-sdk-logs/1.12.785/aws-java-sdk-logs-1.12.785.jar:/home/runner/.m2/repository/com/amazonaws/aws-java-sdk-events/1.12.785/aws-java-sdk-events-1.12.785.jar:/home/runner/.m2/repository/com/amazonaws/aws-java-sdk-cognitoidentity/1.12.785/aws-java-sdk-cognitoidentity-1.12.785.jar:/home/runner/.m2/repository/com/amazonaws/aws-java-sdk-cognitosync/1.12.785/aws-java-sdk-cognitosync-1.12.785.jar:/home/runner/.m2/repository/com/amazonaws/aws-java-sdk-directconnect/1.12.785/aws-java-sdk-directconnect-1.12.785.jar:/home/runner/.m2/repository/com/amazonaws/aws-java-sdk-cloudformation/1.12.785/aws-java-sdk-cloudformation-1.12.785.jar:/home/runner/.m2/repository/com/amazonaws/aws-java-sdk-cloudfront/1.12.785/aws-java-sdk-cloudfront-1.12.785.jar:/home/runner/.m2/repository/com/amazonaws/aws-java-sdk-clouddirectory/1.12.785/aws-java-sdk-clouddirectory-1.12.785.jar:/home/runner/.m2/repository/com/amazonaws/aws-java-sdk-kinesis/1.12.785/aws-java-sdk-kinesis-1.12.785.jar:/home/runner/.m2/repository/com/amazonaws/aws-java-sdk-opsworks/1.12.785/aws-java-sdk-opsworks-1.12.785.jar:/home/runner/.m2/repository/com/amazonaws/aws-java-sdk-ses/1.12.785/aws-java-sdk-ses-1.12.785.jar:/home/runner/.m2/repository/com/amazonaws/aws-java-sdk-autoscaling/1.12.785/aws-java-sdk-autoscaling-1.12.785.jar:/home/runner/.m2/repository/com/amazonaws/aws-java-sdk-cloudsearch/1.12.785/aws-java-sdk-cloudsearch-1.12.785.jar:/home/runner/.m2/repository/com/amazonaws/aws-java-sdk-cloudwatchmetrics/1.12.785/aws-java-sdk-cloudwatchmetrics-1.12.785.jar:/home/runner/.m2/repository/com/amazonaws/aws-java-sdk-codedeploy/1.12.785/aws-java-sdk-codedeploy-1.12.785.jar:/home/runner/.m2/repository/com/amazonaws/aws-java-sdk-codepipeline/1.12.785/aws-java-sdk-codepipeline-1.12.785.jar:/home/runner/.m2/repository/com/amazonaws/aws-java-sdk-kms/1.12.785/aws-java-sdk-kms-1.12.785.jar:/home/runner/.m2/repository/com/amazonaws/aws-java-sdk-config/1.12.785/aws-java-sdk-config-1.12.785.jar:/home/runner/.m2/repository/com/amazonaws/aws-java-sdk-lambda/1.12.785/aws-java-sdk-lambda-1.12.785.jar:/home/runner/.m2/repository/com/amazonaws/aws-java-sdk-ecs/1.12.785/aws-java-sdk-ecs-1.12.785.jar:/home/runner/.m2/repository/com/amazonaws/aws-java-sdk-ecr/1.12.785/aws-java-sdk-ecr-1.12.785.jar:/home/runner/.m2/repository/com/amazonaws/aws-java-sdk-cloudhsm/1.12.785/aws-java-sdk-cloudhsm-1.12.785.jar:/home/runner/.m2/repository/com/amazonaws/aws-java-sdk-ssm/1.12.785/aws-java-sdk-ssm-1.12.785.jar:/home/runner/.m2/repository/com/amazonaws/aws-java-sdk-workspaces/1.12.785/aws-java-sdk-workspaces-1.12.785.jar:/home/runner/.m2/repository/com/amazonaws/aws-java-sdk-machinelearning/1.12.785/aws-java-sdk-machinelearning-1.12.785.jar:/home/runner/.m2/repository/com/amazonaws/aws-java-sdk-directory/1.12.785/aws-java-sdk-directory-1.12.785.jar:/home/runner/.m2/repository/com/amazonaws/aws-java-sdk-efs/1.12.785/aws-java-sdk-efs-1.12.785.jar:/home/runner/.m2/repository/com/amazonaws/aws-java-sdk-codecommit/1.12.785/aws-java-sdk-codecommit-1.12.785.jar:/home/runner/.m2/repository/com/amazonaws/aws-java-sdk-devicefarm/1.12.785/aws-java-sdk-devicefarm-1.12.785.jar:/home/runner/.m2/repository/com/amazonaws/aws-java-sdk-elasticsearch/1.12.785/aws-java-sdk-elasticsearch-1.12.785.jar:/home/runner/.m2/repository/com/amazonaws/aws-java-sdk-waf/1.12.785/aws-java-sdk-waf-1.12.785.jar:/home/runner/.m2/repository/com/amazonaws/aws-java-sdk-marketplacecommerceanalytics/1.12.785/aws-java-sdk-marketplacecommerceanalytics-1.12.785.jar:/home/runner/.m2/repository/com/amazonaws/aws-java-sdk-inspector/1.12.785/aws-java-sdk-inspector-1.12.785.jar:/home/runner/.m2/repository/com/amazonaws/aws-java-sdk-iot/1.12.785/aws-java-sdk-iot-1.12.785.jar:/home/runner/.m2/repository/com/amazonaws/aws-java-sdk-api-gateway/1.12.785/aws-java-sdk-api-gateway-1.12.785.jar:/home/runner/.m2/repository/com/amazonaws/aws-java-sdk-acm/1.12.785/aws-java-sdk-acm-1.12.785.jar:/home/runner/.m2/repository/com/amazonaws/aws-java-sdk-gamelift/1.12.785/aws-java-sdk-gamelift-1.12.785.jar:/home/runner/.m2/repository/com/amazonaws/aws-java-sdk-dms/1.12.785/aws-java-sdk-dms-1.12.785.jar:/home/runner/.m2/repository/com/amazonaws/aws-java-sdk-marketplacemeteringservice/1.12.785/aws-java-sdk-marketplacemeteringservice-1.12.785.jar:/home/runner/.m2/repository/com/amazonaws/aws-java-sdk-cognitoidp/1.12.785/aws-java-sdk-cognitoidp-1.12.785.jar:/home/runner/.m2/repository/com/amazonaws/aws-java-sdk-discovery/1.12.785/aws-java-sdk-discovery-1.12.785.jar:/home/runner/.m2/repository/com/amazonaws/aws-java-sdk-applicationautoscaling/1.12.785/aws-java-sdk-applicationautoscaling-1.12.785.jar:/home/runner/.m2/repository/com/amazonaws/aws-java-sdk-snowball/1.12.785/aws-java-sdk-snowball-1.12.785.jar:/home/runner/.m2/repository/com/amazonaws/aws-java-sdk-rekognition/1.12.785/aws-java-sdk-rekognition-1.12.785.jar:/home/runner/.m2/repository/com/amazonaws/aws-java-sdk-polly/1.12.785/aws-java-sdk-polly-1.12.785.jar:/home/runner/.m2/repository/com/amazonaws/aws-java-sdk-lightsail/1.12.785/aws-java-sdk-lightsail-1.12.785.jar:/home/runner/.m2/repository/com/amazonaws/aws-java-sdk-stepfunctions/1.12.785/aws-java-sdk-stepfunctions-1.12.785.jar:/home/runner/.m2/repository/com/amazonaws/aws-java-sdk-health/1.12.785/aws-java-sdk-health-1.12.785.jar:/home/runner/.m2/repository/com/amazonaws/aws-java-sdk-costandusagereport/1.12.785/aws-java-sdk-costandusagereport-1.12.785.jar:/home/runner/.m2/repository/com/amazonaws/aws-java-sdk-codebuild/1.12.785/aws-java-sdk-codebuild-1.12.785.jar:/home/runner/.m2/repository/com/amazonaws/aws-java-sdk-appstream/1.12.785/aws-java-sdk-appstream-1.12.785.jar:/home/runner/.m2/repository/com/amazonaws/aws-java-sdk-shield/1.12.785/aws-java-sdk-shield-1.12.785.jar:/home/runner/.m2/repository/com/amazonaws/aws-java-sdk-batch/1.12.785/aws-java-sdk-batch-1.12.785.jar:/home/runner/.m2/repository/com/amazonaws/aws-java-sdk-lex/1.12.785/aws-java-sdk-lex-1.12.785.jar:/home/runner/.m2/repository/com/amazonaws/aws-java-sdk-mechanicalturkrequester/1.12.785/aws-java-sdk-mechanicalturkrequester-1.12.785.jar:/home/runner/.m2/repository/com/amazonaws/aws-java-sdk-organizations/1.12.785/aws-java-sdk-organizations-1.12.785.jar:/home/runner/.m2/repository/com/amazonaws/aws-java-sdk-workdocs/1.12.785/aws-java-sdk-workdocs-1.12.785.jar:/home/runner/.m2/repository/com/amazonaws/aws-java-sdk-core/1.12.785/aws-java-sdk-core-1.12.785.jar:/home/runner/.m2/repository/commons-logging/commons-logging/1.1.3/commons-logging-1.1.3.jar:/home/runner/.m2/repository/commons-codec/commons-codec/1.14/commons-codec-1.14.jar:/home/runner/.m2/repository/org/apache/httpcomponents/httpclient/4.5.13/httpclient-4.5.13.jar:/home/runner/.m2/repository/org/apache/httpcomponents/httpcore/4.4.13/httpcore-4.4.13.jar:/home/runner/.m2/repository/com/fasterxml/jackson/dataformat/jackson-dataformat-cbor/2.11.3/jackson-dataformat-cbor-2.11.3.jar:/home/runner/.m2/repository/joda-time/joda-time/2.12.7/joda-time-2.12.7.jar:/home/runner/.m2/repository/com/amazonaws/aws-java-sdk-models/1.12.785/aws-java-sdk-models-1.12.785.jar:/home/runner/.m2/repository/com/amazonaws/aws-java-sdk-swf-libraries/1.11.22/aws-java-sdk-swf-libraries-1.11.22.jar:/home/runner/.m2/repository/org/thymeleaf/thymeleaf/3.1.3.RELEASE/thymeleaf-3.1.3.RELEASE.jar:/home/runner/.m2/repository/ognl/ognl/3.3.4/ognl-3.3.4.jar:/home/runner/.m2/repository/org/attoparser/attoparser/2.0.7.RELEASE/attoparser-2.0.7.RELEASE.jar:/home/runner/.m2/repository/org/unbescape/unbescape/1.1.6.RELEASE/unbescape-1.1.6.RELEASE.jar:/home/runner/.m2/repository/org/thymeleaf/thymeleaf-spring5/3.1.3.RELEASE/thymeleaf-spring5-3.1.3.RELEASE.jar:/home/runner/.m2/repository/org/springframework/boot/spring-boot-starter-test/2.3.6.RELEASE/spring-boot-starter-test-2.3.6.RELEASE.jar:/home/runner/.m2/repository/org/springframework/boot/spring-boot-test/2.3.6.RELEASE/spring-boot-test-2.3.6.RELEASE.jar:/home/runner/.m2/repository/org/springframework/boot/spring-boot-test-autoconfigure/2.3.6.RELEASE/spring-boot-test-autoconfigure-2.3.6.RELEASE.jar:/home/runner/.m2/repository/com/jayway/jsonpath/json-path/2.4.0/json-path-2.4.0.jar:/home/runner/.m2/repository/org/assertj/assertj-core/3.16.1/assertj-core-3.16.1.jar:/home/runner/.m2/repository/org/hamcrest/hamcrest/2.2/hamcrest-2.2.jar:/home/runner/.m2/repository/org/junit/jupiter/junit-jupiter/5.6.3/junit-jupiter-5.6.3.jar:/home/runner/.m2/repository/org/junit/jupiter/junit-jupiter-api/5.6.3/junit-jupiter-api-5.6.3.jar:/home/runner/.m2/repository/org/opentest4j/opentest4j/1.2.0/opentest4j-1.2.0.jar:/home/runner/.m2/repository/org/junit/platform/junit-platform-commons/1.6.3/junit-platform-commons-1.6.3.jar:/home/runner/.m2/repository/org/junit/jupiter/junit-jupiter-params/5.6.3/junit-jupiter-params-5.6.3.jar:/home/runner/.m2/repository/org/junit/jupiter/junit-jupiter-engine/5.6.3/junit-jupiter-engine-5.6.3.jar:/home/runner/.m2/repository/org/junit/vintage/junit-vintage-engine/5.6.3/junit-vintage-engine-5.6.3.jar:/home/runner/.m2/repository/org/apiguardian/apiguardian-api/1.1.0/apiguardian-api-1.1.0.jar:/home/runner/.m2/repository/org/junit/platform/junit-platform-engine/1.6.3/junit-platform-engine-1.6.3.jar:/home/runner/.m2/repository/junit/junit/4.13.1/junit-4.13.1.jar:/home/runner/.m2/repository/org/mockito/mockito-core/3.3.3/mockito-core-3.3.3.jar:/home/runner/.m2/repository/net/bytebuddy/byte-buddy-agent/1.10.18/byte-buddy-agent-1.10.18.jar:/home/runner/.m2/repository/org/objenesis/objenesis/2.6/objenesis-2.6.jar:/home/runner/.m2/repository/org/mockito/mockito-junit-jupiter/3.3.3/mockito-junit-jupiter-3.3.3.jar:/home/runner/.m2/repository/org/skyscreamer/jsonassert/1.5.0/jsonassert-1.5.0.jar:/home/runner/.m2/repository/com/vaadin/external/google/android-json/0.0.20131108.vaadin1/android-json-0.0.20131108.vaadin1.jar:/home/runner/.m2/repository/org/xmlunit/xmlunit-core/2.7.0/xmlunit-core-2.7.0.jar:/home/runner/.m2/repository/org/springframework/boot/spring-boot-starter-actuator/2.3.6.RELEASE/spring-boot-starter-actuator-2.3.6.RELEASE.jar:/home/runner/.m2/repository/org/springframework/boot/spring-boot-actuator-autoconfigure/2.3.6.RELEASE/spring-boot-actuator-autoconfigure-2.3.6.RELEASE.jar:/home/runner/.m2/repository/org/springframework/boot/spring-boot-actuator/2.3.6.RELEASE/spring-boot-actuator-2.3.6.RELEASE.jar:/home/runner/.m2/repository/io/micrometer/micrometer-core/1.5.7/micrometer-core-1.5.7.jar:/home/runner/.m2/repository/org/hdrhistogram/HdrHistogram/2.1.12/HdrHistogram-2.1.12.jar:/home/runner/.m2/repository/org/latencyutils/LatencyUtils/2.0.3/LatencyUtils-2.0.3.jar:/home/runner/.m2/repository/org/springframework/boot/spring-boot-starter-logging/2.3.6.RELEASE/spring-boot-starter-logging-2.3.6.RELEASE.jar:/home/runner/.m2/repository/ch/qos/logback/logback-classic/1.2.3/logback-classic-1.2.3.jar:/home/runner/.m2/repository/ch/qos/logback/logback-core/1.2.3/logback-core-1.2.3.jar:/home/runner/.m2/repository/org/apache/logging/log4j/log4j-to-slf4j/2.13.3/log4j-to-slf4j-2.13.3.jar:/home/runner/.m2/repository/org/apache/logging/log4j/log4j-api/2.13.3/log4j-api-2.13.3.jar:/home/runner/.m2/repository/org/slf4j/jul-to-slf4j/1.7.30/jul-to-slf4j-1.7.30.jar:"/>
    <property name="sun.cpu.endian" value="little"/>
    <property name="user.home" value="/home/runner"/>
    <property name="user.language" value="en"/>
    <property name="java.specification.vendor" value="Oracle Corporation"/>
    <property name="java.version.date" value="2025-04-15"/>
    <property name="java.home" value="/usr/lib/jvm/temurin-17-jdk-amd64"/>
    <property name="file.separator" value="/"/>
    <property name="basedir" value="/home/runner/work/desofs2025_wed_nap_1/desofs2025_wed_nap_1"/>
    <property name="java.vm.compressedOopsMode" value="Zero based"/>
    <property name="line.separator" value="&#10;"/>
    <property name="java.vm.specification.vendor" value="Oracle Corporation"/>
    <property name="java.specification.name" value="Java Platform API Specification"/>
    <property name="java.awt.headless" value="true"/>
    <property name="surefire.real.class.path" value="/home/runner/work/desofs2025_wed_nap_1/desofs2025_wed_nap_1/target/surefire/surefirebooter5782056895191648475.jar"/>
    <property name="sun.management.compiler" value="HotSpot 64-Bit Tiered Compilers"/>
    <property name="java.runtime.version" value="17.0.15+6"/>
    <property name="user.name" value="runner"/>
    <property name="path.separator" value=":"/>
    <property name="os.version" value="6.11.0-1015-azure"/>
    <property name="java.runtime.name" value="OpenJDK Runtime Environment"/>
    <property name="file.encoding" value="UTF-8"/>
    <property name="spring.beaninfo.ignore" value="true"/>
    <property name="java.vm.name" value="OpenJDK 64-Bit Server VM"/>
    <property name="java.vendor.version" value="Temurin-17.0.15+6"/>
    <property name="localRepository" value="/home/runner/.m2/repository"/>
    <property name="java.vendor.url.bug" value="https://github.com/adoptium/adoptium-support/issues"/>
    <property name="java.io.tmpdir" value="/tmp"/>
    <property name="com.zaxxer.hikari.pool_number" value="1"/>
    <property name="java.version" value="17.0.15"/>
    <property name="user.dir" value="/home/runner/work/desofs2025_wed_nap_1/desofs2025_wed_nap_1"/>
    <property name="os.arch" value="amd64"/>
    <property name="java.vm.specification.name" value="Java Virtual Machine Specification"/>
    <property name="PID" value="2611"/>
    <property name="native.encoding" value="UTF-8"/>
    <property name="java.library.path" value="/usr/java/packages/lib:/usr/lib64:/lib64:/lib:/usr/lib"/>
    <property name="java.vm.info" value="mixed mode, sharing"/>
    <property name="java.vendor" value="Eclipse Adoptium"/>
    <property name="java.vm.version" value="17.0.15+6"/>
    <property name="java.specification.maintenance.version" value="1"/>
    <property name="sun.io.unicode.encoding" value="UnicodeLittle"/>
    <property name="java.class.version" value="61.0"/>
  </properties>
  <testcase name="addReviewToPerfume_ShouldNotFound" classname="com.gmail.merikbest2015.ecommerce.controller.ReviewControllerTest" time="0.439">
    <system-out><![CDATA[22:07:05.956 [main] DEBUG org.springframework.test.context.junit4.SpringJUnit4ClassRunner - SpringJUnit4ClassRunner constructor called with [class com.gmail.merikbest2015.ecommerce.controller.ReviewControllerTest]
22:07:05.963 [main] DEBUG org.springframework.test.context.BootstrapUtils - Instantiating CacheAwareContextLoaderDelegate from class [org.springframework.test.context.cache.DefaultCacheAwareContextLoaderDelegate]
22:07:05.983 [main] DEBUG org.springframework.test.context.BootstrapUtils - Instantiating BootstrapContext using constructor [public org.springframework.test.context.support.DefaultBootstrapContext(java.lang.Class,org.springframework.test.context.CacheAwareContextLoaderDelegate)]
22:07:06.053 [main] DEBUG org.springframework.test.context.BootstrapUtils - Instantiating TestContextBootstrapper for test class [com.gmail.merikbest2015.ecommerce.controller.ReviewControllerTest] from class [org.springframework.boot.test.context.SpringBootTestContextBootstrapper]
22:07:06.080 [main] INFO org.springframework.boot.test.context.SpringBootTestContextBootstrapper - Neither @ContextConfiguration nor @ContextHierarchy found for test class [com.gmail.merikbest2015.ecommerce.controller.ReviewControllerTest], using SpringBootContextLoader
22:07:06.088 [main] DEBUG org.springframework.test.context.support.AbstractContextLoader - Did not detect default resource location for test class [com.gmail.merikbest2015.ecommerce.controller.ReviewControllerTest]: class path resource [com/gmail/merikbest2015/ecommerce/controller/ReviewControllerTest-context.xml] does not exist
22:07:06.089 [main] DEBUG org.springframework.test.context.support.AbstractContextLoader - Did not detect default resource location for test class [com.gmail.merikbest2015.ecommerce.controller.ReviewControllerTest]: class path resource [com/gmail/merikbest2015/ecommerce/controller/ReviewControllerTestContext.groovy] does not exist
22:07:06.089 [main] INFO org.springframework.test.context.support.AbstractContextLoader - Could not detect default resource locations for test class [com.gmail.merikbest2015.ecommerce.controller.ReviewControllerTest]: no resource found for suffixes {-context.xml, Context.groovy}.
22:07:06.090 [main] INFO org.springframework.test.context.support.AnnotationConfigContextLoaderUtils - Could not detect default configuration classes for test class [com.gmail.merikbest2015.ecommerce.controller.ReviewControllerTest]: ReviewControllerTest does not declare any static, non-private, non-final, nested classes annotated with @Configuration.
22:07:06.167 [main] DEBUG org.springframework.test.context.support.ActiveProfilesUtils - Could not find an 'annotation declaring class' for annotation type [org.springframework.test.context.ActiveProfiles] and class [com.gmail.merikbest2015.ecommerce.controller.ReviewControllerTest]
22:07:06.298 [main] DEBUG org.springframework.context.annotation.ClassPathScanningCandidateComponentProvider - Identified candidate component class: file [/home/runner/work/desofs2025_wed_nap_1/desofs2025_wed_nap_1/target/classes/com/gmail/merikbest2015/ecommerce/EcommerceApplication.class]
22:07:06.299 [main] INFO org.springframework.boot.test.context.SpringBootTestContextBootstrapper - Found @SpringBootConfiguration com.gmail.merikbest2015.ecommerce.EcommerceApplication for test class com.gmail.merikbest2015.ecommerce.controller.ReviewControllerTest
22:07:06.519 [main] DEBUG org.springframework.boot.test.context.SpringBootTestContextBootstrapper - @TestExecutionListeners is not present for class [com.gmail.merikbest2015.ecommerce.controller.ReviewControllerTest]: using defaults.
22:07:06.520 [main] INFO org.springframework.boot.test.context.SpringBootTestContextBootstrapper - Loaded default TestExecutionListener class names from location [META-INF/spring.factories]: [org.springframework.security.test.context.support.WithSecurityContextTestExecutionListener, org.springframework.security.test.context.support.ReactorContextTestExecutionListener, org.springframework.test.context.web.ServletTestExecutionListener, org.springframework.test.context.support.DirtiesContextBeforeModesTestExecutionListener, org.springframework.test.context.support.DependencyInjectionTestExecutionListener, org.springframework.test.context.support.DirtiesContextTestExecutionListener, org.springframework.test.context.transaction.TransactionalTestExecutionListener, org.springframework.test.context.jdbc.SqlScriptsTestExecutionListener, org.springframework.test.context.event.EventPublishingTestExecutionListener, org.springframework.boot.test.mock.mockito.MockitoTestExecutionListener, org.springframework.boot.test.mock.mockito.ResetMocksTestExecutionListener, org.springframework.boot.test.autoconfigure.restdocs.RestDocsTestExecutionListener, org.springframework.boot.test.autoconfigure.web.client.MockRestServiceServerResetTestExecutionListener, org.springframework.boot.test.autoconfigure.web.servlet.MockMvcPrintOnlyOnFailureTestExecutionListener, org.springframework.boot.test.autoconfigure.web.servlet.WebDriverTestExecutionListener, org.springframework.boot.test.autoconfigure.webservices.client.MockWebServiceServerTestExecutionListener]
22:07:06.555 [main] INFO org.springframework.boot.test.context.SpringBootTestContextBootstrapper - Using TestExecutionListeners: [org.springframework.test.context.web.ServletTestExecutionListener@55e42449, org.springframework.test.context.support.DirtiesContextBeforeModesTestExecutionListener@e57e5d6, org.springframework.boot.test.mock.mockito.MockitoTestExecutionListener@6dfa915a, org.springframework.boot.test.autoconfigure.SpringBootDependencyInjectionTestExecutionListener@78054f54, org.springframework.test.context.support.DirtiesContextTestExecutionListener@cb7fa71, org.springframework.test.context.transaction.TransactionalTestExecutionListener@3dffc764, org.springframework.test.context.jdbc.SqlScriptsTestExecutionListener@4b6e1c0, org.springframework.security.test.context.support.WithSecurityContextTestExecutionListener@561b61ed, org.springframework.test.context.event.EventPublishingTestExecutionListener@654c7d2d, org.springframework.security.test.context.support.ReactorContextTestExecutionListener@26cb5207, org.springframework.boot.test.mock.mockito.ResetMocksTestExecutionListener@15400fff, org.springframework.boot.test.autoconfigure.restdocs.RestDocsTestExecutionListener@18d910b3, org.springframework.boot.test.autoconfigure.web.client.MockRestServiceServerResetTestExecutionListener@1e7ab390, org.springframework.boot.test.autoconfigure.web.servlet.MockMvcPrintOnlyOnFailureTestExecutionListener@625d9132, org.springframework.boot.test.autoconfigure.web.servlet.WebDriverTestExecutionListener@77774571, org.springframework.boot.test.autoconfigure.webservices.client.MockWebServiceServerTestExecutionListener@277b8fa4]
22:07:06.558 [main] DEBUG org.springframework.test.annotation.ProfileValueUtils - Retrieved @ProfileValueSourceConfiguration [null] for test class [com.gmail.merikbest2015.ecommerce.controller.ReviewControllerTest]
22:07:06.559 [main] DEBUG org.springframework.test.annotation.ProfileValueUtils - Retrieved ProfileValueSource type [class org.springframework.test.annotation.SystemProfileValueSource] for class [com.gmail.merikbest2015.ecommerce.controller.ReviewControllerTest]
22:07:06.561 [main] DEBUG org.springframework.test.annotation.ProfileValueUtils - Retrieved @ProfileValueSourceConfiguration [null] for test class [com.gmail.merikbest2015.ecommerce.controller.ReviewControllerTest]
22:07:06.562 [main] DEBUG org.springframework.test.annotation.ProfileValueUtils - Retrieved ProfileValueSource type [class org.springframework.test.annotation.SystemProfileValueSource] for class [com.gmail.merikbest2015.ecommerce.controller.ReviewControllerTest]
22:07:06.566 [main] DEBUG org.springframework.test.annotation.ProfileValueUtils - Retrieved @ProfileValueSourceConfiguration [null] for test class [com.gmail.merikbest2015.ecommerce.controller.ReviewControllerTest]
22:07:06.567 [main] DEBUG org.springframework.test.annotation.ProfileValueUtils - Retrieved ProfileValueSource type [class org.springframework.test.annotation.SystemProfileValueSource] for class [com.gmail.merikbest2015.ecommerce.controller.ReviewControllerTest]
22:07:06.600 [main] DEBUG org.springframework.test.context.junit4.SpringJUnit4ClassRunner - SpringJUnit4ClassRunner constructor called with [class com.gmail.merikbest2015.ecommerce.controller.AuthenticationControllerTest]
22:07:06.600 [main] DEBUG org.springframework.test.context.BootstrapUtils - Instantiating CacheAwareContextLoaderDelegate from class [org.springframework.test.context.cache.DefaultCacheAwareContextLoaderDelegate]
22:07:06.600 [main] DEBUG org.springframework.test.context.BootstrapUtils - Instantiating BootstrapContext using constructor [public org.springframework.test.context.support.DefaultBootstrapContext(java.lang.Class,org.springframework.test.context.CacheAwareContextLoaderDelegate)]
22:07:06.601 [main] DEBUG org.springframework.test.context.BootstrapUtils - Instantiating TestContextBootstrapper for test class [com.gmail.merikbest2015.ecommerce.controller.AuthenticationControllerTest] from class [org.springframework.boot.test.context.SpringBootTestContextBootstrapper]
22:07:06.603 [main] INFO org.springframework.boot.test.context.SpringBootTestContextBootstrapper - Neither @ContextConfiguration nor @ContextHierarchy found for test class [com.gmail.merikbest2015.ecommerce.controller.AuthenticationControllerTest], using SpringBootContextLoader
22:07:06.604 [main] DEBUG org.springframework.test.context.support.AbstractContextLoader - Did not detect default resource location for test class [com.gmail.merikbest2015.ecommerce.controller.AuthenticationControllerTest]: class path resource [com/gmail/merikbest2015/ecommerce/controller/AuthenticationControllerTest-context.xml] does not exist
22:07:06.604 [main] DEBUG org.springframework.test.context.support.AbstractContextLoader - Did not detect default resource location for test class [com.gmail.merikbest2015.ecommerce.controller.AuthenticationControllerTest]: class path resource [com/gmail/merikbest2015/ecommerce/controller/AuthenticationControllerTestContext.groovy] does not exist
22:07:06.604 [main] INFO org.springframework.test.context.support.AbstractContextLoader - Could not detect default resource locations for test class [com.gmail.merikbest2015.ecommerce.controller.AuthenticationControllerTest]: no resource found for suffixes {-context.xml, Context.groovy}.
22:07:06.605 [main] INFO org.springframework.test.context.support.AnnotationConfigContextLoaderUtils - Could not detect default configuration classes for test class [com.gmail.merikbest2015.ecommerce.controller.AuthenticationControllerTest]: AuthenticationControllerTest does not declare any static, non-private, non-final, nested classes annotated with @Configuration.
22:07:06.611 [main] DEBUG org.springframework.test.context.support.ActiveProfilesUtils - Could not find an 'annotation declaring class' for annotation type [org.springframework.test.context.ActiveProfiles] and class [com.gmail.merikbest2015.ecommerce.controller.AuthenticationControllerTest]
22:07:06.612 [main] INFO org.springframework.boot.test.context.SpringBootTestContextBootstrapper - Found @SpringBootConfiguration com.gmail.merikbest2015.ecommerce.EcommerceApplication for test class com.gmail.merikbest2015.ecommerce.controller.AuthenticationControllerTest
22:07:06.615 [main] DEBUG org.springframework.boot.test.context.SpringBootTestContextBootstrapper - @TestExecutionListeners is not present for class [com.gmail.merikbest2015.ecommerce.controller.AuthenticationControllerTest]: using defaults.
22:07:06.615 [main] INFO org.springframework.boot.test.context.SpringBootTestContextBootstrapper - Loaded default TestExecutionListener class names from location [META-INF/spring.factories]: [org.springframework.security.test.context.support.WithSecurityContextTestExecutionListener, org.springframework.security.test.context.support.ReactorContextTestExecutionListener, org.springframework.test.context.web.ServletTestExecutionListener, org.springframework.test.context.support.DirtiesContextBeforeModesTestExecutionListener, org.springframework.test.context.support.DependencyInjectionTestExecutionListener, org.springframework.test.context.support.DirtiesContextTestExecutionListener, org.springframework.test.context.transaction.TransactionalTestExecutionListener, org.springframework.test.context.jdbc.SqlScriptsTestExecutionListener, org.springframework.test.context.event.EventPublishingTestExecutionListener, org.springframework.boot.test.mock.mockito.MockitoTestExecutionListener, org.springframework.boot.test.mock.mockito.ResetMocksTestExecutionListener, org.springframework.boot.test.autoconfigure.restdocs.RestDocsTestExecutionListener, org.springframework.boot.test.autoconfigure.web.client.MockRestServiceServerResetTestExecutionListener, org.springframework.boot.test.autoconfigure.web.servlet.MockMvcPrintOnlyOnFailureTestExecutionListener, org.springframework.boot.test.autoconfigure.web.servlet.WebDriverTestExecutionListener, org.springframework.boot.test.autoconfigure.webservices.client.MockWebServiceServerTestExecutionListener]
22:07:06.616 [main] INFO org.springframework.boot.test.context.SpringBootTestContextBootstrapper - Using TestExecutionListeners: [org.springframework.test.context.web.ServletTestExecutionListener@44cffc25, org.springframework.test.context.support.DirtiesContextBeforeModesTestExecutionListener@2a369e14, org.springframework.boot.test.mock.mockito.MockitoTestExecutionListener@25aeb5ac, org.springframework.boot.test.autoconfigure.SpringBootDependencyInjectionTestExecutionListener@c755b2, org.springframework.test.context.support.DirtiesContextTestExecutionListener@3bd2af5b, org.springframework.test.context.transaction.TransactionalTestExecutionListener@250a500b, org.springframework.test.context.jdbc.SqlScriptsTestExecutionListener@75d982d3, org.springframework.security.test.context.support.WithSecurityContextTestExecutionListener@4f89331f, org.springframework.test.context.event.EventPublishingTestExecutionListener@618ff5c2, org.springframework.security.test.context.support.ReactorContextTestExecutionListener@16727bf0, org.springframework.boot.test.mock.mockito.ResetMocksTestExecutionListener@2f84acf7, org.springframework.boot.test.autoconfigure.restdocs.RestDocsTestExecutionListener@291373d3, org.springframework.boot.test.autoconfigure.web.client.MockRestServiceServerResetTestExecutionListener@372ca2d6, org.springframework.boot.test.autoconfigure.web.servlet.MockMvcPrintOnlyOnFailureTestExecutionListener@3204e238, org.springframework.boot.test.autoconfigure.web.servlet.WebDriverTestExecutionListener@38ed139b, org.springframework.boot.test.autoconfigure.webservices.client.MockWebServiceServerTestExecutionListener@a5272be]
22:07:06.617 [main] DEBUG org.springframework.test.annotation.ProfileValueUtils - Retrieved @ProfileValueSourceConfiguration [null] for test class [com.gmail.merikbest2015.ecommerce.controller.AuthenticationControllerTest]
22:07:06.617 [main] DEBUG org.springframework.test.annotation.ProfileValueUtils - Retrieved ProfileValueSource type [class org.springframework.test.annotation.SystemProfileValueSource] for class [com.gmail.merikbest2015.ecommerce.controller.AuthenticationControllerTest]
22:07:06.618 [main] DEBUG org.springframework.test.annotation.ProfileValueUtils - Retrieved @ProfileValueSourceConfiguration [null] for test class [com.gmail.merikbest2015.ecommerce.controller.AuthenticationControllerTest]
22:07:06.618 [main] DEBUG org.springframework.test.annotation.ProfileValueUtils - Retrieved ProfileValueSource type [class org.springframework.test.annotation.SystemProfileValueSource] for class [com.gmail.merikbest2015.ecommerce.controller.AuthenticationControllerTest]
22:07:06.618 [main] DEBUG org.springframework.test.annotation.ProfileValueUtils - Retrieved @ProfileValueSourceConfiguration [null] for test class [com.gmail.merikbest2015.ecommerce.controller.AuthenticationControllerTest]
22:07:06.618 [main] DEBUG org.springframework.test.annotation.ProfileValueUtils - Retrieved ProfileValueSource type [class org.springframework.test.annotation.SystemProfileValueSource] for class [com.gmail.merikbest2015.ecommerce.controller.AuthenticationControllerTest]
22:07:06.629 [main] DEBUG org.springframework.test.context.junit4.SpringJUnit4ClassRunner - SpringJUnit4ClassRunner constructor called with [class com.gmail.merikbest2015.ecommerce.controller.PerfumeControllerTest]
22:07:06.629 [main] DEBUG org.springframework.test.context.BootstrapUtils - Instantiating CacheAwareContextLoaderDelegate from class [org.springframework.test.context.cache.DefaultCacheAwareContextLoaderDelegate]
22:07:06.629 [main] DEBUG org.springframework.test.context.BootstrapUtils - Instantiating BootstrapContext using constructor [public org.springframework.test.context.support.DefaultBootstrapContext(java.lang.Class,org.springframework.test.context.CacheAwareContextLoaderDelegate)]
22:07:06.630 [main] DEBUG org.springframework.test.context.BootstrapUtils - Instantiating TestContextBootstrapper for test class [com.gmail.merikbest2015.ecommerce.controller.PerfumeControllerTest] from class [org.springframework.boot.test.context.SpringBootTestContextBootstrapper]
22:07:06.631 [main] INFO org.springframework.boot.test.context.SpringBootTestContextBootstrapper - Neither @ContextConfiguration nor @ContextHierarchy found for test class [com.gmail.merikbest2015.ecommerce.controller.PerfumeControllerTest], using SpringBootContextLoader
22:07:06.632 [main] DEBUG org.springframework.test.context.support.AbstractContextLoader - Did not detect default resource location for test class [com.gmail.merikbest2015.ecommerce.controller.PerfumeControllerTest]: class path resource [com/gmail/merikbest2015/ecommerce/controller/PerfumeControllerTest-context.xml] does not exist
22:07:06.632 [main] DEBUG org.springframework.test.context.support.AbstractContextLoader - Did not detect default resource location for test class [com.gmail.merikbest2015.ecommerce.controller.PerfumeControllerTest]: class path resource [com/gmail/merikbest2015/ecommerce/controller/PerfumeControllerTestContext.groovy] does not exist
22:07:06.632 [main] INFO org.springframework.test.context.support.AbstractContextLoader - Could not detect default resource locations for test class [com.gmail.merikbest2015.ecommerce.controller.PerfumeControllerTest]: no resource found for suffixes {-context.xml, Context.groovy}.
22:07:06.633 [main] INFO org.springframework.test.context.support.AnnotationConfigContextLoaderUtils - Could not detect default configuration classes for test class [com.gmail.merikbest2015.ecommerce.controller.PerfumeControllerTest]: PerfumeControllerTest does not declare any static, non-private, non-final, nested classes annotated with @Configuration.
22:07:06.638 [main] DEBUG org.springframework.test.context.support.ActiveProfilesUtils - Could not find an 'annotation declaring class' for annotation type [org.springframework.test.context.ActiveProfiles] and class [com.gmail.merikbest2015.ecommerce.controller.PerfumeControllerTest]
22:07:06.639 [main] INFO org.springframework.boot.test.context.SpringBootTestContextBootstrapper - Found @SpringBootConfiguration com.gmail.merikbest2015.ecommerce.EcommerceApplication for test class com.gmail.merikbest2015.ecommerce.controller.PerfumeControllerTest
22:07:06.642 [main] DEBUG org.springframework.boot.test.context.SpringBootTestContextBootstrapper - @TestExecutionListeners is not present for class [com.gmail.merikbest2015.ecommerce.controller.PerfumeControllerTest]: using defaults.
22:07:06.642 [main] INFO org.springframework.boot.test.context.SpringBootTestContextBootstrapper - Loaded default TestExecutionListener class names from location [META-INF/spring.factories]: [org.springframework.security.test.context.support.WithSecurityContextTestExecutionListener, org.springframework.security.test.context.support.ReactorContextTestExecutionListener, org.springframework.test.context.web.ServletTestExecutionListener, org.springframework.test.context.support.DirtiesContextBeforeModesTestExecutionListener, org.springframework.test.context.support.DependencyInjectionTestExecutionListener, org.springframework.test.context.support.DirtiesContextTestExecutionListener, org.springframework.test.context.transaction.TransactionalTestExecutionListener, org.springframework.test.context.jdbc.SqlScriptsTestExecutionListener, org.springframework.test.context.event.EventPublishingTestExecutionListener, org.springframework.boot.test.mock.mockito.MockitoTestExecutionListener, org.springframework.boot.test.mock.mockito.ResetMocksTestExecutionListener, org.springframework.boot.test.autoconfigure.restdocs.RestDocsTestExecutionListener, org.springframework.boot.test.autoconfigure.web.client.MockRestServiceServerResetTestExecutionListener, org.springframework.boot.test.autoconfigure.web.servlet.MockMvcPrintOnlyOnFailureTestExecutionListener, org.springframework.boot.test.autoconfigure.web.servlet.WebDriverTestExecutionListener, org.springframework.boot.test.autoconfigure.webservices.client.MockWebServiceServerTestExecutionListener]
22:07:06.643 [main] INFO org.springframework.boot.test.context.SpringBootTestContextBootstrapper - Using TestExecutionListeners: [org.springframework.test.context.web.ServletTestExecutionListener@534180a2, org.springframework.test.context.support.DirtiesContextBeforeModesTestExecutionListener@6cf0a747, org.springframework.boot.test.mock.mockito.MockitoTestExecutionListener@21505815, org.springframework.boot.test.autoconfigure.SpringBootDependencyInjectionTestExecutionListener@7e53339, org.springframework.test.context.support.DirtiesContextTestExecutionListener@58fef7f7, org.springframework.test.context.transaction.TransactionalTestExecutionListener@31ddb930, org.springframework.test.context.jdbc.SqlScriptsTestExecutionListener@12eedfee, org.springframework.security.test.context.support.WithSecurityContextTestExecutionListener@3c3c4a71, org.springframework.test.context.event.EventPublishingTestExecutionListener@1352434e, org.springframework.security.test.context.support.ReactorContextTestExecutionListener@4f9a6c2d, org.springframework.boot.test.mock.mockito.ResetMocksTestExecutionListener@2b6fcb9f, org.springframework.boot.test.autoconfigure.restdocs.RestDocsTestExecutionListener@75de6341, org.springframework.boot.test.autoconfigure.web.client.MockRestServiceServerResetTestExecutionListener@74170687, org.springframework.boot.test.autoconfigure.web.servlet.MockMvcPrintOnlyOnFailureTestExecutionListener@68f0f72c, org.springframework.boot.test.autoconfigure.web.servlet.WebDriverTestExecutionListener@3d96fa9e, org.springframework.boot.test.autoconfigure.webservices.client.MockWebServiceServerTestExecutionListener@3b545206]
22:07:06.644 [main] DEBUG org.springframework.test.annotation.ProfileValueUtils - Retrieved @ProfileValueSourceConfiguration [null] for test class [com.gmail.merikbest2015.ecommerce.controller.PerfumeControllerTest]
22:07:06.644 [main] DEBUG org.springframework.test.annotation.ProfileValueUtils - Retrieved ProfileValueSource type [class org.springframework.test.annotation.SystemProfileValueSource] for class [com.gmail.merikbest2015.ecommerce.controller.PerfumeControllerTest]
22:07:06.644 [main] DEBUG org.springframework.test.annotation.ProfileValueUtils - Retrieved @ProfileValueSourceConfiguration [null] for test class [com.gmail.merikbest2015.ecommerce.controller.PerfumeControllerTest]
22:07:06.645 [main] DEBUG org.springframework.test.annotation.ProfileValueUtils - Retrieved ProfileValueSource type [class org.springframework.test.annotation.SystemProfileValueSource] for class [com.gmail.merikbest2015.ecommerce.controller.PerfumeControllerTest]
22:07:06.645 [main] DEBUG org.springframework.test.annotation.ProfileValueUtils - Retrieved @ProfileValueSourceConfiguration [null] for test class [com.gmail.merikbest2015.ecommerce.controller.PerfumeControllerTest]
22:07:06.645 [main] DEBUG org.springframework.test.annotation.ProfileValueUtils - Retrieved ProfileValueSource type [class org.springframework.test.annotation.SystemProfileValueSource] for class [com.gmail.merikbest2015.ecommerce.controller.PerfumeControllerTest]
22:07:06.653 [main] DEBUG org.springframework.test.context.junit4.SpringJUnit4ClassRunner - SpringJUnit4ClassRunner constructor called with [class com.gmail.merikbest2015.ecommerce.controller.RegistrationControllerTest]
22:07:06.654 [main] DEBUG org.springframework.test.context.BootstrapUtils - Instantiating CacheAwareContextLoaderDelegate from class [org.springframework.test.context.cache.DefaultCacheAwareContextLoaderDelegate]
22:07:06.654 [main] DEBUG org.springframework.test.context.BootstrapUtils - Instantiating BootstrapContext using constructor [public org.springframework.test.context.support.DefaultBootstrapContext(java.lang.Class,org.springframework.test.context.CacheAwareContextLoaderDelegate)]
22:07:06.654 [main] DEBUG org.springframework.test.context.BootstrapUtils - Instantiating TestContextBootstrapper for test class [com.gmail.merikbest2015.ecommerce.controller.RegistrationControllerTest] from class [org.springframework.boot.test.context.SpringBootTestContextBootstrapper]
22:07:06.655 [main] INFO org.springframework.boot.test.context.SpringBootTestContextBootstrapper - Neither @ContextConfiguration nor @ContextHierarchy found for test class [com.gmail.merikbest2015.ecommerce.controller.RegistrationControllerTest], using SpringBootContextLoader
22:07:06.656 [main] DEBUG org.springframework.test.context.support.AbstractContextLoader - Did not detect default resource location for test class [com.gmail.merikbest2015.ecommerce.controller.RegistrationControllerTest]: class path resource [com/gmail/merikbest2015/ecommerce/controller/RegistrationControllerTest-context.xml] does not exist
22:07:06.656 [main] DEBUG org.springframework.test.context.support.AbstractContextLoader - Did not detect default resource location for test class [com.gmail.merikbest2015.ecommerce.controller.RegistrationControllerTest]: class path resource [com/gmail/merikbest2015/ecommerce/controller/RegistrationControllerTestContext.groovy] does not exist
22:07:06.656 [main] INFO org.springframework.test.context.support.AbstractContextLoader - Could not detect default resource locations for test class [com.gmail.merikbest2015.ecommerce.controller.RegistrationControllerTest]: no resource found for suffixes {-context.xml, Context.groovy}.
22:07:06.656 [main] INFO org.springframework.test.context.support.AnnotationConfigContextLoaderUtils - Could not detect default configuration classes for test class [com.gmail.merikbest2015.ecommerce.controller.RegistrationControllerTest]: RegistrationControllerTest does not declare any static, non-private, non-final, nested classes annotated with @Configuration.
22:07:06.661 [main] DEBUG org.springframework.test.context.support.ActiveProfilesUtils - Could not find an 'annotation declaring class' for annotation type [org.springframework.test.context.ActiveProfiles] and class [com.gmail.merikbest2015.ecommerce.controller.RegistrationControllerTest]
22:07:06.661 [main] INFO org.springframework.boot.test.context.SpringBootTestContextBootstrapper - Found @SpringBootConfiguration com.gmail.merikbest2015.ecommerce.EcommerceApplication for test class com.gmail.merikbest2015.ecommerce.controller.RegistrationControllerTest
22:07:06.664 [main] DEBUG org.springframework.boot.test.context.SpringBootTestContextBootstrapper - @TestExecutionListeners is not present for class [com.gmail.merikbest2015.ecommerce.controller.RegistrationControllerTest]: using defaults.
22:07:06.664 [main] INFO org.springframework.boot.test.context.SpringBootTestContextBootstrapper - Loaded default TestExecutionListener class names from location [META-INF/spring.factories]: [org.springframework.security.test.context.support.WithSecurityContextTestExecutionListener, org.springframework.security.test.context.support.ReactorContextTestExecutionListener, org.springframework.test.context.web.ServletTestExecutionListener, org.springframework.test.context.support.DirtiesContextBeforeModesTestExecutionListener, org.springframework.test.context.support.DependencyInjectionTestExecutionListener, org.springframework.test.context.support.DirtiesContextTestExecutionListener, org.springframework.test.context.transaction.TransactionalTestExecutionListener, org.springframework.test.context.jdbc.SqlScriptsTestExecutionListener, org.springframework.test.context.event.EventPublishingTestExecutionListener, org.springframework.boot.test.mock.mockito.MockitoTestExecutionListener, org.springframework.boot.test.mock.mockito.ResetMocksTestExecutionListener, org.springframework.boot.test.autoconfigure.restdocs.RestDocsTestExecutionListener, org.springframework.boot.test.autoconfigure.web.client.MockRestServiceServerResetTestExecutionListener, org.springframework.boot.test.autoconfigure.web.servlet.MockMvcPrintOnlyOnFailureTestExecutionListener, org.springframework.boot.test.autoconfigure.web.servlet.WebDriverTestExecutionListener, org.springframework.boot.test.autoconfigure.webservices.client.MockWebServiceServerTestExecutionListener]
22:07:06.665 [main] INFO org.springframework.boot.test.context.SpringBootTestContextBootstrapper - Using TestExecutionListeners: [org.springframework.test.context.web.ServletTestExecutionListener@1c26273d, org.springframework.test.context.support.DirtiesContextBeforeModesTestExecutionListener@3a37a501, org.springframework.boot.test.mock.mockito.MockitoTestExecutionListener@7a583586, org.springframework.boot.test.autoconfigure.SpringBootDependencyInjectionTestExecutionListener@3a26ec8d, org.springframework.test.context.support.DirtiesContextTestExecutionListener@17143b3b, org.springframework.test.context.transaction.TransactionalTestExecutionListener@100c8b75, org.springframework.test.context.jdbc.SqlScriptsTestExecutionListener@2bc378f7, org.springframework.security.test.context.support.WithSecurityContextTestExecutionListener@268cbb86, org.springframework.test.context.event.EventPublishingTestExecutionListener@10f7918f, org.springframework.security.test.context.support.ReactorContextTestExecutionListener@64d4f7c7, org.springframework.boot.test.mock.mockito.ResetMocksTestExecutionListener@54e02f6a, org.springframework.boot.test.autoconfigure.restdocs.RestDocsTestExecutionListener@17f3eefb, org.springframework.boot.test.autoconfigure.web.client.MockRestServiceServerResetTestExecutionListener@3ba46e63, org.springframework.boot.test.autoconfigure.web.servlet.MockMvcPrintOnlyOnFailureTestExecutionListener@788ddc1f, org.springframework.boot.test.autoconfigure.web.servlet.WebDriverTestExecutionListener@2dc3271b, org.springframework.boot.test.autoconfigure.webservices.client.MockWebServiceServerTestExecutionListener@254f906e]
22:07:06.665 [main] DEBUG org.springframework.test.annotation.ProfileValueUtils - Retrieved @ProfileValueSourceConfiguration [null] for test class [com.gmail.merikbest2015.ecommerce.controller.RegistrationControllerTest]
22:07:06.666 [main] DEBUG org.springframework.test.annotation.ProfileValueUtils - Retrieved ProfileValueSource type [class org.springframework.test.annotation.SystemProfileValueSource] for class [com.gmail.merikbest2015.ecommerce.controller.RegistrationControllerTest]
22:07:06.666 [main] DEBUG org.springframework.test.annotation.ProfileValueUtils - Retrieved @ProfileValueSourceConfiguration [null] for test class [com.gmail.merikbest2015.ecommerce.controller.RegistrationControllerTest]
22:07:06.666 [main] DEBUG org.springframework.test.annotation.ProfileValueUtils - Retrieved ProfileValueSource type [class org.springframework.test.annotation.SystemProfileValueSource] for class [com.gmail.merikbest2015.ecommerce.controller.RegistrationControllerTest]
22:07:06.666 [main] DEBUG org.springframework.test.annotation.ProfileValueUtils - Retrieved @ProfileValueSourceConfiguration [null] for test class [com.gmail.merikbest2015.ecommerce.controller.RegistrationControllerTest]
22:07:06.666 [main] DEBUG org.springframework.test.annotation.ProfileValueUtils - Retrieved ProfileValueSource type [class org.springframework.test.annotation.SystemProfileValueSource] for class [com.gmail.merikbest2015.ecommerce.controller.RegistrationControllerTest]
22:07:06.673 [main] DEBUG org.springframework.test.context.junit4.SpringJUnit4ClassRunner - SpringJUnit4ClassRunner constructor called with [class com.gmail.merikbest2015.ecommerce.controller.UserControllerTest]
22:07:06.673 [main] DEBUG org.springframework.test.context.BootstrapUtils - Instantiating CacheAwareContextLoaderDelegate from class [org.springframework.test.context.cache.DefaultCacheAwareContextLoaderDelegate]
22:07:06.673 [main] DEBUG org.springframework.test.context.BootstrapUtils - Instantiating BootstrapContext using constructor [public org.springframework.test.context.support.DefaultBootstrapContext(java.lang.Class,org.springframework.test.context.CacheAwareContextLoaderDelegate)]
22:07:06.674 [main] DEBUG org.springframework.test.context.BootstrapUtils - Instantiating TestContextBootstrapper for test class [com.gmail.merikbest2015.ecommerce.controller.UserControllerTest] from class [org.springframework.boot.test.context.SpringBootTestContextBootstrapper]
22:07:06.674 [main] INFO org.springframework.boot.test.context.SpringBootTestContextBootstrapper - Neither @ContextConfiguration nor @ContextHierarchy found for test class [com.gmail.merikbest2015.ecommerce.controller.UserControllerTest], using SpringBootContextLoader
22:07:06.675 [main] DEBUG org.springframework.test.context.support.AbstractContextLoader - Did not detect default resource location for test class [com.gmail.merikbest2015.ecommerce.controller.UserControllerTest]: class path resource [com/gmail/merikbest2015/ecommerce/controller/UserControllerTest-context.xml] does not exist
22:07:06.676 [main] DEBUG org.springframework.test.context.support.AbstractContextLoader - Did not detect default resource location for test class [com.gmail.merikbest2015.ecommerce.controller.UserControllerTest]: class path resource [com/gmail/merikbest2015/ecommerce/controller/UserControllerTestContext.groovy] does not exist
22:07:06.676 [main] INFO org.springframework.test.context.support.AbstractContextLoader - Could not detect default resource locations for test class [com.gmail.merikbest2015.ecommerce.controller.UserControllerTest]: no resource found for suffixes {-context.xml, Context.groovy}.
22:07:06.676 [main] INFO org.springframework.test.context.support.AnnotationConfigContextLoaderUtils - Could not detect default configuration classes for test class [com.gmail.merikbest2015.ecommerce.controller.UserControllerTest]: UserControllerTest does not declare any static, non-private, non-final, nested classes annotated with @Configuration.
22:07:06.680 [main] DEBUG org.springframework.test.context.support.ActiveProfilesUtils - Could not find an 'annotation declaring class' for annotation type [org.springframework.test.context.ActiveProfiles] and class [com.gmail.merikbest2015.ecommerce.controller.UserControllerTest]
22:07:06.680 [main] INFO org.springframework.boot.test.context.SpringBootTestContextBootstrapper - Found @SpringBootConfiguration com.gmail.merikbest2015.ecommerce.EcommerceApplication for test class com.gmail.merikbest2015.ecommerce.controller.UserControllerTest
22:07:06.682 [main] DEBUG org.springframework.boot.test.context.SpringBootTestContextBootstrapper - @TestExecutionListeners is not present for class [com.gmail.merikbest2015.ecommerce.controller.UserControllerTest]: using defaults.
22:07:06.683 [main] INFO org.springframework.boot.test.context.SpringBootTestContextBootstrapper - Loaded default TestExecutionListener class names from location [META-INF/spring.factories]: [org.springframework.security.test.context.support.WithSecurityContextTestExecutionListener, org.springframework.security.test.context.support.ReactorContextTestExecutionListener, org.springframework.test.context.web.ServletTestExecutionListener, org.springframework.test.context.support.DirtiesContextBeforeModesTestExecutionListener, org.springframework.test.context.support.DependencyInjectionTestExecutionListener, org.springframework.test.context.support.DirtiesContextTestExecutionListener, org.springframework.test.context.transaction.TransactionalTestExecutionListener, org.springframework.test.context.jdbc.SqlScriptsTestExecutionListener, org.springframework.test.context.event.EventPublishingTestExecutionListener, org.springframework.boot.test.mock.mockito.MockitoTestExecutionListener, org.springframework.boot.test.mock.mockito.ResetMocksTestExecutionListener, org.springframework.boot.test.autoconfigure.restdocs.RestDocsTestExecutionListener, org.springframework.boot.test.autoconfigure.web.client.MockRestServiceServerResetTestExecutionListener, org.springframework.boot.test.autoconfigure.web.servlet.MockMvcPrintOnlyOnFailureTestExecutionListener, org.springframework.boot.test.autoconfigure.web.servlet.WebDriverTestExecutionListener, org.springframework.boot.test.autoconfigure.webservices.client.MockWebServiceServerTestExecutionListener]
22:07:06.684 [main] INFO org.springframework.boot.test.context.SpringBootTestContextBootstrapper - Using TestExecutionListeners: [org.springframework.test.context.web.ServletTestExecutionListener@1a22e0ef, org.springframework.test.context.support.DirtiesContextBeforeModesTestExecutionListener@67514bdd, org.springframework.boot.test.mock.mockito.MockitoTestExecutionListener@3b920bdc, org.springframework.boot.test.autoconfigure.SpringBootDependencyInjectionTestExecutionListener@7f5538a1, org.springframework.test.context.support.DirtiesContextTestExecutionListener@72fd8a3c, org.springframework.test.context.transaction.TransactionalTestExecutionListener@1f9f381d, org.springframework.test.context.jdbc.SqlScriptsTestExecutionListener@34780cd9, org.springframework.security.test.context.support.WithSecurityContextTestExecutionListener@623ebac7, org.springframework.test.context.event.EventPublishingTestExecutionListener@7c8c70d6, org.springframework.security.test.context.support.ReactorContextTestExecutionListener@1ab5f08a, org.springframework.boot.test.mock.mockito.ResetMocksTestExecutionListener@6edf29c1, org.springframework.boot.test.autoconfigure.restdocs.RestDocsTestExecutionListener@79a04e5f, org.springframework.boot.test.autoconfigure.web.client.MockRestServiceServerResetTestExecutionListener@66b59b7d, org.springframework.boot.test.autoconfigure.web.servlet.MockMvcPrintOnlyOnFailureTestExecutionListener@53311681, org.springframework.boot.test.autoconfigure.web.servlet.WebDriverTestExecutionListener@4437ac07, org.springframework.boot.test.autoconfigure.webservices.client.MockWebServiceServerTestExecutionListener@3f1ed068]
22:07:06.684 [main] DEBUG org.springframework.test.annotation.ProfileValueUtils - Retrieved @ProfileValueSourceConfiguration [null] for test class [com.gmail.merikbest2015.ecommerce.controller.UserControllerTest]
22:07:06.684 [main] DEBUG org.springframework.test.annotation.ProfileValueUtils - Retrieved ProfileValueSource type [class org.springframework.test.annotation.SystemProfileValueSource] for class [com.gmail.merikbest2015.ecommerce.controller.UserControllerTest]
22:07:06.685 [main] DEBUG org.springframework.test.annotation.ProfileValueUtils - Retrieved @ProfileValueSourceConfiguration [null] for test class [com.gmail.merikbest2015.ecommerce.controller.UserControllerTest]
22:07:06.685 [main] DEBUG org.springframework.test.annotation.ProfileValueUtils - Retrieved ProfileValueSource type [class org.springframework.test.annotation.SystemProfileValueSource] for class [com.gmail.merikbest2015.ecommerce.controller.UserControllerTest]
22:07:06.685 [main] DEBUG org.springframework.test.annotation.ProfileValueUtils - Retrieved @ProfileValueSourceConfiguration [null] for test class [com.gmail.merikbest2015.ecommerce.controller.UserControllerTest]
22:07:06.685 [main] DEBUG org.springframework.test.annotation.ProfileValueUtils - Retrieved ProfileValueSource type [class org.springframework.test.annotation.SystemProfileValueSource] for class [com.gmail.merikbest2015.ecommerce.controller.UserControllerTest]
22:07:06.707 [main] DEBUG org.springframework.test.context.junit4.SpringJUnit4ClassRunner - SpringJUnit4ClassRunner constructor called with [class com.gmail.merikbest2015.ecommerce.controller.AdminControllerTest]
22:07:06.707 [main] DEBUG org.springframework.test.context.BootstrapUtils - Instantiating CacheAwareContextLoaderDelegate from class [org.springframework.test.context.cache.DefaultCacheAwareContextLoaderDelegate]
22:07:06.707 [main] DEBUG org.springframework.test.context.BootstrapUtils - Instantiating BootstrapContext using constructor [public org.springframework.test.context.support.DefaultBootstrapContext(java.lang.Class,org.springframework.test.context.CacheAwareContextLoaderDelegate)]
22:07:06.708 [main] DEBUG org.springframework.test.context.BootstrapUtils - Instantiating TestContextBootstrapper for test class [com.gmail.merikbest2015.ecommerce.controller.AdminControllerTest] from class [org.springframework.boot.test.context.SpringBootTestContextBootstrapper]
22:07:06.709 [main] INFO org.springframework.boot.test.context.SpringBootTestContextBootstrapper - Neither @ContextConfiguration nor @ContextHierarchy found for test class [com.gmail.merikbest2015.ecommerce.controller.AdminControllerTest], using SpringBootContextLoader
22:07:06.710 [main] DEBUG org.springframework.test.context.support.AbstractContextLoader - Did not detect default resource location for test class [com.gmail.merikbest2015.ecommerce.controller.AdminControllerTest]: class path resource [com/gmail/merikbest2015/ecommerce/controller/AdminControllerTest-context.xml] does not exist
22:07:06.710 [main] DEBUG org.springframework.test.context.support.AbstractContextLoader - Did not detect default resource location for test class [com.gmail.merikbest2015.ecommerce.controller.AdminControllerTest]: class path resource [com/gmail/merikbest2015/ecommerce/controller/AdminControllerTestContext.groovy] does not exist
22:07:06.710 [main] INFO org.springframework.test.context.support.AbstractContextLoader - Could not detect default resource locations for test class [com.gmail.merikbest2015.ecommerce.controller.AdminControllerTest]: no resource found for suffixes {-context.xml, Context.groovy}.
22:07:06.710 [main] INFO org.springframework.test.context.support.AnnotationConfigContextLoaderUtils - Could not detect default configuration classes for test class [com.gmail.merikbest2015.ecommerce.controller.AdminControllerTest]: AdminControllerTest does not declare any static, non-private, non-final, nested classes annotated with @Configuration.
22:07:06.719 [main] DEBUG org.springframework.test.context.support.ActiveProfilesUtils - Could not find an 'annotation declaring class' for annotation type [org.springframework.test.context.ActiveProfiles] and class [com.gmail.merikbest2015.ecommerce.controller.AdminControllerTest]
22:07:06.720 [main] INFO org.springframework.boot.test.context.SpringBootTestContextBootstrapper - Found @SpringBootConfiguration com.gmail.merikbest2015.ecommerce.EcommerceApplication for test class com.gmail.merikbest2015.ecommerce.controller.AdminControllerTest
22:07:06.722 [main] DEBUG org.springframework.boot.test.context.SpringBootTestContextBootstrapper - @TestExecutionListeners is not present for class [com.gmail.merikbest2015.ecommerce.controller.AdminControllerTest]: using defaults.
22:07:06.723 [main] INFO org.springframework.boot.test.context.SpringBootTestContextBootstrapper - Loaded default TestExecutionListener class names from location [META-INF/spring.factories]: [org.springframework.security.test.context.support.WithSecurityContextTestExecutionListener, org.springframework.security.test.context.support.ReactorContextTestExecutionListener, org.springframework.test.context.web.ServletTestExecutionListener, org.springframework.test.context.support.DirtiesContextBeforeModesTestExecutionListener, org.springframework.test.context.support.DependencyInjectionTestExecutionListener, org.springframework.test.context.support.DirtiesContextTestExecutionListener, org.springframework.test.context.transaction.TransactionalTestExecutionListener, org.springframework.test.context.jdbc.SqlScriptsTestExecutionListener, org.springframework.test.context.event.EventPublishingTestExecutionListener, org.springframework.boot.test.mock.mockito.MockitoTestExecutionListener, org.springframework.boot.test.mock.mockito.ResetMocksTestExecutionListener, org.springframework.boot.test.autoconfigure.restdocs.RestDocsTestExecutionListener, org.springframework.boot.test.autoconfigure.web.client.MockRestServiceServerResetTestExecutionListener, org.springframework.boot.test.autoconfigure.web.servlet.MockMvcPrintOnlyOnFailureTestExecutionListener, org.springframework.boot.test.autoconfigure.web.servlet.WebDriverTestExecutionListener, org.springframework.boot.test.autoconfigure.webservices.client.MockWebServiceServerTestExecutionListener]
22:07:06.725 [main] INFO org.springframework.boot.test.context.SpringBootTestContextBootstrapper - Using TestExecutionListeners: [org.springframework.test.context.web.ServletTestExecutionListener@671c4166, org.springframework.test.context.support.DirtiesContextBeforeModesTestExecutionListener@53d13cd4, org.springframework.boot.test.mock.mockito.MockitoTestExecutionListener@77865933, org.springframework.boot.test.autoconfigure.SpringBootDependencyInjectionTestExecutionListener@480ad82c, org.springframework.test.context.support.DirtiesContextTestExecutionListener@4d18b73a, org.springframework.test.context.transaction.TransactionalTestExecutionListener@177515d1, org.springframework.test.context.jdbc.SqlScriptsTestExecutionListener@52ff99cd, org.springframework.security.test.context.support.WithSecurityContextTestExecutionListener@4c2af006, org.springframework.test.context.event.EventPublishingTestExecutionListener@44032fde, org.springframework.security.test.context.support.ReactorContextTestExecutionListener@7b676112, org.springframework.boot.test.mock.mockito.ResetMocksTestExecutionListener@5578be42, org.springframework.boot.test.autoconfigure.restdocs.RestDocsTestExecutionListener@4e49ce2b, org.springframework.boot.test.autoconfigure.web.client.MockRestServiceServerResetTestExecutionListener@136965e3, org.springframework.boot.test.autoconfigure.web.servlet.MockMvcPrintOnlyOnFailureTestExecutionListener@53c6f96d, org.springframework.boot.test.autoconfigure.web.servlet.WebDriverTestExecutionListener@435cc7f9, org.springframework.boot.test.autoconfigure.webservices.client.MockWebServiceServerTestExecutionListener@4364712f]
22:07:06.725 [main] DEBUG org.springframework.test.annotation.ProfileValueUtils - Retrieved @ProfileValueSourceConfiguration [null] for test class [com.gmail.merikbest2015.ecommerce.controller.AdminControllerTest]
22:07:06.725 [main] DEBUG org.springframework.test.annotation.ProfileValueUtils - Retrieved ProfileValueSource type [class org.springframework.test.annotation.SystemProfileValueSource] for class [com.gmail.merikbest2015.ecommerce.controller.AdminControllerTest]
22:07:06.725 [main] DEBUG org.springframework.test.annotation.ProfileValueUtils - Retrieved @ProfileValueSourceConfiguration [null] for test class [com.gmail.merikbest2015.ecommerce.controller.AdminControllerTest]
22:07:06.726 [main] DEBUG org.springframework.test.annotation.ProfileValueUtils - Retrieved ProfileValueSource type [class org.springframework.test.annotation.SystemProfileValueSource] for class [com.gmail.merikbest2015.ecommerce.controller.AdminControllerTest]
22:07:06.726 [main] DEBUG org.springframework.test.annotation.ProfileValueUtils - Retrieved @ProfileValueSourceConfiguration [null] for test class [com.gmail.merikbest2015.ecommerce.controller.AdminControllerTest]
22:07:06.726 [main] DEBUG org.springframework.test.annotation.ProfileValueUtils - Retrieved ProfileValueSource type [class org.springframework.test.annotation.SystemProfileValueSource] for class [com.gmail.merikbest2015.ecommerce.controller.AdminControllerTest]
22:07:06.743 [main] DEBUG org.springframework.test.context.junit4.SpringJUnit4ClassRunner - SpringJUnit4ClassRunner constructor called with [class com.gmail.merikbest2015.ecommerce.controller.OrderControllerTest]
22:07:06.743 [main] DEBUG org.springframework.test.context.BootstrapUtils - Instantiating CacheAwareContextLoaderDelegate from class [org.springframework.test.context.cache.DefaultCacheAwareContextLoaderDelegate]
22:07:06.743 [main] DEBUG org.springframework.test.context.BootstrapUtils - Instantiating BootstrapContext using constructor [public org.springframework.test.context.support.DefaultBootstrapContext(java.lang.Class,org.springframework.test.context.CacheAwareContextLoaderDelegate)]
22:07:06.743 [main] DEBUG org.springframework.test.context.BootstrapUtils - Instantiating TestContextBootstrapper for test class [com.gmail.merikbest2015.ecommerce.controller.OrderControllerTest] from class [org.springframework.boot.test.context.SpringBootTestContextBootstrapper]
22:07:06.744 [main] INFO org.springframework.boot.test.context.SpringBootTestContextBootstrapper - Neither @ContextConfiguration nor @ContextHierarchy found for test class [com.gmail.merikbest2015.ecommerce.controller.OrderControllerTest], using SpringBootContextLoader
22:07:06.745 [main] DEBUG org.springframework.test.context.support.AbstractContextLoader - Did not detect default resource location for test class [com.gmail.merikbest2015.ecommerce.controller.OrderControllerTest]: class path resource [com/gmail/merikbest2015/ecommerce/controller/OrderControllerTest-context.xml] does not exist
22:07:06.746 [main] DEBUG org.springframework.test.context.support.AbstractContextLoader - Did not detect default resource location for test class [com.gmail.merikbest2015.ecommerce.controller.OrderControllerTest]: class path resource [com/gmail/merikbest2015/ecommerce/controller/OrderControllerTestContext.groovy] does not exist
22:07:06.746 [main] INFO org.springframework.test.context.support.AbstractContextLoader - Could not detect default resource locations for test class [com.gmail.merikbest2015.ecommerce.controller.OrderControllerTest]: no resource found for suffixes {-context.xml, Context.groovy}.
22:07:06.746 [main] INFO org.springframework.test.context.support.AnnotationConfigContextLoaderUtils - Could not detect default configuration classes for test class [com.gmail.merikbest2015.ecommerce.controller.OrderControllerTest]: OrderControllerTest does not declare any static, non-private, non-final, nested classes annotated with @Configuration.
22:07:06.768 [main] DEBUG org.springframework.test.context.support.ActiveProfilesUtils - Could not find an 'annotation declaring class' for annotation type [org.springframework.test.context.ActiveProfiles] and class [com.gmail.merikbest2015.ecommerce.controller.OrderControllerTest]
22:07:06.769 [main] INFO org.springframework.boot.test.context.SpringBootTestContextBootstrapper - Found @SpringBootConfiguration com.gmail.merikbest2015.ecommerce.EcommerceApplication for test class com.gmail.merikbest2015.ecommerce.controller.OrderControllerTest
22:07:06.775 [main] DEBUG org.springframework.boot.test.context.SpringBootTestContextBootstrapper - @TestExecutionListeners is not present for class [com.gmail.merikbest2015.ecommerce.controller.OrderControllerTest]: using defaults.
22:07:06.775 [main] INFO org.springframework.boot.test.context.SpringBootTestContextBootstrapper - Loaded default TestExecutionListener class names from location [META-INF/spring.factories]: [org.springframework.security.test.context.support.WithSecurityContextTestExecutionListener, org.springframework.security.test.context.support.ReactorContextTestExecutionListener, org.springframework.test.context.web.ServletTestExecutionListener, org.springframework.test.context.support.DirtiesContextBeforeModesTestExecutionListener, org.springframework.test.context.support.DependencyInjectionTestExecutionListener, org.springframework.test.context.support.DirtiesContextTestExecutionListener, org.springframework.test.context.transaction.TransactionalTestExecutionListener, org.springframework.test.context.jdbc.SqlScriptsTestExecutionListener, org.springframework.test.context.event.EventPublishingTestExecutionListener, org.springframework.boot.test.mock.mockito.MockitoTestExecutionListener, org.springframework.boot.test.mock.mockito.ResetMocksTestExecutionListener, org.springframework.boot.test.autoconfigure.restdocs.RestDocsTestExecutionListener, org.springframework.boot.test.autoconfigure.web.client.MockRestServiceServerResetTestExecutionListener, org.springframework.boot.test.autoconfigure.web.servlet.MockMvcPrintOnlyOnFailureTestExecutionListener, org.springframework.boot.test.autoconfigure.web.servlet.WebDriverTestExecutionListener, org.springframework.boot.test.autoconfigure.webservices.client.MockWebServiceServerTestExecutionListener]
22:07:06.776 [main] INFO org.springframework.boot.test.context.SpringBootTestContextBootstrapper - Using TestExecutionListeners: [org.springframework.test.context.web.ServletTestExecutionListener@f88bfbe, org.springframework.test.context.support.DirtiesContextBeforeModesTestExecutionListener@59bbe88a, org.springframework.boot.test.mock.mockito.MockitoTestExecutionListener@5d8ab698, org.springframework.boot.test.autoconfigure.SpringBootDependencyInjectionTestExecutionListener@ed91d8d, org.springframework.test.context.support.DirtiesContextTestExecutionListener@446626a7, org.springframework.test.context.transaction.TransactionalTestExecutionListener@429f7919, org.springframework.test.context.jdbc.SqlScriptsTestExecutionListener@4a2929a4, org.springframework.security.test.context.support.WithSecurityContextTestExecutionListener@cda6019, org.springframework.test.context.event.EventPublishingTestExecutionListener@797c3c3b, org.springframework.security.test.context.support.ReactorContextTestExecutionListener@4012d5bc, org.springframework.boot.test.mock.mockito.ResetMocksTestExecutionListener@4375b013, org.springframework.boot.test.autoconfigure.restdocs.RestDocsTestExecutionListener@1cf0cacc, org.springframework.boot.test.autoconfigure.web.client.MockRestServiceServerResetTestExecutionListener@4f5b08d, org.springframework.boot.test.autoconfigure.web.servlet.MockMvcPrintOnlyOnFailureTestExecutionListener@529c2a9a, org.springframework.boot.test.autoconfigure.web.servlet.WebDriverTestExecutionListener@3c87fdf2, org.springframework.boot.test.autoconfigure.webservices.client.MockWebServiceServerTestExecutionListener@26bbe604]
22:07:06.776 [main] DEBUG org.springframework.test.annotation.ProfileValueUtils - Retrieved @ProfileValueSourceConfiguration [null] for test class [com.gmail.merikbest2015.ecommerce.controller.OrderControllerTest]
22:07:06.776 [main] DEBUG org.springframework.test.annotation.ProfileValueUtils - Retrieved ProfileValueSource type [class org.springframework.test.annotation.SystemProfileValueSource] for class [com.gmail.merikbest2015.ecommerce.controller.OrderControllerTest]
22:07:06.776 [main] DEBUG org.springframework.test.annotation.ProfileValueUtils - Retrieved @ProfileValueSourceConfiguration [null] for test class [com.gmail.merikbest2015.ecommerce.controller.OrderControllerTest]
22:07:06.777 [main] DEBUG org.springframework.test.annotation.ProfileValueUtils - Retrieved ProfileValueSource type [class org.springframework.test.annotation.SystemProfileValueSource] for class [com.gmail.merikbest2015.ecommerce.controller.OrderControllerTest]
22:07:06.777 [main] DEBUG org.springframework.test.annotation.ProfileValueUtils - Retrieved @ProfileValueSourceConfiguration [null] for test class [com.gmail.merikbest2015.ecommerce.controller.OrderControllerTest]
22:07:06.777 [main] DEBUG org.springframework.test.annotation.ProfileValueUtils - Retrieved ProfileValueSource type [class org.springframework.test.annotation.SystemProfileValueSource] for class [com.gmail.merikbest2015.ecommerce.controller.OrderControllerTest]
22:07:06.782 [main] DEBUG org.springframework.test.context.junit4.SpringJUnit4ClassRunner - SpringJUnit4ClassRunner constructor called with [class com.gmail.merikbest2015.ecommerce.mapper.UserMapperTest]
22:07:06.782 [main] DEBUG org.springframework.test.context.BootstrapUtils - Instantiating CacheAwareContextLoaderDelegate from class [org.springframework.test.context.cache.DefaultCacheAwareContextLoaderDelegate]
22:07:06.783 [main] DEBUG org.springframework.test.context.BootstrapUtils - Instantiating BootstrapContext using constructor [public org.springframework.test.context.support.DefaultBootstrapContext(java.lang.Class,org.springframework.test.context.CacheAwareContextLoaderDelegate)]
22:07:06.783 [main] DEBUG org.springframework.test.context.BootstrapUtils - Instantiating TestContextBootstrapper for test class [com.gmail.merikbest2015.ecommerce.mapper.UserMapperTest] from class [org.springframework.boot.test.context.SpringBootTestContextBootstrapper]
22:07:06.783 [main] INFO org.springframework.boot.test.context.SpringBootTestContextBootstrapper - Neither @ContextConfiguration nor @ContextHierarchy found for test class [com.gmail.merikbest2015.ecommerce.mapper.UserMapperTest], using SpringBootContextLoader
22:07:06.784 [main] DEBUG org.springframework.test.context.support.AbstractContextLoader - Did not detect default resource location for test class [com.gmail.merikbest2015.ecommerce.mapper.UserMapperTest]: class path resource [com/gmail/merikbest2015/ecommerce/mapper/UserMapperTest-context.xml] does not exist
22:07:06.785 [main] DEBUG org.springframework.test.context.support.AbstractContextLoader - Did not detect default resource location for test class [com.gmail.merikbest2015.ecommerce.mapper.UserMapperTest]: class path resource [com/gmail/merikbest2015/ecommerce/mapper/UserMapperTestContext.groovy] does not exist
22:07:06.785 [main] INFO org.springframework.test.context.support.AbstractContextLoader - Could not detect default resource locations for test class [com.gmail.merikbest2015.ecommerce.mapper.UserMapperTest]: no resource found for suffixes {-context.xml, Context.groovy}.
22:07:06.785 [main] INFO org.springframework.test.context.support.AnnotationConfigContextLoaderUtils - Could not detect default configuration classes for test class [com.gmail.merikbest2015.ecommerce.mapper.UserMapperTest]: UserMapperTest does not declare any static, non-private, non-final, nested classes annotated with @Configuration.
22:07:06.789 [main] DEBUG org.springframework.test.context.support.ActiveProfilesUtils - Could not find an 'annotation declaring class' for annotation type [org.springframework.test.context.ActiveProfiles] and class [com.gmail.merikbest2015.ecommerce.mapper.UserMapperTest]
22:07:06.830 [main] DEBUG org.springframework.context.annotation.ClassPathScanningCandidateComponentProvider - Identified candidate component class: file [/home/runner/work/desofs2025_wed_nap_1/desofs2025_wed_nap_1/target/classes/com/gmail/merikbest2015/ecommerce/EcommerceApplication.class]
22:07:06.830 [main] INFO org.springframework.boot.test.context.SpringBootTestContextBootstrapper - Found @SpringBootConfiguration com.gmail.merikbest2015.ecommerce.EcommerceApplication for test class com.gmail.merikbest2015.ecommerce.mapper.UserMapperTest
22:07:06.833 [main] DEBUG org.springframework.boot.test.context.SpringBootTestContextBootstrapper - @TestExecutionListeners is not present for class [com.gmail.merikbest2015.ecommerce.mapper.UserMapperTest]: using defaults.
22:07:06.833 [main] INFO org.springframework.boot.test.context.SpringBootTestContextBootstrapper - Loaded default TestExecutionListener class names from location [META-INF/spring.factories]: [org.springframework.security.test.context.support.WithSecurityContextTestExecutionListener, org.springframework.security.test.context.support.ReactorContextTestExecutionListener, org.springframework.test.context.web.ServletTestExecutionListener, org.springframework.test.context.support.DirtiesContextBeforeModesTestExecutionListener, org.springframework.test.context.support.DependencyInjectionTestExecutionListener, org.springframework.test.context.support.DirtiesContextTestExecutionListener, org.springframework.test.context.transaction.TransactionalTestExecutionListener, org.springframework.test.context.jdbc.SqlScriptsTestExecutionListener, org.springframework.test.context.event.EventPublishingTestExecutionListener, org.springframework.boot.test.mock.mockito.MockitoTestExecutionListener, org.springframework.boot.test.mock.mockito.ResetMocksTestExecutionListener, org.springframework.boot.test.autoconfigure.restdocs.RestDocsTestExecutionListener, org.springframework.boot.test.autoconfigure.web.client.MockRestServiceServerResetTestExecutionListener, org.springframework.boot.test.autoconfigure.web.servlet.MockMvcPrintOnlyOnFailureTestExecutionListener, org.springframework.boot.test.autoconfigure.web.servlet.WebDriverTestExecutionListener, org.springframework.boot.test.autoconfigure.webservices.client.MockWebServiceServerTestExecutionListener]
22:07:06.835 [main] INFO org.springframework.boot.test.context.SpringBootTestContextBootstrapper - Using TestExecutionListeners: [org.springframework.test.context.web.ServletTestExecutionListener@329bad59, org.springframework.test.context.support.DirtiesContextBeforeModesTestExecutionListener@862f408, org.springframework.boot.test.mock.mockito.MockitoTestExecutionListener@178f268a, org.springframework.boot.test.autoconfigure.SpringBootDependencyInjectionTestExecutionListener@33ecbd6c, org.springframework.test.context.support.DirtiesContextTestExecutionListener@5c723f2d, org.springframework.test.context.transaction.TransactionalTestExecutionListener@432f521f, org.springframework.test.context.jdbc.SqlScriptsTestExecutionListener@2d7a9786, org.springframework.security.test.context.support.WithSecurityContextTestExecutionListener@7bab5898, org.springframework.test.context.event.EventPublishingTestExecutionListener@366d8b97, org.springframework.security.test.context.support.ReactorContextTestExecutionListener@feb98ef, org.springframework.boot.test.mock.mockito.ResetMocksTestExecutionListener@7654f833, org.springframework.boot.test.autoconfigure.restdocs.RestDocsTestExecutionListener@571a01f9, org.springframework.boot.test.autoconfigure.web.client.MockRestServiceServerResetTestExecutionListener@d7109be, org.springframework.boot.test.autoconfigure.web.servlet.MockMvcPrintOnlyOnFailureTestExecutionListener@5e0ec41f, org.springframework.boot.test.autoconfigure.web.servlet.WebDriverTestExecutionListener@f4a3a8d, org.springframework.boot.test.autoconfigure.webservices.client.MockWebServiceServerTestExecutionListener@8d8f754]
22:07:06.835 [main] DEBUG org.springframework.test.annotation.ProfileValueUtils - Retrieved @ProfileValueSourceConfiguration [null] for test class [com.gmail.merikbest2015.ecommerce.mapper.UserMapperTest]
22:07:06.835 [main] DEBUG org.springframework.test.annotation.ProfileValueUtils - Retrieved ProfileValueSource type [class org.springframework.test.annotation.SystemProfileValueSource] for class [com.gmail.merikbest2015.ecommerce.mapper.UserMapperTest]
22:07:06.835 [main] DEBUG org.springframework.test.annotation.ProfileValueUtils - Retrieved @ProfileValueSourceConfiguration [null] for test class [com.gmail.merikbest2015.ecommerce.mapper.UserMapperTest]
22:07:06.835 [main] DEBUG org.springframework.test.annotation.ProfileValueUtils - Retrieved ProfileValueSource type [class org.springframework.test.annotation.SystemProfileValueSource] for class [com.gmail.merikbest2015.ecommerce.mapper.UserMapperTest]
22:07:06.835 [main] DEBUG org.springframework.test.annotation.ProfileValueUtils - Retrieved @ProfileValueSourceConfiguration [null] for test class [com.gmail.merikbest2015.ecommerce.mapper.UserMapperTest]
22:07:06.835 [main] DEBUG org.springframework.test.annotation.ProfileValueUtils - Retrieved ProfileValueSource type [class org.springframework.test.annotation.SystemProfileValueSource] for class [com.gmail.merikbest2015.ecommerce.mapper.UserMapperTest]
22:07:06.839 [main] DEBUG org.springframework.test.context.junit4.SpringJUnit4ClassRunner - SpringJUnit4ClassRunner constructor called with [class com.gmail.merikbest2015.ecommerce.mapper.PerfumeMapperTest]
22:07:06.840 [main] DEBUG org.springframework.test.context.BootstrapUtils - Instantiating CacheAwareContextLoaderDelegate from class [org.springframework.test.context.cache.DefaultCacheAwareContextLoaderDelegate]
22:07:06.840 [main] DEBUG org.springframework.test.context.BootstrapUtils - Instantiating BootstrapContext using constructor [public org.springframework.test.context.support.DefaultBootstrapContext(java.lang.Class,org.springframework.test.context.CacheAwareContextLoaderDelegate)]
22:07:06.840 [main] DEBUG org.springframework.test.context.BootstrapUtils - Instantiating TestContextBootstrapper for test class [com.gmail.merikbest2015.ecommerce.mapper.PerfumeMapperTest] from class [org.springframework.boot.test.context.SpringBootTestContextBootstrapper]
22:07:06.840 [main] INFO org.springframework.boot.test.context.SpringBootTestContextBootstrapper - Neither @ContextConfiguration nor @ContextHierarchy found for test class [com.gmail.merikbest2015.ecommerce.mapper.PerfumeMapperTest], using SpringBootContextLoader
22:07:06.841 [main] DEBUG org.springframework.test.context.support.AbstractContextLoader - Did not detect default resource location for test class [com.gmail.merikbest2015.ecommerce.mapper.PerfumeMapperTest]: class path resource [com/gmail/merikbest2015/ecommerce/mapper/PerfumeMapperTest-context.xml] does not exist
22:07:06.842 [main] DEBUG org.springframework.test.context.support.AbstractContextLoader - Did not detect default resource location for test class [com.gmail.merikbest2015.ecommerce.mapper.PerfumeMapperTest]: class path resource [com/gmail/merikbest2015/ecommerce/mapper/PerfumeMapperTestContext.groovy] does not exist
22:07:06.842 [main] INFO org.springframework.test.context.support.AbstractContextLoader - Could not detect default resource locations for test class [com.gmail.merikbest2015.ecommerce.mapper.PerfumeMapperTest]: no resource found for suffixes {-context.xml, Context.groovy}.
22:07:06.842 [main] INFO org.springframework.test.context.support.AnnotationConfigContextLoaderUtils - Could not detect default configuration classes for test class [com.gmail.merikbest2015.ecommerce.mapper.PerfumeMapperTest]: PerfumeMapperTest does not declare any static, non-private, non-final, nested classes annotated with @Configuration.
22:07:06.844 [main] DEBUG org.springframework.test.context.support.ActiveProfilesUtils - Could not find an 'annotation declaring class' for annotation type [org.springframework.test.context.ActiveProfiles] and class [com.gmail.merikbest2015.ecommerce.mapper.PerfumeMapperTest]
22:07:06.845 [main] INFO org.springframework.boot.test.context.SpringBootTestContextBootstrapper - Found @SpringBootConfiguration com.gmail.merikbest2015.ecommerce.EcommerceApplication for test class com.gmail.merikbest2015.ecommerce.mapper.PerfumeMapperTest
22:07:06.846 [main] DEBUG org.springframework.boot.test.context.SpringBootTestContextBootstrapper - @TestExecutionListeners is not present for class [com.gmail.merikbest2015.ecommerce.mapper.PerfumeMapperTest]: using defaults.
22:07:06.846 [main] INFO org.springframework.boot.test.context.SpringBootTestContextBootstrapper - Loaded default TestExecutionListener class names from location [META-INF/spring.factories]: [org.springframework.security.test.context.support.WithSecurityContextTestExecutionListener, org.springframework.security.test.context.support.ReactorContextTestExecutionListener, org.springframework.test.context.web.ServletTestExecutionListener, org.springframework.test.context.support.DirtiesContextBeforeModesTestExecutionListener, org.springframework.test.context.support.DependencyInjectionTestExecutionListener, org.springframework.test.context.support.DirtiesContextTestExecutionListener, org.springframework.test.context.transaction.TransactionalTestExecutionListener, org.springframework.test.context.jdbc.SqlScriptsTestExecutionListener, org.springframework.test.context.event.EventPublishingTestExecutionListener, org.springframework.boot.test.mock.mockito.MockitoTestExecutionListener, org.springframework.boot.test.mock.mockito.ResetMocksTestExecutionListener, org.springframework.boot.test.autoconfigure.restdocs.RestDocsTestExecutionListener, org.springframework.boot.test.autoconfigure.web.client.MockRestServiceServerResetTestExecutionListener, org.springframework.boot.test.autoconfigure.web.servlet.MockMvcPrintOnlyOnFailureTestExecutionListener, org.springframework.boot.test.autoconfigure.web.servlet.WebDriverTestExecutionListener, org.springframework.boot.test.autoconfigure.webservices.client.MockWebServiceServerTestExecutionListener]
22:07:06.847 [main] INFO org.springframework.boot.test.context.SpringBootTestContextBootstrapper - Using TestExecutionListeners: [org.springframework.test.context.web.ServletTestExecutionListener@2c88a3e8, org.springframework.test.context.support.DirtiesContextBeforeModesTestExecutionListener@68ac9ec5, org.springframework.boot.test.mock.mockito.MockitoTestExecutionListener@a50d709, org.springframework.boot.test.autoconfigure.SpringBootDependencyInjectionTestExecutionListener@5ed4bc, org.springframework.test.context.support.DirtiesContextTestExecutionListener@6920b0bc, org.springframework.test.context.transaction.TransactionalTestExecutionListener@65f651eb, org.springframework.test.context.jdbc.SqlScriptsTestExecutionListener@69923ac3, org.springframework.security.test.context.support.WithSecurityContextTestExecutionListener@1f1ff879, org.springframework.test.context.event.EventPublishingTestExecutionListener@73d60e76, org.springframework.security.test.context.support.ReactorContextTestExecutionListener@24f870ee, org.springframework.boot.test.mock.mockito.ResetMocksTestExecutionListener@5c441290, org.springframework.boot.test.autoconfigure.restdocs.RestDocsTestExecutionListener@3c78e551, org.springframework.boot.test.autoconfigure.web.client.MockRestServiceServerResetTestExecutionListener@7f1ef916, org.springframework.boot.test.autoconfigure.web.servlet.MockMvcPrintOnlyOnFailureTestExecutionListener@1886991b, org.springframework.boot.test.autoconfigure.web.servlet.WebDriverTestExecutionListener@64aad809, org.springframework.boot.test.autoconfigure.webservices.client.MockWebServiceServerTestExecutionListener@1f03fba0]
22:07:06.848 [main] DEBUG org.springframework.test.annotation.ProfileValueUtils - Retrieved @ProfileValueSourceConfiguration [null] for test class [com.gmail.merikbest2015.ecommerce.mapper.PerfumeMapperTest]
22:07:06.848 [main] DEBUG org.springframework.test.annotation.ProfileValueUtils - Retrieved ProfileValueSource type [class org.springframework.test.annotation.SystemProfileValueSource] for class [com.gmail.merikbest2015.ecommerce.mapper.PerfumeMapperTest]
22:07:06.848 [main] DEBUG org.springframework.test.annotation.ProfileValueUtils - Retrieved @ProfileValueSourceConfiguration [null] for test class [com.gmail.merikbest2015.ecommerce.mapper.PerfumeMapperTest]
22:07:06.848 [main] DEBUG org.springframework.test.annotation.ProfileValueUtils - Retrieved ProfileValueSource type [class org.springframework.test.annotation.SystemProfileValueSource] for class [com.gmail.merikbest2015.ecommerce.mapper.PerfumeMapperTest]
22:07:06.848 [main] DEBUG org.springframework.test.annotation.ProfileValueUtils - Retrieved @ProfileValueSourceConfiguration [null] for test class [com.gmail.merikbest2015.ecommerce.mapper.PerfumeMapperTest]
22:07:06.848 [main] DEBUG org.springframework.test.annotation.ProfileValueUtils - Retrieved ProfileValueSource type [class org.springframework.test.annotation.SystemProfileValueSource] for class [com.gmail.merikbest2015.ecommerce.mapper.PerfumeMapperTest]
22:07:06.851 [main] DEBUG org.springframework.test.context.junit4.SpringJUnit4ClassRunner - SpringJUnit4ClassRunner constructor called with [class com.gmail.merikbest2015.ecommerce.mapper.OrderMapperTest]
22:07:06.851 [main] DEBUG org.springframework.test.context.BootstrapUtils - Instantiating CacheAwareContextLoaderDelegate from class [org.springframework.test.context.cache.DefaultCacheAwareContextLoaderDelegate]
22:07:06.851 [main] DEBUG org.springframework.test.context.BootstrapUtils - Instantiating BootstrapContext using constructor [public org.springframework.test.context.support.DefaultBootstrapContext(java.lang.Class,org.springframework.test.context.CacheAwareContextLoaderDelegate)]
22:07:06.851 [main] DEBUG org.springframework.test.context.BootstrapUtils - Instantiating TestContextBootstrapper for test class [com.gmail.merikbest2015.ecommerce.mapper.OrderMapperTest] from class [org.springframework.boot.test.context.SpringBootTestContextBootstrapper]
22:07:06.852 [main] INFO org.springframework.boot.test.context.SpringBootTestContextBootstrapper - Neither @ContextConfiguration nor @ContextHierarchy found for test class [com.gmail.merikbest2015.ecommerce.mapper.OrderMapperTest], using SpringBootContextLoader
22:07:06.852 [main] DEBUG org.springframework.test.context.support.AbstractContextLoader - Did not detect default resource location for test class [com.gmail.merikbest2015.ecommerce.mapper.OrderMapperTest]: class path resource [com/gmail/merikbest2015/ecommerce/mapper/OrderMapperTest-context.xml] does not exist
22:07:06.853 [main] DEBUG org.springframework.test.context.support.AbstractContextLoader - Did not detect default resource location for test class [com.gmail.merikbest2015.ecommerce.mapper.OrderMapperTest]: class path resource [com/gmail/merikbest2015/ecommerce/mapper/OrderMapperTestContext.groovy] does not exist
22:07:06.853 [main] INFO org.springframework.test.context.support.AbstractContextLoader - Could not detect default resource locations for test class [com.gmail.merikbest2015.ecommerce.mapper.OrderMapperTest]: no resource found for suffixes {-context.xml, Context.groovy}.
22:07:06.853 [main] INFO org.springframework.test.context.support.AnnotationConfigContextLoaderUtils - Could not detect default configuration classes for test class [com.gmail.merikbest2015.ecommerce.mapper.OrderMapperTest]: OrderMapperTest does not declare any static, non-private, non-final, nested classes annotated with @Configuration.
22:07:06.854 [main] DEBUG org.springframework.test.context.support.ActiveProfilesUtils - Could not find an 'annotation declaring class' for annotation type [org.springframework.test.context.ActiveProfiles] and class [com.gmail.merikbest2015.ecommerce.mapper.OrderMapperTest]
22:07:06.855 [main] INFO org.springframework.boot.test.context.SpringBootTestContextBootstrapper - Found @SpringBootConfiguration com.gmail.merikbest2015.ecommerce.EcommerceApplication for test class com.gmail.merikbest2015.ecommerce.mapper.OrderMapperTest
22:07:06.857 [main] DEBUG org.springframework.boot.test.context.SpringBootTestContextBootstrapper - @TestExecutionListeners is not present for class [com.gmail.merikbest2015.ecommerce.mapper.OrderMapperTest]: using defaults.
22:07:06.857 [main] INFO org.springframework.boot.test.context.SpringBootTestContextBootstrapper - Loaded default TestExecutionListener class names from location [META-INF/spring.factories]: [org.springframework.security.test.context.support.WithSecurityContextTestExecutionListener, org.springframework.security.test.context.support.ReactorContextTestExecutionListener, org.springframework.test.context.web.ServletTestExecutionListener, org.springframework.test.context.support.DirtiesContextBeforeModesTestExecutionListener, org.springframework.test.context.support.DependencyInjectionTestExecutionListener, org.springframework.test.context.support.DirtiesContextTestExecutionListener, org.springframework.test.context.transaction.TransactionalTestExecutionListener, org.springframework.test.context.jdbc.SqlScriptsTestExecutionListener, org.springframework.test.context.event.EventPublishingTestExecutionListener, org.springframework.boot.test.mock.mockito.MockitoTestExecutionListener, org.springframework.boot.test.mock.mockito.ResetMocksTestExecutionListener, org.springframework.boot.test.autoconfigure.restdocs.RestDocsTestExecutionListener, org.springframework.boot.test.autoconfigure.web.client.MockRestServiceServerResetTestExecutionListener, org.springframework.boot.test.autoconfigure.web.servlet.MockMvcPrintOnlyOnFailureTestExecutionListener, org.springframework.boot.test.autoconfigure.web.servlet.WebDriverTestExecutionListener, org.springframework.boot.test.autoconfigure.webservices.client.MockWebServiceServerTestExecutionListener]
22:07:06.858 [main] INFO org.springframework.boot.test.context.SpringBootTestContextBootstrapper - Using TestExecutionListeners: [org.springframework.test.context.web.ServletTestExecutionListener@75a0c890, org.springframework.test.context.support.DirtiesContextBeforeModesTestExecutionListener@358ab600, org.springframework.boot.test.mock.mockito.MockitoTestExecutionListener@e26af6, org.springframework.boot.test.autoconfigure.SpringBootDependencyInjectionTestExecutionListener@44065156, org.springframework.test.context.support.DirtiesContextTestExecutionListener@3791f50e, org.springframework.test.context.transaction.TransactionalTestExecutionListener@574b7f4a, org.springframework.test.context.jdbc.SqlScriptsTestExecutionListener@44ed0a8f, org.springframework.security.test.context.support.WithSecurityContextTestExecutionListener@32177fa5, org.springframework.test.context.event.EventPublishingTestExecutionListener@a96d56c, org.springframework.security.test.context.support.ReactorContextTestExecutionListener@6ab4a5b, org.springframework.boot.test.mock.mockito.ResetMocksTestExecutionListener@2abe9173, org.springframework.boot.test.autoconfigure.restdocs.RestDocsTestExecutionListener@235d29d6, org.springframework.boot.test.autoconfigure.web.client.MockRestServiceServerResetTestExecutionListener@1fdca564, org.springframework.boot.test.autoconfigure.web.servlet.MockMvcPrintOnlyOnFailureTestExecutionListener@43f9dd56, org.springframework.boot.test.autoconfigure.web.servlet.WebDriverTestExecutionListener@1d12e953, org.springframework.boot.test.autoconfigure.webservices.client.MockWebServiceServerTestExecutionListener@57cb70be]
22:07:06.858 [main] DEBUG org.springframework.test.annotation.ProfileValueUtils - Retrieved @ProfileValueSourceConfiguration [null] for test class [com.gmail.merikbest2015.ecommerce.mapper.OrderMapperTest]
22:07:06.858 [main] DEBUG org.springframework.test.annotation.ProfileValueUtils - Retrieved ProfileValueSource type [class org.springframework.test.annotation.SystemProfileValueSource] for class [com.gmail.merikbest2015.ecommerce.mapper.OrderMapperTest]
22:07:06.858 [main] DEBUG org.springframework.test.annotation.ProfileValueUtils - Retrieved @ProfileValueSourceConfiguration [null] for test class [com.gmail.merikbest2015.ecommerce.mapper.OrderMapperTest]
22:07:06.858 [main] DEBUG org.springframework.test.annotation.ProfileValueUtils - Retrieved ProfileValueSource type [class org.springframework.test.annotation.SystemProfileValueSource] for class [com.gmail.merikbest2015.ecommerce.mapper.OrderMapperTest]
22:07:06.858 [main] DEBUG org.springframework.test.annotation.ProfileValueUtils - Retrieved @ProfileValueSourceConfiguration [null] for test class [com.gmail.merikbest2015.ecommerce.mapper.OrderMapperTest]
22:07:06.858 [main] DEBUG org.springframework.test.annotation.ProfileValueUtils - Retrieved ProfileValueSource type [class org.springframework.test.annotation.SystemProfileValueSource] for class [com.gmail.merikbest2015.ecommerce.mapper.OrderMapperTest]
22:07:06.864 [main] DEBUG org.springframework.test.context.junit4.SpringJUnit4ClassRunner - SpringJUnit4ClassRunner constructor called with [class com.gmail.merikbest2015.ecommerce.service.Impl.UserServiceImlTest]
22:07:06.864 [main] DEBUG org.springframework.test.context.BootstrapUtils - Instantiating CacheAwareContextLoaderDelegate from class [org.springframework.test.context.cache.DefaultCacheAwareContextLoaderDelegate]
22:07:06.865 [main] DEBUG org.springframework.test.context.BootstrapUtils - Instantiating BootstrapContext using constructor [public org.springframework.test.context.support.DefaultBootstrapContext(java.lang.Class,org.springframework.test.context.CacheAwareContextLoaderDelegate)]
22:07:06.865 [main] DEBUG org.springframework.test.context.BootstrapUtils - Instantiating TestContextBootstrapper for test class [com.gmail.merikbest2015.ecommerce.service.Impl.UserServiceImlTest] from class [org.springframework.boot.test.context.SpringBootTestContextBootstrapper]
22:07:06.865 [main] INFO org.springframework.boot.test.context.SpringBootTestContextBootstrapper - Neither @ContextConfiguration nor @ContextHierarchy found for test class [com.gmail.merikbest2015.ecommerce.service.Impl.UserServiceImlTest], using SpringBootContextLoader
22:07:06.866 [main] DEBUG org.springframework.test.context.support.AbstractContextLoader - Did not detect default resource location for test class [com.gmail.merikbest2015.ecommerce.service.Impl.UserServiceImlTest]: class path resource [com/gmail/merikbest2015/ecommerce/service/Impl/UserServiceImlTest-context.xml] does not exist
22:07:06.866 [main] DEBUG org.springframework.test.context.support.AbstractContextLoader - Did not detect default resource location for test class [com.gmail.merikbest2015.ecommerce.service.Impl.UserServiceImlTest]: class path resource [com/gmail/merikbest2015/ecommerce/service/Impl/UserServiceImlTestContext.groovy] does not exist
22:07:06.866 [main] INFO org.springframework.test.context.support.AbstractContextLoader - Could not detect default resource locations for test class [com.gmail.merikbest2015.ecommerce.service.Impl.UserServiceImlTest]: no resource found for suffixes {-context.xml, Context.groovy}.
22:07:06.866 [main] INFO org.springframework.test.context.support.AnnotationConfigContextLoaderUtils - Could not detect default configuration classes for test class [com.gmail.merikbest2015.ecommerce.service.Impl.UserServiceImlTest]: UserServiceImlTest does not declare any static, non-private, non-final, nested classes annotated with @Configuration.
22:07:06.868 [main] DEBUG org.springframework.test.context.support.ActiveProfilesUtils - Could not find an 'annotation declaring class' for annotation type [org.springframework.test.context.ActiveProfiles] and class [com.gmail.merikbest2015.ecommerce.service.Impl.UserServiceImlTest]
22:07:06.880 [main] DEBUG org.springframework.context.annotation.ClassPathScanningCandidateComponentProvider - Identified candidate component class: file [/home/runner/work/desofs2025_wed_nap_1/desofs2025_wed_nap_1/target/classes/com/gmail/merikbest2015/ecommerce/EcommerceApplication.class]
22:07:06.880 [main] INFO org.springframework.boot.test.context.SpringBootTestContextBootstrapper - Found @SpringBootConfiguration com.gmail.merikbest2015.ecommerce.EcommerceApplication for test class com.gmail.merikbest2015.ecommerce.service.Impl.UserServiceImlTest
22:07:06.882 [main] DEBUG org.springframework.boot.test.context.SpringBootTestContextBootstrapper - @TestExecutionListeners is not present for class [com.gmail.merikbest2015.ecommerce.service.Impl.UserServiceImlTest]: using defaults.
22:07:06.882 [main] INFO org.springframework.boot.test.context.SpringBootTestContextBootstrapper - Loaded default TestExecutionListener class names from location [META-INF/spring.factories]: [org.springframework.security.test.context.support.WithSecurityContextTestExecutionListener, org.springframework.security.test.context.support.ReactorContextTestExecutionListener, org.springframework.test.context.web.ServletTestExecutionListener, org.springframework.test.context.support.DirtiesContextBeforeModesTestExecutionListener, org.springframework.test.context.support.DependencyInjectionTestExecutionListener, org.springframework.test.context.support.DirtiesContextTestExecutionListener, org.springframework.test.context.transaction.TransactionalTestExecutionListener, org.springframework.test.context.jdbc.SqlScriptsTestExecutionListener, org.springframework.test.context.event.EventPublishingTestExecutionListener, org.springframework.boot.test.mock.mockito.MockitoTestExecutionListener, org.springframework.boot.test.mock.mockito.ResetMocksTestExecutionListener, org.springframework.boot.test.autoconfigure.restdocs.RestDocsTestExecutionListener, org.springframework.boot.test.autoconfigure.web.client.MockRestServiceServerResetTestExecutionListener, org.springframework.boot.test.autoconfigure.web.servlet.MockMvcPrintOnlyOnFailureTestExecutionListener, org.springframework.boot.test.autoconfigure.web.servlet.WebDriverTestExecutionListener, org.springframework.boot.test.autoconfigure.webservices.client.MockWebServiceServerTestExecutionListener]
22:07:06.883 [main] INFO org.springframework.boot.test.context.SpringBootTestContextBootstrapper - Using TestExecutionListeners: [org.springframework.test.context.web.ServletTestExecutionListener@4e682398, org.springframework.test.context.support.DirtiesContextBeforeModesTestExecutionListener@670b3ca, org.springframework.boot.test.mock.mockito.MockitoTestExecutionListener@24a86066, org.springframework.boot.test.autoconfigure.SpringBootDependencyInjectionTestExecutionListener@54402c04, org.springframework.test.context.support.DirtiesContextTestExecutionListener@5b3bb1f7, org.springframework.test.context.transaction.TransactionalTestExecutionListener@58d6b7b9, org.springframework.test.context.jdbc.SqlScriptsTestExecutionListener@3f1a4795, org.springframework.security.test.context.support.WithSecurityContextTestExecutionListener@6a6f6c7e, org.springframework.test.context.event.EventPublishingTestExecutionListener@6c5ddccd, org.springframework.security.test.context.support.ReactorContextTestExecutionListener@1dbd580, org.springframework.boot.test.mock.mockito.ResetMocksTestExecutionListener@6c101cc1, org.springframework.boot.test.autoconfigure.restdocs.RestDocsTestExecutionListener@7d0d91a1, org.springframework.boot.test.autoconfigure.web.client.MockRestServiceServerResetTestExecutionListener@7fb48179, org.springframework.boot.test.autoconfigure.web.servlet.MockMvcPrintOnlyOnFailureTestExecutionListener@201c3cda, org.springframework.boot.test.autoconfigure.web.servlet.WebDriverTestExecutionListener@4c86da0c, org.springframework.boot.test.autoconfigure.webservices.client.MockWebServiceServerTestExecutionListener@5d97caa4]
22:07:06.883 [main] DEBUG org.springframework.test.annotation.ProfileValueUtils - Retrieved @ProfileValueSourceConfiguration [null] for test class [com.gmail.merikbest2015.ecommerce.service.Impl.UserServiceImlTest]
22:07:06.883 [main] DEBUG org.springframework.test.annotation.ProfileValueUtils - Retrieved ProfileValueSource type [class org.springframework.test.annotation.SystemProfileValueSource] for class [com.gmail.merikbest2015.ecommerce.service.Impl.UserServiceImlTest]
22:07:06.883 [main] DEBUG org.springframework.test.annotation.ProfileValueUtils - Retrieved @ProfileValueSourceConfiguration [null] for test class [com.gmail.merikbest2015.ecommerce.service.Impl.UserServiceImlTest]
22:07:06.883 [main] DEBUG org.springframework.test.annotation.ProfileValueUtils - Retrieved ProfileValueSource type [class org.springframework.test.annotation.SystemProfileValueSource] for class [com.gmail.merikbest2015.ecommerce.service.Impl.UserServiceImlTest]
22:07:06.883 [main] DEBUG org.springframework.test.annotation.ProfileValueUtils - Retrieved @ProfileValueSourceConfiguration [null] for test class [com.gmail.merikbest2015.ecommerce.service.Impl.UserServiceImlTest]
22:07:06.883 [main] DEBUG org.springframework.test.annotation.ProfileValueUtils - Retrieved ProfileValueSource type [class org.springframework.test.annotation.SystemProfileValueSource] for class [com.gmail.merikbest2015.ecommerce.service.Impl.UserServiceImlTest]
22:07:06.906 [main] DEBUG org.springframework.test.context.junit4.SpringJUnit4ClassRunner - SpringJUnit4ClassRunner constructor called with [class com.gmail.merikbest2015.ecommerce.service.Impl.AuthenticationServiceImplTest]
22:07:06.906 [main] DEBUG org.springframework.test.context.BootstrapUtils - Instantiating CacheAwareContextLoaderDelegate from class [org.springframework.test.context.cache.DefaultCacheAwareContextLoaderDelegate]
22:07:06.906 [main] DEBUG org.springframework.test.context.BootstrapUtils - Instantiating BootstrapContext using constructor [public org.springframework.test.context.support.DefaultBootstrapContext(java.lang.Class,org.springframework.test.context.CacheAwareContextLoaderDelegate)]
22:07:06.907 [main] DEBUG org.springframework.test.context.BootstrapUtils - Instantiating TestContextBootstrapper for test class [com.gmail.merikbest2015.ecommerce.service.Impl.AuthenticationServiceImplTest] from class [org.springframework.boot.test.context.SpringBootTestContextBootstrapper]
22:07:06.907 [main] INFO org.springframework.boot.test.context.SpringBootTestContextBootstrapper - Neither @ContextConfiguration nor @ContextHierarchy found for test class [com.gmail.merikbest2015.ecommerce.service.Impl.AuthenticationServiceImplTest], using SpringBootContextLoader
22:07:06.907 [main] DEBUG org.springframework.test.context.support.AbstractContextLoader - Did not detect default resource location for test class [com.gmail.merikbest2015.ecommerce.service.Impl.AuthenticationServiceImplTest]: class path resource [com/gmail/merikbest2015/ecommerce/service/Impl/AuthenticationServiceImplTest-context.xml] does not exist
22:07:06.908 [main] DEBUG org.springframework.test.context.support.AbstractContextLoader - Did not detect default resource location for test class [com.gmail.merikbest2015.ecommerce.service.Impl.AuthenticationServiceImplTest]: class path resource [com/gmail/merikbest2015/ecommerce/service/Impl/AuthenticationServiceImplTestContext.groovy] does not exist
22:07:06.908 [main] INFO org.springframework.test.context.support.AbstractContextLoader - Could not detect default resource locations for test class [com.gmail.merikbest2015.ecommerce.service.Impl.AuthenticationServiceImplTest]: no resource found for suffixes {-context.xml, Context.groovy}.
22:07:06.912 [main] INFO org.springframework.test.context.support.AnnotationConfigContextLoaderUtils - Could not detect default configuration classes for test class [com.gmail.merikbest2015.ecommerce.service.Impl.AuthenticationServiceImplTest]: AuthenticationServiceImplTest does not declare any static, non-private, non-final, nested classes annotated with @Configuration.
22:07:06.920 [main] DEBUG org.springframework.test.context.support.ActiveProfilesUtils - Could not find an 'annotation declaring class' for annotation type [org.springframework.test.context.ActiveProfiles] and class [com.gmail.merikbest2015.ecommerce.service.Impl.AuthenticationServiceImplTest]
22:07:06.920 [main] INFO org.springframework.boot.test.context.SpringBootTestContextBootstrapper - Found @SpringBootConfiguration com.gmail.merikbest2015.ecommerce.EcommerceApplication for test class com.gmail.merikbest2015.ecommerce.service.Impl.AuthenticationServiceImplTest
22:07:06.925 [main] DEBUG org.springframework.boot.test.context.SpringBootTestContextBootstrapper - @TestExecutionListeners is not present for class [com.gmail.merikbest2015.ecommerce.service.Impl.AuthenticationServiceImplTest]: using defaults.
22:07:06.925 [main] INFO org.springframework.boot.test.context.SpringBootTestContextBootstrapper - Loaded default TestExecutionListener class names from location [META-INF/spring.factories]: [org.springframework.security.test.context.support.WithSecurityContextTestExecutionListener, org.springframework.security.test.context.support.ReactorContextTestExecutionListener, org.springframework.test.context.web.ServletTestExecutionListener, org.springframework.test.context.support.DirtiesContextBeforeModesTestExecutionListener, org.springframework.test.context.support.DependencyInjectionTestExecutionListener, org.springframework.test.context.support.DirtiesContextTestExecutionListener, org.springframework.test.context.transaction.TransactionalTestExecutionListener, org.springframework.test.context.jdbc.SqlScriptsTestExecutionListener, org.springframework.test.context.event.EventPublishingTestExecutionListener, org.springframework.boot.test.mock.mockito.MockitoTestExecutionListener, org.springframework.boot.test.mock.mockito.ResetMocksTestExecutionListener, org.springframework.boot.test.autoconfigure.restdocs.RestDocsTestExecutionListener, org.springframework.boot.test.autoconfigure.web.client.MockRestServiceServerResetTestExecutionListener, org.springframework.boot.test.autoconfigure.web.servlet.MockMvcPrintOnlyOnFailureTestExecutionListener, org.springframework.boot.test.autoconfigure.web.servlet.WebDriverTestExecutionListener, org.springframework.boot.test.autoconfigure.webservices.client.MockWebServiceServerTestExecutionListener]
22:07:06.926 [main] INFO org.springframework.boot.test.context.SpringBootTestContextBootstrapper - Using TestExecutionListeners: [org.springframework.test.context.web.ServletTestExecutionListener@606f81b5, org.springframework.test.context.support.DirtiesContextBeforeModesTestExecutionListener@5e1fc42f, org.springframework.boot.test.mock.mockito.MockitoTestExecutionListener@44b21f9f, org.springframework.boot.test.autoconfigure.SpringBootDependencyInjectionTestExecutionListener@7ee8130e, org.springframework.test.context.support.DirtiesContextTestExecutionListener@6296474f, org.springframework.test.context.transaction.TransactionalTestExecutionListener@4288d98e, org.springframework.test.context.jdbc.SqlScriptsTestExecutionListener@169268a7, org.springframework.security.test.context.support.WithSecurityContextTestExecutionListener@285c6918, org.springframework.test.context.event.EventPublishingTestExecutionListener@78a0ff63, org.springframework.security.test.context.support.ReactorContextTestExecutionListener@7c601d50, org.springframework.boot.test.mock.mockito.ResetMocksTestExecutionListener@79b2852b, org.springframework.boot.test.autoconfigure.restdocs.RestDocsTestExecutionListener@326d27ac, org.springframework.boot.test.autoconfigure.web.client.MockRestServiceServerResetTestExecutionListener@4d499d65, org.springframework.boot.test.autoconfigure.web.servlet.MockMvcPrintOnlyOnFailureTestExecutionListener@313f8301, org.springframework.boot.test.autoconfigure.web.servlet.WebDriverTestExecutionListener@5cc9d3d0, org.springframework.boot.test.autoconfigure.webservices.client.MockWebServiceServerTestExecutionListener@7c2dfa2]
22:07:06.926 [main] DEBUG org.springframework.test.annotation.ProfileValueUtils - Retrieved @ProfileValueSourceConfiguration [null] for test class [com.gmail.merikbest2015.ecommerce.service.Impl.AuthenticationServiceImplTest]
22:07:06.926 [main] DEBUG org.springframework.test.annotation.ProfileValueUtils - Retrieved ProfileValueSource type [class org.springframework.test.annotation.SystemProfileValueSource] for class [com.gmail.merikbest2015.ecommerce.service.Impl.AuthenticationServiceImplTest]
22:07:06.929 [main] DEBUG org.springframework.test.annotation.ProfileValueUtils - Retrieved @ProfileValueSourceConfiguration [null] for test class [com.gmail.merikbest2015.ecommerce.service.Impl.AuthenticationServiceImplTest]
22:07:06.929 [main] DEBUG org.springframework.test.annotation.ProfileValueUtils - Retrieved ProfileValueSource type [class org.springframework.test.annotation.SystemProfileValueSource] for class [com.gmail.merikbest2015.ecommerce.service.Impl.AuthenticationServiceImplTest]
22:07:06.929 [main] DEBUG org.springframework.test.annotation.ProfileValueUtils - Retrieved @ProfileValueSourceConfiguration [null] for test class [com.gmail.merikbest2015.ecommerce.service.Impl.AuthenticationServiceImplTest]
22:07:06.930 [main] DEBUG org.springframework.test.annotation.ProfileValueUtils - Retrieved ProfileValueSource type [class org.springframework.test.annotation.SystemProfileValueSource] for class [com.gmail.merikbest2015.ecommerce.service.Impl.AuthenticationServiceImplTest]
22:07:06.938 [main] DEBUG org.springframework.test.context.junit4.SpringJUnit4ClassRunner - SpringJUnit4ClassRunner constructor called with [class com.gmail.merikbest2015.ecommerce.service.Impl.ReviewServiceImplTest]
22:07:06.938 [main] DEBUG org.springframework.test.context.BootstrapUtils - Instantiating CacheAwareContextLoaderDelegate from class [org.springframework.test.context.cache.DefaultCacheAwareContextLoaderDelegate]
22:07:06.941 [main] DEBUG org.springframework.test.context.BootstrapUtils - Instantiating BootstrapContext using constructor [public org.springframework.test.context.support.DefaultBootstrapContext(java.lang.Class,org.springframework.test.context.CacheAwareContextLoaderDelegate)]
22:07:06.941 [main] DEBUG org.springframework.test.context.BootstrapUtils - Instantiating TestContextBootstrapper for test class [com.gmail.merikbest2015.ecommerce.service.Impl.ReviewServiceImplTest] from class [org.springframework.boot.test.context.SpringBootTestContextBootstrapper]
22:07:06.942 [main] INFO org.springframework.boot.test.context.SpringBootTestContextBootstrapper - Neither @ContextConfiguration nor @ContextHierarchy found for test class [com.gmail.merikbest2015.ecommerce.service.Impl.ReviewServiceImplTest], using SpringBootContextLoader
22:07:06.942 [main] DEBUG org.springframework.test.context.support.AbstractContextLoader - Did not detect default resource location for test class [com.gmail.merikbest2015.ecommerce.service.Impl.ReviewServiceImplTest]: class path resource [com/gmail/merikbest2015/ecommerce/service/Impl/ReviewServiceImplTest-context.xml] does not exist
22:07:06.943 [main] DEBUG org.springframework.test.context.support.AbstractContextLoader - Did not detect default resource location for test class [com.gmail.merikbest2015.ecommerce.service.Impl.ReviewServiceImplTest]: class path resource [com/gmail/merikbest2015/ecommerce/service/Impl/ReviewServiceImplTestContext.groovy] does not exist
22:07:06.943 [main] INFO org.springframework.test.context.support.AbstractContextLoader - Could not detect default resource locations for test class [com.gmail.merikbest2015.ecommerce.service.Impl.ReviewServiceImplTest]: no resource found for suffixes {-context.xml, Context.groovy}.
22:07:06.943 [main] INFO org.springframework.test.context.support.AnnotationConfigContextLoaderUtils - Could not detect default configuration classes for test class [com.gmail.merikbest2015.ecommerce.service.Impl.ReviewServiceImplTest]: ReviewServiceImplTest does not declare any static, non-private, non-final, nested classes annotated with @Configuration.
22:07:06.949 [main] DEBUG org.springframework.test.context.support.ActiveProfilesUtils - Could not find an 'annotation declaring class' for annotation type [org.springframework.test.context.ActiveProfiles] and class [com.gmail.merikbest2015.ecommerce.service.Impl.ReviewServiceImplTest]
22:07:06.950 [main] INFO org.springframework.boot.test.context.SpringBootTestContextBootstrapper - Found @SpringBootConfiguration com.gmail.merikbest2015.ecommerce.EcommerceApplication for test class com.gmail.merikbest2015.ecommerce.service.Impl.ReviewServiceImplTest
22:07:06.952 [main] DEBUG org.springframework.boot.test.context.SpringBootTestContextBootstrapper - @TestExecutionListeners is not present for class [com.gmail.merikbest2015.ecommerce.service.Impl.ReviewServiceImplTest]: using defaults.
22:07:06.952 [main] INFO org.springframework.boot.test.context.SpringBootTestContextBootstrapper - Loaded default TestExecutionListener class names from location [META-INF/spring.factories]: [org.springframework.security.test.context.support.WithSecurityContextTestExecutionListener, org.springframework.security.test.context.support.ReactorContextTestExecutionListener, org.springframework.test.context.web.ServletTestExecutionListener, org.springframework.test.context.support.DirtiesContextBeforeModesTestExecutionListener, org.springframework.test.context.support.DependencyInjectionTestExecutionListener, org.springframework.test.context.support.DirtiesContextTestExecutionListener, org.springframework.test.context.transaction.TransactionalTestExecutionListener, org.springframework.test.context.jdbc.SqlScriptsTestExecutionListener, org.springframework.test.context.event.EventPublishingTestExecutionListener, org.springframework.boot.test.mock.mockito.MockitoTestExecutionListener, org.springframework.boot.test.mock.mockito.ResetMocksTestExecutionListener, org.springframework.boot.test.autoconfigure.restdocs.RestDocsTestExecutionListener, org.springframework.boot.test.autoconfigure.web.client.MockRestServiceServerResetTestExecutionListener, org.springframework.boot.test.autoconfigure.web.servlet.MockMvcPrintOnlyOnFailureTestExecutionListener, org.springframework.boot.test.autoconfigure.web.servlet.WebDriverTestExecutionListener, org.springframework.boot.test.autoconfigure.webservices.client.MockWebServiceServerTestExecutionListener]
22:07:06.953 [main] INFO org.springframework.boot.test.context.SpringBootTestContextBootstrapper - Using TestExecutionListeners: [org.springframework.test.context.web.ServletTestExecutionListener@597f0937, org.springframework.test.context.support.DirtiesContextBeforeModesTestExecutionListener@7ad1caa2, org.springframework.boot.test.mock.mockito.MockitoTestExecutionListener@6b6b3572, org.springframework.boot.test.autoconfigure.SpringBootDependencyInjectionTestExecutionListener@65d8dff8, org.springframework.test.context.support.DirtiesContextTestExecutionListener@444f44c5, org.springframework.test.context.transaction.TransactionalTestExecutionListener@303f1234, org.springframework.test.context.jdbc.SqlScriptsTestExecutionListener@24d61e4, org.springframework.security.test.context.support.WithSecurityContextTestExecutionListener@2149594a, org.springframework.test.context.event.EventPublishingTestExecutionListener@1f1e58ca, org.springframework.security.test.context.support.ReactorContextTestExecutionListener@57f847af, org.springframework.boot.test.mock.mockito.ResetMocksTestExecutionListener@3ed34ef5, org.springframework.boot.test.autoconfigure.restdocs.RestDocsTestExecutionListener@553bc36c, org.springframework.boot.test.autoconfigure.web.client.MockRestServiceServerResetTestExecutionListener@380e1909, org.springframework.boot.test.autoconfigure.web.servlet.MockMvcPrintOnlyOnFailureTestExecutionListener@2d5ef498, org.springframework.boot.test.autoconfigure.web.servlet.WebDriverTestExecutionListener@95eb320, org.springframework.boot.test.autoconfigure.webservices.client.MockWebServiceServerTestExecutionListener@2f521c4]
22:07:06.953 [main] DEBUG org.springframework.test.annotation.ProfileValueUtils - Retrieved @ProfileValueSourceConfiguration [null] for test class [com.gmail.merikbest2015.ecommerce.service.Impl.ReviewServiceImplTest]
22:07:06.953 [main] DEBUG org.springframework.test.annotation.ProfileValueUtils - Retrieved ProfileValueSource type [class org.springframework.test.annotation.SystemProfileValueSource] for class [com.gmail.merikbest2015.ecommerce.service.Impl.ReviewServiceImplTest]
22:07:06.957 [main] DEBUG org.springframework.test.annotation.ProfileValueUtils - Retrieved @ProfileValueSourceConfiguration [null] for test class [com.gmail.merikbest2015.ecommerce.service.Impl.ReviewServiceImplTest]
22:07:06.957 [main] DEBUG org.springframework.test.annotation.ProfileValueUtils - Retrieved ProfileValueSource type [class org.springframework.test.annotation.SystemProfileValueSource] for class [com.gmail.merikbest2015.ecommerce.service.Impl.ReviewServiceImplTest]
22:07:06.957 [main] DEBUG org.springframework.test.annotation.ProfileValueUtils - Retrieved @ProfileValueSourceConfiguration [null] for test class [com.gmail.merikbest2015.ecommerce.service.Impl.ReviewServiceImplTest]
22:07:06.957 [main] DEBUG org.springframework.test.annotation.ProfileValueUtils - Retrieved ProfileValueSource type [class org.springframework.test.annotation.SystemProfileValueSource] for class [com.gmail.merikbest2015.ecommerce.service.Impl.ReviewServiceImplTest]
22:07:06.965 [main] DEBUG org.springframework.test.context.junit4.SpringJUnit4ClassRunner - SpringJUnit4ClassRunner constructor called with [class com.gmail.merikbest2015.ecommerce.service.Impl.OrderServiceImplTest]
22:07:06.965 [main] DEBUG org.springframework.test.context.BootstrapUtils - Instantiating CacheAwareContextLoaderDelegate from class [org.springframework.test.context.cache.DefaultCacheAwareContextLoaderDelegate]
22:07:06.965 [main] DEBUG org.springframework.test.context.BootstrapUtils - Instantiating BootstrapContext using constructor [public org.springframework.test.context.support.DefaultBootstrapContext(java.lang.Class,org.springframework.test.context.CacheAwareContextLoaderDelegate)]
22:07:06.965 [main] DEBUG org.springframework.test.context.BootstrapUtils - Instantiating TestContextBootstrapper for test class [com.gmail.merikbest2015.ecommerce.service.Impl.OrderServiceImplTest] from class [org.springframework.boot.test.context.SpringBootTestContextBootstrapper]
22:07:06.965 [main] INFO org.springframework.boot.test.context.SpringBootTestContextBootstrapper - Neither @ContextConfiguration nor @ContextHierarchy found for test class [com.gmail.merikbest2015.ecommerce.service.Impl.OrderServiceImplTest], using SpringBootContextLoader
22:07:06.966 [main] DEBUG org.springframework.test.context.support.AbstractContextLoader - Did not detect default resource location for test class [com.gmail.merikbest2015.ecommerce.service.Impl.OrderServiceImplTest]: class path resource [com/gmail/merikbest2015/ecommerce/service/Impl/OrderServiceImplTest-context.xml] does not exist
22:07:06.970 [main] DEBUG org.springframework.test.context.support.AbstractContextLoader - Did not detect default resource location for test class [com.gmail.merikbest2015.ecommerce.service.Impl.OrderServiceImplTest]: class path resource [com/gmail/merikbest2015/ecommerce/service/Impl/OrderServiceImplTestContext.groovy] does not exist
22:07:06.970 [main] INFO org.springframework.test.context.support.AbstractContextLoader - Could not detect default resource locations for test class [com.gmail.merikbest2015.ecommerce.service.Impl.OrderServiceImplTest]: no resource found for suffixes {-context.xml, Context.groovy}.
22:07:06.970 [main] INFO org.springframework.test.context.support.AnnotationConfigContextLoaderUtils - Could not detect default configuration classes for test class [com.gmail.merikbest2015.ecommerce.service.Impl.OrderServiceImplTest]: OrderServiceImplTest does not declare any static, non-private, non-final, nested classes annotated with @Configuration.
22:07:06.972 [main] DEBUG org.springframework.test.context.support.ActiveProfilesUtils - Could not find an 'annotation declaring class' for annotation type [org.springframework.test.context.ActiveProfiles] and class [com.gmail.merikbest2015.ecommerce.service.Impl.OrderServiceImplTest]
22:07:06.975 [main] INFO org.springframework.boot.test.context.SpringBootTestContextBootstrapper - Found @SpringBootConfiguration com.gmail.merikbest2015.ecommerce.EcommerceApplication for test class com.gmail.merikbest2015.ecommerce.service.Impl.OrderServiceImplTest
22:07:06.977 [main] DEBUG org.springframework.boot.test.context.SpringBootTestContextBootstrapper - @TestExecutionListeners is not present for class [com.gmail.merikbest2015.ecommerce.service.Impl.OrderServiceImplTest]: using defaults.
22:07:06.977 [main] INFO org.springframework.boot.test.context.SpringBootTestContextBootstrapper - Loaded default TestExecutionListener class names from location [META-INF/spring.factories]: [org.springframework.security.test.context.support.WithSecurityContextTestExecutionListener, org.springframework.security.test.context.support.ReactorContextTestExecutionListener, org.springframework.test.context.web.ServletTestExecutionListener, org.springframework.test.context.support.DirtiesContextBeforeModesTestExecutionListener, org.springframework.test.context.support.DependencyInjectionTestExecutionListener, org.springframework.test.context.support.DirtiesContextTestExecutionListener, org.springframework.test.context.transaction.TransactionalTestExecutionListener, org.springframework.test.context.jdbc.SqlScriptsTestExecutionListener, org.springframework.test.context.event.EventPublishingTestExecutionListener, org.springframework.boot.test.mock.mockito.MockitoTestExecutionListener, org.springframework.boot.test.mock.mockito.ResetMocksTestExecutionListener, org.springframework.boot.test.autoconfigure.restdocs.RestDocsTestExecutionListener, org.springframework.boot.test.autoconfigure.web.client.MockRestServiceServerResetTestExecutionListener, org.springframework.boot.test.autoconfigure.web.servlet.MockMvcPrintOnlyOnFailureTestExecutionListener, org.springframework.boot.test.autoconfigure.web.servlet.WebDriverTestExecutionListener, org.springframework.boot.test.autoconfigure.webservices.client.MockWebServiceServerTestExecutionListener]
22:07:06.978 [main] INFO org.springframework.boot.test.context.SpringBootTestContextBootstrapper - Using TestExecutionListeners: [org.springframework.test.context.web.ServletTestExecutionListener@3a894088, org.springframework.test.context.support.DirtiesContextBeforeModesTestExecutionListener@370c1968, org.springframework.boot.test.mock.mockito.MockitoTestExecutionListener@2f0bfe17, org.springframework.boot.test.autoconfigure.SpringBootDependencyInjectionTestExecutionListener@3206174f, org.springframework.test.context.support.DirtiesContextTestExecutionListener@42fb8c87, org.springframework.test.context.transaction.TransactionalTestExecutionListener@15eb0ae9, org.springframework.test.context.jdbc.SqlScriptsTestExecutionListener@65e0b505, org.springframework.security.test.context.support.WithSecurityContextTestExecutionListener@67de7a99, org.springframework.test.context.event.EventPublishingTestExecutionListener@795f5d51, org.springframework.security.test.context.support.ReactorContextTestExecutionListener@34aeacd1, org.springframework.boot.test.mock.mockito.ResetMocksTestExecutionListener@54067fdc, org.springframework.boot.test.autoconfigure.restdocs.RestDocsTestExecutionListener@4098dd77, org.springframework.boot.test.autoconfigure.web.client.MockRestServiceServerResetTestExecutionListener@43aeb5e0, org.springframework.boot.test.autoconfigure.web.servlet.MockMvcPrintOnlyOnFailureTestExecutionListener@2274160, org.springframework.boot.test.autoconfigure.web.servlet.WebDriverTestExecutionListener@65383667, org.springframework.boot.test.autoconfigure.webservices.client.MockWebServiceServerTestExecutionListener@63cd2cd2]
22:07:06.978 [main] DEBUG org.springframework.test.annotation.ProfileValueUtils - Retrieved @ProfileValueSourceConfiguration [null] for test class [com.gmail.merikbest2015.ecommerce.service.Impl.OrderServiceImplTest]
22:07:06.979 [main] DEBUG org.springframework.test.annotation.ProfileValueUtils - Retrieved ProfileValueSource type [class org.springframework.test.annotation.SystemProfileValueSource] for class [com.gmail.merikbest2015.ecommerce.service.Impl.OrderServiceImplTest]
22:07:06.979 [main] DEBUG org.springframework.test.annotation.ProfileValueUtils - Retrieved @ProfileValueSourceConfiguration [null] for test class [com.gmail.merikbest2015.ecommerce.service.Impl.OrderServiceImplTest]
22:07:06.979 [main] DEBUG org.springframework.test.annotation.ProfileValueUtils - Retrieved ProfileValueSource type [class org.springframework.test.annotation.SystemProfileValueSource] for class [com.gmail.merikbest2015.ecommerce.service.Impl.OrderServiceImplTest]
22:07:06.979 [main] DEBUG org.springframework.test.annotation.ProfileValueUtils - Retrieved @ProfileValueSourceConfiguration [null] for test class [com.gmail.merikbest2015.ecommerce.service.Impl.OrderServiceImplTest]
22:07:06.979 [main] DEBUG org.springframework.test.annotation.ProfileValueUtils - Retrieved ProfileValueSource type [class org.springframework.test.annotation.SystemProfileValueSource] for class [com.gmail.merikbest2015.ecommerce.service.Impl.OrderServiceImplTest]
22:07:06.998 [main] DEBUG org.springframework.test.context.junit4.SpringJUnit4ClassRunner - SpringJUnit4ClassRunner constructor called with [class com.gmail.merikbest2015.ecommerce.service.Impl.PerfumeServiceImplTest]
22:07:06.998 [main] DEBUG org.springframework.test.context.BootstrapUtils - Instantiating CacheAwareContextLoaderDelegate from class [org.springframework.test.context.cache.DefaultCacheAwareContextLoaderDelegate]
22:07:06.998 [main] DEBUG org.springframework.test.context.BootstrapUtils - Instantiating BootstrapContext using constructor [public org.springframework.test.context.support.DefaultBootstrapContext(java.lang.Class,org.springframework.test.context.CacheAwareContextLoaderDelegate)]
22:07:06.999 [main] DEBUG org.springframework.test.context.BootstrapUtils - Instantiating TestContextBootstrapper for test class [com.gmail.merikbest2015.ecommerce.service.Impl.PerfumeServiceImplTest] from class [org.springframework.boot.test.context.SpringBootTestContextBootstrapper]
22:07:06.999 [main] INFO org.springframework.boot.test.context.SpringBootTestContextBootstrapper - Neither @ContextConfiguration nor @ContextHierarchy found for test class [com.gmail.merikbest2015.ecommerce.service.Impl.PerfumeServiceImplTest], using SpringBootContextLoader
22:07:07.000 [main] DEBUG org.springframework.test.context.support.AbstractContextLoader - Did not detect default resource location for test class [com.gmail.merikbest2015.ecommerce.service.Impl.PerfumeServiceImplTest]: class path resource [com/gmail/merikbest2015/ecommerce/service/Impl/PerfumeServiceImplTest-context.xml] does not exist
22:07:07.001 [main] DEBUG org.springframework.test.context.support.AbstractContextLoader - Did not detect default resource location for test class [com.gmail.merikbest2015.ecommerce.service.Impl.PerfumeServiceImplTest]: class path resource [com/gmail/merikbest2015/ecommerce/service/Impl/PerfumeServiceImplTestContext.groovy] does not exist
22:07:07.001 [main] INFO org.springframework.test.context.support.AbstractContextLoader - Could not detect default resource locations for test class [com.gmail.merikbest2015.ecommerce.service.Impl.PerfumeServiceImplTest]: no resource found for suffixes {-context.xml, Context.groovy}.
22:07:07.001 [main] INFO org.springframework.test.context.support.AnnotationConfigContextLoaderUtils - Could not detect default configuration classes for test class [com.gmail.merikbest2015.ecommerce.service.Impl.PerfumeServiceImplTest]: PerfumeServiceImplTest does not declare any static, non-private, non-final, nested classes annotated with @Configuration.
22:07:07.006 [main] DEBUG org.springframework.test.context.support.ActiveProfilesUtils - Could not find an 'annotation declaring class' for annotation type [org.springframework.test.context.ActiveProfiles] and class [com.gmail.merikbest2015.ecommerce.service.Impl.PerfumeServiceImplTest]
22:07:07.006 [main] INFO org.springframework.boot.test.context.SpringBootTestContextBootstrapper - Found @SpringBootConfiguration com.gmail.merikbest2015.ecommerce.EcommerceApplication for test class com.gmail.merikbest2015.ecommerce.service.Impl.PerfumeServiceImplTest
22:07:07.011 [main] DEBUG org.springframework.boot.test.context.SpringBootTestContextBootstrapper - @TestExecutionListeners is not present for class [com.gmail.merikbest2015.ecommerce.service.Impl.PerfumeServiceImplTest]: using defaults.
22:07:07.011 [main] INFO org.springframework.boot.test.context.SpringBootTestContextBootstrapper - Loaded default TestExecutionListener class names from location [META-INF/spring.factories]: [org.springframework.security.test.context.support.WithSecurityContextTestExecutionListener, org.springframework.security.test.context.support.ReactorContextTestExecutionListener, org.springframework.test.context.web.ServletTestExecutionListener, org.springframework.test.context.support.DirtiesContextBeforeModesTestExecutionListener, org.springframework.test.context.support.DependencyInjectionTestExecutionListener, org.springframework.test.context.support.DirtiesContextTestExecutionListener, org.springframework.test.context.transaction.TransactionalTestExecutionListener, org.springframework.test.context.jdbc.SqlScriptsTestExecutionListener, org.springframework.test.context.event.EventPublishingTestExecutionListener, org.springframework.boot.test.mock.mockito.MockitoTestExecutionListener, org.springframework.boot.test.mock.mockito.ResetMocksTestExecutionListener, org.springframework.boot.test.autoconfigure.restdocs.RestDocsTestExecutionListener, org.springframework.boot.test.autoconfigure.web.client.MockRestServiceServerResetTestExecutionListener, org.springframework.boot.test.autoconfigure.web.servlet.MockMvcPrintOnlyOnFailureTestExecutionListener, org.springframework.boot.test.autoconfigure.web.servlet.WebDriverTestExecutionListener, org.springframework.boot.test.autoconfigure.webservices.client.MockWebServiceServerTestExecutionListener]
22:07:07.015 [main] INFO org.springframework.boot.test.context.SpringBootTestContextBootstrapper - Using TestExecutionListeners: [org.springframework.test.context.web.ServletTestExecutionListener@3cad68df, org.springframework.test.context.support.DirtiesContextBeforeModesTestExecutionListener@14998e21, org.springframework.boot.test.mock.mockito.MockitoTestExecutionListener@1921994e, org.springframework.boot.test.autoconfigure.SpringBootDependencyInjectionTestExecutionListener@43c87306, org.springframework.test.context.support.DirtiesContextTestExecutionListener@14f40030, org.springframework.test.context.transaction.TransactionalTestExecutionListener@4c447c09, org.springframework.test.context.jdbc.SqlScriptsTestExecutionListener@593a6726, org.springframework.security.test.context.support.WithSecurityContextTestExecutionListener@596a7f44, org.springframework.test.context.event.EventPublishingTestExecutionListener@6dab01d9, org.springframework.security.test.context.support.ReactorContextTestExecutionListener@2e09c51, org.springframework.boot.test.mock.mockito.ResetMocksTestExecutionListener@869d87c, org.springframework.boot.test.autoconfigure.restdocs.RestDocsTestExecutionListener@2f3166a, org.springframework.boot.test.autoconfigure.web.client.MockRestServiceServerResetTestExecutionListener@37637a24, org.springframework.boot.test.autoconfigure.web.servlet.MockMvcPrintOnlyOnFailureTestExecutionListener@31e76a8d, org.springframework.boot.test.autoconfigure.web.servlet.WebDriverTestExecutionListener@770beef5, org.springframework.boot.test.autoconfigure.webservices.client.MockWebServiceServerTestExecutionListener@6dd1f638]
22:07:07.015 [main] DEBUG org.springframework.test.annotation.ProfileValueUtils - Retrieved @ProfileValueSourceConfiguration [null] for test class [com.gmail.merikbest2015.ecommerce.service.Impl.PerfumeServiceImplTest]
22:07:07.016 [main] DEBUG org.springframework.test.annotation.ProfileValueUtils - Retrieved ProfileValueSource type [class org.springframework.test.annotation.SystemProfileValueSource] for class [com.gmail.merikbest2015.ecommerce.service.Impl.PerfumeServiceImplTest]
22:07:07.016 [main] DEBUG org.springframework.test.annotation.ProfileValueUtils - Retrieved @ProfileValueSourceConfiguration [null] for test class [com.gmail.merikbest2015.ecommerce.service.Impl.PerfumeServiceImplTest]
22:07:07.016 [main] DEBUG org.springframework.test.annotation.ProfileValueUtils - Retrieved ProfileValueSource type [class org.springframework.test.annotation.SystemProfileValueSource] for class [com.gmail.merikbest2015.ecommerce.service.Impl.PerfumeServiceImplTest]
22:07:07.016 [main] DEBUG org.springframework.test.annotation.ProfileValueUtils - Retrieved @ProfileValueSourceConfiguration [null] for test class [com.gmail.merikbest2015.ecommerce.service.Impl.PerfumeServiceImplTest]
22:07:07.016 [main] DEBUG org.springframework.test.annotation.ProfileValueUtils - Retrieved ProfileValueSource type [class org.springframework.test.annotation.SystemProfileValueSource] for class [com.gmail.merikbest2015.ecommerce.service.Impl.PerfumeServiceImplTest]
22:07:07.028 [main] DEBUG org.springframework.test.context.junit4.SpringJUnit4ClassRunner - SpringJUnit4ClassRunner constructor called with [class com.gmail.merikbest2015.ecommerce.controller.ReviewControllerTest]
22:07:07.028 [main] DEBUG org.springframework.test.context.BootstrapUtils - Instantiating CacheAwareContextLoaderDelegate from class [org.springframework.test.context.cache.DefaultCacheAwareContextLoaderDelegate]
22:07:07.028 [main] DEBUG org.springframework.test.context.BootstrapUtils - Instantiating BootstrapContext using constructor [public org.springframework.test.context.support.DefaultBootstrapContext(java.lang.Class,org.springframework.test.context.CacheAwareContextLoaderDelegate)]
22:07:07.029 [main] DEBUG org.springframework.test.context.BootstrapUtils - Instantiating TestContextBootstrapper for test class [com.gmail.merikbest2015.ecommerce.controller.ReviewControllerTest] from class [org.springframework.boot.test.context.SpringBootTestContextBootstrapper]
22:07:07.030 [main] INFO org.springframework.boot.test.context.SpringBootTestContextBootstrapper - Neither @ContextConfiguration nor @ContextHierarchy found for test class [com.gmail.merikbest2015.ecommerce.controller.ReviewControllerTest], using SpringBootContextLoader
22:07:07.030 [main] DEBUG org.springframework.test.context.support.AbstractContextLoader - Did not detect default resource location for test class [com.gmail.merikbest2015.ecommerce.controller.ReviewControllerTest]: class path resource [com/gmail/merikbest2015/ecommerce/controller/ReviewControllerTest-context.xml] does not exist
22:07:07.031 [main] DEBUG org.springframework.test.context.support.AbstractContextLoader - Did not detect default resource location for test class [com.gmail.merikbest2015.ecommerce.controller.ReviewControllerTest]: class path resource [com/gmail/merikbest2015/ecommerce/controller/ReviewControllerTestContext.groovy] does not exist
22:07:07.031 [main] INFO org.springframework.test.context.support.AbstractContextLoader - Could not detect default resource locations for test class [com.gmail.merikbest2015.ecommerce.controller.ReviewControllerTest]: no resource found for suffixes {-context.xml, Context.groovy}.
22:07:07.031 [main] INFO org.springframework.test.context.support.AnnotationConfigContextLoaderUtils - Could not detect default configuration classes for test class [com.gmail.merikbest2015.ecommerce.controller.ReviewControllerTest]: ReviewControllerTest does not declare any static, non-private, non-final, nested classes annotated with @Configuration.
22:07:07.037 [main] DEBUG org.springframework.test.context.support.ActiveProfilesUtils - Could not find an 'annotation declaring class' for annotation type [org.springframework.test.context.ActiveProfiles] and class [com.gmail.merikbest2015.ecommerce.controller.ReviewControllerTest]
22:07:07.037 [main] INFO org.springframework.boot.test.context.SpringBootTestContextBootstrapper - Found @SpringBootConfiguration com.gmail.merikbest2015.ecommerce.EcommerceApplication for test class com.gmail.merikbest2015.ecommerce.controller.ReviewControllerTest
22:07:07.039 [main] DEBUG org.springframework.boot.test.context.SpringBootTestContextBootstrapper - @TestExecutionListeners is not present for class [com.gmail.merikbest2015.ecommerce.controller.ReviewControllerTest]: using defaults.
22:07:07.039 [main] INFO org.springframework.boot.test.context.SpringBootTestContextBootstrapper - Loaded default TestExecutionListener class names from location [META-INF/spring.factories]: [org.springframework.security.test.context.support.WithSecurityContextTestExecutionListener, org.springframework.security.test.context.support.ReactorContextTestExecutionListener, org.springframework.test.context.web.ServletTestExecutionListener, org.springframework.test.context.support.DirtiesContextBeforeModesTestExecutionListener, org.springframework.test.context.support.DependencyInjectionTestExecutionListener, org.springframework.test.context.support.DirtiesContextTestExecutionListener, org.springframework.test.context.transaction.TransactionalTestExecutionListener, org.springframework.test.context.jdbc.SqlScriptsTestExecutionListener, org.springframework.test.context.event.EventPublishingTestExecutionListener, org.springframework.boot.test.mock.mockito.MockitoTestExecutionListener, org.springframework.boot.test.mock.mockito.ResetMocksTestExecutionListener, org.springframework.boot.test.autoconfigure.restdocs.RestDocsTestExecutionListener, org.springframework.boot.test.autoconfigure.web.client.MockRestServiceServerResetTestExecutionListener, org.springframework.boot.test.autoconfigure.web.servlet.MockMvcPrintOnlyOnFailureTestExecutionListener, org.springframework.boot.test.autoconfigure.web.servlet.WebDriverTestExecutionListener, org.springframework.boot.test.autoconfigure.webservices.client.MockWebServiceServerTestExecutionListener]
22:07:07.043 [main] INFO org.springframework.boot.test.context.SpringBootTestContextBootstrapper - Using TestExecutionListeners: [org.springframework.test.context.web.ServletTestExecutionListener@4f3faa70, org.springframework.test.context.support.DirtiesContextBeforeModesTestExecutionListener@4832f03b, org.springframework.boot.test.mock.mockito.MockitoTestExecutionListener@7af3874e, org.springframework.boot.test.autoconfigure.SpringBootDependencyInjectionTestExecutionListener@5a8816cc, org.springframework.test.context.support.DirtiesContextTestExecutionListener@68565bc7, org.springframework.test.context.transaction.TransactionalTestExecutionListener@37baddde, org.springframework.test.context.jdbc.SqlScriptsTestExecutionListener@5115f590, org.springframework.security.test.context.support.WithSecurityContextTestExecutionListener@4b31a708, org.springframework.test.context.event.EventPublishingTestExecutionListener@11e355ca, org.springframework.security.test.context.support.ReactorContextTestExecutionListener@70d63e05, org.springframework.boot.test.mock.mockito.ResetMocksTestExecutionListener@e11ecfa, org.springframework.boot.test.autoconfigure.restdocs.RestDocsTestExecutionListener@485e13d7, org.springframework.boot.test.autoconfigure.web.client.MockRestServiceServerResetTestExecutionListener@43984213, org.springframework.boot.test.autoconfigure.web.servlet.MockMvcPrintOnlyOnFailureTestExecutionListener@2ff7a73, org.springframework.boot.test.autoconfigure.web.servlet.WebDriverTestExecutionListener@38830ea, org.springframework.boot.test.autoconfigure.webservices.client.MockWebServiceServerTestExecutionListener@3b705be7]
22:07:07.044 [main] DEBUG org.springframework.test.annotation.ProfileValueUtils - Retrieved @ProfileValueSourceConfiguration [null] for test class [com.gmail.merikbest2015.ecommerce.controller.ReviewControllerTest]
22:07:07.044 [main] DEBUG org.springframework.test.annotation.ProfileValueUtils - Retrieved ProfileValueSource type [class org.springframework.test.annotation.SystemProfileValueSource] for class [com.gmail.merikbest2015.ecommerce.controller.ReviewControllerTest]
22:07:07.044 [main] DEBUG org.springframework.test.annotation.ProfileValueUtils - Retrieved @ProfileValueSourceConfiguration [null] for test class [com.gmail.merikbest2015.ecommerce.controller.ReviewControllerTest]
22:07:07.044 [main] DEBUG org.springframework.test.annotation.ProfileValueUtils - Retrieved ProfileValueSource type [class org.springframework.test.annotation.SystemProfileValueSource] for class [com.gmail.merikbest2015.ecommerce.controller.ReviewControllerTest]
22:07:07.044 [main] DEBUG org.springframework.test.annotation.ProfileValueUtils - Retrieved @ProfileValueSourceConfiguration [null] for test class [com.gmail.merikbest2015.ecommerce.controller.ReviewControllerTest]
22:07:07.044 [main] DEBUG org.springframework.test.annotation.ProfileValueUtils - Retrieved ProfileValueSource type [class org.springframework.test.annotation.SystemProfileValueSource] for class [com.gmail.merikbest2015.ecommerce.controller.ReviewControllerTest]
22:07:07.045 [main] DEBUG org.springframework.test.context.junit4.SpringJUnit4ClassRunner - SpringJUnit4ClassRunner constructor called with [class com.gmail.merikbest2015.ecommerce.controller.AuthenticationControllerTest]
22:07:07.045 [main] DEBUG org.springframework.test.context.BootstrapUtils - Instantiating CacheAwareContextLoaderDelegate from class [org.springframework.test.context.cache.DefaultCacheAwareContextLoaderDelegate]
22:07:07.045 [main] DEBUG org.springframework.test.context.BootstrapUtils - Instantiating BootstrapContext using constructor [public org.springframework.test.context.support.DefaultBootstrapContext(java.lang.Class,org.springframework.test.context.CacheAwareContextLoaderDelegate)]
22:07:07.045 [main] DEBUG org.springframework.test.context.BootstrapUtils - Instantiating TestContextBootstrapper for test class [com.gmail.merikbest2015.ecommerce.controller.AuthenticationControllerTest] from class [org.springframework.boot.test.context.SpringBootTestContextBootstrapper]
22:07:07.045 [main] INFO org.springframework.boot.test.context.SpringBootTestContextBootstrapper - Neither @ContextConfiguration nor @ContextHierarchy found for test class [com.gmail.merikbest2015.ecommerce.controller.AuthenticationControllerTest], using SpringBootContextLoader
22:07:07.046 [main] DEBUG org.springframework.test.context.support.AbstractContextLoader - Did not detect default resource location for test class [com.gmail.merikbest2015.ecommerce.controller.AuthenticationControllerTest]: class path resource [com/gmail/merikbest2015/ecommerce/controller/AuthenticationControllerTest-context.xml] does not exist
22:07:07.046 [main] DEBUG org.springframework.test.context.support.AbstractContextLoader - Did not detect default resource location for test class [com.gmail.merikbest2015.ecommerce.controller.AuthenticationControllerTest]: class path resource [com/gmail/merikbest2015/ecommerce/controller/AuthenticationControllerTestContext.groovy] does not exist
22:07:07.046 [main] INFO org.springframework.test.context.support.AbstractContextLoader - Could not detect default resource locations for test class [com.gmail.merikbest2015.ecommerce.controller.AuthenticationControllerTest]: no resource found for suffixes {-context.xml, Context.groovy}.
22:07:07.046 [main] INFO org.springframework.test.context.support.AnnotationConfigContextLoaderUtils - Could not detect default configuration classes for test class [com.gmail.merikbest2015.ecommerce.controller.AuthenticationControllerTest]: AuthenticationControllerTest does not declare any static, non-private, non-final, nested classes annotated with @Configuration.
22:07:07.049 [main] DEBUG org.springframework.test.context.support.ActiveProfilesUtils - Could not find an 'annotation declaring class' for annotation type [org.springframework.test.context.ActiveProfiles] and class [com.gmail.merikbest2015.ecommerce.controller.AuthenticationControllerTest]
22:07:07.050 [main] INFO org.springframework.boot.test.context.SpringBootTestContextBootstrapper - Found @SpringBootConfiguration com.gmail.merikbest2015.ecommerce.EcommerceApplication for test class com.gmail.merikbest2015.ecommerce.controller.AuthenticationControllerTest
22:07:07.051 [main] DEBUG org.springframework.boot.test.context.SpringBootTestContextBootstrapper - @TestExecutionListeners is not present for class [com.gmail.merikbest2015.ecommerce.controller.AuthenticationControllerTest]: using defaults.
22:07:07.051 [main] INFO org.springframework.boot.test.context.SpringBootTestContextBootstrapper - Loaded default TestExecutionListener class names from location [META-INF/spring.factories]: [org.springframework.security.test.context.support.WithSecurityContextTestExecutionListener, org.springframework.security.test.context.support.ReactorContextTestExecutionListener, org.springframework.test.context.web.ServletTestExecutionListener, org.springframework.test.context.support.DirtiesContextBeforeModesTestExecutionListener, org.springframework.test.context.support.DependencyInjectionTestExecutionListener, org.springframework.test.context.support.DirtiesContextTestExecutionListener, org.springframework.test.context.transaction.TransactionalTestExecutionListener, org.springframework.test.context.jdbc.SqlScriptsTestExecutionListener, org.springframework.test.context.event.EventPublishingTestExecutionListener, org.springframework.boot.test.mock.mockito.MockitoTestExecutionListener, org.springframework.boot.test.mock.mockito.ResetMocksTestExecutionListener, org.springframework.boot.test.autoconfigure.restdocs.RestDocsTestExecutionListener, org.springframework.boot.test.autoconfigure.web.client.MockRestServiceServerResetTestExecutionListener, org.springframework.boot.test.autoconfigure.web.servlet.MockMvcPrintOnlyOnFailureTestExecutionListener, org.springframework.boot.test.autoconfigure.web.servlet.WebDriverTestExecutionListener, org.springframework.boot.test.autoconfigure.webservices.client.MockWebServiceServerTestExecutionListener]
22:07:07.052 [main] INFO org.springframework.boot.test.context.SpringBootTestContextBootstrapper - Using TestExecutionListeners: [org.springframework.test.context.web.ServletTestExecutionListener@4a8e6e89, org.springframework.test.context.support.DirtiesContextBeforeModesTestExecutionListener@6fbb4061, org.springframework.boot.test.mock.mockito.MockitoTestExecutionListener@63d5874f, org.springframework.boot.test.autoconfigure.SpringBootDependencyInjectionTestExecutionListener@60c73e58, org.springframework.test.context.support.DirtiesContextTestExecutionListener@5984feef, org.springframework.test.context.transaction.TransactionalTestExecutionListener@6c0905f6, org.springframework.test.context.jdbc.SqlScriptsTestExecutionListener@23a918c7, org.springframework.security.test.context.support.WithSecurityContextTestExecutionListener@7a45d714, org.springframework.test.context.event.EventPublishingTestExecutionListener@4483d35, org.springframework.security.test.context.support.ReactorContextTestExecutionListener@204abeff, org.springframework.boot.test.mock.mockito.ResetMocksTestExecutionListener@4b4ee511, org.springframework.boot.test.autoconfigure.restdocs.RestDocsTestExecutionListener@1f67761b, org.springframework.boot.test.autoconfigure.web.client.MockRestServiceServerResetTestExecutionListener@5a034157, org.springframework.boot.test.autoconfigure.web.servlet.MockMvcPrintOnlyOnFailureTestExecutionListener@2f4ba1ae, org.springframework.boot.test.autoconfigure.web.servlet.WebDriverTestExecutionListener@1391af3b, org.springframework.boot.test.autoconfigure.webservices.client.MockWebServiceServerTestExecutionListener@3762c4fc]
22:07:07.053 [main] DEBUG org.springframework.test.annotation.ProfileValueUtils - Retrieved @ProfileValueSourceConfiguration [null] for test class [com.gmail.merikbest2015.ecommerce.controller.AuthenticationControllerTest]
22:07:07.053 [main] DEBUG org.springframework.test.annotation.ProfileValueUtils - Retrieved ProfileValueSource type [class org.springframework.test.annotation.SystemProfileValueSource] for class [com.gmail.merikbest2015.ecommerce.controller.AuthenticationControllerTest]
22:07:07.053 [main] DEBUG org.springframework.test.annotation.ProfileValueUtils - Retrieved @ProfileValueSourceConfiguration [null] for test class [com.gmail.merikbest2015.ecommerce.controller.AuthenticationControllerTest]
22:07:07.053 [main] DEBUG org.springframework.test.annotation.ProfileValueUtils - Retrieved ProfileValueSource type [class org.springframework.test.annotation.SystemProfileValueSource] for class [com.gmail.merikbest2015.ecommerce.controller.AuthenticationControllerTest]
22:07:07.053 [main] DEBUG org.springframework.test.annotation.ProfileValueUtils - Retrieved @ProfileValueSourceConfiguration [null] for test class [com.gmail.merikbest2015.ecommerce.controller.AuthenticationControllerTest]
22:07:07.053 [main] DEBUG org.springframework.test.annotation.ProfileValueUtils - Retrieved ProfileValueSource type [class org.springframework.test.annotation.SystemProfileValueSource] for class [com.gmail.merikbest2015.ecommerce.controller.AuthenticationControllerTest]
22:07:07.055 [main] DEBUG org.springframework.test.context.junit4.SpringJUnit4ClassRunner - SpringJUnit4ClassRunner constructor called with [class com.gmail.merikbest2015.ecommerce.controller.PerfumeControllerTest]
22:07:07.055 [main] DEBUG org.springframework.test.context.BootstrapUtils - Instantiating CacheAwareContextLoaderDelegate from class [org.springframework.test.context.cache.DefaultCacheAwareContextLoaderDelegate]
22:07:07.055 [main] DEBUG org.springframework.test.context.BootstrapUtils - Instantiating BootstrapContext using constructor [public org.springframework.test.context.support.DefaultBootstrapContext(java.lang.Class,org.springframework.test.context.CacheAwareContextLoaderDelegate)]
22:07:07.056 [main] DEBUG org.springframework.test.context.BootstrapUtils - Instantiating TestContextBootstrapper for test class [com.gmail.merikbest2015.ecommerce.controller.PerfumeControllerTest] from class [org.springframework.boot.test.context.SpringBootTestContextBootstrapper]
22:07:07.056 [main] INFO org.springframework.boot.test.context.SpringBootTestContextBootstrapper - Neither @ContextConfiguration nor @ContextHierarchy found for test class [com.gmail.merikbest2015.ecommerce.controller.PerfumeControllerTest], using SpringBootContextLoader
22:07:07.056 [main] DEBUG org.springframework.test.context.support.AbstractContextLoader - Did not detect default resource location for test class [com.gmail.merikbest2015.ecommerce.controller.PerfumeControllerTest]: class path resource [com/gmail/merikbest2015/ecommerce/controller/PerfumeControllerTest-context.xml] does not exist
22:07:07.057 [main] DEBUG org.springframework.test.context.support.AbstractContextLoader - Did not detect default resource location for test class [com.gmail.merikbest2015.ecommerce.controller.PerfumeControllerTest]: class path resource [com/gmail/merikbest2015/ecommerce/controller/PerfumeControllerTestContext.groovy] does not exist
22:07:07.057 [main] INFO org.springframework.test.context.support.AbstractContextLoader - Could not detect default resource locations for test class [com.gmail.merikbest2015.ecommerce.controller.PerfumeControllerTest]: no resource found for suffixes {-context.xml, Context.groovy}.
22:07:07.057 [main] INFO org.springframework.test.context.support.AnnotationConfigContextLoaderUtils - Could not detect default configuration classes for test class [com.gmail.merikbest2015.ecommerce.controller.PerfumeControllerTest]: PerfumeControllerTest does not declare any static, non-private, non-final, nested classes annotated with @Configuration.
22:07:07.063 [main] DEBUG org.springframework.test.context.support.ActiveProfilesUtils - Could not find an 'annotation declaring class' for annotation type [org.springframework.test.context.ActiveProfiles] and class [com.gmail.merikbest2015.ecommerce.controller.PerfumeControllerTest]
22:07:07.064 [main] INFO org.springframework.boot.test.context.SpringBootTestContextBootstrapper - Found @SpringBootConfiguration com.gmail.merikbest2015.ecommerce.EcommerceApplication for test class com.gmail.merikbest2015.ecommerce.controller.PerfumeControllerTest
22:07:07.066 [main] DEBUG org.springframework.boot.test.context.SpringBootTestContextBootstrapper - @TestExecutionListeners is not present for class [com.gmail.merikbest2015.ecommerce.controller.PerfumeControllerTest]: using defaults.
22:07:07.066 [main] INFO org.springframework.boot.test.context.SpringBootTestContextBootstrapper - Loaded default TestExecutionListener class names from location [META-INF/spring.factories]: [org.springframework.security.test.context.support.WithSecurityContextTestExecutionListener, org.springframework.security.test.context.support.ReactorContextTestExecutionListener, org.springframework.test.context.web.ServletTestExecutionListener, org.springframework.test.context.support.DirtiesContextBeforeModesTestExecutionListener, org.springframework.test.context.support.DependencyInjectionTestExecutionListener, org.springframework.test.context.support.DirtiesContextTestExecutionListener, org.springframework.test.context.transaction.TransactionalTestExecutionListener, org.springframework.test.context.jdbc.SqlScriptsTestExecutionListener, org.springframework.test.context.event.EventPublishingTestExecutionListener, org.springframework.boot.test.mock.mockito.MockitoTestExecutionListener, org.springframework.boot.test.mock.mockito.ResetMocksTestExecutionListener, org.springframework.boot.test.autoconfigure.restdocs.RestDocsTestExecutionListener, org.springframework.boot.test.autoconfigure.web.client.MockRestServiceServerResetTestExecutionListener, org.springframework.boot.test.autoconfigure.web.servlet.MockMvcPrintOnlyOnFailureTestExecutionListener, org.springframework.boot.test.autoconfigure.web.servlet.WebDriverTestExecutionListener, org.springframework.boot.test.autoconfigure.webservices.client.MockWebServiceServerTestExecutionListener]
22:07:07.067 [main] INFO org.springframework.boot.test.context.SpringBootTestContextBootstrapper - Using TestExecutionListeners: [org.springframework.test.context.web.ServletTestExecutionListener@1b6924cb, org.springframework.test.context.support.DirtiesContextBeforeModesTestExecutionListener@3a8d467e, org.springframework.boot.test.mock.mockito.MockitoTestExecutionListener@141d3d43, org.springframework.boot.test.autoconfigure.SpringBootDependencyInjectionTestExecutionListener@6ca372ef, org.springframework.test.context.support.DirtiesContextTestExecutionListener@3ebe4ccc, org.springframework.test.context.transaction.TransactionalTestExecutionListener@6ed043d3, org.springframework.test.context.jdbc.SqlScriptsTestExecutionListener@135a8c6f, org.springframework.security.test.context.support.WithSecurityContextTestExecutionListener@6419a0e1, org.springframework.test.context.event.EventPublishingTestExecutionListener@280d4882, org.springframework.security.test.context.support.ReactorContextTestExecutionListener@44af588b, org.springframework.boot.test.mock.mockito.ResetMocksTestExecutionListener@3d19d85, org.springframework.boot.test.autoconfigure.restdocs.RestDocsTestExecutionListener@2ae62bb6, org.springframework.boot.test.autoconfigure.web.client.MockRestServiceServerResetTestExecutionListener@68ed3f30, org.springframework.boot.test.autoconfigure.web.servlet.MockMvcPrintOnlyOnFailureTestExecutionListener@56b859a6, org.springframework.boot.test.autoconfigure.web.servlet.WebDriverTestExecutionListener@590adb41, org.springframework.boot.test.autoconfigure.webservices.client.MockWebServiceServerTestExecutionListener@42aae04d]
22:07:07.067 [main] DEBUG org.springframework.test.annotation.ProfileValueUtils - Retrieved @ProfileValueSourceConfiguration [null] for test class [com.gmail.merikbest2015.ecommerce.controller.PerfumeControllerTest]
22:07:07.067 [main] DEBUG org.springframework.test.annotation.ProfileValueUtils - Retrieved ProfileValueSource type [class org.springframework.test.annotation.SystemProfileValueSource] for class [com.gmail.merikbest2015.ecommerce.controller.PerfumeControllerTest]
22:07:07.067 [main] DEBUG org.springframework.test.annotation.ProfileValueUtils - Retrieved @ProfileValueSourceConfiguration [null] for test class [com.gmail.merikbest2015.ecommerce.controller.PerfumeControllerTest]
22:07:07.067 [main] DEBUG org.springframework.test.annotation.ProfileValueUtils - Retrieved ProfileValueSource type [class org.springframework.test.annotation.SystemProfileValueSource] for class [com.gmail.merikbest2015.ecommerce.controller.PerfumeControllerTest]
22:07:07.067 [main] DEBUG org.springframework.test.annotation.ProfileValueUtils - Retrieved @ProfileValueSourceConfiguration [null] for test class [com.gmail.merikbest2015.ecommerce.controller.PerfumeControllerTest]
22:07:07.067 [main] DEBUG org.springframework.test.annotation.ProfileValueUtils - Retrieved ProfileValueSource type [class org.springframework.test.annotation.SystemProfileValueSource] for class [com.gmail.merikbest2015.ecommerce.controller.PerfumeControllerTest]
22:07:07.068 [main] DEBUG org.springframework.test.context.junit4.SpringJUnit4ClassRunner - SpringJUnit4ClassRunner constructor called with [class com.gmail.merikbest2015.ecommerce.controller.RegistrationControllerTest]
22:07:07.068 [main] DEBUG org.springframework.test.context.BootstrapUtils - Instantiating CacheAwareContextLoaderDelegate from class [org.springframework.test.context.cache.DefaultCacheAwareContextLoaderDelegate]
22:07:07.068 [main] DEBUG org.springframework.test.context.BootstrapUtils - Instantiating BootstrapContext using constructor [public org.springframework.test.context.support.DefaultBootstrapContext(java.lang.Class,org.springframework.test.context.CacheAwareContextLoaderDelegate)]
22:07:07.068 [main] DEBUG org.springframework.test.context.BootstrapUtils - Instantiating TestContextBootstrapper for test class [com.gmail.merikbest2015.ecommerce.controller.RegistrationControllerTest] from class [org.springframework.boot.test.context.SpringBootTestContextBootstrapper]
22:07:07.069 [main] INFO org.springframework.boot.test.context.SpringBootTestContextBootstrapper - Neither @ContextConfiguration nor @ContextHierarchy found for test class [com.gmail.merikbest2015.ecommerce.controller.RegistrationControllerTest], using SpringBootContextLoader
22:07:07.069 [main] DEBUG org.springframework.test.context.support.AbstractContextLoader - Did not detect default resource location for test class [com.gmail.merikbest2015.ecommerce.controller.RegistrationControllerTest]: class path resource [com/gmail/merikbest2015/ecommerce/controller/RegistrationControllerTest-context.xml] does not exist
22:07:07.070 [main] DEBUG org.springframework.test.context.support.AbstractContextLoader - Did not detect default resource location for test class [com.gmail.merikbest2015.ecommerce.controller.RegistrationControllerTest]: class path resource [com/gmail/merikbest2015/ecommerce/controller/RegistrationControllerTestContext.groovy] does not exist
22:07:07.070 [main] INFO org.springframework.test.context.support.AbstractContextLoader - Could not detect default resource locations for test class [com.gmail.merikbest2015.ecommerce.controller.RegistrationControllerTest]: no resource found for suffixes {-context.xml, Context.groovy}.
22:07:07.070 [main] INFO org.springframework.test.context.support.AnnotationConfigContextLoaderUtils - Could not detect default configuration classes for test class [com.gmail.merikbest2015.ecommerce.controller.RegistrationControllerTest]: RegistrationControllerTest does not declare any static, non-private, non-final, nested classes annotated with @Configuration.
22:07:07.072 [main] DEBUG org.springframework.test.context.support.ActiveProfilesUtils - Could not find an 'annotation declaring class' for annotation type [org.springframework.test.context.ActiveProfiles] and class [com.gmail.merikbest2015.ecommerce.controller.RegistrationControllerTest]
22:07:07.073 [main] INFO org.springframework.boot.test.context.SpringBootTestContextBootstrapper - Found @SpringBootConfiguration com.gmail.merikbest2015.ecommerce.EcommerceApplication for test class com.gmail.merikbest2015.ecommerce.controller.RegistrationControllerTest
22:07:07.075 [main] DEBUG org.springframework.boot.test.context.SpringBootTestContextBootstrapper - @TestExecutionListeners is not present for class [com.gmail.merikbest2015.ecommerce.controller.RegistrationControllerTest]: using defaults.
22:07:07.075 [main] INFO org.springframework.boot.test.context.SpringBootTestContextBootstrapper - Loaded default TestExecutionListener class names from location [META-INF/spring.factories]: [org.springframework.security.test.context.support.WithSecurityContextTestExecutionListener, org.springframework.security.test.context.support.ReactorContextTestExecutionListener, org.springframework.test.context.web.ServletTestExecutionListener, org.springframework.test.context.support.DirtiesContextBeforeModesTestExecutionListener, org.springframework.test.context.support.DependencyInjectionTestExecutionListener, org.springframework.test.context.support.DirtiesContextTestExecutionListener, org.springframework.test.context.transaction.TransactionalTestExecutionListener, org.springframework.test.context.jdbc.SqlScriptsTestExecutionListener, org.springframework.test.context.event.EventPublishingTestExecutionListener, org.springframework.boot.test.mock.mockito.MockitoTestExecutionListener, org.springframework.boot.test.mock.mockito.ResetMocksTestExecutionListener, org.springframework.boot.test.autoconfigure.restdocs.RestDocsTestExecutionListener, org.springframework.boot.test.autoconfigure.web.client.MockRestServiceServerResetTestExecutionListener, org.springframework.boot.test.autoconfigure.web.servlet.MockMvcPrintOnlyOnFailureTestExecutionListener, org.springframework.boot.test.autoconfigure.web.servlet.WebDriverTestExecutionListener, org.springframework.boot.test.autoconfigure.webservices.client.MockWebServiceServerTestExecutionListener]
22:07:07.075 [main] INFO org.springframework.boot.test.context.SpringBootTestContextBootstrapper - Using TestExecutionListeners: [org.springframework.test.context.web.ServletTestExecutionListener@58015e56, org.springframework.test.context.support.DirtiesContextBeforeModesTestExecutionListener@4d3c6593, org.springframework.boot.test.mock.mockito.MockitoTestExecutionListener@7426a448, org.springframework.boot.test.autoconfigure.SpringBootDependencyInjectionTestExecutionListener@516462cc, org.springframework.test.context.support.DirtiesContextTestExecutionListener@3456558, org.springframework.test.context.transaction.TransactionalTestExecutionListener@2dfb885e, org.springframework.test.context.jdbc.SqlScriptsTestExecutionListener@6cbe7d4d, org.springframework.security.test.context.support.WithSecurityContextTestExecutionListener@1e3e1014, org.springframework.test.context.event.EventPublishingTestExecutionListener@3679d92e, org.springframework.security.test.context.support.ReactorContextTestExecutionListener@47b11ec7, org.springframework.boot.test.mock.mockito.ResetMocksTestExecutionListener@58fa5769, org.springframework.boot.test.autoconfigure.restdocs.RestDocsTestExecutionListener@36aa52d2, org.springframework.boot.test.autoconfigure.web.client.MockRestServiceServerResetTestExecutionListener@4ee25d80, org.springframework.boot.test.autoconfigure.web.servlet.MockMvcPrintOnlyOnFailureTestExecutionListener@16a35bd, org.springframework.boot.test.autoconfigure.web.servlet.WebDriverTestExecutionListener@ba17be6, org.springframework.boot.test.autoconfigure.webservices.client.MockWebServiceServerTestExecutionListener@6f798482]
22:07:07.076 [main] DEBUG org.springframework.test.annotation.ProfileValueUtils - Retrieved @ProfileValueSourceConfiguration [null] for test class [com.gmail.merikbest2015.ecommerce.controller.RegistrationControllerTest]
22:07:07.076 [main] DEBUG org.springframework.test.annotation.ProfileValueUtils - Retrieved ProfileValueSource type [class org.springframework.test.annotation.SystemProfileValueSource] for class [com.gmail.merikbest2015.ecommerce.controller.RegistrationControllerTest]
22:07:07.076 [main] DEBUG org.springframework.test.annotation.ProfileValueUtils - Retrieved @ProfileValueSourceConfiguration [null] for test class [com.gmail.merikbest2015.ecommerce.controller.RegistrationControllerTest]
22:07:07.076 [main] DEBUG org.springframework.test.annotation.ProfileValueUtils - Retrieved ProfileValueSource type [class org.springframework.test.annotation.SystemProfileValueSource] for class [com.gmail.merikbest2015.ecommerce.controller.RegistrationControllerTest]
22:07:07.076 [main] DEBUG org.springframework.test.annotation.ProfileValueUtils - Retrieved @ProfileValueSourceConfiguration [null] for test class [com.gmail.merikbest2015.ecommerce.controller.RegistrationControllerTest]
22:07:07.076 [main] DEBUG org.springframework.test.annotation.ProfileValueUtils - Retrieved ProfileValueSource type [class org.springframework.test.annotation.SystemProfileValueSource] for class [com.gmail.merikbest2015.ecommerce.controller.RegistrationControllerTest]
22:07:07.079 [main] DEBUG org.springframework.test.context.junit4.SpringJUnit4ClassRunner - SpringJUnit4ClassRunner constructor called with [class com.gmail.merikbest2015.ecommerce.controller.UserControllerTest]
22:07:07.079 [main] DEBUG org.springframework.test.context.BootstrapUtils - Instantiating CacheAwareContextLoaderDelegate from class [org.springframework.test.context.cache.DefaultCacheAwareContextLoaderDelegate]
22:07:07.079 [main] DEBUG org.springframework.test.context.BootstrapUtils - Instantiating BootstrapContext using constructor [public org.springframework.test.context.support.DefaultBootstrapContext(java.lang.Class,org.springframework.test.context.CacheAwareContextLoaderDelegate)]
22:07:07.079 [main] DEBUG org.springframework.test.context.BootstrapUtils - Instantiating TestContextBootstrapper for test class [com.gmail.merikbest2015.ecommerce.controller.UserControllerTest] from class [org.springframework.boot.test.context.SpringBootTestContextBootstrapper]
22:07:07.080 [main] INFO org.springframework.boot.test.context.SpringBootTestContextBootstrapper - Neither @ContextConfiguration nor @ContextHierarchy found for test class [com.gmail.merikbest2015.ecommerce.controller.UserControllerTest], using SpringBootContextLoader
22:07:07.080 [main] DEBUG org.springframework.test.context.support.AbstractContextLoader - Did not detect default resource location for test class [com.gmail.merikbest2015.ecommerce.controller.UserControllerTest]: class path resource [com/gmail/merikbest2015/ecommerce/controller/UserControllerTest-context.xml] does not exist
22:07:07.081 [main] DEBUG org.springframework.test.context.support.AbstractContextLoader - Did not detect default resource location for test class [com.gmail.merikbest2015.ecommerce.controller.UserControllerTest]: class path resource [com/gmail/merikbest2015/ecommerce/controller/UserControllerTestContext.groovy] does not exist
22:07:07.081 [main] INFO org.springframework.test.context.support.AbstractContextLoader - Could not detect default resource locations for test class [com.gmail.merikbest2015.ecommerce.controller.UserControllerTest]: no resource found for suffixes {-context.xml, Context.groovy}.
22:07:07.081 [main] INFO org.springframework.test.context.support.AnnotationConfigContextLoaderUtils - Could not detect default configuration classes for test class [com.gmail.merikbest2015.ecommerce.controller.UserControllerTest]: UserControllerTest does not declare any static, non-private, non-final, nested classes annotated with @Configuration.
22:07:07.083 [main] DEBUG org.springframework.test.context.support.ActiveProfilesUtils - Could not find an 'annotation declaring class' for annotation type [org.springframework.test.context.ActiveProfiles] and class [com.gmail.merikbest2015.ecommerce.controller.UserControllerTest]
22:07:07.084 [main] INFO org.springframework.boot.test.context.SpringBootTestContextBootstrapper - Found @SpringBootConfiguration com.gmail.merikbest2015.ecommerce.EcommerceApplication for test class com.gmail.merikbest2015.ecommerce.controller.UserControllerTest
22:07:07.085 [main] DEBUG org.springframework.boot.test.context.SpringBootTestContextBootstrapper - @TestExecutionListeners is not present for class [com.gmail.merikbest2015.ecommerce.controller.UserControllerTest]: using defaults.
22:07:07.085 [main] INFO org.springframework.boot.test.context.SpringBootTestContextBootstrapper - Loaded default TestExecutionListener class names from location [META-INF/spring.factories]: [org.springframework.security.test.context.support.WithSecurityContextTestExecutionListener, org.springframework.security.test.context.support.ReactorContextTestExecutionListener, org.springframework.test.context.web.ServletTestExecutionListener, org.springframework.test.context.support.DirtiesContextBeforeModesTestExecutionListener, org.springframework.test.context.support.DependencyInjectionTestExecutionListener, org.springframework.test.context.support.DirtiesContextTestExecutionListener, org.springframework.test.context.transaction.TransactionalTestExecutionListener, org.springframework.test.context.jdbc.SqlScriptsTestExecutionListener, org.springframework.test.context.event.EventPublishingTestExecutionListener, org.springframework.boot.test.mock.mockito.MockitoTestExecutionListener, org.springframework.boot.test.mock.mockito.ResetMocksTestExecutionListener, org.springframework.boot.test.autoconfigure.restdocs.RestDocsTestExecutionListener, org.springframework.boot.test.autoconfigure.web.client.MockRestServiceServerResetTestExecutionListener, org.springframework.boot.test.autoconfigure.web.servlet.MockMvcPrintOnlyOnFailureTestExecutionListener, org.springframework.boot.test.autoconfigure.web.servlet.WebDriverTestExecutionListener, org.springframework.boot.test.autoconfigure.webservices.client.MockWebServiceServerTestExecutionListener]
22:07:07.086 [main] INFO org.springframework.boot.test.context.SpringBootTestContextBootstrapper - Using TestExecutionListeners: [org.springframework.test.context.web.ServletTestExecutionListener@6342ff7f, org.springframework.test.context.support.DirtiesContextBeforeModesTestExecutionListener@403c3a01, org.springframework.boot.test.mock.mockito.MockitoTestExecutionListener@2daf06fc, org.springframework.boot.test.autoconfigure.SpringBootDependencyInjectionTestExecutionListener@28237492, org.springframework.test.context.support.DirtiesContextTestExecutionListener@5ceecfee, org.springframework.test.context.transaction.TransactionalTestExecutionListener@7da31a40, org.springframework.test.context.jdbc.SqlScriptsTestExecutionListener@28ee7bee, org.springframework.security.test.context.support.WithSecurityContextTestExecutionListener@1b5a1d85, org.springframework.test.context.event.EventPublishingTestExecutionListener@31e130bf, org.springframework.security.test.context.support.ReactorContextTestExecutionListener@54755dd9, org.springframework.boot.test.mock.mockito.ResetMocksTestExecutionListener@f1f7db2, org.springframework.boot.test.autoconfigure.restdocs.RestDocsTestExecutionListener@4462efe1, org.springframework.boot.test.autoconfigure.web.client.MockRestServiceServerResetTestExecutionListener@7c3e4b1a, org.springframework.boot.test.autoconfigure.web.servlet.MockMvcPrintOnlyOnFailureTestExecutionListener@2db4ad1, org.springframework.boot.test.autoconfigure.web.servlet.WebDriverTestExecutionListener@765d55d5, org.springframework.boot.test.autoconfigure.webservices.client.MockWebServiceServerTestExecutionListener@2513a118]
22:07:07.086 [main] DEBUG org.springframework.test.annotation.ProfileValueUtils - Retrieved @ProfileValueSourceConfiguration [null] for test class [com.gmail.merikbest2015.ecommerce.controller.UserControllerTest]
22:07:07.086 [main] DEBUG org.springframework.test.annotation.ProfileValueUtils - Retrieved ProfileValueSource type [class org.springframework.test.annotation.SystemProfileValueSource] for class [com.gmail.merikbest2015.ecommerce.controller.UserControllerTest]
22:07:07.087 [main] DEBUG org.springframework.test.annotation.ProfileValueUtils - Retrieved @ProfileValueSourceConfiguration [null] for test class [com.gmail.merikbest2015.ecommerce.controller.UserControllerTest]
22:07:07.087 [main] DEBUG org.springframework.test.annotation.ProfileValueUtils - Retrieved ProfileValueSource type [class org.springframework.test.annotation.SystemProfileValueSource] for class [com.gmail.merikbest2015.ecommerce.controller.UserControllerTest]
22:07:07.087 [main] DEBUG org.springframework.test.annotation.ProfileValueUtils - Retrieved @ProfileValueSourceConfiguration [null] for test class [com.gmail.merikbest2015.ecommerce.controller.UserControllerTest]
22:07:07.087 [main] DEBUG org.springframework.test.annotation.ProfileValueUtils - Retrieved ProfileValueSource type [class org.springframework.test.annotation.SystemProfileValueSource] for class [com.gmail.merikbest2015.ecommerce.controller.UserControllerTest]
22:07:07.087 [main] DEBUG org.springframework.test.context.junit4.SpringJUnit4ClassRunner - SpringJUnit4ClassRunner constructor called with [class com.gmail.merikbest2015.ecommerce.controller.AdminControllerTest]
22:07:07.088 [main] DEBUG org.springframework.test.context.BootstrapUtils - Instantiating CacheAwareContextLoaderDelegate from class [org.springframework.test.context.cache.DefaultCacheAwareContextLoaderDelegate]
22:07:07.088 [main] DEBUG org.springframework.test.context.BootstrapUtils - Instantiating BootstrapContext using constructor [public org.springframework.test.context.support.DefaultBootstrapContext(java.lang.Class,org.springframework.test.context.CacheAwareContextLoaderDelegate)]
22:07:07.088 [main] DEBUG org.springframework.test.context.BootstrapUtils - Instantiating TestContextBootstrapper for test class [com.gmail.merikbest2015.ecommerce.controller.AdminControllerTest] from class [org.springframework.boot.test.context.SpringBootTestContextBootstrapper]
22:07:07.088 [main] INFO org.springframework.boot.test.context.SpringBootTestContextBootstrapper - Neither @ContextConfiguration nor @ContextHierarchy found for test class [com.gmail.merikbest2015.ecommerce.controller.AdminControllerTest], using SpringBootContextLoader
22:07:07.089 [main] DEBUG org.springframework.test.context.support.AbstractContextLoader - Did not detect default resource location for test class [com.gmail.merikbest2015.ecommerce.controller.AdminControllerTest]: class path resource [com/gmail/merikbest2015/ecommerce/controller/AdminControllerTest-context.xml] does not exist
22:07:07.089 [main] DEBUG org.springframework.test.context.support.AbstractContextLoader - Did not detect default resource location for test class [com.gmail.merikbest2015.ecommerce.controller.AdminControllerTest]: class path resource [com/gmail/merikbest2015/ecommerce/controller/AdminControllerTestContext.groovy] does not exist
22:07:07.089 [main] INFO org.springframework.test.context.support.AbstractContextLoader - Could not detect default resource locations for test class [com.gmail.merikbest2015.ecommerce.controller.AdminControllerTest]: no resource found for suffixes {-context.xml, Context.groovy}.
22:07:07.089 [main] INFO org.springframework.test.context.support.AnnotationConfigContextLoaderUtils - Could not detect default configuration classes for test class [com.gmail.merikbest2015.ecommerce.controller.AdminControllerTest]: AdminControllerTest does not declare any static, non-private, non-final, nested classes annotated with @Configuration.
22:07:07.094 [main] DEBUG org.springframework.test.context.support.ActiveProfilesUtils - Could not find an 'annotation declaring class' for annotation type [org.springframework.test.context.ActiveProfiles] and class [com.gmail.merikbest2015.ecommerce.controller.AdminControllerTest]
22:07:07.096 [main] INFO org.springframework.boot.test.context.SpringBootTestContextBootstrapper - Found @SpringBootConfiguration com.gmail.merikbest2015.ecommerce.EcommerceApplication for test class com.gmail.merikbest2015.ecommerce.controller.AdminControllerTest
22:07:07.098 [main] DEBUG org.springframework.boot.test.context.SpringBootTestContextBootstrapper - @TestExecutionListeners is not present for class [com.gmail.merikbest2015.ecommerce.controller.AdminControllerTest]: using defaults.
22:07:07.098 [main] INFO org.springframework.boot.test.context.SpringBootTestContextBootstrapper - Loaded default TestExecutionListener class names from location [META-INF/spring.factories]: [org.springframework.security.test.context.support.WithSecurityContextTestExecutionListener, org.springframework.security.test.context.support.ReactorContextTestExecutionListener, org.springframework.test.context.web.ServletTestExecutionListener, org.springframework.test.context.support.DirtiesContextBeforeModesTestExecutionListener, org.springframework.test.context.support.DependencyInjectionTestExecutionListener, org.springframework.test.context.support.DirtiesContextTestExecutionListener, org.springframework.test.context.transaction.TransactionalTestExecutionListener, org.springframework.test.context.jdbc.SqlScriptsTestExecutionListener, org.springframework.test.context.event.EventPublishingTestExecutionListener, org.springframework.boot.test.mock.mockito.MockitoTestExecutionListener, org.springframework.boot.test.mock.mockito.ResetMocksTestExecutionListener, org.springframework.boot.test.autoconfigure.restdocs.RestDocsTestExecutionListener, org.springframework.boot.test.autoconfigure.web.client.MockRestServiceServerResetTestExecutionListener, org.springframework.boot.test.autoconfigure.web.servlet.MockMvcPrintOnlyOnFailureTestExecutionListener, org.springframework.boot.test.autoconfigure.web.servlet.WebDriverTestExecutionListener, org.springframework.boot.test.autoconfigure.webservices.client.MockWebServiceServerTestExecutionListener]
22:07:07.100 [main] INFO org.springframework.boot.test.context.SpringBootTestContextBootstrapper - Using TestExecutionListeners: [org.springframework.test.context.web.ServletTestExecutionListener@3d1f558a, org.springframework.test.context.support.DirtiesContextBeforeModesTestExecutionListener@6abdec0e, org.springframework.boot.test.mock.mockito.MockitoTestExecutionListener@28f4f300, org.springframework.boot.test.autoconfigure.SpringBootDependencyInjectionTestExecutionListener@2b5c4f17, org.springframework.test.context.support.DirtiesContextTestExecutionListener@6ca8fcf3, org.springframework.test.context.transaction.TransactionalTestExecutionListener@69f0b0f4, org.springframework.test.context.jdbc.SqlScriptsTestExecutionListener@66933239, org.springframework.security.test.context.support.WithSecurityContextTestExecutionListener@2f7efd0b, org.springframework.test.context.event.EventPublishingTestExecutionListener@41ad373, org.springframework.security.test.context.support.ReactorContextTestExecutionListener@6801b414, org.springframework.boot.test.mock.mockito.ResetMocksTestExecutionListener@177c41d7, org.springframework.boot.test.autoconfigure.restdocs.RestDocsTestExecutionListener@4f327096, org.springframework.boot.test.autoconfigure.web.client.MockRestServiceServerResetTestExecutionListener@1d61a348, org.springframework.boot.test.autoconfigure.web.servlet.MockMvcPrintOnlyOnFailureTestExecutionListener@78a515e4, org.springframework.boot.test.autoconfigure.web.servlet.WebDriverTestExecutionListener@d2291de, org.springframework.boot.test.autoconfigure.webservices.client.MockWebServiceServerTestExecutionListener@51c8f62c]
22:07:07.100 [main] DEBUG org.springframework.test.annotation.ProfileValueUtils - Retrieved @ProfileValueSourceConfiguration [null] for test class [com.gmail.merikbest2015.ecommerce.controller.AdminControllerTest]
22:07:07.100 [main] DEBUG org.springframework.test.annotation.ProfileValueUtils - Retrieved ProfileValueSource type [class org.springframework.test.annotation.SystemProfileValueSource] for class [com.gmail.merikbest2015.ecommerce.controller.AdminControllerTest]
22:07:07.102 [main] DEBUG org.springframework.test.annotation.ProfileValueUtils - Retrieved @ProfileValueSourceConfiguration [null] for test class [com.gmail.merikbest2015.ecommerce.controller.AdminControllerTest]
22:07:07.102 [main] DEBUG org.springframework.test.annotation.ProfileValueUtils - Retrieved ProfileValueSource type [class org.springframework.test.annotation.SystemProfileValueSource] for class [com.gmail.merikbest2015.ecommerce.controller.AdminControllerTest]
22:07:07.102 [main] DEBUG org.springframework.test.annotation.ProfileValueUtils - Retrieved @ProfileValueSourceConfiguration [null] for test class [com.gmail.merikbest2015.ecommerce.controller.AdminControllerTest]
22:07:07.102 [main] DEBUG org.springframework.test.annotation.ProfileValueUtils - Retrieved ProfileValueSource type [class org.springframework.test.annotation.SystemProfileValueSource] for class [com.gmail.merikbest2015.ecommerce.controller.AdminControllerTest]
22:07:07.103 [main] DEBUG org.springframework.test.context.junit4.SpringJUnit4ClassRunner - SpringJUnit4ClassRunner constructor called with [class com.gmail.merikbest2015.ecommerce.controller.OrderControllerTest]
22:07:07.103 [main] DEBUG org.springframework.test.context.BootstrapUtils - Instantiating CacheAwareContextLoaderDelegate from class [org.springframework.test.context.cache.DefaultCacheAwareContextLoaderDelegate]
22:07:07.103 [main] DEBUG org.springframework.test.context.BootstrapUtils - Instantiating BootstrapContext using constructor [public org.springframework.test.context.support.DefaultBootstrapContext(java.lang.Class,org.springframework.test.context.CacheAwareContextLoaderDelegate)]
22:07:07.103 [main] DEBUG org.springframework.test.context.BootstrapUtils - Instantiating TestContextBootstrapper for test class [com.gmail.merikbest2015.ecommerce.controller.OrderControllerTest] from class [org.springframework.boot.test.context.SpringBootTestContextBootstrapper]
22:07:07.104 [main] INFO org.springframework.boot.test.context.SpringBootTestContextBootstrapper - Neither @ContextConfiguration nor @ContextHierarchy found for test class [com.gmail.merikbest2015.ecommerce.controller.OrderControllerTest], using SpringBootContextLoader
22:07:07.105 [main] DEBUG org.springframework.test.context.support.AbstractContextLoader - Did not detect default resource location for test class [com.gmail.merikbest2015.ecommerce.controller.OrderControllerTest]: class path resource [com/gmail/merikbest2015/ecommerce/controller/OrderControllerTest-context.xml] does not exist
22:07:07.105 [main] DEBUG org.springframework.test.context.support.AbstractContextLoader - Did not detect default resource location for test class [com.gmail.merikbest2015.ecommerce.controller.OrderControllerTest]: class path resource [com/gmail/merikbest2015/ecommerce/controller/OrderControllerTestContext.groovy] does not exist
22:07:07.105 [main] INFO org.springframework.test.context.support.AbstractContextLoader - Could not detect default resource locations for test class [com.gmail.merikbest2015.ecommerce.controller.OrderControllerTest]: no resource found for suffixes {-context.xml, Context.groovy}.
22:07:07.105 [main] INFO org.springframework.test.context.support.AnnotationConfigContextLoaderUtils - Could not detect default configuration classes for test class [com.gmail.merikbest2015.ecommerce.controller.OrderControllerTest]: OrderControllerTest does not declare any static, non-private, non-final, nested classes annotated with @Configuration.
22:07:07.108 [main] DEBUG org.springframework.test.context.support.ActiveProfilesUtils - Could not find an 'annotation declaring class' for annotation type [org.springframework.test.context.ActiveProfiles] and class [com.gmail.merikbest2015.ecommerce.controller.OrderControllerTest]
22:07:07.109 [main] INFO org.springframework.boot.test.context.SpringBootTestContextBootstrapper - Found @SpringBootConfiguration com.gmail.merikbest2015.ecommerce.EcommerceApplication for test class com.gmail.merikbest2015.ecommerce.controller.OrderControllerTest
22:07:07.113 [main] DEBUG org.springframework.boot.test.context.SpringBootTestContextBootstrapper - @TestExecutionListeners is not present for class [com.gmail.merikbest2015.ecommerce.controller.OrderControllerTest]: using defaults.
22:07:07.114 [main] INFO org.springframework.boot.test.context.SpringBootTestContextBootstrapper - Loaded default TestExecutionListener class names from location [META-INF/spring.factories]: [org.springframework.security.test.context.support.WithSecurityContextTestExecutionListener, org.springframework.security.test.context.support.ReactorContextTestExecutionListener, org.springframework.test.context.web.ServletTestExecutionListener, org.springframework.test.context.support.DirtiesContextBeforeModesTestExecutionListener, org.springframework.test.context.support.DependencyInjectionTestExecutionListener, org.springframework.test.context.support.DirtiesContextTestExecutionListener, org.springframework.test.context.transaction.TransactionalTestExecutionListener, org.springframework.test.context.jdbc.SqlScriptsTestExecutionListener, org.springframework.test.context.event.EventPublishingTestExecutionListener, org.springframework.boot.test.mock.mockito.MockitoTestExecutionListener, org.springframework.boot.test.mock.mockito.ResetMocksTestExecutionListener, org.springframework.boot.test.autoconfigure.restdocs.RestDocsTestExecutionListener, org.springframework.boot.test.autoconfigure.web.client.MockRestServiceServerResetTestExecutionListener, org.springframework.boot.test.autoconfigure.web.servlet.MockMvcPrintOnlyOnFailureTestExecutionListener, org.springframework.boot.test.autoconfigure.web.servlet.WebDriverTestExecutionListener, org.springframework.boot.test.autoconfigure.webservices.client.MockWebServiceServerTestExecutionListener]
22:07:07.114 [main] INFO org.springframework.boot.test.context.SpringBootTestContextBootstrapper - Using TestExecutionListeners: [org.springframework.test.context.web.ServletTestExecutionListener@8cc8cdb, org.springframework.test.context.support.DirtiesContextBeforeModesTestExecutionListener@1e236278, org.springframework.boot.test.mock.mockito.MockitoTestExecutionListener@44fff386, org.springframework.boot.test.autoconfigure.SpringBootDependencyInjectionTestExecutionListener@1fc713c9, org.springframework.test.context.support.DirtiesContextTestExecutionListener@7301eebe, org.springframework.test.context.transaction.TransactionalTestExecutionListener@76b47204, org.springframework.test.context.jdbc.SqlScriptsTestExecutionListener@4d6ccc97, org.springframework.security.test.context.support.WithSecurityContextTestExecutionListener@6a12c7a8, org.springframework.test.context.event.EventPublishingTestExecutionListener@161aa04a, org.springframework.security.test.context.support.ReactorContextTestExecutionListener@436bd4df, org.springframework.boot.test.mock.mockito.ResetMocksTestExecutionListener@6848a051, org.springframework.boot.test.autoconfigure.restdocs.RestDocsTestExecutionListener@149b0577, org.springframework.boot.test.autoconfigure.web.client.MockRestServiceServerResetTestExecutionListener@5740ff5e, org.springframework.boot.test.autoconfigure.web.servlet.MockMvcPrintOnlyOnFailureTestExecutionListener@4a901445, org.springframework.boot.test.autoconfigure.web.servlet.WebDriverTestExecutionListener@67f77f6e, org.springframework.boot.test.autoconfigure.webservices.client.MockWebServiceServerTestExecutionListener@2b0b7e5a]
22:07:07.114 [main] DEBUG org.springframework.test.annotation.ProfileValueUtils - Retrieved @ProfileValueSourceConfiguration [null] for test class [com.gmail.merikbest2015.ecommerce.controller.OrderControllerTest]
22:07:07.114 [main] DEBUG org.springframework.test.annotation.ProfileValueUtils - Retrieved ProfileValueSource type [class org.springframework.test.annotation.SystemProfileValueSource] for class [com.gmail.merikbest2015.ecommerce.controller.OrderControllerTest]
22:07:07.115 [main] DEBUG org.springframework.test.annotation.ProfileValueUtils - Retrieved @ProfileValueSourceConfiguration [null] for test class [com.gmail.merikbest2015.ecommerce.controller.OrderControllerTest]
22:07:07.115 [main] DEBUG org.springframework.test.annotation.ProfileValueUtils - Retrieved ProfileValueSource type [class org.springframework.test.annotation.SystemProfileValueSource] for class [com.gmail.merikbest2015.ecommerce.controller.OrderControllerTest]
22:07:07.115 [main] DEBUG org.springframework.test.annotation.ProfileValueUtils - Retrieved @ProfileValueSourceConfiguration [null] for test class [com.gmail.merikbest2015.ecommerce.controller.OrderControllerTest]
22:07:07.115 [main] DEBUG org.springframework.test.annotation.ProfileValueUtils - Retrieved ProfileValueSource type [class org.springframework.test.annotation.SystemProfileValueSource] for class [com.gmail.merikbest2015.ecommerce.controller.OrderControllerTest]
22:07:07.115 [main] DEBUG org.springframework.test.context.junit4.SpringJUnit4ClassRunner - SpringJUnit4ClassRunner constructor called with [class com.gmail.merikbest2015.ecommerce.mapper.UserMapperTest]
22:07:07.116 [main] DEBUG org.springframework.test.context.BootstrapUtils - Instantiating CacheAwareContextLoaderDelegate from class [org.springframework.test.context.cache.DefaultCacheAwareContextLoaderDelegate]
22:07:07.116 [main] DEBUG org.springframework.test.context.BootstrapUtils - Instantiating BootstrapContext using constructor [public org.springframework.test.context.support.DefaultBootstrapContext(java.lang.Class,org.springframework.test.context.CacheAwareContextLoaderDelegate)]
22:07:07.116 [main] DEBUG org.springframework.test.context.BootstrapUtils - Instantiating TestContextBootstrapper for test class [com.gmail.merikbest2015.ecommerce.mapper.UserMapperTest] from class [org.springframework.boot.test.context.SpringBootTestContextBootstrapper]
22:07:07.116 [main] INFO org.springframework.boot.test.context.SpringBootTestContextBootstrapper - Neither @ContextConfiguration nor @ContextHierarchy found for test class [com.gmail.merikbest2015.ecommerce.mapper.UserMapperTest], using SpringBootContextLoader
22:07:07.116 [main] DEBUG org.springframework.test.context.support.AbstractContextLoader - Did not detect default resource location for test class [com.gmail.merikbest2015.ecommerce.mapper.UserMapperTest]: class path resource [com/gmail/merikbest2015/ecommerce/mapper/UserMapperTest-context.xml] does not exist
22:07:07.117 [main] DEBUG org.springframework.test.context.support.AbstractContextLoader - Did not detect default resource location for test class [com.gmail.merikbest2015.ecommerce.mapper.UserMapperTest]: class path resource [com/gmail/merikbest2015/ecommerce/mapper/UserMapperTestContext.groovy] does not exist
22:07:07.117 [main] INFO org.springframework.test.context.support.AbstractContextLoader - Could not detect default resource locations for test class [com.gmail.merikbest2015.ecommerce.mapper.UserMapperTest]: no resource found for suffixes {-context.xml, Context.groovy}.
22:07:07.117 [main] INFO org.springframework.test.context.support.AnnotationConfigContextLoaderUtils - Could not detect default configuration classes for test class [com.gmail.merikbest2015.ecommerce.mapper.UserMapperTest]: UserMapperTest does not declare any static, non-private, non-final, nested classes annotated with @Configuration.
22:07:07.120 [main] DEBUG org.springframework.test.context.support.ActiveProfilesUtils - Could not find an 'annotation declaring class' for annotation type [org.springframework.test.context.ActiveProfiles] and class [com.gmail.merikbest2015.ecommerce.mapper.UserMapperTest]
22:07:07.120 [main] INFO org.springframework.boot.test.context.SpringBootTestContextBootstrapper - Found @SpringBootConfiguration com.gmail.merikbest2015.ecommerce.EcommerceApplication for test class com.gmail.merikbest2015.ecommerce.mapper.UserMapperTest
22:07:07.128 [main] DEBUG org.springframework.boot.test.context.SpringBootTestContextBootstrapper - @TestExecutionListeners is not present for class [com.gmail.merikbest2015.ecommerce.mapper.UserMapperTest]: using defaults.
22:07:07.128 [main] INFO org.springframework.boot.test.context.SpringBootTestContextBootstrapper - Loaded default TestExecutionListener class names from location [META-INF/spring.factories]: [org.springframework.security.test.context.support.WithSecurityContextTestExecutionListener, org.springframework.security.test.context.support.ReactorContextTestExecutionListener, org.springframework.test.context.web.ServletTestExecutionListener, org.springframework.test.context.support.DirtiesContextBeforeModesTestExecutionListener, org.springframework.test.context.support.DependencyInjectionTestExecutionListener, org.springframework.test.context.support.DirtiesContextTestExecutionListener, org.springframework.test.context.transaction.TransactionalTestExecutionListener, org.springframework.test.context.jdbc.SqlScriptsTestExecutionListener, org.springframework.test.context.event.EventPublishingTestExecutionListener, org.springframework.boot.test.mock.mockito.MockitoTestExecutionListener, org.springframework.boot.test.mock.mockito.ResetMocksTestExecutionListener, org.springframework.boot.test.autoconfigure.restdocs.RestDocsTestExecutionListener, org.springframework.boot.test.autoconfigure.web.client.MockRestServiceServerResetTestExecutionListener, org.springframework.boot.test.autoconfigure.web.servlet.MockMvcPrintOnlyOnFailureTestExecutionListener, org.springframework.boot.test.autoconfigure.web.servlet.WebDriverTestExecutionListener, org.springframework.boot.test.autoconfigure.webservices.client.MockWebServiceServerTestExecutionListener]
22:07:07.129 [main] INFO org.springframework.boot.test.context.SpringBootTestContextBootstrapper - Using TestExecutionListeners: [org.springframework.test.context.web.ServletTestExecutionListener@3119cf6f, org.springframework.test.context.support.DirtiesContextBeforeModesTestExecutionListener@6dc9da2d, org.springframework.boot.test.mock.mockito.MockitoTestExecutionListener@1d408060, org.springframework.boot.test.autoconfigure.SpringBootDependencyInjectionTestExecutionListener@68a78f3c, org.springframework.test.context.support.DirtiesContextTestExecutionListener@17ba57f0, org.springframework.test.context.transaction.TransactionalTestExecutionListener@3481ff98, org.springframework.test.context.jdbc.SqlScriptsTestExecutionListener@2ddb3ae8, org.springframework.security.test.context.support.WithSecurityContextTestExecutionListener@79518e00, org.springframework.test.context.event.EventPublishingTestExecutionListener@3c91530d, org.springframework.security.test.context.support.ReactorContextTestExecutionListener@7d70638, org.springframework.boot.test.mock.mockito.ResetMocksTestExecutionListener@732f6050, org.springframework.boot.test.autoconfigure.restdocs.RestDocsTestExecutionListener@6fbc1bb, org.springframework.boot.test.autoconfigure.web.client.MockRestServiceServerResetTestExecutionListener@30c4e352, org.springframework.boot.test.autoconfigure.web.servlet.MockMvcPrintOnlyOnFailureTestExecutionListener@f1dd5b4, org.springframework.boot.test.autoconfigure.web.servlet.WebDriverTestExecutionListener@73809e7, org.springframework.boot.test.autoconfigure.webservices.client.MockWebServiceServerTestExecutionListener@5f96f6a2]
22:07:07.129 [main] DEBUG org.springframework.test.annotation.ProfileValueUtils - Retrieved @ProfileValueSourceConfiguration [null] for test class [com.gmail.merikbest2015.ecommerce.mapper.UserMapperTest]
22:07:07.129 [main] DEBUG org.springframework.test.annotation.ProfileValueUtils - Retrieved ProfileValueSource type [class org.springframework.test.annotation.SystemProfileValueSource] for class [com.gmail.merikbest2015.ecommerce.mapper.UserMapperTest]
22:07:07.129 [main] DEBUG org.springframework.test.annotation.ProfileValueUtils - Retrieved @ProfileValueSourceConfiguration [null] for test class [com.gmail.merikbest2015.ecommerce.mapper.UserMapperTest]
22:07:07.129 [main] DEBUG org.springframework.test.annotation.ProfileValueUtils - Retrieved ProfileValueSource type [class org.springframework.test.annotation.SystemProfileValueSource] for class [com.gmail.merikbest2015.ecommerce.mapper.UserMapperTest]
22:07:07.129 [main] DEBUG org.springframework.test.annotation.ProfileValueUtils - Retrieved @ProfileValueSourceConfiguration [null] for test class [com.gmail.merikbest2015.ecommerce.mapper.UserMapperTest]
22:07:07.129 [main] DEBUG org.springframework.test.annotation.ProfileValueUtils - Retrieved ProfileValueSource type [class org.springframework.test.annotation.SystemProfileValueSource] for class [com.gmail.merikbest2015.ecommerce.mapper.UserMapperTest]
22:07:07.130 [main] DEBUG org.springframework.test.context.junit4.SpringJUnit4ClassRunner - SpringJUnit4ClassRunner constructor called with [class com.gmail.merikbest2015.ecommerce.mapper.PerfumeMapperTest]
22:07:07.130 [main] DEBUG org.springframework.test.context.BootstrapUtils - Instantiating CacheAwareContextLoaderDelegate from class [org.springframework.test.context.cache.DefaultCacheAwareContextLoaderDelegate]
22:07:07.130 [main] DEBUG org.springframework.test.context.BootstrapUtils - Instantiating BootstrapContext using constructor [public org.springframework.test.context.support.DefaultBootstrapContext(java.lang.Class,org.springframework.test.context.CacheAwareContextLoaderDelegate)]
22:07:07.130 [main] DEBUG org.springframework.test.context.BootstrapUtils - Instantiating TestContextBootstrapper for test class [com.gmail.merikbest2015.ecommerce.mapper.PerfumeMapperTest] from class [org.springframework.boot.test.context.SpringBootTestContextBootstrapper]
22:07:07.131 [main] INFO org.springframework.boot.test.context.SpringBootTestContextBootstrapper - Neither @ContextConfiguration nor @ContextHierarchy found for test class [com.gmail.merikbest2015.ecommerce.mapper.PerfumeMapperTest], using SpringBootContextLoader
22:07:07.132 [main] DEBUG org.springframework.test.context.support.AbstractContextLoader - Did not detect default resource location for test class [com.gmail.merikbest2015.ecommerce.mapper.PerfumeMapperTest]: class path resource [com/gmail/merikbest2015/ecommerce/mapper/PerfumeMapperTest-context.xml] does not exist
22:07:07.133 [main] DEBUG org.springframework.test.context.support.AbstractContextLoader - Did not detect default resource location for test class [com.gmail.merikbest2015.ecommerce.mapper.PerfumeMapperTest]: class path resource [com/gmail/merikbest2015/ecommerce/mapper/PerfumeMapperTestContext.groovy] does not exist
22:07:07.133 [main] INFO org.springframework.test.context.support.AbstractContextLoader - Could not detect default resource locations for test class [com.gmail.merikbest2015.ecommerce.mapper.PerfumeMapperTest]: no resource found for suffixes {-context.xml, Context.groovy}.
22:07:07.133 [main] INFO org.springframework.test.context.support.AnnotationConfigContextLoaderUtils - Could not detect default configuration classes for test class [com.gmail.merikbest2015.ecommerce.mapper.PerfumeMapperTest]: PerfumeMapperTest does not declare any static, non-private, non-final, nested classes annotated with @Configuration.
22:07:07.134 [main] DEBUG org.springframework.test.context.support.ActiveProfilesUtils - Could not find an 'annotation declaring class' for annotation type [org.springframework.test.context.ActiveProfiles] and class [com.gmail.merikbest2015.ecommerce.mapper.PerfumeMapperTest]
22:07:07.135 [main] INFO org.springframework.boot.test.context.SpringBootTestContextBootstrapper - Found @SpringBootConfiguration com.gmail.merikbest2015.ecommerce.EcommerceApplication for test class com.gmail.merikbest2015.ecommerce.mapper.PerfumeMapperTest
22:07:07.136 [main] DEBUG org.springframework.boot.test.context.SpringBootTestContextBootstrapper - @TestExecutionListeners is not present for class [com.gmail.merikbest2015.ecommerce.mapper.PerfumeMapperTest]: using defaults.
22:07:07.136 [main] INFO org.springframework.boot.test.context.SpringBootTestContextBootstrapper - Loaded default TestExecutionListener class names from location [META-INF/spring.factories]: [org.springframework.security.test.context.support.WithSecurityContextTestExecutionListener, org.springframework.security.test.context.support.ReactorContextTestExecutionListener, org.springframework.test.context.web.ServletTestExecutionListener, org.springframework.test.context.support.DirtiesContextBeforeModesTestExecutionListener, org.springframework.test.context.support.DependencyInjectionTestExecutionListener, org.springframework.test.context.support.DirtiesContextTestExecutionListener, org.springframework.test.context.transaction.TransactionalTestExecutionListener, org.springframework.test.context.jdbc.SqlScriptsTestExecutionListener, org.springframework.test.context.event.EventPublishingTestExecutionListener, org.springframework.boot.test.mock.mockito.MockitoTestExecutionListener, org.springframework.boot.test.mock.mockito.ResetMocksTestExecutionListener, org.springframework.boot.test.autoconfigure.restdocs.RestDocsTestExecutionListener, org.springframework.boot.test.autoconfigure.web.client.MockRestServiceServerResetTestExecutionListener, org.springframework.boot.test.autoconfigure.web.servlet.MockMvcPrintOnlyOnFailureTestExecutionListener, org.springframework.boot.test.autoconfigure.web.servlet.WebDriverTestExecutionListener, org.springframework.boot.test.autoconfigure.webservices.client.MockWebServiceServerTestExecutionListener]
22:07:07.138 [main] INFO org.springframework.boot.test.context.SpringBootTestContextBootstrapper - Using TestExecutionListeners: [org.springframework.test.context.web.ServletTestExecutionListener@290e8cab, org.springframework.test.context.support.DirtiesContextBeforeModesTestExecutionListener@6e3ecf5c, org.springframework.boot.test.mock.mockito.MockitoTestExecutionListener@67507df, org.springframework.boot.test.autoconfigure.SpringBootDependencyInjectionTestExecutionListener@341b13a8, org.springframework.test.context.support.DirtiesContextTestExecutionListener@692dba54, org.springframework.test.context.transaction.TransactionalTestExecutionListener@71f1cc02, org.springframework.test.context.jdbc.SqlScriptsTestExecutionListener@5f14761c, org.springframework.security.test.context.support.WithSecurityContextTestExecutionListener@33feb805, org.springframework.test.context.event.EventPublishingTestExecutionListener@37854b34, org.springframework.security.test.context.support.ReactorContextTestExecutionListener@48eb001a, org.springframework.boot.test.mock.mockito.ResetMocksTestExecutionListener@34332b8d, org.springframework.boot.test.autoconfigure.restdocs.RestDocsTestExecutionListener@724b939e, org.springframework.boot.test.autoconfigure.web.client.MockRestServiceServerResetTestExecutionListener@6f8aba08, org.springframework.boot.test.autoconfigure.web.servlet.MockMvcPrintOnlyOnFailureTestExecutionListener@7ff19c33, org.springframework.boot.test.autoconfigure.web.servlet.WebDriverTestExecutionListener@52b3bf03, org.springframework.boot.test.autoconfigure.webservices.client.MockWebServiceServerTestExecutionListener@7cca01a8]
22:07:07.138 [main] DEBUG org.springframework.test.annotation.ProfileValueUtils - Retrieved @ProfileValueSourceConfiguration [null] for test class [com.gmail.merikbest2015.ecommerce.mapper.PerfumeMapperTest]
22:07:07.138 [main] DEBUG org.springframework.test.annotation.ProfileValueUtils - Retrieved ProfileValueSource type [class org.springframework.test.annotation.SystemProfileValueSource] for class [com.gmail.merikbest2015.ecommerce.mapper.PerfumeMapperTest]
22:07:07.138 [main] DEBUG org.springframework.test.annotation.ProfileValueUtils - Retrieved @ProfileValueSourceConfiguration [null] for test class [com.gmail.merikbest2015.ecommerce.mapper.PerfumeMapperTest]
22:07:07.138 [main] DEBUG org.springframework.test.annotation.ProfileValueUtils - Retrieved ProfileValueSource type [class org.springframework.test.annotation.SystemProfileValueSource] for class [com.gmail.merikbest2015.ecommerce.mapper.PerfumeMapperTest]
22:07:07.138 [main] DEBUG org.springframework.test.annotation.ProfileValueUtils - Retrieved @ProfileValueSourceConfiguration [null] for test class [com.gmail.merikbest2015.ecommerce.mapper.PerfumeMapperTest]
22:07:07.138 [main] DEBUG org.springframework.test.annotation.ProfileValueUtils - Retrieved ProfileValueSource type [class org.springframework.test.annotation.SystemProfileValueSource] for class [com.gmail.merikbest2015.ecommerce.mapper.PerfumeMapperTest]
22:07:07.139 [main] DEBUG org.springframework.test.context.junit4.SpringJUnit4ClassRunner - SpringJUnit4ClassRunner constructor called with [class com.gmail.merikbest2015.ecommerce.mapper.OrderMapperTest]
22:07:07.139 [main] DEBUG org.springframework.test.context.BootstrapUtils - Instantiating CacheAwareContextLoaderDelegate from class [org.springframework.test.context.cache.DefaultCacheAwareContextLoaderDelegate]
22:07:07.139 [main] DEBUG org.springframework.test.context.BootstrapUtils - Instantiating BootstrapContext using constructor [public org.springframework.test.context.support.DefaultBootstrapContext(java.lang.Class,org.springframework.test.context.CacheAwareContextLoaderDelegate)]
22:07:07.139 [main] DEBUG org.springframework.test.context.BootstrapUtils - Instantiating TestContextBootstrapper for test class [com.gmail.merikbest2015.ecommerce.mapper.OrderMapperTest] from class [org.springframework.boot.test.context.SpringBootTestContextBootstrapper]
22:07:07.140 [main] INFO org.springframework.boot.test.context.SpringBootTestContextBootstrapper - Neither @ContextConfiguration nor @ContextHierarchy found for test class [com.gmail.merikbest2015.ecommerce.mapper.OrderMapperTest], using SpringBootContextLoader
22:07:07.140 [main] DEBUG org.springframework.test.context.support.AbstractContextLoader - Did not detect default resource location for test class [com.gmail.merikbest2015.ecommerce.mapper.OrderMapperTest]: class path resource [com/gmail/merikbest2015/ecommerce/mapper/OrderMapperTest-context.xml] does not exist
22:07:07.141 [main] DEBUG org.springframework.test.context.support.AbstractContextLoader - Did not detect default resource location for test class [com.gmail.merikbest2015.ecommerce.mapper.OrderMapperTest]: class path resource [com/gmail/merikbest2015/ecommerce/mapper/OrderMapperTestContext.groovy] does not exist
22:07:07.141 [main] INFO org.springframework.test.context.support.AbstractContextLoader - Could not detect default resource locations for test class [com.gmail.merikbest2015.ecommerce.mapper.OrderMapperTest]: no resource found for suffixes {-context.xml, Context.groovy}.
22:07:07.141 [main] INFO org.springframework.test.context.support.AnnotationConfigContextLoaderUtils - Could not detect default configuration classes for test class [com.gmail.merikbest2015.ecommerce.mapper.OrderMapperTest]: OrderMapperTest does not declare any static, non-private, non-final, nested classes annotated with @Configuration.
22:07:07.143 [main] DEBUG org.springframework.test.context.support.ActiveProfilesUtils - Could not find an 'annotation declaring class' for annotation type [org.springframework.test.context.ActiveProfiles] and class [com.gmail.merikbest2015.ecommerce.mapper.OrderMapperTest]
22:07:07.143 [main] INFO org.springframework.boot.test.context.SpringBootTestContextBootstrapper - Found @SpringBootConfiguration com.gmail.merikbest2015.ecommerce.EcommerceApplication for test class com.gmail.merikbest2015.ecommerce.mapper.OrderMapperTest
22:07:07.145 [main] DEBUG org.springframework.boot.test.context.SpringBootTestContextBootstrapper - @TestExecutionListeners is not present for class [com.gmail.merikbest2015.ecommerce.mapper.OrderMapperTest]: using defaults.
22:07:07.145 [main] INFO org.springframework.boot.test.context.SpringBootTestContextBootstrapper - Loaded default TestExecutionListener class names from location [META-INF/spring.factories]: [org.springframework.security.test.context.support.WithSecurityContextTestExecutionListener, org.springframework.security.test.context.support.ReactorContextTestExecutionListener, org.springframework.test.context.web.ServletTestExecutionListener, org.springframework.test.context.support.DirtiesContextBeforeModesTestExecutionListener, org.springframework.test.context.support.DependencyInjectionTestExecutionListener, org.springframework.test.context.support.DirtiesContextTestExecutionListener, org.springframework.test.context.transaction.TransactionalTestExecutionListener, org.springframework.test.context.jdbc.SqlScriptsTestExecutionListener, org.springframework.test.context.event.EventPublishingTestExecutionListener, org.springframework.boot.test.mock.mockito.MockitoTestExecutionListener, org.springframework.boot.test.mock.mockito.ResetMocksTestExecutionListener, org.springframework.boot.test.autoconfigure.restdocs.RestDocsTestExecutionListener, org.springframework.boot.test.autoconfigure.web.client.MockRestServiceServerResetTestExecutionListener, org.springframework.boot.test.autoconfigure.web.servlet.MockMvcPrintOnlyOnFailureTestExecutionListener, org.springframework.boot.test.autoconfigure.web.servlet.WebDriverTestExecutionListener, org.springframework.boot.test.autoconfigure.webservices.client.MockWebServiceServerTestExecutionListener]
22:07:07.146 [main] INFO org.springframework.boot.test.context.SpringBootTestContextBootstrapper - Using TestExecutionListeners: [org.springframework.test.context.web.ServletTestExecutionListener@35c9a231, org.springframework.test.context.support.DirtiesContextBeforeModesTestExecutionListener@7a4d582c, org.springframework.boot.test.mock.mockito.MockitoTestExecutionListener@5626d18c, org.springframework.boot.test.autoconfigure.SpringBootDependencyInjectionTestExecutionListener@45e9b12d, org.springframework.test.context.support.DirtiesContextTestExecutionListener@3dc95b8b, org.springframework.test.context.transaction.TransactionalTestExecutionListener@2d55e826, org.springframework.test.context.jdbc.SqlScriptsTestExecutionListener@4d1ff6b1, org.springframework.security.test.context.support.WithSecurityContextTestExecutionListener@45f756e6, org.springframework.test.context.event.EventPublishingTestExecutionListener@329548d0, org.springframework.security.test.context.support.ReactorContextTestExecutionListener@3003827c, org.springframework.boot.test.mock.mockito.ResetMocksTestExecutionListener@29b40b3, org.springframework.boot.test.autoconfigure.restdocs.RestDocsTestExecutionListener@7d247660, org.springframework.boot.test.autoconfigure.web.client.MockRestServiceServerResetTestExecutionListener@656f62dc, org.springframework.boot.test.autoconfigure.web.servlet.MockMvcPrintOnlyOnFailureTestExecutionListener@49d30c6f, org.springframework.boot.test.autoconfigure.web.servlet.WebDriverTestExecutionListener@1115433e, org.springframework.boot.test.autoconfigure.webservices.client.MockWebServiceServerTestExecutionListener@4fdca00a]
22:07:07.146 [main] DEBUG org.springframework.test.annotation.ProfileValueUtils - Retrieved @ProfileValueSourceConfiguration [null] for test class [com.gmail.merikbest2015.ecommerce.mapper.OrderMapperTest]
22:07:07.146 [main] DEBUG org.springframework.test.annotation.ProfileValueUtils - Retrieved ProfileValueSource type [class org.springframework.test.annotation.SystemProfileValueSource] for class [com.gmail.merikbest2015.ecommerce.mapper.OrderMapperTest]
22:07:07.146 [main] DEBUG org.springframework.test.annotation.ProfileValueUtils - Retrieved @ProfileValueSourceConfiguration [null] for test class [com.gmail.merikbest2015.ecommerce.mapper.OrderMapperTest]
22:07:07.146 [main] DEBUG org.springframework.test.annotation.ProfileValueUtils - Retrieved ProfileValueSource type [class org.springframework.test.annotation.SystemProfileValueSource] for class [com.gmail.merikbest2015.ecommerce.mapper.OrderMapperTest]
22:07:07.146 [main] DEBUG org.springframework.test.annotation.ProfileValueUtils - Retrieved @ProfileValueSourceConfiguration [null] for test class [com.gmail.merikbest2015.ecommerce.mapper.OrderMapperTest]
22:07:07.146 [main] DEBUG org.springframework.test.annotation.ProfileValueUtils - Retrieved ProfileValueSource type [class org.springframework.test.annotation.SystemProfileValueSource] for class [com.gmail.merikbest2015.ecommerce.mapper.OrderMapperTest]
22:07:07.147 [main] DEBUG org.springframework.test.context.junit4.SpringJUnit4ClassRunner - SpringJUnit4ClassRunner constructor called with [class com.gmail.merikbest2015.ecommerce.service.Impl.UserServiceImlTest]
22:07:07.147 [main] DEBUG org.springframework.test.context.BootstrapUtils - Instantiating CacheAwareContextLoaderDelegate from class [org.springframework.test.context.cache.DefaultCacheAwareContextLoaderDelegate]
22:07:07.147 [main] DEBUG org.springframework.test.context.BootstrapUtils - Instantiating BootstrapContext using constructor [public org.springframework.test.context.support.DefaultBootstrapContext(java.lang.Class,org.springframework.test.context.CacheAwareContextLoaderDelegate)]
22:07:07.148 [main] DEBUG org.springframework.test.context.BootstrapUtils - Instantiating TestContextBootstrapper for test class [com.gmail.merikbest2015.ecommerce.service.Impl.UserServiceImlTest] from class [org.springframework.boot.test.context.SpringBootTestContextBootstrapper]
22:07:07.148 [main] INFO org.springframework.boot.test.context.SpringBootTestContextBootstrapper - Neither @ContextConfiguration nor @ContextHierarchy found for test class [com.gmail.merikbest2015.ecommerce.service.Impl.UserServiceImlTest], using SpringBootContextLoader
22:07:07.149 [main] DEBUG org.springframework.test.context.support.AbstractContextLoader - Did not detect default resource location for test class [com.gmail.merikbest2015.ecommerce.service.Impl.UserServiceImlTest]: class path resource [com/gmail/merikbest2015/ecommerce/service/Impl/UserServiceImlTest-context.xml] does not exist
22:07:07.149 [main] DEBUG org.springframework.test.context.support.AbstractContextLoader - Did not detect default resource location for test class [com.gmail.merikbest2015.ecommerce.service.Impl.UserServiceImlTest]: class path resource [com/gmail/merikbest2015/ecommerce/service/Impl/UserServiceImlTestContext.groovy] does not exist
22:07:07.150 [main] INFO org.springframework.test.context.support.AbstractContextLoader - Could not detect default resource locations for test class [com.gmail.merikbest2015.ecommerce.service.Impl.UserServiceImlTest]: no resource found for suffixes {-context.xml, Context.groovy}.
22:07:07.151 [main] INFO org.springframework.test.context.support.AnnotationConfigContextLoaderUtils - Could not detect default configuration classes for test class [com.gmail.merikbest2015.ecommerce.service.Impl.UserServiceImlTest]: UserServiceImlTest does not declare any static, non-private, non-final, nested classes annotated with @Configuration.
22:07:07.155 [main] DEBUG org.springframework.test.context.support.ActiveProfilesUtils - Could not find an 'annotation declaring class' for annotation type [org.springframework.test.context.ActiveProfiles] and class [com.gmail.merikbest2015.ecommerce.service.Impl.UserServiceImlTest]
22:07:07.155 [main] INFO org.springframework.boot.test.context.SpringBootTestContextBootstrapper - Found @SpringBootConfiguration com.gmail.merikbest2015.ecommerce.EcommerceApplication for test class com.gmail.merikbest2015.ecommerce.service.Impl.UserServiceImlTest
22:07:07.158 [main] DEBUG org.springframework.boot.test.context.SpringBootTestContextBootstrapper - @TestExecutionListeners is not present for class [com.gmail.merikbest2015.ecommerce.service.Impl.UserServiceImlTest]: using defaults.
22:07:07.158 [main] INFO org.springframework.boot.test.context.SpringBootTestContextBootstrapper - Loaded default TestExecutionListener class names from location [META-INF/spring.factories]: [org.springframework.security.test.context.support.WithSecurityContextTestExecutionListener, org.springframework.security.test.context.support.ReactorContextTestExecutionListener, org.springframework.test.context.web.ServletTestExecutionListener, org.springframework.test.context.support.DirtiesContextBeforeModesTestExecutionListener, org.springframework.test.context.support.DependencyInjectionTestExecutionListener, org.springframework.test.context.support.DirtiesContextTestExecutionListener, org.springframework.test.context.transaction.TransactionalTestExecutionListener, org.springframework.test.context.jdbc.SqlScriptsTestExecutionListener, org.springframework.test.context.event.EventPublishingTestExecutionListener, org.springframework.boot.test.mock.mockito.MockitoTestExecutionListener, org.springframework.boot.test.mock.mockito.ResetMocksTestExecutionListener, org.springframework.boot.test.autoconfigure.restdocs.RestDocsTestExecutionListener, org.springframework.boot.test.autoconfigure.web.client.MockRestServiceServerResetTestExecutionListener, org.springframework.boot.test.autoconfigure.web.servlet.MockMvcPrintOnlyOnFailureTestExecutionListener, org.springframework.boot.test.autoconfigure.web.servlet.WebDriverTestExecutionListener, org.springframework.boot.test.autoconfigure.webservices.client.MockWebServiceServerTestExecutionListener]
22:07:07.159 [main] INFO org.springframework.boot.test.context.SpringBootTestContextBootstrapper - Using TestExecutionListeners: [org.springframework.test.context.web.ServletTestExecutionListener@119b0892, org.springframework.test.context.support.DirtiesContextBeforeModesTestExecutionListener@1a3e8e24, org.springframework.boot.test.mock.mockito.MockitoTestExecutionListener@4ed4a7e4, org.springframework.boot.test.autoconfigure.SpringBootDependencyInjectionTestExecutionListener@1c7350b0, org.springframework.test.context.support.DirtiesContextTestExecutionListener@55651434, org.springframework.test.context.transaction.TransactionalTestExecutionListener@3bc4ef12, org.springframework.test.context.jdbc.SqlScriptsTestExecutionListener@50448409, org.springframework.security.test.context.support.WithSecurityContextTestExecutionListener@5634a861, org.springframework.test.context.event.EventPublishingTestExecutionListener@2b0dc227, org.springframework.security.test.context.support.ReactorContextTestExecutionListener@37ad042b, org.springframework.boot.test.mock.mockito.ResetMocksTestExecutionListener@43bdaa1b, org.springframework.boot.test.autoconfigure.restdocs.RestDocsTestExecutionListener@30b975ad, org.springframework.boot.test.autoconfigure.web.client.MockRestServiceServerResetTestExecutionListener@75e09567, org.springframework.boot.test.autoconfigure.web.servlet.MockMvcPrintOnlyOnFailureTestExecutionListener@2a334bac, org.springframework.boot.test.autoconfigure.web.servlet.WebDriverTestExecutionListener@470d183, org.springframework.boot.test.autoconfigure.webservices.client.MockWebServiceServerTestExecutionListener@7f9fc8bd]
22:07:07.159 [main] DEBUG org.springframework.test.annotation.ProfileValueUtils - Retrieved @ProfileValueSourceConfiguration [null] for test class [com.gmail.merikbest2015.ecommerce.service.Impl.UserServiceImlTest]
22:07:07.159 [main] DEBUG org.springframework.test.annotation.ProfileValueUtils - Retrieved ProfileValueSource type [class org.springframework.test.annotation.SystemProfileValueSource] for class [com.gmail.merikbest2015.ecommerce.service.Impl.UserServiceImlTest]
22:07:07.159 [main] DEBUG org.springframework.test.annotation.ProfileValueUtils - Retrieved @ProfileValueSourceConfiguration [null] for test class [com.gmail.merikbest2015.ecommerce.service.Impl.UserServiceImlTest]
22:07:07.159 [main] DEBUG org.springframework.test.annotation.ProfileValueUtils - Retrieved ProfileValueSource type [class org.springframework.test.annotation.SystemProfileValueSource] for class [com.gmail.merikbest2015.ecommerce.service.Impl.UserServiceImlTest]
22:07:07.159 [main] DEBUG org.springframework.test.annotation.ProfileValueUtils - Retrieved @ProfileValueSourceConfiguration [null] for test class [com.gmail.merikbest2015.ecommerce.service.Impl.UserServiceImlTest]
22:07:07.159 [main] DEBUG org.springframework.test.annotation.ProfileValueUtils - Retrieved ProfileValueSource type [class org.springframework.test.annotation.SystemProfileValueSource] for class [com.gmail.merikbest2015.ecommerce.service.Impl.UserServiceImlTest]
22:07:07.160 [main] DEBUG org.springframework.test.context.junit4.SpringJUnit4ClassRunner - SpringJUnit4ClassRunner constructor called with [class com.gmail.merikbest2015.ecommerce.service.Impl.AuthenticationServiceImplTest]
22:07:07.160 [main] DEBUG org.springframework.test.context.BootstrapUtils - Instantiating CacheAwareContextLoaderDelegate from class [org.springframework.test.context.cache.DefaultCacheAwareContextLoaderDelegate]
22:07:07.162 [main] DEBUG org.springframework.test.context.BootstrapUtils - Instantiating BootstrapContext using constructor [public org.springframework.test.context.support.DefaultBootstrapContext(java.lang.Class,org.springframework.test.context.CacheAwareContextLoaderDelegate)]
22:07:07.162 [main] DEBUG org.springframework.test.context.BootstrapUtils - Instantiating TestContextBootstrapper for test class [com.gmail.merikbest2015.ecommerce.service.Impl.AuthenticationServiceImplTest] from class [org.springframework.boot.test.context.SpringBootTestContextBootstrapper]
22:07:07.163 [main] INFO org.springframework.boot.test.context.SpringBootTestContextBootstrapper - Neither @ContextConfiguration nor @ContextHierarchy found for test class [com.gmail.merikbest2015.ecommerce.service.Impl.AuthenticationServiceImplTest], using SpringBootContextLoader
22:07:07.163 [main] DEBUG org.springframework.test.context.support.AbstractContextLoader - Did not detect default resource location for test class [com.gmail.merikbest2015.ecommerce.service.Impl.AuthenticationServiceImplTest]: class path resource [com/gmail/merikbest2015/ecommerce/service/Impl/AuthenticationServiceImplTest-context.xml] does not exist
22:07:07.163 [main] DEBUG org.springframework.test.context.support.AbstractContextLoader - Did not detect default resource location for test class [com.gmail.merikbest2015.ecommerce.service.Impl.AuthenticationServiceImplTest]: class path resource [com/gmail/merikbest2015/ecommerce/service/Impl/AuthenticationServiceImplTestContext.groovy] does not exist
22:07:07.163 [main] INFO org.springframework.test.context.support.AbstractContextLoader - Could not detect default resource locations for test class [com.gmail.merikbest2015.ecommerce.service.Impl.AuthenticationServiceImplTest]: no resource found for suffixes {-context.xml, Context.groovy}.
22:07:07.163 [main] INFO org.springframework.test.context.support.AnnotationConfigContextLoaderUtils - Could not detect default configuration classes for test class [com.gmail.merikbest2015.ecommerce.service.Impl.AuthenticationServiceImplTest]: AuthenticationServiceImplTest does not declare any static, non-private, non-final, nested classes annotated with @Configuration.
22:07:07.166 [main] DEBUG org.springframework.test.context.support.ActiveProfilesUtils - Could not find an 'annotation declaring class' for annotation type [org.springframework.test.context.ActiveProfiles] and class [com.gmail.merikbest2015.ecommerce.service.Impl.AuthenticationServiceImplTest]
22:07:07.167 [main] INFO org.springframework.boot.test.context.SpringBootTestContextBootstrapper - Found @SpringBootConfiguration com.gmail.merikbest2015.ecommerce.EcommerceApplication for test class com.gmail.merikbest2015.ecommerce.service.Impl.AuthenticationServiceImplTest
22:07:07.168 [main] DEBUG org.springframework.boot.test.context.SpringBootTestContextBootstrapper - @TestExecutionListeners is not present for class [com.gmail.merikbest2015.ecommerce.service.Impl.AuthenticationServiceImplTest]: using defaults.
22:07:07.168 [main] INFO org.springframework.boot.test.context.SpringBootTestContextBootstrapper - Loaded default TestExecutionListener class names from location [META-INF/spring.factories]: [org.springframework.security.test.context.support.WithSecurityContextTestExecutionListener, org.springframework.security.test.context.support.ReactorContextTestExecutionListener, org.springframework.test.context.web.ServletTestExecutionListener, org.springframework.test.context.support.DirtiesContextBeforeModesTestExecutionListener, org.springframework.test.context.support.DependencyInjectionTestExecutionListener, org.springframework.test.context.support.DirtiesContextTestExecutionListener, org.springframework.test.context.transaction.TransactionalTestExecutionListener, org.springframework.test.context.jdbc.SqlScriptsTestExecutionListener, org.springframework.test.context.event.EventPublishingTestExecutionListener, org.springframework.boot.test.mock.mockito.MockitoTestExecutionListener, org.springframework.boot.test.mock.mockito.ResetMocksTestExecutionListener, org.springframework.boot.test.autoconfigure.restdocs.RestDocsTestExecutionListener, org.springframework.boot.test.autoconfigure.web.client.MockRestServiceServerResetTestExecutionListener, org.springframework.boot.test.autoconfigure.web.servlet.MockMvcPrintOnlyOnFailureTestExecutionListener, org.springframework.boot.test.autoconfigure.web.servlet.WebDriverTestExecutionListener, org.springframework.boot.test.autoconfigure.webservices.client.MockWebServiceServerTestExecutionListener]
22:07:07.169 [main] INFO org.springframework.boot.test.context.SpringBootTestContextBootstrapper - Using TestExecutionListeners: [org.springframework.test.context.web.ServletTestExecutionListener@210d2a6c, org.springframework.test.context.support.DirtiesContextBeforeModesTestExecutionListener@3bec5821, org.springframework.boot.test.mock.mockito.MockitoTestExecutionListener@4086d8fb, org.springframework.boot.test.autoconfigure.SpringBootDependencyInjectionTestExecutionListener@66236a0a, org.springframework.test.context.support.DirtiesContextTestExecutionListener@2e3572e8, org.springframework.test.context.transaction.TransactionalTestExecutionListener@77c10a5f, org.springframework.test.context.jdbc.SqlScriptsTestExecutionListener@176555c, org.springframework.security.test.context.support.WithSecurityContextTestExecutionListener@7c781c42, org.springframework.test.context.event.EventPublishingTestExecutionListener@795f8317, org.springframework.security.test.context.support.ReactorContextTestExecutionListener@633fd91, org.springframework.boot.test.mock.mockito.ResetMocksTestExecutionListener@355c94be, org.springframework.boot.test.autoconfigure.restdocs.RestDocsTestExecutionListener@97a145b, org.springframework.boot.test.autoconfigure.web.client.MockRestServiceServerResetTestExecutionListener@c386958, org.springframework.boot.test.autoconfigure.web.servlet.MockMvcPrintOnlyOnFailureTestExecutionListener@157ec23b, org.springframework.boot.test.autoconfigure.web.servlet.WebDriverTestExecutionListener@44d64d4e, org.springframework.boot.test.autoconfigure.webservices.client.MockWebServiceServerTestExecutionListener@1dd74143]
22:07:07.170 [main] DEBUG org.springframework.test.annotation.ProfileValueUtils - Retrieved @ProfileValueSourceConfiguration [null] for test class [com.gmail.merikbest2015.ecommerce.service.Impl.AuthenticationServiceImplTest]
22:07:07.170 [main] DEBUG org.springframework.test.annotation.ProfileValueUtils - Retrieved ProfileValueSource type [class org.springframework.test.annotation.SystemProfileValueSource] for class [com.gmail.merikbest2015.ecommerce.service.Impl.AuthenticationServiceImplTest]
22:07:07.171 [main] DEBUG org.springframework.test.annotation.ProfileValueUtils - Retrieved @ProfileValueSourceConfiguration [null] for test class [com.gmail.merikbest2015.ecommerce.service.Impl.AuthenticationServiceImplTest]
22:07:07.171 [main] DEBUG org.springframework.test.annotation.ProfileValueUtils - Retrieved ProfileValueSource type [class org.springframework.test.annotation.SystemProfileValueSource] for class [com.gmail.merikbest2015.ecommerce.service.Impl.AuthenticationServiceImplTest]
22:07:07.171 [main] DEBUG org.springframework.test.annotation.ProfileValueUtils - Retrieved @ProfileValueSourceConfiguration [null] for test class [com.gmail.merikbest2015.ecommerce.service.Impl.AuthenticationServiceImplTest]
22:07:07.171 [main] DEBUG org.springframework.test.annotation.ProfileValueUtils - Retrieved ProfileValueSource type [class org.springframework.test.annotation.SystemProfileValueSource] for class [com.gmail.merikbest2015.ecommerce.service.Impl.AuthenticationServiceImplTest]
22:07:07.172 [main] DEBUG org.springframework.test.context.junit4.SpringJUnit4ClassRunner - SpringJUnit4ClassRunner constructor called with [class com.gmail.merikbest2015.ecommerce.service.Impl.ReviewServiceImplTest]
22:07:07.172 [main] DEBUG org.springframework.test.context.BootstrapUtils - Instantiating CacheAwareContextLoaderDelegate from class [org.springframework.test.context.cache.DefaultCacheAwareContextLoaderDelegate]
22:07:07.172 [main] DEBUG org.springframework.test.context.BootstrapUtils - Instantiating BootstrapContext using constructor [public org.springframework.test.context.support.DefaultBootstrapContext(java.lang.Class,org.springframework.test.context.CacheAwareContextLoaderDelegate)]
22:07:07.172 [main] DEBUG org.springframework.test.context.BootstrapUtils - Instantiating TestContextBootstrapper for test class [com.gmail.merikbest2015.ecommerce.service.Impl.ReviewServiceImplTest] from class [org.springframework.boot.test.context.SpringBootTestContextBootstrapper]
22:07:07.172 [main] INFO org.springframework.boot.test.context.SpringBootTestContextBootstrapper - Neither @ContextConfiguration nor @ContextHierarchy found for test class [com.gmail.merikbest2015.ecommerce.service.Impl.ReviewServiceImplTest], using SpringBootContextLoader
22:07:07.173 [main] DEBUG org.springframework.test.context.support.AbstractContextLoader - Did not detect default resource location for test class [com.gmail.merikbest2015.ecommerce.service.Impl.ReviewServiceImplTest]: class path resource [com/gmail/merikbest2015/ecommerce/service/Impl/ReviewServiceImplTest-context.xml] does not exist
22:07:07.173 [main] DEBUG org.springframework.test.context.support.AbstractContextLoader - Did not detect default resource location for test class [com.gmail.merikbest2015.ecommerce.service.Impl.ReviewServiceImplTest]: class path resource [com/gmail/merikbest2015/ecommerce/service/Impl/ReviewServiceImplTestContext.groovy] does not exist
22:07:07.173 [main] INFO org.springframework.test.context.support.AbstractContextLoader - Could not detect default resource locations for test class [com.gmail.merikbest2015.ecommerce.service.Impl.ReviewServiceImplTest]: no resource found for suffixes {-context.xml, Context.groovy}.
22:07:07.173 [main] INFO org.springframework.test.context.support.AnnotationConfigContextLoaderUtils - Could not detect default configuration classes for test class [com.gmail.merikbest2015.ecommerce.service.Impl.ReviewServiceImplTest]: ReviewServiceImplTest does not declare any static, non-private, non-final, nested classes annotated with @Configuration.
22:07:07.174 [main] DEBUG org.springframework.test.context.support.ActiveProfilesUtils - Could not find an 'annotation declaring class' for annotation type [org.springframework.test.context.ActiveProfiles] and class [com.gmail.merikbest2015.ecommerce.service.Impl.ReviewServiceImplTest]
22:07:07.175 [main] INFO org.springframework.boot.test.context.SpringBootTestContextBootstrapper - Found @SpringBootConfiguration com.gmail.merikbest2015.ecommerce.EcommerceApplication for test class com.gmail.merikbest2015.ecommerce.service.Impl.ReviewServiceImplTest
22:07:07.176 [main] DEBUG org.springframework.boot.test.context.SpringBootTestContextBootstrapper - @TestExecutionListeners is not present for class [com.gmail.merikbest2015.ecommerce.service.Impl.ReviewServiceImplTest]: using defaults.
22:07:07.177 [main] INFO org.springframework.boot.test.context.SpringBootTestContextBootstrapper - Loaded default TestExecutionListener class names from location [META-INF/spring.factories]: [org.springframework.security.test.context.support.WithSecurityContextTestExecutionListener, org.springframework.security.test.context.support.ReactorContextTestExecutionListener, org.springframework.test.context.web.ServletTestExecutionListener, org.springframework.test.context.support.DirtiesContextBeforeModesTestExecutionListener, org.springframework.test.context.support.DependencyInjectionTestExecutionListener, org.springframework.test.context.support.DirtiesContextTestExecutionListener, org.springframework.test.context.transaction.TransactionalTestExecutionListener, org.springframework.test.context.jdbc.SqlScriptsTestExecutionListener, org.springframework.test.context.event.EventPublishingTestExecutionListener, org.springframework.boot.test.mock.mockito.MockitoTestExecutionListener, org.springframework.boot.test.mock.mockito.ResetMocksTestExecutionListener, org.springframework.boot.test.autoconfigure.restdocs.RestDocsTestExecutionListener, org.springframework.boot.test.autoconfigure.web.client.MockRestServiceServerResetTestExecutionListener, org.springframework.boot.test.autoconfigure.web.servlet.MockMvcPrintOnlyOnFailureTestExecutionListener, org.springframework.boot.test.autoconfigure.web.servlet.WebDriverTestExecutionListener, org.springframework.boot.test.autoconfigure.webservices.client.MockWebServiceServerTestExecutionListener]
22:07:07.177 [main] INFO org.springframework.boot.test.context.SpringBootTestContextBootstrapper - Using TestExecutionListeners: [org.springframework.test.context.web.ServletTestExecutionListener@60d6fdd4, org.springframework.test.context.support.DirtiesContextBeforeModesTestExecutionListener@66f28a1f, org.springframework.boot.test.mock.mockito.MockitoTestExecutionListener@60a19573, org.springframework.boot.test.autoconfigure.SpringBootDependencyInjectionTestExecutionListener@44a085e5, org.springframework.test.context.support.DirtiesContextTestExecutionListener@134ff8f8, org.springframework.test.context.transaction.TransactionalTestExecutionListener@619f2afc, org.springframework.test.context.jdbc.SqlScriptsTestExecutionListener@df921b1, org.springframework.security.test.context.support.WithSecurityContextTestExecutionListener@4db60246, org.springframework.test.context.event.EventPublishingTestExecutionListener@2152ab30, org.springframework.security.test.context.support.ReactorContextTestExecutionListener@3902bd2c, org.springframework.boot.test.mock.mockito.ResetMocksTestExecutionListener@7d32e714, org.springframework.boot.test.autoconfigure.restdocs.RestDocsTestExecutionListener@eb6ec6, org.springframework.boot.test.autoconfigure.web.client.MockRestServiceServerResetTestExecutionListener@34d45ec0, org.springframework.boot.test.autoconfigure.web.servlet.MockMvcPrintOnlyOnFailureTestExecutionListener@18137eab, org.springframework.boot.test.autoconfigure.web.servlet.WebDriverTestExecutionListener@727320fa, org.springframework.boot.test.autoconfigure.webservices.client.MockWebServiceServerTestExecutionListener@2935fd2c]
22:07:07.177 [main] DEBUG org.springframework.test.annotation.ProfileValueUtils - Retrieved @ProfileValueSourceConfiguration [null] for test class [com.gmail.merikbest2015.ecommerce.service.Impl.ReviewServiceImplTest]
22:07:07.177 [main] DEBUG org.springframework.test.annotation.ProfileValueUtils - Retrieved ProfileValueSource type [class org.springframework.test.annotation.SystemProfileValueSource] for class [com.gmail.merikbest2015.ecommerce.service.Impl.ReviewServiceImplTest]
22:07:07.178 [main] DEBUG org.springframework.test.annotation.ProfileValueUtils - Retrieved @ProfileValueSourceConfiguration [null] for test class [com.gmail.merikbest2015.ecommerce.service.Impl.ReviewServiceImplTest]
22:07:07.178 [main] DEBUG org.springframework.test.annotation.ProfileValueUtils - Retrieved ProfileValueSource type [class org.springframework.test.annotation.SystemProfileValueSource] for class [com.gmail.merikbest2015.ecommerce.service.Impl.ReviewServiceImplTest]
22:07:07.178 [main] DEBUG org.springframework.test.annotation.ProfileValueUtils - Retrieved @ProfileValueSourceConfiguration [null] for test class [com.gmail.merikbest2015.ecommerce.service.Impl.ReviewServiceImplTest]
22:07:07.178 [main] DEBUG org.springframework.test.annotation.ProfileValueUtils - Retrieved ProfileValueSource type [class org.springframework.test.annotation.SystemProfileValueSource] for class [com.gmail.merikbest2015.ecommerce.service.Impl.ReviewServiceImplTest]
22:07:07.179 [main] DEBUG org.springframework.test.context.junit4.SpringJUnit4ClassRunner - SpringJUnit4ClassRunner constructor called with [class com.gmail.merikbest2015.ecommerce.service.Impl.OrderServiceImplTest]
22:07:07.180 [main] DEBUG org.springframework.test.context.BootstrapUtils - Instantiating CacheAwareContextLoaderDelegate from class [org.springframework.test.context.cache.DefaultCacheAwareContextLoaderDelegate]
22:07:07.180 [main] DEBUG org.springframework.test.context.BootstrapUtils - Instantiating BootstrapContext using constructor [public org.springframework.test.context.support.DefaultBootstrapContext(java.lang.Class,org.springframework.test.context.CacheAwareContextLoaderDelegate)]
22:07:07.180 [main] DEBUG org.springframework.test.context.BootstrapUtils - Instantiating TestContextBootstrapper for test class [com.gmail.merikbest2015.ecommerce.service.Impl.OrderServiceImplTest] from class [org.springframework.boot.test.context.SpringBootTestContextBootstrapper]
22:07:07.180 [main] INFO org.springframework.boot.test.context.SpringBootTestContextBootstrapper - Neither @ContextConfiguration nor @ContextHierarchy found for test class [com.gmail.merikbest2015.ecommerce.service.Impl.OrderServiceImplTest], using SpringBootContextLoader
22:07:07.181 [main] DEBUG org.springframework.test.context.support.AbstractContextLoader - Did not detect default resource location for test class [com.gmail.merikbest2015.ecommerce.service.Impl.OrderServiceImplTest]: class path resource [com/gmail/merikbest2015/ecommerce/service/Impl/OrderServiceImplTest-context.xml] does not exist
22:07:07.181 [main] DEBUG org.springframework.test.context.support.AbstractContextLoader - Did not detect default resource location for test class [com.gmail.merikbest2015.ecommerce.service.Impl.OrderServiceImplTest]: class path resource [com/gmail/merikbest2015/ecommerce/service/Impl/OrderServiceImplTestContext.groovy] does not exist
22:07:07.181 [main] INFO org.springframework.test.context.support.AbstractContextLoader - Could not detect default resource locations for test class [com.gmail.merikbest2015.ecommerce.service.Impl.OrderServiceImplTest]: no resource found for suffixes {-context.xml, Context.groovy}.
22:07:07.181 [main] INFO org.springframework.test.context.support.AnnotationConfigContextLoaderUtils - Could not detect default configuration classes for test class [com.gmail.merikbest2015.ecommerce.service.Impl.OrderServiceImplTest]: OrderServiceImplTest does not declare any static, non-private, non-final, nested classes annotated with @Configuration.
22:07:07.184 [main] DEBUG org.springframework.test.context.support.ActiveProfilesUtils - Could not find an 'annotation declaring class' for annotation type [org.springframework.test.context.ActiveProfiles] and class [com.gmail.merikbest2015.ecommerce.service.Impl.OrderServiceImplTest]
22:07:07.185 [main] INFO org.springframework.boot.test.context.SpringBootTestContextBootstrapper - Found @SpringBootConfiguration com.gmail.merikbest2015.ecommerce.EcommerceApplication for test class com.gmail.merikbest2015.ecommerce.service.Impl.OrderServiceImplTest
22:07:07.186 [main] DEBUG org.springframework.boot.test.context.SpringBootTestContextBootstrapper - @TestExecutionListeners is not present for class [com.gmail.merikbest2015.ecommerce.service.Impl.OrderServiceImplTest]: using defaults.
22:07:07.186 [main] INFO org.springframework.boot.test.context.SpringBootTestContextBootstrapper - Loaded default TestExecutionListener class names from location [META-INF/spring.factories]: [org.springframework.security.test.context.support.WithSecurityContextTestExecutionListener, org.springframework.security.test.context.support.ReactorContextTestExecutionListener, org.springframework.test.context.web.ServletTestExecutionListener, org.springframework.test.context.support.DirtiesContextBeforeModesTestExecutionListener, org.springframework.test.context.support.DependencyInjectionTestExecutionListener, org.springframework.test.context.support.DirtiesContextTestExecutionListener, org.springframework.test.context.transaction.TransactionalTestExecutionListener, org.springframework.test.context.jdbc.SqlScriptsTestExecutionListener, org.springframework.test.context.event.EventPublishingTestExecutionListener, org.springframework.boot.test.mock.mockito.MockitoTestExecutionListener, org.springframework.boot.test.mock.mockito.ResetMocksTestExecutionListener, org.springframework.boot.test.autoconfigure.restdocs.RestDocsTestExecutionListener, org.springframework.boot.test.autoconfigure.web.client.MockRestServiceServerResetTestExecutionListener, org.springframework.boot.test.autoconfigure.web.servlet.MockMvcPrintOnlyOnFailureTestExecutionListener, org.springframework.boot.test.autoconfigure.web.servlet.WebDriverTestExecutionListener, org.springframework.boot.test.autoconfigure.webservices.client.MockWebServiceServerTestExecutionListener]
22:07:07.187 [main] INFO org.springframework.boot.test.context.SpringBootTestContextBootstrapper - Using TestExecutionListeners: [org.springframework.test.context.web.ServletTestExecutionListener@7c52fc81, org.springframework.test.context.support.DirtiesContextBeforeModesTestExecutionListener@7523a3dc, org.springframework.boot.test.mock.mockito.MockitoTestExecutionListener@2806d6da, org.springframework.boot.test.autoconfigure.SpringBootDependencyInjectionTestExecutionListener@766a49c7, org.springframework.test.context.support.DirtiesContextTestExecutionListener@1db7157f, org.springframework.test.context.transaction.TransactionalTestExecutionListener@75e27856, org.springframework.test.context.jdbc.SqlScriptsTestExecutionListener@6bccd036, org.springframework.security.test.context.support.WithSecurityContextTestExecutionListener@4f4c88f9, org.springframework.test.context.event.EventPublishingTestExecutionListener@6a756082, org.springframework.security.test.context.support.ReactorContextTestExecutionListener@cb39552, org.springframework.boot.test.mock.mockito.ResetMocksTestExecutionListener@1f3b992, org.springframework.boot.test.autoconfigure.restdocs.RestDocsTestExecutionListener@2a53f215, org.springframework.boot.test.autoconfigure.web.client.MockRestServiceServerResetTestExecutionListener@6b63e6ad, org.springframework.boot.test.autoconfigure.web.servlet.MockMvcPrintOnlyOnFailureTestExecutionListener@7beae796, org.springframework.boot.test.autoconfigure.web.servlet.WebDriverTestExecutionListener@6749fe50, org.springframework.boot.test.autoconfigure.webservices.client.MockWebServiceServerTestExecutionListener@52bf7bf6]
22:07:07.187 [main] DEBUG org.springframework.test.annotation.ProfileValueUtils - Retrieved @ProfileValueSourceConfiguration [null] for test class [com.gmail.merikbest2015.ecommerce.service.Impl.OrderServiceImplTest]
22:07:07.187 [main] DEBUG org.springframework.test.annotation.ProfileValueUtils - Retrieved ProfileValueSource type [class org.springframework.test.annotation.SystemProfileValueSource] for class [com.gmail.merikbest2015.ecommerce.service.Impl.OrderServiceImplTest]
22:07:07.187 [main] DEBUG org.springframework.test.annotation.ProfileValueUtils - Retrieved @ProfileValueSourceConfiguration [null] for test class [com.gmail.merikbest2015.ecommerce.service.Impl.OrderServiceImplTest]
22:07:07.187 [main] DEBUG org.springframework.test.annotation.ProfileValueUtils - Retrieved ProfileValueSource type [class org.springframework.test.annotation.SystemProfileValueSource] for class [com.gmail.merikbest2015.ecommerce.service.Impl.OrderServiceImplTest]
22:07:07.187 [main] DEBUG org.springframework.test.annotation.ProfileValueUtils - Retrieved @ProfileValueSourceConfiguration [null] for test class [com.gmail.merikbest2015.ecommerce.service.Impl.OrderServiceImplTest]
22:07:07.187 [main] DEBUG org.springframework.test.annotation.ProfileValueUtils - Retrieved ProfileValueSource type [class org.springframework.test.annotation.SystemProfileValueSource] for class [com.gmail.merikbest2015.ecommerce.service.Impl.OrderServiceImplTest]
22:07:07.188 [main] DEBUG org.springframework.test.context.junit4.SpringJUnit4ClassRunner - SpringJUnit4ClassRunner constructor called with [class com.gmail.merikbest2015.ecommerce.service.Impl.PerfumeServiceImplTest]
22:07:07.188 [main] DEBUG org.springframework.test.context.BootstrapUtils - Instantiating CacheAwareContextLoaderDelegate from class [org.springframework.test.context.cache.DefaultCacheAwareContextLoaderDelegate]
22:07:07.188 [main] DEBUG org.springframework.test.context.BootstrapUtils - Instantiating BootstrapContext using constructor [public org.springframework.test.context.support.DefaultBootstrapContext(java.lang.Class,org.springframework.test.context.CacheAwareContextLoaderDelegate)]
22:07:07.188 [main] DEBUG org.springframework.test.context.BootstrapUtils - Instantiating TestContextBootstrapper for test class [com.gmail.merikbest2015.ecommerce.service.Impl.PerfumeServiceImplTest] from class [org.springframework.boot.test.context.SpringBootTestContextBootstrapper]
22:07:07.188 [main] INFO org.springframework.boot.test.context.SpringBootTestContextBootstrapper - Neither @ContextConfiguration nor @ContextHierarchy found for test class [com.gmail.merikbest2015.ecommerce.service.Impl.PerfumeServiceImplTest], using SpringBootContextLoader
22:07:07.189 [main] DEBUG org.springframework.test.context.support.AbstractContextLoader - Did not detect default resource location for test class [com.gmail.merikbest2015.ecommerce.service.Impl.PerfumeServiceImplTest]: class path resource [com/gmail/merikbest2015/ecommerce/service/Impl/PerfumeServiceImplTest-context.xml] does not exist
22:07:07.189 [main] DEBUG org.springframework.test.context.support.AbstractContextLoader - Did not detect default resource location for test class [com.gmail.merikbest2015.ecommerce.service.Impl.PerfumeServiceImplTest]: class path resource [com/gmail/merikbest2015/ecommerce/service/Impl/PerfumeServiceImplTestContext.groovy] does not exist
22:07:07.189 [main] INFO org.springframework.test.context.support.AbstractContextLoader - Could not detect default resource locations for test class [com.gmail.merikbest2015.ecommerce.service.Impl.PerfumeServiceImplTest]: no resource found for suffixes {-context.xml, Context.groovy}.
22:07:07.189 [main] INFO org.springframework.test.context.support.AnnotationConfigContextLoaderUtils - Could not detect default configuration classes for test class [com.gmail.merikbest2015.ecommerce.service.Impl.PerfumeServiceImplTest]: PerfumeServiceImplTest does not declare any static, non-private, non-final, nested classes annotated with @Configuration.
22:07:07.190 [main] DEBUG org.springframework.test.context.support.ActiveProfilesUtils - Could not find an 'annotation declaring class' for annotation type [org.springframework.test.context.ActiveProfiles] and class [com.gmail.merikbest2015.ecommerce.service.Impl.PerfumeServiceImplTest]
22:07:07.191 [main] INFO org.springframework.boot.test.context.SpringBootTestContextBootstrapper - Found @SpringBootConfiguration com.gmail.merikbest2015.ecommerce.EcommerceApplication for test class com.gmail.merikbest2015.ecommerce.service.Impl.PerfumeServiceImplTest
22:07:07.192 [main] DEBUG org.springframework.boot.test.context.SpringBootTestContextBootstrapper - @TestExecutionListeners is not present for class [com.gmail.merikbest2015.ecommerce.service.Impl.PerfumeServiceImplTest]: using defaults.
22:07:07.192 [main] INFO org.springframework.boot.test.context.SpringBootTestContextBootstrapper - Loaded default TestExecutionListener class names from location [META-INF/spring.factories]: [org.springframework.security.test.context.support.WithSecurityContextTestExecutionListener, org.springframework.security.test.context.support.ReactorContextTestExecutionListener, org.springframework.test.context.web.ServletTestExecutionListener, org.springframework.test.context.support.DirtiesContextBeforeModesTestExecutionListener, org.springframework.test.context.support.DependencyInjectionTestExecutionListener, org.springframework.test.context.support.DirtiesContextTestExecutionListener, org.springframework.test.context.transaction.TransactionalTestExecutionListener, org.springframework.test.context.jdbc.SqlScriptsTestExecutionListener, org.springframework.test.context.event.EventPublishingTestExecutionListener, org.springframework.boot.test.mock.mockito.MockitoTestExecutionListener, org.springframework.boot.test.mock.mockito.ResetMocksTestExecutionListener, org.springframework.boot.test.autoconfigure.restdocs.RestDocsTestExecutionListener, org.springframework.boot.test.autoconfigure.web.client.MockRestServiceServerResetTestExecutionListener, org.springframework.boot.test.autoconfigure.web.servlet.MockMvcPrintOnlyOnFailureTestExecutionListener, org.springframework.boot.test.autoconfigure.web.servlet.WebDriverTestExecutionListener, org.springframework.boot.test.autoconfigure.webservices.client.MockWebServiceServerTestExecutionListener]
22:07:07.195 [main] INFO org.springframework.boot.test.context.SpringBootTestContextBootstrapper - Using TestExecutionListeners: [org.springframework.test.context.web.ServletTestExecutionListener@bbd4791, org.springframework.test.context.support.DirtiesContextBeforeModesTestExecutionListener@40a72ecd, org.springframework.boot.test.mock.mockito.MockitoTestExecutionListener@73971965, org.springframework.boot.test.autoconfigure.SpringBootDependencyInjectionTestExecutionListener@76a14c8d, org.springframework.test.context.support.DirtiesContextTestExecutionListener@17410c07, org.springframework.test.context.transaction.TransactionalTestExecutionListener@6ee99964, org.springframework.test.context.jdbc.SqlScriptsTestExecutionListener@257ef9ed, org.springframework.security.test.context.support.WithSecurityContextTestExecutionListener@59c70ceb, org.springframework.test.context.event.EventPublishingTestExecutionListener@46f902e0, org.springframework.security.test.context.support.ReactorContextTestExecutionListener@64f981e2, org.springframework.boot.test.mock.mockito.ResetMocksTestExecutionListener@361abd01, org.springframework.boot.test.autoconfigure.restdocs.RestDocsTestExecutionListener@575b5f7d, org.springframework.boot.test.autoconfigure.web.client.MockRestServiceServerResetTestExecutionListener@59bbb974, org.springframework.boot.test.autoconfigure.web.servlet.MockMvcPrintOnlyOnFailureTestExecutionListener@7165d530, org.springframework.boot.test.autoconfigure.web.servlet.WebDriverTestExecutionListener@12f49ca8, org.springframework.boot.test.autoconfigure.webservices.client.MockWebServiceServerTestExecutionListener@1fd9893c]
22:07:07.195 [main] DEBUG org.springframework.test.annotation.ProfileValueUtils - Retrieved @ProfileValueSourceConfiguration [null] for test class [com.gmail.merikbest2015.ecommerce.service.Impl.PerfumeServiceImplTest]
22:07:07.195 [main] DEBUG org.springframework.test.annotation.ProfileValueUtils - Retrieved ProfileValueSource type [class org.springframework.test.annotation.SystemProfileValueSource] for class [com.gmail.merikbest2015.ecommerce.service.Impl.PerfumeServiceImplTest]
22:07:07.195 [main] DEBUG org.springframework.test.annotation.ProfileValueUtils - Retrieved @ProfileValueSourceConfiguration [null] for test class [com.gmail.merikbest2015.ecommerce.service.Impl.PerfumeServiceImplTest]
22:07:07.195 [main] DEBUG org.springframework.test.annotation.ProfileValueUtils - Retrieved ProfileValueSource type [class org.springframework.test.annotation.SystemProfileValueSource] for class [com.gmail.merikbest2015.ecommerce.service.Impl.PerfumeServiceImplTest]
22:07:07.195 [main] DEBUG org.springframework.test.annotation.ProfileValueUtils - Retrieved @ProfileValueSourceConfiguration [null] for test class [com.gmail.merikbest2015.ecommerce.service.Impl.PerfumeServiceImplTest]
22:07:07.195 [main] DEBUG org.springframework.test.annotation.ProfileValueUtils - Retrieved ProfileValueSource type [class org.springframework.test.annotation.SystemProfileValueSource] for class [com.gmail.merikbest2015.ecommerce.service.Impl.PerfumeServiceImplTest]
22:07:07.304 [main] DEBUG org.springframework.test.annotation.ProfileValueUtils - Retrieved @ProfileValueSourceConfiguration [null] for test class [com.gmail.merikbest2015.ecommerce.controller.ReviewControllerTest]
22:07:07.304 [main] DEBUG org.springframework.test.annotation.ProfileValueUtils - Retrieved ProfileValueSource type [class org.springframework.test.annotation.SystemProfileValueSource] for class [com.gmail.merikbest2015.ecommerce.controller.ReviewControllerTest]
22:07:07.308 [main] DEBUG org.springframework.test.annotation.ProfileValueUtils - Retrieved @ProfileValueSourceConfiguration [null] for test class [com.gmail.merikbest2015.ecommerce.controller.ReviewControllerTest]
22:07:07.308 [main] DEBUG org.springframework.test.annotation.ProfileValueUtils - Retrieved ProfileValueSource type [class org.springframework.test.annotation.SystemProfileValueSource] for class [com.gmail.merikbest2015.ecommerce.controller.ReviewControllerTest]
22:07:07.309 [main] DEBUG org.springframework.test.annotation.ProfileValueUtils - Retrieved @ProfileValueSourceConfiguration [null] for test class [com.gmail.merikbest2015.ecommerce.controller.ReviewControllerTest]
22:07:07.309 [main] DEBUG org.springframework.test.annotation.ProfileValueUtils - Retrieved ProfileValueSource type [class org.springframework.test.annotation.SystemProfileValueSource] for class [com.gmail.merikbest2015.ecommerce.controller.ReviewControllerTest]
22:07:07.315 [main] DEBUG org.springframework.test.context.support.AbstractDirtiesContextTestExecutionListener - Before test class: context [DefaultTestContext@70025b99 testClass = ReviewControllerTest, testInstance = [null], testMethod = [null], testException = [null], mergedContextConfiguration = [WebMergedContextConfiguration@7efa3f63 testClass = ReviewControllerTest, locations = '{}', classes = '{class com.gmail.merikbest2015.ecommerce.EcommerceApplication}', contextInitializerClasses = '[]', activeProfiles = '{}', propertySourceLocations = '{classpath:/application-test.properties}', propertySourceProperties = '{org.springframework.boot.test.context.SpringBootTestContextBootstrapper=true}', contextCustomizers = set[[ImportsContextCustomizer@7134b8a7 key = [org.springframework.boot.test.autoconfigure.web.servlet.MockMvcAutoConfiguration, org.springframework.boot.test.autoconfigure.web.servlet.MockMvcWebClientAutoConfiguration, org.springframework.boot.test.autoconfigure.web.servlet.MockMvcWebDriverAutoConfiguration, org.springframework.boot.autoconfigure.security.oauth2.client.servlet.OAuth2ClientAutoConfiguration, org.springframework.boot.autoconfigure.security.oauth2.resource.servlet.OAuth2ResourceServerAutoConfiguration, org.springframework.boot.autoconfigure.security.servlet.SecurityAutoConfiguration, org.springframework.boot.autoconfigure.security.servlet.SecurityFilterAutoConfiguration, org.springframework.boot.autoconfigure.security.servlet.UserDetailsServiceAutoConfiguration, org.springframework.boot.test.autoconfigure.web.servlet.MockMvcSecurityConfiguration]], org.springframework.boot.test.context.filter.ExcludeFilterContextCustomizer@5652f555, org.springframework.boot.test.json.DuplicateJsonObjectContextCustomizerFactory$DuplicateJsonObjectContextCustomizer@38f2e97e, org.springframework.boot.test.mock.mockito.MockitoContextCustomizer@0, org.springframework.boot.test.web.client.TestRestTemplateContextCustomizer@6b04acb2, org.springframework.boot.test.autoconfigure.properties.PropertyMappingContextCustomizer@4b3fa0b3, org.springframework.boot.test.autoconfigure.web.servlet.WebDriverContextCustomizerFactory$Customizer@45673f68, org.springframework.boot.test.context.SpringBootTestArgs@1, org.springframework.boot.test.context.SpringBootTestWebEnvironment@6058e535], resourceBasePath = 'src/main/webapp', contextLoader = 'org.springframework.boot.test.context.SpringBootContextLoader', parent = [null]], attributes = map['org.springframework.test.context.web.ServletTestExecutionListener.activateListener' -> true]], class annotated with @DirtiesContext [false] with mode [null].
22:07:07.317 [main] DEBUG org.springframework.test.annotation.ProfileValueUtils - Retrieved @ProfileValueSourceConfiguration [null] for test class [com.gmail.merikbest2015.ecommerce.controller.ReviewControllerTest]
22:07:07.317 [main] DEBUG org.springframework.test.annotation.ProfileValueUtils - Retrieved ProfileValueSource type [class org.springframework.test.annotation.SystemProfileValueSource] for class [com.gmail.merikbest2015.ecommerce.controller.ReviewControllerTest]
22:07:07.350 [main] DEBUG org.springframework.test.context.support.TestPropertySourceUtils - Adding inlined properties to environment: {spring.jmx.enabled=false, org.springframework.boot.test.context.SpringBootTestContextBootstrapper=true}

  .   ____          _            __ _ _
 /\\ / ___'_ __ _ _(_)_ __  __ _ \ \ \ \
( ( )\___ | '_ | '_| | '_ \/ _` | \ \ \ \
 \\/  ___)| |_)| | | | | || (_| |  ) ) ) )
  '  |____| .__|_| |_|_| |_\__, | / / / /
 =========|_|==============|___/=/_/_/_/
 :: Spring Boot ::        (v2.3.6.RELEASE)

2025-06-12 22:07:07.765  INFO 2611 --- [           main] c.g.m.e.controller.ReviewControllerTest  : Starting ReviewControllerTest on pkrvmxyh4eaekms with PID 2611 (started by runner in /home/runner/work/desofs2025_wed_nap_1/desofs2025_wed_nap_1)
2025-06-12 22:07:07.766 DEBUG 2611 --- [           main] c.g.m.e.controller.ReviewControllerTest  : Running with Spring Boot v2.3.6.RELEASE, Spring v5.2.11.RELEASE
2025-06-12 22:07:07.767  INFO 2611 --- [           main] c.g.m.e.controller.ReviewControllerTest  : No active profile set, falling back to default profiles: default
2025-06-12 22:07:09.564  INFO 2611 --- [           main] .s.d.r.c.RepositoryConfigurationDelegate : Bootstrapping Spring Data JPA repositories in DEFERRED mode.
2025-06-12 22:07:09.655  INFO 2611 --- [           main] .s.d.r.c.RepositoryConfigurationDelegate : Finished Spring Data repository scanning in 82ms. Found 5 JPA repository interfaces.
2025-06-12 22:07:10.375  INFO 2611 --- [           main] trationDelegate$BeanPostProcessorChecker : Bean 'org.springframework.security.access.expression.method.DefaultMethodSecurityExpressionHandler@74fa4891' of type [org.springframework.security.access.expression.method.DefaultMethodSecurityExpressionHandler] is not eligible for getting processed by all BeanPostProcessors (for example: not eligible for auto-proxying)
2025-06-12 22:07:10.395  INFO 2611 --- [           main] trationDelegate$BeanPostProcessorChecker : Bean 'methodSecurityMetadataSource' of type [org.springframework.security.access.method.DelegatingMethodSecurityMetadataSource] is not eligible for getting processed by all BeanPostProcessors (for example: not eligible for auto-proxying)
2025-06-12 22:07:10.706  INFO 2611 --- [           main] o.f.c.internal.license.VersionPrinter    : Flyway Community Edition 5.2.4 by Boxfuse
2025-06-12 22:07:10.714  INFO 2611 --- [           main] com.zaxxer.hikari.HikariDataSource       : HikariPool-1 - Starting...
2025-06-12 22:07:10.983  INFO 2611 --- [           main] com.zaxxer.hikari.HikariDataSource       : HikariPool-1 - Start completed.
2025-06-12 22:07:11.001  INFO 2611 --- [           main] o.f.c.internal.database.DatabaseFactory  : Database: jdbc:postgresql://localhost:5432/perfumetest (PostgreSQL 15.13)
2025-06-12 22:07:11.013  WARN 2611 --- [           main] o.f.c.internal.database.base.Database    : Flyway upgrade recommended: PostgreSQL 15.13 is newer than this version of Flyway and support has not been tested.
2025-06-12 22:07:11.125  INFO 2611 --- [           main] o.f.core.internal.command.DbValidate     : Successfully validated 4 migrations (execution time 00:00.083s)
2025-06-12 22:07:11.140  INFO 2611 --- [           main] o.f.c.i.s.JdbcTableSchemaHistory         : Creating Schema History table: "public"."flyway_schema_history"
2025-06-12 22:07:11.164  INFO 2611 --- [           main] o.f.core.internal.command.DbMigrate      : Current version of schema "public": << Empty Schema >>
2025-06-12 22:07:11.165  INFO 2611 --- [           main] o.f.core.internal.command.DbMigrate      : Migrating schema "public" to version 1 - Init BD
2025-06-12 22:07:11.215  INFO 2611 --- [           main] o.f.core.internal.command.DbMigrate      : Migrating schema "public" to version 2 - Add users
2025-06-12 22:07:11.228  INFO 2611 --- [           main] o.f.core.internal.command.DbMigrate      : Migrating schema "public" to version 3 - Add products
2025-06-12 22:07:11.325  INFO 2611 --- [           main] o.f.core.internal.command.DbMigrate      : Migrating schema "public" to version 4 - Add orders
2025-06-12 22:07:11.347  INFO 2611 --- [           main] o.f.core.internal.command.DbMigrate      : Successfully applied 4 migrations to schema "public" (execution time 00:00.208s)
2025-06-12 22:07:11.553  INFO 2611 --- [           main] o.hibernate.jpa.internal.util.LogHelper  : HHH000204: Processing PersistenceUnitInfo [name: default]
2025-06-12 22:07:11.639  INFO 2611 --- [           main] org.hibernate.Version                    : HHH000412: Hibernate ORM core version 5.4.23.Final
2025-06-12 22:07:11.804  INFO 2611 --- [           main] o.hibernate.annotations.common.Version   : HCANN000001: Hibernate Commons Annotations {5.1.2.Final}
2025-06-12 22:07:11.995  INFO 2611 --- [           main] org.hibernate.dialect.Dialect            : HHH000400: Using dialect: org.hibernate.dialect.PostgreSQL10Dialect
2025-06-12 22:07:13.081  INFO 2611 --- [           main] o.h.e.t.j.p.i.JtaPlatformInitiator       : HHH000490: Using JtaPlatform implementation: [org.hibernate.engine.transaction.jta.platform.internal.NoJtaPlatform]
2025-06-12 22:07:13.088  INFO 2611 --- [           main] j.LocalContainerEntityManagerFactoryBean : Initialized JPA EntityManagerFactory for persistence unit 'default'
2025-06-12 22:07:13.380  WARN 2611 --- [           main] JpaBaseConfiguration$JpaWebConfiguration : spring.jpa.open-in-view is enabled by default. Therefore, database queries may be performed during view rendering. Explicitly configure spring.jpa.open-in-view to disable this warning
2025-06-12 22:07:13.774  WARN 2611 --- [           main] com.amazonaws.util.VersionInfoUtils      : The AWS SDK for Java 1.x entered maintenance mode starting July 31, 2024 and will reach end of support on December 31, 2025. For more information, see https://aws.amazon.com/blogs/developer/the-aws-sdk-for-java-1-x-is-in-maintenance-mode-effective-july-31-2024/
You can print where on the file system the AWS SDK for Java 1.x core runtime is located by setting the AWS_JAVA_V1_PRINT_LOCATION environment variable or aws.java.v1.printLocation system property to 'true'.
This message can be disabled by setting the AWS_JAVA_V1_DISABLE_DEPRECATION_ANNOUNCEMENT environment variable or aws.java.v1.disableDeprecationAnnouncement system property to 'true'.
The AWS SDK for Java 1.x is being used here:
at java.base/java.lang.Thread.getStackTrace(Thread.java:1619)
at com.amazonaws.util.VersionInfoUtils.printDeprecationAnnouncement(VersionInfoUtils.java:81)
at com.amazonaws.util.VersionInfoUtils.<clinit>(VersionInfoUtils.java:59)
at com.amazonaws.internal.EC2ResourceFetcher.<clinit>(EC2ResourceFetcher.java:44)
at com.amazonaws.auth.InstanceMetadataServiceCredentialsFetcher.<init>(InstanceMetadataServiceCredentialsFetcher.java:38)
at com.amazonaws.auth.InstanceProfileCredentialsProvider.<init>(InstanceProfileCredentialsProvider.java:111)
at com.amazonaws.auth.InstanceProfileCredentialsProvider.<init>(InstanceProfileCredentialsProvider.java:91)
at com.amazonaws.auth.InstanceProfileCredentialsProvider.<init>(InstanceProfileCredentialsProvider.java:75)
at com.amazonaws.auth.InstanceProfileCredentialsProvider.<clinit>(InstanceProfileCredentialsProvider.java:58)
at com.amazonaws.auth.EC2ContainerCredentialsProviderWrapper.initializeProvider(EC2ContainerCredentialsProviderWrapper.java:66)
at com.amazonaws.auth.EC2ContainerCredentialsProviderWrapper.<init>(EC2ContainerCredentialsProviderWrapper.java:55)
at com.amazonaws.auth.DefaultAWSCredentialsProviderChain.<init>(DefaultAWSCredentialsProviderChain.java:60)
at com.amazonaws.auth.DefaultAWSCredentialsProviderChain.<clinit>(DefaultAWSCredentialsProviderChain.java:54)
at com.amazonaws.services.s3.AmazonS3ClientBuilder.standard(AmazonS3ClientBuilder.java:46)
at com.gmail.merikbest2015.ecommerce.configuration.ApplicationConfiguration.s3Client(ApplicationConfiguration.java:35)
at com.gmail.merikbest2015.ecommerce.configuration.ApplicationConfiguration$$EnhancerBySpringCGLIB$$95e5eb48.CGLIB$s3Client$2(<generated>)
at com.gmail.merikbest2015.ecommerce.configuration.ApplicationConfiguration$$EnhancerBySpringCGLIB$$95e5eb48$$FastClassBySpringCGLIB$$a6daf971.invoke(<generated>)
at org.springframework.cglib.proxy.MethodProxy.invokeSuper(MethodProxy.java:244)
at org.springframework.context.annotation.ConfigurationClassEnhancer$BeanMethodInterceptor.intercept(ConfigurationClassEnhancer.java:331)
at com.gmail.merikbest2015.ecommerce.configuration.ApplicationConfiguration$$EnhancerBySpringCGLIB$$95e5eb48.s3Client(<generated>)
at java.base/jdk.internal.reflect.NativeMethodAccessorImpl.invoke0(Native Method)
at java.base/jdk.internal.reflect.NativeMethodAccessorImpl.invoke(NativeMethodAccessorImpl.java:77)
at java.base/jdk.internal.reflect.DelegatingMethodAccessorImpl.invoke(DelegatingMethodAccessorImpl.java:43)
at java.base/java.lang.reflect.Method.invoke(Method.java:569)
at org.springframework.beans.factory.support.SimpleInstantiationStrategy.instantiate(SimpleInstantiationStrategy.java:154)
at org.springframework.beans.factory.support.ConstructorResolver.instantiate(ConstructorResolver.java:650)
at org.springframework.beans.factory.support.ConstructorResolver.instantiateUsingFactoryMethod(ConstructorResolver.java:483)
at org.springframework.beans.factory.support.AbstractAutowireCapableBeanFactory.instantiateUsingFactoryMethod(AbstractAutowireCapableBeanFactory.java:1336)
at org.springframework.beans.factory.support.AbstractAutowireCapableBeanFactory.createBeanInstance(AbstractAutowireCapableBeanFactory.java:1176)
at org.springframework.beans.factory.support.AbstractAutowireCapableBeanFactory.doCreateBean(AbstractAutowireCapableBeanFactory.java:556)
at org.springframework.beans.factory.support.AbstractAutowireCapableBeanFactory.createBean(AbstractAutowireCapableBeanFactory.java:516)
at org.springframework.beans.factory.support.AbstractBeanFactory.lambda$doGetBean$0(AbstractBeanFactory.java:324)
at org.springframework.beans.factory.support.DefaultSingletonBeanRegistry.getSingleton(DefaultSingletonBeanRegistry.java:234)
at org.springframework.beans.factory.support.AbstractBeanFactory.doGetBean(AbstractBeanFactory.java:322)
at org.springframework.beans.factory.support.AbstractBeanFactory.getBean(AbstractBeanFactory.java:202)
at org.springframework.beans.factory.config.DependencyDescriptor.resolveCandidate(DependencyDescriptor.java:276)
at org.springframework.beans.factory.support.DefaultListableBeanFactory.doResolveDependency(DefaultListableBeanFactory.java:1307)
at org.springframework.beans.factory.support.DefaultListableBeanFactory.resolveDependency(DefaultListableBeanFactory.java:1227)
at org.springframework.beans.factory.support.ConstructorResolver.resolveAutowiredArgument(ConstructorResolver.java:884)
at org.springframework.beans.factory.support.ConstructorResolver.createArgumentArray(ConstructorResolver.java:788)
at org.springframework.beans.factory.support.ConstructorResolver.autowireConstructor(ConstructorResolver.java:227)
at org.springframework.beans.factory.support.AbstractAutowireCapableBeanFactory.autowireConstructor(AbstractAutowireCapableBeanFactory.java:1356)
at org.springframework.beans.factory.support.AbstractAutowireCapableBeanFactory.createBeanInstance(AbstractAutowireCapableBeanFactory.java:1203)
at org.springframework.beans.factory.support.AbstractAutowireCapableBeanFactory.doCreateBean(AbstractAutowireCapableBeanFactory.java:556)
at org.springframework.beans.factory.support.AbstractAutowireCapableBeanFactory.createBean(AbstractAutowireCapableBeanFactory.java:516)
at org.springframework.beans.factory.support.AbstractBeanFactory.lambda$doGetBean$0(AbstractBeanFactory.java:324)
at org.springframework.beans.factory.support.DefaultSingletonBeanRegistry.getSingleton(DefaultSingletonBeanRegistry.java:234)
at org.springframework.beans.factory.support.AbstractBeanFactory.doGetBean(AbstractBeanFactory.java:322)
at org.springframework.beans.factory.support.AbstractBeanFactory.getBean(AbstractBeanFactory.java:202)
at org.springframework.beans.factory.config.DependencyDescriptor.resolveCandidate(DependencyDescriptor.java:276)
at org.springframework.beans.factory.support.DefaultListableBeanFactory.doResolveDependency(DefaultListableBeanFactory.java:1307)
at org.springframework.beans.factory.support.DefaultListableBeanFactory.resolveDependency(DefaultListableBeanFactory.java:1227)
at org.springframework.beans.factory.support.ConstructorResolver.resolveAutowiredArgument(ConstructorResolver.java:884)
at org.springframework.beans.factory.support.ConstructorResolver.createArgumentArray(ConstructorResolver.java:788)
at org.springframework.beans.factory.support.ConstructorResolver.autowireConstructor(ConstructorResolver.java:227)
at org.springframework.beans.factory.support.AbstractAutowireCapableBeanFactory.autowireConstructor(AbstractAutowireCapableBeanFactory.java:1356)
at org.springframework.beans.factory.support.AbstractAutowireCapableBeanFactory.createBeanInstance(AbstractAutowireCapableBeanFactory.java:1203)
at org.springframework.beans.factory.support.AbstractAutowireCapableBeanFactory.doCreateBean(AbstractAutowireCapableBeanFactory.java:556)
at org.springframework.beans.factory.support.AbstractAutowireCapableBeanFactory.createBean(AbstractAutowireCapableBeanFactory.java:516)
at org.springframework.beans.factory.support.AbstractBeanFactory.lambda$doGetBean$0(AbstractBeanFactory.java:324)
at org.springframework.beans.factory.support.DefaultSingletonBeanRegistry.getSingleton(DefaultSingletonBeanRegistry.java:234)
at org.springframework.beans.factory.support.AbstractBeanFactory.doGetBean(AbstractBeanFactory.java:322)
at org.springframework.beans.factory.support.AbstractBeanFactory.getBean(AbstractBeanFactory.java:202)
at org.springframework.beans.factory.config.DependencyDescriptor.resolveCandidate(DependencyDescriptor.java:276)
at org.springframework.beans.factory.support.DefaultListableBeanFactory.doResolveDependency(DefaultListableBeanFactory.java:1307)
at org.springframework.beans.factory.support.DefaultListableBeanFactory.resolveDependency(DefaultListableBeanFactory.java:1227)
at org.springframework.beans.factory.support.ConstructorResolver.resolveAutowiredArgument(ConstructorResolver.java:884)
at org.springframework.beans.factory.support.ConstructorResolver.createArgumentArray(ConstructorResolver.java:788)
at org.springframework.beans.factory.support.ConstructorResolver.autowireConstructor(ConstructorResolver.java:227)
at org.springframework.beans.factory.support.AbstractAutowireCapableBeanFactory.autowireConstructor(AbstractAutowireCapableBeanFactory.java:1356)
at org.springframework.beans.factory.support.AbstractAutowireCapableBeanFactory.createBeanInstance(AbstractAutowireCapableBeanFactory.java:1203)
at org.springframework.beans.factory.support.AbstractAutowireCapableBeanFactory.doCreateBean(AbstractAutowireCapableBeanFactory.java:556)
at org.springframework.beans.factory.support.AbstractAutowireCapableBeanFactory.createBean(AbstractAutowireCapableBeanFactory.java:516)
at org.springframework.beans.factory.support.AbstractBeanFactory.lambda$doGetBean$0(AbstractBeanFactory.java:324)
at org.springframework.beans.factory.support.DefaultSingletonBeanRegistry.getSingleton(DefaultSingletonBeanRegistry.java:234)
at org.springframework.beans.factory.support.AbstractBeanFactory.doGetBean(AbstractBeanFactory.java:322)
at org.springframework.beans.factory.support.AbstractBeanFactory.getBean(AbstractBeanFactory.java:202)
at org.springframework.beans.factory.support.DefaultListableBeanFactory.preInstantiateSingletons(DefaultListableBeanFactory.java:897)
at org.springframework.context.support.AbstractApplicationContext.finishBeanFactoryInitialization(AbstractApplicationContext.java:879)
at org.springframework.context.support.AbstractApplicationContext.refresh(AbstractApplicationContext.java:551)
at org.springframework.boot.SpringApplication.refresh(SpringApplication.java:758)
at org.springframework.boot.SpringApplication.refresh(SpringApplication.java:750)
at org.springframework.boot.SpringApplication.refreshContext(SpringApplication.java:405)
at org.springframework.boot.SpringApplication.run(SpringApplication.java:315)
at org.springframework.boot.test.context.SpringBootContextLoader.loadContext(SpringBootContextLoader.java:120)
at org.springframework.test.context.cache.DefaultCacheAwareContextLoaderDelegate.loadContextInternal(DefaultCacheAwareContextLoaderDelegate.java:99)
at org.springframework.test.context.cache.DefaultCacheAwareContextLoaderDelegate.loadContext(DefaultCacheAwareContextLoaderDelegate.java:124)
at org.springframework.test.context.support.DefaultTestContext.getApplicationContext(DefaultTestContext.java:123)
at org.springframework.test.context.web.ServletTestExecutionListener.setUpRequestContextIfNecessary(ServletTestExecutionListener.java:190)
at org.springframework.test.context.web.ServletTestExecutionListener.prepareTestInstance(ServletTestExecutionListener.java:132)
at org.springframework.test.context.TestContextManager.prepareTestInstance(TestContextManager.java:244)
at org.springframework.test.context.junit4.SpringJUnit4ClassRunner.createTest(SpringJUnit4ClassRunner.java:227)
at org.springframework.test.context.junit4.SpringJUnit4ClassRunner$1.runReflectiveCall(SpringJUnit4ClassRunner.java:289)
at org.junit.internal.runners.model.ReflectiveCallable.run(ReflectiveCallable.java:12)
at org.springframework.test.context.junit4.SpringJUnit4ClassRunner.methodBlock(SpringJUnit4ClassRunner.java:291)
at org.springframework.test.context.junit4.SpringJUnit4ClassRunner.runChild(SpringJUnit4ClassRunner.java:246)
at org.springframework.test.context.junit4.SpringJUnit4ClassRunner.runChild(SpringJUnit4ClassRunner.java:97)
at org.junit.runners.ParentRunner$4.run(ParentRunner.java:331)
at org.junit.runners.ParentRunner$1.schedule(ParentRunner.java:79)
at org.junit.runners.ParentRunner.runChildren(ParentRunner.java:329)
at org.junit.runners.ParentRunner.access$100(ParentRunner.java:66)
at org.junit.runners.ParentRunner$2.evaluate(ParentRunner.java:293)
at org.springframework.test.context.junit4.statements.RunBeforeTestClassCallbacks.evaluate(RunBeforeTestClassCallbacks.java:61)
at org.springframework.test.context.junit4.statements.RunAfterTestClassCallbacks.evaluate(RunAfterTestClassCallbacks.java:70)
at org.junit.runners.ParentRunner$3.evaluate(ParentRunner.java:306)
at org.junit.runners.ParentRunner.run(ParentRunner.java:413)
at org.springframework.test.context.junit4.SpringJUnit4ClassRunner.run(SpringJUnit4ClassRunner.java:190)
at org.junit.runner.JUnitCore.run(JUnitCore.java:137)
at org.junit.runner.JUnitCore.run(JUnitCore.java:115)
at org.junit.vintage.engine.execution.RunnerExecutor.execute(RunnerExecutor.java:43)
at java.base/java.util.stream.ForEachOps$ForEachOp$OfRef.accept(ForEachOps.java:183)
at java.base/java.util.stream.ReferencePipeline$3$1.accept(ReferencePipeline.java:197)
at java.base/java.util.Iterator.forEachRemaining(Iterator.java:133)
at java.base/java.util.Spliterators$IteratorSpliterator.forEachRemaining(Spliterators.java:1845)
at java.base/java.util.stream.AbstractPipeline.copyInto(AbstractPipeline.java:509)
at java.base/java.util.stream.AbstractPipeline.wrapAndCopyInto(AbstractPipeline.java:499)
at java.base/java.util.stream.ForEachOps$ForEachOp.evaluateSequential(ForEachOps.java:150)
at java.base/java.util.stream.ForEachOps$ForEachOp$OfRef.evaluateSequential(ForEachOps.java:173)
at java.base/java.util.stream.AbstractPipeline.evaluate(AbstractPipeline.java:234)
at java.base/java.util.stream.ReferencePipeline.forEach(ReferencePipeline.java:596)
at org.junit.vintage.engine.VintageTestEngine.executeAllChildren(VintageTestEngine.java:82)
at org.junit.vintage.engine.VintageTestEngine.execute(VintageTestEngine.java:73)
at org.junit.platform.launcher.core.DefaultLauncher.execute(DefaultLauncher.java:248)
at org.junit.platform.launcher.core.DefaultLauncher.lambda$execute$5(DefaultLauncher.java:211)
at org.junit.platform.launcher.core.DefaultLauncher.withInterceptedStreams(DefaultLauncher.java:226)
at org.junit.platform.launcher.core.DefaultLauncher.execute(DefaultLauncher.java:199)
at org.junit.platform.launcher.core.DefaultLauncher.execute(DefaultLauncher.java:132)
at org.apache.maven.surefire.junitplatform.JUnitPlatformProvider.execute(JUnitPlatformProvider.java:188)
at org.apache.maven.surefire.junitplatform.JUnitPlatformProvider.invokeAllTests(JUnitPlatformProvider.java:154)
at org.apache.maven.surefire.junitplatform.JUnitPlatformProvider.invoke(JUnitPlatformProvider.java:128)
at org.apache.maven.surefire.booter.ForkedBooter.runSuitesInProcess(ForkedBooter.java:428)
at org.apache.maven.surefire.booter.ForkedBooter.execute(ForkedBooter.java:162)
at org.apache.maven.surefire.booter.ForkedBooter.run(ForkedBooter.java:562)
at org.apache.maven.surefire.booter.ForkedBooter.main(ForkedBooter.java:548)
2025-06-12 22:07:15.275  INFO 2611 --- [           main] o.s.s.concurrent.ThreadPoolTaskExecutor  : Initializing ExecutorService 'clientInboundChannelExecutor'
2025-06-12 22:07:15.292  INFO 2611 --- [           main] o.s.s.concurrent.ThreadPoolTaskExecutor  : Initializing ExecutorService 'clientOutboundChannelExecutor'
2025-06-12 22:07:15.858  INFO 2611 --- [           main] o.s.b.a.e.web.EndpointLinksResolver      : Exposing 1 endpoint(s) beneath base path '/actuator'
2025-06-12 22:07:16.056  INFO 2611 --- [           main] pertySourcedRequestMappingHandlerMapping : Mapped URL path [/v2/api-docs] onto method [springfox.documentation.swagger2.web.Swagger2Controller#getDocumentation(String, HttpServletRequest)]
2025-06-12 22:07:16.352  INFO 2611 --- [           main] o.s.s.c.ThreadPoolTaskScheduler          : Initializing ExecutorService 'messageBrokerTaskScheduler'
2025-06-12 22:07:16.595  INFO 2611 --- [           main] o.s.s.web.DefaultSecurityFilterChain     : Creating filter chain: any request, [org.springframework.security.web.context.request.async.WebAsyncManagerIntegrationFilter@1c7503f1, org.springframework.security.web.context.SecurityContextPersistenceFilter@1cb50ab1, org.springframework.security.web.header.HeaderWriterFilter@2322c9f7, org.springframework.web.filter.CorsFilter@2ef70cb4, org.springframework.security.web.authentication.logout.LogoutFilter@54e32b98, org.springframework.security.oauth2.client.web.OAuth2AuthorizationRequestRedirectFilter@3ae974ae, org.springframework.security.oauth2.client.web.OAuth2LoginAuthenticationFilter@67b38c61, com.gmail.merikbest2015.ecommerce.security.JwtFilter@53348b2d, org.springframework.security.web.authentication.ui.DefaultLoginPageGeneratingFilter@57f5709f, org.springframework.security.web.authentication.ui.DefaultLogoutPageGeneratingFilter@457298d0, org.springframework.security.web.savedrequest.RequestCacheAwareFilter@274bd56, org.springframework.security.web.servletapi.SecurityContextHolderAwareRequestFilter@2e934025, org.springframework.security.web.authentication.AnonymousAuthenticationFilter@484b94f2, org.springframework.security.web.session.SessionManagementFilter@283be97f, org.springframework.security.web.access.ExceptionTranslationFilter@41c7a15d, org.springframework.security.web.access.intercept.FilterSecurityInterceptor@4dcb9037]
2025-06-12 22:07:16.617  INFO 2611 --- [           main] o.s.s.concurrent.ThreadPoolTaskExecutor  : Initializing ExecutorService 'brokerChannelExecutor'
2025-06-12 22:07:17.312  WARN 2611 --- [           main] ion$DefaultTemplateResolverConfiguration : Cannot find template location: classpath:/templates/ (please add some templates or check your Thymeleaf configuration)
2025-06-12 22:07:17.392  INFO 2611 --- [           main] o.s.b.t.m.w.SpringBootMockServletContext : Initializing Spring TestDispatcherServlet ''
2025-06-12 22:07:17.392  INFO 2611 --- [           main] o.s.t.web.servlet.TestDispatcherServlet  : Initializing Servlet ''
2025-06-12 22:07:17.407  INFO 2611 --- [           main] o.s.t.web.servlet.TestDispatcherServlet  : Completed initialization in 15 ms
2025-06-12 22:07:17.453  INFO 2611 --- [           main] d.s.w.p.DocumentationPluginsBootstrapper : Context refreshed
2025-06-12 22:07:17.472  INFO 2611 --- [           main] d.s.w.p.DocumentationPluginsBootstrapper : Found 1 custom documentation plugin(s)
2025-06-12 22:07:17.517  INFO 2611 --- [           main] s.d.s.w.s.ApiListingReferenceScanner     : Scanning for api listing references
2025-06-12 22:07:17.887  INFO 2611 --- [           main] .d.s.w.r.o.CachingOperationNameGenerator : Generating unique operation named: handleUsingGET_1
2025-06-12 22:07:17.985  INFO 2611 --- [           main] o.s.m.s.b.SimpleBrokerMessageHandler     : Starting...
2025-06-12 22:07:17.985  INFO 2611 --- [           main] o.s.m.s.b.SimpleBrokerMessageHandler     : BrokerAvailabilityEvent[available=true, SimpleBrokerMessageHandler [DefaultSubscriptionRegistry[cache[0 destination(s)], registry[0 sessions]]]]
2025-06-12 22:07:17.985  INFO 2611 --- [           main] o.s.m.s.b.SimpleBrokerMessageHandler     : Started.
2025-06-12 22:07:17.986  INFO 2611 --- [           main] DeferredRepositoryInitializationListener : Triggering deferred initialization of Spring Data repositories…
2025-06-12 22:07:18.860  INFO 2611 --- [           main] DeferredRepositoryInitializationListener : Spring Data repositories initialized!
2025-06-12 22:07:18.882  INFO 2611 --- [           main] c.g.m.e.controller.ReviewControllerTest  : Started ReviewControllerTest in 11.519 seconds (JVM running for 14.404)
2025-06-12 22:07:19.249  INFO 2611 --- [           main] c.g.m.e.controller.ReviewController      : Adding review for perfumeId=111, userId=111
2025-06-12 22:07:19.285  INFO 2611 --- [           main] c.g.m.e.service.Impl.ReviewServiceImpl   : Adding review for perfume id 111, rating 5
2025-06-12 22:07:19.306  WARN 2611 --- [           main] c.g.m.e.service.Impl.ReviewServiceImpl   : Perfume not found with id 111
]]></system-out>
  </testcase>
  <testcase name="addReviewToPerfume_ShouldInputFieldsAreEmpty" classname="com.gmail.merikbest2015.ecommerce.controller.ReviewControllerTest" time="0.051">
    <system-out><![CDATA[2025-06-12 22:07:19.396  INFO 2611 --- [           main] c.g.m.e.controller.ReviewController      : Adding review for perfumeId=null, userId=null
]]></system-out>
  </testcase>
  <testcase name="getReviewsByPerfumeId" classname="com.gmail.merikbest2015.ecommerce.controller.ReviewControllerTest" time="0.085">
    <system-out><![CDATA[2025-06-12 22:07:19.448  INFO 2611 --- [           main] c.g.m.e.controller.ReviewController      : Fetching reviews for perfumeId=2
2025-06-12 22:07:19.449  INFO 2611 --- [           main] c.g.m.e.service.Impl.ReviewServiceImpl   : Fetching reviews for perfume with id 2
2025-06-12 22:07:19.482  INFO 2611 --- [           main] c.g.m.e.controller.ReviewController      : Found 2 reviews
CLASS: [ReviewController], METHOD: [getReviewsByPerfumeId()], REQUEST: 2
CLASS: [ReviewController], METHOD: [getReviewsByPerfumeId()], RESPONSE: <200 OK OK,[ReviewResponse(id=123, author=John, message=Hello world, rating=5, date=2021-02-07), ReviewResponse(id=124, author=John2, message=Hello world2, rating=4, date=2021-02-07)],[]>
]]></system-out>
  </testcase>
  <testcase name="addReviewToPerfume" classname="com.gmail.merikbest2015.ecommerce.controller.ReviewControllerTest" time="0.091">
    <system-out><![CDATA[2025-06-12 22:07:19.526  INFO 2611 --- [           main] c.g.m.e.controller.ReviewController      : Adding review for perfumeId=1, userId=1
2025-06-12 22:07:19.526  INFO 2611 --- [           main] c.g.m.e.service.Impl.ReviewServiceImpl   : Adding review for perfume id 1, rating 5
2025-06-12 22:07:19.530  INFO 2611 --- [           main] c.g.m.e.service.Impl.ReviewServiceImpl   : Updated perfume rating to 5.0
2025-06-12 22:07:19.583  INFO 2611 --- [           main] c.g.m.e.controller.ReviewController      : Review added and sent to websocket topic for perfumeId=1
CLASS: [ReviewController], METHOD: [addReviewToPerfume()], REQUEST: ReviewRequest(perfumeId=1, author=John, message=Hello world, rating=5)
org.springframework.validation.BeanPropertyBindingResult: 0 errors
CLASS: [ReviewController], METHOD: [addReviewToPerfume()], RESPONSE: <200 OK OK,ReviewResponse(id=1, author=John, message=Hello world, rating=5, date=2025-06-12),[]>
]]></system-out>
  </testcase>
</testsuite>