<?xml version="1.0" encoding="UTF-8"?>
<testsuite xmlns:xsi="http://www.w3.org/2001/XMLSchema-instance" xsi:noNamespaceSchemaLocation="https://maven.apache.org/surefire/maven-failsafe-plugin/xsd/failsafe-test-report-3.0.xsd" version="3.0" name="com.gmail.merikbest2015.ecommerce.controller.PerfumeControllerTest" time="1.003" tests="12" errors="0" skipped="0" failures="0">
  <properties>
    <property name="java.specification.version" value="17"/>
    <property name="sun.jnu.encoding" value="UTF-8"/>
    <property name="java.class.path" value="/home/runner/work/desofs2025_wed_nap_1/desofs2025_wed_nap_1/target/test-classes:/home/runner/work/desofs2025_wed_nap_1/desofs2025_wed_nap_1/target/classes:/home/runner/.m2/repository/org/springframework/boot/spring-boot-starter-web/3.5.0/spring-boot-starter-web-3.5.0.jar:/home/runner/.m2/repository/org/springframework/boot/spring-boot-starter/3.5.0/spring-boot-starter-3.5.0.jar:/home/runner/.m2/repository/org/springframework/boot/spring-boot-starter-logging/3.5.0/spring-boot-starter-logging-3.5.0.jar:/home/runner/.m2/repository/org/apache/logging/log4j/log4j-to-slf4j/2.24.3/log4j-to-slf4j-2.24.3.jar:/home/runner/.m2/repository/org/apache/logging/log4j/log4j-api/2.24.3/log4j-api-2.24.3.jar:/home/runner/.m2/repository/org/slf4j/jul-to-slf4j/2.0.17/jul-to-slf4j-2.0.17.jar:/home/runner/.m2/repository/jakarta/annotation/jakarta.annotation-api/2.1.1/jakarta.annotation-api-2.1.1.jar:/home/runner/.m2/repository/org/yaml/snakeyaml/2.4/snakeyaml-2.4.jar:/home/runner/.m2/repository/org/springframework/boot/spring-boot-starter-json/3.5.0/spring-boot-starter-json-3.5.0.jar:/home/runner/.m2/repository/com/fasterxml/jackson/datatype/jackson-datatype-jdk8/2.19.0/jackson-datatype-jdk8-2.19.0.jar:/home/runner/.m2/repository/com/fasterxml/jackson/datatype/jackson-datatype-jsr310/2.19.0/jackson-datatype-jsr310-2.19.0.jar:/home/runner/.m2/repository/com/fasterxml/jackson/module/jackson-module-parameter-names/2.19.0/jackson-module-parameter-names-2.19.0.jar:/home/runner/.m2/repository/org/springframework/boot/spring-boot-starter-tomcat/3.5.0/spring-boot-starter-tomcat-3.5.0.jar:/home/runner/.m2/repository/org/apache/tomcat/embed/tomcat-embed-core/10.1.41/tomcat-embed-core-10.1.41.jar:/home/runner/.m2/repository/org/apache/tomcat/embed/tomcat-embed-el/10.1.41/tomcat-embed-el-10.1.41.jar:/home/runner/.m2/repository/org/apache/tomcat/embed/tomcat-embed-websocket/10.1.41/tomcat-embed-websocket-10.1.41.jar:/home/runner/.m2/repository/org/springframework/spring-web/6.2.7/spring-web-6.2.7.jar:/home/runner/.m2/repository/org/springframework/spring-beans/6.2.7/spring-beans-6.2.7.jar:/home/runner/.m2/repository/org/springframework/spring-webmvc/6.2.7/spring-webmvc-6.2.7.jar:/home/runner/.m2/repository/org/springframework/spring-expression/6.2.7/spring-expression-6.2.7.jar:/home/runner/.m2/repository/org/springframework/boot/spring-boot-devtools/3.5.0/spring-boot-devtools-3.5.0.jar:/home/runner/.m2/repository/org/springframework/boot/spring-boot/3.5.0/spring-boot-3.5.0.jar:/home/runner/.m2/repository/org/springframework/boot/spring-boot-autoconfigure/3.5.0/spring-boot-autoconfigure-3.5.0.jar:/home/runner/.m2/repository/org/postgresql/postgresql/42.7.7/postgresql-42.7.7.jar:/home/runner/.m2/repository/org/checkerframework/checker-qual/3.49.3/checker-qual-3.49.3.jar:/home/runner/.m2/repository/org/springframework/boot/spring-boot-starter-data-jpa/3.5.0/spring-boot-starter-data-jpa-3.5.0.jar:/home/runner/.m2/repository/org/springframework/boot/spring-boot-starter-jdbc/3.5.0/spring-boot-starter-jdbc-3.5.0.jar:/home/runner/.m2/repository/com/zaxxer/HikariCP/6.3.0/HikariCP-6.3.0.jar:/home/runner/.m2/repository/org/springframework/spring-jdbc/6.2.7/spring-jdbc-6.2.7.jar:/home/runner/.m2/repository/org/hibernate/orm/hibernate-core/6.6.15.Final/hibernate-core-6.6.15.Final.jar:/home/runner/.m2/repository/jakarta/persistence/jakarta.persistence-api/3.1.0/jakarta.persistence-api-3.1.0.jar:/home/runner/.m2/repository/jakarta/transaction/jakarta.transaction-api/2.0.1/jakarta.transaction-api-2.0.1.jar:/home/runner/.m2/repository/org/hibernate/common/hibernate-commons-annotations/7.0.3.Final/hibernate-commons-annotations-7.0.3.Final.jar:/home/runner/.m2/repository/io/smallrye/jandex/3.2.0/jandex-3.2.0.jar:/home/runner/.m2/repository/net/bytebuddy/byte-buddy/1.17.5/byte-buddy-1.17.5.jar:/home/runner/.m2/repository/org/glassfish/jaxb/jaxb-runtime/4.0.5/jaxb-runtime-4.0.5.jar:/home/runner/.m2/repository/org/glassfish/jaxb/jaxb-core/4.0.5/jaxb-core-4.0.5.jar:/home/runner/.m2/repository/org/glassfish/jaxb/txw2/4.0.5/txw2-4.0.5.jar:/home/runner/.m2/repository/com/sun/istack/istack-commons-runtime/4.1.2/istack-commons-runtime-4.1.2.jar:/home/runner/.m2/repository/jakarta/inject/jakarta.inject-api/2.0.1/jakarta.inject-api-2.0.1.jar:/home/runner/.m2/repository/org/antlr/antlr4-runtime/4.13.0/antlr4-runtime-4.13.0.jar:/home/runner/.m2/repository/org/springframework/data/spring-data-jpa/3.5.0/spring-data-jpa-3.5.0.jar:/home/runner/.m2/repository/org/springframework/data/spring-data-commons/3.5.0/spring-data-commons-3.5.0.jar:/home/runner/.m2/repository/org/springframework/spring-orm/6.2.7/spring-orm-6.2.7.jar:/home/runner/.m2/repository/org/springframework/spring-tx/6.2.7/spring-tx-6.2.7.jar:/home/runner/.m2/repository/org/springframework/spring-aspects/6.2.7/spring-aspects-6.2.7.jar:/home/runner/.m2/repository/org/springframework/boot/spring-boot-starter-security/3.5.0/spring-boot-starter-security-3.5.0.jar:/home/runner/.m2/repository/org/springframework/spring-aop/6.2.7/spring-aop-6.2.7.jar:/home/runner/.m2/repository/org/springframework/security/spring-security-config/6.5.0/spring-security-config-6.5.0.jar:/home/runner/.m2/repository/org/springframework/security/spring-security-web/6.5.0/spring-security-web-6.5.0.jar:/home/runner/.m2/repository/org/springframework/security/spring-security-oauth2-client/6.5.0/spring-security-oauth2-client-6.5.0.jar:/home/runner/.m2/repository/org/springframework/security/spring-security-core/6.5.0/spring-security-core-6.5.0.jar:/home/runner/.m2/repository/org/springframework/security/spring-security-crypto/6.5.0/spring-security-crypto-6.5.0.jar:/home/runner/.m2/repository/org/springframework/security/spring-security-oauth2-core/6.5.0/spring-security-oauth2-core-6.5.0.jar:/home/runner/.m2/repository/org/springframework/spring-core/6.2.7/spring-core-6.2.7.jar:/home/runner/.m2/repository/org/springframework/spring-jcl/6.2.7/spring-jcl-6.2.7.jar:/home/runner/.m2/repository/com/nimbusds/oauth2-oidc-sdk/9.43.6/oauth2-oidc-sdk-9.43.6.jar:/home/runner/.m2/repository/com/github/stephenc/jcip/jcip-annotations/1.0-1/jcip-annotations-1.0-1.jar:/home/runner/.m2/repository/com/nimbusds/content-type/2.2/content-type-2.2.jar:/home/runner/.m2/repository/com/nimbusds/lang-tag/1.7/lang-tag-1.7.jar:/home/runner/.m2/repository/com/nimbusds/nimbus-jose-jwt/9.37.3/nimbus-jose-jwt-9.37.3.jar:/home/runner/.m2/repository/org/springframework/boot/spring-boot-starter-mail/3.5.0/spring-boot-starter-mail-3.5.0.jar:/home/runner/.m2/repository/org/springframework/spring-context-support/6.2.7/spring-context-support-6.2.7.jar:/home/runner/.m2/repository/org/eclipse/angus/jakarta.mail/2.0.3/jakarta.mail-2.0.3.jar:/home/runner/.m2/repository/jakarta/activation/jakarta.activation-api/2.1.3/jakarta.activation-api-2.1.3.jar:/home/runner/.m2/repository/org/eclipse/angus/angus-activation/2.0.2/angus-activation-2.0.2.jar:/home/runner/.m2/repository/org/projectlombok/lombok/1.18.30/lombok-1.18.30.jar:/home/runner/.m2/repository/org/flywaydb/flyway-core/11.9.1/flyway-core-11.9.1.jar:/home/runner/.m2/repository/com/fasterxml/jackson/core/jackson-databind/2.19.0/jackson-databind-2.19.0.jar:/home/runner/.m2/repository/com/fasterxml/jackson/core/jackson-annotations/2.19.0/jackson-annotations-2.19.0.jar:/home/runner/.m2/repository/com/fasterxml/jackson/core/jackson-core/2.19.0/jackson-core-2.19.0.jar:/home/runner/.m2/repository/org/flywaydb/flyway-database-postgresql/11.7.2/flyway-database-postgresql-11.7.2.jar:/home/runner/.m2/repository/io/jsonwebtoken/jjwt-api/0.12.0/jjwt-api-0.12.0.jar:/home/runner/.m2/repository/io/jsonwebtoken/jjwt-impl/0.12.0/jjwt-impl-0.12.0.jar:/home/runner/.m2/repository/io/jsonwebtoken/jjwt-jackson/0.12.0/jjwt-jackson-0.12.0.jar:/home/runner/.m2/repository/software/amazon/awssdk/s3/2.26.11/s3-2.26.11.jar:/home/runner/.m2/repository/software/amazon/awssdk/aws-xml-protocol/2.26.11/aws-xml-protocol-2.26.11.jar:/home/runner/.m2/repository/software/amazon/awssdk/aws-query-protocol/2.26.11/aws-query-protocol-2.26.11.jar:/home/runner/.m2/repository/software/amazon/awssdk/protocol-core/2.26.11/protocol-core-2.26.11.jar:/home/runner/.m2/repository/software/amazon/awssdk/arns/2.26.11/arns-2.26.11.jar:/home/runner/.m2/repository/software/amazon/awssdk/profiles/2.26.11/profiles-2.26.11.jar:/home/runner/.m2/repository/software/amazon/awssdk/crt-core/2.26.11/crt-core-2.26.11.jar:/home/runner/.m2/repository/software/amazon/awssdk/http-auth/2.26.11/http-auth-2.26.11.jar:/home/runner/.m2/repository/software/amazon/awssdk/identity-spi/2.26.11/identity-spi-2.26.11.jar:/home/runner/.m2/repository/software/amazon/awssdk/http-auth-spi/2.26.11/http-auth-spi-2.26.11.jar:/home/runner/.m2/repository/org/reactivestreams/reactive-streams/1.0.4/reactive-streams-1.0.4.jar:/home/runner/.m2/repository/software/amazon/awssdk/http-auth-aws/2.26.11/http-auth-aws-2.26.11.jar:/home/runner/.m2/repository/software/amazon/awssdk/checksums/2.26.11/checksums-2.26.11.jar:/home/runner/.m2/repository/software/amazon/awssdk/checksums-spi/2.26.11/checksums-spi-2.26.11.jar:/home/runner/.m2/repository/software/amazon/awssdk/retries-spi/2.26.11/retries-spi-2.26.11.jar:/home/runner/.m2/repository/software/amazon/awssdk/sdk-core/2.26.11/sdk-core-2.26.11.jar:/home/runner/.m2/repository/software/amazon/awssdk/retries/2.26.11/retries-2.26.11.jar:/home/runner/.m2/repository/software/amazon/awssdk/auth/2.26.11/auth-2.26.11.jar:/home/runner/.m2/repository/software/amazon/eventstream/eventstream/1.0.1/eventstream-1.0.1.jar:/home/runner/.m2/repository/software/amazon/awssdk/http-client-spi/2.26.11/http-client-spi-2.26.11.jar:/home/runner/.m2/repository/software/amazon/awssdk/regions/2.26.11/regions-2.26.11.jar:/home/runner/.m2/repository/software/amazon/awssdk/annotations/2.26.11/annotations-2.26.11.jar:/home/runner/.m2/repository/software/amazon/awssdk/utils/2.26.11/utils-2.26.11.jar:/home/runner/.m2/repository/software/amazon/awssdk/aws-core/2.26.11/aws-core-2.26.11.jar:/home/runner/.m2/repository/software/amazon/awssdk/metrics-spi/2.26.11/metrics-spi-2.26.11.jar:/home/runner/.m2/repository/software/amazon/awssdk/json-utils/2.26.11/json-utils-2.26.11.jar:/home/runner/.m2/repository/software/amazon/awssdk/third-party-jackson-core/2.26.11/third-party-jackson-core-2.26.11.jar:/home/runner/.m2/repository/software/amazon/awssdk/endpoints-spi/2.26.11/endpoints-spi-2.26.11.jar:/home/runner/.m2/repository/software/amazon/awssdk/apache-client/2.26.11/apache-client-2.26.11.jar:/home/runner/.m2/repository/org/apache/httpcomponents/httpclient/4.5.13/httpclient-4.5.13.jar:/home/runner/.m2/repository/commons-logging/commons-logging/1.2/commons-logging-1.2.jar:/home/runner/.m2/repository/org/apache/httpcomponents/httpcore/4.4.16/httpcore-4.4.16.jar:/home/runner/.m2/repository/commons-codec/commons-codec/1.18.0/commons-codec-1.18.0.jar:/home/runner/.m2/repository/software/amazon/awssdk/netty-nio-client/2.26.11/netty-nio-client-2.26.11.jar:/home/runner/.m2/repository/io/netty/netty-codec-http/4.1.121.Final/netty-codec-http-4.1.121.Final.jar:/home/runner/.m2/repository/io/netty/netty-codec-http2/4.1.121.Final/netty-codec-http2-4.1.121.Final.jar:/home/runner/.m2/repository/io/netty/netty-codec/4.1.121.Final/netty-codec-4.1.121.Final.jar:/home/runner/.m2/repository/io/netty/netty-transport/4.1.121.Final/netty-transport-4.1.121.Final.jar:/home/runner/.m2/repository/io/netty/netty-common/4.1.121.Final/netty-common-4.1.121.Final.jar:/home/runner/.m2/repository/io/netty/netty-buffer/4.1.121.Final/netty-buffer-4.1.121.Final.jar:/home/runner/.m2/repository/io/netty/netty-handler/4.1.121.Final/netty-handler-4.1.121.Final.jar:/home/runner/.m2/repository/io/netty/netty-transport-native-unix-common/4.1.121.Final/netty-transport-native-unix-common-4.1.121.Final.jar:/home/runner/.m2/repository/io/netty/netty-transport-classes-epoll/4.1.121.Final/netty-transport-classes-epoll-4.1.121.Final.jar:/home/runner/.m2/repository/io/netty/netty-resolver/4.1.121.Final/netty-resolver-4.1.121.Final.jar:/home/runner/.m2/repository/org/modelmapper/modelmapper/2.3.9/modelmapper-2.3.9.jar:/home/runner/.m2/repository/jakarta/validation/jakarta.validation-api/3.0.2/jakarta.validation-api-3.0.2.jar:/home/runner/.m2/repository/org/hibernate/validator/hibernate-validator/8.0.2.Final/hibernate-validator-8.0.2.Final.jar:/home/runner/.m2/repository/org/jboss/logging/jboss-logging/3.6.1.Final/jboss-logging-3.6.1.Final.jar:/home/runner/.m2/repository/com/fasterxml/classmate/1.7.0/classmate-1.7.0.jar:/home/runner/.m2/repository/org/springframework/graphql/spring-graphql/1.4.0/spring-graphql-1.4.0.jar:/home/runner/.m2/repository/com/graphql-java/graphql-java/24.0/graphql-java-24.0.jar:/home/runner/.m2/repository/com/graphql-java/java-dataloader/5.0.0/java-dataloader-5.0.0.jar:/home/runner/.m2/repository/org/jspecify/jspecify/1.0.0/jspecify-1.0.0.jar:/home/runner/.m2/repository/io/projectreactor/reactor-core/3.7.6/reactor-core-3.7.6.jar:/home/runner/.m2/repository/org/springframework/spring-context/6.2.7/spring-context-6.2.7.jar:/home/runner/.m2/repository/io/micrometer/context-propagation/1.1.3/context-propagation-1.1.3.jar:/home/runner/.m2/repository/org/springframework/boot/spring-boot-starter-aop/3.5.0/spring-boot-starter-aop-3.5.0.jar:/home/runner/.m2/repository/org/aspectj/aspectjweaver/1.9.24/aspectjweaver-1.9.24.jar:/home/runner/.m2/repository/org/springdoc/springdoc-openapi-starter-webmvc-ui/2.2.0/springdoc-openapi-starter-webmvc-ui-2.2.0.jar:/home/runner/.m2/repository/org/springdoc/springdoc-openapi-starter-webmvc-api/2.2.0/springdoc-openapi-starter-webmvc-api-2.2.0.jar:/home/runner/.m2/repository/org/springdoc/springdoc-openapi-starter-common/2.2.0/springdoc-openapi-starter-common-2.2.0.jar:/home/runner/.m2/repository/io/swagger/core/v3/swagger-core-jakarta/2.2.15/swagger-core-jakarta-2.2.15.jar:/home/runner/.m2/repository/org/apache/commons/commons-lang3/3.17.0/commons-lang3-3.17.0.jar:/home/runner/.m2/repository/io/swagger/core/v3/swagger-annotations-jakarta/2.2.15/swagger-annotations-jakarta-2.2.15.jar:/home/runner/.m2/repository/io/swagger/core/v3/swagger-models-jakarta/2.2.15/swagger-models-jakarta-2.2.15.jar:/home/runner/.m2/repository/com/fasterxml/jackson/dataformat/jackson-dataformat-yaml/2.19.0/jackson-dataformat-yaml-2.19.0.jar:/home/runner/.m2/repository/org/webjars/swagger-ui/5.2.0/swagger-ui-5.2.0.jar:/home/runner/.m2/repository/org/springframework/boot/spring-boot-starter-websocket/3.5.0/spring-boot-starter-websocket-3.5.0.jar:/home/runner/.m2/repository/org/springframework/spring-messaging/6.2.7/spring-messaging-6.2.7.jar:/home/runner/.m2/repository/org/springframework/spring-websocket/6.2.7/spring-websocket-6.2.7.jar:/home/runner/.m2/repository/org/thymeleaf/thymeleaf/3.1.3.RELEASE/thymeleaf-3.1.3.RELEASE.jar:/home/runner/.m2/repository/ognl/ognl/3.3.4/ognl-3.3.4.jar:/home/runner/.m2/repository/org/javassist/javassist/3.29.0-GA/javassist-3.29.0-GA.jar:/home/runner/.m2/repository/org/attoparser/attoparser/2.0.7.RELEASE/attoparser-2.0.7.RELEASE.jar:/home/runner/.m2/repository/org/unbescape/unbescape/1.1.6.RELEASE/unbescape-1.1.6.RELEASE.jar:/home/runner/.m2/repository/org/slf4j/slf4j-api/2.0.17/slf4j-api-2.0.17.jar:/home/runner/.m2/repository/org/thymeleaf/thymeleaf-spring6/3.1.3.RELEASE/thymeleaf-spring6-3.1.3.RELEASE.jar:/home/runner/.m2/repository/com/google/guava/guava/33.3.1-jre/guava-33.3.1-jre.jar:/home/runner/.m2/repository/com/google/guava/failureaccess/1.0.2/failureaccess-1.0.2.jar:/home/runner/.m2/repository/com/google/guava/listenablefuture/9999.0-empty-to-avoid-conflict-with-guava/listenablefuture-9999.0-empty-to-avoid-conflict-with-guava.jar:/home/runner/.m2/repository/com/google/code/findbugs/jsr305/3.0.2/jsr305-3.0.2.jar:/home/runner/.m2/repository/com/google/errorprone/error_prone_annotations/2.28.0/error_prone_annotations-2.28.0.jar:/home/runner/.m2/repository/com/google/j2objc/j2objc-annotations/3.0.0/j2objc-annotations-3.0.0.jar:/home/runner/.m2/repository/commons-io/commons-io/2.17.0/commons-io-2.17.0.jar:/home/runner/.m2/repository/org/springframework/boot/spring-boot-starter-test/3.5.0/spring-boot-starter-test-3.5.0.jar:/home/runner/.m2/repository/org/springframework/boot/spring-boot-test/3.5.0/spring-boot-test-3.5.0.jar:/home/runner/.m2/repository/org/springframework/boot/spring-boot-test-autoconfigure/3.5.0/spring-boot-test-autoconfigure-3.5.0.jar:/home/runner/.m2/repository/com/jayway/jsonpath/json-path/2.9.0/json-path-2.9.0.jar:/home/runner/.m2/repository/jakarta/xml/bind/jakarta.xml.bind-api/4.0.2/jakarta.xml.bind-api-4.0.2.jar:/home/runner/.m2/repository/net/minidev/json-smart/2.5.2/json-smart-2.5.2.jar:/home/runner/.m2/repository/net/minidev/accessors-smart/2.5.2/accessors-smart-2.5.2.jar:/home/runner/.m2/repository/org/ow2/asm/asm/9.7.1/asm-9.7.1.jar:/home/runner/.m2/repository/org/assertj/assertj-core/3.27.3/assertj-core-3.27.3.jar:/home/runner/.m2/repository/org/awaitility/awaitility/4.3.0/awaitility-4.3.0.jar:/home/runner/.m2/repository/org/hamcrest/hamcrest/3.0/hamcrest-3.0.jar:/home/runner/.m2/repository/org/junit/jupiter/junit-jupiter/5.12.2/junit-jupiter-5.12.2.jar:/home/runner/.m2/repository/org/junit/jupiter/junit-jupiter-api/5.12.2/junit-jupiter-api-5.12.2.jar:/home/runner/.m2/repository/org/opentest4j/opentest4j/1.3.0/opentest4j-1.3.0.jar:/home/runner/.m2/repository/org/junit/platform/junit-platform-commons/1.12.2/junit-platform-commons-1.12.2.jar:/home/runner/.m2/repository/org/apiguardian/apiguardian-api/1.1.2/apiguardian-api-1.1.2.jar:/home/runner/.m2/repository/org/junit/jupiter/junit-jupiter-params/5.12.2/junit-jupiter-params-5.12.2.jar:/home/runner/.m2/repository/org/junit/jupiter/junit-jupiter-engine/5.12.2/junit-jupiter-engine-5.12.2.jar:/home/runner/.m2/repository/org/junit/platform/junit-platform-engine/1.12.2/junit-platform-engine-1.12.2.jar:/home/runner/.m2/repository/org/mockito/mockito-core/5.17.0/mockito-core-5.17.0.jar:/home/runner/.m2/repository/net/bytebuddy/byte-buddy-agent/1.17.5/byte-buddy-agent-1.17.5.jar:/home/runner/.m2/repository/org/objenesis/objenesis/3.3/objenesis-3.3.jar:/home/runner/.m2/repository/org/mockito/mockito-junit-jupiter/5.17.0/mockito-junit-jupiter-5.17.0.jar:/home/runner/.m2/repository/org/skyscreamer/jsonassert/1.5.3/jsonassert-1.5.3.jar:/home/runner/.m2/repository/com/vaadin/external/google/android-json/0.0.20131108.vaadin1/android-json-0.0.20131108.vaadin1.jar:/home/runner/.m2/repository/org/springframework/spring-test/6.2.7/spring-test-6.2.7.jar:/home/runner/.m2/repository/org/xmlunit/xmlunit-core/2.10.1/xmlunit-core-2.10.1.jar:/home/runner/.m2/repository/org/springframework/security/spring-security-test/6.5.0/spring-security-test-6.5.0.jar:/home/runner/.m2/repository/org/springframework/boot/spring-boot-starter-actuator/3.5.0/spring-boot-starter-actuator-3.5.0.jar:/home/runner/.m2/repository/org/springframework/boot/spring-boot-actuator-autoconfigure/3.5.0/spring-boot-actuator-autoconfigure-3.5.0.jar:/home/runner/.m2/repository/org/springframework/boot/spring-boot-actuator/3.5.0/spring-boot-actuator-3.5.0.jar:/home/runner/.m2/repository/io/micrometer/micrometer-observation/1.15.0/micrometer-observation-1.15.0.jar:/home/runner/.m2/repository/io/micrometer/micrometer-commons/1.15.0/micrometer-commons-1.15.0.jar:/home/runner/.m2/repository/io/micrometer/micrometer-jakarta9/1.15.0/micrometer-jakarta9-1.15.0.jar:/home/runner/.m2/repository/io/micrometer/micrometer-core/1.15.0/micrometer-core-1.15.0.jar:/home/runner/.m2/repository/org/hdrhistogram/HdrHistogram/2.2.2/HdrHistogram-2.2.2.jar:/home/runner/.m2/repository/org/latencyutils/LatencyUtils/2.0.3/LatencyUtils-2.0.3.jar:/home/runner/.m2/repository/ch/qos/logback/logback-core/1.5.18/logback-core-1.5.18.jar:/home/runner/.m2/repository/ch/qos/logback/logback-classic/1.5.18/logback-classic-1.5.18.jar:"/>
    <property name="java.vm.vendor" value="Eclipse Adoptium"/>
    <property name="sun.arch.data.model" value="64"/>
    <property name="java.vendor.url" value="https://adoptium.net/"/>
    <property name="user.timezone" value="Etc/UTC"/>
    <property name="org.jboss.logging.provider" value="slf4j"/>
    <property name="os.name" value="Linux"/>
    <property name="java.vm.specification.version" value="17"/>
    <property name="sun.java.launcher" value="SUN_STANDARD"/>
    <property name="sun.boot.library.path" value="/usr/lib/jvm/temurin-17-jdk-amd64/lib"/>
    <property name="sun.java.command" value="/home/runner/work/desofs2025_wed_nap_1/desofs2025_wed_nap_1/target/surefire/surefirebooter15864180928267955420.jar /home/runner/work/desofs2025_wed_nap_1/desofs2025_wed_nap_1/target/surefire 2025-06-17T16-56-48_125-jvmRun1 surefire7192068425975774174tmp surefire_014701937160959849541tmp"/>
    <property name="jdk.debug" value="release"/>
    <property name="surefire.test.class.path" value="/home/runner/work/desofs2025_wed_nap_1/desofs2025_wed_nap_1/target/test-classes:/home/runner/work/desofs2025_wed_nap_1/desofs2025_wed_nap_1/target/classes:/home/runner/.m2/repository/org/springframework/boot/spring-boot-starter-web/3.5.0/spring-boot-starter-web-3.5.0.jar:/home/runner/.m2/repository/org/springframework/boot/spring-boot-starter/3.5.0/spring-boot-starter-3.5.0.jar:/home/runner/.m2/repository/org/springframework/boot/spring-boot-starter-logging/3.5.0/spring-boot-starter-logging-3.5.0.jar:/home/runner/.m2/repository/org/apache/logging/log4j/log4j-to-slf4j/2.24.3/log4j-to-slf4j-2.24.3.jar:/home/runner/.m2/repository/org/apache/logging/log4j/log4j-api/2.24.3/log4j-api-2.24.3.jar:/home/runner/.m2/repository/org/slf4j/jul-to-slf4j/2.0.17/jul-to-slf4j-2.0.17.jar:/home/runner/.m2/repository/jakarta/annotation/jakarta.annotation-api/2.1.1/jakarta.annotation-api-2.1.1.jar:/home/runner/.m2/repository/org/yaml/snakeyaml/2.4/snakeyaml-2.4.jar:/home/runner/.m2/repository/org/springframework/boot/spring-boot-starter-json/3.5.0/spring-boot-starter-json-3.5.0.jar:/home/runner/.m2/repository/com/fasterxml/jackson/datatype/jackson-datatype-jdk8/2.19.0/jackson-datatype-jdk8-2.19.0.jar:/home/runner/.m2/repository/com/fasterxml/jackson/datatype/jackson-datatype-jsr310/2.19.0/jackson-datatype-jsr310-2.19.0.jar:/home/runner/.m2/repository/com/fasterxml/jackson/module/jackson-module-parameter-names/2.19.0/jackson-module-parameter-names-2.19.0.jar:/home/runner/.m2/repository/org/springframework/boot/spring-boot-starter-tomcat/3.5.0/spring-boot-starter-tomcat-3.5.0.jar:/home/runner/.m2/repository/org/apache/tomcat/embed/tomcat-embed-core/10.1.41/tomcat-embed-core-10.1.41.jar:/home/runner/.m2/repository/org/apache/tomcat/embed/tomcat-embed-el/10.1.41/tomcat-embed-el-10.1.41.jar:/home/runner/.m2/repository/org/apache/tomcat/embed/tomcat-embed-websocket/10.1.41/tomcat-embed-websocket-10.1.41.jar:/home/runner/.m2/repository/org/springframework/spring-web/6.2.7/spring-web-6.2.7.jar:/home/runner/.m2/repository/org/springframework/spring-beans/6.2.7/spring-beans-6.2.7.jar:/home/runner/.m2/repository/org/springframework/spring-webmvc/6.2.7/spring-webmvc-6.2.7.jar:/home/runner/.m2/repository/org/springframework/spring-expression/6.2.7/spring-expression-6.2.7.jar:/home/runner/.m2/repository/org/springframework/boot/spring-boot-devtools/3.5.0/spring-boot-devtools-3.5.0.jar:/home/runner/.m2/repository/org/springframework/boot/spring-boot/3.5.0/spring-boot-3.5.0.jar:/home/runner/.m2/repository/org/springframework/boot/spring-boot-autoconfigure/3.5.0/spring-boot-autoconfigure-3.5.0.jar:/home/runner/.m2/repository/org/postgresql/postgresql/42.7.7/postgresql-42.7.7.jar:/home/runner/.m2/repository/org/checkerframework/checker-qual/3.49.3/checker-qual-3.49.3.jar:/home/runner/.m2/repository/org/springframework/boot/spring-boot-starter-data-jpa/3.5.0/spring-boot-starter-data-jpa-3.5.0.jar:/home/runner/.m2/repository/org/springframework/boot/spring-boot-starter-jdbc/3.5.0/spring-boot-starter-jdbc-3.5.0.jar:/home/runner/.m2/repository/com/zaxxer/HikariCP/6.3.0/HikariCP-6.3.0.jar:/home/runner/.m2/repository/org/springframework/spring-jdbc/6.2.7/spring-jdbc-6.2.7.jar:/home/runner/.m2/repository/org/hibernate/orm/hibernate-core/6.6.15.Final/hibernate-core-6.6.15.Final.jar:/home/runner/.m2/repository/jakarta/persistence/jakarta.persistence-api/3.1.0/jakarta.persistence-api-3.1.0.jar:/home/runner/.m2/repository/jakarta/transaction/jakarta.transaction-api/2.0.1/jakarta.transaction-api-2.0.1.jar:/home/runner/.m2/repository/org/hibernate/common/hibernate-commons-annotations/7.0.3.Final/hibernate-commons-annotations-7.0.3.Final.jar:/home/runner/.m2/repository/io/smallrye/jandex/3.2.0/jandex-3.2.0.jar:/home/runner/.m2/repository/net/bytebuddy/byte-buddy/1.17.5/byte-buddy-1.17.5.jar:/home/runner/.m2/repository/org/glassfish/jaxb/jaxb-runtime/4.0.5/jaxb-runtime-4.0.5.jar:/home/runner/.m2/repository/org/glassfish/jaxb/jaxb-core/4.0.5/jaxb-core-4.0.5.jar:/home/runner/.m2/repository/org/glassfish/jaxb/txw2/4.0.5/txw2-4.0.5.jar:/home/runner/.m2/repository/com/sun/istack/istack-commons-runtime/4.1.2/istack-commons-runtime-4.1.2.jar:/home/runner/.m2/repository/jakarta/inject/jakarta.inject-api/2.0.1/jakarta.inject-api-2.0.1.jar:/home/runner/.m2/repository/org/antlr/antlr4-runtime/4.13.0/antlr4-runtime-4.13.0.jar:/home/runner/.m2/repository/org/springframework/data/spring-data-jpa/3.5.0/spring-data-jpa-3.5.0.jar:/home/runner/.m2/repository/org/springframework/data/spring-data-commons/3.5.0/spring-data-commons-3.5.0.jar:/home/runner/.m2/repository/org/springframework/spring-orm/6.2.7/spring-orm-6.2.7.jar:/home/runner/.m2/repository/org/springframework/spring-tx/6.2.7/spring-tx-6.2.7.jar:/home/runner/.m2/repository/org/springframework/spring-aspects/6.2.7/spring-aspects-6.2.7.jar:/home/runner/.m2/repository/org/springframework/boot/spring-boot-starter-security/3.5.0/spring-boot-starter-security-3.5.0.jar:/home/runner/.m2/repository/org/springframework/spring-aop/6.2.7/spring-aop-6.2.7.jar:/home/runner/.m2/repository/org/springframework/security/spring-security-config/6.5.0/spring-security-config-6.5.0.jar:/home/runner/.m2/repository/org/springframework/security/spring-security-web/6.5.0/spring-security-web-6.5.0.jar:/home/runner/.m2/repository/org/springframework/security/spring-security-oauth2-client/6.5.0/spring-security-oauth2-client-6.5.0.jar:/home/runner/.m2/repository/org/springframework/security/spring-security-core/6.5.0/spring-security-core-6.5.0.jar:/home/runner/.m2/repository/org/springframework/security/spring-security-crypto/6.5.0/spring-security-crypto-6.5.0.jar:/home/runner/.m2/repository/org/springframework/security/spring-security-oauth2-core/6.5.0/spring-security-oauth2-core-6.5.0.jar:/home/runner/.m2/repository/org/springframework/spring-core/6.2.7/spring-core-6.2.7.jar:/home/runner/.m2/repository/org/springframework/spring-jcl/6.2.7/spring-jcl-6.2.7.jar:/home/runner/.m2/repository/com/nimbusds/oauth2-oidc-sdk/9.43.6/oauth2-oidc-sdk-9.43.6.jar:/home/runner/.m2/repository/com/github/stephenc/jcip/jcip-annotations/1.0-1/jcip-annotations-1.0-1.jar:/home/runner/.m2/repository/com/nimbusds/content-type/2.2/content-type-2.2.jar:/home/runner/.m2/repository/com/nimbusds/lang-tag/1.7/lang-tag-1.7.jar:/home/runner/.m2/repository/com/nimbusds/nimbus-jose-jwt/9.37.3/nimbus-jose-jwt-9.37.3.jar:/home/runner/.m2/repository/org/springframework/boot/spring-boot-starter-mail/3.5.0/spring-boot-starter-mail-3.5.0.jar:/home/runner/.m2/repository/org/springframework/spring-context-support/6.2.7/spring-context-support-6.2.7.jar:/home/runner/.m2/repository/org/eclipse/angus/jakarta.mail/2.0.3/jakarta.mail-2.0.3.jar:/home/runner/.m2/repository/jakarta/activation/jakarta.activation-api/2.1.3/jakarta.activation-api-2.1.3.jar:/home/runner/.m2/repository/org/eclipse/angus/angus-activation/2.0.2/angus-activation-2.0.2.jar:/home/runner/.m2/repository/org/projectlombok/lombok/1.18.30/lombok-1.18.30.jar:/home/runner/.m2/repository/org/flywaydb/flyway-core/11.9.1/flyway-core-11.9.1.jar:/home/runner/.m2/repository/com/fasterxml/jackson/core/jackson-databind/2.19.0/jackson-databind-2.19.0.jar:/home/runner/.m2/repository/com/fasterxml/jackson/core/jackson-annotations/2.19.0/jackson-annotations-2.19.0.jar:/home/runner/.m2/repository/com/fasterxml/jackson/core/jackson-core/2.19.0/jackson-core-2.19.0.jar:/home/runner/.m2/repository/org/flywaydb/flyway-database-postgresql/11.7.2/flyway-database-postgresql-11.7.2.jar:/home/runner/.m2/repository/io/jsonwebtoken/jjwt-api/0.12.0/jjwt-api-0.12.0.jar:/home/runner/.m2/repository/io/jsonwebtoken/jjwt-impl/0.12.0/jjwt-impl-0.12.0.jar:/home/runner/.m2/repository/io/jsonwebtoken/jjwt-jackson/0.12.0/jjwt-jackson-0.12.0.jar:/home/runner/.m2/repository/software/amazon/awssdk/s3/2.26.11/s3-2.26.11.jar:/home/runner/.m2/repository/software/amazon/awssdk/aws-xml-protocol/2.26.11/aws-xml-protocol-2.26.11.jar:/home/runner/.m2/repository/software/amazon/awssdk/aws-query-protocol/2.26.11/aws-query-protocol-2.26.11.jar:/home/runner/.m2/repository/software/amazon/awssdk/protocol-core/2.26.11/protocol-core-2.26.11.jar:/home/runner/.m2/repository/software/amazon/awssdk/arns/2.26.11/arns-2.26.11.jar:/home/runner/.m2/repository/software/amazon/awssdk/profiles/2.26.11/profiles-2.26.11.jar:/home/runner/.m2/repository/software/amazon/awssdk/crt-core/2.26.11/crt-core-2.26.11.jar:/home/runner/.m2/repository/software/amazon/awssdk/http-auth/2.26.11/http-auth-2.26.11.jar:/home/runner/.m2/repository/software/amazon/awssdk/identity-spi/2.26.11/identity-spi-2.26.11.jar:/home/runner/.m2/repository/software/amazon/awssdk/http-auth-spi/2.26.11/http-auth-spi-2.26.11.jar:/home/runner/.m2/repository/org/reactivestreams/reactive-streams/1.0.4/reactive-streams-1.0.4.jar:/home/runner/.m2/repository/software/amazon/awssdk/http-auth-aws/2.26.11/http-auth-aws-2.26.11.jar:/home/runner/.m2/repository/software/amazon/awssdk/checksums/2.26.11/checksums-2.26.11.jar:/home/runner/.m2/repository/software/amazon/awssdk/checksums-spi/2.26.11/checksums-spi-2.26.11.jar:/home/runner/.m2/repository/software/amazon/awssdk/retries-spi/2.26.11/retries-spi-2.26.11.jar:/home/runner/.m2/repository/software/amazon/awssdk/sdk-core/2.26.11/sdk-core-2.26.11.jar:/home/runner/.m2/repository/software/amazon/awssdk/retries/2.26.11/retries-2.26.11.jar:/home/runner/.m2/repository/software/amazon/awssdk/auth/2.26.11/auth-2.26.11.jar:/home/runner/.m2/repository/software/amazon/eventstream/eventstream/1.0.1/eventstream-1.0.1.jar:/home/runner/.m2/repository/software/amazon/awssdk/http-client-spi/2.26.11/http-client-spi-2.26.11.jar:/home/runner/.m2/repository/software/amazon/awssdk/regions/2.26.11/regions-2.26.11.jar:/home/runner/.m2/repository/software/amazon/awssdk/annotations/2.26.11/annotations-2.26.11.jar:/home/runner/.m2/repository/software/amazon/awssdk/utils/2.26.11/utils-2.26.11.jar:/home/runner/.m2/repository/software/amazon/awssdk/aws-core/2.26.11/aws-core-2.26.11.jar:/home/runner/.m2/repository/software/amazon/awssdk/metrics-spi/2.26.11/metrics-spi-2.26.11.jar:/home/runner/.m2/repository/software/amazon/awssdk/json-utils/2.26.11/json-utils-2.26.11.jar:/home/runner/.m2/repository/software/amazon/awssdk/third-party-jackson-core/2.26.11/third-party-jackson-core-2.26.11.jar:/home/runner/.m2/repository/software/amazon/awssdk/endpoints-spi/2.26.11/endpoints-spi-2.26.11.jar:/home/runner/.m2/repository/software/amazon/awssdk/apache-client/2.26.11/apache-client-2.26.11.jar:/home/runner/.m2/repository/org/apache/httpcomponents/httpclient/4.5.13/httpclient-4.5.13.jar:/home/runner/.m2/repository/commons-logging/commons-logging/1.2/commons-logging-1.2.jar:/home/runner/.m2/repository/org/apache/httpcomponents/httpcore/4.4.16/httpcore-4.4.16.jar:/home/runner/.m2/repository/commons-codec/commons-codec/1.18.0/commons-codec-1.18.0.jar:/home/runner/.m2/repository/software/amazon/awssdk/netty-nio-client/2.26.11/netty-nio-client-2.26.11.jar:/home/runner/.m2/repository/io/netty/netty-codec-http/4.1.121.Final/netty-codec-http-4.1.121.Final.jar:/home/runner/.m2/repository/io/netty/netty-codec-http2/4.1.121.Final/netty-codec-http2-4.1.121.Final.jar:/home/runner/.m2/repository/io/netty/netty-codec/4.1.121.Final/netty-codec-4.1.121.Final.jar:/home/runner/.m2/repository/io/netty/netty-transport/4.1.121.Final/netty-transport-4.1.121.Final.jar:/home/runner/.m2/repository/io/netty/netty-common/4.1.121.Final/netty-common-4.1.121.Final.jar:/home/runner/.m2/repository/io/netty/netty-buffer/4.1.121.Final/netty-buffer-4.1.121.Final.jar:/home/runner/.m2/repository/io/netty/netty-handler/4.1.121.Final/netty-handler-4.1.121.Final.jar:/home/runner/.m2/repository/io/netty/netty-transport-native-unix-common/4.1.121.Final/netty-transport-native-unix-common-4.1.121.Final.jar:/home/runner/.m2/repository/io/netty/netty-transport-classes-epoll/4.1.121.Final/netty-transport-classes-epoll-4.1.121.Final.jar:/home/runner/.m2/repository/io/netty/netty-resolver/4.1.121.Final/netty-resolver-4.1.121.Final.jar:/home/runner/.m2/repository/org/modelmapper/modelmapper/2.3.9/modelmapper-2.3.9.jar:/home/runner/.m2/repository/jakarta/validation/jakarta.validation-api/3.0.2/jakarta.validation-api-3.0.2.jar:/home/runner/.m2/repository/org/hibernate/validator/hibernate-validator/8.0.2.Final/hibernate-validator-8.0.2.Final.jar:/home/runner/.m2/repository/org/jboss/logging/jboss-logging/3.6.1.Final/jboss-logging-3.6.1.Final.jar:/home/runner/.m2/repository/com/fasterxml/classmate/1.7.0/classmate-1.7.0.jar:/home/runner/.m2/repository/org/springframework/graphql/spring-graphql/1.4.0/spring-graphql-1.4.0.jar:/home/runner/.m2/repository/com/graphql-java/graphql-java/24.0/graphql-java-24.0.jar:/home/runner/.m2/repository/com/graphql-java/java-dataloader/5.0.0/java-dataloader-5.0.0.jar:/home/runner/.m2/repository/org/jspecify/jspecify/1.0.0/jspecify-1.0.0.jar:/home/runner/.m2/repository/io/projectreactor/reactor-core/3.7.6/reactor-core-3.7.6.jar:/home/runner/.m2/repository/org/springframework/spring-context/6.2.7/spring-context-6.2.7.jar:/home/runner/.m2/repository/io/micrometer/context-propagation/1.1.3/context-propagation-1.1.3.jar:/home/runner/.m2/repository/org/springframework/boot/spring-boot-starter-aop/3.5.0/spring-boot-starter-aop-3.5.0.jar:/home/runner/.m2/repository/org/aspectj/aspectjweaver/1.9.24/aspectjweaver-1.9.24.jar:/home/runner/.m2/repository/org/springdoc/springdoc-openapi-starter-webmvc-ui/2.2.0/springdoc-openapi-starter-webmvc-ui-2.2.0.jar:/home/runner/.m2/repository/org/springdoc/springdoc-openapi-starter-webmvc-api/2.2.0/springdoc-openapi-starter-webmvc-api-2.2.0.jar:/home/runner/.m2/repository/org/springdoc/springdoc-openapi-starter-common/2.2.0/springdoc-openapi-starter-common-2.2.0.jar:/home/runner/.m2/repository/io/swagger/core/v3/swagger-core-jakarta/2.2.15/swagger-core-jakarta-2.2.15.jar:/home/runner/.m2/repository/org/apache/commons/commons-lang3/3.17.0/commons-lang3-3.17.0.jar:/home/runner/.m2/repository/io/swagger/core/v3/swagger-annotations-jakarta/2.2.15/swagger-annotations-jakarta-2.2.15.jar:/home/runner/.m2/repository/io/swagger/core/v3/swagger-models-jakarta/2.2.15/swagger-models-jakarta-2.2.15.jar:/home/runner/.m2/repository/com/fasterxml/jackson/dataformat/jackson-dataformat-yaml/2.19.0/jackson-dataformat-yaml-2.19.0.jar:/home/runner/.m2/repository/org/webjars/swagger-ui/5.2.0/swagger-ui-5.2.0.jar:/home/runner/.m2/repository/org/springframework/boot/spring-boot-starter-websocket/3.5.0/spring-boot-starter-websocket-3.5.0.jar:/home/runner/.m2/repository/org/springframework/spring-messaging/6.2.7/spring-messaging-6.2.7.jar:/home/runner/.m2/repository/org/springframework/spring-websocket/6.2.7/spring-websocket-6.2.7.jar:/home/runner/.m2/repository/org/thymeleaf/thymeleaf/3.1.3.RELEASE/thymeleaf-3.1.3.RELEASE.jar:/home/runner/.m2/repository/ognl/ognl/3.3.4/ognl-3.3.4.jar:/home/runner/.m2/repository/org/javassist/javassist/3.29.0-GA/javassist-3.29.0-GA.jar:/home/runner/.m2/repository/org/attoparser/attoparser/2.0.7.RELEASE/attoparser-2.0.7.RELEASE.jar:/home/runner/.m2/repository/org/unbescape/unbescape/1.1.6.RELEASE/unbescape-1.1.6.RELEASE.jar:/home/runner/.m2/repository/org/slf4j/slf4j-api/2.0.17/slf4j-api-2.0.17.jar:/home/runner/.m2/repository/org/thymeleaf/thymeleaf-spring6/3.1.3.RELEASE/thymeleaf-spring6-3.1.3.RELEASE.jar:/home/runner/.m2/repository/com/google/guava/guava/33.3.1-jre/guava-33.3.1-jre.jar:/home/runner/.m2/repository/com/google/guava/failureaccess/1.0.2/failureaccess-1.0.2.jar:/home/runner/.m2/repository/com/google/guava/listenablefuture/9999.0-empty-to-avoid-conflict-with-guava/listenablefuture-9999.0-empty-to-avoid-conflict-with-guava.jar:/home/runner/.m2/repository/com/google/code/findbugs/jsr305/3.0.2/jsr305-3.0.2.jar:/home/runner/.m2/repository/com/google/errorprone/error_prone_annotations/2.28.0/error_prone_annotations-2.28.0.jar:/home/runner/.m2/repository/com/google/j2objc/j2objc-annotations/3.0.0/j2objc-annotations-3.0.0.jar:/home/runner/.m2/repository/commons-io/commons-io/2.17.0/commons-io-2.17.0.jar:/home/runner/.m2/repository/org/springframework/boot/spring-boot-starter-test/3.5.0/spring-boot-starter-test-3.5.0.jar:/home/runner/.m2/repository/org/springframework/boot/spring-boot-test/3.5.0/spring-boot-test-3.5.0.jar:/home/runner/.m2/repository/org/springframework/boot/spring-boot-test-autoconfigure/3.5.0/spring-boot-test-autoconfigure-3.5.0.jar:/home/runner/.m2/repository/com/jayway/jsonpath/json-path/2.9.0/json-path-2.9.0.jar:/home/runner/.m2/repository/jakarta/xml/bind/jakarta.xml.bind-api/4.0.2/jakarta.xml.bind-api-4.0.2.jar:/home/runner/.m2/repository/net/minidev/json-smart/2.5.2/json-smart-2.5.2.jar:/home/runner/.m2/repository/net/minidev/accessors-smart/2.5.2/accessors-smart-2.5.2.jar:/home/runner/.m2/repository/org/ow2/asm/asm/9.7.1/asm-9.7.1.jar:/home/runner/.m2/repository/org/assertj/assertj-core/3.27.3/assertj-core-3.27.3.jar:/home/runner/.m2/repository/org/awaitility/awaitility/4.3.0/awaitility-4.3.0.jar:/home/runner/.m2/repository/org/hamcrest/hamcrest/3.0/hamcrest-3.0.jar:/home/runner/.m2/repository/org/junit/jupiter/junit-jupiter/5.12.2/junit-jupiter-5.12.2.jar:/home/runner/.m2/repository/org/junit/jupiter/junit-jupiter-api/5.12.2/junit-jupiter-api-5.12.2.jar:/home/runner/.m2/repository/org/opentest4j/opentest4j/1.3.0/opentest4j-1.3.0.jar:/home/runner/.m2/repository/org/junit/platform/junit-platform-commons/1.12.2/junit-platform-commons-1.12.2.jar:/home/runner/.m2/repository/org/apiguardian/apiguardian-api/1.1.2/apiguardian-api-1.1.2.jar:/home/runner/.m2/repository/org/junit/jupiter/junit-jupiter-params/5.12.2/junit-jupiter-params-5.12.2.jar:/home/runner/.m2/repository/org/junit/jupiter/junit-jupiter-engine/5.12.2/junit-jupiter-engine-5.12.2.jar:/home/runner/.m2/repository/org/junit/platform/junit-platform-engine/1.12.2/junit-platform-engine-1.12.2.jar:/home/runner/.m2/repository/org/mockito/mockito-core/5.17.0/mockito-core-5.17.0.jar:/home/runner/.m2/repository/net/bytebuddy/byte-buddy-agent/1.17.5/byte-buddy-agent-1.17.5.jar:/home/runner/.m2/repository/org/objenesis/objenesis/3.3/objenesis-3.3.jar:/home/runner/.m2/repository/org/mockito/mockito-junit-jupiter/5.17.0/mockito-junit-jupiter-5.17.0.jar:/home/runner/.m2/repository/org/skyscreamer/jsonassert/1.5.3/jsonassert-1.5.3.jar:/home/runner/.m2/repository/com/vaadin/external/google/android-json/0.0.20131108.vaadin1/android-json-0.0.20131108.vaadin1.jar:/home/runner/.m2/repository/org/springframework/spring-test/6.2.7/spring-test-6.2.7.jar:/home/runner/.m2/repository/org/xmlunit/xmlunit-core/2.10.1/xmlunit-core-2.10.1.jar:/home/runner/.m2/repository/org/springframework/security/spring-security-test/6.5.0/spring-security-test-6.5.0.jar:/home/runner/.m2/repository/org/springframework/boot/spring-boot-starter-actuator/3.5.0/spring-boot-starter-actuator-3.5.0.jar:/home/runner/.m2/repository/org/springframework/boot/spring-boot-actuator-autoconfigure/3.5.0/spring-boot-actuator-autoconfigure-3.5.0.jar:/home/runner/.m2/repository/org/springframework/boot/spring-boot-actuator/3.5.0/spring-boot-actuator-3.5.0.jar:/home/runner/.m2/repository/io/micrometer/micrometer-observation/1.15.0/micrometer-observation-1.15.0.jar:/home/runner/.m2/repository/io/micrometer/micrometer-commons/1.15.0/micrometer-commons-1.15.0.jar:/home/runner/.m2/repository/io/micrometer/micrometer-jakarta9/1.15.0/micrometer-jakarta9-1.15.0.jar:/home/runner/.m2/repository/io/micrometer/micrometer-core/1.15.0/micrometer-core-1.15.0.jar:/home/runner/.m2/repository/org/hdrhistogram/HdrHistogram/2.2.2/HdrHistogram-2.2.2.jar:/home/runner/.m2/repository/org/latencyutils/LatencyUtils/2.0.3/LatencyUtils-2.0.3.jar:/home/runner/.m2/repository/ch/qos/logback/logback-core/1.5.18/logback-core-1.5.18.jar:/home/runner/.m2/repository/ch/qos/logback/logback-classic/1.5.18/logback-classic-1.5.18.jar:"/>
    <property name="sun.cpu.endian" value="little"/>
    <property name="user.home" value="/home/runner"/>
    <property name="user.language" value="en"/>
    <property name="java.specification.vendor" value="Oracle Corporation"/>
    <property name="java.version.date" value="2025-04-15"/>
    <property name="java.home" value="/usr/lib/jvm/temurin-17-jdk-amd64"/>
    <property name="file.separator" value="/"/>
    <property name="basedir" value="/home/runner/work/desofs2025_wed_nap_1/desofs2025_wed_nap_1"/>
    <property name="java.vm.compressedOopsMode" value="Zero based"/>
    <property name="line.separator" value="&#10;"/>
    <property name="java.vm.specification.vendor" value="Oracle Corporation"/>
    <property name="java.specification.name" value="Java Platform API Specification"/>
    <property name="FILE_LOG_CHARSET" value="UTF-8"/>
    <property name="java.awt.headless" value="true"/>
    <property name="surefire.real.class.path" value="/home/runner/work/desofs2025_wed_nap_1/desofs2025_wed_nap_1/target/surefire/surefirebooter15864180928267955420.jar"/>
    <property name="polyglot.engine.WarnInterpreterOnly" value="false"/>
    <property name="sun.management.compiler" value="HotSpot 64-Bit Tiered Compilers"/>
    <property name="java.runtime.version" value="17.0.15+6"/>
    <property name="user.name" value="runner"/>
    <property name="path.separator" value=":"/>
    <property name="os.version" value="6.11.0-1015-azure"/>
    <property name="java.runtime.name" value="OpenJDK Runtime Environment"/>
    <property name="file.encoding" value="UTF-8"/>
    <property name="java.vm.name" value="OpenJDK 64-Bit Server VM"/>
    <property name="java.vendor.version" value="Temurin-17.0.15+6"/>
    <property name="localRepository" value="/home/runner/.m2/repository"/>
    <property name="java.vendor.url.bug" value="https://github.com/adoptium/adoptium-support/issues"/>
    <property name="java.io.tmpdir" value="/tmp"/>
    <property name="com.zaxxer.hikari.pool_number" value="1"/>
    <property name="java.version" value="17.0.15"/>
    <property name="user.dir" value="/home/runner/work/desofs2025_wed_nap_1/desofs2025_wed_nap_1"/>
    <property name="os.arch" value="amd64"/>
    <property name="java.vm.specification.name" value="Java Virtual Machine Specification"/>
    <property name="PID" value="2698"/>
    <property name="CONSOLE_LOG_CHARSET" value="UTF-8"/>
    <property name="native.encoding" value="UTF-8"/>
    <property name="java.library.path" value="/usr/java/packages/lib:/usr/lib64:/lib64:/lib:/usr/lib"/>
    <property name="java.vm.info" value="mixed mode, sharing"/>
    <property name="java.vendor" value="Eclipse Adoptium"/>
    <property name="java.vm.version" value="17.0.15+6"/>
    <property name="java.specification.maintenance.version" value="1"/>
    <property name="sun.io.unicode.encoding" value="UnicodeLittle"/>
    <property name="java.class.version" value="61.0"/>
  </properties>
  <testcase name="findPerfumesByFilterParamsPerfumers" classname="com.gmail.merikbest2015.ecommerce.controller.PerfumeControllerTest" time="0.111">
    <system-out><![CDATA[2025-06-17T16:57:07.795Z DEBUG 2698 --- [           main] .b.t.c.SpringBootTestContextBootstrapper : Neither @ContextConfiguration nor @ContextHierarchy found for test class [PerfumeControllerTest]: using SpringBootContextLoader
2025-06-17T16:57:07.795Z DEBUG 2698 --- [           main] o.s.t.c.support.AbstractContextLoader    : Could not detect default resource locations for test class [com.gmail.merikbest2015.ecommerce.controller.PerfumeControllerTest]: no resource found for suffixes {-context.xml, Context.groovy}.
2025-06-17T16:57:07.795Z  INFO 2698 --- [           main] t.c.s.AnnotationConfigContextLoaderUtils : Could not detect default configuration classes for test class [com.gmail.merikbest2015.ecommerce.controller.PerfumeControllerTest]: PerfumeControllerTest does not declare any static, non-private, non-final, nested classes annotated with @Configuration.
2025-06-17T16:57:07.796Z DEBUG 2698 --- [           main] .b.t.c.SpringBootTestContextBootstrapper : Using ContextCustomizerFactory implementations for test class [PerfumeControllerTest]: [ImportsContextCustomizerFactory, ExcludeFilterContextCustomizerFactory, HttpGraphQlTesterContextCustomizerFactory, DuplicateJsonObjectContextCustomizerFactory, MockitoContextCustomizerFactory, TestRestTemplateContextCustomizerFactory, WebTestClientContextCustomizerFactory, DisableReactorResourceFactoryGlobalResourcesContextCustomizerFactory, OnFailureConditionReportContextCustomizerFactory, OverrideAutoConfigurationContextCustomizerFactory, ObservabilityContextCustomizerFactory, TypeExcludeFiltersContextCustomizerFactory, PropertyMappingContextCustomizerFactory, WebDriverContextCustomizerFactory, BeanOverrideContextCustomizerFactory, MockServerContainerContextCustomizerFactory, DynamicPropertiesContextCustomizerFactory]
2025-06-17T16:57:07.798Z DEBUG 2698 --- [           main] .b.t.c.SpringBootTestContextBootstrapper : Using ContextCustomizers for test class [PerfumeControllerTest]: [ImportsContextCustomizer, ExcludeFilterContextCustomizer, DuplicateJsonObjectContextCustomizer, MockitoContextCustomizer, TestRestTemplateContextCustomizer, DisableReactorResourceFactoryGlobalResourcesContextCustomizerCustomizer, OnFailureConditionReportContextCustomizer, DisableObservabilityContextCustomizer, PropertyMappingContextCustomizer, WebDriverContextCustomizer, DynamicPropertiesContextCustomizer]
2025-06-17T16:57:07.798Z  INFO 2698 --- [           main] .b.t.c.SpringBootTestContextBootstrapper : Found @SpringBootConfiguration com.gmail.merikbest2015.ecommerce.EcommerceApplication for test class com.gmail.merikbest2015.ecommerce.controller.PerfumeControllerTest
2025-06-17T16:57:07.799Z DEBUG 2698 --- [           main] .b.t.c.SpringBootTestContextBootstrapper : Using TestExecutionListeners for test class [PerfumeControllerTest]: [ServletTestExecutionListener, DirtiesContextBeforeModesTestExecutionListener, ApplicationEventsTestExecutionListener, MockitoTestExecutionListener, BeanOverrideTestExecutionListener, DependencyInjectionTestExecutionListener, MicrometerObservationRegistryTestExecutionListener, DirtiesContextTestExecutionListener, CommonCachesTestExecutionListener, TransactionalTestExecutionListener, SqlScriptsTestExecutionListener, EventPublishingTestExecutionListener, WithSecurityContextTestExecutionListener, ReactorContextTestExecutionListener, ResetMocksTestExecutionListener, RestDocsTestExecutionListener, MockRestServiceServerResetTestExecutionListener, MockMvcPrintOnlyOnFailureTestExecutionListener, WebDriverTestExecutionListener, MockWebServiceServerTestExecutionListener, MockitoResetTestExecutionListener]
2025-06-17T16:57:07.799Z DEBUG 2698 --- [           main] sContextBeforeModesTestExecutionListener : Before test class: class [PerfumeControllerTest], class annotated with @DirtiesContext [false] with mode [null]
2025-06-17T16:57:07.800Z DEBUG 2698 --- [           main] org.springframework.test.context.cache   : Spring test ApplicationContext cache statistics: [DefaultContextCache@46ea1dc size = 1, maxSize = 32, parentContextCount = 0, hitCount = 297, missCount = 1, failureCount = 0]
2025-06-17T16:57:07.801Z DEBUG 2698 --- [           main] org.springframework.test.context.cache   : Spring test ApplicationContext cache statistics: [DefaultContextCache@46ea1dc size = 1, maxSize = 32, parentContextCount = 0, hitCount = 298, missCount = 1, failureCount = 0]
2025-06-17T16:57:07.801Z DEBUG 2698 --- [           main] o.s.t.c.w.ServletTestExecutionListener   : Setting up MockHttpServletRequest, MockHttpServletResponse, ServletWebRequest, and RequestContextHolder for test class com.gmail.merikbest2015.ecommerce.controller.PerfumeControllerTest
2025-06-17T16:57:07.801Z DEBUG 2698 --- [           main] DependencyInjectionTestExecutionListener : Performing dependency injection for test class com.gmail.merikbest2015.ecommerce.controller.PerfumeControllerTest
2025-06-17T16:57:07.801Z DEBUG 2698 --- [           main] org.springframework.test.context.cache   : Spring test ApplicationContext cache statistics: [DefaultContextCache@46ea1dc size = 1, maxSize = 32, parentContextCount = 0, hitCount = 299, missCount = 1, failureCount = 0]
2025-06-17T16:57:07.805Z DEBUG 2698 --- [           main] org.springframework.test.context.cache   : Spring test ApplicationContext cache statistics: [DefaultContextCache@46ea1dc size = 1, maxSize = 32, parentContextCount = 0, hitCount = 300, missCount = 1, failureCount = 0]
2025-06-17T16:57:07.805Z DEBUG 2698 --- [           main] sContextBeforeModesTestExecutionListener : Before test method: class [PerfumeControllerTest], method [findPerfumesByFilterParamsPerfumers], class annotated with @DirtiesContext [false] with mode [null], method annotated with @DirtiesContext [false] with mode [null]
2025-06-17T16:57:07.805Z DEBUG 2698 --- [           main] org.springframework.test.context.cache   : Spring test ApplicationContext cache statistics: [DefaultContextCache@46ea1dc size = 1, maxSize = 32, parentContextCount = 0, hitCount = 301, missCount = 1, failureCount = 0]
2025-06-17T16:57:07.805Z DEBUG 2698 --- [           main] ObservationRegistryTestExecutionListener : Registering ObservationRegistry from ApplicationContext in ObservationThreadLocalAccessor for test class com.gmail.merikbest2015.ecommerce.controller.PerfumeControllerTest
2025-06-17T16:57:07.806Z DEBUG 2698 --- [           main] .s.t.c.j.SqlScriptsTestExecutionListener : Processing merged @SqlConfig attributes for execution phase [BEFORE_TEST_METHOD] and test class [com.gmail.merikbest2015.ecommerce.controller.PerfumeControllerTest]
2025-06-17T16:57:07.806Z DEBUG 2698 --- [           main] org.springframework.test.context.cache   : Spring test ApplicationContext cache statistics: [DefaultContextCache@46ea1dc size = 1, maxSize = 32, parentContextCount = 0, hitCount = 302, missCount = 1, failureCount = 0]
2025-06-17T16:57:07.806Z DEBUG 2698 --- [           main] .s.t.c.j.SqlScriptsTestExecutionListener : Executing SQL scripts: [class path resource [sql/create-perfumes-before.sql]]
2025-06-17T16:57:07.806Z DEBUG 2698 --- [           main] org.springframework.test.context.cache   : Spring test ApplicationContext cache statistics: [DefaultContextCache@46ea1dc size = 1, maxSize = 32, parentContextCount = 0, hitCount = 303, missCount = 1, failureCount = 0]
2025-06-17T16:57:07.806Z DEBUG 2698 --- [           main] org.springframework.test.context.cache   : Spring test ApplicationContext cache statistics: [DefaultContextCache@46ea1dc size = 1, maxSize = 32, parentContextCount = 0, hitCount = 304, missCount = 1, failureCount = 0]
2025-06-17T16:57:07.806Z DEBUG 2698 --- [           main] o.s.orm.jpa.JpaTransactionManager        : Creating new transaction with name [com.gmail.merikbest2015.ecommerce.controller.PerfumeControllerTest]: PROPAGATION_REQUIRED,ISOLATION_DEFAULT
2025-06-17T16:57:07.806Z DEBUG 2698 --- [           main] o.s.orm.jpa.JpaTransactionManager        : Opened new EntityManager [SessionImpl(1660638214<open>)] for JPA transaction
2025-06-17T16:57:07.806Z DEBUG 2698 --- [           main] o.s.orm.jpa.JpaTransactionManager        : Exposing JPA transaction as JDBC [org.springframework.orm.jpa.vendor.HibernateJpaDialect$HibernateConnectionHandle@7f91226d]
2025-06-17T16:57:07.806Z DEBUG 2698 --- [           main] o.s.jdbc.datasource.init.ScriptUtils     : Executing SQL script from class path resource [sql/create-perfumes-before.sql]
2025-06-17T16:57:07.809Z DEBUG 2698 --- [           main] o.s.jdbc.datasource.init.ScriptUtils     : 1 returned as update count for SQL: INSERT INTO perfume (id, country, description, filename, fragrance_base_notes, fragrance_middle_notes, fragrance_top_notes, perfume_gender, perfume_title, perfumer, price, type, volume, year, perfume_rating) VALUES (1, 'Germany', null, 'https://perfumeswebstorage.s3.eu-central-1.amazonaws.com/4735a4c8-e1fc-43ce-8ff9-0bd28d00ce20.Hugo Boss Boss Bottled Night.jpg', 'Salmwood, Musky notes, Sandalwood', 'Cardamom, Jasmine, African violet', 'Birch leaf, Lavender', 'male', 'Boss Bottled Night', 'Hugo Boss', 35, 'Eau de Toilette', '100', 20100, 0)
2025-06-17T16:57:07.810Z DEBUG 2698 --- [           main] o.s.jdbc.datasource.init.ScriptUtils     : 1 returned as update count for SQL: INSERT INTO perfume (id, country, description, filename, fragrance_base_notes, fragrance_middle_notes, fragrance_top_notes, perfume_gender, perfume_title, perfumer, price, type, volume, year, perfume_rating) VALUES (2, 'Germany', null, 'https://perfumeswebstorage.s3.eu-central-1.amazonaws.com/17d6f8a1-aa84-4823-bd18-ccb0fdbe7fe9.Hugo Boss Hugo Man.jpg', 'Moss, Sandalwood, Fir balsam', 'Carnation, Geranium leaf, Jasmine', 'Basil, Grapefruit, Green apple, Mint', 'male', 'Hugo Man', 'Hugo Boss', 21, 'Eau de Toilette', '75', 19950, 0)
2025-06-17T16:57:07.810Z DEBUG 2698 --- [           main] o.s.jdbc.datasource.init.ScriptUtils     : 1 returned as update count for SQL: INSERT INTO perfume (id, country, description, filename, fragrance_base_notes, fragrance_middle_notes, fragrance_top_notes, perfume_gender, perfume_title, perfumer, price, type, volume, year, perfume_rating) VALUES (3, 'Germany', null, 'https://perfumeswebstorage.s3.eu-central-1.amazonaws.com/ba9272ca-20af-4e41-89b7-24018be4acb1.Hugo Boss The Scent.jpg', 'Leather', 'Maninka fruit, Lavender', 'Ginger', 'male', 'The Scent', 'Hugo Boss', 45, 'Eau de Toilette', '100', 20150, 0)
2025-06-17T16:57:07.811Z DEBUG 2698 --- [           main] o.s.jdbc.datasource.init.ScriptUtils     : 1 returned as update count for SQL: INSERT INTO perfume (id, country, description, filename, fragrance_base_notes, fragrance_middle_notes, fragrance_top_notes, perfume_gender, perfume_title, perfumer, price, type, volume, year, perfume_rating) VALUES (4, 'Germany', null, 'https://perfumeswebstorage.s3.eu-central-1.amazonaws.com/540f8e7d-2259-4a20-becf-4ed5cfc2912e.Hugo Boss Boss Woman.jpg', 'Sandalwood, Cedar', 'Freesia, Violet root', 'Mandarin orange, Mango', 'female', 'Boss Woman', 'Hugo Boss', 26, 'Eau de parfum', '90', 20000, 0)
2025-06-17T16:57:07.811Z DEBUG 2698 --- [           main] o.s.jdbc.datasource.init.ScriptUtils     : 1 returned as update count for SQL: INSERT INTO perfume (id, country, description, filename, fragrance_base_notes, fragrance_middle_notes, fragrance_top_notes, perfume_gender, perfume_title, perfumer, price, type, volume, year, perfume_rating) VALUES (5, 'Germany', null, 'https://perfumeswebstorage.s3.eu-central-1.amazonaws.com/1fb6dd1b-a134-4e6f-8215-60d465d33d72.Hugo Boss Hugo Deep Red.jpg', 'Musk, Sandalwood, Vanilla', 'Freesia, Hibiscus, Ginger', 'Pear, Blood orange, Clementine', 'female', 'Deep Red', 'Hugo Boss', 27, 'Eau de parfum', '90', 20010, 0)
2025-06-17T16:57:07.811Z DEBUG 2698 --- [           main] o.s.jdbc.datasource.init.ScriptUtils     : 1 returned as update count for SQL: INSERT INTO perfume (id, country, description, filename, fragrance_base_notes, fragrance_middle_notes, fragrance_top_notes, perfume_gender, perfume_title, perfumer, price, type, volume, year, perfume_rating) VALUES (6, 'Germany', null, 'https://perfumeswebstorage.s3.eu-central-1.amazonaws.com/62e9bf9b-8fea-4eb2-9935-21e868e1b93d.Hugo Boss The Scent For Her.jpg', 'Roasted cocoa', 'Osmanthus', 'Peach, Freesia', 'female', 'The Scent For Her', 'Hugo Boss', 47, 'Eau de parfum', '100', 20160, 0)
2025-06-17T16:57:07.812Z DEBUG 2698 --- [           main] o.s.jdbc.datasource.init.ScriptUtils     : 1 returned as update count for SQL: INSERT INTO perfume (id, country, description, filename, fragrance_base_notes, fragrance_middle_notes, fragrance_top_notes, perfume_gender, perfume_title, perfumer, price, type, volume, year, perfume_rating) VALUES (26, 'Spain', null, 'https://perfumeswebstorage.s3.eu-central-1.amazonaws.com/6524de16-c086-49fe-a6e5-c9efc35f1a02.Carolina Herrera Bad Boy.jpg', 'Tonka bean, Cocoa absolute', 'Cedarwood, Sage', 'Black pepper, White pepper, Italian bergamot', 'male', 'Bad Boy', 'Carolina Herrera', 76, 'Eau de Toilette', '100', 20190, 0)
2025-06-17T16:57:07.812Z DEBUG 2698 --- [           main] o.s.jdbc.datasource.init.ScriptUtils     : 1 returned as update count for SQL: INSERT INTO perfume (id, country, description, filename, fragrance_base_notes, fragrance_middle_notes, fragrance_top_notes, perfume_gender, perfume_title, perfumer, price, type, volume, year, perfume_rating) VALUES (27, 'Spain', null, 'https://perfumeswebstorage.s3.eu-central-1.amazonaws.com/184c9da2-2445-4b01-87b8-b4f8b5f6ab8c.Carolina Herrera Good Girl.jpg', 'Roasted tonka bean, Cocoa, Sandalwood', 'Tuberose, Bulgarian rose, Jasmine sambac', 'Bergamot, Lemon', 'female', 'Good Girl', 'Carolina Herrera', 156, 'Eau de parfum', '150', 20160, 0)
2025-06-17T16:57:07.812Z DEBUG 2698 --- [           main] o.s.jdbc.datasource.init.ScriptUtils     : 1 returned as update count for SQL: INSERT INTO perfume (id, country, description, filename, fragrance_base_notes, fragrance_middle_notes, fragrance_top_notes, perfume_gender, perfume_title, perfumer, price, type, volume, year, perfume_rating) VALUES (28, 'France', null, 'https://perfumeswebstorage.s3.eu-central-1.amazonaws.com/e31f6d6c-e585-40a4-970c-f25322667924.Chanel Allure homme Sport.jpg', 'Amber, Musk, Tonka bean', 'Neroli, Pepper, Cedar', 'Aldehydes, Mandarin orange, Seawater', 'male', 'Allure homme Sport', 'Chanel', 85, 'Eau de Toilette', '100', 20040, 0)
2025-06-17T16:57:07.813Z DEBUG 2698 --- [           main] o.s.jdbc.datasource.init.ScriptUtils     : 1 returned as update count for SQL: INSERT INTO perfume (id, country, description, filename, fragrance_base_notes, fragrance_middle_notes, fragrance_top_notes, perfume_gender, perfume_title, perfumer, price, type, volume, year, perfume_rating) VALUES (29, 'France', null, 'https://perfumeswebstorage.s3.eu-central-1.amazonaws.com/ac6c7a11-97f8-44b1-9b10-f96997212dd4.Chanel Bleu de Chanel Eau de Parfum.jpg', 'Ginger, Sandalwood, Frankincense', 'Grapefruit, Labdanum, Cedar', 'Pink pepper, Vetiver, Citrus notes', 'male', 'Bleu de Chanel', 'Chanel', 88, 'Eau de parfum', '100', 20140, 0)
2025-06-17T16:57:07.813Z DEBUG 2698 --- [           main] o.s.jdbc.datasource.init.ScriptUtils     : 1 returned as update count for SQL: INSERT INTO perfume (id, country, description, filename, fragrance_base_notes, fragrance_middle_notes, fragrance_top_notes, perfume_gender, perfume_title, perfumer, price, type, volume, year, perfume_rating) VALUES (30, 'France', null, 'https://perfumeswebstorage.s3.eu-central-1.amazonaws.com/7049225c-03bb-45a7-ba6a-86274f8668b9.Chanel Egoiste Platinum.jpg', 'Amber, Oakmoss, Sandalwood', 'Galbanum, Geranium, Jasmine', 'Lavender, Neroli, Petitgrain', 'male', 'Egoiste Platinum', 'Chanel', 70, 'Eau de Toilette', '100', 19930, 0)
2025-06-17T16:57:07.813Z DEBUG 2698 --- [           main] o.s.jdbc.datasource.init.ScriptUtils     : 1 returned as update count for SQL: INSERT INTO perfume (id, country, description, filename, fragrance_base_notes, fragrance_middle_notes, fragrance_top_notes, perfume_gender, perfume_title, perfumer, price, type, volume, year, perfume_rating) VALUES (31, 'France', null, 'https://perfumeswebstorage.s3.eu-central-1.amazonaws.com/bcc4bb2a-907d-4531-9d7f-178c765c5ed3.Chanel Chance Eau Fraiche.jpg', 'Amber, Iris, Musk, Patchouli', 'Jasmine, Pink pepper, Water hyacinth', 'Cedar, Citrus fruits', 'female', 'Chance Eau Fraiche', 'Chanel', 90, 'Eau de Toilette', '100', 20070, 0)
2025-06-17T16:57:07.814Z DEBUG 2698 --- [           main] o.s.jdbc.datasource.init.ScriptUtils     : 1 returned as update count for SQL: INSERT INTO perfume (id, country, description, filename, fragrance_base_notes, fragrance_middle_notes, fragrance_top_notes, perfume_gender, perfume_title, perfumer, price, type, volume, year, perfume_rating) VALUES (32, 'France', null, 'https://perfumeswebstorage.s3.eu-central-1.amazonaws.com/2b5f80ca-e0f3-4e99-b5e4-11ccb9153b00.Chanel Gabrielle Essence.jpg', 'Sandalwood, Vanilla, White musk', 'Tuberose, Jasmine, Ylang-ylang', 'Citrus fruits, Red fruits', 'female', 'Gabrielle Essence', 'Chanel', 104, 'Eau de parfum', '100', 20190, 0)
2025-06-17T16:57:07.814Z DEBUG 2698 --- [           main] o.s.jdbc.datasource.init.ScriptUtils     : 1 returned as update count for SQL: INSERT INTO perfume (id, country, description, filename, fragrance_base_notes, fragrance_middle_notes, fragrance_top_notes, perfume_gender, perfume_title, perfumer, price, type, volume, year, perfume_rating) VALUES (33, 'France', null, 'https://perfumeswebstorage.s3.eu-central-1.amazonaws.com/4b51181b-5551-4321-b5e7-f7612584c9b2.Chanel N5.jpg', 'Amber, Sandalwood, Vanilla', 'Iris, Grasse jasmine', 'Aldehydes, Bergamot, Neroli', 'female', 'Chanel N5', 'Chanel', 192, 'Eau de parfum', '200', 19210, 0)
2025-06-17T16:57:07.815Z DEBUG 2698 --- [           main] o.s.jdbc.datasource.init.ScriptUtils     : 1 returned as update count for SQL: INSERT INTO perfume (id, country, description, filename, fragrance_base_notes, fragrance_middle_notes, fragrance_top_notes, perfume_gender, perfume_title, perfumer, price, type, volume, year, perfume_rating) VALUES (34, 'France', null, 'https://perfumeswebstorage.s3.eu-central-1.amazonaws.com/bdb203a9-0725-4ed4-a71a-db7eeb915fae.Creed Aventus.jpg', 'Ambergris, Oakmoss, Musk', 'Birch, Jasmine, Patchouli', 'Pineapple, Apple, Bergamot, Blackcurrant', 'male', 'Aventus', 'Creed', 152, 'Eau de parfum', '100', 20100, 0)
2025-06-17T16:57:07.815Z DEBUG 2698 --- [           main] o.s.jdbc.datasource.init.ScriptUtils     : 1 returned as update count for SQL: INSERT INTO perfume (id, country, description, filename, fragrance_base_notes, fragrance_middle_notes, fragrance_top_notes, perfume_gender, perfume_title, perfumer, price, type, volume, year, perfume_rating) VALUES (35, 'France', null, 'https://perfumeswebstorage.s3.eu-central-1.amazonaws.com/162cfbe2-2dc2-4271-8a63-23981a7e3cc4.Creed Bois du Portugal.jpg', 'Sandalwood, Vetiver, Ambergris', 'Cedarwood', 'Bergamot, Lavender', 'male', 'Bois du Portugal', 'Creed', 110, 'Eau de parfum', '100', 19870, 0)
2025-06-17T16:57:07.815Z DEBUG 2698 --- [           main] o.s.jdbc.datasource.init.ScriptUtils     : 1 returned as update count for SQL: INSERT INTO perfume (id, country, description, filename, fragrance_base_notes, fragrance_middle_notes, fragrance_top_notes, perfume_gender, perfume_title, perfumer, price, type, volume, year, perfume_rating) VALUES (36, 'France', null, 'https://perfumeswebstorage.s3.eu-central-1.amazonaws.com/1d428b77-0ffd-449f-bcaa-04a094b51de7.Creed Original Vetiver.jpg', 'Ambergris, Sandalwood, Musk, Vetiver', 'White pepper, Coriander, Pink pepper', 'Bergamot, Bitter orange, Mandarin orange', 'male', 'Original Vetiver', 'Creed', 97, 'Eau de parfum', '100', 20040, 0)
2025-06-17T16:57:07.816Z DEBUG 2698 --- [           main] o.s.jdbc.datasource.init.ScriptUtils     : 1 returned as update count for SQL: INSERT INTO perfume (id, country, description, filename, fragrance_base_notes, fragrance_middle_notes, fragrance_top_notes, perfume_gender, perfume_title, perfumer, price, type, volume, year, perfume_rating) VALUES (37, 'France', null, 'https://perfumeswebstorage.s3.eu-central-1.amazonaws.com/5fd3de8e-1022-47a2-ae58-a089a65bd90c.Creed Acqua Fiorentina.jpg', 'Grapefruit, Sandalwood, Cedar', 'Bergamot, Pear, Rose', 'Apple, Prune, Greengage plum', 'female', 'Acqua Fiorentina', 'Creed', 100, 'Eau de parfum', '75', 20090, 0)
2025-06-17T16:57:07.816Z DEBUG 2698 --- [           main] o.s.jdbc.datasource.init.ScriptUtils     : 1 returned as update count for SQL: INSERT INTO perfume (id, country, description, filename, fragrance_base_notes, fragrance_middle_notes, fragrance_top_notes, perfume_gender, perfume_title, perfumer, price, type, volume, year, perfume_rating) VALUES (38, 'France', null, 'https://perfumeswebstorage.s3.eu-central-1.amazonaws.com/7d32f694-9cc3-4770-844a-47400e6f5c6b.Creed Aventus for Her.jpg', 'Peach, Blackcurrant, Ylang-ylang', 'Rose, Styrax, Mysore sandalwood', 'Green apple, Violet leaf, Calabrian bergamot', 'female', 'Aventus for Her', 'Creed', 141, 'Eau de parfum', '75', 20160, 0)
2025-06-17T16:57:07.817Z DEBUG 2698 --- [           main] o.s.jdbc.datasource.init.ScriptUtils     : 1 returned as update count for SQL: INSERT INTO perfume (id, country, description, filename, fragrance_base_notes, fragrance_middle_notes, fragrance_top_notes, perfume_gender, perfume_title, perfumer, price, type, volume, year, perfume_rating) VALUES (39, 'France', null, 'https://perfumeswebstorage.s3.eu-central-1.amazonaws.com/cbb8efd1-f55a-4db3-8511-f0b5b446533d.Creed Love in Black.jpg', 'Rose, Burgundy blackcurrant, Violet', 'Florentine iris, Clove', 'White violet', 'female', 'Love in Black', 'Creed', 89, 'Eau de parfum', '75', 20080, 0)
2025-06-17T16:57:07.817Z DEBUG 2698 --- [           main] o.s.jdbc.datasource.init.ScriptUtils     : 1 returned as update count for SQL: INSERT INTO perfume (id, country, description, filename, fragrance_base_notes, fragrance_middle_notes, fragrance_top_notes, perfume_gender, perfume_title, perfumer, price, type, volume, year, perfume_rating) VALUES (40, 'France', null, 'https://perfumeswebstorage.s3.eu-central-1.amazonaws.com/0f0acb70-dc64-474f-878a-1b214d250d94.CreedLoveinWhite.jpg', 'Ambergris, Mysore sandalwood, Vanilla', 'Florentine iris, Yellow narcissus, Magnolia', 'Orange zest', 'female', 'Love in White', 'Creed', 94, 'Eau de parfum', '75', 20050, 0)
2025-06-17T16:57:07.818Z DEBUG 2698 --- [           main] o.s.jdbc.datasource.init.ScriptUtils     : 1 returned as update count for SQL: INSERT INTO perfume (id, country, description, filename, fragrance_base_notes, fragrance_middle_notes, fragrance_top_notes, perfume_gender, perfume_title, perfumer, price, type, volume, year, perfume_rating) VALUES (41, 'France', null, 'https://perfumeswebstorage.s3.eu-central-1.amazonaws.com/0158183f-2412-4c61-a962-7c96e43c19c3.Dior Fahrenheit.jpg', 'Amber, Leather, Musk', 'Carnation, Honeysuckle, Jasmine', 'Bergamot, Camomile, Lavender, Mandarin orange', 'male', 'Fahrenheit', 'Dior', 62, 'Eau de Toilette', '100', 19880, 0)
2025-06-17T16:57:07.818Z DEBUG 2698 --- [           main] o.s.jdbc.datasource.init.ScriptUtils     : 1 returned as update count for SQL: INSERT INTO perfume (id, country, description, filename, fragrance_base_notes, fragrance_middle_notes, fragrance_top_notes, perfume_gender, perfume_title, perfumer, price, type, volume, year, perfume_rating) VALUES (42, 'France', null, 'https://perfumeswebstorage.s3.eu-central-1.amazonaws.com/27f0b3d3-2634-4e74-971a-f780c4480482.Dior Homme.jpg', 'Virginia cedar', 'Ecuadorian ambrette seed', 'Florentine iris absolute', 'male', 'Homme', 'Dior', 90, 'Eau de parfum', '100', 20070, 0)
2025-06-17T16:57:07.818Z DEBUG 2698 --- [           main] o.s.jdbc.datasource.init.ScriptUtils     : 1 returned as update count for SQL: INSERT INTO perfume (id, country, description, filename, fragrance_base_notes, fragrance_middle_notes, fragrance_top_notes, perfume_gender, perfume_title, perfumer, price, type, volume, year, perfume_rating) VALUES (43, 'France', null, 'https://perfumeswebstorage.s3.eu-central-1.amazonaws.com/03e65b3b-7b1f-400c-9bb8-a8956bdaa4be.Dior Sauvage.jpg', 'Ambroxan', 'Bergamot', 'Sichuan Pepper', 'male', 'Sauvage', 'Dior', 62, 'Eau de Toilette', '100', 20150, 0)
2025-06-17T16:57:07.819Z DEBUG 2698 --- [           main] o.s.jdbc.datasource.init.ScriptUtils     : 1 returned as update count for SQL: INSERT INTO perfume (id, country, description, filename, fragrance_base_notes, fragrance_middle_notes, fragrance_top_notes, perfume_gender, perfume_title, perfumer, price, type, volume, year, perfume_rating) VALUES (44, 'France', null, 'https://perfumeswebstorage.s3.eu-central-1.amazonaws.com/94c85cfd-f090-4d49-b2e9-dcff34eec8c1.Dior Jadore.jpg', 'Vanilla, Cedar, Musk', 'Lily of the valley, Rose, Violet', 'Bergamot, Pear, Melon, Peach', 'female', 'Jadore', 'Dior', 81, 'Eau de parfum', '100', 19990, 0)
2025-06-17T16:57:07.819Z DEBUG 2698 --- [           main] o.s.jdbc.datasource.init.ScriptUtils     : 1 returned as update count for SQL: INSERT INTO perfume (id, country, description, filename, fragrance_base_notes, fragrance_middle_notes, fragrance_top_notes, perfume_gender, perfume_title, perfumer, price, type, volume, year, perfume_rating) VALUES (45, 'France', null, 'https://perfumeswebstorage.s3.eu-central-1.amazonaws.com/85f8de21-24d5-473b-8d63-6ba6c2d4d25e.Dior Miss Dior.jpg', 'Ambergris, Musk, Patchouli', 'Jasmine, Caramel, Popcorn', 'Pineapple, Cherry, Mandarin orange', 'female', 'Miss Dior', 'Dior', 90, 'Eau de parfum', '100', 20110, 0)
2025-06-17T16:57:07.820Z DEBUG 2698 --- [           main] o.s.jdbc.datasource.init.ScriptUtils     : 1 returned as update count for SQL: INSERT INTO perfume (id, country, description, filename, fragrance_base_notes, fragrance_middle_notes, fragrance_top_notes, perfume_gender, perfume_title, perfumer, price, type, volume, year, perfume_rating) VALUES (46, 'France', null, 'https://perfumeswebstorage.s3.eu-central-1.amazonaws.com/63534821-1eb9-4b44-afd3-61c3b8ca4a25.Dior Poison Girl.jpg', 'Venezuelan tonka bean', 'Grasse rose', 'Bitter orange', 'female', 'Poison Girl', 'Dior', 75, 'Eau de parfum', '100', 20160, 0)
2025-06-17T16:57:07.820Z DEBUG 2698 --- [           main] o.s.jdbc.datasource.init.ScriptUtils     : 1 returned as update count for SQL: INSERT INTO review (id, author, date, message, rating) VALUES (123, 'John', '2021-02-07', 'Hello world', 5)
2025-06-17T16:57:07.820Z DEBUG 2698 --- [           main] o.s.jdbc.datasource.init.ScriptUtils     : 1 returned as update count for SQL: INSERT INTO review (id, author, date, message, rating) VALUES (124, 'John2', '2021-02-07', 'Hello world2', 4)
2025-06-17T16:57:07.821Z DEBUG 2698 --- [           main] o.s.jdbc.datasource.init.ScriptUtils     : 1 returned as update count for SQL: INSERT INTO perfume_reviews (perfume_id, reviews_id) VALUES (2, 123)
2025-06-17T16:57:07.821Z DEBUG 2698 --- [           main] o.s.jdbc.datasource.init.ScriptUtils     : 1 returned as update count for SQL: INSERT INTO perfume_reviews (perfume_id, reviews_id) VALUES (2, 124)
2025-06-17T16:57:07.821Z DEBUG 2698 --- [           main] o.s.jdbc.datasource.init.ScriptUtils     : Executed SQL script from class path resource [sql/create-perfumes-before.sql] in 15 ms.
2025-06-17T16:57:07.821Z DEBUG 2698 --- [           main] o.s.orm.jpa.JpaTransactionManager        : Initiating transaction commit
2025-06-17T16:57:07.821Z DEBUG 2698 --- [           main] o.s.orm.jpa.JpaTransactionManager        : Committing JPA transaction on EntityManager [SessionImpl(1660638214<open>)]
2025-06-17T16:57:07.822Z DEBUG 2698 --- [           main] o.s.orm.jpa.JpaTransactionManager        : Closing JPA EntityManager [SessionImpl(1660638214<open>)] after transaction
2025-06-17T16:57:07.822Z DEBUG 2698 --- [           main] org.springframework.test.context.cache   : Spring test ApplicationContext cache statistics: [DefaultContextCache@46ea1dc size = 1, maxSize = 32, parentContextCount = 0, hitCount = 305, missCount = 1, failureCount = 0]
2025-06-17T16:57:07.822Z DEBUG 2698 --- [           main] org.springframework.test.context.cache   : Spring test ApplicationContext cache statistics: [DefaultContextCache@46ea1dc size = 1, maxSize = 32, parentContextCount = 0, hitCount = 306, missCount = 1, failureCount = 0]
2025-06-17T16:57:07.824Z DEBUG 2698 --- [           main] org.springframework.test.context.cache   : Spring test ApplicationContext cache statistics: [DefaultContextCache@46ea1dc size = 1, maxSize = 32, parentContextCount = 0, hitCount = 307, missCount = 1, failureCount = 0]
2025-06-17T16:57:07.828Z DEBUG 2698 --- [           main] org.springframework.test.context.cache   : Spring test ApplicationContext cache statistics: [DefaultContextCache@46ea1dc size = 1, maxSize = 32, parentContextCount = 0, hitCount = 308, missCount = 1, failureCount = 0]
2025-06-17T16:57:07.836Z DEBUG 2698 --- [           main] o.s.test.util.ReflectionTestUtils        : Invoking method 'getFilters' on target object [FilterChainProxy[Filter Chains: null]] or target class [null] with arguments {org.springframework.mock.web.MockHttpServletRequest@48d50c39}
2025-06-17T16:57:07.837Z DEBUG 2698 --- [           main] o.s.test.util.ReflectionTestUtils        : Getting field 'tokenRepository' from target object [org.springframework.security.web.csrf.CsrfFilter@6bbb8dce] or target class [class org.springframework.security.web.csrf.CsrfFilter]
2025-06-17T16:57:07.837Z DEBUG 2698 --- [           main] o.s.test.util.ReflectionTestUtils        : Invoking method 'getFilters' on target object [FilterChainProxy[Filter Chains: null]] or target class [null] with arguments {org.springframework.mock.web.MockHttpServletRequest@48d50c39}
2025-06-17T16:57:07.837Z DEBUG 2698 --- [           main] o.s.test.util.ReflectionTestUtils        : Getting field 'requestHandler' from target object [org.springframework.security.web.csrf.CsrfFilter@6bbb8dce] or target class [class org.springframework.security.web.csrf.CsrfFilter]
2025-06-17T16:57:07.838Z DEBUG 2698 --- [           main] o.s.security.web.FilterChainProxy        : Securing POST /api/v1/perfumes/search
2025-06-17T16:57:07.839Z DEBUG 2698 --- [           main] o.s.s.w.a.AnonymousAuthenticationFilter  : Set SecurityContextHolder to anonymous SecurityContext
2025-06-17T16:57:07.839Z DEBUG 2698 --- [           main] o.s.security.web.FilterChainProxy        : Secured POST /api/v1/perfumes/search
2025-06-17T16:57:07.839Z DEBUG 2698 --- [           main] o.s.t.web.servlet.TestDispatcherServlet  : POST "/api/v1/perfumes/search", parameters={masked}
2025-06-17T16:57:07.840Z DEBUG 2698 --- [           main] s.w.s.m.m.a.RequestMappingHandlerMapping : Mapped to com.gmail.merikbest2015.ecommerce.controller.PerfumeController#findPerfumesByFilterParams(PerfumeSearchRequest, Pageable)
2025-06-17T16:57:07.840Z DEBUG 2698 --- [           main] o.j.s.OpenEntityManagerInViewInterceptor : Opening JPA EntityManager in OpenEntityManagerInViewInterceptor
2025-06-17T16:57:07.844Z DEBUG 2698 --- [           main] m.m.a.RequestResponseBodyMethodProcessor : Read "application/json;charset=UTF-8" to [PerfumeSearchRequest(perfumers=[Chanel], genders=[female], prices=[150, 250], sortByPrice=true, perf (truncated)...]
2025-06-17T16:57:07.847Z  INFO 2698 --- [           main] c.g.m.e.controller.PerfumeController     : Searching perfumes by filter params: PerfumeSearchRequest(perfumers=[Chanel], genders=[female], prices=[150, 250], sortByPrice=true, perfumer=null, perfumeGender=null) with pageable: Page request [number: 0, size 15, sort: UNSORTED]
2025-06-17T16:57:07.847Z  INFO 2698 --- [           main] c.g.m.e.service.Impl.PerfumeServiceImpl  : Finding perfumes by filter params: perfumers=[Chanel], genders=[female], price range=(150, 250), sortByPrice=true
CLASS: [PerfumeController], METHOD: [findPerfumesByFilterParams()], REQUEST: PerfumeSearchRequest(perfumers=[Chanel], genders=[female], prices=[150, 250], sortByPrice=true, perfumer=null, perfumeGender=null)
Page request [number: 0, size 15, sort: UNSORTED]
CLASS: [PerfumeController], METHOD: [findPerfumesByFilterParams()], RESPONSE: <200 OK OK,[com.gmail.merikbest2015.ecommerce.dto.perfume.PerfumeResponse@2c74d28b],[page-total-count:"1", page-total-elements:"1"]>
2025-06-17T16:57:07.900Z DEBUG 2698 --- [           main] o.s.w.s.m.m.a.HttpEntityMethodProcessor  : Using 'application/json', given [*/*] and supported [application/json, application/*+json, application/yaml]
2025-06-17T16:57:07.901Z DEBUG 2698 --- [           main] o.s.w.s.m.m.a.HttpEntityMethodProcessor  : Writing [[com.gmail.merikbest2015.ecommerce.dto.perfume.PerfumeResponse@2c74d28b]]
2025-06-17T16:57:07.906Z DEBUG 2698 --- [           main] o.j.s.OpenEntityManagerInViewInterceptor : Closing JPA EntityManager in OpenEntityManagerInViewInterceptor
2025-06-17T16:57:07.906Z DEBUG 2698 --- [           main] o.s.t.web.servlet.TestDispatcherServlet  : Completed 200 OK
2025-06-17T16:57:07.908Z DEBUG 2698 --- [           main] org.springframework.test.context.cache   : Spring test ApplicationContext cache statistics: [DefaultContextCache@46ea1dc size = 1, maxSize = 32, parentContextCount = 0, hitCount = 309, missCount = 1, failureCount = 0]
2025-06-17T16:57:07.909Z DEBUG 2698 --- [           main] org.springframework.test.context.cache   : Spring test ApplicationContext cache statistics: [DefaultContextCache@46ea1dc size = 1, maxSize = 32, parentContextCount = 0, hitCount = 310, missCount = 1, failureCount = 0]
2025-06-17T16:57:07.910Z DEBUG 2698 --- [           main] org.springframework.test.context.cache   : Spring test ApplicationContext cache statistics: [DefaultContextCache@46ea1dc size = 1, maxSize = 32, parentContextCount = 0, hitCount = 311, missCount = 1, failureCount = 0]
2025-06-17T16:57:07.910Z DEBUG 2698 --- [           main] org.springframework.test.context.cache   : Spring test ApplicationContext cache statistics: [DefaultContextCache@46ea1dc size = 1, maxSize = 32, parentContextCount = 0, hitCount = 312, missCount = 1, failureCount = 0]
2025-06-17T16:57:07.910Z DEBUG 2698 --- [           main] org.springframework.test.context.cache   : Spring test ApplicationContext cache statistics: [DefaultContextCache@46ea1dc size = 1, maxSize = 32, parentContextCount = 0, hitCount = 313, missCount = 1, failureCount = 0]
2025-06-17T16:57:07.911Z DEBUG 2698 --- [           main] org.springframework.test.context.cache   : Spring test ApplicationContext cache statistics: [DefaultContextCache@46ea1dc size = 1, maxSize = 32, parentContextCount = 0, hitCount = 314, missCount = 1, failureCount = 0]
2025-06-17T16:57:07.911Z DEBUG 2698 --- [           main] org.springframework.test.context.cache   : Spring test ApplicationContext cache statistics: [DefaultContextCache@46ea1dc size = 1, maxSize = 32, parentContextCount = 0, hitCount = 315, missCount = 1, failureCount = 0]
2025-06-17T16:57:07.912Z DEBUG 2698 --- [           main] org.springframework.test.context.cache   : Spring test ApplicationContext cache statistics: [DefaultContextCache@46ea1dc size = 1, maxSize = 32, parentContextCount = 0, hitCount = 316, missCount = 1, failureCount = 0]
2025-06-17T16:57:07.912Z DEBUG 2698 --- [           main] .s.t.c.j.SqlScriptsTestExecutionListener : Processing merged @SqlConfig attributes for execution phase [AFTER_TEST_METHOD] and test class [com.gmail.merikbest2015.ecommerce.controller.PerfumeControllerTest]
2025-06-17T16:57:07.912Z DEBUG 2698 --- [           main] org.springframework.test.context.cache   : Spring test ApplicationContext cache statistics: [DefaultContextCache@46ea1dc size = 1, maxSize = 32, parentContextCount = 0, hitCount = 317, missCount = 1, failureCount = 0]
2025-06-17T16:57:07.912Z DEBUG 2698 --- [           main] .s.t.c.j.SqlScriptsTestExecutionListener : Executing SQL scripts: [class path resource [sql/create-perfumes-after.sql]]
2025-06-17T16:57:07.912Z DEBUG 2698 --- [           main] org.springframework.test.context.cache   : Spring test ApplicationContext cache statistics: [DefaultContextCache@46ea1dc size = 1, maxSize = 32, parentContextCount = 0, hitCount = 318, missCount = 1, failureCount = 0]
2025-06-17T16:57:07.912Z DEBUG 2698 --- [           main] org.springframework.test.context.cache   : Spring test ApplicationContext cache statistics: [DefaultContextCache@46ea1dc size = 1, maxSize = 32, parentContextCount = 0, hitCount = 319, missCount = 1, failureCount = 0]
2025-06-17T16:57:07.912Z DEBUG 2698 --- [           main] o.s.orm.jpa.JpaTransactionManager        : Creating new transaction with name [com.gmail.merikbest2015.ecommerce.controller.PerfumeControllerTest]: PROPAGATION_REQUIRED,ISOLATION_DEFAULT
2025-06-17T16:57:07.912Z DEBUG 2698 --- [           main] o.s.orm.jpa.JpaTransactionManager        : Opened new EntityManager [SessionImpl(1727805329<open>)] for JPA transaction
2025-06-17T16:57:07.913Z DEBUG 2698 --- [           main] o.s.orm.jpa.JpaTransactionManager        : Exposing JPA transaction as JDBC [org.springframework.orm.jpa.vendor.HibernateJpaDialect$HibernateConnectionHandle@282b043c]
2025-06-17T16:57:07.913Z DEBUG 2698 --- [           main] o.s.jdbc.datasource.init.ScriptUtils     : Executing SQL script from class path resource [sql/create-perfumes-after.sql]
2025-06-17T16:57:07.914Z DEBUG 2698 --- [           main] o.s.jdbc.datasource.init.ScriptUtils     : 2 returned as update count for SQL: delete from perfume_reviews
2025-06-17T16:57:07.914Z DEBUG 2698 --- [           main] o.s.jdbc.datasource.init.ScriptUtils     : 2 returned as update count for SQL: delete from review
2025-06-17T16:57:07.915Z DEBUG 2698 --- [           main] o.s.jdbc.datasource.init.ScriptUtils     : 27 returned as update count for SQL: delete from perfume
2025-06-17T16:57:07.915Z DEBUG 2698 --- [           main] o.s.jdbc.datasource.init.ScriptUtils     : Executed SQL script from class path resource [sql/create-perfumes-after.sql] in 2 ms.
2025-06-17T16:57:07.915Z DEBUG 2698 --- [           main] o.s.orm.jpa.JpaTransactionManager        : Initiating transaction commit
2025-06-17T16:57:07.915Z DEBUG 2698 --- [           main] o.s.orm.jpa.JpaTransactionManager        : Committing JPA transaction on EntityManager [SessionImpl(1727805329<open>)]
2025-06-17T16:57:07.916Z DEBUG 2698 --- [           main] o.s.orm.jpa.JpaTransactionManager        : Closing JPA EntityManager [SessionImpl(1727805329<open>)] after transaction
2025-06-17T16:57:07.916Z DEBUG 2698 --- [           main] .c.s.DirtiesContextTestExecutionListener : After test method: class [PerfumeControllerTest], method [findPerfumesByFilterParamsPerfumers], class annotated with @DirtiesContext [false] with mode [null], method annotated with @DirtiesContext [false] with mode [null]
2025-06-17T16:57:07.916Z DEBUG 2698 --- [           main] ObservationRegistryTestExecutionListener : Restoring ObservationRegistry in ObservationThreadLocalAccessor for test class com.gmail.merikbest2015.ecommerce.controller.PerfumeControllerTest
2025-06-17T16:57:07.916Z DEBUG 2698 --- [           main] o.s.t.c.w.ServletTestExecutionListener   : Resetting RequestContextHolder for test class com.gmail.merikbest2015.ecommerce.controller.PerfumeControllerTest
]]></system-out>
  </testcase>
  <testcase name="getPerfumeById_ShouldNotFound" classname="com.gmail.merikbest2015.ecommerce.controller.PerfumeControllerTest" time="0.055">
    <system-out><![CDATA[2025-06-17T16:57:07.917Z DEBUG 2698 --- [           main] org.springframework.test.context.cache   : Spring test ApplicationContext cache statistics: [DefaultContextCache@46ea1dc size = 1, maxSize = 32, parentContextCount = 0, hitCount = 320, missCount = 1, failureCount = 0]
2025-06-17T16:57:07.917Z DEBUG 2698 --- [           main] o.s.t.c.w.ServletTestExecutionListener   : Setting up MockHttpServletRequest, MockHttpServletResponse, ServletWebRequest, and RequestContextHolder for test class com.gmail.merikbest2015.ecommerce.controller.PerfumeControllerTest
2025-06-17T16:57:07.917Z DEBUG 2698 --- [           main] DependencyInjectionTestExecutionListener : Performing dependency injection for test class com.gmail.merikbest2015.ecommerce.controller.PerfumeControllerTest
2025-06-17T16:57:07.917Z DEBUG 2698 --- [           main] org.springframework.test.context.cache   : Spring test ApplicationContext cache statistics: [DefaultContextCache@46ea1dc size = 1, maxSize = 32, parentContextCount = 0, hitCount = 321, missCount = 1, failureCount = 0]
2025-06-17T16:57:07.917Z DEBUG 2698 --- [           main] org.springframework.test.context.cache   : Spring test ApplicationContext cache statistics: [DefaultContextCache@46ea1dc size = 1, maxSize = 32, parentContextCount = 0, hitCount = 322, missCount = 1, failureCount = 0]
2025-06-17T16:57:07.918Z DEBUG 2698 --- [           main] sContextBeforeModesTestExecutionListener : Before test method: class [PerfumeControllerTest], method [getPerfumeById_ShouldNotFound], class annotated with @DirtiesContext [false] with mode [null], method annotated with @DirtiesContext [false] with mode [null]
2025-06-17T16:57:07.918Z DEBUG 2698 --- [           main] org.springframework.test.context.cache   : Spring test ApplicationContext cache statistics: [DefaultContextCache@46ea1dc size = 1, maxSize = 32, parentContextCount = 0, hitCount = 323, missCount = 1, failureCount = 0]
2025-06-17T16:57:07.918Z DEBUG 2698 --- [           main] ObservationRegistryTestExecutionListener : Registering ObservationRegistry from ApplicationContext in ObservationThreadLocalAccessor for test class com.gmail.merikbest2015.ecommerce.controller.PerfumeControllerTest
2025-06-17T16:57:07.918Z DEBUG 2698 --- [           main] .s.t.c.j.SqlScriptsTestExecutionListener : Processing merged @SqlConfig attributes for execution phase [BEFORE_TEST_METHOD] and test class [com.gmail.merikbest2015.ecommerce.controller.PerfumeControllerTest]
2025-06-17T16:57:07.918Z DEBUG 2698 --- [           main] org.springframework.test.context.cache   : Spring test ApplicationContext cache statistics: [DefaultContextCache@46ea1dc size = 1, maxSize = 32, parentContextCount = 0, hitCount = 324, missCount = 1, failureCount = 0]
2025-06-17T16:57:07.918Z DEBUG 2698 --- [           main] .s.t.c.j.SqlScriptsTestExecutionListener : Executing SQL scripts: [class path resource [sql/create-perfumes-before.sql]]
2025-06-17T16:57:07.918Z DEBUG 2698 --- [           main] org.springframework.test.context.cache   : Spring test ApplicationContext cache statistics: [DefaultContextCache@46ea1dc size = 1, maxSize = 32, parentContextCount = 0, hitCount = 325, missCount = 1, failureCount = 0]
2025-06-17T16:57:07.918Z DEBUG 2698 --- [           main] org.springframework.test.context.cache   : Spring test ApplicationContext cache statistics: [DefaultContextCache@46ea1dc size = 1, maxSize = 32, parentContextCount = 0, hitCount = 326, missCount = 1, failureCount = 0]
2025-06-17T16:57:07.919Z DEBUG 2698 --- [           main] o.s.orm.jpa.JpaTransactionManager        : Creating new transaction with name [com.gmail.merikbest2015.ecommerce.controller.PerfumeControllerTest]: PROPAGATION_REQUIRED,ISOLATION_DEFAULT
2025-06-17T16:57:07.919Z DEBUG 2698 --- [           main] o.s.orm.jpa.JpaTransactionManager        : Opened new EntityManager [SessionImpl(1902103950<open>)] for JPA transaction
2025-06-17T16:57:07.919Z DEBUG 2698 --- [           main] o.s.orm.jpa.JpaTransactionManager        : Exposing JPA transaction as JDBC [org.springframework.orm.jpa.vendor.HibernateJpaDialect$HibernateConnectionHandle@76182c8b]
2025-06-17T16:57:07.919Z DEBUG 2698 --- [           main] o.s.jdbc.datasource.init.ScriptUtils     : Executing SQL script from class path resource [sql/create-perfumes-before.sql]
2025-06-17T16:57:07.924Z DEBUG 2698 --- [           main] o.s.jdbc.datasource.init.ScriptUtils     : 1 returned as update count for SQL: INSERT INTO perfume (id, country, description, filename, fragrance_base_notes, fragrance_middle_notes, fragrance_top_notes, perfume_gender, perfume_title, perfumer, price, type, volume, year, perfume_rating) VALUES (1, 'Germany', null, 'https://perfumeswebstorage.s3.eu-central-1.amazonaws.com/4735a4c8-e1fc-43ce-8ff9-0bd28d00ce20.Hugo Boss Boss Bottled Night.jpg', 'Salmwood, Musky notes, Sandalwood', 'Cardamom, Jasmine, African violet', 'Birch leaf, Lavender', 'male', 'Boss Bottled Night', 'Hugo Boss', 35, 'Eau de Toilette', '100', 20100, 0)
2025-06-17T16:57:07.924Z DEBUG 2698 --- [           main] o.s.jdbc.datasource.init.ScriptUtils     : 1 returned as update count for SQL: INSERT INTO perfume (id, country, description, filename, fragrance_base_notes, fragrance_middle_notes, fragrance_top_notes, perfume_gender, perfume_title, perfumer, price, type, volume, year, perfume_rating) VALUES (2, 'Germany', null, 'https://perfumeswebstorage.s3.eu-central-1.amazonaws.com/17d6f8a1-aa84-4823-bd18-ccb0fdbe7fe9.Hugo Boss Hugo Man.jpg', 'Moss, Sandalwood, Fir balsam', 'Carnation, Geranium leaf, Jasmine', 'Basil, Grapefruit, Green apple, Mint', 'male', 'Hugo Man', 'Hugo Boss', 21, 'Eau de Toilette', '75', 19950, 0)
2025-06-17T16:57:07.927Z DEBUG 2698 --- [           main] o.s.jdbc.datasource.init.ScriptUtils     : 1 returned as update count for SQL: INSERT INTO perfume (id, country, description, filename, fragrance_base_notes, fragrance_middle_notes, fragrance_top_notes, perfume_gender, perfume_title, perfumer, price, type, volume, year, perfume_rating) VALUES (3, 'Germany', null, 'https://perfumeswebstorage.s3.eu-central-1.amazonaws.com/ba9272ca-20af-4e41-89b7-24018be4acb1.Hugo Boss The Scent.jpg', 'Leather', 'Maninka fruit, Lavender', 'Ginger', 'male', 'The Scent', 'Hugo Boss', 45, 'Eau de Toilette', '100', 20150, 0)
2025-06-17T16:57:07.928Z DEBUG 2698 --- [           main] o.s.jdbc.datasource.init.ScriptUtils     : 1 returned as update count for SQL: INSERT INTO perfume (id, country, description, filename, fragrance_base_notes, fragrance_middle_notes, fragrance_top_notes, perfume_gender, perfume_title, perfumer, price, type, volume, year, perfume_rating) VALUES (4, 'Germany', null, 'https://perfumeswebstorage.s3.eu-central-1.amazonaws.com/540f8e7d-2259-4a20-becf-4ed5cfc2912e.Hugo Boss Boss Woman.jpg', 'Sandalwood, Cedar', 'Freesia, Violet root', 'Mandarin orange, Mango', 'female', 'Boss Woman', 'Hugo Boss', 26, 'Eau de parfum', '90', 20000, 0)
2025-06-17T16:57:07.928Z DEBUG 2698 --- [           main] o.s.jdbc.datasource.init.ScriptUtils     : 1 returned as update count for SQL: INSERT INTO perfume (id, country, description, filename, fragrance_base_notes, fragrance_middle_notes, fragrance_top_notes, perfume_gender, perfume_title, perfumer, price, type, volume, year, perfume_rating) VALUES (5, 'Germany', null, 'https://perfumeswebstorage.s3.eu-central-1.amazonaws.com/1fb6dd1b-a134-4e6f-8215-60d465d33d72.Hugo Boss Hugo Deep Red.jpg', 'Musk, Sandalwood, Vanilla', 'Freesia, Hibiscus, Ginger', 'Pear, Blood orange, Clementine', 'female', 'Deep Red', 'Hugo Boss', 27, 'Eau de parfum', '90', 20010, 0)
2025-06-17T16:57:07.928Z DEBUG 2698 --- [           main] o.s.jdbc.datasource.init.ScriptUtils     : 1 returned as update count for SQL: INSERT INTO perfume (id, country, description, filename, fragrance_base_notes, fragrance_middle_notes, fragrance_top_notes, perfume_gender, perfume_title, perfumer, price, type, volume, year, perfume_rating) VALUES (6, 'Germany', null, 'https://perfumeswebstorage.s3.eu-central-1.amazonaws.com/62e9bf9b-8fea-4eb2-9935-21e868e1b93d.Hugo Boss The Scent For Her.jpg', 'Roasted cocoa', 'Osmanthus', 'Peach, Freesia', 'female', 'The Scent For Her', 'Hugo Boss', 47, 'Eau de parfum', '100', 20160, 0)
2025-06-17T16:57:07.929Z DEBUG 2698 --- [           main] o.s.jdbc.datasource.init.ScriptUtils     : 1 returned as update count for SQL: INSERT INTO perfume (id, country, description, filename, fragrance_base_notes, fragrance_middle_notes, fragrance_top_notes, perfume_gender, perfume_title, perfumer, price, type, volume, year, perfume_rating) VALUES (26, 'Spain', null, 'https://perfumeswebstorage.s3.eu-central-1.amazonaws.com/6524de16-c086-49fe-a6e5-c9efc35f1a02.Carolina Herrera Bad Boy.jpg', 'Tonka bean, Cocoa absolute', 'Cedarwood, Sage', 'Black pepper, White pepper, Italian bergamot', 'male', 'Bad Boy', 'Carolina Herrera', 76, 'Eau de Toilette', '100', 20190, 0)
2025-06-17T16:57:07.929Z DEBUG 2698 --- [           main] o.s.jdbc.datasource.init.ScriptUtils     : 1 returned as update count for SQL: INSERT INTO perfume (id, country, description, filename, fragrance_base_notes, fragrance_middle_notes, fragrance_top_notes, perfume_gender, perfume_title, perfumer, price, type, volume, year, perfume_rating) VALUES (27, 'Spain', null, 'https://perfumeswebstorage.s3.eu-central-1.amazonaws.com/184c9da2-2445-4b01-87b8-b4f8b5f6ab8c.Carolina Herrera Good Girl.jpg', 'Roasted tonka bean, Cocoa, Sandalwood', 'Tuberose, Bulgarian rose, Jasmine sambac', 'Bergamot, Lemon', 'female', 'Good Girl', 'Carolina Herrera', 156, 'Eau de parfum', '150', 20160, 0)
2025-06-17T16:57:07.930Z DEBUG 2698 --- [           main] o.s.jdbc.datasource.init.ScriptUtils     : 1 returned as update count for SQL: INSERT INTO perfume (id, country, description, filename, fragrance_base_notes, fragrance_middle_notes, fragrance_top_notes, perfume_gender, perfume_title, perfumer, price, type, volume, year, perfume_rating) VALUES (28, 'France', null, 'https://perfumeswebstorage.s3.eu-central-1.amazonaws.com/e31f6d6c-e585-40a4-970c-f25322667924.Chanel Allure homme Sport.jpg', 'Amber, Musk, Tonka bean', 'Neroli, Pepper, Cedar', 'Aldehydes, Mandarin orange, Seawater', 'male', 'Allure homme Sport', 'Chanel', 85, 'Eau de Toilette', '100', 20040, 0)
2025-06-17T16:57:07.930Z DEBUG 2698 --- [           main] o.s.jdbc.datasource.init.ScriptUtils     : 1 returned as update count for SQL: INSERT INTO perfume (id, country, description, filename, fragrance_base_notes, fragrance_middle_notes, fragrance_top_notes, perfume_gender, perfume_title, perfumer, price, type, volume, year, perfume_rating) VALUES (29, 'France', null, 'https://perfumeswebstorage.s3.eu-central-1.amazonaws.com/ac6c7a11-97f8-44b1-9b10-f96997212dd4.Chanel Bleu de Chanel Eau de Parfum.jpg', 'Ginger, Sandalwood, Frankincense', 'Grapefruit, Labdanum, Cedar', 'Pink pepper, Vetiver, Citrus notes', 'male', 'Bleu de Chanel', 'Chanel', 88, 'Eau de parfum', '100', 20140, 0)
2025-06-17T16:57:07.931Z DEBUG 2698 --- [           main] o.s.jdbc.datasource.init.ScriptUtils     : 1 returned as update count for SQL: INSERT INTO perfume (id, country, description, filename, fragrance_base_notes, fragrance_middle_notes, fragrance_top_notes, perfume_gender, perfume_title, perfumer, price, type, volume, year, perfume_rating) VALUES (30, 'France', null, 'https://perfumeswebstorage.s3.eu-central-1.amazonaws.com/7049225c-03bb-45a7-ba6a-86274f8668b9.Chanel Egoiste Platinum.jpg', 'Amber, Oakmoss, Sandalwood', 'Galbanum, Geranium, Jasmine', 'Lavender, Neroli, Petitgrain', 'male', 'Egoiste Platinum', 'Chanel', 70, 'Eau de Toilette', '100', 19930, 0)
2025-06-17T16:57:07.931Z DEBUG 2698 --- [           main] o.s.jdbc.datasource.init.ScriptUtils     : 1 returned as update count for SQL: INSERT INTO perfume (id, country, description, filename, fragrance_base_notes, fragrance_middle_notes, fragrance_top_notes, perfume_gender, perfume_title, perfumer, price, type, volume, year, perfume_rating) VALUES (31, 'France', null, 'https://perfumeswebstorage.s3.eu-central-1.amazonaws.com/bcc4bb2a-907d-4531-9d7f-178c765c5ed3.Chanel Chance Eau Fraiche.jpg', 'Amber, Iris, Musk, Patchouli', 'Jasmine, Pink pepper, Water hyacinth', 'Cedar, Citrus fruits', 'female', 'Chance Eau Fraiche', 'Chanel', 90, 'Eau de Toilette', '100', 20070, 0)
2025-06-17T16:57:07.931Z DEBUG 2698 --- [           main] o.s.jdbc.datasource.init.ScriptUtils     : 1 returned as update count for SQL: INSERT INTO perfume (id, country, description, filename, fragrance_base_notes, fragrance_middle_notes, fragrance_top_notes, perfume_gender, perfume_title, perfumer, price, type, volume, year, perfume_rating) VALUES (32, 'France', null, 'https://perfumeswebstorage.s3.eu-central-1.amazonaws.com/2b5f80ca-e0f3-4e99-b5e4-11ccb9153b00.Chanel Gabrielle Essence.jpg', 'Sandalwood, Vanilla, White musk', 'Tuberose, Jasmine, Ylang-ylang', 'Citrus fruits, Red fruits', 'female', 'Gabrielle Essence', 'Chanel', 104, 'Eau de parfum', '100', 20190, 0)
2025-06-17T16:57:07.932Z DEBUG 2698 --- [           main] o.s.jdbc.datasource.init.ScriptUtils     : 1 returned as update count for SQL: INSERT INTO perfume (id, country, description, filename, fragrance_base_notes, fragrance_middle_notes, fragrance_top_notes, perfume_gender, perfume_title, perfumer, price, type, volume, year, perfume_rating) VALUES (33, 'France', null, 'https://perfumeswebstorage.s3.eu-central-1.amazonaws.com/4b51181b-5551-4321-b5e7-f7612584c9b2.Chanel N5.jpg', 'Amber, Sandalwood, Vanilla', 'Iris, Grasse jasmine', 'Aldehydes, Bergamot, Neroli', 'female', 'Chanel N5', 'Chanel', 192, 'Eau de parfum', '200', 19210, 0)
2025-06-17T16:57:07.932Z DEBUG 2698 --- [           main] o.s.jdbc.datasource.init.ScriptUtils     : 1 returned as update count for SQL: INSERT INTO perfume (id, country, description, filename, fragrance_base_notes, fragrance_middle_notes, fragrance_top_notes, perfume_gender, perfume_title, perfumer, price, type, volume, year, perfume_rating) VALUES (34, 'France', null, 'https://perfumeswebstorage.s3.eu-central-1.amazonaws.com/bdb203a9-0725-4ed4-a71a-db7eeb915fae.Creed Aventus.jpg', 'Ambergris, Oakmoss, Musk', 'Birch, Jasmine, Patchouli', 'Pineapple, Apple, Bergamot, Blackcurrant', 'male', 'Aventus', 'Creed', 152, 'Eau de parfum', '100', 20100, 0)
2025-06-17T16:57:07.933Z DEBUG 2698 --- [           main] o.s.jdbc.datasource.init.ScriptUtils     : 1 returned as update count for SQL: INSERT INTO perfume (id, country, description, filename, fragrance_base_notes, fragrance_middle_notes, fragrance_top_notes, perfume_gender, perfume_title, perfumer, price, type, volume, year, perfume_rating) VALUES (35, 'France', null, 'https://perfumeswebstorage.s3.eu-central-1.amazonaws.com/162cfbe2-2dc2-4271-8a63-23981a7e3cc4.Creed Bois du Portugal.jpg', 'Sandalwood, Vetiver, Ambergris', 'Cedarwood', 'Bergamot, Lavender', 'male', 'Bois du Portugal', 'Creed', 110, 'Eau de parfum', '100', 19870, 0)
2025-06-17T16:57:07.934Z DEBUG 2698 --- [           main] o.s.jdbc.datasource.init.ScriptUtils     : 1 returned as update count for SQL: INSERT INTO perfume (id, country, description, filename, fragrance_base_notes, fragrance_middle_notes, fragrance_top_notes, perfume_gender, perfume_title, perfumer, price, type, volume, year, perfume_rating) VALUES (36, 'France', null, 'https://perfumeswebstorage.s3.eu-central-1.amazonaws.com/1d428b77-0ffd-449f-bcaa-04a094b51de7.Creed Original Vetiver.jpg', 'Ambergris, Sandalwood, Musk, Vetiver', 'White pepper, Coriander, Pink pepper', 'Bergamot, Bitter orange, Mandarin orange', 'male', 'Original Vetiver', 'Creed', 97, 'Eau de parfum', '100', 20040, 0)
2025-06-17T16:57:07.934Z DEBUG 2698 --- [           main] o.s.jdbc.datasource.init.ScriptUtils     : 1 returned as update count for SQL: INSERT INTO perfume (id, country, description, filename, fragrance_base_notes, fragrance_middle_notes, fragrance_top_notes, perfume_gender, perfume_title, perfumer, price, type, volume, year, perfume_rating) VALUES (37, 'France', null, 'https://perfumeswebstorage.s3.eu-central-1.amazonaws.com/5fd3de8e-1022-47a2-ae58-a089a65bd90c.Creed Acqua Fiorentina.jpg', 'Grapefruit, Sandalwood, Cedar', 'Bergamot, Pear, Rose', 'Apple, Prune, Greengage plum', 'female', 'Acqua Fiorentina', 'Creed', 100, 'Eau de parfum', '75', 20090, 0)
2025-06-17T16:57:07.934Z DEBUG 2698 --- [           main] o.s.jdbc.datasource.init.ScriptUtils     : 1 returned as update count for SQL: INSERT INTO perfume (id, country, description, filename, fragrance_base_notes, fragrance_middle_notes, fragrance_top_notes, perfume_gender, perfume_title, perfumer, price, type, volume, year, perfume_rating) VALUES (38, 'France', null, 'https://perfumeswebstorage.s3.eu-central-1.amazonaws.com/7d32f694-9cc3-4770-844a-47400e6f5c6b.Creed Aventus for Her.jpg', 'Peach, Blackcurrant, Ylang-ylang', 'Rose, Styrax, Mysore sandalwood', 'Green apple, Violet leaf, Calabrian bergamot', 'female', 'Aventus for Her', 'Creed', 141, 'Eau de parfum', '75', 20160, 0)
2025-06-17T16:57:07.935Z DEBUG 2698 --- [           main] o.s.jdbc.datasource.init.ScriptUtils     : 1 returned as update count for SQL: INSERT INTO perfume (id, country, description, filename, fragrance_base_notes, fragrance_middle_notes, fragrance_top_notes, perfume_gender, perfume_title, perfumer, price, type, volume, year, perfume_rating) VALUES (39, 'France', null, 'https://perfumeswebstorage.s3.eu-central-1.amazonaws.com/cbb8efd1-f55a-4db3-8511-f0b5b446533d.Creed Love in Black.jpg', 'Rose, Burgundy blackcurrant, Violet', 'Florentine iris, Clove', 'White violet', 'female', 'Love in Black', 'Creed', 89, 'Eau de parfum', '75', 20080, 0)
2025-06-17T16:57:07.936Z DEBUG 2698 --- [           main] o.s.jdbc.datasource.init.ScriptUtils     : 1 returned as update count for SQL: INSERT INTO perfume (id, country, description, filename, fragrance_base_notes, fragrance_middle_notes, fragrance_top_notes, perfume_gender, perfume_title, perfumer, price, type, volume, year, perfume_rating) VALUES (40, 'France', null, 'https://perfumeswebstorage.s3.eu-central-1.amazonaws.com/0f0acb70-dc64-474f-878a-1b214d250d94.CreedLoveinWhite.jpg', 'Ambergris, Mysore sandalwood, Vanilla', 'Florentine iris, Yellow narcissus, Magnolia', 'Orange zest', 'female', 'Love in White', 'Creed', 94, 'Eau de parfum', '75', 20050, 0)
2025-06-17T16:57:07.936Z DEBUG 2698 --- [           main] o.s.jdbc.datasource.init.ScriptUtils     : 1 returned as update count for SQL: INSERT INTO perfume (id, country, description, filename, fragrance_base_notes, fragrance_middle_notes, fragrance_top_notes, perfume_gender, perfume_title, perfumer, price, type, volume, year, perfume_rating) VALUES (41, 'France', null, 'https://perfumeswebstorage.s3.eu-central-1.amazonaws.com/0158183f-2412-4c61-a962-7c96e43c19c3.Dior Fahrenheit.jpg', 'Amber, Leather, Musk', 'Carnation, Honeysuckle, Jasmine', 'Bergamot, Camomile, Lavender, Mandarin orange', 'male', 'Fahrenheit', 'Dior', 62, 'Eau de Toilette', '100', 19880, 0)
2025-06-17T16:57:07.936Z DEBUG 2698 --- [           main] o.s.jdbc.datasource.init.ScriptUtils     : 1 returned as update count for SQL: INSERT INTO perfume (id, country, description, filename, fragrance_base_notes, fragrance_middle_notes, fragrance_top_notes, perfume_gender, perfume_title, perfumer, price, type, volume, year, perfume_rating) VALUES (42, 'France', null, 'https://perfumeswebstorage.s3.eu-central-1.amazonaws.com/27f0b3d3-2634-4e74-971a-f780c4480482.Dior Homme.jpg', 'Virginia cedar', 'Ecuadorian ambrette seed', 'Florentine iris absolute', 'male', 'Homme', 'Dior', 90, 'Eau de parfum', '100', 20070, 0)
2025-06-17T16:57:07.937Z DEBUG 2698 --- [           main] o.s.jdbc.datasource.init.ScriptUtils     : 1 returned as update count for SQL: INSERT INTO perfume (id, country, description, filename, fragrance_base_notes, fragrance_middle_notes, fragrance_top_notes, perfume_gender, perfume_title, perfumer, price, type, volume, year, perfume_rating) VALUES (43, 'France', null, 'https://perfumeswebstorage.s3.eu-central-1.amazonaws.com/03e65b3b-7b1f-400c-9bb8-a8956bdaa4be.Dior Sauvage.jpg', 'Ambroxan', 'Bergamot', 'Sichuan Pepper', 'male', 'Sauvage', 'Dior', 62, 'Eau de Toilette', '100', 20150, 0)
2025-06-17T16:57:07.938Z DEBUG 2698 --- [           main] o.s.jdbc.datasource.init.ScriptUtils     : 1 returned as update count for SQL: INSERT INTO perfume (id, country, description, filename, fragrance_base_notes, fragrance_middle_notes, fragrance_top_notes, perfume_gender, perfume_title, perfumer, price, type, volume, year, perfume_rating) VALUES (44, 'France', null, 'https://perfumeswebstorage.s3.eu-central-1.amazonaws.com/94c85cfd-f090-4d49-b2e9-dcff34eec8c1.Dior Jadore.jpg', 'Vanilla, Cedar, Musk', 'Lily of the valley, Rose, Violet', 'Bergamot, Pear, Melon, Peach', 'female', 'Jadore', 'Dior', 81, 'Eau de parfum', '100', 19990, 0)
2025-06-17T16:57:07.938Z DEBUG 2698 --- [           main] o.s.jdbc.datasource.init.ScriptUtils     : 1 returned as update count for SQL: INSERT INTO perfume (id, country, description, filename, fragrance_base_notes, fragrance_middle_notes, fragrance_top_notes, perfume_gender, perfume_title, perfumer, price, type, volume, year, perfume_rating) VALUES (45, 'France', null, 'https://perfumeswebstorage.s3.eu-central-1.amazonaws.com/85f8de21-24d5-473b-8d63-6ba6c2d4d25e.Dior Miss Dior.jpg', 'Ambergris, Musk, Patchouli', 'Jasmine, Caramel, Popcorn', 'Pineapple, Cherry, Mandarin orange', 'female', 'Miss Dior', 'Dior', 90, 'Eau de parfum', '100', 20110, 0)
2025-06-17T16:57:07.939Z DEBUG 2698 --- [           main] o.s.jdbc.datasource.init.ScriptUtils     : 1 returned as update count for SQL: INSERT INTO perfume (id, country, description, filename, fragrance_base_notes, fragrance_middle_notes, fragrance_top_notes, perfume_gender, perfume_title, perfumer, price, type, volume, year, perfume_rating) VALUES (46, 'France', null, 'https://perfumeswebstorage.s3.eu-central-1.amazonaws.com/63534821-1eb9-4b44-afd3-61c3b8ca4a25.Dior Poison Girl.jpg', 'Venezuelan tonka bean', 'Grasse rose', 'Bitter orange', 'female', 'Poison Girl', 'Dior', 75, 'Eau de parfum', '100', 20160, 0)
2025-06-17T16:57:07.939Z DEBUG 2698 --- [           main] o.s.jdbc.datasource.init.ScriptUtils     : 1 returned as update count for SQL: INSERT INTO review (id, author, date, message, rating) VALUES (123, 'John', '2021-02-07', 'Hello world', 5)
2025-06-17T16:57:07.939Z DEBUG 2698 --- [           main] o.s.jdbc.datasource.init.ScriptUtils     : 1 returned as update count for SQL: INSERT INTO review (id, author, date, message, rating) VALUES (124, 'John2', '2021-02-07', 'Hello world2', 4)
2025-06-17T16:57:07.940Z DEBUG 2698 --- [           main] o.s.jdbc.datasource.init.ScriptUtils     : 1 returned as update count for SQL: INSERT INTO perfume_reviews (perfume_id, reviews_id) VALUES (2, 123)
2025-06-17T16:57:07.940Z DEBUG 2698 --- [           main] o.s.jdbc.datasource.init.ScriptUtils     : 1 returned as update count for SQL: INSERT INTO perfume_reviews (perfume_id, reviews_id) VALUES (2, 124)
2025-06-17T16:57:07.940Z DEBUG 2698 --- [           main] o.s.jdbc.datasource.init.ScriptUtils     : Executed SQL script from class path resource [sql/create-perfumes-before.sql] in 21 ms.
2025-06-17T16:57:07.940Z DEBUG 2698 --- [           main] o.s.orm.jpa.JpaTransactionManager        : Initiating transaction commit
2025-06-17T16:57:07.940Z DEBUG 2698 --- [           main] o.s.orm.jpa.JpaTransactionManager        : Committing JPA transaction on EntityManager [SessionImpl(1902103950<open>)]
2025-06-17T16:57:07.941Z DEBUG 2698 --- [           main] o.s.orm.jpa.JpaTransactionManager        : Closing JPA EntityManager [SessionImpl(1902103950<open>)] after transaction
2025-06-17T16:57:07.941Z DEBUG 2698 --- [           main] org.springframework.test.context.cache   : Spring test ApplicationContext cache statistics: [DefaultContextCache@46ea1dc size = 1, maxSize = 32, parentContextCount = 0, hitCount = 327, missCount = 1, failureCount = 0]
2025-06-17T16:57:07.942Z DEBUG 2698 --- [           main] org.springframework.test.context.cache   : Spring test ApplicationContext cache statistics: [DefaultContextCache@46ea1dc size = 1, maxSize = 32, parentContextCount = 0, hitCount = 328, missCount = 1, failureCount = 0]
2025-06-17T16:57:07.943Z DEBUG 2698 --- [           main] org.springframework.test.context.cache   : Spring test ApplicationContext cache statistics: [DefaultContextCache@46ea1dc size = 1, maxSize = 32, parentContextCount = 0, hitCount = 329, missCount = 1, failureCount = 0]
2025-06-17T16:57:07.944Z DEBUG 2698 --- [           main] org.springframework.test.context.cache   : Spring test ApplicationContext cache statistics: [DefaultContextCache@46ea1dc size = 1, maxSize = 32, parentContextCount = 0, hitCount = 330, missCount = 1, failureCount = 0]
2025-06-17T16:57:07.949Z DEBUG 2698 --- [           main] o.s.security.web.FilterChainProxy        : Securing GET /api/v1/perfumes/1111
2025-06-17T16:57:07.950Z DEBUG 2698 --- [           main] o.s.s.w.a.AnonymousAuthenticationFilter  : Set SecurityContextHolder to anonymous SecurityContext
2025-06-17T16:57:07.951Z DEBUG 2698 --- [           main] o.s.security.web.FilterChainProxy        : Secured GET /api/v1/perfumes/1111
2025-06-17T16:57:07.951Z DEBUG 2698 --- [           main] o.s.t.web.servlet.TestDispatcherServlet  : GET "/api/v1/perfumes/1111", parameters={}
2025-06-17T16:57:07.952Z DEBUG 2698 --- [           main] s.w.s.m.m.a.RequestMappingHandlerMapping : Mapped to com.gmail.merikbest2015.ecommerce.controller.PerfumeController#getPerfumeById(Long)
2025-06-17T16:57:07.952Z DEBUG 2698 --- [           main] o.j.s.OpenEntityManagerInViewInterceptor : Opening JPA EntityManager in OpenEntityManagerInViewInterceptor
2025-06-17T16:57:07.953Z  INFO 2698 --- [           main] c.g.m.e.controller.PerfumeController     : Fetching perfume by ID: 1111
2025-06-17T16:57:07.954Z  INFO 2698 --- [           main] c.g.m.e.service.Impl.PerfumeServiceImpl  : Fetching perfume with id 1111
2025-06-17T16:57:07.954Z DEBUG 2698 --- [           main] o.s.orm.jpa.JpaTransactionManager        : Found thread-bound EntityManager [SessionImpl(26718133<open>)] for JPA transaction
2025-06-17T16:57:07.954Z DEBUG 2698 --- [           main] o.s.orm.jpa.JpaTransactionManager        : Creating new transaction with name [org.springframework.data.jpa.repository.support.SimpleJpaRepository.findById]: PROPAGATION_REQUIRED,ISOLATION_DEFAULT,readOnly
2025-06-17T16:57:07.954Z DEBUG 2698 --- [           main] o.s.jdbc.datasource.DataSourceUtils      : Setting JDBC Connection [HikariProxyConnection@246100404 wrapping org.postgresql.jdbc.PgConnection@35390561] read-only
2025-06-17T16:57:07.954Z DEBUG 2698 --- [           main] o.s.orm.jpa.JpaTransactionManager        : Exposing JPA transaction as JDBC [org.springframework.orm.jpa.vendor.HibernateJpaDialect$HibernateConnectionHandle@39e0289e]
2025-06-17T16:57:07.957Z DEBUG 2698 --- [           main] o.s.orm.jpa.JpaTransactionManager        : Initiating transaction commit
2025-06-17T16:57:07.957Z DEBUG 2698 --- [           main] o.s.orm.jpa.JpaTransactionManager        : Committing JPA transaction on EntityManager [SessionImpl(26718133<open>)]
2025-06-17T16:57:07.958Z DEBUG 2698 --- [           main] o.s.jdbc.datasource.DataSourceUtils      : Resetting read-only flag of JDBC Connection [HikariProxyConnection@246100404 wrapping org.postgresql.jdbc.PgConnection@35390561]
2025-06-17T16:57:07.958Z DEBUG 2698 --- [           main] o.s.orm.jpa.JpaTransactionManager        : Not closing pre-bound JPA EntityManager after transaction
2025-06-17T16:57:07.958Z  WARN 2698 --- [           main] c.g.m.e.service.Impl.PerfumeServiceImpl  : Perfume not found with id (perfume by id) 1111
2025-06-17T16:57:07.958Z DEBUG 2698 --- [           main] .m.m.a.ExceptionHandlerExceptionResolver : Using @ExceptionHandler com.gmail.merikbest2015.ecommerce.exception.ApiExceptionHandler#handleApiRequestException(ApiRequestException)
2025-06-17T16:57:07.959Z DEBUG 2698 --- [           main] o.s.w.s.m.m.a.HttpEntityMethodProcessor  : Using 'text/plain', given [*/*] and supported [text/plain, */*, application/json, application/*+json, application/yaml]
2025-06-17T16:57:07.959Z DEBUG 2698 --- [           main] o.s.w.s.m.m.a.HttpEntityMethodProcessor  : Writing ["Perfume not found."]
2025-06-17T16:57:07.959Z DEBUG 2698 --- [           main] .m.m.a.ExceptionHandlerExceptionResolver : Resolved [com.gmail.merikbest2015.ecommerce.exception.ApiRequestException: Perfume not found.]
2025-06-17T16:57:07.959Z DEBUG 2698 --- [           main] o.j.s.OpenEntityManagerInViewInterceptor : Closing JPA EntityManager in OpenEntityManagerInViewInterceptor
2025-06-17T16:57:07.959Z DEBUG 2698 --- [           main] o.s.t.web.servlet.TestDispatcherServlet  : Completed 404 NOT_FOUND
2025-06-17T16:57:07.963Z DEBUG 2698 --- [           main] org.springframework.test.context.cache   : Spring test ApplicationContext cache statistics: [DefaultContextCache@46ea1dc size = 1, maxSize = 32, parentContextCount = 0, hitCount = 331, missCount = 1, failureCount = 0]
2025-06-17T16:57:07.964Z DEBUG 2698 --- [           main] org.springframework.test.context.cache   : Spring test ApplicationContext cache statistics: [DefaultContextCache@46ea1dc size = 1, maxSize = 32, parentContextCount = 0, hitCount = 332, missCount = 1, failureCount = 0]
2025-06-17T16:57:07.965Z DEBUG 2698 --- [           main] org.springframework.test.context.cache   : Spring test ApplicationContext cache statistics: [DefaultContextCache@46ea1dc size = 1, maxSize = 32, parentContextCount = 0, hitCount = 333, missCount = 1, failureCount = 0]
2025-06-17T16:57:07.965Z DEBUG 2698 --- [           main] org.springframework.test.context.cache   : Spring test ApplicationContext cache statistics: [DefaultContextCache@46ea1dc size = 1, maxSize = 32, parentContextCount = 0, hitCount = 334, missCount = 1, failureCount = 0]
2025-06-17T16:57:07.965Z DEBUG 2698 --- [           main] org.springframework.test.context.cache   : Spring test ApplicationContext cache statistics: [DefaultContextCache@46ea1dc size = 1, maxSize = 32, parentContextCount = 0, hitCount = 335, missCount = 1, failureCount = 0]
2025-06-17T16:57:07.965Z DEBUG 2698 --- [           main] org.springframework.test.context.cache   : Spring test ApplicationContext cache statistics: [DefaultContextCache@46ea1dc size = 1, maxSize = 32, parentContextCount = 0, hitCount = 336, missCount = 1, failureCount = 0]
2025-06-17T16:57:07.966Z DEBUG 2698 --- [           main] org.springframework.test.context.cache   : Spring test ApplicationContext cache statistics: [DefaultContextCache@46ea1dc size = 1, maxSize = 32, parentContextCount = 0, hitCount = 337, missCount = 1, failureCount = 0]
2025-06-17T16:57:07.966Z DEBUG 2698 --- [           main] org.springframework.test.context.cache   : Spring test ApplicationContext cache statistics: [DefaultContextCache@46ea1dc size = 1, maxSize = 32, parentContextCount = 0, hitCount = 338, missCount = 1, failureCount = 0]
2025-06-17T16:57:07.968Z DEBUG 2698 --- [           main] .s.t.c.j.SqlScriptsTestExecutionListener : Processing merged @SqlConfig attributes for execution phase [AFTER_TEST_METHOD] and test class [com.gmail.merikbest2015.ecommerce.controller.PerfumeControllerTest]
2025-06-17T16:57:07.968Z DEBUG 2698 --- [           main] org.springframework.test.context.cache   : Spring test ApplicationContext cache statistics: [DefaultContextCache@46ea1dc size = 1, maxSize = 32, parentContextCount = 0, hitCount = 339, missCount = 1, failureCount = 0]
2025-06-17T16:57:07.968Z DEBUG 2698 --- [           main] .s.t.c.j.SqlScriptsTestExecutionListener : Executing SQL scripts: [class path resource [sql/create-perfumes-after.sql]]
2025-06-17T16:57:07.968Z DEBUG 2698 --- [           main] org.springframework.test.context.cache   : Spring test ApplicationContext cache statistics: [DefaultContextCache@46ea1dc size = 1, maxSize = 32, parentContextCount = 0, hitCount = 340, missCount = 1, failureCount = 0]
2025-06-17T16:57:07.968Z DEBUG 2698 --- [           main] org.springframework.test.context.cache   : Spring test ApplicationContext cache statistics: [DefaultContextCache@46ea1dc size = 1, maxSize = 32, parentContextCount = 0, hitCount = 341, missCount = 1, failureCount = 0]
2025-06-17T16:57:07.968Z DEBUG 2698 --- [           main] o.s.orm.jpa.JpaTransactionManager        : Creating new transaction with name [com.gmail.merikbest2015.ecommerce.controller.PerfumeControllerTest]: PROPAGATION_REQUIRED,ISOLATION_DEFAULT
2025-06-17T16:57:07.968Z DEBUG 2698 --- [           main] o.s.orm.jpa.JpaTransactionManager        : Opened new EntityManager [SessionImpl(2060274815<open>)] for JPA transaction
2025-06-17T16:57:07.968Z DEBUG 2698 --- [           main] o.s.orm.jpa.JpaTransactionManager        : Exposing JPA transaction as JDBC [org.springframework.orm.jpa.vendor.HibernateJpaDialect$HibernateConnectionHandle@600a9b5d]
2025-06-17T16:57:07.969Z DEBUG 2698 --- [           main] o.s.jdbc.datasource.init.ScriptUtils     : Executing SQL script from class path resource [sql/create-perfumes-after.sql]
2025-06-17T16:57:07.969Z DEBUG 2698 --- [           main] o.s.jdbc.datasource.init.ScriptUtils     : 2 returned as update count for SQL: delete from perfume_reviews
2025-06-17T16:57:07.970Z DEBUG 2698 --- [           main] o.s.jdbc.datasource.init.ScriptUtils     : 2 returned as update count for SQL: delete from review
2025-06-17T16:57:07.971Z DEBUG 2698 --- [           main] o.s.jdbc.datasource.init.ScriptUtils     : 27 returned as update count for SQL: delete from perfume
2025-06-17T16:57:07.971Z DEBUG 2698 --- [           main] o.s.jdbc.datasource.init.ScriptUtils     : Executed SQL script from class path resource [sql/create-perfumes-after.sql] in 2 ms.
2025-06-17T16:57:07.971Z DEBUG 2698 --- [           main] o.s.orm.jpa.JpaTransactionManager        : Initiating transaction commit
2025-06-17T16:57:07.971Z DEBUG 2698 --- [           main] o.s.orm.jpa.JpaTransactionManager        : Committing JPA transaction on EntityManager [SessionImpl(2060274815<open>)]
2025-06-17T16:57:07.972Z DEBUG 2698 --- [           main] o.s.orm.jpa.JpaTransactionManager        : Closing JPA EntityManager [SessionImpl(2060274815<open>)] after transaction
2025-06-17T16:57:07.972Z DEBUG 2698 --- [           main] .c.s.DirtiesContextTestExecutionListener : After test method: class [PerfumeControllerTest], method [getPerfumeById_ShouldNotFound], class annotated with @DirtiesContext [false] with mode [null], method annotated with @DirtiesContext [false] with mode [null]
2025-06-17T16:57:07.972Z DEBUG 2698 --- [           main] ObservationRegistryTestExecutionListener : Restoring ObservationRegistry in ObservationThreadLocalAccessor for test class com.gmail.merikbest2015.ecommerce.controller.PerfumeControllerTest
2025-06-17T16:57:07.972Z DEBUG 2698 --- [           main] o.s.t.c.w.ServletTestExecutionListener   : Resetting RequestContextHolder for test class com.gmail.merikbest2015.ecommerce.controller.PerfumeControllerTest
]]></system-out>
  </testcase>
  <testcase name="findByInputText" classname="com.gmail.merikbest2015.ecommerce.controller.PerfumeControllerTest" time="0.172">
    <system-out><![CDATA[2025-06-17T16:57:07.973Z DEBUG 2698 --- [           main] org.springframework.test.context.cache   : Spring test ApplicationContext cache statistics: [DefaultContextCache@46ea1dc size = 1, maxSize = 32, parentContextCount = 0, hitCount = 342, missCount = 1, failureCount = 0]
2025-06-17T16:57:07.973Z DEBUG 2698 --- [           main] o.s.t.c.w.ServletTestExecutionListener   : Setting up MockHttpServletRequest, MockHttpServletResponse, ServletWebRequest, and RequestContextHolder for test class com.gmail.merikbest2015.ecommerce.controller.PerfumeControllerTest
2025-06-17T16:57:07.973Z DEBUG 2698 --- [           main] DependencyInjectionTestExecutionListener : Performing dependency injection for test class com.gmail.merikbest2015.ecommerce.controller.PerfumeControllerTest
2025-06-17T16:57:07.973Z DEBUG 2698 --- [           main] org.springframework.test.context.cache   : Spring test ApplicationContext cache statistics: [DefaultContextCache@46ea1dc size = 1, maxSize = 32, parentContextCount = 0, hitCount = 343, missCount = 1, failureCount = 0]
2025-06-17T16:57:07.973Z DEBUG 2698 --- [           main] org.springframework.test.context.cache   : Spring test ApplicationContext cache statistics: [DefaultContextCache@46ea1dc size = 1, maxSize = 32, parentContextCount = 0, hitCount = 344, missCount = 1, failureCount = 0]
2025-06-17T16:57:07.974Z DEBUG 2698 --- [           main] sContextBeforeModesTestExecutionListener : Before test method: class [PerfumeControllerTest], method [findByInputText], class annotated with @DirtiesContext [false] with mode [null], method annotated with @DirtiesContext [false] with mode [null]
2025-06-17T16:57:07.974Z DEBUG 2698 --- [           main] org.springframework.test.context.cache   : Spring test ApplicationContext cache statistics: [DefaultContextCache@46ea1dc size = 1, maxSize = 32, parentContextCount = 0, hitCount = 345, missCount = 1, failureCount = 0]
2025-06-17T16:57:07.974Z DEBUG 2698 --- [           main] ObservationRegistryTestExecutionListener : Registering ObservationRegistry from ApplicationContext in ObservationThreadLocalAccessor for test class com.gmail.merikbest2015.ecommerce.controller.PerfumeControllerTest
2025-06-17T16:57:07.974Z DEBUG 2698 --- [           main] .s.t.c.j.SqlScriptsTestExecutionListener : Processing merged @SqlConfig attributes for execution phase [BEFORE_TEST_METHOD] and test class [com.gmail.merikbest2015.ecommerce.controller.PerfumeControllerTest]
2025-06-17T16:57:07.974Z DEBUG 2698 --- [           main] org.springframework.test.context.cache   : Spring test ApplicationContext cache statistics: [DefaultContextCache@46ea1dc size = 1, maxSize = 32, parentContextCount = 0, hitCount = 346, missCount = 1, failureCount = 0]
2025-06-17T16:57:07.974Z DEBUG 2698 --- [           main] .s.t.c.j.SqlScriptsTestExecutionListener : Executing SQL scripts: [class path resource [sql/create-perfumes-before.sql]]
2025-06-17T16:57:07.974Z DEBUG 2698 --- [           main] org.springframework.test.context.cache   : Spring test ApplicationContext cache statistics: [DefaultContextCache@46ea1dc size = 1, maxSize = 32, parentContextCount = 0, hitCount = 347, missCount = 1, failureCount = 0]
2025-06-17T16:57:07.975Z DEBUG 2698 --- [           main] org.springframework.test.context.cache   : Spring test ApplicationContext cache statistics: [DefaultContextCache@46ea1dc size = 1, maxSize = 32, parentContextCount = 0, hitCount = 348, missCount = 1, failureCount = 0]
2025-06-17T16:57:07.975Z DEBUG 2698 --- [           main] o.s.orm.jpa.JpaTransactionManager        : Creating new transaction with name [com.gmail.merikbest2015.ecommerce.controller.PerfumeControllerTest]: PROPAGATION_REQUIRED,ISOLATION_DEFAULT
2025-06-17T16:57:07.975Z DEBUG 2698 --- [           main] o.s.orm.jpa.JpaTransactionManager        : Opened new EntityManager [SessionImpl(982382938<open>)] for JPA transaction
2025-06-17T16:57:07.975Z DEBUG 2698 --- [           main] o.s.orm.jpa.JpaTransactionManager        : Exposing JPA transaction as JDBC [org.springframework.orm.jpa.vendor.HibernateJpaDialect$HibernateConnectionHandle@2ab3f4c0]
2025-06-17T16:57:07.975Z DEBUG 2698 --- [           main] o.s.jdbc.datasource.init.ScriptUtils     : Executing SQL script from class path resource [sql/create-perfumes-before.sql]
2025-06-17T16:57:07.977Z DEBUG 2698 --- [           main] o.s.jdbc.datasource.init.ScriptUtils     : 1 returned as update count for SQL: INSERT INTO perfume (id, country, description, filename, fragrance_base_notes, fragrance_middle_notes, fragrance_top_notes, perfume_gender, perfume_title, perfumer, price, type, volume, year, perfume_rating) VALUES (1, 'Germany', null, 'https://perfumeswebstorage.s3.eu-central-1.amazonaws.com/4735a4c8-e1fc-43ce-8ff9-0bd28d00ce20.Hugo Boss Boss Bottled Night.jpg', 'Salmwood, Musky notes, Sandalwood', 'Cardamom, Jasmine, African violet', 'Birch leaf, Lavender', 'male', 'Boss Bottled Night', 'Hugo Boss', 35, 'Eau de Toilette', '100', 20100, 0)
2025-06-17T16:57:07.978Z DEBUG 2698 --- [           main] o.s.jdbc.datasource.init.ScriptUtils     : 1 returned as update count for SQL: INSERT INTO perfume (id, country, description, filename, fragrance_base_notes, fragrance_middle_notes, fragrance_top_notes, perfume_gender, perfume_title, perfumer, price, type, volume, year, perfume_rating) VALUES (2, 'Germany', null, 'https://perfumeswebstorage.s3.eu-central-1.amazonaws.com/17d6f8a1-aa84-4823-bd18-ccb0fdbe7fe9.Hugo Boss Hugo Man.jpg', 'Moss, Sandalwood, Fir balsam', 'Carnation, Geranium leaf, Jasmine', 'Basil, Grapefruit, Green apple, Mint', 'male', 'Hugo Man', 'Hugo Boss', 21, 'Eau de Toilette', '75', 19950, 0)
2025-06-17T16:57:07.978Z DEBUG 2698 --- [           main] o.s.jdbc.datasource.init.ScriptUtils     : 1 returned as update count for SQL: INSERT INTO perfume (id, country, description, filename, fragrance_base_notes, fragrance_middle_notes, fragrance_top_notes, perfume_gender, perfume_title, perfumer, price, type, volume, year, perfume_rating) VALUES (3, 'Germany', null, 'https://perfumeswebstorage.s3.eu-central-1.amazonaws.com/ba9272ca-20af-4e41-89b7-24018be4acb1.Hugo Boss The Scent.jpg', 'Leather', 'Maninka fruit, Lavender', 'Ginger', 'male', 'The Scent', 'Hugo Boss', 45, 'Eau de Toilette', '100', 20150, 0)
2025-06-17T16:57:07.979Z DEBUG 2698 --- [           main] o.s.jdbc.datasource.init.ScriptUtils     : 1 returned as update count for SQL: INSERT INTO perfume (id, country, description, filename, fragrance_base_notes, fragrance_middle_notes, fragrance_top_notes, perfume_gender, perfume_title, perfumer, price, type, volume, year, perfume_rating) VALUES (4, 'Germany', null, 'https://perfumeswebstorage.s3.eu-central-1.amazonaws.com/540f8e7d-2259-4a20-becf-4ed5cfc2912e.Hugo Boss Boss Woman.jpg', 'Sandalwood, Cedar', 'Freesia, Violet root', 'Mandarin orange, Mango', 'female', 'Boss Woman', 'Hugo Boss', 26, 'Eau de parfum', '90', 20000, 0)
2025-06-17T16:57:07.979Z DEBUG 2698 --- [           main] o.s.jdbc.datasource.init.ScriptUtils     : 1 returned as update count for SQL: INSERT INTO perfume (id, country, description, filename, fragrance_base_notes, fragrance_middle_notes, fragrance_top_notes, perfume_gender, perfume_title, perfumer, price, type, volume, year, perfume_rating) VALUES (5, 'Germany', null, 'https://perfumeswebstorage.s3.eu-central-1.amazonaws.com/1fb6dd1b-a134-4e6f-8215-60d465d33d72.Hugo Boss Hugo Deep Red.jpg', 'Musk, Sandalwood, Vanilla', 'Freesia, Hibiscus, Ginger', 'Pear, Blood orange, Clementine', 'female', 'Deep Red', 'Hugo Boss', 27, 'Eau de parfum', '90', 20010, 0)
2025-06-17T16:57:07.979Z DEBUG 2698 --- [           main] o.s.jdbc.datasource.init.ScriptUtils     : 1 returned as update count for SQL: INSERT INTO perfume (id, country, description, filename, fragrance_base_notes, fragrance_middle_notes, fragrance_top_notes, perfume_gender, perfume_title, perfumer, price, type, volume, year, perfume_rating) VALUES (6, 'Germany', null, 'https://perfumeswebstorage.s3.eu-central-1.amazonaws.com/62e9bf9b-8fea-4eb2-9935-21e868e1b93d.Hugo Boss The Scent For Her.jpg', 'Roasted cocoa', 'Osmanthus', 'Peach, Freesia', 'female', 'The Scent For Her', 'Hugo Boss', 47, 'Eau de parfum', '100', 20160, 0)
2025-06-17T16:57:07.980Z DEBUG 2698 --- [           main] o.s.jdbc.datasource.init.ScriptUtils     : 1 returned as update count for SQL: INSERT INTO perfume (id, country, description, filename, fragrance_base_notes, fragrance_middle_notes, fragrance_top_notes, perfume_gender, perfume_title, perfumer, price, type, volume, year, perfume_rating) VALUES (26, 'Spain', null, 'https://perfumeswebstorage.s3.eu-central-1.amazonaws.com/6524de16-c086-49fe-a6e5-c9efc35f1a02.Carolina Herrera Bad Boy.jpg', 'Tonka bean, Cocoa absolute', 'Cedarwood, Sage', 'Black pepper, White pepper, Italian bergamot', 'male', 'Bad Boy', 'Carolina Herrera', 76, 'Eau de Toilette', '100', 20190, 0)
2025-06-17T16:57:07.980Z DEBUG 2698 --- [           main] o.s.jdbc.datasource.init.ScriptUtils     : 1 returned as update count for SQL: INSERT INTO perfume (id, country, description, filename, fragrance_base_notes, fragrance_middle_notes, fragrance_top_notes, perfume_gender, perfume_title, perfumer, price, type, volume, year, perfume_rating) VALUES (27, 'Spain', null, 'https://perfumeswebstorage.s3.eu-central-1.amazonaws.com/184c9da2-2445-4b01-87b8-b4f8b5f6ab8c.Carolina Herrera Good Girl.jpg', 'Roasted tonka bean, Cocoa, Sandalwood', 'Tuberose, Bulgarian rose, Jasmine sambac', 'Bergamot, Lemon', 'female', 'Good Girl', 'Carolina Herrera', 156, 'Eau de parfum', '150', 20160, 0)
2025-06-17T16:57:07.980Z DEBUG 2698 --- [           main] o.s.jdbc.datasource.init.ScriptUtils     : 1 returned as update count for SQL: INSERT INTO perfume (id, country, description, filename, fragrance_base_notes, fragrance_middle_notes, fragrance_top_notes, perfume_gender, perfume_title, perfumer, price, type, volume, year, perfume_rating) VALUES (28, 'France', null, 'https://perfumeswebstorage.s3.eu-central-1.amazonaws.com/e31f6d6c-e585-40a4-970c-f25322667924.Chanel Allure homme Sport.jpg', 'Amber, Musk, Tonka bean', 'Neroli, Pepper, Cedar', 'Aldehydes, Mandarin orange, Seawater', 'male', 'Allure homme Sport', 'Chanel', 85, 'Eau de Toilette', '100', 20040, 0)
2025-06-17T16:57:07.981Z DEBUG 2698 --- [           main] o.s.jdbc.datasource.init.ScriptUtils     : 1 returned as update count for SQL: INSERT INTO perfume (id, country, description, filename, fragrance_base_notes, fragrance_middle_notes, fragrance_top_notes, perfume_gender, perfume_title, perfumer, price, type, volume, year, perfume_rating) VALUES (29, 'France', null, 'https://perfumeswebstorage.s3.eu-central-1.amazonaws.com/ac6c7a11-97f8-44b1-9b10-f96997212dd4.Chanel Bleu de Chanel Eau de Parfum.jpg', 'Ginger, Sandalwood, Frankincense', 'Grapefruit, Labdanum, Cedar', 'Pink pepper, Vetiver, Citrus notes', 'male', 'Bleu de Chanel', 'Chanel', 88, 'Eau de parfum', '100', 20140, 0)
2025-06-17T16:57:07.981Z DEBUG 2698 --- [           main] o.s.jdbc.datasource.init.ScriptUtils     : 1 returned as update count for SQL: INSERT INTO perfume (id, country, description, filename, fragrance_base_notes, fragrance_middle_notes, fragrance_top_notes, perfume_gender, perfume_title, perfumer, price, type, volume, year, perfume_rating) VALUES (30, 'France', null, 'https://perfumeswebstorage.s3.eu-central-1.amazonaws.com/7049225c-03bb-45a7-ba6a-86274f8668b9.Chanel Egoiste Platinum.jpg', 'Amber, Oakmoss, Sandalwood', 'Galbanum, Geranium, Jasmine', 'Lavender, Neroli, Petitgrain', 'male', 'Egoiste Platinum', 'Chanel', 70, 'Eau de Toilette', '100', 19930, 0)
2025-06-17T16:57:07.982Z DEBUG 2698 --- [           main] o.s.jdbc.datasource.init.ScriptUtils     : 1 returned as update count for SQL: INSERT INTO perfume (id, country, description, filename, fragrance_base_notes, fragrance_middle_notes, fragrance_top_notes, perfume_gender, perfume_title, perfumer, price, type, volume, year, perfume_rating) VALUES (31, 'France', null, 'https://perfumeswebstorage.s3.eu-central-1.amazonaws.com/bcc4bb2a-907d-4531-9d7f-178c765c5ed3.Chanel Chance Eau Fraiche.jpg', 'Amber, Iris, Musk, Patchouli', 'Jasmine, Pink pepper, Water hyacinth', 'Cedar, Citrus fruits', 'female', 'Chance Eau Fraiche', 'Chanel', 90, 'Eau de Toilette', '100', 20070, 0)
2025-06-17T16:57:07.982Z DEBUG 2698 --- [           main] o.s.jdbc.datasource.init.ScriptUtils     : 1 returned as update count for SQL: INSERT INTO perfume (id, country, description, filename, fragrance_base_notes, fragrance_middle_notes, fragrance_top_notes, perfume_gender, perfume_title, perfumer, price, type, volume, year, perfume_rating) VALUES (32, 'France', null, 'https://perfumeswebstorage.s3.eu-central-1.amazonaws.com/2b5f80ca-e0f3-4e99-b5e4-11ccb9153b00.Chanel Gabrielle Essence.jpg', 'Sandalwood, Vanilla, White musk', 'Tuberose, Jasmine, Ylang-ylang', 'Citrus fruits, Red fruits', 'female', 'Gabrielle Essence', 'Chanel', 104, 'Eau de parfum', '100', 20190, 0)
2025-06-17T16:57:07.982Z DEBUG 2698 --- [           main] o.s.jdbc.datasource.init.ScriptUtils     : 1 returned as update count for SQL: INSERT INTO perfume (id, country, description, filename, fragrance_base_notes, fragrance_middle_notes, fragrance_top_notes, perfume_gender, perfume_title, perfumer, price, type, volume, year, perfume_rating) VALUES (33, 'France', null, 'https://perfumeswebstorage.s3.eu-central-1.amazonaws.com/4b51181b-5551-4321-b5e7-f7612584c9b2.Chanel N5.jpg', 'Amber, Sandalwood, Vanilla', 'Iris, Grasse jasmine', 'Aldehydes, Bergamot, Neroli', 'female', 'Chanel N5', 'Chanel', 192, 'Eau de parfum', '200', 19210, 0)
2025-06-17T16:57:07.983Z DEBUG 2698 --- [           main] o.s.jdbc.datasource.init.ScriptUtils     : 1 returned as update count for SQL: INSERT INTO perfume (id, country, description, filename, fragrance_base_notes, fragrance_middle_notes, fragrance_top_notes, perfume_gender, perfume_title, perfumer, price, type, volume, year, perfume_rating) VALUES (34, 'France', null, 'https://perfumeswebstorage.s3.eu-central-1.amazonaws.com/bdb203a9-0725-4ed4-a71a-db7eeb915fae.Creed Aventus.jpg', 'Ambergris, Oakmoss, Musk', 'Birch, Jasmine, Patchouli', 'Pineapple, Apple, Bergamot, Blackcurrant', 'male', 'Aventus', 'Creed', 152, 'Eau de parfum', '100', 20100, 0)
2025-06-17T16:57:07.983Z DEBUG 2698 --- [           main] o.s.jdbc.datasource.init.ScriptUtils     : 1 returned as update count for SQL: INSERT INTO perfume (id, country, description, filename, fragrance_base_notes, fragrance_middle_notes, fragrance_top_notes, perfume_gender, perfume_title, perfumer, price, type, volume, year, perfume_rating) VALUES (35, 'France', null, 'https://perfumeswebstorage.s3.eu-central-1.amazonaws.com/162cfbe2-2dc2-4271-8a63-23981a7e3cc4.Creed Bois du Portugal.jpg', 'Sandalwood, Vetiver, Ambergris', 'Cedarwood', 'Bergamot, Lavender', 'male', 'Bois du Portugal', 'Creed', 110, 'Eau de parfum', '100', 19870, 0)
2025-06-17T16:57:07.983Z DEBUG 2698 --- [           main] o.s.jdbc.datasource.init.ScriptUtils     : 1 returned as update count for SQL: INSERT INTO perfume (id, country, description, filename, fragrance_base_notes, fragrance_middle_notes, fragrance_top_notes, perfume_gender, perfume_title, perfumer, price, type, volume, year, perfume_rating) VALUES (36, 'France', null, 'https://perfumeswebstorage.s3.eu-central-1.amazonaws.com/1d428b77-0ffd-449f-bcaa-04a094b51de7.Creed Original Vetiver.jpg', 'Ambergris, Sandalwood, Musk, Vetiver', 'White pepper, Coriander, Pink pepper', 'Bergamot, Bitter orange, Mandarin orange', 'male', 'Original Vetiver', 'Creed', 97, 'Eau de parfum', '100', 20040, 0)
2025-06-17T16:57:07.984Z DEBUG 2698 --- [           main] o.s.jdbc.datasource.init.ScriptUtils     : 1 returned as update count for SQL: INSERT INTO perfume (id, country, description, filename, fragrance_base_notes, fragrance_middle_notes, fragrance_top_notes, perfume_gender, perfume_title, perfumer, price, type, volume, year, perfume_rating) VALUES (37, 'France', null, 'https://perfumeswebstorage.s3.eu-central-1.amazonaws.com/5fd3de8e-1022-47a2-ae58-a089a65bd90c.Creed Acqua Fiorentina.jpg', 'Grapefruit, Sandalwood, Cedar', 'Bergamot, Pear, Rose', 'Apple, Prune, Greengage plum', 'female', 'Acqua Fiorentina', 'Creed', 100, 'Eau de parfum', '75', 20090, 0)
2025-06-17T16:57:07.984Z DEBUG 2698 --- [           main] o.s.jdbc.datasource.init.ScriptUtils     : 1 returned as update count for SQL: INSERT INTO perfume (id, country, description, filename, fragrance_base_notes, fragrance_middle_notes, fragrance_top_notes, perfume_gender, perfume_title, perfumer, price, type, volume, year, perfume_rating) VALUES (38, 'France', null, 'https://perfumeswebstorage.s3.eu-central-1.amazonaws.com/7d32f694-9cc3-4770-844a-47400e6f5c6b.Creed Aventus for Her.jpg', 'Peach, Blackcurrant, Ylang-ylang', 'Rose, Styrax, Mysore sandalwood', 'Green apple, Violet leaf, Calabrian bergamot', 'female', 'Aventus for Her', 'Creed', 141, 'Eau de parfum', '75', 20160, 0)
2025-06-17T16:57:07.984Z DEBUG 2698 --- [           main] o.s.jdbc.datasource.init.ScriptUtils     : 1 returned as update count for SQL: INSERT INTO perfume (id, country, description, filename, fragrance_base_notes, fragrance_middle_notes, fragrance_top_notes, perfume_gender, perfume_title, perfumer, price, type, volume, year, perfume_rating) VALUES (39, 'France', null, 'https://perfumeswebstorage.s3.eu-central-1.amazonaws.com/cbb8efd1-f55a-4db3-8511-f0b5b446533d.Creed Love in Black.jpg', 'Rose, Burgundy blackcurrant, Violet', 'Florentine iris, Clove', 'White violet', 'female', 'Love in Black', 'Creed', 89, 'Eau de parfum', '75', 20080, 0)
2025-06-17T16:57:07.985Z DEBUG 2698 --- [           main] o.s.jdbc.datasource.init.ScriptUtils     : 1 returned as update count for SQL: INSERT INTO perfume (id, country, description, filename, fragrance_base_notes, fragrance_middle_notes, fragrance_top_notes, perfume_gender, perfume_title, perfumer, price, type, volume, year, perfume_rating) VALUES (40, 'France', null, 'https://perfumeswebstorage.s3.eu-central-1.amazonaws.com/0f0acb70-dc64-474f-878a-1b214d250d94.CreedLoveinWhite.jpg', 'Ambergris, Mysore sandalwood, Vanilla', 'Florentine iris, Yellow narcissus, Magnolia', 'Orange zest', 'female', 'Love in White', 'Creed', 94, 'Eau de parfum', '75', 20050, 0)
2025-06-17T16:57:07.985Z DEBUG 2698 --- [           main] o.s.jdbc.datasource.init.ScriptUtils     : 1 returned as update count for SQL: INSERT INTO perfume (id, country, description, filename, fragrance_base_notes, fragrance_middle_notes, fragrance_top_notes, perfume_gender, perfume_title, perfumer, price, type, volume, year, perfume_rating) VALUES (41, 'France', null, 'https://perfumeswebstorage.s3.eu-central-1.amazonaws.com/0158183f-2412-4c61-a962-7c96e43c19c3.Dior Fahrenheit.jpg', 'Amber, Leather, Musk', 'Carnation, Honeysuckle, Jasmine', 'Bergamot, Camomile, Lavender, Mandarin orange', 'male', 'Fahrenheit', 'Dior', 62, 'Eau de Toilette', '100', 19880, 0)
2025-06-17T16:57:07.986Z DEBUG 2698 --- [           main] o.s.jdbc.datasource.init.ScriptUtils     : 1 returned as update count for SQL: INSERT INTO perfume (id, country, description, filename, fragrance_base_notes, fragrance_middle_notes, fragrance_top_notes, perfume_gender, perfume_title, perfumer, price, type, volume, year, perfume_rating) VALUES (42, 'France', null, 'https://perfumeswebstorage.s3.eu-central-1.amazonaws.com/27f0b3d3-2634-4e74-971a-f780c4480482.Dior Homme.jpg', 'Virginia cedar', 'Ecuadorian ambrette seed', 'Florentine iris absolute', 'male', 'Homme', 'Dior', 90, 'Eau de parfum', '100', 20070, 0)
2025-06-17T16:57:07.986Z DEBUG 2698 --- [           main] o.s.jdbc.datasource.init.ScriptUtils     : 1 returned as update count for SQL: INSERT INTO perfume (id, country, description, filename, fragrance_base_notes, fragrance_middle_notes, fragrance_top_notes, perfume_gender, perfume_title, perfumer, price, type, volume, year, perfume_rating) VALUES (43, 'France', null, 'https://perfumeswebstorage.s3.eu-central-1.amazonaws.com/03e65b3b-7b1f-400c-9bb8-a8956bdaa4be.Dior Sauvage.jpg', 'Ambroxan', 'Bergamot', 'Sichuan Pepper', 'male', 'Sauvage', 'Dior', 62, 'Eau de Toilette', '100', 20150, 0)
2025-06-17T16:57:07.987Z DEBUG 2698 --- [           main] o.s.jdbc.datasource.init.ScriptUtils     : 1 returned as update count for SQL: INSERT INTO perfume (id, country, description, filename, fragrance_base_notes, fragrance_middle_notes, fragrance_top_notes, perfume_gender, perfume_title, perfumer, price, type, volume, year, perfume_rating) VALUES (44, 'France', null, 'https://perfumeswebstorage.s3.eu-central-1.amazonaws.com/94c85cfd-f090-4d49-b2e9-dcff34eec8c1.Dior Jadore.jpg', 'Vanilla, Cedar, Musk', 'Lily of the valley, Rose, Violet', 'Bergamot, Pear, Melon, Peach', 'female', 'Jadore', 'Dior', 81, 'Eau de parfum', '100', 19990, 0)
2025-06-17T16:57:07.987Z DEBUG 2698 --- [           main] o.s.jdbc.datasource.init.ScriptUtils     : 1 returned as update count for SQL: INSERT INTO perfume (id, country, description, filename, fragrance_base_notes, fragrance_middle_notes, fragrance_top_notes, perfume_gender, perfume_title, perfumer, price, type, volume, year, perfume_rating) VALUES (45, 'France', null, 'https://perfumeswebstorage.s3.eu-central-1.amazonaws.com/85f8de21-24d5-473b-8d63-6ba6c2d4d25e.Dior Miss Dior.jpg', 'Ambergris, Musk, Patchouli', 'Jasmine, Caramel, Popcorn', 'Pineapple, Cherry, Mandarin orange', 'female', 'Miss Dior', 'Dior', 90, 'Eau de parfum', '100', 20110, 0)
2025-06-17T16:57:07.988Z DEBUG 2698 --- [           main] o.s.jdbc.datasource.init.ScriptUtils     : 1 returned as update count for SQL: INSERT INTO perfume (id, country, description, filename, fragrance_base_notes, fragrance_middle_notes, fragrance_top_notes, perfume_gender, perfume_title, perfumer, price, type, volume, year, perfume_rating) VALUES (46, 'France', null, 'https://perfumeswebstorage.s3.eu-central-1.amazonaws.com/63534821-1eb9-4b44-afd3-61c3b8ca4a25.Dior Poison Girl.jpg', 'Venezuelan tonka bean', 'Grasse rose', 'Bitter orange', 'female', 'Poison Girl', 'Dior', 75, 'Eau de parfum', '100', 20160, 0)
2025-06-17T16:57:07.988Z DEBUG 2698 --- [           main] o.s.jdbc.datasource.init.ScriptUtils     : 1 returned as update count for SQL: INSERT INTO review (id, author, date, message, rating) VALUES (123, 'John', '2021-02-07', 'Hello world', 5)
2025-06-17T16:57:07.989Z DEBUG 2698 --- [           main] o.s.jdbc.datasource.init.ScriptUtils     : 1 returned as update count for SQL: INSERT INTO review (id, author, date, message, rating) VALUES (124, 'John2', '2021-02-07', 'Hello world2', 4)
2025-06-17T16:57:07.989Z DEBUG 2698 --- [           main] o.s.jdbc.datasource.init.ScriptUtils     : 1 returned as update count for SQL: INSERT INTO perfume_reviews (perfume_id, reviews_id) VALUES (2, 123)
2025-06-17T16:57:07.989Z DEBUG 2698 --- [           main] o.s.jdbc.datasource.init.ScriptUtils     : 1 returned as update count for SQL: INSERT INTO perfume_reviews (perfume_id, reviews_id) VALUES (2, 124)
2025-06-17T16:57:07.989Z DEBUG 2698 --- [           main] o.s.jdbc.datasource.init.ScriptUtils     : Executed SQL script from class path resource [sql/create-perfumes-before.sql] in 14 ms.
2025-06-17T16:57:07.989Z DEBUG 2698 --- [           main] o.s.orm.jpa.JpaTransactionManager        : Initiating transaction commit
2025-06-17T16:57:07.989Z DEBUG 2698 --- [           main] o.s.orm.jpa.JpaTransactionManager        : Committing JPA transaction on EntityManager [SessionImpl(982382938<open>)]
2025-06-17T16:57:07.990Z DEBUG 2698 --- [           main] o.s.orm.jpa.JpaTransactionManager        : Closing JPA EntityManager [SessionImpl(982382938<open>)] after transaction
2025-06-17T16:57:07.991Z DEBUG 2698 --- [           main] org.springframework.test.context.cache   : Spring test ApplicationContext cache statistics: [DefaultContextCache@46ea1dc size = 1, maxSize = 32, parentContextCount = 0, hitCount = 349, missCount = 1, failureCount = 0]
2025-06-17T16:57:07.991Z DEBUG 2698 --- [           main] org.springframework.test.context.cache   : Spring test ApplicationContext cache statistics: [DefaultContextCache@46ea1dc size = 1, maxSize = 32, parentContextCount = 0, hitCount = 350, missCount = 1, failureCount = 0]
2025-06-17T16:57:07.992Z DEBUG 2698 --- [           main] org.springframework.test.context.cache   : Spring test ApplicationContext cache statistics: [DefaultContextCache@46ea1dc size = 1, maxSize = 32, parentContextCount = 0, hitCount = 351, missCount = 1, failureCount = 0]
2025-06-17T16:57:07.994Z DEBUG 2698 --- [           main] org.springframework.test.context.cache   : Spring test ApplicationContext cache statistics: [DefaultContextCache@46ea1dc size = 1, maxSize = 32, parentContextCount = 0, hitCount = 352, missCount = 1, failureCount = 0]
2025-06-17T16:57:08.002Z DEBUG 2698 --- [           main] o.s.test.util.ReflectionTestUtils        : Invoking method 'getFilters' on target object [FilterChainProxy[Filter Chains: null]] or target class [null] with arguments {org.springframework.mock.web.MockHttpServletRequest@6a29857}
2025-06-17T16:57:08.002Z DEBUG 2698 --- [           main] o.s.test.util.ReflectionTestUtils        : Getting field 'tokenRepository' from target object [org.springframework.security.web.csrf.CsrfFilter@6bbb8dce] or target class [class org.springframework.security.web.csrf.CsrfFilter]
2025-06-17T16:57:08.002Z DEBUG 2698 --- [           main] o.s.test.util.ReflectionTestUtils        : Invoking method 'getFilters' on target object [FilterChainProxy[Filter Chains: null]] or target class [null] with arguments {org.springframework.mock.web.MockHttpServletRequest@6a29857}
2025-06-17T16:57:08.002Z DEBUG 2698 --- [           main] o.s.test.util.ReflectionTestUtils        : Getting field 'requestHandler' from target object [org.springframework.security.web.csrf.CsrfFilter@6bbb8dce] or target class [class org.springframework.security.web.csrf.CsrfFilter]
2025-06-17T16:57:08.003Z DEBUG 2698 --- [           main] o.s.security.web.FilterChainProxy        : Securing POST /api/v1/perfumes/search/text
2025-06-17T16:57:08.004Z DEBUG 2698 --- [           main] o.s.s.w.a.AnonymousAuthenticationFilter  : Set SecurityContextHolder to anonymous SecurityContext
2025-06-17T16:57:08.004Z DEBUG 2698 --- [           main] o.s.security.web.FilterChainProxy        : Secured POST /api/v1/perfumes/search/text
2025-06-17T16:57:08.005Z DEBUG 2698 --- [           main] o.s.t.web.servlet.TestDispatcherServlet  : POST "/api/v1/perfumes/search/text", parameters={masked}
2025-06-17T16:57:08.005Z DEBUG 2698 --- [           main] s.w.s.m.m.a.RequestMappingHandlerMapping : Mapped to com.gmail.merikbest2015.ecommerce.controller.PerfumeController#findByInputText(SearchTypeRequest, Pageable)
2025-06-17T16:57:08.005Z DEBUG 2698 --- [           main] o.j.s.OpenEntityManagerInViewInterceptor : Opening JPA EntityManager in OpenEntityManagerInViewInterceptor
2025-06-17T16:57:08.015Z DEBUG 2698 --- [           main] m.m.a.RequestResponseBodyMethodProcessor : Read "application/json;charset=UTF-8" to [SearchTypeRequest(searchType=COUNTRY, text=France)]
2025-06-17T16:57:08.016Z  INFO 2698 --- [           main] c.g.m.e.controller.PerfumeController     : Searching perfumes by input text. SearchType: COUNTRY, Text: France, Pageable: Page request [number: 0, size 15, sort: UNSORTED]
2025-06-17T16:57:08.016Z  INFO 2698 --- [           main] c.g.m.e.service.Impl.PerfumeServiceImpl  : Finding perfumes by input text: type=COUNTRY, text=France
CLASS: [PerfumeController], METHOD: [findByInputText()], REQUEST: SearchTypeRequest(searchType=COUNTRY, text=France)
Page request [number: 0, size 15, sort: UNSORTED]
CLASS: [PerfumeController], METHOD: [findByInputText()], RESPONSE: <200 OK OK,[com.gmail.merikbest2015.ecommerce.dto.perfume.PerfumeResponse@1ef82ad4, com.gmail.merikbest2015.ecommerce.dto.perfume.PerfumeResponse@5974c049, com.gmail.merikbest2015.ecommerce.dto.perfume.PerfumeResponse@3cb0834a, com.gmail.merikbest2015.ecommerce.dto.perfume.PerfumeResponse@786ee9d5, com.gmail.merikbest2015.ecommerce.dto.perfume.PerfumeResponse@271fd286, com.gmail.merikbest2015.ecommerce.dto.perfume.PerfumeResponse@589628a4, com.gmail.merikbest2015.ecommerce.dto.perfume.PerfumeResponse@60844a2f, com.gmail.merikbest2015.ecommerce.dto.perfume.PerfumeResponse@6f2b27ab, com.gmail.merikbest2015.ecommerce.dto.perfume.PerfumeResponse@3679532a, com.gmail.merikbest2015.ecommerce.dto.perfume.PerfumeResponse@5fc38e49, com.gmail.merikbest2015.ecommerce.dto.perfume.PerfumeResponse@1d5462ac, com.gmail.merikbest2015.ecommerce.dto.perfume.PerfumeResponse@2bf408d2, com.gmail.merikbest2015.ecommerce.dto.perfume.PerfumeResponse@57e8fe85, com.gmail.merikbest2015.ecommerce.dto.perfume.PerfumeResponse@141a83f7, com.gmail.merikbest2015.ecommerce.dto.perfume.PerfumeResponse@2ae5c2da],[page-total-count:"2", page-total-elements:"19"]>
2025-06-17T16:57:08.083Z DEBUG 2698 --- [           main] o.s.w.s.m.m.a.HttpEntityMethodProcessor  : Using 'application/json', given [*/*] and supported [application/json, application/*+json, application/yaml]
2025-06-17T16:57:08.083Z DEBUG 2698 --- [           main] o.s.w.s.m.m.a.HttpEntityMethodProcessor  : Writing [[com.gmail.merikbest2015.ecommerce.dto.perfume.PerfumeResponse@1ef82ad4, com.gmail.merikbest2015.eco (truncated)...]
2025-06-17T16:57:08.085Z DEBUG 2698 --- [           main] o.j.s.OpenEntityManagerInViewInterceptor : Closing JPA EntityManager in OpenEntityManagerInViewInterceptor
2025-06-17T16:57:08.085Z DEBUG 2698 --- [           main] o.s.t.web.servlet.TestDispatcherServlet  : Completed 200 OK
2025-06-17T16:57:08.090Z DEBUG 2698 --- [           main] o.s.test.util.ReflectionTestUtils        : Invoking method 'getFilters' on target object [FilterChainProxy[Filter Chains: null]] or target class [null] with arguments {org.springframework.mock.web.MockHttpServletRequest@711cfbeb}
2025-06-17T16:57:08.090Z DEBUG 2698 --- [           main] o.s.test.util.ReflectionTestUtils        : Getting field 'tokenRepository' from target object [org.springframework.security.web.csrf.CsrfFilter@6bbb8dce] or target class [class org.springframework.security.web.csrf.CsrfFilter]
2025-06-17T16:57:08.090Z DEBUG 2698 --- [           main] o.s.test.util.ReflectionTestUtils        : Invoking method 'getFilters' on target object [FilterChainProxy[Filter Chains: null]] or target class [null] with arguments {org.springframework.mock.web.MockHttpServletRequest@711cfbeb}
2025-06-17T16:57:08.091Z DEBUG 2698 --- [           main] o.s.test.util.ReflectionTestUtils        : Getting field 'requestHandler' from target object [org.springframework.security.web.csrf.CsrfFilter@6bbb8dce] or target class [class org.springframework.security.web.csrf.CsrfFilter]
2025-06-17T16:57:08.091Z DEBUG 2698 --- [           main] o.s.security.web.FilterChainProxy        : Securing POST /api/v1/perfumes/search/text
2025-06-17T16:57:08.092Z DEBUG 2698 --- [           main] o.s.s.w.a.AnonymousAuthenticationFilter  : Set SecurityContextHolder to anonymous SecurityContext
2025-06-17T16:57:08.093Z DEBUG 2698 --- [           main] o.s.security.web.FilterChainProxy        : Secured POST /api/v1/perfumes/search/text
2025-06-17T16:57:08.093Z DEBUG 2698 --- [           main] o.s.t.web.servlet.TestDispatcherServlet  : POST "/api/v1/perfumes/search/text", parameters={masked}
2025-06-17T16:57:08.093Z DEBUG 2698 --- [           main] s.w.s.m.m.a.RequestMappingHandlerMapping : Mapped to com.gmail.merikbest2015.ecommerce.controller.PerfumeController#findByInputText(SearchTypeRequest, Pageable)
2025-06-17T16:57:08.093Z DEBUG 2698 --- [           main] o.j.s.OpenEntityManagerInViewInterceptor : Opening JPA EntityManager in OpenEntityManagerInViewInterceptor
2025-06-17T16:57:08.094Z DEBUG 2698 --- [           main] m.m.a.RequestResponseBodyMethodProcessor : Read "application/json;charset=UTF-8" to [SearchTypeRequest(searchType=BRAND, text=Creed)]
2025-06-17T16:57:08.094Z  INFO 2698 --- [           main] c.g.m.e.controller.PerfumeController     : Searching perfumes by input text. SearchType: BRAND, Text: Creed, Pageable: Page request [number: 0, size 15, sort: UNSORTED]
2025-06-17T16:57:08.094Z  INFO 2698 --- [           main] c.g.m.e.service.Impl.PerfumeServiceImpl  : Finding perfumes by input text: type=BRAND, text=Creed
CLASS: [PerfumeController], METHOD: [findByInputText()], REQUEST: SearchTypeRequest(searchType=BRAND, text=Creed)
Page request [number: 0, size 15, sort: UNSORTED]
CLASS: [PerfumeController], METHOD: [findByInputText()], RESPONSE: <200 OK OK,[com.gmail.merikbest2015.ecommerce.dto.perfume.PerfumeResponse@5a4b5298, com.gmail.merikbest2015.ecommerce.dto.perfume.PerfumeResponse@40e093bf, com.gmail.merikbest2015.ecommerce.dto.perfume.PerfumeResponse@16e2fb4f, com.gmail.merikbest2015.ecommerce.dto.perfume.PerfumeResponse@23714cc0, com.gmail.merikbest2015.ecommerce.dto.perfume.PerfumeResponse@23ae05a4, com.gmail.merikbest2015.ecommerce.dto.perfume.PerfumeResponse@67171705, com.gmail.merikbest2015.ecommerce.dto.perfume.PerfumeResponse@66aeb02b],[page-total-count:"1", page-total-elements:"7"]>
2025-06-17T16:57:08.118Z DEBUG 2698 --- [           main] o.s.w.s.m.m.a.HttpEntityMethodProcessor  : Using 'application/json', given [*/*] and supported [application/json, application/*+json, application/yaml]
2025-06-17T16:57:08.119Z DEBUG 2698 --- [           main] o.s.w.s.m.m.a.HttpEntityMethodProcessor  : Writing [[com.gmail.merikbest2015.ecommerce.dto.perfume.PerfumeResponse@5a4b5298, com.gmail.merikbest2015.eco (truncated)...]
2025-06-17T16:57:08.119Z DEBUG 2698 --- [           main] o.j.s.OpenEntityManagerInViewInterceptor : Closing JPA EntityManager in OpenEntityManagerInViewInterceptor
2025-06-17T16:57:08.120Z DEBUG 2698 --- [           main] o.s.t.web.servlet.TestDispatcherServlet  : Completed 200 OK
2025-06-17T16:57:08.123Z DEBUG 2698 --- [           main] o.s.test.util.ReflectionTestUtils        : Invoking method 'getFilters' on target object [FilterChainProxy[Filter Chains: null]] or target class [null] with arguments {org.springframework.mock.web.MockHttpServletRequest@4f10e772}
2025-06-17T16:57:08.123Z DEBUG 2698 --- [           main] o.s.test.util.ReflectionTestUtils        : Getting field 'tokenRepository' from target object [org.springframework.security.web.csrf.CsrfFilter@6bbb8dce] or target class [class org.springframework.security.web.csrf.CsrfFilter]
2025-06-17T16:57:08.123Z DEBUG 2698 --- [           main] o.s.test.util.ReflectionTestUtils        : Invoking method 'getFilters' on target object [FilterChainProxy[Filter Chains: null]] or target class [null] with arguments {org.springframework.mock.web.MockHttpServletRequest@4f10e772}
2025-06-17T16:57:08.124Z DEBUG 2698 --- [           main] o.s.test.util.ReflectionTestUtils        : Getting field 'requestHandler' from target object [org.springframework.security.web.csrf.CsrfFilter@6bbb8dce] or target class [class org.springframework.security.web.csrf.CsrfFilter]
2025-06-17T16:57:08.124Z DEBUG 2698 --- [           main] o.s.security.web.FilterChainProxy        : Securing POST /api/v1/perfumes/search/text
2025-06-17T16:57:08.125Z DEBUG 2698 --- [           main] o.s.s.w.a.AnonymousAuthenticationFilter  : Set SecurityContextHolder to anonymous SecurityContext
2025-06-17T16:57:08.126Z DEBUG 2698 --- [           main] o.s.security.web.FilterChainProxy        : Secured POST /api/v1/perfumes/search/text
2025-06-17T16:57:08.126Z DEBUG 2698 --- [           main] o.s.t.web.servlet.TestDispatcherServlet  : POST "/api/v1/perfumes/search/text", parameters={masked}
2025-06-17T16:57:08.126Z DEBUG 2698 --- [           main] s.w.s.m.m.a.RequestMappingHandlerMapping : Mapped to com.gmail.merikbest2015.ecommerce.controller.PerfumeController#findByInputText(SearchTypeRequest, Pageable)
2025-06-17T16:57:08.126Z DEBUG 2698 --- [           main] o.j.s.OpenEntityManagerInViewInterceptor : Opening JPA EntityManager in OpenEntityManagerInViewInterceptor
2025-06-17T16:57:08.127Z DEBUG 2698 --- [           main] m.m.a.RequestResponseBodyMethodProcessor : Read "application/json;charset=UTF-8" to [SearchTypeRequest(searchType=PERFUME_TITLE, text=Chanel N5)]
2025-06-17T16:57:08.127Z  INFO 2698 --- [           main] c.g.m.e.controller.PerfumeController     : Searching perfumes by input text. SearchType: PERFUME_TITLE, Text: Chanel N5, Pageable: Page request [number: 0, size 15, sort: UNSORTED]
2025-06-17T16:57:08.128Z  INFO 2698 --- [           main] c.g.m.e.service.Impl.PerfumeServiceImpl  : Finding perfumes by input text: type=PERFUME_TITLE, text=Chanel N5
CLASS: [PerfumeController], METHOD: [findByInputText()], REQUEST: SearchTypeRequest(searchType=PERFUME_TITLE, text=Chanel N5)
Page request [number: 0, size 15, sort: UNSORTED]
CLASS: [PerfumeController], METHOD: [findByInputText()], RESPONSE: <200 OK OK,[com.gmail.merikbest2015.ecommerce.dto.perfume.PerfumeResponse@3687de38],[page-total-count:"1", page-total-elements:"1"]>
2025-06-17T16:57:08.137Z DEBUG 2698 --- [           main] o.s.w.s.m.m.a.HttpEntityMethodProcessor  : Using 'application/json', given [*/*] and supported [application/json, application/*+json, application/yaml]
2025-06-17T16:57:08.137Z DEBUG 2698 --- [           main] o.s.w.s.m.m.a.HttpEntityMethodProcessor  : Writing [[com.gmail.merikbest2015.ecommerce.dto.perfume.PerfumeResponse@3687de38]]
2025-06-17T16:57:08.137Z DEBUG 2698 --- [           main] o.j.s.OpenEntityManagerInViewInterceptor : Closing JPA EntityManager in OpenEntityManagerInViewInterceptor
2025-06-17T16:57:08.137Z DEBUG 2698 --- [           main] o.s.t.web.servlet.TestDispatcherServlet  : Completed 200 OK
2025-06-17T16:57:08.140Z DEBUG 2698 --- [           main] org.springframework.test.context.cache   : Spring test ApplicationContext cache statistics: [DefaultContextCache@46ea1dc size = 1, maxSize = 32, parentContextCount = 0, hitCount = 353, missCount = 1, failureCount = 0]
2025-06-17T16:57:08.140Z DEBUG 2698 --- [           main] org.springframework.test.context.cache   : Spring test ApplicationContext cache statistics: [DefaultContextCache@46ea1dc size = 1, maxSize = 32, parentContextCount = 0, hitCount = 354, missCount = 1, failureCount = 0]
2025-06-17T16:57:08.141Z DEBUG 2698 --- [           main] org.springframework.test.context.cache   : Spring test ApplicationContext cache statistics: [DefaultContextCache@46ea1dc size = 1, maxSize = 32, parentContextCount = 0, hitCount = 355, missCount = 1, failureCount = 0]
2025-06-17T16:57:08.141Z DEBUG 2698 --- [           main] org.springframework.test.context.cache   : Spring test ApplicationContext cache statistics: [DefaultContextCache@46ea1dc size = 1, maxSize = 32, parentContextCount = 0, hitCount = 356, missCount = 1, failureCount = 0]
2025-06-17T16:57:08.141Z DEBUG 2698 --- [           main] org.springframework.test.context.cache   : Spring test ApplicationContext cache statistics: [DefaultContextCache@46ea1dc size = 1, maxSize = 32, parentContextCount = 0, hitCount = 357, missCount = 1, failureCount = 0]
2025-06-17T16:57:08.142Z DEBUG 2698 --- [           main] org.springframework.test.context.cache   : Spring test ApplicationContext cache statistics: [DefaultContextCache@46ea1dc size = 1, maxSize = 32, parentContextCount = 0, hitCount = 358, missCount = 1, failureCount = 0]
2025-06-17T16:57:08.142Z DEBUG 2698 --- [           main] org.springframework.test.context.cache   : Spring test ApplicationContext cache statistics: [DefaultContextCache@46ea1dc size = 1, maxSize = 32, parentContextCount = 0, hitCount = 359, missCount = 1, failureCount = 0]
2025-06-17T16:57:08.142Z DEBUG 2698 --- [           main] org.springframework.test.context.cache   : Spring test ApplicationContext cache statistics: [DefaultContextCache@46ea1dc size = 1, maxSize = 32, parentContextCount = 0, hitCount = 360, missCount = 1, failureCount = 0]
2025-06-17T16:57:08.143Z DEBUG 2698 --- [           main] .s.t.c.j.SqlScriptsTestExecutionListener : Processing merged @SqlConfig attributes for execution phase [AFTER_TEST_METHOD] and test class [com.gmail.merikbest2015.ecommerce.controller.PerfumeControllerTest]
2025-06-17T16:57:08.143Z DEBUG 2698 --- [           main] org.springframework.test.context.cache   : Spring test ApplicationContext cache statistics: [DefaultContextCache@46ea1dc size = 1, maxSize = 32, parentContextCount = 0, hitCount = 361, missCount = 1, failureCount = 0]
2025-06-17T16:57:08.143Z DEBUG 2698 --- [           main] .s.t.c.j.SqlScriptsTestExecutionListener : Executing SQL scripts: [class path resource [sql/create-perfumes-after.sql]]
2025-06-17T16:57:08.143Z DEBUG 2698 --- [           main] org.springframework.test.context.cache   : Spring test ApplicationContext cache statistics: [DefaultContextCache@46ea1dc size = 1, maxSize = 32, parentContextCount = 0, hitCount = 362, missCount = 1, failureCount = 0]
2025-06-17T16:57:08.143Z DEBUG 2698 --- [           main] org.springframework.test.context.cache   : Spring test ApplicationContext cache statistics: [DefaultContextCache@46ea1dc size = 1, maxSize = 32, parentContextCount = 0, hitCount = 363, missCount = 1, failureCount = 0]
2025-06-17T16:57:08.143Z DEBUG 2698 --- [           main] o.s.orm.jpa.JpaTransactionManager        : Creating new transaction with name [com.gmail.merikbest2015.ecommerce.controller.PerfumeControllerTest]: PROPAGATION_REQUIRED,ISOLATION_DEFAULT
2025-06-17T16:57:08.143Z DEBUG 2698 --- [           main] o.s.orm.jpa.JpaTransactionManager        : Opened new EntityManager [SessionImpl(1625425168<open>)] for JPA transaction
2025-06-17T16:57:08.143Z DEBUG 2698 --- [           main] o.s.orm.jpa.JpaTransactionManager        : Exposing JPA transaction as JDBC [org.springframework.orm.jpa.vendor.HibernateJpaDialect$HibernateConnectionHandle@3decdf17]
2025-06-17T16:57:08.143Z DEBUG 2698 --- [           main] o.s.jdbc.datasource.init.ScriptUtils     : Executing SQL script from class path resource [sql/create-perfumes-after.sql]
2025-06-17T16:57:08.144Z DEBUG 2698 --- [           main] o.s.jdbc.datasource.init.ScriptUtils     : 2 returned as update count for SQL: delete from perfume_reviews
2025-06-17T16:57:08.144Z DEBUG 2698 --- [           main] o.s.jdbc.datasource.init.ScriptUtils     : 2 returned as update count for SQL: delete from review
2025-06-17T16:57:08.145Z DEBUG 2698 --- [           main] o.s.jdbc.datasource.init.ScriptUtils     : 27 returned as update count for SQL: delete from perfume
2025-06-17T16:57:08.145Z DEBUG 2698 --- [           main] o.s.jdbc.datasource.init.ScriptUtils     : Executed SQL script from class path resource [sql/create-perfumes-after.sql] in 2 ms.
2025-06-17T16:57:08.145Z DEBUG 2698 --- [           main] o.s.orm.jpa.JpaTransactionManager        : Initiating transaction commit
2025-06-17T16:57:08.145Z DEBUG 2698 --- [           main] o.s.orm.jpa.JpaTransactionManager        : Committing JPA transaction on EntityManager [SessionImpl(1625425168<open>)]
2025-06-17T16:57:08.146Z DEBUG 2698 --- [           main] o.s.orm.jpa.JpaTransactionManager        : Closing JPA EntityManager [SessionImpl(1625425168<open>)] after transaction
2025-06-17T16:57:08.146Z DEBUG 2698 --- [           main] .c.s.DirtiesContextTestExecutionListener : After test method: class [PerfumeControllerTest], method [findByInputText], class annotated with @DirtiesContext [false] with mode [null], method annotated with @DirtiesContext [false] with mode [null]
2025-06-17T16:57:08.146Z DEBUG 2698 --- [           main] ObservationRegistryTestExecutionListener : Restoring ObservationRegistry in ObservationThreadLocalAccessor for test class com.gmail.merikbest2015.ecommerce.controller.PerfumeControllerTest
2025-06-17T16:57:08.146Z DEBUG 2698 --- [           main] o.s.t.c.w.ServletTestExecutionListener   : Resetting RequestContextHolder for test class com.gmail.merikbest2015.ecommerce.controller.PerfumeControllerTest
]]></system-out>
  </testcase>
  <testcase name="getPerfumeById" classname="com.gmail.merikbest2015.ecommerce.controller.PerfumeControllerTest" time="0.062">
    <system-out><![CDATA[2025-06-17T16:57:08.147Z DEBUG 2698 --- [           main] org.springframework.test.context.cache   : Spring test ApplicationContext cache statistics: [DefaultContextCache@46ea1dc size = 1, maxSize = 32, parentContextCount = 0, hitCount = 364, missCount = 1, failureCount = 0]
2025-06-17T16:57:08.147Z DEBUG 2698 --- [           main] o.s.t.c.w.ServletTestExecutionListener   : Setting up MockHttpServletRequest, MockHttpServletResponse, ServletWebRequest, and RequestContextHolder for test class com.gmail.merikbest2015.ecommerce.controller.PerfumeControllerTest
2025-06-17T16:57:08.147Z DEBUG 2698 --- [           main] DependencyInjectionTestExecutionListener : Performing dependency injection for test class com.gmail.merikbest2015.ecommerce.controller.PerfumeControllerTest
2025-06-17T16:57:08.147Z DEBUG 2698 --- [           main] org.springframework.test.context.cache   : Spring test ApplicationContext cache statistics: [DefaultContextCache@46ea1dc size = 1, maxSize = 32, parentContextCount = 0, hitCount = 365, missCount = 1, failureCount = 0]
2025-06-17T16:57:08.147Z DEBUG 2698 --- [           main] org.springframework.test.context.cache   : Spring test ApplicationContext cache statistics: [DefaultContextCache@46ea1dc size = 1, maxSize = 32, parentContextCount = 0, hitCount = 366, missCount = 1, failureCount = 0]
2025-06-17T16:57:08.148Z DEBUG 2698 --- [           main] sContextBeforeModesTestExecutionListener : Before test method: class [PerfumeControllerTest], method [getPerfumeById], class annotated with @DirtiesContext [false] with mode [null], method annotated with @DirtiesContext [false] with mode [null]
2025-06-17T16:57:08.148Z DEBUG 2698 --- [           main] org.springframework.test.context.cache   : Spring test ApplicationContext cache statistics: [DefaultContextCache@46ea1dc size = 1, maxSize = 32, parentContextCount = 0, hitCount = 367, missCount = 1, failureCount = 0]
2025-06-17T16:57:08.148Z DEBUG 2698 --- [           main] ObservationRegistryTestExecutionListener : Registering ObservationRegistry from ApplicationContext in ObservationThreadLocalAccessor for test class com.gmail.merikbest2015.ecommerce.controller.PerfumeControllerTest
2025-06-17T16:57:08.148Z DEBUG 2698 --- [           main] .s.t.c.j.SqlScriptsTestExecutionListener : Processing merged @SqlConfig attributes for execution phase [BEFORE_TEST_METHOD] and test class [com.gmail.merikbest2015.ecommerce.controller.PerfumeControllerTest]
2025-06-17T16:57:08.148Z DEBUG 2698 --- [           main] org.springframework.test.context.cache   : Spring test ApplicationContext cache statistics: [DefaultContextCache@46ea1dc size = 1, maxSize = 32, parentContextCount = 0, hitCount = 368, missCount = 1, failureCount = 0]
2025-06-17T16:57:08.148Z DEBUG 2698 --- [           main] .s.t.c.j.SqlScriptsTestExecutionListener : Executing SQL scripts: [class path resource [sql/create-perfumes-before.sql]]
2025-06-17T16:57:08.148Z DEBUG 2698 --- [           main] org.springframework.test.context.cache   : Spring test ApplicationContext cache statistics: [DefaultContextCache@46ea1dc size = 1, maxSize = 32, parentContextCount = 0, hitCount = 369, missCount = 1, failureCount = 0]
2025-06-17T16:57:08.148Z DEBUG 2698 --- [           main] org.springframework.test.context.cache   : Spring test ApplicationContext cache statistics: [DefaultContextCache@46ea1dc size = 1, maxSize = 32, parentContextCount = 0, hitCount = 370, missCount = 1, failureCount = 0]
2025-06-17T16:57:08.148Z DEBUG 2698 --- [           main] o.s.orm.jpa.JpaTransactionManager        : Creating new transaction with name [com.gmail.merikbest2015.ecommerce.controller.PerfumeControllerTest]: PROPAGATION_REQUIRED,ISOLATION_DEFAULT
2025-06-17T16:57:08.148Z DEBUG 2698 --- [           main] o.s.orm.jpa.JpaTransactionManager        : Opened new EntityManager [SessionImpl(638700302<open>)] for JPA transaction
2025-06-17T16:57:08.148Z DEBUG 2698 --- [           main] o.s.orm.jpa.JpaTransactionManager        : Exposing JPA transaction as JDBC [org.springframework.orm.jpa.vendor.HibernateJpaDialect$HibernateConnectionHandle@562b9059]
2025-06-17T16:57:08.149Z DEBUG 2698 --- [           main] o.s.jdbc.datasource.init.ScriptUtils     : Executing SQL script from class path resource [sql/create-perfumes-before.sql]
2025-06-17T16:57:08.150Z DEBUG 2698 --- [           main] o.s.jdbc.datasource.init.ScriptUtils     : 1 returned as update count for SQL: INSERT INTO perfume (id, country, description, filename, fragrance_base_notes, fragrance_middle_notes, fragrance_top_notes, perfume_gender, perfume_title, perfumer, price, type, volume, year, perfume_rating) VALUES (1, 'Germany', null, 'https://perfumeswebstorage.s3.eu-central-1.amazonaws.com/4735a4c8-e1fc-43ce-8ff9-0bd28d00ce20.Hugo Boss Boss Bottled Night.jpg', 'Salmwood, Musky notes, Sandalwood', 'Cardamom, Jasmine, African violet', 'Birch leaf, Lavender', 'male', 'Boss Bottled Night', 'Hugo Boss', 35, 'Eau de Toilette', '100', 20100, 0)
2025-06-17T16:57:08.151Z DEBUG 2698 --- [           main] o.s.jdbc.datasource.init.ScriptUtils     : 1 returned as update count for SQL: INSERT INTO perfume (id, country, description, filename, fragrance_base_notes, fragrance_middle_notes, fragrance_top_notes, perfume_gender, perfume_title, perfumer, price, type, volume, year, perfume_rating) VALUES (2, 'Germany', null, 'https://perfumeswebstorage.s3.eu-central-1.amazonaws.com/17d6f8a1-aa84-4823-bd18-ccb0fdbe7fe9.Hugo Boss Hugo Man.jpg', 'Moss, Sandalwood, Fir balsam', 'Carnation, Geranium leaf, Jasmine', 'Basil, Grapefruit, Green apple, Mint', 'male', 'Hugo Man', 'Hugo Boss', 21, 'Eau de Toilette', '75', 19950, 0)
2025-06-17T16:57:08.152Z DEBUG 2698 --- [           main] o.s.jdbc.datasource.init.ScriptUtils     : 1 returned as update count for SQL: INSERT INTO perfume (id, country, description, filename, fragrance_base_notes, fragrance_middle_notes, fragrance_top_notes, perfume_gender, perfume_title, perfumer, price, type, volume, year, perfume_rating) VALUES (3, 'Germany', null, 'https://perfumeswebstorage.s3.eu-central-1.amazonaws.com/ba9272ca-20af-4e41-89b7-24018be4acb1.Hugo Boss The Scent.jpg', 'Leather', 'Maninka fruit, Lavender', 'Ginger', 'male', 'The Scent', 'Hugo Boss', 45, 'Eau de Toilette', '100', 20150, 0)
2025-06-17T16:57:08.154Z DEBUG 2698 --- [           main] o.s.jdbc.datasource.init.ScriptUtils     : 1 returned as update count for SQL: INSERT INTO perfume (id, country, description, filename, fragrance_base_notes, fragrance_middle_notes, fragrance_top_notes, perfume_gender, perfume_title, perfumer, price, type, volume, year, perfume_rating) VALUES (4, 'Germany', null, 'https://perfumeswebstorage.s3.eu-central-1.amazonaws.com/540f8e7d-2259-4a20-becf-4ed5cfc2912e.Hugo Boss Boss Woman.jpg', 'Sandalwood, Cedar', 'Freesia, Violet root', 'Mandarin orange, Mango', 'female', 'Boss Woman', 'Hugo Boss', 26, 'Eau de parfum', '90', 20000, 0)
2025-06-17T16:57:08.154Z DEBUG 2698 --- [           main] o.s.jdbc.datasource.init.ScriptUtils     : 1 returned as update count for SQL: INSERT INTO perfume (id, country, description, filename, fragrance_base_notes, fragrance_middle_notes, fragrance_top_notes, perfume_gender, perfume_title, perfumer, price, type, volume, year, perfume_rating) VALUES (5, 'Germany', null, 'https://perfumeswebstorage.s3.eu-central-1.amazonaws.com/1fb6dd1b-a134-4e6f-8215-60d465d33d72.Hugo Boss Hugo Deep Red.jpg', 'Musk, Sandalwood, Vanilla', 'Freesia, Hibiscus, Ginger', 'Pear, Blood orange, Clementine', 'female', 'Deep Red', 'Hugo Boss', 27, 'Eau de parfum', '90', 20010, 0)
2025-06-17T16:57:08.155Z DEBUG 2698 --- [           main] o.s.jdbc.datasource.init.ScriptUtils     : 1 returned as update count for SQL: INSERT INTO perfume (id, country, description, filename, fragrance_base_notes, fragrance_middle_notes, fragrance_top_notes, perfume_gender, perfume_title, perfumer, price, type, volume, year, perfume_rating) VALUES (6, 'Germany', null, 'https://perfumeswebstorage.s3.eu-central-1.amazonaws.com/62e9bf9b-8fea-4eb2-9935-21e868e1b93d.Hugo Boss The Scent For Her.jpg', 'Roasted cocoa', 'Osmanthus', 'Peach, Freesia', 'female', 'The Scent For Her', 'Hugo Boss', 47, 'Eau de parfum', '100', 20160, 0)
2025-06-17T16:57:08.155Z DEBUG 2698 --- [           main] o.s.jdbc.datasource.init.ScriptUtils     : 1 returned as update count for SQL: INSERT INTO perfume (id, country, description, filename, fragrance_base_notes, fragrance_middle_notes, fragrance_top_notes, perfume_gender, perfume_title, perfumer, price, type, volume, year, perfume_rating) VALUES (26, 'Spain', null, 'https://perfumeswebstorage.s3.eu-central-1.amazonaws.com/6524de16-c086-49fe-a6e5-c9efc35f1a02.Carolina Herrera Bad Boy.jpg', 'Tonka bean, Cocoa absolute', 'Cedarwood, Sage', 'Black pepper, White pepper, Italian bergamot', 'male', 'Bad Boy', 'Carolina Herrera', 76, 'Eau de Toilette', '100', 20190, 0)
2025-06-17T16:57:08.156Z DEBUG 2698 --- [           main] o.s.jdbc.datasource.init.ScriptUtils     : 1 returned as update count for SQL: INSERT INTO perfume (id, country, description, filename, fragrance_base_notes, fragrance_middle_notes, fragrance_top_notes, perfume_gender, perfume_title, perfumer, price, type, volume, year, perfume_rating) VALUES (27, 'Spain', null, 'https://perfumeswebstorage.s3.eu-central-1.amazonaws.com/184c9da2-2445-4b01-87b8-b4f8b5f6ab8c.Carolina Herrera Good Girl.jpg', 'Roasted tonka bean, Cocoa, Sandalwood', 'Tuberose, Bulgarian rose, Jasmine sambac', 'Bergamot, Lemon', 'female', 'Good Girl', 'Carolina Herrera', 156, 'Eau de parfum', '150', 20160, 0)
2025-06-17T16:57:08.156Z DEBUG 2698 --- [           main] o.s.jdbc.datasource.init.ScriptUtils     : 1 returned as update count for SQL: INSERT INTO perfume (id, country, description, filename, fragrance_base_notes, fragrance_middle_notes, fragrance_top_notes, perfume_gender, perfume_title, perfumer, price, type, volume, year, perfume_rating) VALUES (28, 'France', null, 'https://perfumeswebstorage.s3.eu-central-1.amazonaws.com/e31f6d6c-e585-40a4-970c-f25322667924.Chanel Allure homme Sport.jpg', 'Amber, Musk, Tonka bean', 'Neroli, Pepper, Cedar', 'Aldehydes, Mandarin orange, Seawater', 'male', 'Allure homme Sport', 'Chanel', 85, 'Eau de Toilette', '100', 20040, 0)
2025-06-17T16:57:08.157Z DEBUG 2698 --- [           main] o.s.jdbc.datasource.init.ScriptUtils     : 1 returned as update count for SQL: INSERT INTO perfume (id, country, description, filename, fragrance_base_notes, fragrance_middle_notes, fragrance_top_notes, perfume_gender, perfume_title, perfumer, price, type, volume, year, perfume_rating) VALUES (29, 'France', null, 'https://perfumeswebstorage.s3.eu-central-1.amazonaws.com/ac6c7a11-97f8-44b1-9b10-f96997212dd4.Chanel Bleu de Chanel Eau de Parfum.jpg', 'Ginger, Sandalwood, Frankincense', 'Grapefruit, Labdanum, Cedar', 'Pink pepper, Vetiver, Citrus notes', 'male', 'Bleu de Chanel', 'Chanel', 88, 'Eau de parfum', '100', 20140, 0)
2025-06-17T16:57:08.157Z DEBUG 2698 --- [           main] o.s.jdbc.datasource.init.ScriptUtils     : 1 returned as update count for SQL: INSERT INTO perfume (id, country, description, filename, fragrance_base_notes, fragrance_middle_notes, fragrance_top_notes, perfume_gender, perfume_title, perfumer, price, type, volume, year, perfume_rating) VALUES (30, 'France', null, 'https://perfumeswebstorage.s3.eu-central-1.amazonaws.com/7049225c-03bb-45a7-ba6a-86274f8668b9.Chanel Egoiste Platinum.jpg', 'Amber, Oakmoss, Sandalwood', 'Galbanum, Geranium, Jasmine', 'Lavender, Neroli, Petitgrain', 'male', 'Egoiste Platinum', 'Chanel', 70, 'Eau de Toilette', '100', 19930, 0)
2025-06-17T16:57:08.158Z DEBUG 2698 --- [           main] o.s.jdbc.datasource.init.ScriptUtils     : 1 returned as update count for SQL: INSERT INTO perfume (id, country, description, filename, fragrance_base_notes, fragrance_middle_notes, fragrance_top_notes, perfume_gender, perfume_title, perfumer, price, type, volume, year, perfume_rating) VALUES (31, 'France', null, 'https://perfumeswebstorage.s3.eu-central-1.amazonaws.com/bcc4bb2a-907d-4531-9d7f-178c765c5ed3.Chanel Chance Eau Fraiche.jpg', 'Amber, Iris, Musk, Patchouli', 'Jasmine, Pink pepper, Water hyacinth', 'Cedar, Citrus fruits', 'female', 'Chance Eau Fraiche', 'Chanel', 90, 'Eau de Toilette', '100', 20070, 0)
2025-06-17T16:57:08.158Z DEBUG 2698 --- [           main] o.s.jdbc.datasource.init.ScriptUtils     : 1 returned as update count for SQL: INSERT INTO perfume (id, country, description, filename, fragrance_base_notes, fragrance_middle_notes, fragrance_top_notes, perfume_gender, perfume_title, perfumer, price, type, volume, year, perfume_rating) VALUES (32, 'France', null, 'https://perfumeswebstorage.s3.eu-central-1.amazonaws.com/2b5f80ca-e0f3-4e99-b5e4-11ccb9153b00.Chanel Gabrielle Essence.jpg', 'Sandalwood, Vanilla, White musk', 'Tuberose, Jasmine, Ylang-ylang', 'Citrus fruits, Red fruits', 'female', 'Gabrielle Essence', 'Chanel', 104, 'Eau de parfum', '100', 20190, 0)
2025-06-17T16:57:08.159Z DEBUG 2698 --- [           main] o.s.jdbc.datasource.init.ScriptUtils     : 1 returned as update count for SQL: INSERT INTO perfume (id, country, description, filename, fragrance_base_notes, fragrance_middle_notes, fragrance_top_notes, perfume_gender, perfume_title, perfumer, price, type, volume, year, perfume_rating) VALUES (33, 'France', null, 'https://perfumeswebstorage.s3.eu-central-1.amazonaws.com/4b51181b-5551-4321-b5e7-f7612584c9b2.Chanel N5.jpg', 'Amber, Sandalwood, Vanilla', 'Iris, Grasse jasmine', 'Aldehydes, Bergamot, Neroli', 'female', 'Chanel N5', 'Chanel', 192, 'Eau de parfum', '200', 19210, 0)
2025-06-17T16:57:08.159Z DEBUG 2698 --- [           main] o.s.jdbc.datasource.init.ScriptUtils     : 1 returned as update count for SQL: INSERT INTO perfume (id, country, description, filename, fragrance_base_notes, fragrance_middle_notes, fragrance_top_notes, perfume_gender, perfume_title, perfumer, price, type, volume, year, perfume_rating) VALUES (34, 'France', null, 'https://perfumeswebstorage.s3.eu-central-1.amazonaws.com/bdb203a9-0725-4ed4-a71a-db7eeb915fae.Creed Aventus.jpg', 'Ambergris, Oakmoss, Musk', 'Birch, Jasmine, Patchouli', 'Pineapple, Apple, Bergamot, Blackcurrant', 'male', 'Aventus', 'Creed', 152, 'Eau de parfum', '100', 20100, 0)
2025-06-17T16:57:08.160Z DEBUG 2698 --- [           main] o.s.jdbc.datasource.init.ScriptUtils     : 1 returned as update count for SQL: INSERT INTO perfume (id, country, description, filename, fragrance_base_notes, fragrance_middle_notes, fragrance_top_notes, perfume_gender, perfume_title, perfumer, price, type, volume, year, perfume_rating) VALUES (35, 'France', null, 'https://perfumeswebstorage.s3.eu-central-1.amazonaws.com/162cfbe2-2dc2-4271-8a63-23981a7e3cc4.Creed Bois du Portugal.jpg', 'Sandalwood, Vetiver, Ambergris', 'Cedarwood', 'Bergamot, Lavender', 'male', 'Bois du Portugal', 'Creed', 110, 'Eau de parfum', '100', 19870, 0)
2025-06-17T16:57:08.160Z DEBUG 2698 --- [           main] o.s.jdbc.datasource.init.ScriptUtils     : 1 returned as update count for SQL: INSERT INTO perfume (id, country, description, filename, fragrance_base_notes, fragrance_middle_notes, fragrance_top_notes, perfume_gender, perfume_title, perfumer, price, type, volume, year, perfume_rating) VALUES (36, 'France', null, 'https://perfumeswebstorage.s3.eu-central-1.amazonaws.com/1d428b77-0ffd-449f-bcaa-04a094b51de7.Creed Original Vetiver.jpg', 'Ambergris, Sandalwood, Musk, Vetiver', 'White pepper, Coriander, Pink pepper', 'Bergamot, Bitter orange, Mandarin orange', 'male', 'Original Vetiver', 'Creed', 97, 'Eau de parfum', '100', 20040, 0)
2025-06-17T16:57:08.160Z DEBUG 2698 --- [           main] o.s.jdbc.datasource.init.ScriptUtils     : 1 returned as update count for SQL: INSERT INTO perfume (id, country, description, filename, fragrance_base_notes, fragrance_middle_notes, fragrance_top_notes, perfume_gender, perfume_title, perfumer, price, type, volume, year, perfume_rating) VALUES (37, 'France', null, 'https://perfumeswebstorage.s3.eu-central-1.amazonaws.com/5fd3de8e-1022-47a2-ae58-a089a65bd90c.Creed Acqua Fiorentina.jpg', 'Grapefruit, Sandalwood, Cedar', 'Bergamot, Pear, Rose', 'Apple, Prune, Greengage plum', 'female', 'Acqua Fiorentina', 'Creed', 100, 'Eau de parfum', '75', 20090, 0)
2025-06-17T16:57:08.161Z DEBUG 2698 --- [           main] o.s.jdbc.datasource.init.ScriptUtils     : 1 returned as update count for SQL: INSERT INTO perfume (id, country, description, filename, fragrance_base_notes, fragrance_middle_notes, fragrance_top_notes, perfume_gender, perfume_title, perfumer, price, type, volume, year, perfume_rating) VALUES (38, 'France', null, 'https://perfumeswebstorage.s3.eu-central-1.amazonaws.com/7d32f694-9cc3-4770-844a-47400e6f5c6b.Creed Aventus for Her.jpg', 'Peach, Blackcurrant, Ylang-ylang', 'Rose, Styrax, Mysore sandalwood', 'Green apple, Violet leaf, Calabrian bergamot', 'female', 'Aventus for Her', 'Creed', 141, 'Eau de parfum', '75', 20160, 0)
2025-06-17T16:57:08.161Z DEBUG 2698 --- [           main] o.s.jdbc.datasource.init.ScriptUtils     : 1 returned as update count for SQL: INSERT INTO perfume (id, country, description, filename, fragrance_base_notes, fragrance_middle_notes, fragrance_top_notes, perfume_gender, perfume_title, perfumer, price, type, volume, year, perfume_rating) VALUES (39, 'France', null, 'https://perfumeswebstorage.s3.eu-central-1.amazonaws.com/cbb8efd1-f55a-4db3-8511-f0b5b446533d.Creed Love in Black.jpg', 'Rose, Burgundy blackcurrant, Violet', 'Florentine iris, Clove', 'White violet', 'female', 'Love in Black', 'Creed', 89, 'Eau de parfum', '75', 20080, 0)
2025-06-17T16:57:08.161Z DEBUG 2698 --- [           main] o.s.jdbc.datasource.init.ScriptUtils     : 1 returned as update count for SQL: INSERT INTO perfume (id, country, description, filename, fragrance_base_notes, fragrance_middle_notes, fragrance_top_notes, perfume_gender, perfume_title, perfumer, price, type, volume, year, perfume_rating) VALUES (40, 'France', null, 'https://perfumeswebstorage.s3.eu-central-1.amazonaws.com/0f0acb70-dc64-474f-878a-1b214d250d94.CreedLoveinWhite.jpg', 'Ambergris, Mysore sandalwood, Vanilla', 'Florentine iris, Yellow narcissus, Magnolia', 'Orange zest', 'female', 'Love in White', 'Creed', 94, 'Eau de parfum', '75', 20050, 0)
2025-06-17T16:57:08.162Z DEBUG 2698 --- [           main] o.s.jdbc.datasource.init.ScriptUtils     : 1 returned as update count for SQL: INSERT INTO perfume (id, country, description, filename, fragrance_base_notes, fragrance_middle_notes, fragrance_top_notes, perfume_gender, perfume_title, perfumer, price, type, volume, year, perfume_rating) VALUES (41, 'France', null, 'https://perfumeswebstorage.s3.eu-central-1.amazonaws.com/0158183f-2412-4c61-a962-7c96e43c19c3.Dior Fahrenheit.jpg', 'Amber, Leather, Musk', 'Carnation, Honeysuckle, Jasmine', 'Bergamot, Camomile, Lavender, Mandarin orange', 'male', 'Fahrenheit', 'Dior', 62, 'Eau de Toilette', '100', 19880, 0)
2025-06-17T16:57:08.162Z DEBUG 2698 --- [           main] o.s.jdbc.datasource.init.ScriptUtils     : 1 returned as update count for SQL: INSERT INTO perfume (id, country, description, filename, fragrance_base_notes, fragrance_middle_notes, fragrance_top_notes, perfume_gender, perfume_title, perfumer, price, type, volume, year, perfume_rating) VALUES (42, 'France', null, 'https://perfumeswebstorage.s3.eu-central-1.amazonaws.com/27f0b3d3-2634-4e74-971a-f780c4480482.Dior Homme.jpg', 'Virginia cedar', 'Ecuadorian ambrette seed', 'Florentine iris absolute', 'male', 'Homme', 'Dior', 90, 'Eau de parfum', '100', 20070, 0)
2025-06-17T16:57:08.162Z DEBUG 2698 --- [           main] o.s.jdbc.datasource.init.ScriptUtils     : 1 returned as update count for SQL: INSERT INTO perfume (id, country, description, filename, fragrance_base_notes, fragrance_middle_notes, fragrance_top_notes, perfume_gender, perfume_title, perfumer, price, type, volume, year, perfume_rating) VALUES (43, 'France', null, 'https://perfumeswebstorage.s3.eu-central-1.amazonaws.com/03e65b3b-7b1f-400c-9bb8-a8956bdaa4be.Dior Sauvage.jpg', 'Ambroxan', 'Bergamot', 'Sichuan Pepper', 'male', 'Sauvage', 'Dior', 62, 'Eau de Toilette', '100', 20150, 0)
2025-06-17T16:57:08.163Z DEBUG 2698 --- [           main] o.s.jdbc.datasource.init.ScriptUtils     : 1 returned as update count for SQL: INSERT INTO perfume (id, country, description, filename, fragrance_base_notes, fragrance_middle_notes, fragrance_top_notes, perfume_gender, perfume_title, perfumer, price, type, volume, year, perfume_rating) VALUES (44, 'France', null, 'https://perfumeswebstorage.s3.eu-central-1.amazonaws.com/94c85cfd-f090-4d49-b2e9-dcff34eec8c1.Dior Jadore.jpg', 'Vanilla, Cedar, Musk', 'Lily of the valley, Rose, Violet', 'Bergamot, Pear, Melon, Peach', 'female', 'Jadore', 'Dior', 81, 'Eau de parfum', '100', 19990, 0)
2025-06-17T16:57:08.163Z DEBUG 2698 --- [           main] o.s.jdbc.datasource.init.ScriptUtils     : 1 returned as update count for SQL: INSERT INTO perfume (id, country, description, filename, fragrance_base_notes, fragrance_middle_notes, fragrance_top_notes, perfume_gender, perfume_title, perfumer, price, type, volume, year, perfume_rating) VALUES (45, 'France', null, 'https://perfumeswebstorage.s3.eu-central-1.amazonaws.com/85f8de21-24d5-473b-8d63-6ba6c2d4d25e.Dior Miss Dior.jpg', 'Ambergris, Musk, Patchouli', 'Jasmine, Caramel, Popcorn', 'Pineapple, Cherry, Mandarin orange', 'female', 'Miss Dior', 'Dior', 90, 'Eau de parfum', '100', 20110, 0)
2025-06-17T16:57:08.164Z DEBUG 2698 --- [           main] o.s.jdbc.datasource.init.ScriptUtils     : 1 returned as update count for SQL: INSERT INTO perfume (id, country, description, filename, fragrance_base_notes, fragrance_middle_notes, fragrance_top_notes, perfume_gender, perfume_title, perfumer, price, type, volume, year, perfume_rating) VALUES (46, 'France', null, 'https://perfumeswebstorage.s3.eu-central-1.amazonaws.com/63534821-1eb9-4b44-afd3-61c3b8ca4a25.Dior Poison Girl.jpg', 'Venezuelan tonka bean', 'Grasse rose', 'Bitter orange', 'female', 'Poison Girl', 'Dior', 75, 'Eau de parfum', '100', 20160, 0)
2025-06-17T16:57:08.165Z DEBUG 2698 --- [           main] o.s.jdbc.datasource.init.ScriptUtils     : 1 returned as update count for SQL: INSERT INTO review (id, author, date, message, rating) VALUES (123, 'John', '2021-02-07', 'Hello world', 5)
2025-06-17T16:57:08.165Z DEBUG 2698 --- [           main] o.s.jdbc.datasource.init.ScriptUtils     : 1 returned as update count for SQL: INSERT INTO review (id, author, date, message, rating) VALUES (124, 'John2', '2021-02-07', 'Hello world2', 4)
2025-06-17T16:57:08.165Z DEBUG 2698 --- [           main] o.s.jdbc.datasource.init.ScriptUtils     : 1 returned as update count for SQL: INSERT INTO perfume_reviews (perfume_id, reviews_id) VALUES (2, 123)
2025-06-17T16:57:08.165Z DEBUG 2698 --- [           main] o.s.jdbc.datasource.init.ScriptUtils     : 1 returned as update count for SQL: INSERT INTO perfume_reviews (perfume_id, reviews_id) VALUES (2, 124)
2025-06-17T16:57:08.166Z DEBUG 2698 --- [           main] o.s.jdbc.datasource.init.ScriptUtils     : Executed SQL script from class path resource [sql/create-perfumes-before.sql] in 16 ms.
2025-06-17T16:57:08.166Z DEBUG 2698 --- [           main] o.s.orm.jpa.JpaTransactionManager        : Initiating transaction commit
2025-06-17T16:57:08.166Z DEBUG 2698 --- [           main] o.s.orm.jpa.JpaTransactionManager        : Committing JPA transaction on EntityManager [SessionImpl(638700302<open>)]
2025-06-17T16:57:08.166Z DEBUG 2698 --- [           main] o.s.orm.jpa.JpaTransactionManager        : Closing JPA EntityManager [SessionImpl(638700302<open>)] after transaction
2025-06-17T16:57:08.167Z DEBUG 2698 --- [           main] org.springframework.test.context.cache   : Spring test ApplicationContext cache statistics: [DefaultContextCache@46ea1dc size = 1, maxSize = 32, parentContextCount = 0, hitCount = 371, missCount = 1, failureCount = 0]
2025-06-17T16:57:08.167Z DEBUG 2698 --- [           main] org.springframework.test.context.cache   : Spring test ApplicationContext cache statistics: [DefaultContextCache@46ea1dc size = 1, maxSize = 32, parentContextCount = 0, hitCount = 372, missCount = 1, failureCount = 0]
2025-06-17T16:57:08.168Z DEBUG 2698 --- [           main] org.springframework.test.context.cache   : Spring test ApplicationContext cache statistics: [DefaultContextCache@46ea1dc size = 1, maxSize = 32, parentContextCount = 0, hitCount = 373, missCount = 1, failureCount = 0]
2025-06-17T16:57:08.169Z DEBUG 2698 --- [           main] org.springframework.test.context.cache   : Spring test ApplicationContext cache statistics: [DefaultContextCache@46ea1dc size = 1, maxSize = 32, parentContextCount = 0, hitCount = 374, missCount = 1, failureCount = 0]
2025-06-17T16:57:08.170Z DEBUG 2698 --- [           main] o.s.security.web.FilterChainProxy        : Securing GET /api/v1/perfumes/1
2025-06-17T16:57:08.171Z DEBUG 2698 --- [           main] o.s.s.w.a.AnonymousAuthenticationFilter  : Set SecurityContextHolder to anonymous SecurityContext
2025-06-17T16:57:08.171Z DEBUG 2698 --- [           main] o.s.security.web.FilterChainProxy        : Secured GET /api/v1/perfumes/1
2025-06-17T16:57:08.171Z DEBUG 2698 --- [           main] o.s.t.web.servlet.TestDispatcherServlet  : GET "/api/v1/perfumes/1", parameters={}
2025-06-17T16:57:08.172Z DEBUG 2698 --- [           main] s.w.s.m.m.a.RequestMappingHandlerMapping : Mapped to com.gmail.merikbest2015.ecommerce.controller.PerfumeController#getPerfumeById(Long)
2025-06-17T16:57:08.172Z DEBUG 2698 --- [           main] o.j.s.OpenEntityManagerInViewInterceptor : Opening JPA EntityManager in OpenEntityManagerInViewInterceptor
2025-06-17T16:57:08.172Z  INFO 2698 --- [           main] c.g.m.e.controller.PerfumeController     : Fetching perfume by ID: 1
2025-06-17T16:57:08.172Z  INFO 2698 --- [           main] c.g.m.e.service.Impl.PerfumeServiceImpl  : Fetching perfume with id 1
2025-06-17T16:57:08.172Z DEBUG 2698 --- [           main] o.s.orm.jpa.JpaTransactionManager        : Found thread-bound EntityManager [SessionImpl(1592737467<open>)] for JPA transaction
2025-06-17T16:57:08.172Z DEBUG 2698 --- [           main] o.s.orm.jpa.JpaTransactionManager        : Creating new transaction with name [org.springframework.data.jpa.repository.support.SimpleJpaRepository.findById]: PROPAGATION_REQUIRED,ISOLATION_DEFAULT,readOnly
2025-06-17T16:57:08.173Z DEBUG 2698 --- [           main] o.s.jdbc.datasource.DataSourceUtils      : Setting JDBC Connection [HikariProxyConnection@1989068755 wrapping org.postgresql.jdbc.PgConnection@35390561] read-only
2025-06-17T16:57:08.173Z DEBUG 2698 --- [           main] o.s.orm.jpa.JpaTransactionManager        : Exposing JPA transaction as JDBC [org.springframework.orm.jpa.vendor.HibernateJpaDialect$HibernateConnectionHandle@7c2d3803]
2025-06-17T16:57:08.178Z DEBUG 2698 --- [           main] o.s.orm.jpa.JpaTransactionManager        : Initiating transaction commit
2025-06-17T16:57:08.178Z DEBUG 2698 --- [           main] o.s.orm.jpa.JpaTransactionManager        : Committing JPA transaction on EntityManager [SessionImpl(1592737467<open>)]
2025-06-17T16:57:08.178Z DEBUG 2698 --- [           main] o.s.jdbc.datasource.DataSourceUtils      : Resetting read-only flag of JDBC Connection [HikariProxyConnection@1989068755 wrapping org.postgresql.jdbc.PgConnection@35390561]
2025-06-17T16:57:08.178Z DEBUG 2698 --- [           main] o.s.orm.jpa.JpaTransactionManager        : Not closing pre-bound JPA EntityManager after transaction
CLASS: [PerfumeController], METHOD: [getPerfumeById()], REQUEST: 1
CLASS: [PerfumeController], METHOD: [getPerfumeById()], RESPONSE: <200 OK OK,com.gmail.merikbest2015.ecommerce.dto.perfume.FullPerfumeResponse@35600f2c,[]>
2025-06-17T16:57:08.198Z DEBUG 2698 --- [           main] o.s.w.s.m.m.a.HttpEntityMethodProcessor  : Using 'application/json', given [*/*] and supported [application/json, application/*+json, application/yaml]
2025-06-17T16:57:08.198Z DEBUG 2698 --- [           main] o.s.w.s.m.m.a.HttpEntityMethodProcessor  : Writing [com.gmail.merikbest2015.ecommerce.dto.perfume.FullPerfumeResponse@35600f2c]
2025-06-17T16:57:08.199Z DEBUG 2698 --- [           main] o.j.s.OpenEntityManagerInViewInterceptor : Closing JPA EntityManager in OpenEntityManagerInViewInterceptor
2025-06-17T16:57:08.199Z DEBUG 2698 --- [           main] o.s.t.web.servlet.TestDispatcherServlet  : Completed 200 OK
2025-06-17T16:57:08.202Z DEBUG 2698 --- [           main] org.springframework.test.context.cache   : Spring test ApplicationContext cache statistics: [DefaultContextCache@46ea1dc size = 1, maxSize = 32, parentContextCount = 0, hitCount = 375, missCount = 1, failureCount = 0]
2025-06-17T16:57:08.202Z DEBUG 2698 --- [           main] org.springframework.test.context.cache   : Spring test ApplicationContext cache statistics: [DefaultContextCache@46ea1dc size = 1, maxSize = 32, parentContextCount = 0, hitCount = 376, missCount = 1, failureCount = 0]
2025-06-17T16:57:08.203Z DEBUG 2698 --- [           main] org.springframework.test.context.cache   : Spring test ApplicationContext cache statistics: [DefaultContextCache@46ea1dc size = 1, maxSize = 32, parentContextCount = 0, hitCount = 377, missCount = 1, failureCount = 0]
2025-06-17T16:57:08.203Z DEBUG 2698 --- [           main] org.springframework.test.context.cache   : Spring test ApplicationContext cache statistics: [DefaultContextCache@46ea1dc size = 1, maxSize = 32, parentContextCount = 0, hitCount = 378, missCount = 1, failureCount = 0]
2025-06-17T16:57:08.203Z DEBUG 2698 --- [           main] org.springframework.test.context.cache   : Spring test ApplicationContext cache statistics: [DefaultContextCache@46ea1dc size = 1, maxSize = 32, parentContextCount = 0, hitCount = 379, missCount = 1, failureCount = 0]
2025-06-17T16:57:08.203Z DEBUG 2698 --- [           main] org.springframework.test.context.cache   : Spring test ApplicationContext cache statistics: [DefaultContextCache@46ea1dc size = 1, maxSize = 32, parentContextCount = 0, hitCount = 380, missCount = 1, failureCount = 0]
2025-06-17T16:57:08.204Z DEBUG 2698 --- [           main] org.springframework.test.context.cache   : Spring test ApplicationContext cache statistics: [DefaultContextCache@46ea1dc size = 1, maxSize = 32, parentContextCount = 0, hitCount = 381, missCount = 1, failureCount = 0]
2025-06-17T16:57:08.204Z DEBUG 2698 --- [           main] org.springframework.test.context.cache   : Spring test ApplicationContext cache statistics: [DefaultContextCache@46ea1dc size = 1, maxSize = 32, parentContextCount = 0, hitCount = 382, missCount = 1, failureCount = 0]
2025-06-17T16:57:08.204Z DEBUG 2698 --- [           main] .s.t.c.j.SqlScriptsTestExecutionListener : Processing merged @SqlConfig attributes for execution phase [AFTER_TEST_METHOD] and test class [com.gmail.merikbest2015.ecommerce.controller.PerfumeControllerTest]
2025-06-17T16:57:08.204Z DEBUG 2698 --- [           main] org.springframework.test.context.cache   : Spring test ApplicationContext cache statistics: [DefaultContextCache@46ea1dc size = 1, maxSize = 32, parentContextCount = 0, hitCount = 383, missCount = 1, failureCount = 0]
2025-06-17T16:57:08.204Z DEBUG 2698 --- [           main] .s.t.c.j.SqlScriptsTestExecutionListener : Executing SQL scripts: [class path resource [sql/create-perfumes-after.sql]]
2025-06-17T16:57:08.204Z DEBUG 2698 --- [           main] org.springframework.test.context.cache   : Spring test ApplicationContext cache statistics: [DefaultContextCache@46ea1dc size = 1, maxSize = 32, parentContextCount = 0, hitCount = 384, missCount = 1, failureCount = 0]
2025-06-17T16:57:08.204Z DEBUG 2698 --- [           main] org.springframework.test.context.cache   : Spring test ApplicationContext cache statistics: [DefaultContextCache@46ea1dc size = 1, maxSize = 32, parentContextCount = 0, hitCount = 385, missCount = 1, failureCount = 0]
2025-06-17T16:57:08.205Z DEBUG 2698 --- [           main] o.s.orm.jpa.JpaTransactionManager        : Creating new transaction with name [com.gmail.merikbest2015.ecommerce.controller.PerfumeControllerTest]: PROPAGATION_REQUIRED,ISOLATION_DEFAULT
2025-06-17T16:57:08.205Z DEBUG 2698 --- [           main] o.s.orm.jpa.JpaTransactionManager        : Opened new EntityManager [SessionImpl(1183813198<open>)] for JPA transaction
2025-06-17T16:57:08.205Z DEBUG 2698 --- [           main] o.s.orm.jpa.JpaTransactionManager        : Exposing JPA transaction as JDBC [org.springframework.orm.jpa.vendor.HibernateJpaDialect$HibernateConnectionHandle@f1a4f92]
2025-06-17T16:57:08.205Z DEBUG 2698 --- [           main] o.s.jdbc.datasource.init.ScriptUtils     : Executing SQL script from class path resource [sql/create-perfumes-after.sql]
2025-06-17T16:57:08.206Z DEBUG 2698 --- [           main] o.s.jdbc.datasource.init.ScriptUtils     : 2 returned as update count for SQL: delete from perfume_reviews
2025-06-17T16:57:08.206Z DEBUG 2698 --- [           main] o.s.jdbc.datasource.init.ScriptUtils     : 2 returned as update count for SQL: delete from review
2025-06-17T16:57:08.207Z DEBUG 2698 --- [           main] o.s.jdbc.datasource.init.ScriptUtils     : 27 returned as update count for SQL: delete from perfume
2025-06-17T16:57:08.207Z DEBUG 2698 --- [           main] o.s.jdbc.datasource.init.ScriptUtils     : Executed SQL script from class path resource [sql/create-perfumes-after.sql] in 2 ms.
2025-06-17T16:57:08.207Z DEBUG 2698 --- [           main] o.s.orm.jpa.JpaTransactionManager        : Initiating transaction commit
2025-06-17T16:57:08.207Z DEBUG 2698 --- [           main] o.s.orm.jpa.JpaTransactionManager        : Committing JPA transaction on EntityManager [SessionImpl(1183813198<open>)]
2025-06-17T16:57:08.208Z DEBUG 2698 --- [           main] o.s.orm.jpa.JpaTransactionManager        : Closing JPA EntityManager [SessionImpl(1183813198<open>)] after transaction
2025-06-17T16:57:08.208Z DEBUG 2698 --- [           main] .c.s.DirtiesContextTestExecutionListener : After test method: class [PerfumeControllerTest], method [getPerfumeById], class annotated with @DirtiesContext [false] with mode [null], method annotated with @DirtiesContext [false] with mode [null]
2025-06-17T16:57:08.208Z DEBUG 2698 --- [           main] ObservationRegistryTestExecutionListener : Restoring ObservationRegistry in ObservationThreadLocalAccessor for test class com.gmail.merikbest2015.ecommerce.controller.PerfumeControllerTest
2025-06-17T16:57:08.208Z DEBUG 2698 --- [           main] o.s.t.c.w.ServletTestExecutionListener   : Resetting RequestContextHolder for test class com.gmail.merikbest2015.ecommerce.controller.PerfumeControllerTest
]]></system-out>
  </testcase>
  <testcase name="getPerfumeByQuery" classname="com.gmail.merikbest2015.ecommerce.controller.PerfumeControllerTest" time="0.17">
    <system-out><![CDATA[2025-06-17T16:57:08.209Z DEBUG 2698 --- [           main] org.springframework.test.context.cache   : Spring test ApplicationContext cache statistics: [DefaultContextCache@46ea1dc size = 1, maxSize = 32, parentContextCount = 0, hitCount = 386, missCount = 1, failureCount = 0]
2025-06-17T16:57:08.209Z DEBUG 2698 --- [           main] o.s.t.c.w.ServletTestExecutionListener   : Setting up MockHttpServletRequest, MockHttpServletResponse, ServletWebRequest, and RequestContextHolder for test class com.gmail.merikbest2015.ecommerce.controller.PerfumeControllerTest
2025-06-17T16:57:08.210Z DEBUG 2698 --- [           main] DependencyInjectionTestExecutionListener : Performing dependency injection for test class com.gmail.merikbest2015.ecommerce.controller.PerfumeControllerTest
2025-06-17T16:57:08.210Z DEBUG 2698 --- [           main] org.springframework.test.context.cache   : Spring test ApplicationContext cache statistics: [DefaultContextCache@46ea1dc size = 1, maxSize = 32, parentContextCount = 0, hitCount = 387, missCount = 1, failureCount = 0]
2025-06-17T16:57:08.210Z DEBUG 2698 --- [           main] org.springframework.test.context.cache   : Spring test ApplicationContext cache statistics: [DefaultContextCache@46ea1dc size = 1, maxSize = 32, parentContextCount = 0, hitCount = 388, missCount = 1, failureCount = 0]
2025-06-17T16:57:08.210Z DEBUG 2698 --- [           main] sContextBeforeModesTestExecutionListener : Before test method: class [PerfumeControllerTest], method [getPerfumeByQuery], class annotated with @DirtiesContext [false] with mode [null], method annotated with @DirtiesContext [false] with mode [null]
2025-06-17T16:57:08.210Z DEBUG 2698 --- [           main] org.springframework.test.context.cache   : Spring test ApplicationContext cache statistics: [DefaultContextCache@46ea1dc size = 1, maxSize = 32, parentContextCount = 0, hitCount = 389, missCount = 1, failureCount = 0]
2025-06-17T16:57:08.210Z DEBUG 2698 --- [           main] ObservationRegistryTestExecutionListener : Registering ObservationRegistry from ApplicationContext in ObservationThreadLocalAccessor for test class com.gmail.merikbest2015.ecommerce.controller.PerfumeControllerTest
2025-06-17T16:57:08.211Z DEBUG 2698 --- [           main] .s.t.c.j.SqlScriptsTestExecutionListener : Processing merged @SqlConfig attributes for execution phase [BEFORE_TEST_METHOD] and test class [com.gmail.merikbest2015.ecommerce.controller.PerfumeControllerTest]
2025-06-17T16:57:08.211Z DEBUG 2698 --- [           main] org.springframework.test.context.cache   : Spring test ApplicationContext cache statistics: [DefaultContextCache@46ea1dc size = 1, maxSize = 32, parentContextCount = 0, hitCount = 390, missCount = 1, failureCount = 0]
2025-06-17T16:57:08.211Z DEBUG 2698 --- [           main] .s.t.c.j.SqlScriptsTestExecutionListener : Executing SQL scripts: [class path resource [sql/create-perfumes-before.sql]]
2025-06-17T16:57:08.211Z DEBUG 2698 --- [           main] org.springframework.test.context.cache   : Spring test ApplicationContext cache statistics: [DefaultContextCache@46ea1dc size = 1, maxSize = 32, parentContextCount = 0, hitCount = 391, missCount = 1, failureCount = 0]
2025-06-17T16:57:08.211Z DEBUG 2698 --- [           main] org.springframework.test.context.cache   : Spring test ApplicationContext cache statistics: [DefaultContextCache@46ea1dc size = 1, maxSize = 32, parentContextCount = 0, hitCount = 392, missCount = 1, failureCount = 0]
2025-06-17T16:57:08.211Z DEBUG 2698 --- [           main] o.s.orm.jpa.JpaTransactionManager        : Creating new transaction with name [com.gmail.merikbest2015.ecommerce.controller.PerfumeControllerTest]: PROPAGATION_REQUIRED,ISOLATION_DEFAULT
2025-06-17T16:57:08.211Z DEBUG 2698 --- [           main] o.s.orm.jpa.JpaTransactionManager        : Opened new EntityManager [SessionImpl(754438249<open>)] for JPA transaction
2025-06-17T16:57:08.211Z DEBUG 2698 --- [           main] o.s.orm.jpa.JpaTransactionManager        : Exposing JPA transaction as JDBC [org.springframework.orm.jpa.vendor.HibernateJpaDialect$HibernateConnectionHandle@1630c647]
2025-06-17T16:57:08.211Z DEBUG 2698 --- [           main] o.s.jdbc.datasource.init.ScriptUtils     : Executing SQL script from class path resource [sql/create-perfumes-before.sql]
2025-06-17T16:57:08.213Z DEBUG 2698 --- [           main] o.s.jdbc.datasource.init.ScriptUtils     : 1 returned as update count for SQL: INSERT INTO perfume (id, country, description, filename, fragrance_base_notes, fragrance_middle_notes, fragrance_top_notes, perfume_gender, perfume_title, perfumer, price, type, volume, year, perfume_rating) VALUES (1, 'Germany', null, 'https://perfumeswebstorage.s3.eu-central-1.amazonaws.com/4735a4c8-e1fc-43ce-8ff9-0bd28d00ce20.Hugo Boss Boss Bottled Night.jpg', 'Salmwood, Musky notes, Sandalwood', 'Cardamom, Jasmine, African violet', 'Birch leaf, Lavender', 'male', 'Boss Bottled Night', 'Hugo Boss', 35, 'Eau de Toilette', '100', 20100, 0)
2025-06-17T16:57:08.214Z DEBUG 2698 --- [           main] o.s.jdbc.datasource.init.ScriptUtils     : 1 returned as update count for SQL: INSERT INTO perfume (id, country, description, filename, fragrance_base_notes, fragrance_middle_notes, fragrance_top_notes, perfume_gender, perfume_title, perfumer, price, type, volume, year, perfume_rating) VALUES (2, 'Germany', null, 'https://perfumeswebstorage.s3.eu-central-1.amazonaws.com/17d6f8a1-aa84-4823-bd18-ccb0fdbe7fe9.Hugo Boss Hugo Man.jpg', 'Moss, Sandalwood, Fir balsam', 'Carnation, Geranium leaf, Jasmine', 'Basil, Grapefruit, Green apple, Mint', 'male', 'Hugo Man', 'Hugo Boss', 21, 'Eau de Toilette', '75', 19950, 0)
2025-06-17T16:57:08.214Z DEBUG 2698 --- [           main] o.s.jdbc.datasource.init.ScriptUtils     : 1 returned as update count for SQL: INSERT INTO perfume (id, country, description, filename, fragrance_base_notes, fragrance_middle_notes, fragrance_top_notes, perfume_gender, perfume_title, perfumer, price, type, volume, year, perfume_rating) VALUES (3, 'Germany', null, 'https://perfumeswebstorage.s3.eu-central-1.amazonaws.com/ba9272ca-20af-4e41-89b7-24018be4acb1.Hugo Boss The Scent.jpg', 'Leather', 'Maninka fruit, Lavender', 'Ginger', 'male', 'The Scent', 'Hugo Boss', 45, 'Eau de Toilette', '100', 20150, 0)
2025-06-17T16:57:08.214Z DEBUG 2698 --- [           main] o.s.jdbc.datasource.init.ScriptUtils     : 1 returned as update count for SQL: INSERT INTO perfume (id, country, description, filename, fragrance_base_notes, fragrance_middle_notes, fragrance_top_notes, perfume_gender, perfume_title, perfumer, price, type, volume, year, perfume_rating) VALUES (4, 'Germany', null, 'https://perfumeswebstorage.s3.eu-central-1.amazonaws.com/540f8e7d-2259-4a20-becf-4ed5cfc2912e.Hugo Boss Boss Woman.jpg', 'Sandalwood, Cedar', 'Freesia, Violet root', 'Mandarin orange, Mango', 'female', 'Boss Woman', 'Hugo Boss', 26, 'Eau de parfum', '90', 20000, 0)
2025-06-17T16:57:08.215Z DEBUG 2698 --- [           main] o.s.jdbc.datasource.init.ScriptUtils     : 1 returned as update count for SQL: INSERT INTO perfume (id, country, description, filename, fragrance_base_notes, fragrance_middle_notes, fragrance_top_notes, perfume_gender, perfume_title, perfumer, price, type, volume, year, perfume_rating) VALUES (5, 'Germany', null, 'https://perfumeswebstorage.s3.eu-central-1.amazonaws.com/1fb6dd1b-a134-4e6f-8215-60d465d33d72.Hugo Boss Hugo Deep Red.jpg', 'Musk, Sandalwood, Vanilla', 'Freesia, Hibiscus, Ginger', 'Pear, Blood orange, Clementine', 'female', 'Deep Red', 'Hugo Boss', 27, 'Eau de parfum', '90', 20010, 0)
2025-06-17T16:57:08.215Z DEBUG 2698 --- [           main] o.s.jdbc.datasource.init.ScriptUtils     : 1 returned as update count for SQL: INSERT INTO perfume (id, country, description, filename, fragrance_base_notes, fragrance_middle_notes, fragrance_top_notes, perfume_gender, perfume_title, perfumer, price, type, volume, year, perfume_rating) VALUES (6, 'Germany', null, 'https://perfumeswebstorage.s3.eu-central-1.amazonaws.com/62e9bf9b-8fea-4eb2-9935-21e868e1b93d.Hugo Boss The Scent For Her.jpg', 'Roasted cocoa', 'Osmanthus', 'Peach, Freesia', 'female', 'The Scent For Her', 'Hugo Boss', 47, 'Eau de parfum', '100', 20160, 0)
2025-06-17T16:57:08.215Z DEBUG 2698 --- [           main] o.s.jdbc.datasource.init.ScriptUtils     : 1 returned as update count for SQL: INSERT INTO perfume (id, country, description, filename, fragrance_base_notes, fragrance_middle_notes, fragrance_top_notes, perfume_gender, perfume_title, perfumer, price, type, volume, year, perfume_rating) VALUES (26, 'Spain', null, 'https://perfumeswebstorage.s3.eu-central-1.amazonaws.com/6524de16-c086-49fe-a6e5-c9efc35f1a02.Carolina Herrera Bad Boy.jpg', 'Tonka bean, Cocoa absolute', 'Cedarwood, Sage', 'Black pepper, White pepper, Italian bergamot', 'male', 'Bad Boy', 'Carolina Herrera', 76, 'Eau de Toilette', '100', 20190, 0)
2025-06-17T16:57:08.216Z DEBUG 2698 --- [           main] o.s.jdbc.datasource.init.ScriptUtils     : 1 returned as update count for SQL: INSERT INTO perfume (id, country, description, filename, fragrance_base_notes, fragrance_middle_notes, fragrance_top_notes, perfume_gender, perfume_title, perfumer, price, type, volume, year, perfume_rating) VALUES (27, 'Spain', null, 'https://perfumeswebstorage.s3.eu-central-1.amazonaws.com/184c9da2-2445-4b01-87b8-b4f8b5f6ab8c.Carolina Herrera Good Girl.jpg', 'Roasted tonka bean, Cocoa, Sandalwood', 'Tuberose, Bulgarian rose, Jasmine sambac', 'Bergamot, Lemon', 'female', 'Good Girl', 'Carolina Herrera', 156, 'Eau de parfum', '150', 20160, 0)
2025-06-17T16:57:08.216Z DEBUG 2698 --- [           main] o.s.jdbc.datasource.init.ScriptUtils     : 1 returned as update count for SQL: INSERT INTO perfume (id, country, description, filename, fragrance_base_notes, fragrance_middle_notes, fragrance_top_notes, perfume_gender, perfume_title, perfumer, price, type, volume, year, perfume_rating) VALUES (28, 'France', null, 'https://perfumeswebstorage.s3.eu-central-1.amazonaws.com/e31f6d6c-e585-40a4-970c-f25322667924.Chanel Allure homme Sport.jpg', 'Amber, Musk, Tonka bean', 'Neroli, Pepper, Cedar', 'Aldehydes, Mandarin orange, Seawater', 'male', 'Allure homme Sport', 'Chanel', 85, 'Eau de Toilette', '100', 20040, 0)
2025-06-17T16:57:08.216Z DEBUG 2698 --- [           main] o.s.jdbc.datasource.init.ScriptUtils     : 1 returned as update count for SQL: INSERT INTO perfume (id, country, description, filename, fragrance_base_notes, fragrance_middle_notes, fragrance_top_notes, perfume_gender, perfume_title, perfumer, price, type, volume, year, perfume_rating) VALUES (29, 'France', null, 'https://perfumeswebstorage.s3.eu-central-1.amazonaws.com/ac6c7a11-97f8-44b1-9b10-f96997212dd4.Chanel Bleu de Chanel Eau de Parfum.jpg', 'Ginger, Sandalwood, Frankincense', 'Grapefruit, Labdanum, Cedar', 'Pink pepper, Vetiver, Citrus notes', 'male', 'Bleu de Chanel', 'Chanel', 88, 'Eau de parfum', '100', 20140, 0)
2025-06-17T16:57:08.217Z DEBUG 2698 --- [           main] o.s.jdbc.datasource.init.ScriptUtils     : 1 returned as update count for SQL: INSERT INTO perfume (id, country, description, filename, fragrance_base_notes, fragrance_middle_notes, fragrance_top_notes, perfume_gender, perfume_title, perfumer, price, type, volume, year, perfume_rating) VALUES (30, 'France', null, 'https://perfumeswebstorage.s3.eu-central-1.amazonaws.com/7049225c-03bb-45a7-ba6a-86274f8668b9.Chanel Egoiste Platinum.jpg', 'Amber, Oakmoss, Sandalwood', 'Galbanum, Geranium, Jasmine', 'Lavender, Neroli, Petitgrain', 'male', 'Egoiste Platinum', 'Chanel', 70, 'Eau de Toilette', '100', 19930, 0)
2025-06-17T16:57:08.217Z DEBUG 2698 --- [           main] o.s.jdbc.datasource.init.ScriptUtils     : 1 returned as update count for SQL: INSERT INTO perfume (id, country, description, filename, fragrance_base_notes, fragrance_middle_notes, fragrance_top_notes, perfume_gender, perfume_title, perfumer, price, type, volume, year, perfume_rating) VALUES (31, 'France', null, 'https://perfumeswebstorage.s3.eu-central-1.amazonaws.com/bcc4bb2a-907d-4531-9d7f-178c765c5ed3.Chanel Chance Eau Fraiche.jpg', 'Amber, Iris, Musk, Patchouli', 'Jasmine, Pink pepper, Water hyacinth', 'Cedar, Citrus fruits', 'female', 'Chance Eau Fraiche', 'Chanel', 90, 'Eau de Toilette', '100', 20070, 0)
2025-06-17T16:57:08.217Z DEBUG 2698 --- [           main] o.s.jdbc.datasource.init.ScriptUtils     : 1 returned as update count for SQL: INSERT INTO perfume (id, country, description, filename, fragrance_base_notes, fragrance_middle_notes, fragrance_top_notes, perfume_gender, perfume_title, perfumer, price, type, volume, year, perfume_rating) VALUES (32, 'France', null, 'https://perfumeswebstorage.s3.eu-central-1.amazonaws.com/2b5f80ca-e0f3-4e99-b5e4-11ccb9153b00.Chanel Gabrielle Essence.jpg', 'Sandalwood, Vanilla, White musk', 'Tuberose, Jasmine, Ylang-ylang', 'Citrus fruits, Red fruits', 'female', 'Gabrielle Essence', 'Chanel', 104, 'Eau de parfum', '100', 20190, 0)
2025-06-17T16:57:08.218Z DEBUG 2698 --- [           main] o.s.jdbc.datasource.init.ScriptUtils     : 1 returned as update count for SQL: INSERT INTO perfume (id, country, description, filename, fragrance_base_notes, fragrance_middle_notes, fragrance_top_notes, perfume_gender, perfume_title, perfumer, price, type, volume, year, perfume_rating) VALUES (33, 'France', null, 'https://perfumeswebstorage.s3.eu-central-1.amazonaws.com/4b51181b-5551-4321-b5e7-f7612584c9b2.Chanel N5.jpg', 'Amber, Sandalwood, Vanilla', 'Iris, Grasse jasmine', 'Aldehydes, Bergamot, Neroli', 'female', 'Chanel N5', 'Chanel', 192, 'Eau de parfum', '200', 19210, 0)
2025-06-17T16:57:08.218Z DEBUG 2698 --- [           main] o.s.jdbc.datasource.init.ScriptUtils     : 1 returned as update count for SQL: INSERT INTO perfume (id, country, description, filename, fragrance_base_notes, fragrance_middle_notes, fragrance_top_notes, perfume_gender, perfume_title, perfumer, price, type, volume, year, perfume_rating) VALUES (34, 'France', null, 'https://perfumeswebstorage.s3.eu-central-1.amazonaws.com/bdb203a9-0725-4ed4-a71a-db7eeb915fae.Creed Aventus.jpg', 'Ambergris, Oakmoss, Musk', 'Birch, Jasmine, Patchouli', 'Pineapple, Apple, Bergamot, Blackcurrant', 'male', 'Aventus', 'Creed', 152, 'Eau de parfum', '100', 20100, 0)
2025-06-17T16:57:08.218Z DEBUG 2698 --- [           main] o.s.jdbc.datasource.init.ScriptUtils     : 1 returned as update count for SQL: INSERT INTO perfume (id, country, description, filename, fragrance_base_notes, fragrance_middle_notes, fragrance_top_notes, perfume_gender, perfume_title, perfumer, price, type, volume, year, perfume_rating) VALUES (35, 'France', null, 'https://perfumeswebstorage.s3.eu-central-1.amazonaws.com/162cfbe2-2dc2-4271-8a63-23981a7e3cc4.Creed Bois du Portugal.jpg', 'Sandalwood, Vetiver, Ambergris', 'Cedarwood', 'Bergamot, Lavender', 'male', 'Bois du Portugal', 'Creed', 110, 'Eau de parfum', '100', 19870, 0)
2025-06-17T16:57:08.219Z DEBUG 2698 --- [           main] o.s.jdbc.datasource.init.ScriptUtils     : 1 returned as update count for SQL: INSERT INTO perfume (id, country, description, filename, fragrance_base_notes, fragrance_middle_notes, fragrance_top_notes, perfume_gender, perfume_title, perfumer, price, type, volume, year, perfume_rating) VALUES (36, 'France', null, 'https://perfumeswebstorage.s3.eu-central-1.amazonaws.com/1d428b77-0ffd-449f-bcaa-04a094b51de7.Creed Original Vetiver.jpg', 'Ambergris, Sandalwood, Musk, Vetiver', 'White pepper, Coriander, Pink pepper', 'Bergamot, Bitter orange, Mandarin orange', 'male', 'Original Vetiver', 'Creed', 97, 'Eau de parfum', '100', 20040, 0)
2025-06-17T16:57:08.219Z DEBUG 2698 --- [           main] o.s.jdbc.datasource.init.ScriptUtils     : 1 returned as update count for SQL: INSERT INTO perfume (id, country, description, filename, fragrance_base_notes, fragrance_middle_notes, fragrance_top_notes, perfume_gender, perfume_title, perfumer, price, type, volume, year, perfume_rating) VALUES (37, 'France', null, 'https://perfumeswebstorage.s3.eu-central-1.amazonaws.com/5fd3de8e-1022-47a2-ae58-a089a65bd90c.Creed Acqua Fiorentina.jpg', 'Grapefruit, Sandalwood, Cedar', 'Bergamot, Pear, Rose', 'Apple, Prune, Greengage plum', 'female', 'Acqua Fiorentina', 'Creed', 100, 'Eau de parfum', '75', 20090, 0)
2025-06-17T16:57:08.219Z DEBUG 2698 --- [           main] o.s.jdbc.datasource.init.ScriptUtils     : 1 returned as update count for SQL: INSERT INTO perfume (id, country, description, filename, fragrance_base_notes, fragrance_middle_notes, fragrance_top_notes, perfume_gender, perfume_title, perfumer, price, type, volume, year, perfume_rating) VALUES (38, 'France', null, 'https://perfumeswebstorage.s3.eu-central-1.amazonaws.com/7d32f694-9cc3-4770-844a-47400e6f5c6b.Creed Aventus for Her.jpg', 'Peach, Blackcurrant, Ylang-ylang', 'Rose, Styrax, Mysore sandalwood', 'Green apple, Violet leaf, Calabrian bergamot', 'female', 'Aventus for Her', 'Creed', 141, 'Eau de parfum', '75', 20160, 0)
2025-06-17T16:57:08.220Z DEBUG 2698 --- [           main] o.s.jdbc.datasource.init.ScriptUtils     : 1 returned as update count for SQL: INSERT INTO perfume (id, country, description, filename, fragrance_base_notes, fragrance_middle_notes, fragrance_top_notes, perfume_gender, perfume_title, perfumer, price, type, volume, year, perfume_rating) VALUES (39, 'France', null, 'https://perfumeswebstorage.s3.eu-central-1.amazonaws.com/cbb8efd1-f55a-4db3-8511-f0b5b446533d.Creed Love in Black.jpg', 'Rose, Burgundy blackcurrant, Violet', 'Florentine iris, Clove', 'White violet', 'female', 'Love in Black', 'Creed', 89, 'Eau de parfum', '75', 20080, 0)
2025-06-17T16:57:08.220Z DEBUG 2698 --- [           main] o.s.jdbc.datasource.init.ScriptUtils     : 1 returned as update count for SQL: INSERT INTO perfume (id, country, description, filename, fragrance_base_notes, fragrance_middle_notes, fragrance_top_notes, perfume_gender, perfume_title, perfumer, price, type, volume, year, perfume_rating) VALUES (40, 'France', null, 'https://perfumeswebstorage.s3.eu-central-1.amazonaws.com/0f0acb70-dc64-474f-878a-1b214d250d94.CreedLoveinWhite.jpg', 'Ambergris, Mysore sandalwood, Vanilla', 'Florentine iris, Yellow narcissus, Magnolia', 'Orange zest', 'female', 'Love in White', 'Creed', 94, 'Eau de parfum', '75', 20050, 0)
2025-06-17T16:57:08.220Z DEBUG 2698 --- [           main] o.s.jdbc.datasource.init.ScriptUtils     : 1 returned as update count for SQL: INSERT INTO perfume (id, country, description, filename, fragrance_base_notes, fragrance_middle_notes, fragrance_top_notes, perfume_gender, perfume_title, perfumer, price, type, volume, year, perfume_rating) VALUES (41, 'France', null, 'https://perfumeswebstorage.s3.eu-central-1.amazonaws.com/0158183f-2412-4c61-a962-7c96e43c19c3.Dior Fahrenheit.jpg', 'Amber, Leather, Musk', 'Carnation, Honeysuckle, Jasmine', 'Bergamot, Camomile, Lavender, Mandarin orange', 'male', 'Fahrenheit', 'Dior', 62, 'Eau de Toilette', '100', 19880, 0)
2025-06-17T16:57:08.221Z DEBUG 2698 --- [           main] o.s.jdbc.datasource.init.ScriptUtils     : 1 returned as update count for SQL: INSERT INTO perfume (id, country, description, filename, fragrance_base_notes, fragrance_middle_notes, fragrance_top_notes, perfume_gender, perfume_title, perfumer, price, type, volume, year, perfume_rating) VALUES (42, 'France', null, 'https://perfumeswebstorage.s3.eu-central-1.amazonaws.com/27f0b3d3-2634-4e74-971a-f780c4480482.Dior Homme.jpg', 'Virginia cedar', 'Ecuadorian ambrette seed', 'Florentine iris absolute', 'male', 'Homme', 'Dior', 90, 'Eau de parfum', '100', 20070, 0)
2025-06-17T16:57:08.221Z DEBUG 2698 --- [           main] o.s.jdbc.datasource.init.ScriptUtils     : 1 returned as update count for SQL: INSERT INTO perfume (id, country, description, filename, fragrance_base_notes, fragrance_middle_notes, fragrance_top_notes, perfume_gender, perfume_title, perfumer, price, type, volume, year, perfume_rating) VALUES (43, 'France', null, 'https://perfumeswebstorage.s3.eu-central-1.amazonaws.com/03e65b3b-7b1f-400c-9bb8-a8956bdaa4be.Dior Sauvage.jpg', 'Ambroxan', 'Bergamot', 'Sichuan Pepper', 'male', 'Sauvage', 'Dior', 62, 'Eau de Toilette', '100', 20150, 0)
2025-06-17T16:57:08.221Z DEBUG 2698 --- [           main] o.s.jdbc.datasource.init.ScriptUtils     : 1 returned as update count for SQL: INSERT INTO perfume (id, country, description, filename, fragrance_base_notes, fragrance_middle_notes, fragrance_top_notes, perfume_gender, perfume_title, perfumer, price, type, volume, year, perfume_rating) VALUES (44, 'France', null, 'https://perfumeswebstorage.s3.eu-central-1.amazonaws.com/94c85cfd-f090-4d49-b2e9-dcff34eec8c1.Dior Jadore.jpg', 'Vanilla, Cedar, Musk', 'Lily of the valley, Rose, Violet', 'Bergamot, Pear, Melon, Peach', 'female', 'Jadore', 'Dior', 81, 'Eau de parfum', '100', 19990, 0)
2025-06-17T16:57:08.222Z DEBUG 2698 --- [           main] o.s.jdbc.datasource.init.ScriptUtils     : 1 returned as update count for SQL: INSERT INTO perfume (id, country, description, filename, fragrance_base_notes, fragrance_middle_notes, fragrance_top_notes, perfume_gender, perfume_title, perfumer, price, type, volume, year, perfume_rating) VALUES (45, 'France', null, 'https://perfumeswebstorage.s3.eu-central-1.amazonaws.com/85f8de21-24d5-473b-8d63-6ba6c2d4d25e.Dior Miss Dior.jpg', 'Ambergris, Musk, Patchouli', 'Jasmine, Caramel, Popcorn', 'Pineapple, Cherry, Mandarin orange', 'female', 'Miss Dior', 'Dior', 90, 'Eau de parfum', '100', 20110, 0)
2025-06-17T16:57:08.222Z DEBUG 2698 --- [           main] o.s.jdbc.datasource.init.ScriptUtils     : 1 returned as update count for SQL: INSERT INTO perfume (id, country, description, filename, fragrance_base_notes, fragrance_middle_notes, fragrance_top_notes, perfume_gender, perfume_title, perfumer, price, type, volume, year, perfume_rating) VALUES (46, 'France', null, 'https://perfumeswebstorage.s3.eu-central-1.amazonaws.com/63534821-1eb9-4b44-afd3-61c3b8ca4a25.Dior Poison Girl.jpg', 'Venezuelan tonka bean', 'Grasse rose', 'Bitter orange', 'female', 'Poison Girl', 'Dior', 75, 'Eau de parfum', '100', 20160, 0)
2025-06-17T16:57:08.222Z DEBUG 2698 --- [           main] o.s.jdbc.datasource.init.ScriptUtils     : 1 returned as update count for SQL: INSERT INTO review (id, author, date, message, rating) VALUES (123, 'John', '2021-02-07', 'Hello world', 5)
2025-06-17T16:57:08.222Z DEBUG 2698 --- [           main] o.s.jdbc.datasource.init.ScriptUtils     : 1 returned as update count for SQL: INSERT INTO review (id, author, date, message, rating) VALUES (124, 'John2', '2021-02-07', 'Hello world2', 4)
2025-06-17T16:57:08.223Z DEBUG 2698 --- [           main] o.s.jdbc.datasource.init.ScriptUtils     : 1 returned as update count for SQL: INSERT INTO perfume_reviews (perfume_id, reviews_id) VALUES (2, 123)
2025-06-17T16:57:08.223Z DEBUG 2698 --- [           main] o.s.jdbc.datasource.init.ScriptUtils     : 1 returned as update count for SQL: INSERT INTO perfume_reviews (perfume_id, reviews_id) VALUES (2, 124)
2025-06-17T16:57:08.223Z DEBUG 2698 --- [           main] o.s.jdbc.datasource.init.ScriptUtils     : Executed SQL script from class path resource [sql/create-perfumes-before.sql] in 12 ms.
2025-06-17T16:57:08.223Z DEBUG 2698 --- [           main] o.s.orm.jpa.JpaTransactionManager        : Initiating transaction commit
2025-06-17T16:57:08.223Z DEBUG 2698 --- [           main] o.s.orm.jpa.JpaTransactionManager        : Committing JPA transaction on EntityManager [SessionImpl(754438249<open>)]
2025-06-17T16:57:08.224Z DEBUG 2698 --- [           main] o.s.orm.jpa.JpaTransactionManager        : Closing JPA EntityManager [SessionImpl(754438249<open>)] after transaction
2025-06-17T16:57:08.224Z DEBUG 2698 --- [           main] org.springframework.test.context.cache   : Spring test ApplicationContext cache statistics: [DefaultContextCache@46ea1dc size = 1, maxSize = 32, parentContextCount = 0, hitCount = 393, missCount = 1, failureCount = 0]
2025-06-17T16:57:08.225Z DEBUG 2698 --- [           main] org.springframework.test.context.cache   : Spring test ApplicationContext cache statistics: [DefaultContextCache@46ea1dc size = 1, maxSize = 32, parentContextCount = 0, hitCount = 394, missCount = 1, failureCount = 0]
2025-06-17T16:57:08.226Z DEBUG 2698 --- [           main] org.springframework.test.context.cache   : Spring test ApplicationContext cache statistics: [DefaultContextCache@46ea1dc size = 1, maxSize = 32, parentContextCount = 0, hitCount = 395, missCount = 1, failureCount = 0]
2025-06-17T16:57:08.249Z DEBUG 2698 --- [           main] org.springframework.test.context.cache   : Spring test ApplicationContext cache statistics: [DefaultContextCache@46ea1dc size = 1, maxSize = 32, parentContextCount = 0, hitCount = 396, missCount = 1, failureCount = 0]
2025-06-17T16:57:08.252Z DEBUG 2698 --- [           main] o.s.test.util.ReflectionTestUtils        : Invoking method 'getFilters' on target object [FilterChainProxy[Filter Chains: null]] or target class [null] with arguments {org.springframework.mock.web.MockHttpServletRequest@50ae440c}
2025-06-17T16:57:08.252Z DEBUG 2698 --- [           main] o.s.test.util.ReflectionTestUtils        : Getting field 'tokenRepository' from target object [org.springframework.security.web.csrf.CsrfFilter@6bbb8dce] or target class [class org.springframework.security.web.csrf.CsrfFilter]
2025-06-17T16:57:08.252Z DEBUG 2698 --- [           main] o.s.test.util.ReflectionTestUtils        : Invoking method 'getFilters' on target object [FilterChainProxy[Filter Chains: null]] or target class [null] with arguments {org.springframework.mock.web.MockHttpServletRequest@50ae440c}
2025-06-17T16:57:08.252Z DEBUG 2698 --- [           main] o.s.test.util.ReflectionTestUtils        : Getting field 'requestHandler' from target object [org.springframework.security.web.csrf.CsrfFilter@6bbb8dce] or target class [class org.springframework.security.web.csrf.CsrfFilter]
2025-06-17T16:57:08.253Z DEBUG 2698 --- [           main] o.s.security.web.FilterChainProxy        : Securing POST /api/v1/perfumes/graphql/perfume
2025-06-17T16:57:08.254Z DEBUG 2698 --- [           main] o.s.s.w.a.AnonymousAuthenticationFilter  : Set SecurityContextHolder to anonymous SecurityContext
2025-06-17T16:57:08.254Z DEBUG 2698 --- [           main] o.s.security.web.FilterChainProxy        : Secured POST /api/v1/perfumes/graphql/perfume
2025-06-17T16:57:08.254Z DEBUG 2698 --- [           main] o.s.t.web.servlet.TestDispatcherServlet  : POST "/api/v1/perfumes/graphql/perfume", parameters={masked}
2025-06-17T16:57:08.255Z DEBUG 2698 --- [           main] s.w.s.m.m.a.RequestMappingHandlerMapping : Mapped to com.gmail.merikbest2015.ecommerce.controller.PerfumeController#getPerfumeByQuery(GraphQLRequest)
2025-06-17T16:57:08.255Z DEBUG 2698 --- [           main] o.j.s.OpenEntityManagerInViewInterceptor : Opening JPA EntityManager in OpenEntityManagerInViewInterceptor
2025-06-17T16:57:08.257Z DEBUG 2698 --- [           main] m.m.a.RequestResponseBodyMethodProcessor : Read "application/json;charset=UTF-8" to [GraphQLRequest(query={ perfume(id: 1) { id perfumeTitle perfumer price } })]
2025-06-17T16:57:08.257Z  INFO 2698 --- [           main] c.g.m.e.controller.PerfumeController     : GraphQL query for perfume received
2025-06-17T16:57:08.336Z  INFO 2698 --- [           main] c.g.m.e.service.Impl.PerfumeServiceImpl  : GraphQL query: fetching perfume by id 1
2025-06-17T16:57:08.336Z DEBUG 2698 --- [           main] o.s.orm.jpa.JpaTransactionManager        : Found thread-bound EntityManager [SessionImpl(1886929610<open>)] for JPA transaction
2025-06-17T16:57:08.336Z DEBUG 2698 --- [           main] o.s.orm.jpa.JpaTransactionManager        : Creating new transaction with name [org.springframework.data.jpa.repository.support.SimpleJpaRepository.findById]: PROPAGATION_REQUIRED,ISOLATION_DEFAULT,readOnly
2025-06-17T16:57:08.336Z DEBUG 2698 --- [           main] o.s.jdbc.datasource.DataSourceUtils      : Setting JDBC Connection [HikariProxyConnection@2004567560 wrapping org.postgresql.jdbc.PgConnection@35390561] read-only
2025-06-17T16:57:08.336Z DEBUG 2698 --- [           main] o.s.orm.jpa.JpaTransactionManager        : Exposing JPA transaction as JDBC [org.springframework.orm.jpa.vendor.HibernateJpaDialect$HibernateConnectionHandle@17d6226e]
2025-06-17T16:57:08.338Z DEBUG 2698 --- [           main] o.s.orm.jpa.JpaTransactionManager        : Initiating transaction commit
2025-06-17T16:57:08.338Z DEBUG 2698 --- [           main] o.s.orm.jpa.JpaTransactionManager        : Committing JPA transaction on EntityManager [SessionImpl(1886929610<open>)]
2025-06-17T16:57:08.338Z DEBUG 2698 --- [           main] o.s.jdbc.datasource.DataSourceUtils      : Resetting read-only flag of JDBC Connection [HikariProxyConnection@2004567560 wrapping org.postgresql.jdbc.PgConnection@35390561]
2025-06-17T16:57:08.338Z DEBUG 2698 --- [           main] o.s.orm.jpa.JpaTransactionManager        : Not closing pre-bound JPA EntityManager after transaction
CLASS: [PerfumeController], METHOD: [getPerfumeByQuery()], REQUEST: GraphQLRequest(query={ perfume(id: 1) { id perfumeTitle perfumer price } })
CLASS: [PerfumeController], METHOD: [getPerfumeByQuery()], RESPONSE: <200 OK OK,ExecutionResultImpl{errors=[], data={perfume={id=1, perfumeTitle=Boss Bottled Night, perfumer=Hugo Boss, price=35}}, dataPresent=true, extensions=null},[]>
2025-06-17T16:57:08.364Z DEBUG 2698 --- [           main] o.s.w.s.m.m.a.HttpEntityMethodProcessor  : Using 'application/json', given [*/*] and supported [application/json, application/*+json, application/yaml]
2025-06-17T16:57:08.365Z DEBUG 2698 --- [           main] o.s.w.s.m.m.a.HttpEntityMethodProcessor  : Writing [ExecutionResultImpl{errors=[], data={perfume={id=1, perfumeTitle=Boss Bottled Night, perfumer=Hugo B (truncated)...]
2025-06-17T16:57:08.370Z DEBUG 2698 --- [           main] o.j.s.OpenEntityManagerInViewInterceptor : Closing JPA EntityManager in OpenEntityManagerInViewInterceptor
2025-06-17T16:57:08.370Z DEBUG 2698 --- [           main] o.s.t.web.servlet.TestDispatcherServlet  : Completed 200 OK
2025-06-17T16:57:08.372Z DEBUG 2698 --- [           main] org.springframework.test.context.cache   : Spring test ApplicationContext cache statistics: [DefaultContextCache@46ea1dc size = 1, maxSize = 32, parentContextCount = 0, hitCount = 397, missCount = 1, failureCount = 0]
2025-06-17T16:57:08.372Z DEBUG 2698 --- [           main] org.springframework.test.context.cache   : Spring test ApplicationContext cache statistics: [DefaultContextCache@46ea1dc size = 1, maxSize = 32, parentContextCount = 0, hitCount = 398, missCount = 1, failureCount = 0]
2025-06-17T16:57:08.374Z DEBUG 2698 --- [           main] org.springframework.test.context.cache   : Spring test ApplicationContext cache statistics: [DefaultContextCache@46ea1dc size = 1, maxSize = 32, parentContextCount = 0, hitCount = 399, missCount = 1, failureCount = 0]
2025-06-17T16:57:08.374Z DEBUG 2698 --- [           main] org.springframework.test.context.cache   : Spring test ApplicationContext cache statistics: [DefaultContextCache@46ea1dc size = 1, maxSize = 32, parentContextCount = 0, hitCount = 400, missCount = 1, failureCount = 0]
2025-06-17T16:57:08.374Z DEBUG 2698 --- [           main] org.springframework.test.context.cache   : Spring test ApplicationContext cache statistics: [DefaultContextCache@46ea1dc size = 1, maxSize = 32, parentContextCount = 0, hitCount = 401, missCount = 1, failureCount = 0]
2025-06-17T16:57:08.374Z DEBUG 2698 --- [           main] org.springframework.test.context.cache   : Spring test ApplicationContext cache statistics: [DefaultContextCache@46ea1dc size = 1, maxSize = 32, parentContextCount = 0, hitCount = 402, missCount = 1, failureCount = 0]
2025-06-17T16:57:08.375Z DEBUG 2698 --- [           main] org.springframework.test.context.cache   : Spring test ApplicationContext cache statistics: [DefaultContextCache@46ea1dc size = 1, maxSize = 32, parentContextCount = 0, hitCount = 403, missCount = 1, failureCount = 0]
2025-06-17T16:57:08.375Z DEBUG 2698 --- [           main] org.springframework.test.context.cache   : Spring test ApplicationContext cache statistics: [DefaultContextCache@46ea1dc size = 1, maxSize = 32, parentContextCount = 0, hitCount = 404, missCount = 1, failureCount = 0]
2025-06-17T16:57:08.375Z DEBUG 2698 --- [           main] .s.t.c.j.SqlScriptsTestExecutionListener : Processing merged @SqlConfig attributes for execution phase [AFTER_TEST_METHOD] and test class [com.gmail.merikbest2015.ecommerce.controller.PerfumeControllerTest]
2025-06-17T16:57:08.376Z DEBUG 2698 --- [           main] org.springframework.test.context.cache   : Spring test ApplicationContext cache statistics: [DefaultContextCache@46ea1dc size = 1, maxSize = 32, parentContextCount = 0, hitCount = 405, missCount = 1, failureCount = 0]
2025-06-17T16:57:08.376Z DEBUG 2698 --- [           main] .s.t.c.j.SqlScriptsTestExecutionListener : Executing SQL scripts: [class path resource [sql/create-perfumes-after.sql]]
2025-06-17T16:57:08.376Z DEBUG 2698 --- [           main] org.springframework.test.context.cache   : Spring test ApplicationContext cache statistics: [DefaultContextCache@46ea1dc size = 1, maxSize = 32, parentContextCount = 0, hitCount = 406, missCount = 1, failureCount = 0]
2025-06-17T16:57:08.376Z DEBUG 2698 --- [           main] org.springframework.test.context.cache   : Spring test ApplicationContext cache statistics: [DefaultContextCache@46ea1dc size = 1, maxSize = 32, parentContextCount = 0, hitCount = 407, missCount = 1, failureCount = 0]
2025-06-17T16:57:08.376Z DEBUG 2698 --- [           main] o.s.orm.jpa.JpaTransactionManager        : Creating new transaction with name [com.gmail.merikbest2015.ecommerce.controller.PerfumeControllerTest]: PROPAGATION_REQUIRED,ISOLATION_DEFAULT
2025-06-17T16:57:08.376Z DEBUG 2698 --- [           main] o.s.orm.jpa.JpaTransactionManager        : Opened new EntityManager [SessionImpl(53130176<open>)] for JPA transaction
2025-06-17T16:57:08.376Z DEBUG 2698 --- [           main] o.s.orm.jpa.JpaTransactionManager        : Exposing JPA transaction as JDBC [org.springframework.orm.jpa.vendor.HibernateJpaDialect$HibernateConnectionHandle@57fbccef]
2025-06-17T16:57:08.376Z DEBUG 2698 --- [           main] o.s.jdbc.datasource.init.ScriptUtils     : Executing SQL script from class path resource [sql/create-perfumes-after.sql]
2025-06-17T16:57:08.377Z DEBUG 2698 --- [           main] o.s.jdbc.datasource.init.ScriptUtils     : 2 returned as update count for SQL: delete from perfume_reviews
2025-06-17T16:57:08.378Z DEBUG 2698 --- [           main] o.s.jdbc.datasource.init.ScriptUtils     : 2 returned as update count for SQL: delete from review
2025-06-17T16:57:08.379Z DEBUG 2698 --- [           main] o.s.jdbc.datasource.init.ScriptUtils     : 27 returned as update count for SQL: delete from perfume
2025-06-17T16:57:08.379Z DEBUG 2698 --- [           main] o.s.jdbc.datasource.init.ScriptUtils     : Executed SQL script from class path resource [sql/create-perfumes-after.sql] in 3 ms.
2025-06-17T16:57:08.379Z DEBUG 2698 --- [           main] o.s.orm.jpa.JpaTransactionManager        : Initiating transaction commit
2025-06-17T16:57:08.379Z DEBUG 2698 --- [           main] o.s.orm.jpa.JpaTransactionManager        : Committing JPA transaction on EntityManager [SessionImpl(53130176<open>)]
2025-06-17T16:57:08.380Z DEBUG 2698 --- [           main] o.s.orm.jpa.JpaTransactionManager        : Closing JPA EntityManager [SessionImpl(53130176<open>)] after transaction
2025-06-17T16:57:08.380Z DEBUG 2698 --- [           main] .c.s.DirtiesContextTestExecutionListener : After test method: class [PerfumeControllerTest], method [getPerfumeByQuery], class annotated with @DirtiesContext [false] with mode [null], method annotated with @DirtiesContext [false] with mode [null]
2025-06-17T16:57:08.380Z DEBUG 2698 --- [           main] ObservationRegistryTestExecutionListener : Restoring ObservationRegistry in ObservationThreadLocalAccessor for test class com.gmail.merikbest2015.ecommerce.controller.PerfumeControllerTest
2025-06-17T16:57:08.380Z DEBUG 2698 --- [           main] o.s.t.c.w.ServletTestExecutionListener   : Resetting RequestContextHolder for test class com.gmail.merikbest2015.ecommerce.controller.PerfumeControllerTest
]]></system-out>
  </testcase>
  <testcase name="findByPerfumeGender" classname="com.gmail.merikbest2015.ecommerce.controller.PerfumeControllerTest" time="0.069">
    <system-out><![CDATA[2025-06-17T16:57:08.381Z DEBUG 2698 --- [           main] org.springframework.test.context.cache   : Spring test ApplicationContext cache statistics: [DefaultContextCache@46ea1dc size = 1, maxSize = 32, parentContextCount = 0, hitCount = 408, missCount = 1, failureCount = 0]
2025-06-17T16:57:08.381Z DEBUG 2698 --- [           main] o.s.t.c.w.ServletTestExecutionListener   : Setting up MockHttpServletRequest, MockHttpServletResponse, ServletWebRequest, and RequestContextHolder for test class com.gmail.merikbest2015.ecommerce.controller.PerfumeControllerTest
2025-06-17T16:57:08.381Z DEBUG 2698 --- [           main] DependencyInjectionTestExecutionListener : Performing dependency injection for test class com.gmail.merikbest2015.ecommerce.controller.PerfumeControllerTest
2025-06-17T16:57:08.381Z DEBUG 2698 --- [           main] org.springframework.test.context.cache   : Spring test ApplicationContext cache statistics: [DefaultContextCache@46ea1dc size = 1, maxSize = 32, parentContextCount = 0, hitCount = 409, missCount = 1, failureCount = 0]
2025-06-17T16:57:08.381Z DEBUG 2698 --- [           main] org.springframework.test.context.cache   : Spring test ApplicationContext cache statistics: [DefaultContextCache@46ea1dc size = 1, maxSize = 32, parentContextCount = 0, hitCount = 410, missCount = 1, failureCount = 0]
2025-06-17T16:57:08.382Z DEBUG 2698 --- [           main] sContextBeforeModesTestExecutionListener : Before test method: class [PerfumeControllerTest], method [findByPerfumeGender], class annotated with @DirtiesContext [false] with mode [null], method annotated with @DirtiesContext [false] with mode [null]
2025-06-17T16:57:08.382Z DEBUG 2698 --- [           main] org.springframework.test.context.cache   : Spring test ApplicationContext cache statistics: [DefaultContextCache@46ea1dc size = 1, maxSize = 32, parentContextCount = 0, hitCount = 411, missCount = 1, failureCount = 0]
2025-06-17T16:57:08.382Z DEBUG 2698 --- [           main] ObservationRegistryTestExecutionListener : Registering ObservationRegistry from ApplicationContext in ObservationThreadLocalAccessor for test class com.gmail.merikbest2015.ecommerce.controller.PerfumeControllerTest
2025-06-17T16:57:08.382Z DEBUG 2698 --- [           main] .s.t.c.j.SqlScriptsTestExecutionListener : Processing merged @SqlConfig attributes for execution phase [BEFORE_TEST_METHOD] and test class [com.gmail.merikbest2015.ecommerce.controller.PerfumeControllerTest]
2025-06-17T16:57:08.382Z DEBUG 2698 --- [           main] org.springframework.test.context.cache   : Spring test ApplicationContext cache statistics: [DefaultContextCache@46ea1dc size = 1, maxSize = 32, parentContextCount = 0, hitCount = 412, missCount = 1, failureCount = 0]
2025-06-17T16:57:08.382Z DEBUG 2698 --- [           main] .s.t.c.j.SqlScriptsTestExecutionListener : Executing SQL scripts: [class path resource [sql/create-perfumes-before.sql]]
2025-06-17T16:57:08.382Z DEBUG 2698 --- [           main] org.springframework.test.context.cache   : Spring test ApplicationContext cache statistics: [DefaultContextCache@46ea1dc size = 1, maxSize = 32, parentContextCount = 0, hitCount = 413, missCount = 1, failureCount = 0]
2025-06-17T16:57:08.382Z DEBUG 2698 --- [           main] org.springframework.test.context.cache   : Spring test ApplicationContext cache statistics: [DefaultContextCache@46ea1dc size = 1, maxSize = 32, parentContextCount = 0, hitCount = 414, missCount = 1, failureCount = 0]
2025-06-17T16:57:08.382Z DEBUG 2698 --- [           main] o.s.orm.jpa.JpaTransactionManager        : Creating new transaction with name [com.gmail.merikbest2015.ecommerce.controller.PerfumeControllerTest]: PROPAGATION_REQUIRED,ISOLATION_DEFAULT
2025-06-17T16:57:08.382Z DEBUG 2698 --- [           main] o.s.orm.jpa.JpaTransactionManager        : Opened new EntityManager [SessionImpl(529305272<open>)] for JPA transaction
2025-06-17T16:57:08.382Z DEBUG 2698 --- [           main] o.s.orm.jpa.JpaTransactionManager        : Exposing JPA transaction as JDBC [org.springframework.orm.jpa.vendor.HibernateJpaDialect$HibernateConnectionHandle@496e8a3a]
2025-06-17T16:57:08.383Z DEBUG 2698 --- [           main] o.s.jdbc.datasource.init.ScriptUtils     : Executing SQL script from class path resource [sql/create-perfumes-before.sql]
2025-06-17T16:57:08.385Z DEBUG 2698 --- [           main] o.s.jdbc.datasource.init.ScriptUtils     : 1 returned as update count for SQL: INSERT INTO perfume (id, country, description, filename, fragrance_base_notes, fragrance_middle_notes, fragrance_top_notes, perfume_gender, perfume_title, perfumer, price, type, volume, year, perfume_rating) VALUES (1, 'Germany', null, 'https://perfumeswebstorage.s3.eu-central-1.amazonaws.com/4735a4c8-e1fc-43ce-8ff9-0bd28d00ce20.Hugo Boss Boss Bottled Night.jpg', 'Salmwood, Musky notes, Sandalwood', 'Cardamom, Jasmine, African violet', 'Birch leaf, Lavender', 'male', 'Boss Bottled Night', 'Hugo Boss', 35, 'Eau de Toilette', '100', 20100, 0)
2025-06-17T16:57:08.385Z DEBUG 2698 --- [           main] o.s.jdbc.datasource.init.ScriptUtils     : 1 returned as update count for SQL: INSERT INTO perfume (id, country, description, filename, fragrance_base_notes, fragrance_middle_notes, fragrance_top_notes, perfume_gender, perfume_title, perfumer, price, type, volume, year, perfume_rating) VALUES (2, 'Germany', null, 'https://perfumeswebstorage.s3.eu-central-1.amazonaws.com/17d6f8a1-aa84-4823-bd18-ccb0fdbe7fe9.Hugo Boss Hugo Man.jpg', 'Moss, Sandalwood, Fir balsam', 'Carnation, Geranium leaf, Jasmine', 'Basil, Grapefruit, Green apple, Mint', 'male', 'Hugo Man', 'Hugo Boss', 21, 'Eau de Toilette', '75', 19950, 0)
2025-06-17T16:57:08.389Z DEBUG 2698 --- [           main] o.s.jdbc.datasource.init.ScriptUtils     : 1 returned as update count for SQL: INSERT INTO perfume (id, country, description, filename, fragrance_base_notes, fragrance_middle_notes, fragrance_top_notes, perfume_gender, perfume_title, perfumer, price, type, volume, year, perfume_rating) VALUES (3, 'Germany', null, 'https://perfumeswebstorage.s3.eu-central-1.amazonaws.com/ba9272ca-20af-4e41-89b7-24018be4acb1.Hugo Boss The Scent.jpg', 'Leather', 'Maninka fruit, Lavender', 'Ginger', 'male', 'The Scent', 'Hugo Boss', 45, 'Eau de Toilette', '100', 20150, 0)
2025-06-17T16:57:08.391Z DEBUG 2698 --- [           main] o.s.jdbc.datasource.init.ScriptUtils     : 1 returned as update count for SQL: INSERT INTO perfume (id, country, description, filename, fragrance_base_notes, fragrance_middle_notes, fragrance_top_notes, perfume_gender, perfume_title, perfumer, price, type, volume, year, perfume_rating) VALUES (4, 'Germany', null, 'https://perfumeswebstorage.s3.eu-central-1.amazonaws.com/540f8e7d-2259-4a20-becf-4ed5cfc2912e.Hugo Boss Boss Woman.jpg', 'Sandalwood, Cedar', 'Freesia, Violet root', 'Mandarin orange, Mango', 'female', 'Boss Woman', 'Hugo Boss', 26, 'Eau de parfum', '90', 20000, 0)
2025-06-17T16:57:08.391Z DEBUG 2698 --- [           main] o.s.jdbc.datasource.init.ScriptUtils     : 1 returned as update count for SQL: INSERT INTO perfume (id, country, description, filename, fragrance_base_notes, fragrance_middle_notes, fragrance_top_notes, perfume_gender, perfume_title, perfumer, price, type, volume, year, perfume_rating) VALUES (5, 'Germany', null, 'https://perfumeswebstorage.s3.eu-central-1.amazonaws.com/1fb6dd1b-a134-4e6f-8215-60d465d33d72.Hugo Boss Hugo Deep Red.jpg', 'Musk, Sandalwood, Vanilla', 'Freesia, Hibiscus, Ginger', 'Pear, Blood orange, Clementine', 'female', 'Deep Red', 'Hugo Boss', 27, 'Eau de parfum', '90', 20010, 0)
2025-06-17T16:57:08.391Z DEBUG 2698 --- [           main] o.s.jdbc.datasource.init.ScriptUtils     : 1 returned as update count for SQL: INSERT INTO perfume (id, country, description, filename, fragrance_base_notes, fragrance_middle_notes, fragrance_top_notes, perfume_gender, perfume_title, perfumer, price, type, volume, year, perfume_rating) VALUES (6, 'Germany', null, 'https://perfumeswebstorage.s3.eu-central-1.amazonaws.com/62e9bf9b-8fea-4eb2-9935-21e868e1b93d.Hugo Boss The Scent For Her.jpg', 'Roasted cocoa', 'Osmanthus', 'Peach, Freesia', 'female', 'The Scent For Her', 'Hugo Boss', 47, 'Eau de parfum', '100', 20160, 0)
2025-06-17T16:57:08.392Z DEBUG 2698 --- [           main] o.s.jdbc.datasource.init.ScriptUtils     : 1 returned as update count for SQL: INSERT INTO perfume (id, country, description, filename, fragrance_base_notes, fragrance_middle_notes, fragrance_top_notes, perfume_gender, perfume_title, perfumer, price, type, volume, year, perfume_rating) VALUES (26, 'Spain', null, 'https://perfumeswebstorage.s3.eu-central-1.amazonaws.com/6524de16-c086-49fe-a6e5-c9efc35f1a02.Carolina Herrera Bad Boy.jpg', 'Tonka bean, Cocoa absolute', 'Cedarwood, Sage', 'Black pepper, White pepper, Italian bergamot', 'male', 'Bad Boy', 'Carolina Herrera', 76, 'Eau de Toilette', '100', 20190, 0)
2025-06-17T16:57:08.392Z DEBUG 2698 --- [           main] o.s.jdbc.datasource.init.ScriptUtils     : 1 returned as update count for SQL: INSERT INTO perfume (id, country, description, filename, fragrance_base_notes, fragrance_middle_notes, fragrance_top_notes, perfume_gender, perfume_title, perfumer, price, type, volume, year, perfume_rating) VALUES (27, 'Spain', null, 'https://perfumeswebstorage.s3.eu-central-1.amazonaws.com/184c9da2-2445-4b01-87b8-b4f8b5f6ab8c.Carolina Herrera Good Girl.jpg', 'Roasted tonka bean, Cocoa, Sandalwood', 'Tuberose, Bulgarian rose, Jasmine sambac', 'Bergamot, Lemon', 'female', 'Good Girl', 'Carolina Herrera', 156, 'Eau de parfum', '150', 20160, 0)
2025-06-17T16:57:08.393Z DEBUG 2698 --- [           main] o.s.jdbc.datasource.init.ScriptUtils     : 1 returned as update count for SQL: INSERT INTO perfume (id, country, description, filename, fragrance_base_notes, fragrance_middle_notes, fragrance_top_notes, perfume_gender, perfume_title, perfumer, price, type, volume, year, perfume_rating) VALUES (28, 'France', null, 'https://perfumeswebstorage.s3.eu-central-1.amazonaws.com/e31f6d6c-e585-40a4-970c-f25322667924.Chanel Allure homme Sport.jpg', 'Amber, Musk, Tonka bean', 'Neroli, Pepper, Cedar', 'Aldehydes, Mandarin orange, Seawater', 'male', 'Allure homme Sport', 'Chanel', 85, 'Eau de Toilette', '100', 20040, 0)
2025-06-17T16:57:08.393Z DEBUG 2698 --- [           main] o.s.jdbc.datasource.init.ScriptUtils     : 1 returned as update count for SQL: INSERT INTO perfume (id, country, description, filename, fragrance_base_notes, fragrance_middle_notes, fragrance_top_notes, perfume_gender, perfume_title, perfumer, price, type, volume, year, perfume_rating) VALUES (29, 'France', null, 'https://perfumeswebstorage.s3.eu-central-1.amazonaws.com/ac6c7a11-97f8-44b1-9b10-f96997212dd4.Chanel Bleu de Chanel Eau de Parfum.jpg', 'Ginger, Sandalwood, Frankincense', 'Grapefruit, Labdanum, Cedar', 'Pink pepper, Vetiver, Citrus notes', 'male', 'Bleu de Chanel', 'Chanel', 88, 'Eau de parfum', '100', 20140, 0)
2025-06-17T16:57:08.393Z DEBUG 2698 --- [           main] o.s.jdbc.datasource.init.ScriptUtils     : 1 returned as update count for SQL: INSERT INTO perfume (id, country, description, filename, fragrance_base_notes, fragrance_middle_notes, fragrance_top_notes, perfume_gender, perfume_title, perfumer, price, type, volume, year, perfume_rating) VALUES (30, 'France', null, 'https://perfumeswebstorage.s3.eu-central-1.amazonaws.com/7049225c-03bb-45a7-ba6a-86274f8668b9.Chanel Egoiste Platinum.jpg', 'Amber, Oakmoss, Sandalwood', 'Galbanum, Geranium, Jasmine', 'Lavender, Neroli, Petitgrain', 'male', 'Egoiste Platinum', 'Chanel', 70, 'Eau de Toilette', '100', 19930, 0)
2025-06-17T16:57:08.394Z DEBUG 2698 --- [           main] o.s.jdbc.datasource.init.ScriptUtils     : 1 returned as update count for SQL: INSERT INTO perfume (id, country, description, filename, fragrance_base_notes, fragrance_middle_notes, fragrance_top_notes, perfume_gender, perfume_title, perfumer, price, type, volume, year, perfume_rating) VALUES (31, 'France', null, 'https://perfumeswebstorage.s3.eu-central-1.amazonaws.com/bcc4bb2a-907d-4531-9d7f-178c765c5ed3.Chanel Chance Eau Fraiche.jpg', 'Amber, Iris, Musk, Patchouli', 'Jasmine, Pink pepper, Water hyacinth', 'Cedar, Citrus fruits', 'female', 'Chance Eau Fraiche', 'Chanel', 90, 'Eau de Toilette', '100', 20070, 0)
2025-06-17T16:57:08.394Z DEBUG 2698 --- [           main] o.s.jdbc.datasource.init.ScriptUtils     : 1 returned as update count for SQL: INSERT INTO perfume (id, country, description, filename, fragrance_base_notes, fragrance_middle_notes, fragrance_top_notes, perfume_gender, perfume_title, perfumer, price, type, volume, year, perfume_rating) VALUES (32, 'France', null, 'https://perfumeswebstorage.s3.eu-central-1.amazonaws.com/2b5f80ca-e0f3-4e99-b5e4-11ccb9153b00.Chanel Gabrielle Essence.jpg', 'Sandalwood, Vanilla, White musk', 'Tuberose, Jasmine, Ylang-ylang', 'Citrus fruits, Red fruits', 'female', 'Gabrielle Essence', 'Chanel', 104, 'Eau de parfum', '100', 20190, 0)
2025-06-17T16:57:08.394Z DEBUG 2698 --- [           main] o.s.jdbc.datasource.init.ScriptUtils     : 1 returned as update count for SQL: INSERT INTO perfume (id, country, description, filename, fragrance_base_notes, fragrance_middle_notes, fragrance_top_notes, perfume_gender, perfume_title, perfumer, price, type, volume, year, perfume_rating) VALUES (33, 'France', null, 'https://perfumeswebstorage.s3.eu-central-1.amazonaws.com/4b51181b-5551-4321-b5e7-f7612584c9b2.Chanel N5.jpg', 'Amber, Sandalwood, Vanilla', 'Iris, Grasse jasmine', 'Aldehydes, Bergamot, Neroli', 'female', 'Chanel N5', 'Chanel', 192, 'Eau de parfum', '200', 19210, 0)
2025-06-17T16:57:08.395Z DEBUG 2698 --- [           main] o.s.jdbc.datasource.init.ScriptUtils     : 1 returned as update count for SQL: INSERT INTO perfume (id, country, description, filename, fragrance_base_notes, fragrance_middle_notes, fragrance_top_notes, perfume_gender, perfume_title, perfumer, price, type, volume, year, perfume_rating) VALUES (34, 'France', null, 'https://perfumeswebstorage.s3.eu-central-1.amazonaws.com/bdb203a9-0725-4ed4-a71a-db7eeb915fae.Creed Aventus.jpg', 'Ambergris, Oakmoss, Musk', 'Birch, Jasmine, Patchouli', 'Pineapple, Apple, Bergamot, Blackcurrant', 'male', 'Aventus', 'Creed', 152, 'Eau de parfum', '100', 20100, 0)
2025-06-17T16:57:08.395Z DEBUG 2698 --- [           main] o.s.jdbc.datasource.init.ScriptUtils     : 1 returned as update count for SQL: INSERT INTO perfume (id, country, description, filename, fragrance_base_notes, fragrance_middle_notes, fragrance_top_notes, perfume_gender, perfume_title, perfumer, price, type, volume, year, perfume_rating) VALUES (35, 'France', null, 'https://perfumeswebstorage.s3.eu-central-1.amazonaws.com/162cfbe2-2dc2-4271-8a63-23981a7e3cc4.Creed Bois du Portugal.jpg', 'Sandalwood, Vetiver, Ambergris', 'Cedarwood', 'Bergamot, Lavender', 'male', 'Bois du Portugal', 'Creed', 110, 'Eau de parfum', '100', 19870, 0)
2025-06-17T16:57:08.397Z DEBUG 2698 --- [           main] o.s.jdbc.datasource.init.ScriptUtils     : 1 returned as update count for SQL: INSERT INTO perfume (id, country, description, filename, fragrance_base_notes, fragrance_middle_notes, fragrance_top_notes, perfume_gender, perfume_title, perfumer, price, type, volume, year, perfume_rating) VALUES (36, 'France', null, 'https://perfumeswebstorage.s3.eu-central-1.amazonaws.com/1d428b77-0ffd-449f-bcaa-04a094b51de7.Creed Original Vetiver.jpg', 'Ambergris, Sandalwood, Musk, Vetiver', 'White pepper, Coriander, Pink pepper', 'Bergamot, Bitter orange, Mandarin orange', 'male', 'Original Vetiver', 'Creed', 97, 'Eau de parfum', '100', 20040, 0)
2025-06-17T16:57:08.397Z DEBUG 2698 --- [           main] o.s.jdbc.datasource.init.ScriptUtils     : 1 returned as update count for SQL: INSERT INTO perfume (id, country, description, filename, fragrance_base_notes, fragrance_middle_notes, fragrance_top_notes, perfume_gender, perfume_title, perfumer, price, type, volume, year, perfume_rating) VALUES (37, 'France', null, 'https://perfumeswebstorage.s3.eu-central-1.amazonaws.com/5fd3de8e-1022-47a2-ae58-a089a65bd90c.Creed Acqua Fiorentina.jpg', 'Grapefruit, Sandalwood, Cedar', 'Bergamot, Pear, Rose', 'Apple, Prune, Greengage plum', 'female', 'Acqua Fiorentina', 'Creed', 100, 'Eau de parfum', '75', 20090, 0)
2025-06-17T16:57:08.397Z DEBUG 2698 --- [           main] o.s.jdbc.datasource.init.ScriptUtils     : 1 returned as update count for SQL: INSERT INTO perfume (id, country, description, filename, fragrance_base_notes, fragrance_middle_notes, fragrance_top_notes, perfume_gender, perfume_title, perfumer, price, type, volume, year, perfume_rating) VALUES (38, 'France', null, 'https://perfumeswebstorage.s3.eu-central-1.amazonaws.com/7d32f694-9cc3-4770-844a-47400e6f5c6b.Creed Aventus for Her.jpg', 'Peach, Blackcurrant, Ylang-ylang', 'Rose, Styrax, Mysore sandalwood', 'Green apple, Violet leaf, Calabrian bergamot', 'female', 'Aventus for Her', 'Creed', 141, 'Eau de parfum', '75', 20160, 0)
2025-06-17T16:57:08.398Z DEBUG 2698 --- [           main] o.s.jdbc.datasource.init.ScriptUtils     : 1 returned as update count for SQL: INSERT INTO perfume (id, country, description, filename, fragrance_base_notes, fragrance_middle_notes, fragrance_top_notes, perfume_gender, perfume_title, perfumer, price, type, volume, year, perfume_rating) VALUES (39, 'France', null, 'https://perfumeswebstorage.s3.eu-central-1.amazonaws.com/cbb8efd1-f55a-4db3-8511-f0b5b446533d.Creed Love in Black.jpg', 'Rose, Burgundy blackcurrant, Violet', 'Florentine iris, Clove', 'White violet', 'female', 'Love in Black', 'Creed', 89, 'Eau de parfum', '75', 20080, 0)
2025-06-17T16:57:08.398Z DEBUG 2698 --- [           main] o.s.jdbc.datasource.init.ScriptUtils     : 1 returned as update count for SQL: INSERT INTO perfume (id, country, description, filename, fragrance_base_notes, fragrance_middle_notes, fragrance_top_notes, perfume_gender, perfume_title, perfumer, price, type, volume, year, perfume_rating) VALUES (40, 'France', null, 'https://perfumeswebstorage.s3.eu-central-1.amazonaws.com/0f0acb70-dc64-474f-878a-1b214d250d94.CreedLoveinWhite.jpg', 'Ambergris, Mysore sandalwood, Vanilla', 'Florentine iris, Yellow narcissus, Magnolia', 'Orange zest', 'female', 'Love in White', 'Creed', 94, 'Eau de parfum', '75', 20050, 0)
2025-06-17T16:57:08.400Z DEBUG 2698 --- [           main] o.s.jdbc.datasource.init.ScriptUtils     : 1 returned as update count for SQL: INSERT INTO perfume (id, country, description, filename, fragrance_base_notes, fragrance_middle_notes, fragrance_top_notes, perfume_gender, perfume_title, perfumer, price, type, volume, year, perfume_rating) VALUES (41, 'France', null, 'https://perfumeswebstorage.s3.eu-central-1.amazonaws.com/0158183f-2412-4c61-a962-7c96e43c19c3.Dior Fahrenheit.jpg', 'Amber, Leather, Musk', 'Carnation, Honeysuckle, Jasmine', 'Bergamot, Camomile, Lavender, Mandarin orange', 'male', 'Fahrenheit', 'Dior', 62, 'Eau de Toilette', '100', 19880, 0)
2025-06-17T16:57:08.400Z DEBUG 2698 --- [           main] o.s.jdbc.datasource.init.ScriptUtils     : 1 returned as update count for SQL: INSERT INTO perfume (id, country, description, filename, fragrance_base_notes, fragrance_middle_notes, fragrance_top_notes, perfume_gender, perfume_title, perfumer, price, type, volume, year, perfume_rating) VALUES (42, 'France', null, 'https://perfumeswebstorage.s3.eu-central-1.amazonaws.com/27f0b3d3-2634-4e74-971a-f780c4480482.Dior Homme.jpg', 'Virginia cedar', 'Ecuadorian ambrette seed', 'Florentine iris absolute', 'male', 'Homme', 'Dior', 90, 'Eau de parfum', '100', 20070, 0)
2025-06-17T16:57:08.400Z DEBUG 2698 --- [           main] o.s.jdbc.datasource.init.ScriptUtils     : 1 returned as update count for SQL: INSERT INTO perfume (id, country, description, filename, fragrance_base_notes, fragrance_middle_notes, fragrance_top_notes, perfume_gender, perfume_title, perfumer, price, type, volume, year, perfume_rating) VALUES (43, 'France', null, 'https://perfumeswebstorage.s3.eu-central-1.amazonaws.com/03e65b3b-7b1f-400c-9bb8-a8956bdaa4be.Dior Sauvage.jpg', 'Ambroxan', 'Bergamot', 'Sichuan Pepper', 'male', 'Sauvage', 'Dior', 62, 'Eau de Toilette', '100', 20150, 0)
2025-06-17T16:57:08.401Z DEBUG 2698 --- [           main] o.s.jdbc.datasource.init.ScriptUtils     : 1 returned as update count for SQL: INSERT INTO perfume (id, country, description, filename, fragrance_base_notes, fragrance_middle_notes, fragrance_top_notes, perfume_gender, perfume_title, perfumer, price, type, volume, year, perfume_rating) VALUES (44, 'France', null, 'https://perfumeswebstorage.s3.eu-central-1.amazonaws.com/94c85cfd-f090-4d49-b2e9-dcff34eec8c1.Dior Jadore.jpg', 'Vanilla, Cedar, Musk', 'Lily of the valley, Rose, Violet', 'Bergamot, Pear, Melon, Peach', 'female', 'Jadore', 'Dior', 81, 'Eau de parfum', '100', 19990, 0)
2025-06-17T16:57:08.401Z DEBUG 2698 --- [           main] o.s.jdbc.datasource.init.ScriptUtils     : 1 returned as update count for SQL: INSERT INTO perfume (id, country, description, filename, fragrance_base_notes, fragrance_middle_notes, fragrance_top_notes, perfume_gender, perfume_title, perfumer, price, type, volume, year, perfume_rating) VALUES (45, 'France', null, 'https://perfumeswebstorage.s3.eu-central-1.amazonaws.com/85f8de21-24d5-473b-8d63-6ba6c2d4d25e.Dior Miss Dior.jpg', 'Ambergris, Musk, Patchouli', 'Jasmine, Caramel, Popcorn', 'Pineapple, Cherry, Mandarin orange', 'female', 'Miss Dior', 'Dior', 90, 'Eau de parfum', '100', 20110, 0)
2025-06-17T16:57:08.401Z DEBUG 2698 --- [           main] o.s.jdbc.datasource.init.ScriptUtils     : 1 returned as update count for SQL: INSERT INTO perfume (id, country, description, filename, fragrance_base_notes, fragrance_middle_notes, fragrance_top_notes, perfume_gender, perfume_title, perfumer, price, type, volume, year, perfume_rating) VALUES (46, 'France', null, 'https://perfumeswebstorage.s3.eu-central-1.amazonaws.com/63534821-1eb9-4b44-afd3-61c3b8ca4a25.Dior Poison Girl.jpg', 'Venezuelan tonka bean', 'Grasse rose', 'Bitter orange', 'female', 'Poison Girl', 'Dior', 75, 'Eau de parfum', '100', 20160, 0)
2025-06-17T16:57:08.402Z DEBUG 2698 --- [           main] o.s.jdbc.datasource.init.ScriptUtils     : 1 returned as update count for SQL: INSERT INTO review (id, author, date, message, rating) VALUES (123, 'John', '2021-02-07', 'Hello world', 5)
2025-06-17T16:57:08.402Z DEBUG 2698 --- [           main] o.s.jdbc.datasource.init.ScriptUtils     : 1 returned as update count for SQL: INSERT INTO review (id, author, date, message, rating) VALUES (124, 'John2', '2021-02-07', 'Hello world2', 4)
2025-06-17T16:57:08.402Z DEBUG 2698 --- [           main] o.s.jdbc.datasource.init.ScriptUtils     : 1 returned as update count for SQL: INSERT INTO perfume_reviews (perfume_id, reviews_id) VALUES (2, 123)
2025-06-17T16:57:08.403Z DEBUG 2698 --- [           main] o.s.jdbc.datasource.init.ScriptUtils     : 1 returned as update count for SQL: INSERT INTO perfume_reviews (perfume_id, reviews_id) VALUES (2, 124)
2025-06-17T16:57:08.403Z DEBUG 2698 --- [           main] o.s.jdbc.datasource.init.ScriptUtils     : Executed SQL script from class path resource [sql/create-perfumes-before.sql] in 20 ms.
2025-06-17T16:57:08.403Z DEBUG 2698 --- [           main] o.s.orm.jpa.JpaTransactionManager        : Initiating transaction commit
2025-06-17T16:57:08.403Z DEBUG 2698 --- [           main] o.s.orm.jpa.JpaTransactionManager        : Committing JPA transaction on EntityManager [SessionImpl(529305272<open>)]
2025-06-17T16:57:08.403Z DEBUG 2698 --- [           main] o.s.orm.jpa.JpaTransactionManager        : Closing JPA EntityManager [SessionImpl(529305272<open>)] after transaction
2025-06-17T16:57:08.403Z DEBUG 2698 --- [           main] org.springframework.test.context.cache   : Spring test ApplicationContext cache statistics: [DefaultContextCache@46ea1dc size = 1, maxSize = 32, parentContextCount = 0, hitCount = 415, missCount = 1, failureCount = 0]
2025-06-17T16:57:08.404Z DEBUG 2698 --- [           main] org.springframework.test.context.cache   : Spring test ApplicationContext cache statistics: [DefaultContextCache@46ea1dc size = 1, maxSize = 32, parentContextCount = 0, hitCount = 416, missCount = 1, failureCount = 0]
2025-06-17T16:57:08.405Z DEBUG 2698 --- [           main] org.springframework.test.context.cache   : Spring test ApplicationContext cache statistics: [DefaultContextCache@46ea1dc size = 1, maxSize = 32, parentContextCount = 0, hitCount = 417, missCount = 1, failureCount = 0]
2025-06-17T16:57:08.411Z DEBUG 2698 --- [           main] org.springframework.test.context.cache   : Spring test ApplicationContext cache statistics: [DefaultContextCache@46ea1dc size = 1, maxSize = 32, parentContextCount = 0, hitCount = 418, missCount = 1, failureCount = 0]
2025-06-17T16:57:08.412Z DEBUG 2698 --- [           main] o.s.test.util.ReflectionTestUtils        : Invoking method 'getFilters' on target object [FilterChainProxy[Filter Chains: null]] or target class [null] with arguments {org.springframework.mock.web.MockHttpServletRequest@5265b8ff}
2025-06-17T16:57:08.412Z DEBUG 2698 --- [           main] o.s.test.util.ReflectionTestUtils        : Getting field 'tokenRepository' from target object [org.springframework.security.web.csrf.CsrfFilter@6bbb8dce] or target class [class org.springframework.security.web.csrf.CsrfFilter]
2025-06-17T16:57:08.412Z DEBUG 2698 --- [           main] o.s.test.util.ReflectionTestUtils        : Invoking method 'getFilters' on target object [FilterChainProxy[Filter Chains: null]] or target class [null] with arguments {org.springframework.mock.web.MockHttpServletRequest@5265b8ff}
2025-06-17T16:57:08.412Z DEBUG 2698 --- [           main] o.s.test.util.ReflectionTestUtils        : Getting field 'requestHandler' from target object [org.springframework.security.web.csrf.CsrfFilter@6bbb8dce] or target class [class org.springframework.security.web.csrf.CsrfFilter]
2025-06-17T16:57:08.413Z DEBUG 2698 --- [           main] o.s.security.web.FilterChainProxy        : Securing POST /api/v1/perfumes/search/gender
2025-06-17T16:57:08.417Z DEBUG 2698 --- [           main] o.s.s.w.a.AnonymousAuthenticationFilter  : Set SecurityContextHolder to anonymous SecurityContext
2025-06-17T16:57:08.417Z DEBUG 2698 --- [           main] o.s.security.web.FilterChainProxy        : Secured POST /api/v1/perfumes/search/gender
2025-06-17T16:57:08.417Z DEBUG 2698 --- [           main] o.s.t.web.servlet.TestDispatcherServlet  : POST "/api/v1/perfumes/search/gender", parameters={masked}
2025-06-17T16:57:08.418Z DEBUG 2698 --- [           main] s.w.s.m.m.a.RequestMappingHandlerMapping : Mapped to com.gmail.merikbest2015.ecommerce.controller.PerfumeController#findByPerfumeGender(PerfumeSearchRequest)
2025-06-17T16:57:08.418Z DEBUG 2698 --- [           main] o.j.s.OpenEntityManagerInViewInterceptor : Opening JPA EntityManager in OpenEntityManagerInViewInterceptor
2025-06-17T16:57:08.418Z DEBUG 2698 --- [           main] m.m.a.RequestResponseBodyMethodProcessor : Read "application/json;charset=UTF-8" to [PerfumeSearchRequest(perfumers=null, genders=null, prices=null, sortByPrice=null, perfumer=null, per (truncated)...]
2025-06-17T16:57:08.419Z  INFO 2698 --- [           main] c.g.m.e.controller.PerfumeController     : Searching perfumes by gender: female
2025-06-17T16:57:08.419Z  INFO 2698 --- [           main] c.g.m.e.service.Impl.PerfumeServiceImpl  : Finding perfumes by gender: female
CLASS: [PerfumeController], METHOD: [findByPerfumeGender()], REQUEST: PerfumeSearchRequest(perfumers=null, genders=null, prices=null, sortByPrice=null, perfumer=null, perfumeGender=female)
CLASS: [PerfumeController], METHOD: [findByPerfumeGender()], RESPONSE: <200 OK OK,[com.gmail.merikbest2015.ecommerce.dto.perfume.PerfumeResponse@69f9326d, com.gmail.merikbest2015.ecommerce.dto.perfume.PerfumeResponse@4cfc1a51, com.gmail.merikbest2015.ecommerce.dto.perfume.PerfumeResponse@41947be2, com.gmail.merikbest2015.ecommerce.dto.perfume.PerfumeResponse@24bd4c6b, com.gmail.merikbest2015.ecommerce.dto.perfume.PerfumeResponse@47778cb, com.gmail.merikbest2015.ecommerce.dto.perfume.PerfumeResponse@2875d486, com.gmail.merikbest2015.ecommerce.dto.perfume.PerfumeResponse@4a5ce101, com.gmail.merikbest2015.ecommerce.dto.perfume.PerfumeResponse@44c3235, com.gmail.merikbest2015.ecommerce.dto.perfume.PerfumeResponse@3bc2a357, com.gmail.merikbest2015.ecommerce.dto.perfume.PerfumeResponse@3d15914d, com.gmail.merikbest2015.ecommerce.dto.perfume.PerfumeResponse@106c2b07, com.gmail.merikbest2015.ecommerce.dto.perfume.PerfumeResponse@75d46ea5, com.gmail.merikbest2015.ecommerce.dto.perfume.PerfumeResponse@5b22a353, com.gmail.merikbest2015.ecommerce.dto.perfume.PerfumeResponse@4a2cce83],[]>
2025-06-17T16:57:08.437Z DEBUG 2698 --- [           main] o.s.w.s.m.m.a.HttpEntityMethodProcessor  : Using 'application/json', given [*/*] and supported [application/json, application/*+json, application/yaml]
2025-06-17T16:57:08.437Z DEBUG 2698 --- [           main] o.s.w.s.m.m.a.HttpEntityMethodProcessor  : Writing [[com.gmail.merikbest2015.ecommerce.dto.perfume.PerfumeResponse@69f9326d, com.gmail.merikbest2015.eco (truncated)...]
2025-06-17T16:57:08.438Z DEBUG 2698 --- [           main] o.j.s.OpenEntityManagerInViewInterceptor : Closing JPA EntityManager in OpenEntityManagerInViewInterceptor
2025-06-17T16:57:08.438Z DEBUG 2698 --- [           main] o.s.t.web.servlet.TestDispatcherServlet  : Completed 200 OK
2025-06-17T16:57:08.442Z DEBUG 2698 --- [           main] org.springframework.test.context.cache   : Spring test ApplicationContext cache statistics: [DefaultContextCache@46ea1dc size = 1, maxSize = 32, parentContextCount = 0, hitCount = 419, missCount = 1, failureCount = 0]
2025-06-17T16:57:08.442Z DEBUG 2698 --- [           main] org.springframework.test.context.cache   : Spring test ApplicationContext cache statistics: [DefaultContextCache@46ea1dc size = 1, maxSize = 32, parentContextCount = 0, hitCount = 420, missCount = 1, failureCount = 0]
2025-06-17T16:57:08.444Z DEBUG 2698 --- [           main] org.springframework.test.context.cache   : Spring test ApplicationContext cache statistics: [DefaultContextCache@46ea1dc size = 1, maxSize = 32, parentContextCount = 0, hitCount = 421, missCount = 1, failureCount = 0]
2025-06-17T16:57:08.444Z DEBUG 2698 --- [           main] org.springframework.test.context.cache   : Spring test ApplicationContext cache statistics: [DefaultContextCache@46ea1dc size = 1, maxSize = 32, parentContextCount = 0, hitCount = 422, missCount = 1, failureCount = 0]
2025-06-17T16:57:08.444Z DEBUG 2698 --- [           main] org.springframework.test.context.cache   : Spring test ApplicationContext cache statistics: [DefaultContextCache@46ea1dc size = 1, maxSize = 32, parentContextCount = 0, hitCount = 423, missCount = 1, failureCount = 0]
2025-06-17T16:57:08.444Z DEBUG 2698 --- [           main] org.springframework.test.context.cache   : Spring test ApplicationContext cache statistics: [DefaultContextCache@46ea1dc size = 1, maxSize = 32, parentContextCount = 0, hitCount = 424, missCount = 1, failureCount = 0]
2025-06-17T16:57:08.445Z DEBUG 2698 --- [           main] org.springframework.test.context.cache   : Spring test ApplicationContext cache statistics: [DefaultContextCache@46ea1dc size = 1, maxSize = 32, parentContextCount = 0, hitCount = 425, missCount = 1, failureCount = 0]
2025-06-17T16:57:08.445Z DEBUG 2698 --- [           main] org.springframework.test.context.cache   : Spring test ApplicationContext cache statistics: [DefaultContextCache@46ea1dc size = 1, maxSize = 32, parentContextCount = 0, hitCount = 426, missCount = 1, failureCount = 0]
2025-06-17T16:57:08.445Z DEBUG 2698 --- [           main] .s.t.c.j.SqlScriptsTestExecutionListener : Processing merged @SqlConfig attributes for execution phase [AFTER_TEST_METHOD] and test class [com.gmail.merikbest2015.ecommerce.controller.PerfumeControllerTest]
2025-06-17T16:57:08.446Z DEBUG 2698 --- [           main] org.springframework.test.context.cache   : Spring test ApplicationContext cache statistics: [DefaultContextCache@46ea1dc size = 1, maxSize = 32, parentContextCount = 0, hitCount = 427, missCount = 1, failureCount = 0]
2025-06-17T16:57:08.446Z DEBUG 2698 --- [           main] .s.t.c.j.SqlScriptsTestExecutionListener : Executing SQL scripts: [class path resource [sql/create-perfumes-after.sql]]
2025-06-17T16:57:08.446Z DEBUG 2698 --- [           main] org.springframework.test.context.cache   : Spring test ApplicationContext cache statistics: [DefaultContextCache@46ea1dc size = 1, maxSize = 32, parentContextCount = 0, hitCount = 428, missCount = 1, failureCount = 0]
2025-06-17T16:57:08.446Z DEBUG 2698 --- [           main] org.springframework.test.context.cache   : Spring test ApplicationContext cache statistics: [DefaultContextCache@46ea1dc size = 1, maxSize = 32, parentContextCount = 0, hitCount = 429, missCount = 1, failureCount = 0]
2025-06-17T16:57:08.446Z DEBUG 2698 --- [           main] o.s.orm.jpa.JpaTransactionManager        : Creating new transaction with name [com.gmail.merikbest2015.ecommerce.controller.PerfumeControllerTest]: PROPAGATION_REQUIRED,ISOLATION_DEFAULT
2025-06-17T16:57:08.446Z DEBUG 2698 --- [           main] o.s.orm.jpa.JpaTransactionManager        : Opened new EntityManager [SessionImpl(996798674<open>)] for JPA transaction
2025-06-17T16:57:08.446Z DEBUG 2698 --- [           main] o.s.orm.jpa.JpaTransactionManager        : Exposing JPA transaction as JDBC [org.springframework.orm.jpa.vendor.HibernateJpaDialect$HibernateConnectionHandle@6d1e005c]
2025-06-17T16:57:08.446Z DEBUG 2698 --- [           main] o.s.jdbc.datasource.init.ScriptUtils     : Executing SQL script from class path resource [sql/create-perfumes-after.sql]
2025-06-17T16:57:08.447Z DEBUG 2698 --- [           main] o.s.jdbc.datasource.init.ScriptUtils     : 2 returned as update count for SQL: delete from perfume_reviews
2025-06-17T16:57:08.447Z DEBUG 2698 --- [           main] o.s.jdbc.datasource.init.ScriptUtils     : 2 returned as update count for SQL: delete from review
2025-06-17T16:57:08.449Z DEBUG 2698 --- [           main] o.s.jdbc.datasource.init.ScriptUtils     : 27 returned as update count for SQL: delete from perfume
2025-06-17T16:57:08.449Z DEBUG 2698 --- [           main] o.s.jdbc.datasource.init.ScriptUtils     : Executed SQL script from class path resource [sql/create-perfumes-after.sql] in 3 ms.
2025-06-17T16:57:08.449Z DEBUG 2698 --- [           main] o.s.orm.jpa.JpaTransactionManager        : Initiating transaction commit
2025-06-17T16:57:08.449Z DEBUG 2698 --- [           main] o.s.orm.jpa.JpaTransactionManager        : Committing JPA transaction on EntityManager [SessionImpl(996798674<open>)]
2025-06-17T16:57:08.449Z DEBUG 2698 --- [           main] o.s.orm.jpa.JpaTransactionManager        : Closing JPA EntityManager [SessionImpl(996798674<open>)] after transaction
2025-06-17T16:57:08.449Z DEBUG 2698 --- [           main] .c.s.DirtiesContextTestExecutionListener : After test method: class [PerfumeControllerTest], method [findByPerfumeGender], class annotated with @DirtiesContext [false] with mode [null], method annotated with @DirtiesContext [false] with mode [null]
2025-06-17T16:57:08.449Z DEBUG 2698 --- [           main] ObservationRegistryTestExecutionListener : Restoring ObservationRegistry in ObservationThreadLocalAccessor for test class com.gmail.merikbest2015.ecommerce.controller.PerfumeControllerTest
2025-06-17T16:57:08.449Z DEBUG 2698 --- [           main] o.s.t.c.w.ServletTestExecutionListener   : Resetting RequestContextHolder for test class com.gmail.merikbest2015.ecommerce.controller.PerfumeControllerTest
]]></system-out>
  </testcase>
  <testcase name="getAllPerfumesByQuery" classname="com.gmail.merikbest2015.ecommerce.controller.PerfumeControllerTest" time="0.075">
    <system-out><![CDATA[2025-06-17T16:57:08.450Z DEBUG 2698 --- [           main] org.springframework.test.context.cache   : Spring test ApplicationContext cache statistics: [DefaultContextCache@46ea1dc size = 1, maxSize = 32, parentContextCount = 0, hitCount = 430, missCount = 1, failureCount = 0]
2025-06-17T16:57:08.450Z DEBUG 2698 --- [           main] o.s.t.c.w.ServletTestExecutionListener   : Setting up MockHttpServletRequest, MockHttpServletResponse, ServletWebRequest, and RequestContextHolder for test class com.gmail.merikbest2015.ecommerce.controller.PerfumeControllerTest
2025-06-17T16:57:08.450Z DEBUG 2698 --- [           main] DependencyInjectionTestExecutionListener : Performing dependency injection for test class com.gmail.merikbest2015.ecommerce.controller.PerfumeControllerTest
2025-06-17T16:57:08.451Z DEBUG 2698 --- [           main] org.springframework.test.context.cache   : Spring test ApplicationContext cache statistics: [DefaultContextCache@46ea1dc size = 1, maxSize = 32, parentContextCount = 0, hitCount = 431, missCount = 1, failureCount = 0]
2025-06-17T16:57:08.451Z DEBUG 2698 --- [           main] org.springframework.test.context.cache   : Spring test ApplicationContext cache statistics: [DefaultContextCache@46ea1dc size = 1, maxSize = 32, parentContextCount = 0, hitCount = 432, missCount = 1, failureCount = 0]
2025-06-17T16:57:08.451Z DEBUG 2698 --- [           main] sContextBeforeModesTestExecutionListener : Before test method: class [PerfumeControllerTest], method [getAllPerfumesByQuery], class annotated with @DirtiesContext [false] with mode [null], method annotated with @DirtiesContext [false] with mode [null]
2025-06-17T16:57:08.451Z DEBUG 2698 --- [           main] org.springframework.test.context.cache   : Spring test ApplicationContext cache statistics: [DefaultContextCache@46ea1dc size = 1, maxSize = 32, parentContextCount = 0, hitCount = 433, missCount = 1, failureCount = 0]
2025-06-17T16:57:08.451Z DEBUG 2698 --- [           main] ObservationRegistryTestExecutionListener : Registering ObservationRegistry from ApplicationContext in ObservationThreadLocalAccessor for test class com.gmail.merikbest2015.ecommerce.controller.PerfumeControllerTest
2025-06-17T16:57:08.452Z DEBUG 2698 --- [           main] .s.t.c.j.SqlScriptsTestExecutionListener : Processing merged @SqlConfig attributes for execution phase [BEFORE_TEST_METHOD] and test class [com.gmail.merikbest2015.ecommerce.controller.PerfumeControllerTest]
2025-06-17T16:57:08.452Z DEBUG 2698 --- [           main] org.springframework.test.context.cache   : Spring test ApplicationContext cache statistics: [DefaultContextCache@46ea1dc size = 1, maxSize = 32, parentContextCount = 0, hitCount = 434, missCount = 1, failureCount = 0]
2025-06-17T16:57:08.452Z DEBUG 2698 --- [           main] .s.t.c.j.SqlScriptsTestExecutionListener : Executing SQL scripts: [class path resource [sql/create-perfumes-before.sql]]
2025-06-17T16:57:08.452Z DEBUG 2698 --- [           main] org.springframework.test.context.cache   : Spring test ApplicationContext cache statistics: [DefaultContextCache@46ea1dc size = 1, maxSize = 32, parentContextCount = 0, hitCount = 435, missCount = 1, failureCount = 0]
2025-06-17T16:57:08.452Z DEBUG 2698 --- [           main] org.springframework.test.context.cache   : Spring test ApplicationContext cache statistics: [DefaultContextCache@46ea1dc size = 1, maxSize = 32, parentContextCount = 0, hitCount = 436, missCount = 1, failureCount = 0]
2025-06-17T16:57:08.452Z DEBUG 2698 --- [           main] o.s.orm.jpa.JpaTransactionManager        : Creating new transaction with name [com.gmail.merikbest2015.ecommerce.controller.PerfumeControllerTest]: PROPAGATION_REQUIRED,ISOLATION_DEFAULT
2025-06-17T16:57:08.452Z DEBUG 2698 --- [           main] o.s.orm.jpa.JpaTransactionManager        : Opened new EntityManager [SessionImpl(261915823<open>)] for JPA transaction
2025-06-17T16:57:08.452Z DEBUG 2698 --- [           main] o.s.orm.jpa.JpaTransactionManager        : Exposing JPA transaction as JDBC [org.springframework.orm.jpa.vendor.HibernateJpaDialect$HibernateConnectionHandle@7b871aee]
2025-06-17T16:57:08.452Z DEBUG 2698 --- [           main] o.s.jdbc.datasource.init.ScriptUtils     : Executing SQL script from class path resource [sql/create-perfumes-before.sql]
2025-06-17T16:57:08.454Z DEBUG 2698 --- [           main] o.s.jdbc.datasource.init.ScriptUtils     : 1 returned as update count for SQL: INSERT INTO perfume (id, country, description, filename, fragrance_base_notes, fragrance_middle_notes, fragrance_top_notes, perfume_gender, perfume_title, perfumer, price, type, volume, year, perfume_rating) VALUES (1, 'Germany', null, 'https://perfumeswebstorage.s3.eu-central-1.amazonaws.com/4735a4c8-e1fc-43ce-8ff9-0bd28d00ce20.Hugo Boss Boss Bottled Night.jpg', 'Salmwood, Musky notes, Sandalwood', 'Cardamom, Jasmine, African violet', 'Birch leaf, Lavender', 'male', 'Boss Bottled Night', 'Hugo Boss', 35, 'Eau de Toilette', '100', 20100, 0)
2025-06-17T16:57:08.454Z DEBUG 2698 --- [           main] o.s.jdbc.datasource.init.ScriptUtils     : 1 returned as update count for SQL: INSERT INTO perfume (id, country, description, filename, fragrance_base_notes, fragrance_middle_notes, fragrance_top_notes, perfume_gender, perfume_title, perfumer, price, type, volume, year, perfume_rating) VALUES (2, 'Germany', null, 'https://perfumeswebstorage.s3.eu-central-1.amazonaws.com/17d6f8a1-aa84-4823-bd18-ccb0fdbe7fe9.Hugo Boss Hugo Man.jpg', 'Moss, Sandalwood, Fir balsam', 'Carnation, Geranium leaf, Jasmine', 'Basil, Grapefruit, Green apple, Mint', 'male', 'Hugo Man', 'Hugo Boss', 21, 'Eau de Toilette', '75', 19950, 0)
2025-06-17T16:57:08.455Z DEBUG 2698 --- [           main] o.s.jdbc.datasource.init.ScriptUtils     : 1 returned as update count for SQL: INSERT INTO perfume (id, country, description, filename, fragrance_base_notes, fragrance_middle_notes, fragrance_top_notes, perfume_gender, perfume_title, perfumer, price, type, volume, year, perfume_rating) VALUES (3, 'Germany', null, 'https://perfumeswebstorage.s3.eu-central-1.amazonaws.com/ba9272ca-20af-4e41-89b7-24018be4acb1.Hugo Boss The Scent.jpg', 'Leather', 'Maninka fruit, Lavender', 'Ginger', 'male', 'The Scent', 'Hugo Boss', 45, 'Eau de Toilette', '100', 20150, 0)
2025-06-17T16:57:08.455Z DEBUG 2698 --- [           main] o.s.jdbc.datasource.init.ScriptUtils     : 1 returned as update count for SQL: INSERT INTO perfume (id, country, description, filename, fragrance_base_notes, fragrance_middle_notes, fragrance_top_notes, perfume_gender, perfume_title, perfumer, price, type, volume, year, perfume_rating) VALUES (4, 'Germany', null, 'https://perfumeswebstorage.s3.eu-central-1.amazonaws.com/540f8e7d-2259-4a20-becf-4ed5cfc2912e.Hugo Boss Boss Woman.jpg', 'Sandalwood, Cedar', 'Freesia, Violet root', 'Mandarin orange, Mango', 'female', 'Boss Woman', 'Hugo Boss', 26, 'Eau de parfum', '90', 20000, 0)
2025-06-17T16:57:08.456Z DEBUG 2698 --- [           main] o.s.jdbc.datasource.init.ScriptUtils     : 1 returned as update count for SQL: INSERT INTO perfume (id, country, description, filename, fragrance_base_notes, fragrance_middle_notes, fragrance_top_notes, perfume_gender, perfume_title, perfumer, price, type, volume, year, perfume_rating) VALUES (5, 'Germany', null, 'https://perfumeswebstorage.s3.eu-central-1.amazonaws.com/1fb6dd1b-a134-4e6f-8215-60d465d33d72.Hugo Boss Hugo Deep Red.jpg', 'Musk, Sandalwood, Vanilla', 'Freesia, Hibiscus, Ginger', 'Pear, Blood orange, Clementine', 'female', 'Deep Red', 'Hugo Boss', 27, 'Eau de parfum', '90', 20010, 0)
2025-06-17T16:57:08.456Z DEBUG 2698 --- [           main] o.s.jdbc.datasource.init.ScriptUtils     : 1 returned as update count for SQL: INSERT INTO perfume (id, country, description, filename, fragrance_base_notes, fragrance_middle_notes, fragrance_top_notes, perfume_gender, perfume_title, perfumer, price, type, volume, year, perfume_rating) VALUES (6, 'Germany', null, 'https://perfumeswebstorage.s3.eu-central-1.amazonaws.com/62e9bf9b-8fea-4eb2-9935-21e868e1b93d.Hugo Boss The Scent For Her.jpg', 'Roasted cocoa', 'Osmanthus', 'Peach, Freesia', 'female', 'The Scent For Her', 'Hugo Boss', 47, 'Eau de parfum', '100', 20160, 0)
2025-06-17T16:57:08.456Z DEBUG 2698 --- [           main] o.s.jdbc.datasource.init.ScriptUtils     : 1 returned as update count for SQL: INSERT INTO perfume (id, country, description, filename, fragrance_base_notes, fragrance_middle_notes, fragrance_top_notes, perfume_gender, perfume_title, perfumer, price, type, volume, year, perfume_rating) VALUES (26, 'Spain', null, 'https://perfumeswebstorage.s3.eu-central-1.amazonaws.com/6524de16-c086-49fe-a6e5-c9efc35f1a02.Carolina Herrera Bad Boy.jpg', 'Tonka bean, Cocoa absolute', 'Cedarwood, Sage', 'Black pepper, White pepper, Italian bergamot', 'male', 'Bad Boy', 'Carolina Herrera', 76, 'Eau de Toilette', '100', 20190, 0)
2025-06-17T16:57:08.457Z DEBUG 2698 --- [           main] o.s.jdbc.datasource.init.ScriptUtils     : 1 returned as update count for SQL: INSERT INTO perfume (id, country, description, filename, fragrance_base_notes, fragrance_middle_notes, fragrance_top_notes, perfume_gender, perfume_title, perfumer, price, type, volume, year, perfume_rating) VALUES (27, 'Spain', null, 'https://perfumeswebstorage.s3.eu-central-1.amazonaws.com/184c9da2-2445-4b01-87b8-b4f8b5f6ab8c.Carolina Herrera Good Girl.jpg', 'Roasted tonka bean, Cocoa, Sandalwood', 'Tuberose, Bulgarian rose, Jasmine sambac', 'Bergamot, Lemon', 'female', 'Good Girl', 'Carolina Herrera', 156, 'Eau de parfum', '150', 20160, 0)
2025-06-17T16:57:08.457Z DEBUG 2698 --- [           main] o.s.jdbc.datasource.init.ScriptUtils     : 1 returned as update count for SQL: INSERT INTO perfume (id, country, description, filename, fragrance_base_notes, fragrance_middle_notes, fragrance_top_notes, perfume_gender, perfume_title, perfumer, price, type, volume, year, perfume_rating) VALUES (28, 'France', null, 'https://perfumeswebstorage.s3.eu-central-1.amazonaws.com/e31f6d6c-e585-40a4-970c-f25322667924.Chanel Allure homme Sport.jpg', 'Amber, Musk, Tonka bean', 'Neroli, Pepper, Cedar', 'Aldehydes, Mandarin orange, Seawater', 'male', 'Allure homme Sport', 'Chanel', 85, 'Eau de Toilette', '100', 20040, 0)
2025-06-17T16:57:08.458Z DEBUG 2698 --- [           main] o.s.jdbc.datasource.init.ScriptUtils     : 1 returned as update count for SQL: INSERT INTO perfume (id, country, description, filename, fragrance_base_notes, fragrance_middle_notes, fragrance_top_notes, perfume_gender, perfume_title, perfumer, price, type, volume, year, perfume_rating) VALUES (29, 'France', null, 'https://perfumeswebstorage.s3.eu-central-1.amazonaws.com/ac6c7a11-97f8-44b1-9b10-f96997212dd4.Chanel Bleu de Chanel Eau de Parfum.jpg', 'Ginger, Sandalwood, Frankincense', 'Grapefruit, Labdanum, Cedar', 'Pink pepper, Vetiver, Citrus notes', 'male', 'Bleu de Chanel', 'Chanel', 88, 'Eau de parfum', '100', 20140, 0)
2025-06-17T16:57:08.458Z DEBUG 2698 --- [           main] o.s.jdbc.datasource.init.ScriptUtils     : 1 returned as update count for SQL: INSERT INTO perfume (id, country, description, filename, fragrance_base_notes, fragrance_middle_notes, fragrance_top_notes, perfume_gender, perfume_title, perfumer, price, type, volume, year, perfume_rating) VALUES (30, 'France', null, 'https://perfumeswebstorage.s3.eu-central-1.amazonaws.com/7049225c-03bb-45a7-ba6a-86274f8668b9.Chanel Egoiste Platinum.jpg', 'Amber, Oakmoss, Sandalwood', 'Galbanum, Geranium, Jasmine', 'Lavender, Neroli, Petitgrain', 'male', 'Egoiste Platinum', 'Chanel', 70, 'Eau de Toilette', '100', 19930, 0)
2025-06-17T16:57:08.458Z DEBUG 2698 --- [           main] o.s.jdbc.datasource.init.ScriptUtils     : 1 returned as update count for SQL: INSERT INTO perfume (id, country, description, filename, fragrance_base_notes, fragrance_middle_notes, fragrance_top_notes, perfume_gender, perfume_title, perfumer, price, type, volume, year, perfume_rating) VALUES (31, 'France', null, 'https://perfumeswebstorage.s3.eu-central-1.amazonaws.com/bcc4bb2a-907d-4531-9d7f-178c765c5ed3.Chanel Chance Eau Fraiche.jpg', 'Amber, Iris, Musk, Patchouli', 'Jasmine, Pink pepper, Water hyacinth', 'Cedar, Citrus fruits', 'female', 'Chance Eau Fraiche', 'Chanel', 90, 'Eau de Toilette', '100', 20070, 0)
2025-06-17T16:57:08.459Z DEBUG 2698 --- [           main] o.s.jdbc.datasource.init.ScriptUtils     : 1 returned as update count for SQL: INSERT INTO perfume (id, country, description, filename, fragrance_base_notes, fragrance_middle_notes, fragrance_top_notes, perfume_gender, perfume_title, perfumer, price, type, volume, year, perfume_rating) VALUES (32, 'France', null, 'https://perfumeswebstorage.s3.eu-central-1.amazonaws.com/2b5f80ca-e0f3-4e99-b5e4-11ccb9153b00.Chanel Gabrielle Essence.jpg', 'Sandalwood, Vanilla, White musk', 'Tuberose, Jasmine, Ylang-ylang', 'Citrus fruits, Red fruits', 'female', 'Gabrielle Essence', 'Chanel', 104, 'Eau de parfum', '100', 20190, 0)
2025-06-17T16:57:08.459Z DEBUG 2698 --- [           main] o.s.jdbc.datasource.init.ScriptUtils     : 1 returned as update count for SQL: INSERT INTO perfume (id, country, description, filename, fragrance_base_notes, fragrance_middle_notes, fragrance_top_notes, perfume_gender, perfume_title, perfumer, price, type, volume, year, perfume_rating) VALUES (33, 'France', null, 'https://perfumeswebstorage.s3.eu-central-1.amazonaws.com/4b51181b-5551-4321-b5e7-f7612584c9b2.Chanel N5.jpg', 'Amber, Sandalwood, Vanilla', 'Iris, Grasse jasmine', 'Aldehydes, Bergamot, Neroli', 'female', 'Chanel N5', 'Chanel', 192, 'Eau de parfum', '200', 19210, 0)
2025-06-17T16:57:08.459Z DEBUG 2698 --- [           main] o.s.jdbc.datasource.init.ScriptUtils     : 1 returned as update count for SQL: INSERT INTO perfume (id, country, description, filename, fragrance_base_notes, fragrance_middle_notes, fragrance_top_notes, perfume_gender, perfume_title, perfumer, price, type, volume, year, perfume_rating) VALUES (34, 'France', null, 'https://perfumeswebstorage.s3.eu-central-1.amazonaws.com/bdb203a9-0725-4ed4-a71a-db7eeb915fae.Creed Aventus.jpg', 'Ambergris, Oakmoss, Musk', 'Birch, Jasmine, Patchouli', 'Pineapple, Apple, Bergamot, Blackcurrant', 'male', 'Aventus', 'Creed', 152, 'Eau de parfum', '100', 20100, 0)
2025-06-17T16:57:08.460Z DEBUG 2698 --- [           main] o.s.jdbc.datasource.init.ScriptUtils     : 1 returned as update count for SQL: INSERT INTO perfume (id, country, description, filename, fragrance_base_notes, fragrance_middle_notes, fragrance_top_notes, perfume_gender, perfume_title, perfumer, price, type, volume, year, perfume_rating) VALUES (35, 'France', null, 'https://perfumeswebstorage.s3.eu-central-1.amazonaws.com/162cfbe2-2dc2-4271-8a63-23981a7e3cc4.Creed Bois du Portugal.jpg', 'Sandalwood, Vetiver, Ambergris', 'Cedarwood', 'Bergamot, Lavender', 'male', 'Bois du Portugal', 'Creed', 110, 'Eau de parfum', '100', 19870, 0)
2025-06-17T16:57:08.460Z DEBUG 2698 --- [           main] o.s.jdbc.datasource.init.ScriptUtils     : 1 returned as update count for SQL: INSERT INTO perfume (id, country, description, filename, fragrance_base_notes, fragrance_middle_notes, fragrance_top_notes, perfume_gender, perfume_title, perfumer, price, type, volume, year, perfume_rating) VALUES (36, 'France', null, 'https://perfumeswebstorage.s3.eu-central-1.amazonaws.com/1d428b77-0ffd-449f-bcaa-04a094b51de7.Creed Original Vetiver.jpg', 'Ambergris, Sandalwood, Musk, Vetiver', 'White pepper, Coriander, Pink pepper', 'Bergamot, Bitter orange, Mandarin orange', 'male', 'Original Vetiver', 'Creed', 97, 'Eau de parfum', '100', 20040, 0)
2025-06-17T16:57:08.461Z DEBUG 2698 --- [           main] o.s.jdbc.datasource.init.ScriptUtils     : 1 returned as update count for SQL: INSERT INTO perfume (id, country, description, filename, fragrance_base_notes, fragrance_middle_notes, fragrance_top_notes, perfume_gender, perfume_title, perfumer, price, type, volume, year, perfume_rating) VALUES (37, 'France', null, 'https://perfumeswebstorage.s3.eu-central-1.amazonaws.com/5fd3de8e-1022-47a2-ae58-a089a65bd90c.Creed Acqua Fiorentina.jpg', 'Grapefruit, Sandalwood, Cedar', 'Bergamot, Pear, Rose', 'Apple, Prune, Greengage plum', 'female', 'Acqua Fiorentina', 'Creed', 100, 'Eau de parfum', '75', 20090, 0)
2025-06-17T16:57:08.461Z DEBUG 2698 --- [           main] o.s.jdbc.datasource.init.ScriptUtils     : 1 returned as update count for SQL: INSERT INTO perfume (id, country, description, filename, fragrance_base_notes, fragrance_middle_notes, fragrance_top_notes, perfume_gender, perfume_title, perfumer, price, type, volume, year, perfume_rating) VALUES (38, 'France', null, 'https://perfumeswebstorage.s3.eu-central-1.amazonaws.com/7d32f694-9cc3-4770-844a-47400e6f5c6b.Creed Aventus for Her.jpg', 'Peach, Blackcurrant, Ylang-ylang', 'Rose, Styrax, Mysore sandalwood', 'Green apple, Violet leaf, Calabrian bergamot', 'female', 'Aventus for Her', 'Creed', 141, 'Eau de parfum', '75', 20160, 0)
2025-06-17T16:57:08.461Z DEBUG 2698 --- [           main] o.s.jdbc.datasource.init.ScriptUtils     : 1 returned as update count for SQL: INSERT INTO perfume (id, country, description, filename, fragrance_base_notes, fragrance_middle_notes, fragrance_top_notes, perfume_gender, perfume_title, perfumer, price, type, volume, year, perfume_rating) VALUES (39, 'France', null, 'https://perfumeswebstorage.s3.eu-central-1.amazonaws.com/cbb8efd1-f55a-4db3-8511-f0b5b446533d.Creed Love in Black.jpg', 'Rose, Burgundy blackcurrant, Violet', 'Florentine iris, Clove', 'White violet', 'female', 'Love in Black', 'Creed', 89, 'Eau de parfum', '75', 20080, 0)
2025-06-17T16:57:08.462Z DEBUG 2698 --- [           main] o.s.jdbc.datasource.init.ScriptUtils     : 1 returned as update count for SQL: INSERT INTO perfume (id, country, description, filename, fragrance_base_notes, fragrance_middle_notes, fragrance_top_notes, perfume_gender, perfume_title, perfumer, price, type, volume, year, perfume_rating) VALUES (40, 'France', null, 'https://perfumeswebstorage.s3.eu-central-1.amazonaws.com/0f0acb70-dc64-474f-878a-1b214d250d94.CreedLoveinWhite.jpg', 'Ambergris, Mysore sandalwood, Vanilla', 'Florentine iris, Yellow narcissus, Magnolia', 'Orange zest', 'female', 'Love in White', 'Creed', 94, 'Eau de parfum', '75', 20050, 0)
2025-06-17T16:57:08.462Z DEBUG 2698 --- [           main] o.s.jdbc.datasource.init.ScriptUtils     : 1 returned as update count for SQL: INSERT INTO perfume (id, country, description, filename, fragrance_base_notes, fragrance_middle_notes, fragrance_top_notes, perfume_gender, perfume_title, perfumer, price, type, volume, year, perfume_rating) VALUES (41, 'France', null, 'https://perfumeswebstorage.s3.eu-central-1.amazonaws.com/0158183f-2412-4c61-a962-7c96e43c19c3.Dior Fahrenheit.jpg', 'Amber, Leather, Musk', 'Carnation, Honeysuckle, Jasmine', 'Bergamot, Camomile, Lavender, Mandarin orange', 'male', 'Fahrenheit', 'Dior', 62, 'Eau de Toilette', '100', 19880, 0)
2025-06-17T16:57:08.462Z DEBUG 2698 --- [           main] o.s.jdbc.datasource.init.ScriptUtils     : 1 returned as update count for SQL: INSERT INTO perfume (id, country, description, filename, fragrance_base_notes, fragrance_middle_notes, fragrance_top_notes, perfume_gender, perfume_title, perfumer, price, type, volume, year, perfume_rating) VALUES (42, 'France', null, 'https://perfumeswebstorage.s3.eu-central-1.amazonaws.com/27f0b3d3-2634-4e74-971a-f780c4480482.Dior Homme.jpg', 'Virginia cedar', 'Ecuadorian ambrette seed', 'Florentine iris absolute', 'male', 'Homme', 'Dior', 90, 'Eau de parfum', '100', 20070, 0)
2025-06-17T16:57:08.463Z DEBUG 2698 --- [           main] o.s.jdbc.datasource.init.ScriptUtils     : 1 returned as update count for SQL: INSERT INTO perfume (id, country, description, filename, fragrance_base_notes, fragrance_middle_notes, fragrance_top_notes, perfume_gender, perfume_title, perfumer, price, type, volume, year, perfume_rating) VALUES (43, 'France', null, 'https://perfumeswebstorage.s3.eu-central-1.amazonaws.com/03e65b3b-7b1f-400c-9bb8-a8956bdaa4be.Dior Sauvage.jpg', 'Ambroxan', 'Bergamot', 'Sichuan Pepper', 'male', 'Sauvage', 'Dior', 62, 'Eau de Toilette', '100', 20150, 0)
2025-06-17T16:57:08.463Z DEBUG 2698 --- [           main] o.s.jdbc.datasource.init.ScriptUtils     : 1 returned as update count for SQL: INSERT INTO perfume (id, country, description, filename, fragrance_base_notes, fragrance_middle_notes, fragrance_top_notes, perfume_gender, perfume_title, perfumer, price, type, volume, year, perfume_rating) VALUES (44, 'France', null, 'https://perfumeswebstorage.s3.eu-central-1.amazonaws.com/94c85cfd-f090-4d49-b2e9-dcff34eec8c1.Dior Jadore.jpg', 'Vanilla, Cedar, Musk', 'Lily of the valley, Rose, Violet', 'Bergamot, Pear, Melon, Peach', 'female', 'Jadore', 'Dior', 81, 'Eau de parfum', '100', 19990, 0)
2025-06-17T16:57:08.463Z DEBUG 2698 --- [           main] o.s.jdbc.datasource.init.ScriptUtils     : 1 returned as update count for SQL: INSERT INTO perfume (id, country, description, filename, fragrance_base_notes, fragrance_middle_notes, fragrance_top_notes, perfume_gender, perfume_title, perfumer, price, type, volume, year, perfume_rating) VALUES (45, 'France', null, 'https://perfumeswebstorage.s3.eu-central-1.amazonaws.com/85f8de21-24d5-473b-8d63-6ba6c2d4d25e.Dior Miss Dior.jpg', 'Ambergris, Musk, Patchouli', 'Jasmine, Caramel, Popcorn', 'Pineapple, Cherry, Mandarin orange', 'female', 'Miss Dior', 'Dior', 90, 'Eau de parfum', '100', 20110, 0)
2025-06-17T16:57:08.464Z DEBUG 2698 --- [           main] o.s.jdbc.datasource.init.ScriptUtils     : 1 returned as update count for SQL: INSERT INTO perfume (id, country, description, filename, fragrance_base_notes, fragrance_middle_notes, fragrance_top_notes, perfume_gender, perfume_title, perfumer, price, type, volume, year, perfume_rating) VALUES (46, 'France', null, 'https://perfumeswebstorage.s3.eu-central-1.amazonaws.com/63534821-1eb9-4b44-afd3-61c3b8ca4a25.Dior Poison Girl.jpg', 'Venezuelan tonka bean', 'Grasse rose', 'Bitter orange', 'female', 'Poison Girl', 'Dior', 75, 'Eau de parfum', '100', 20160, 0)
2025-06-17T16:57:08.464Z DEBUG 2698 --- [           main] o.s.jdbc.datasource.init.ScriptUtils     : 1 returned as update count for SQL: INSERT INTO review (id, author, date, message, rating) VALUES (123, 'John', '2021-02-07', 'Hello world', 5)
2025-06-17T16:57:08.464Z DEBUG 2698 --- [           main] o.s.jdbc.datasource.init.ScriptUtils     : 1 returned as update count for SQL: INSERT INTO review (id, author, date, message, rating) VALUES (124, 'John2', '2021-02-07', 'Hello world2', 4)
2025-06-17T16:57:08.465Z DEBUG 2698 --- [           main] o.s.jdbc.datasource.init.ScriptUtils     : 1 returned as update count for SQL: INSERT INTO perfume_reviews (perfume_id, reviews_id) VALUES (2, 123)
2025-06-17T16:57:08.465Z DEBUG 2698 --- [           main] o.s.jdbc.datasource.init.ScriptUtils     : 1 returned as update count for SQL: INSERT INTO perfume_reviews (perfume_id, reviews_id) VALUES (2, 124)
2025-06-17T16:57:08.465Z DEBUG 2698 --- [           main] o.s.jdbc.datasource.init.ScriptUtils     : Executed SQL script from class path resource [sql/create-perfumes-before.sql] in 13 ms.
2025-06-17T16:57:08.465Z DEBUG 2698 --- [           main] o.s.orm.jpa.JpaTransactionManager        : Initiating transaction commit
2025-06-17T16:57:08.465Z DEBUG 2698 --- [           main] o.s.orm.jpa.JpaTransactionManager        : Committing JPA transaction on EntityManager [SessionImpl(261915823<open>)]
2025-06-17T16:57:08.466Z DEBUG 2698 --- [           main] o.s.orm.jpa.JpaTransactionManager        : Closing JPA EntityManager [SessionImpl(261915823<open>)] after transaction
2025-06-17T16:57:08.466Z DEBUG 2698 --- [           main] org.springframework.test.context.cache   : Spring test ApplicationContext cache statistics: [DefaultContextCache@46ea1dc size = 1, maxSize = 32, parentContextCount = 0, hitCount = 437, missCount = 1, failureCount = 0]
2025-06-17T16:57:08.466Z DEBUG 2698 --- [           main] org.springframework.test.context.cache   : Spring test ApplicationContext cache statistics: [DefaultContextCache@46ea1dc size = 1, maxSize = 32, parentContextCount = 0, hitCount = 438, missCount = 1, failureCount = 0]
2025-06-17T16:57:08.467Z DEBUG 2698 --- [           main] org.springframework.test.context.cache   : Spring test ApplicationContext cache statistics: [DefaultContextCache@46ea1dc size = 1, maxSize = 32, parentContextCount = 0, hitCount = 439, missCount = 1, failureCount = 0]
2025-06-17T16:57:08.468Z DEBUG 2698 --- [           main] org.springframework.test.context.cache   : Spring test ApplicationContext cache statistics: [DefaultContextCache@46ea1dc size = 1, maxSize = 32, parentContextCount = 0, hitCount = 440, missCount = 1, failureCount = 0]
2025-06-17T16:57:08.469Z DEBUG 2698 --- [           main] o.s.test.util.ReflectionTestUtils        : Invoking method 'getFilters' on target object [FilterChainProxy[Filter Chains: null]] or target class [null] with arguments {org.springframework.mock.web.MockHttpServletRequest@5795fc3}
2025-06-17T16:57:08.469Z DEBUG 2698 --- [           main] o.s.test.util.ReflectionTestUtils        : Getting field 'tokenRepository' from target object [org.springframework.security.web.csrf.CsrfFilter@6bbb8dce] or target class [class org.springframework.security.web.csrf.CsrfFilter]
2025-06-17T16:57:08.469Z DEBUG 2698 --- [           main] o.s.test.util.ReflectionTestUtils        : Invoking method 'getFilters' on target object [FilterChainProxy[Filter Chains: null]] or target class [null] with arguments {org.springframework.mock.web.MockHttpServletRequest@5795fc3}
2025-06-17T16:57:08.469Z DEBUG 2698 --- [           main] o.s.test.util.ReflectionTestUtils        : Getting field 'requestHandler' from target object [org.springframework.security.web.csrf.CsrfFilter@6bbb8dce] or target class [class org.springframework.security.web.csrf.CsrfFilter]
2025-06-17T16:57:08.470Z DEBUG 2698 --- [           main] o.s.security.web.FilterChainProxy        : Securing POST /api/v1/perfumes/graphql/perfumes
2025-06-17T16:57:08.471Z DEBUG 2698 --- [           main] o.s.s.w.a.AnonymousAuthenticationFilter  : Set SecurityContextHolder to anonymous SecurityContext
2025-06-17T16:57:08.471Z DEBUG 2698 --- [           main] o.s.security.web.FilterChainProxy        : Secured POST /api/v1/perfumes/graphql/perfumes
2025-06-17T16:57:08.471Z DEBUG 2698 --- [           main] o.s.t.web.servlet.TestDispatcherServlet  : POST "/api/v1/perfumes/graphql/perfumes", parameters={masked}
2025-06-17T16:57:08.472Z DEBUG 2698 --- [           main] s.w.s.m.m.a.RequestMappingHandlerMapping : Mapped to com.gmail.merikbest2015.ecommerce.controller.PerfumeController#getAllPerfumesByQuery(GraphQLRequest)
2025-06-17T16:57:08.472Z DEBUG 2698 --- [           main] o.j.s.OpenEntityManagerInViewInterceptor : Opening JPA EntityManager in OpenEntityManagerInViewInterceptor
2025-06-17T16:57:08.473Z DEBUG 2698 --- [           main] m.m.a.RequestResponseBodyMethodProcessor : Read "application/json;charset=UTF-8" to [GraphQLRequest(query={ perfumes { id perfumeTitle perfumer price filename } })]
2025-06-17T16:57:08.473Z  INFO 2698 --- [           main] c.g.m.e.controller.PerfumeController     : GraphQL query for all perfumes received
2025-06-17T16:57:08.475Z  INFO 2698 --- [           main] c.g.m.e.service.Impl.PerfumeServiceImpl  : GraphQL query: fetching all perfumes
CLASS: [PerfumeController], METHOD: [getAllPerfumesByQuery()], REQUEST: GraphQLRequest(query={ perfumes { id perfumeTitle perfumer price filename } })
CLASS: [PerfumeController], METHOD: [getAllPerfumesByQuery()], RESPONSE: <200 OK OK,ExecutionResultImpl{errors=[], data={perfumes=[{id=1, perfumeTitle=Boss Bottled Night, perfumer=Hugo Boss, price=35, filename=https://perfumeswebstorage.s3.eu-central-1.amazonaws.com/4735a4c8-e1fc-43ce-8ff9-0bd28d00ce20.Hugo Boss Boss Bottled Night.jpg}, {id=2, perfumeTitle=Hugo Man, perfumer=Hugo Boss, price=21, filename=https://perfumeswebstorage.s3.eu-central-1.amazonaws.com/17d6f8a1-aa84-4823-bd18-ccb0fdbe7fe9.Hugo Boss Hugo Man.jpg}, {id=3, perfumeTitle=The Scent, perfumer=Hugo Boss, price=45, filename=https://perfumeswebstorage.s3.eu-central-1.amazonaws.com/ba9272ca-20af-4e41-89b7-24018be4acb1.Hugo Boss The Scent.jpg}, {id=4, perfumeTitle=Boss Woman, perfumer=Hugo Boss, price=26, filename=https://perfumeswebstorage.s3.eu-central-1.amazonaws.com/540f8e7d-2259-4a20-becf-4ed5cfc2912e.Hugo Boss Boss Woman.jpg}, {id=5, perfumeTitle=Deep Red, perfumer=Hugo Boss, price=27, filename=https://perfumeswebstorage.s3.eu-central-1.amazonaws.com/1fb6dd1b-a134-4e6f-8215-60d465d33d72.Hugo Boss Hugo Deep Red.jpg}, {id=6, perfumeTitle=The Scent For Her, perfumer=Hugo Boss, price=47, filename=https://perfumeswebstorage.s3.eu-central-1.amazonaws.com/62e9bf9b-8fea-4eb2-9935-21e868e1b93d.Hugo Boss The Scent For Her.jpg}, {id=26, perfumeTitle=Bad Boy, perfumer=Carolina Herrera, price=76, filename=https://perfumeswebstorage.s3.eu-central-1.amazonaws.com/6524de16-c086-49fe-a6e5-c9efc35f1a02.Carolina Herrera Bad Boy.jpg}, {id=27, perfumeTitle=Good Girl, perfumer=Carolina Herrera, price=156, filename=https://perfumeswebstorage.s3.eu-central-1.amazonaws.com/184c9da2-2445-4b01-87b8-b4f8b5f6ab8c.Carolina Herrera Good Girl.jpg}, {id=28, perfumeTitle=Allure homme Sport, perfumer=Chanel, price=85, filename=https://perfumeswebstorage.s3.eu-central-1.amazonaws.com/e31f6d6c-e585-40a4-970c-f25322667924.Chanel Allure homme Sport.jpg}, {id=29, perfumeTitle=Bleu de Chanel, perfumer=Chanel, price=88, filename=https://perfumeswebstorage.s3.eu-central-1.amazonaws.com/ac6c7a11-97f8-44b1-9b10-f96997212dd4.Chanel Bleu de Chanel Eau de Parfum.jpg}, {id=30, perfumeTitle=Egoiste Platinum, perfumer=Chanel, price=70, filename=https://perfumeswebstorage.s3.eu-central-1.amazonaws.com/7049225c-03bb-45a7-ba6a-86274f8668b9.Chanel Egoiste Platinum.jpg}, {id=31, perfumeTitle=Chance Eau Fraiche, perfumer=Chanel, price=90, filename=https://perfumeswebstorage.s3.eu-central-1.amazonaws.com/bcc4bb2a-907d-4531-9d7f-178c765c5ed3.Chanel Chance Eau Fraiche.jpg}, {id=32, perfumeTitle=Gabrielle Essence, perfumer=Chanel, price=104, filename=https://perfumeswebstorage.s3.eu-central-1.amazonaws.com/2b5f80ca-e0f3-4e99-b5e4-11ccb9153b00.Chanel Gabrielle Essence.jpg}, {id=33, perfumeTitle=Chanel N5, perfumer=Chanel, price=192, filename=https://perfumeswebstorage.s3.eu-central-1.amazonaws.com/4b51181b-5551-4321-b5e7-f7612584c9b2.Chanel N5.jpg}, {id=34, perfumeTitle=Aventus, perfumer=Creed, price=152, filename=https://perfumeswebstorage.s3.eu-central-1.amazonaws.com/bdb203a9-0725-4ed4-a71a-db7eeb915fae.Creed Aventus.jpg}, {id=35, perfumeTitle=Bois du Portugal, perfumer=Creed, price=110, filename=https://perfumeswebstorage.s3.eu-central-1.amazonaws.com/162cfbe2-2dc2-4271-8a63-23981a7e3cc4.Creed Bois du Portugal.jpg}, {id=36, perfumeTitle=Original Vetiver, perfumer=Creed, price=97, filename=https://perfumeswebstorage.s3.eu-central-1.amazonaws.com/1d428b77-0ffd-449f-bcaa-04a094b51de7.Creed Original Vetiver.jpg}, {id=37, perfumeTitle=Acqua Fiorentina, perfumer=Creed, price=100, filename=https://perfumeswebstorage.s3.eu-central-1.amazonaws.com/5fd3de8e-1022-47a2-ae58-a089a65bd90c.Creed Acqua Fiorentina.jpg}, {id=38, perfumeTitle=Aventus for Her, perfumer=Creed, price=141, filename=https://perfumeswebstorage.s3.eu-central-1.amazonaws.com/7d32f694-9cc3-4770-844a-47400e6f5c6b.Creed Aventus for Her.jpg}, {id=39, perfumeTitle=Love in Black, perfumer=Creed, price=89, filename=https://perfumeswebstorage.s3.eu-central-1.amazonaws.com/cbb8efd1-f55a-4db3-8511-f0b5b446533d.Creed Love in Black.jpg}, {id=40, perfumeTitle=Love in White, perfumer=Creed, price=94, filename=https://perfumeswebstorage.s3.eu-central-1.amazonaws.com/0f0acb70-dc64-474f-878a-1b214d250d94.CreedLoveinWhite.jpg}, {id=41, perfumeTitle=Fahrenheit, perfumer=Dior, price=62, filename=https://perfumeswebstorage.s3.eu-central-1.amazonaws.com/0158183f-2412-4c61-a962-7c96e43c19c3.Dior Fahrenheit.jpg}, {id=42, perfumeTitle=Homme, perfumer=Dior, price=90, filename=https://perfumeswebstorage.s3.eu-central-1.amazonaws.com/27f0b3d3-2634-4e74-971a-f780c4480482.Dior Homme.jpg}, {id=43, perfumeTitle=Sauvage, perfumer=Dior, price=62, filename=https://perfumeswebstorage.s3.eu-central-1.amazonaws.com/03e65b3b-7b1f-400c-9bb8-a8956bdaa4be.Dior Sauvage.jpg}, {id=44, perfumeTitle=Jadore, perfumer=Dior, price=81, filename=https://perfumeswebstorage.s3.eu-central-1.amazonaws.com/94c85cfd-f090-4d49-b2e9-dcff34eec8c1.Dior Jadore.jpg}, {id=45, perfumeTitle=Miss Dior, perfumer=Dior, price=90, filename=https://perfumeswebstorage.s3.eu-central-1.amazonaws.com/85f8de21-24d5-473b-8d63-6ba6c2d4d25e.Dior Miss Dior.jpg}, {id=46, perfumeTitle=Poison Girl, perfumer=Dior, price=75, filename=https://perfumeswebstorage.s3.eu-central-1.amazonaws.com/63534821-1eb9-4b44-afd3-61c3b8ca4a25.Dior Poison Girl.jpg}]}, dataPresent=true, extensions=null},[]>
2025-06-17T16:57:08.514Z DEBUG 2698 --- [           main] o.s.w.s.m.m.a.HttpEntityMethodProcessor  : Using 'application/json', given [*/*] and supported [application/json, application/*+json, application/yaml]
2025-06-17T16:57:08.514Z DEBUG 2698 --- [           main] o.s.w.s.m.m.a.HttpEntityMethodProcessor  : Writing [ExecutionResultImpl{errors=[], data={perfumes=[{id=1, perfumeTitle=Boss Bottled Night, perfumer=Hugo (truncated)...]
2025-06-17T16:57:08.515Z DEBUG 2698 --- [           main] o.j.s.OpenEntityManagerInViewInterceptor : Closing JPA EntityManager in OpenEntityManagerInViewInterceptor
2025-06-17T16:57:08.515Z DEBUG 2698 --- [           main] o.s.t.web.servlet.TestDispatcherServlet  : Completed 200 OK
2025-06-17T16:57:08.520Z DEBUG 2698 --- [           main] org.springframework.test.context.cache   : Spring test ApplicationContext cache statistics: [DefaultContextCache@46ea1dc size = 1, maxSize = 32, parentContextCount = 0, hitCount = 441, missCount = 1, failureCount = 0]
2025-06-17T16:57:08.520Z DEBUG 2698 --- [           main] org.springframework.test.context.cache   : Spring test ApplicationContext cache statistics: [DefaultContextCache@46ea1dc size = 1, maxSize = 32, parentContextCount = 0, hitCount = 442, missCount = 1, failureCount = 0]
2025-06-17T16:57:08.521Z DEBUG 2698 --- [           main] org.springframework.test.context.cache   : Spring test ApplicationContext cache statistics: [DefaultContextCache@46ea1dc size = 1, maxSize = 32, parentContextCount = 0, hitCount = 443, missCount = 1, failureCount = 0]
2025-06-17T16:57:08.521Z DEBUG 2698 --- [           main] org.springframework.test.context.cache   : Spring test ApplicationContext cache statistics: [DefaultContextCache@46ea1dc size = 1, maxSize = 32, parentContextCount = 0, hitCount = 444, missCount = 1, failureCount = 0]
2025-06-17T16:57:08.521Z DEBUG 2698 --- [           main] org.springframework.test.context.cache   : Spring test ApplicationContext cache statistics: [DefaultContextCache@46ea1dc size = 1, maxSize = 32, parentContextCount = 0, hitCount = 445, missCount = 1, failureCount = 0]
2025-06-17T16:57:08.522Z DEBUG 2698 --- [           main] org.springframework.test.context.cache   : Spring test ApplicationContext cache statistics: [DefaultContextCache@46ea1dc size = 1, maxSize = 32, parentContextCount = 0, hitCount = 446, missCount = 1, failureCount = 0]
2025-06-17T16:57:08.522Z DEBUG 2698 --- [           main] org.springframework.test.context.cache   : Spring test ApplicationContext cache statistics: [DefaultContextCache@46ea1dc size = 1, maxSize = 32, parentContextCount = 0, hitCount = 447, missCount = 1, failureCount = 0]
2025-06-17T16:57:08.522Z DEBUG 2698 --- [           main] org.springframework.test.context.cache   : Spring test ApplicationContext cache statistics: [DefaultContextCache@46ea1dc size = 1, maxSize = 32, parentContextCount = 0, hitCount = 448, missCount = 1, failureCount = 0]
2025-06-17T16:57:08.522Z DEBUG 2698 --- [           main] .s.t.c.j.SqlScriptsTestExecutionListener : Processing merged @SqlConfig attributes for execution phase [AFTER_TEST_METHOD] and test class [com.gmail.merikbest2015.ecommerce.controller.PerfumeControllerTest]
2025-06-17T16:57:08.522Z DEBUG 2698 --- [           main] org.springframework.test.context.cache   : Spring test ApplicationContext cache statistics: [DefaultContextCache@46ea1dc size = 1, maxSize = 32, parentContextCount = 0, hitCount = 449, missCount = 1, failureCount = 0]
2025-06-17T16:57:08.523Z DEBUG 2698 --- [           main] .s.t.c.j.SqlScriptsTestExecutionListener : Executing SQL scripts: [class path resource [sql/create-perfumes-after.sql]]
2025-06-17T16:57:08.523Z DEBUG 2698 --- [           main] org.springframework.test.context.cache   : Spring test ApplicationContext cache statistics: [DefaultContextCache@46ea1dc size = 1, maxSize = 32, parentContextCount = 0, hitCount = 450, missCount = 1, failureCount = 0]
2025-06-17T16:57:08.523Z DEBUG 2698 --- [           main] org.springframework.test.context.cache   : Spring test ApplicationContext cache statistics: [DefaultContextCache@46ea1dc size = 1, maxSize = 32, parentContextCount = 0, hitCount = 451, missCount = 1, failureCount = 0]
2025-06-17T16:57:08.523Z DEBUG 2698 --- [           main] o.s.orm.jpa.JpaTransactionManager        : Creating new transaction with name [com.gmail.merikbest2015.ecommerce.controller.PerfumeControllerTest]: PROPAGATION_REQUIRED,ISOLATION_DEFAULT
2025-06-17T16:57:08.523Z DEBUG 2698 --- [           main] o.s.orm.jpa.JpaTransactionManager        : Opened new EntityManager [SessionImpl(1117152091<open>)] for JPA transaction
2025-06-17T16:57:08.523Z DEBUG 2698 --- [           main] o.s.orm.jpa.JpaTransactionManager        : Exposing JPA transaction as JDBC [org.springframework.orm.jpa.vendor.HibernateJpaDialect$HibernateConnectionHandle@60dc4906]
2025-06-17T16:57:08.523Z DEBUG 2698 --- [           main] o.s.jdbc.datasource.init.ScriptUtils     : Executing SQL script from class path resource [sql/create-perfumes-after.sql]
2025-06-17T16:57:08.524Z DEBUG 2698 --- [           main] o.s.jdbc.datasource.init.ScriptUtils     : 2 returned as update count for SQL: delete from perfume_reviews
2025-06-17T16:57:08.524Z DEBUG 2698 --- [           main] o.s.jdbc.datasource.init.ScriptUtils     : 2 returned as update count for SQL: delete from review
2025-06-17T16:57:08.525Z DEBUG 2698 --- [           main] o.s.jdbc.datasource.init.ScriptUtils     : 27 returned as update count for SQL: delete from perfume
2025-06-17T16:57:08.525Z DEBUG 2698 --- [           main] o.s.jdbc.datasource.init.ScriptUtils     : Executed SQL script from class path resource [sql/create-perfumes-after.sql] in 2 ms.
2025-06-17T16:57:08.525Z DEBUG 2698 --- [           main] o.s.orm.jpa.JpaTransactionManager        : Initiating transaction commit
2025-06-17T16:57:08.525Z DEBUG 2698 --- [           main] o.s.orm.jpa.JpaTransactionManager        : Committing JPA transaction on EntityManager [SessionImpl(1117152091<open>)]
2025-06-17T16:57:08.525Z DEBUG 2698 --- [           main] o.s.orm.jpa.JpaTransactionManager        : Closing JPA EntityManager [SessionImpl(1117152091<open>)] after transaction
2025-06-17T16:57:08.526Z DEBUG 2698 --- [           main] .c.s.DirtiesContextTestExecutionListener : After test method: class [PerfumeControllerTest], method [getAllPerfumesByQuery], class annotated with @DirtiesContext [false] with mode [null], method annotated with @DirtiesContext [false] with mode [null]
2025-06-17T16:57:08.526Z DEBUG 2698 --- [           main] ObservationRegistryTestExecutionListener : Restoring ObservationRegistry in ObservationThreadLocalAccessor for test class com.gmail.merikbest2015.ecommerce.controller.PerfumeControllerTest
2025-06-17T16:57:08.526Z DEBUG 2698 --- [           main] o.s.t.c.w.ServletTestExecutionListener   : Resetting RequestContextHolder for test class com.gmail.merikbest2015.ecommerce.controller.PerfumeControllerTest
]]></system-out>
  </testcase>
  <testcase name="getPerfumesByIdsQuery" classname="com.gmail.merikbest2015.ecommerce.controller.PerfumeControllerTest" time="0.04">
    <system-out><![CDATA[2025-06-17T16:57:08.526Z DEBUG 2698 --- [           main] org.springframework.test.context.cache   : Spring test ApplicationContext cache statistics: [DefaultContextCache@46ea1dc size = 1, maxSize = 32, parentContextCount = 0, hitCount = 452, missCount = 1, failureCount = 0]
2025-06-17T16:57:08.526Z DEBUG 2698 --- [           main] o.s.t.c.w.ServletTestExecutionListener   : Setting up MockHttpServletRequest, MockHttpServletResponse, ServletWebRequest, and RequestContextHolder for test class com.gmail.merikbest2015.ecommerce.controller.PerfumeControllerTest
2025-06-17T16:57:08.527Z DEBUG 2698 --- [           main] DependencyInjectionTestExecutionListener : Performing dependency injection for test class com.gmail.merikbest2015.ecommerce.controller.PerfumeControllerTest
2025-06-17T16:57:08.527Z DEBUG 2698 --- [           main] org.springframework.test.context.cache   : Spring test ApplicationContext cache statistics: [DefaultContextCache@46ea1dc size = 1, maxSize = 32, parentContextCount = 0, hitCount = 453, missCount = 1, failureCount = 0]
2025-06-17T16:57:08.527Z DEBUG 2698 --- [           main] org.springframework.test.context.cache   : Spring test ApplicationContext cache statistics: [DefaultContextCache@46ea1dc size = 1, maxSize = 32, parentContextCount = 0, hitCount = 454, missCount = 1, failureCount = 0]
2025-06-17T16:57:08.527Z DEBUG 2698 --- [           main] sContextBeforeModesTestExecutionListener : Before test method: class [PerfumeControllerTest], method [getPerfumesByIdsQuery], class annotated with @DirtiesContext [false] with mode [null], method annotated with @DirtiesContext [false] with mode [null]
2025-06-17T16:57:08.527Z DEBUG 2698 --- [           main] org.springframework.test.context.cache   : Spring test ApplicationContext cache statistics: [DefaultContextCache@46ea1dc size = 1, maxSize = 32, parentContextCount = 0, hitCount = 455, missCount = 1, failureCount = 0]
2025-06-17T16:57:08.527Z DEBUG 2698 --- [           main] ObservationRegistryTestExecutionListener : Registering ObservationRegistry from ApplicationContext in ObservationThreadLocalAccessor for test class com.gmail.merikbest2015.ecommerce.controller.PerfumeControllerTest
2025-06-17T16:57:08.528Z DEBUG 2698 --- [           main] .s.t.c.j.SqlScriptsTestExecutionListener : Processing merged @SqlConfig attributes for execution phase [BEFORE_TEST_METHOD] and test class [com.gmail.merikbest2015.ecommerce.controller.PerfumeControllerTest]
2025-06-17T16:57:08.528Z DEBUG 2698 --- [           main] org.springframework.test.context.cache   : Spring test ApplicationContext cache statistics: [DefaultContextCache@46ea1dc size = 1, maxSize = 32, parentContextCount = 0, hitCount = 456, missCount = 1, failureCount = 0]
2025-06-17T16:57:08.528Z DEBUG 2698 --- [           main] .s.t.c.j.SqlScriptsTestExecutionListener : Executing SQL scripts: [class path resource [sql/create-perfumes-before.sql]]
2025-06-17T16:57:08.528Z DEBUG 2698 --- [           main] org.springframework.test.context.cache   : Spring test ApplicationContext cache statistics: [DefaultContextCache@46ea1dc size = 1, maxSize = 32, parentContextCount = 0, hitCount = 457, missCount = 1, failureCount = 0]
2025-06-17T16:57:08.528Z DEBUG 2698 --- [           main] org.springframework.test.context.cache   : Spring test ApplicationContext cache statistics: [DefaultContextCache@46ea1dc size = 1, maxSize = 32, parentContextCount = 0, hitCount = 458, missCount = 1, failureCount = 0]
2025-06-17T16:57:08.528Z DEBUG 2698 --- [           main] o.s.orm.jpa.JpaTransactionManager        : Creating new transaction with name [com.gmail.merikbest2015.ecommerce.controller.PerfumeControllerTest]: PROPAGATION_REQUIRED,ISOLATION_DEFAULT
2025-06-17T16:57:08.528Z DEBUG 2698 --- [           main] o.s.orm.jpa.JpaTransactionManager        : Opened new EntityManager [SessionImpl(922361111<open>)] for JPA transaction
2025-06-17T16:57:08.528Z DEBUG 2698 --- [           main] o.s.orm.jpa.JpaTransactionManager        : Exposing JPA transaction as JDBC [org.springframework.orm.jpa.vendor.HibernateJpaDialect$HibernateConnectionHandle@47872c28]
2025-06-17T16:57:08.528Z DEBUG 2698 --- [           main] o.s.jdbc.datasource.init.ScriptUtils     : Executing SQL script from class path resource [sql/create-perfumes-before.sql]
2025-06-17T16:57:08.530Z DEBUG 2698 --- [           main] o.s.jdbc.datasource.init.ScriptUtils     : 1 returned as update count for SQL: INSERT INTO perfume (id, country, description, filename, fragrance_base_notes, fragrance_middle_notes, fragrance_top_notes, perfume_gender, perfume_title, perfumer, price, type, volume, year, perfume_rating) VALUES (1, 'Germany', null, 'https://perfumeswebstorage.s3.eu-central-1.amazonaws.com/4735a4c8-e1fc-43ce-8ff9-0bd28d00ce20.Hugo Boss Boss Bottled Night.jpg', 'Salmwood, Musky notes, Sandalwood', 'Cardamom, Jasmine, African violet', 'Birch leaf, Lavender', 'male', 'Boss Bottled Night', 'Hugo Boss', 35, 'Eau de Toilette', '100', 20100, 0)
2025-06-17T16:57:08.530Z DEBUG 2698 --- [           main] o.s.jdbc.datasource.init.ScriptUtils     : 1 returned as update count for SQL: INSERT INTO perfume (id, country, description, filename, fragrance_base_notes, fragrance_middle_notes, fragrance_top_notes, perfume_gender, perfume_title, perfumer, price, type, volume, year, perfume_rating) VALUES (2, 'Germany', null, 'https://perfumeswebstorage.s3.eu-central-1.amazonaws.com/17d6f8a1-aa84-4823-bd18-ccb0fdbe7fe9.Hugo Boss Hugo Man.jpg', 'Moss, Sandalwood, Fir balsam', 'Carnation, Geranium leaf, Jasmine', 'Basil, Grapefruit, Green apple, Mint', 'male', 'Hugo Man', 'Hugo Boss', 21, 'Eau de Toilette', '75', 19950, 0)
2025-06-17T16:57:08.531Z DEBUG 2698 --- [           main] o.s.jdbc.datasource.init.ScriptUtils     : 1 returned as update count for SQL: INSERT INTO perfume (id, country, description, filename, fragrance_base_notes, fragrance_middle_notes, fragrance_top_notes, perfume_gender, perfume_title, perfumer, price, type, volume, year, perfume_rating) VALUES (3, 'Germany', null, 'https://perfumeswebstorage.s3.eu-central-1.amazonaws.com/ba9272ca-20af-4e41-89b7-24018be4acb1.Hugo Boss The Scent.jpg', 'Leather', 'Maninka fruit, Lavender', 'Ginger', 'male', 'The Scent', 'Hugo Boss', 45, 'Eau de Toilette', '100', 20150, 0)
2025-06-17T16:57:08.531Z DEBUG 2698 --- [           main] o.s.jdbc.datasource.init.ScriptUtils     : 1 returned as update count for SQL: INSERT INTO perfume (id, country, description, filename, fragrance_base_notes, fragrance_middle_notes, fragrance_top_notes, perfume_gender, perfume_title, perfumer, price, type, volume, year, perfume_rating) VALUES (4, 'Germany', null, 'https://perfumeswebstorage.s3.eu-central-1.amazonaws.com/540f8e7d-2259-4a20-becf-4ed5cfc2912e.Hugo Boss Boss Woman.jpg', 'Sandalwood, Cedar', 'Freesia, Violet root', 'Mandarin orange, Mango', 'female', 'Boss Woman', 'Hugo Boss', 26, 'Eau de parfum', '90', 20000, 0)
2025-06-17T16:57:08.531Z DEBUG 2698 --- [           main] o.s.jdbc.datasource.init.ScriptUtils     : 1 returned as update count for SQL: INSERT INTO perfume (id, country, description, filename, fragrance_base_notes, fragrance_middle_notes, fragrance_top_notes, perfume_gender, perfume_title, perfumer, price, type, volume, year, perfume_rating) VALUES (5, 'Germany', null, 'https://perfumeswebstorage.s3.eu-central-1.amazonaws.com/1fb6dd1b-a134-4e6f-8215-60d465d33d72.Hugo Boss Hugo Deep Red.jpg', 'Musk, Sandalwood, Vanilla', 'Freesia, Hibiscus, Ginger', 'Pear, Blood orange, Clementine', 'female', 'Deep Red', 'Hugo Boss', 27, 'Eau de parfum', '90', 20010, 0)
2025-06-17T16:57:08.532Z DEBUG 2698 --- [           main] o.s.jdbc.datasource.init.ScriptUtils     : 1 returned as update count for SQL: INSERT INTO perfume (id, country, description, filename, fragrance_base_notes, fragrance_middle_notes, fragrance_top_notes, perfume_gender, perfume_title, perfumer, price, type, volume, year, perfume_rating) VALUES (6, 'Germany', null, 'https://perfumeswebstorage.s3.eu-central-1.amazonaws.com/62e9bf9b-8fea-4eb2-9935-21e868e1b93d.Hugo Boss The Scent For Her.jpg', 'Roasted cocoa', 'Osmanthus', 'Peach, Freesia', 'female', 'The Scent For Her', 'Hugo Boss', 47, 'Eau de parfum', '100', 20160, 0)
2025-06-17T16:57:08.532Z DEBUG 2698 --- [           main] o.s.jdbc.datasource.init.ScriptUtils     : 1 returned as update count for SQL: INSERT INTO perfume (id, country, description, filename, fragrance_base_notes, fragrance_middle_notes, fragrance_top_notes, perfume_gender, perfume_title, perfumer, price, type, volume, year, perfume_rating) VALUES (26, 'Spain', null, 'https://perfumeswebstorage.s3.eu-central-1.amazonaws.com/6524de16-c086-49fe-a6e5-c9efc35f1a02.Carolina Herrera Bad Boy.jpg', 'Tonka bean, Cocoa absolute', 'Cedarwood, Sage', 'Black pepper, White pepper, Italian bergamot', 'male', 'Bad Boy', 'Carolina Herrera', 76, 'Eau de Toilette', '100', 20190, 0)
2025-06-17T16:57:08.532Z DEBUG 2698 --- [           main] o.s.jdbc.datasource.init.ScriptUtils     : 1 returned as update count for SQL: INSERT INTO perfume (id, country, description, filename, fragrance_base_notes, fragrance_middle_notes, fragrance_top_notes, perfume_gender, perfume_title, perfumer, price, type, volume, year, perfume_rating) VALUES (27, 'Spain', null, 'https://perfumeswebstorage.s3.eu-central-1.amazonaws.com/184c9da2-2445-4b01-87b8-b4f8b5f6ab8c.Carolina Herrera Good Girl.jpg', 'Roasted tonka bean, Cocoa, Sandalwood', 'Tuberose, Bulgarian rose, Jasmine sambac', 'Bergamot, Lemon', 'female', 'Good Girl', 'Carolina Herrera', 156, 'Eau de parfum', '150', 20160, 0)
2025-06-17T16:57:08.533Z DEBUG 2698 --- [           main] o.s.jdbc.datasource.init.ScriptUtils     : 1 returned as update count for SQL: INSERT INTO perfume (id, country, description, filename, fragrance_base_notes, fragrance_middle_notes, fragrance_top_notes, perfume_gender, perfume_title, perfumer, price, type, volume, year, perfume_rating) VALUES (28, 'France', null, 'https://perfumeswebstorage.s3.eu-central-1.amazonaws.com/e31f6d6c-e585-40a4-970c-f25322667924.Chanel Allure homme Sport.jpg', 'Amber, Musk, Tonka bean', 'Neroli, Pepper, Cedar', 'Aldehydes, Mandarin orange, Seawater', 'male', 'Allure homme Sport', 'Chanel', 85, 'Eau de Toilette', '100', 20040, 0)
2025-06-17T16:57:08.533Z DEBUG 2698 --- [           main] o.s.jdbc.datasource.init.ScriptUtils     : 1 returned as update count for SQL: INSERT INTO perfume (id, country, description, filename, fragrance_base_notes, fragrance_middle_notes, fragrance_top_notes, perfume_gender, perfume_title, perfumer, price, type, volume, year, perfume_rating) VALUES (29, 'France', null, 'https://perfumeswebstorage.s3.eu-central-1.amazonaws.com/ac6c7a11-97f8-44b1-9b10-f96997212dd4.Chanel Bleu de Chanel Eau de Parfum.jpg', 'Ginger, Sandalwood, Frankincense', 'Grapefruit, Labdanum, Cedar', 'Pink pepper, Vetiver, Citrus notes', 'male', 'Bleu de Chanel', 'Chanel', 88, 'Eau de parfum', '100', 20140, 0)
2025-06-17T16:57:08.534Z DEBUG 2698 --- [           main] o.s.jdbc.datasource.init.ScriptUtils     : 1 returned as update count for SQL: INSERT INTO perfume (id, country, description, filename, fragrance_base_notes, fragrance_middle_notes, fragrance_top_notes, perfume_gender, perfume_title, perfumer, price, type, volume, year, perfume_rating) VALUES (30, 'France', null, 'https://perfumeswebstorage.s3.eu-central-1.amazonaws.com/7049225c-03bb-45a7-ba6a-86274f8668b9.Chanel Egoiste Platinum.jpg', 'Amber, Oakmoss, Sandalwood', 'Galbanum, Geranium, Jasmine', 'Lavender, Neroli, Petitgrain', 'male', 'Egoiste Platinum', 'Chanel', 70, 'Eau de Toilette', '100', 19930, 0)
2025-06-17T16:57:08.534Z DEBUG 2698 --- [           main] o.s.jdbc.datasource.init.ScriptUtils     : 1 returned as update count for SQL: INSERT INTO perfume (id, country, description, filename, fragrance_base_notes, fragrance_middle_notes, fragrance_top_notes, perfume_gender, perfume_title, perfumer, price, type, volume, year, perfume_rating) VALUES (31, 'France', null, 'https://perfumeswebstorage.s3.eu-central-1.amazonaws.com/bcc4bb2a-907d-4531-9d7f-178c765c5ed3.Chanel Chance Eau Fraiche.jpg', 'Amber, Iris, Musk, Patchouli', 'Jasmine, Pink pepper, Water hyacinth', 'Cedar, Citrus fruits', 'female', 'Chance Eau Fraiche', 'Chanel', 90, 'Eau de Toilette', '100', 20070, 0)
2025-06-17T16:57:08.534Z DEBUG 2698 --- [           main] o.s.jdbc.datasource.init.ScriptUtils     : 1 returned as update count for SQL: INSERT INTO perfume (id, country, description, filename, fragrance_base_notes, fragrance_middle_notes, fragrance_top_notes, perfume_gender, perfume_title, perfumer, price, type, volume, year, perfume_rating) VALUES (32, 'France', null, 'https://perfumeswebstorage.s3.eu-central-1.amazonaws.com/2b5f80ca-e0f3-4e99-b5e4-11ccb9153b00.Chanel Gabrielle Essence.jpg', 'Sandalwood, Vanilla, White musk', 'Tuberose, Jasmine, Ylang-ylang', 'Citrus fruits, Red fruits', 'female', 'Gabrielle Essence', 'Chanel', 104, 'Eau de parfum', '100', 20190, 0)
2025-06-17T16:57:08.535Z DEBUG 2698 --- [           main] o.s.jdbc.datasource.init.ScriptUtils     : 1 returned as update count for SQL: INSERT INTO perfume (id, country, description, filename, fragrance_base_notes, fragrance_middle_notes, fragrance_top_notes, perfume_gender, perfume_title, perfumer, price, type, volume, year, perfume_rating) VALUES (33, 'France', null, 'https://perfumeswebstorage.s3.eu-central-1.amazonaws.com/4b51181b-5551-4321-b5e7-f7612584c9b2.Chanel N5.jpg', 'Amber, Sandalwood, Vanilla', 'Iris, Grasse jasmine', 'Aldehydes, Bergamot, Neroli', 'female', 'Chanel N5', 'Chanel', 192, 'Eau de parfum', '200', 19210, 0)
2025-06-17T16:57:08.535Z DEBUG 2698 --- [           main] o.s.jdbc.datasource.init.ScriptUtils     : 1 returned as update count for SQL: INSERT INTO perfume (id, country, description, filename, fragrance_base_notes, fragrance_middle_notes, fragrance_top_notes, perfume_gender, perfume_title, perfumer, price, type, volume, year, perfume_rating) VALUES (34, 'France', null, 'https://perfumeswebstorage.s3.eu-central-1.amazonaws.com/bdb203a9-0725-4ed4-a71a-db7eeb915fae.Creed Aventus.jpg', 'Ambergris, Oakmoss, Musk', 'Birch, Jasmine, Patchouli', 'Pineapple, Apple, Bergamot, Blackcurrant', 'male', 'Aventus', 'Creed', 152, 'Eau de parfum', '100', 20100, 0)
2025-06-17T16:57:08.535Z DEBUG 2698 --- [           main] o.s.jdbc.datasource.init.ScriptUtils     : 1 returned as update count for SQL: INSERT INTO perfume (id, country, description, filename, fragrance_base_notes, fragrance_middle_notes, fragrance_top_notes, perfume_gender, perfume_title, perfumer, price, type, volume, year, perfume_rating) VALUES (35, 'France', null, 'https://perfumeswebstorage.s3.eu-central-1.amazonaws.com/162cfbe2-2dc2-4271-8a63-23981a7e3cc4.Creed Bois du Portugal.jpg', 'Sandalwood, Vetiver, Ambergris', 'Cedarwood', 'Bergamot, Lavender', 'male', 'Bois du Portugal', 'Creed', 110, 'Eau de parfum', '100', 19870, 0)
2025-06-17T16:57:08.535Z DEBUG 2698 --- [           main] o.s.jdbc.datasource.init.ScriptUtils     : 1 returned as update count for SQL: INSERT INTO perfume (id, country, description, filename, fragrance_base_notes, fragrance_middle_notes, fragrance_top_notes, perfume_gender, perfume_title, perfumer, price, type, volume, year, perfume_rating) VALUES (36, 'France', null, 'https://perfumeswebstorage.s3.eu-central-1.amazonaws.com/1d428b77-0ffd-449f-bcaa-04a094b51de7.Creed Original Vetiver.jpg', 'Ambergris, Sandalwood, Musk, Vetiver', 'White pepper, Coriander, Pink pepper', 'Bergamot, Bitter orange, Mandarin orange', 'male', 'Original Vetiver', 'Creed', 97, 'Eau de parfum', '100', 20040, 0)
2025-06-17T16:57:08.536Z DEBUG 2698 --- [           main] o.s.jdbc.datasource.init.ScriptUtils     : 1 returned as update count for SQL: INSERT INTO perfume (id, country, description, filename, fragrance_base_notes, fragrance_middle_notes, fragrance_top_notes, perfume_gender, perfume_title, perfumer, price, type, volume, year, perfume_rating) VALUES (37, 'France', null, 'https://perfumeswebstorage.s3.eu-central-1.amazonaws.com/5fd3de8e-1022-47a2-ae58-a089a65bd90c.Creed Acqua Fiorentina.jpg', 'Grapefruit, Sandalwood, Cedar', 'Bergamot, Pear, Rose', 'Apple, Prune, Greengage plum', 'female', 'Acqua Fiorentina', 'Creed', 100, 'Eau de parfum', '75', 20090, 0)
2025-06-17T16:57:08.536Z DEBUG 2698 --- [           main] o.s.jdbc.datasource.init.ScriptUtils     : 1 returned as update count for SQL: INSERT INTO perfume (id, country, description, filename, fragrance_base_notes, fragrance_middle_notes, fragrance_top_notes, perfume_gender, perfume_title, perfumer, price, type, volume, year, perfume_rating) VALUES (38, 'France', null, 'https://perfumeswebstorage.s3.eu-central-1.amazonaws.com/7d32f694-9cc3-4770-844a-47400e6f5c6b.Creed Aventus for Her.jpg', 'Peach, Blackcurrant, Ylang-ylang', 'Rose, Styrax, Mysore sandalwood', 'Green apple, Violet leaf, Calabrian bergamot', 'female', 'Aventus for Her', 'Creed', 141, 'Eau de parfum', '75', 20160, 0)
2025-06-17T16:57:08.536Z DEBUG 2698 --- [           main] o.s.jdbc.datasource.init.ScriptUtils     : 1 returned as update count for SQL: INSERT INTO perfume (id, country, description, filename, fragrance_base_notes, fragrance_middle_notes, fragrance_top_notes, perfume_gender, perfume_title, perfumer, price, type, volume, year, perfume_rating) VALUES (39, 'France', null, 'https://perfumeswebstorage.s3.eu-central-1.amazonaws.com/cbb8efd1-f55a-4db3-8511-f0b5b446533d.Creed Love in Black.jpg', 'Rose, Burgundy blackcurrant, Violet', 'Florentine iris, Clove', 'White violet', 'female', 'Love in Black', 'Creed', 89, 'Eau de parfum', '75', 20080, 0)
2025-06-17T16:57:08.537Z DEBUG 2698 --- [           main] o.s.jdbc.datasource.init.ScriptUtils     : 1 returned as update count for SQL: INSERT INTO perfume (id, country, description, filename, fragrance_base_notes, fragrance_middle_notes, fragrance_top_notes, perfume_gender, perfume_title, perfumer, price, type, volume, year, perfume_rating) VALUES (40, 'France', null, 'https://perfumeswebstorage.s3.eu-central-1.amazonaws.com/0f0acb70-dc64-474f-878a-1b214d250d94.CreedLoveinWhite.jpg', 'Ambergris, Mysore sandalwood, Vanilla', 'Florentine iris, Yellow narcissus, Magnolia', 'Orange zest', 'female', 'Love in White', 'Creed', 94, 'Eau de parfum', '75', 20050, 0)
2025-06-17T16:57:08.537Z DEBUG 2698 --- [           main] o.s.jdbc.datasource.init.ScriptUtils     : 1 returned as update count for SQL: INSERT INTO perfume (id, country, description, filename, fragrance_base_notes, fragrance_middle_notes, fragrance_top_notes, perfume_gender, perfume_title, perfumer, price, type, volume, year, perfume_rating) VALUES (41, 'France', null, 'https://perfumeswebstorage.s3.eu-central-1.amazonaws.com/0158183f-2412-4c61-a962-7c96e43c19c3.Dior Fahrenheit.jpg', 'Amber, Leather, Musk', 'Carnation, Honeysuckle, Jasmine', 'Bergamot, Camomile, Lavender, Mandarin orange', 'male', 'Fahrenheit', 'Dior', 62, 'Eau de Toilette', '100', 19880, 0)
2025-06-17T16:57:08.537Z DEBUG 2698 --- [           main] o.s.jdbc.datasource.init.ScriptUtils     : 1 returned as update count for SQL: INSERT INTO perfume (id, country, description, filename, fragrance_base_notes, fragrance_middle_notes, fragrance_top_notes, perfume_gender, perfume_title, perfumer, price, type, volume, year, perfume_rating) VALUES (42, 'France', null, 'https://perfumeswebstorage.s3.eu-central-1.amazonaws.com/27f0b3d3-2634-4e74-971a-f780c4480482.Dior Homme.jpg', 'Virginia cedar', 'Ecuadorian ambrette seed', 'Florentine iris absolute', 'male', 'Homme', 'Dior', 90, 'Eau de parfum', '100', 20070, 0)
2025-06-17T16:57:08.538Z DEBUG 2698 --- [           main] o.s.jdbc.datasource.init.ScriptUtils     : 1 returned as update count for SQL: INSERT INTO perfume (id, country, description, filename, fragrance_base_notes, fragrance_middle_notes, fragrance_top_notes, perfume_gender, perfume_title, perfumer, price, type, volume, year, perfume_rating) VALUES (43, 'France', null, 'https://perfumeswebstorage.s3.eu-central-1.amazonaws.com/03e65b3b-7b1f-400c-9bb8-a8956bdaa4be.Dior Sauvage.jpg', 'Ambroxan', 'Bergamot', 'Sichuan Pepper', 'male', 'Sauvage', 'Dior', 62, 'Eau de Toilette', '100', 20150, 0)
2025-06-17T16:57:08.538Z DEBUG 2698 --- [           main] o.s.jdbc.datasource.init.ScriptUtils     : 1 returned as update count for SQL: INSERT INTO perfume (id, country, description, filename, fragrance_base_notes, fragrance_middle_notes, fragrance_top_notes, perfume_gender, perfume_title, perfumer, price, type, volume, year, perfume_rating) VALUES (44, 'France', null, 'https://perfumeswebstorage.s3.eu-central-1.amazonaws.com/94c85cfd-f090-4d49-b2e9-dcff34eec8c1.Dior Jadore.jpg', 'Vanilla, Cedar, Musk', 'Lily of the valley, Rose, Violet', 'Bergamot, Pear, Melon, Peach', 'female', 'Jadore', 'Dior', 81, 'Eau de parfum', '100', 19990, 0)
2025-06-17T16:57:08.538Z DEBUG 2698 --- [           main] o.s.jdbc.datasource.init.ScriptUtils     : 1 returned as update count for SQL: INSERT INTO perfume (id, country, description, filename, fragrance_base_notes, fragrance_middle_notes, fragrance_top_notes, perfume_gender, perfume_title, perfumer, price, type, volume, year, perfume_rating) VALUES (45, 'France', null, 'https://perfumeswebstorage.s3.eu-central-1.amazonaws.com/85f8de21-24d5-473b-8d63-6ba6c2d4d25e.Dior Miss Dior.jpg', 'Ambergris, Musk, Patchouli', 'Jasmine, Caramel, Popcorn', 'Pineapple, Cherry, Mandarin orange', 'female', 'Miss Dior', 'Dior', 90, 'Eau de parfum', '100', 20110, 0)
2025-06-17T16:57:08.539Z DEBUG 2698 --- [           main] o.s.jdbc.datasource.init.ScriptUtils     : 1 returned as update count for SQL: INSERT INTO perfume (id, country, description, filename, fragrance_base_notes, fragrance_middle_notes, fragrance_top_notes, perfume_gender, perfume_title, perfumer, price, type, volume, year, perfume_rating) VALUES (46, 'France', null, 'https://perfumeswebstorage.s3.eu-central-1.amazonaws.com/63534821-1eb9-4b44-afd3-61c3b8ca4a25.Dior Poison Girl.jpg', 'Venezuelan tonka bean', 'Grasse rose', 'Bitter orange', 'female', 'Poison Girl', 'Dior', 75, 'Eau de parfum', '100', 20160, 0)
2025-06-17T16:57:08.539Z DEBUG 2698 --- [           main] o.s.jdbc.datasource.init.ScriptUtils     : 1 returned as update count for SQL: INSERT INTO review (id, author, date, message, rating) VALUES (123, 'John', '2021-02-07', 'Hello world', 5)
2025-06-17T16:57:08.539Z DEBUG 2698 --- [           main] o.s.jdbc.datasource.init.ScriptUtils     : 1 returned as update count for SQL: INSERT INTO review (id, author, date, message, rating) VALUES (124, 'John2', '2021-02-07', 'Hello world2', 4)
2025-06-17T16:57:08.540Z DEBUG 2698 --- [           main] o.s.jdbc.datasource.init.ScriptUtils     : 1 returned as update count for SQL: INSERT INTO perfume_reviews (perfume_id, reviews_id) VALUES (2, 123)
2025-06-17T16:57:08.540Z DEBUG 2698 --- [           main] o.s.jdbc.datasource.init.ScriptUtils     : 1 returned as update count for SQL: INSERT INTO perfume_reviews (perfume_id, reviews_id) VALUES (2, 124)
2025-06-17T16:57:08.540Z DEBUG 2698 --- [           main] o.s.jdbc.datasource.init.ScriptUtils     : Executed SQL script from class path resource [sql/create-perfumes-before.sql] in 12 ms.
2025-06-17T16:57:08.540Z DEBUG 2698 --- [           main] o.s.orm.jpa.JpaTransactionManager        : Initiating transaction commit
2025-06-17T16:57:08.540Z DEBUG 2698 --- [           main] o.s.orm.jpa.JpaTransactionManager        : Committing JPA transaction on EntityManager [SessionImpl(922361111<open>)]
2025-06-17T16:57:08.541Z DEBUG 2698 --- [           main] o.s.orm.jpa.JpaTransactionManager        : Closing JPA EntityManager [SessionImpl(922361111<open>)] after transaction
2025-06-17T16:57:08.541Z DEBUG 2698 --- [           main] org.springframework.test.context.cache   : Spring test ApplicationContext cache statistics: [DefaultContextCache@46ea1dc size = 1, maxSize = 32, parentContextCount = 0, hitCount = 459, missCount = 1, failureCount = 0]
2025-06-17T16:57:08.541Z DEBUG 2698 --- [           main] org.springframework.test.context.cache   : Spring test ApplicationContext cache statistics: [DefaultContextCache@46ea1dc size = 1, maxSize = 32, parentContextCount = 0, hitCount = 460, missCount = 1, failureCount = 0]
2025-06-17T16:57:08.542Z DEBUG 2698 --- [           main] org.springframework.test.context.cache   : Spring test ApplicationContext cache statistics: [DefaultContextCache@46ea1dc size = 1, maxSize = 32, parentContextCount = 0, hitCount = 461, missCount = 1, failureCount = 0]
2025-06-17T16:57:08.543Z DEBUG 2698 --- [           main] org.springframework.test.context.cache   : Spring test ApplicationContext cache statistics: [DefaultContextCache@46ea1dc size = 1, maxSize = 32, parentContextCount = 0, hitCount = 462, missCount = 1, failureCount = 0]
2025-06-17T16:57:08.544Z DEBUG 2698 --- [           main] o.s.test.util.ReflectionTestUtils        : Invoking method 'getFilters' on target object [FilterChainProxy[Filter Chains: null]] or target class [null] with arguments {org.springframework.mock.web.MockHttpServletRequest@12b48afd}
2025-06-17T16:57:08.544Z DEBUG 2698 --- [           main] o.s.test.util.ReflectionTestUtils        : Getting field 'tokenRepository' from target object [org.springframework.security.web.csrf.CsrfFilter@6bbb8dce] or target class [class org.springframework.security.web.csrf.CsrfFilter]
2025-06-17T16:57:08.544Z DEBUG 2698 --- [           main] o.s.test.util.ReflectionTestUtils        : Invoking method 'getFilters' on target object [FilterChainProxy[Filter Chains: null]] or target class [null] with arguments {org.springframework.mock.web.MockHttpServletRequest@12b48afd}
2025-06-17T16:57:08.544Z DEBUG 2698 --- [           main] o.s.test.util.ReflectionTestUtils        : Getting field 'requestHandler' from target object [org.springframework.security.web.csrf.CsrfFilter@6bbb8dce] or target class [class org.springframework.security.web.csrf.CsrfFilter]
2025-06-17T16:57:08.545Z DEBUG 2698 --- [           main] o.s.security.web.FilterChainProxy        : Securing POST /api/v1/perfumes/graphql/ids
2025-06-17T16:57:08.545Z DEBUG 2698 --- [           main] o.s.s.w.a.AnonymousAuthenticationFilter  : Set SecurityContextHolder to anonymous SecurityContext
2025-06-17T16:57:08.546Z DEBUG 2698 --- [           main] o.s.security.web.FilterChainProxy        : Secured POST /api/v1/perfumes/graphql/ids
2025-06-17T16:57:08.546Z DEBUG 2698 --- [           main] o.s.t.web.servlet.TestDispatcherServlet  : POST "/api/v1/perfumes/graphql/ids", parameters={masked}
2025-06-17T16:57:08.546Z DEBUG 2698 --- [           main] s.w.s.m.m.a.RequestMappingHandlerMapping : Mapped to com.gmail.merikbest2015.ecommerce.controller.PerfumeController#getPerfumesByIdsQuery(GraphQLRequest)
2025-06-17T16:57:08.546Z DEBUG 2698 --- [           main] o.j.s.OpenEntityManagerInViewInterceptor : Opening JPA EntityManager in OpenEntityManagerInViewInterceptor
2025-06-17T16:57:08.547Z DEBUG 2698 --- [           main] m.m.a.RequestResponseBodyMethodProcessor : Read "application/json;charset=UTF-8" to [GraphQLRequest(query={ perfumesIds(ids: [3,4,5]) { id perfumeTitle perfumer price } })]
2025-06-17T16:57:08.547Z  INFO 2698 --- [           main] c.g.m.e.controller.PerfumeController     : GraphQL query for perfumes by IDs received
2025-06-17T16:57:08.551Z  INFO 2698 --- [           main] c.g.m.e.service.Impl.PerfumeServiceImpl  : GraphQL query: fetching perfumes by ids [3, 4, 5]
CLASS: [PerfumeController], METHOD: [getPerfumesByIdsQuery()], REQUEST: GraphQLRequest(query={ perfumesIds(ids: [3,4,5]) { id perfumeTitle perfumer price } })
CLASS: [PerfumeController], METHOD: [getPerfumesByIdsQuery()], RESPONSE: <200 OK OK,ExecutionResultImpl{errors=[], data={perfumesIds=[{id=3, perfumeTitle=The Scent, perfumer=Hugo Boss, price=45}, {id=4, perfumeTitle=Boss Woman, perfumer=Hugo Boss, price=26}, {id=5, perfumeTitle=Deep Red, perfumer=Hugo Boss, price=27}]}, dataPresent=true, extensions=null},[]>
2025-06-17T16:57:08.557Z DEBUG 2698 --- [           main] o.s.w.s.m.m.a.HttpEntityMethodProcessor  : Using 'application/json', given [*/*] and supported [application/json, application/*+json, application/yaml]
2025-06-17T16:57:08.557Z DEBUG 2698 --- [           main] o.s.w.s.m.m.a.HttpEntityMethodProcessor  : Writing [ExecutionResultImpl{errors=[], data={perfumesIds=[{id=3, perfumeTitle=The Scent, perfumer=Hugo Boss, (truncated)...]
2025-06-17T16:57:08.558Z DEBUG 2698 --- [           main] o.j.s.OpenEntityManagerInViewInterceptor : Closing JPA EntityManager in OpenEntityManagerInViewInterceptor
2025-06-17T16:57:08.558Z DEBUG 2698 --- [           main] o.s.t.web.servlet.TestDispatcherServlet  : Completed 200 OK
2025-06-17T16:57:08.560Z DEBUG 2698 --- [           main] org.springframework.test.context.cache   : Spring test ApplicationContext cache statistics: [DefaultContextCache@46ea1dc size = 1, maxSize = 32, parentContextCount = 0, hitCount = 463, missCount = 1, failureCount = 0]
2025-06-17T16:57:08.560Z DEBUG 2698 --- [           main] org.springframework.test.context.cache   : Spring test ApplicationContext cache statistics: [DefaultContextCache@46ea1dc size = 1, maxSize = 32, parentContextCount = 0, hitCount = 464, missCount = 1, failureCount = 0]
2025-06-17T16:57:08.561Z DEBUG 2698 --- [           main] org.springframework.test.context.cache   : Spring test ApplicationContext cache statistics: [DefaultContextCache@46ea1dc size = 1, maxSize = 32, parentContextCount = 0, hitCount = 465, missCount = 1, failureCount = 0]
2025-06-17T16:57:08.562Z DEBUG 2698 --- [           main] org.springframework.test.context.cache   : Spring test ApplicationContext cache statistics: [DefaultContextCache@46ea1dc size = 1, maxSize = 32, parentContextCount = 0, hitCount = 466, missCount = 1, failureCount = 0]
2025-06-17T16:57:08.562Z DEBUG 2698 --- [           main] org.springframework.test.context.cache   : Spring test ApplicationContext cache statistics: [DefaultContextCache@46ea1dc size = 1, maxSize = 32, parentContextCount = 0, hitCount = 467, missCount = 1, failureCount = 0]
2025-06-17T16:57:08.562Z DEBUG 2698 --- [           main] org.springframework.test.context.cache   : Spring test ApplicationContext cache statistics: [DefaultContextCache@46ea1dc size = 1, maxSize = 32, parentContextCount = 0, hitCount = 468, missCount = 1, failureCount = 0]
2025-06-17T16:57:08.563Z DEBUG 2698 --- [           main] org.springframework.test.context.cache   : Spring test ApplicationContext cache statistics: [DefaultContextCache@46ea1dc size = 1, maxSize = 32, parentContextCount = 0, hitCount = 469, missCount = 1, failureCount = 0]
2025-06-17T16:57:08.563Z DEBUG 2698 --- [           main] org.springframework.test.context.cache   : Spring test ApplicationContext cache statistics: [DefaultContextCache@46ea1dc size = 1, maxSize = 32, parentContextCount = 0, hitCount = 470, missCount = 1, failureCount = 0]
2025-06-17T16:57:08.563Z DEBUG 2698 --- [           main] .s.t.c.j.SqlScriptsTestExecutionListener : Processing merged @SqlConfig attributes for execution phase [AFTER_TEST_METHOD] and test class [com.gmail.merikbest2015.ecommerce.controller.PerfumeControllerTest]
2025-06-17T16:57:08.563Z DEBUG 2698 --- [           main] org.springframework.test.context.cache   : Spring test ApplicationContext cache statistics: [DefaultContextCache@46ea1dc size = 1, maxSize = 32, parentContextCount = 0, hitCount = 471, missCount = 1, failureCount = 0]
2025-06-17T16:57:08.563Z DEBUG 2698 --- [           main] .s.t.c.j.SqlScriptsTestExecutionListener : Executing SQL scripts: [class path resource [sql/create-perfumes-after.sql]]
2025-06-17T16:57:08.563Z DEBUG 2698 --- [           main] org.springframework.test.context.cache   : Spring test ApplicationContext cache statistics: [DefaultContextCache@46ea1dc size = 1, maxSize = 32, parentContextCount = 0, hitCount = 472, missCount = 1, failureCount = 0]
2025-06-17T16:57:08.563Z DEBUG 2698 --- [           main] org.springframework.test.context.cache   : Spring test ApplicationContext cache statistics: [DefaultContextCache@46ea1dc size = 1, maxSize = 32, parentContextCount = 0, hitCount = 473, missCount = 1, failureCount = 0]
2025-06-17T16:57:08.564Z DEBUG 2698 --- [           main] o.s.orm.jpa.JpaTransactionManager        : Creating new transaction with name [com.gmail.merikbest2015.ecommerce.controller.PerfumeControllerTest]: PROPAGATION_REQUIRED,ISOLATION_DEFAULT
2025-06-17T16:57:08.564Z DEBUG 2698 --- [           main] o.s.orm.jpa.JpaTransactionManager        : Opened new EntityManager [SessionImpl(636566727<open>)] for JPA transaction
2025-06-17T16:57:08.564Z DEBUG 2698 --- [           main] o.s.orm.jpa.JpaTransactionManager        : Exposing JPA transaction as JDBC [org.springframework.orm.jpa.vendor.HibernateJpaDialect$HibernateConnectionHandle@6ec96f4b]
2025-06-17T16:57:08.564Z DEBUG 2698 --- [           main] o.s.jdbc.datasource.init.ScriptUtils     : Executing SQL script from class path resource [sql/create-perfumes-after.sql]
2025-06-17T16:57:08.565Z DEBUG 2698 --- [           main] o.s.jdbc.datasource.init.ScriptUtils     : 2 returned as update count for SQL: delete from perfume_reviews
2025-06-17T16:57:08.565Z DEBUG 2698 --- [           main] o.s.jdbc.datasource.init.ScriptUtils     : 2 returned as update count for SQL: delete from review
2025-06-17T16:57:08.566Z DEBUG 2698 --- [           main] o.s.jdbc.datasource.init.ScriptUtils     : 27 returned as update count for SQL: delete from perfume
2025-06-17T16:57:08.566Z DEBUG 2698 --- [           main] o.s.jdbc.datasource.init.ScriptUtils     : Executed SQL script from class path resource [sql/create-perfumes-after.sql] in 2 ms.
2025-06-17T16:57:08.566Z DEBUG 2698 --- [           main] o.s.orm.jpa.JpaTransactionManager        : Initiating transaction commit
2025-06-17T16:57:08.566Z DEBUG 2698 --- [           main] o.s.orm.jpa.JpaTransactionManager        : Committing JPA transaction on EntityManager [SessionImpl(636566727<open>)]
2025-06-17T16:57:08.567Z DEBUG 2698 --- [           main] o.s.orm.jpa.JpaTransactionManager        : Closing JPA EntityManager [SessionImpl(636566727<open>)] after transaction
2025-06-17T16:57:08.567Z DEBUG 2698 --- [           main] .c.s.DirtiesContextTestExecutionListener : After test method: class [PerfumeControllerTest], method [getPerfumesByIdsQuery], class annotated with @DirtiesContext [false] with mode [null], method annotated with @DirtiesContext [false] with mode [null]
2025-06-17T16:57:08.567Z DEBUG 2698 --- [           main] ObservationRegistryTestExecutionListener : Restoring ObservationRegistry in ObservationThreadLocalAccessor for test class com.gmail.merikbest2015.ecommerce.controller.PerfumeControllerTest
2025-06-17T16:57:08.567Z DEBUG 2698 --- [           main] o.s.t.c.w.ServletTestExecutionListener   : Resetting RequestContextHolder for test class com.gmail.merikbest2015.ecommerce.controller.PerfumeControllerTest
]]></system-out>
  </testcase>
  <testcase name="getAllPerfumes" classname="com.gmail.merikbest2015.ecommerce.controller.PerfumeControllerTest" time="0.076">
    <system-out><![CDATA[2025-06-17T16:57:08.568Z DEBUG 2698 --- [           main] org.springframework.test.context.cache   : Spring test ApplicationContext cache statistics: [DefaultContextCache@46ea1dc size = 1, maxSize = 32, parentContextCount = 0, hitCount = 474, missCount = 1, failureCount = 0]
2025-06-17T16:57:08.568Z DEBUG 2698 --- [           main] o.s.t.c.w.ServletTestExecutionListener   : Setting up MockHttpServletRequest, MockHttpServletResponse, ServletWebRequest, and RequestContextHolder for test class com.gmail.merikbest2015.ecommerce.controller.PerfumeControllerTest
2025-06-17T16:57:08.568Z DEBUG 2698 --- [           main] DependencyInjectionTestExecutionListener : Performing dependency injection for test class com.gmail.merikbest2015.ecommerce.controller.PerfumeControllerTest
2025-06-17T16:57:08.568Z DEBUG 2698 --- [           main] org.springframework.test.context.cache   : Spring test ApplicationContext cache statistics: [DefaultContextCache@46ea1dc size = 1, maxSize = 32, parentContextCount = 0, hitCount = 475, missCount = 1, failureCount = 0]
2025-06-17T16:57:08.569Z DEBUG 2698 --- [           main] org.springframework.test.context.cache   : Spring test ApplicationContext cache statistics: [DefaultContextCache@46ea1dc size = 1, maxSize = 32, parentContextCount = 0, hitCount = 476, missCount = 1, failureCount = 0]
2025-06-17T16:57:08.569Z DEBUG 2698 --- [           main] sContextBeforeModesTestExecutionListener : Before test method: class [PerfumeControllerTest], method [getAllPerfumes], class annotated with @DirtiesContext [false] with mode [null], method annotated with @DirtiesContext [false] with mode [null]
2025-06-17T16:57:08.569Z DEBUG 2698 --- [           main] org.springframework.test.context.cache   : Spring test ApplicationContext cache statistics: [DefaultContextCache@46ea1dc size = 1, maxSize = 32, parentContextCount = 0, hitCount = 477, missCount = 1, failureCount = 0]
2025-06-17T16:57:08.569Z DEBUG 2698 --- [           main] ObservationRegistryTestExecutionListener : Registering ObservationRegistry from ApplicationContext in ObservationThreadLocalAccessor for test class com.gmail.merikbest2015.ecommerce.controller.PerfumeControllerTest
2025-06-17T16:57:08.569Z DEBUG 2698 --- [           main] .s.t.c.j.SqlScriptsTestExecutionListener : Processing merged @SqlConfig attributes for execution phase [BEFORE_TEST_METHOD] and test class [com.gmail.merikbest2015.ecommerce.controller.PerfumeControllerTest]
2025-06-17T16:57:08.569Z DEBUG 2698 --- [           main] org.springframework.test.context.cache   : Spring test ApplicationContext cache statistics: [DefaultContextCache@46ea1dc size = 1, maxSize = 32, parentContextCount = 0, hitCount = 478, missCount = 1, failureCount = 0]
2025-06-17T16:57:08.569Z DEBUG 2698 --- [           main] .s.t.c.j.SqlScriptsTestExecutionListener : Executing SQL scripts: [class path resource [sql/create-perfumes-before.sql]]
2025-06-17T16:57:08.569Z DEBUG 2698 --- [           main] org.springframework.test.context.cache   : Spring test ApplicationContext cache statistics: [DefaultContextCache@46ea1dc size = 1, maxSize = 32, parentContextCount = 0, hitCount = 479, missCount = 1, failureCount = 0]
2025-06-17T16:57:08.570Z DEBUG 2698 --- [           main] org.springframework.test.context.cache   : Spring test ApplicationContext cache statistics: [DefaultContextCache@46ea1dc size = 1, maxSize = 32, parentContextCount = 0, hitCount = 480, missCount = 1, failureCount = 0]
2025-06-17T16:57:08.570Z DEBUG 2698 --- [           main] o.s.orm.jpa.JpaTransactionManager        : Creating new transaction with name [com.gmail.merikbest2015.ecommerce.controller.PerfumeControllerTest]: PROPAGATION_REQUIRED,ISOLATION_DEFAULT
2025-06-17T16:57:08.570Z DEBUG 2698 --- [           main] o.s.orm.jpa.JpaTransactionManager        : Opened new EntityManager [SessionImpl(1993578523<open>)] for JPA transaction
2025-06-17T16:57:08.570Z DEBUG 2698 --- [           main] o.s.orm.jpa.JpaTransactionManager        : Exposing JPA transaction as JDBC [org.springframework.orm.jpa.vendor.HibernateJpaDialect$HibernateConnectionHandle@5a688502]
2025-06-17T16:57:08.570Z DEBUG 2698 --- [           main] o.s.jdbc.datasource.init.ScriptUtils     : Executing SQL script from class path resource [sql/create-perfumes-before.sql]
2025-06-17T16:57:08.574Z DEBUG 2698 --- [           main] o.s.jdbc.datasource.init.ScriptUtils     : 1 returned as update count for SQL: INSERT INTO perfume (id, country, description, filename, fragrance_base_notes, fragrance_middle_notes, fragrance_top_notes, perfume_gender, perfume_title, perfumer, price, type, volume, year, perfume_rating) VALUES (1, 'Germany', null, 'https://perfumeswebstorage.s3.eu-central-1.amazonaws.com/4735a4c8-e1fc-43ce-8ff9-0bd28d00ce20.Hugo Boss Boss Bottled Night.jpg', 'Salmwood, Musky notes, Sandalwood', 'Cardamom, Jasmine, African violet', 'Birch leaf, Lavender', 'male', 'Boss Bottled Night', 'Hugo Boss', 35, 'Eau de Toilette', '100', 20100, 0)
2025-06-17T16:57:08.574Z DEBUG 2698 --- [           main] o.s.jdbc.datasource.init.ScriptUtils     : 1 returned as update count for SQL: INSERT INTO perfume (id, country, description, filename, fragrance_base_notes, fragrance_middle_notes, fragrance_top_notes, perfume_gender, perfume_title, perfumer, price, type, volume, year, perfume_rating) VALUES (2, 'Germany', null, 'https://perfumeswebstorage.s3.eu-central-1.amazonaws.com/17d6f8a1-aa84-4823-bd18-ccb0fdbe7fe9.Hugo Boss Hugo Man.jpg', 'Moss, Sandalwood, Fir balsam', 'Carnation, Geranium leaf, Jasmine', 'Basil, Grapefruit, Green apple, Mint', 'male', 'Hugo Man', 'Hugo Boss', 21, 'Eau de Toilette', '75', 19950, 0)
2025-06-17T16:57:08.574Z DEBUG 2698 --- [           main] o.s.jdbc.datasource.init.ScriptUtils     : 1 returned as update count for SQL: INSERT INTO perfume (id, country, description, filename, fragrance_base_notes, fragrance_middle_notes, fragrance_top_notes, perfume_gender, perfume_title, perfumer, price, type, volume, year, perfume_rating) VALUES (3, 'Germany', null, 'https://perfumeswebstorage.s3.eu-central-1.amazonaws.com/ba9272ca-20af-4e41-89b7-24018be4acb1.Hugo Boss The Scent.jpg', 'Leather', 'Maninka fruit, Lavender', 'Ginger', 'male', 'The Scent', 'Hugo Boss', 45, 'Eau de Toilette', '100', 20150, 0)
2025-06-17T16:57:08.575Z DEBUG 2698 --- [           main] o.s.jdbc.datasource.init.ScriptUtils     : 1 returned as update count for SQL: INSERT INTO perfume (id, country, description, filename, fragrance_base_notes, fragrance_middle_notes, fragrance_top_notes, perfume_gender, perfume_title, perfumer, price, type, volume, year, perfume_rating) VALUES (4, 'Germany', null, 'https://perfumeswebstorage.s3.eu-central-1.amazonaws.com/540f8e7d-2259-4a20-becf-4ed5cfc2912e.Hugo Boss Boss Woman.jpg', 'Sandalwood, Cedar', 'Freesia, Violet root', 'Mandarin orange, Mango', 'female', 'Boss Woman', 'Hugo Boss', 26, 'Eau de parfum', '90', 20000, 0)
2025-06-17T16:57:08.575Z DEBUG 2698 --- [           main] o.s.jdbc.datasource.init.ScriptUtils     : 1 returned as update count for SQL: INSERT INTO perfume (id, country, description, filename, fragrance_base_notes, fragrance_middle_notes, fragrance_top_notes, perfume_gender, perfume_title, perfumer, price, type, volume, year, perfume_rating) VALUES (5, 'Germany', null, 'https://perfumeswebstorage.s3.eu-central-1.amazonaws.com/1fb6dd1b-a134-4e6f-8215-60d465d33d72.Hugo Boss Hugo Deep Red.jpg', 'Musk, Sandalwood, Vanilla', 'Freesia, Hibiscus, Ginger', 'Pear, Blood orange, Clementine', 'female', 'Deep Red', 'Hugo Boss', 27, 'Eau de parfum', '90', 20010, 0)
2025-06-17T16:57:08.575Z DEBUG 2698 --- [           main] o.s.jdbc.datasource.init.ScriptUtils     : 1 returned as update count for SQL: INSERT INTO perfume (id, country, description, filename, fragrance_base_notes, fragrance_middle_notes, fragrance_top_notes, perfume_gender, perfume_title, perfumer, price, type, volume, year, perfume_rating) VALUES (6, 'Germany', null, 'https://perfumeswebstorage.s3.eu-central-1.amazonaws.com/62e9bf9b-8fea-4eb2-9935-21e868e1b93d.Hugo Boss The Scent For Her.jpg', 'Roasted cocoa', 'Osmanthus', 'Peach, Freesia', 'female', 'The Scent For Her', 'Hugo Boss', 47, 'Eau de parfum', '100', 20160, 0)
2025-06-17T16:57:08.576Z DEBUG 2698 --- [           main] o.s.jdbc.datasource.init.ScriptUtils     : 1 returned as update count for SQL: INSERT INTO perfume (id, country, description, filename, fragrance_base_notes, fragrance_middle_notes, fragrance_top_notes, perfume_gender, perfume_title, perfumer, price, type, volume, year, perfume_rating) VALUES (26, 'Spain', null, 'https://perfumeswebstorage.s3.eu-central-1.amazonaws.com/6524de16-c086-49fe-a6e5-c9efc35f1a02.Carolina Herrera Bad Boy.jpg', 'Tonka bean, Cocoa absolute', 'Cedarwood, Sage', 'Black pepper, White pepper, Italian bergamot', 'male', 'Bad Boy', 'Carolina Herrera', 76, 'Eau de Toilette', '100', 20190, 0)
2025-06-17T16:57:08.576Z DEBUG 2698 --- [           main] o.s.jdbc.datasource.init.ScriptUtils     : 1 returned as update count for SQL: INSERT INTO perfume (id, country, description, filename, fragrance_base_notes, fragrance_middle_notes, fragrance_top_notes, perfume_gender, perfume_title, perfumer, price, type, volume, year, perfume_rating) VALUES (27, 'Spain', null, 'https://perfumeswebstorage.s3.eu-central-1.amazonaws.com/184c9da2-2445-4b01-87b8-b4f8b5f6ab8c.Carolina Herrera Good Girl.jpg', 'Roasted tonka bean, Cocoa, Sandalwood', 'Tuberose, Bulgarian rose, Jasmine sambac', 'Bergamot, Lemon', 'female', 'Good Girl', 'Carolina Herrera', 156, 'Eau de parfum', '150', 20160, 0)
2025-06-17T16:57:08.577Z DEBUG 2698 --- [           main] o.s.jdbc.datasource.init.ScriptUtils     : 1 returned as update count for SQL: INSERT INTO perfume (id, country, description, filename, fragrance_base_notes, fragrance_middle_notes, fragrance_top_notes, perfume_gender, perfume_title, perfumer, price, type, volume, year, perfume_rating) VALUES (28, 'France', null, 'https://perfumeswebstorage.s3.eu-central-1.amazonaws.com/e31f6d6c-e585-40a4-970c-f25322667924.Chanel Allure homme Sport.jpg', 'Amber, Musk, Tonka bean', 'Neroli, Pepper, Cedar', 'Aldehydes, Mandarin orange, Seawater', 'male', 'Allure homme Sport', 'Chanel', 85, 'Eau de Toilette', '100', 20040, 0)
2025-06-17T16:57:08.577Z DEBUG 2698 --- [           main] o.s.jdbc.datasource.init.ScriptUtils     : 1 returned as update count for SQL: INSERT INTO perfume (id, country, description, filename, fragrance_base_notes, fragrance_middle_notes, fragrance_top_notes, perfume_gender, perfume_title, perfumer, price, type, volume, year, perfume_rating) VALUES (29, 'France', null, 'https://perfumeswebstorage.s3.eu-central-1.amazonaws.com/ac6c7a11-97f8-44b1-9b10-f96997212dd4.Chanel Bleu de Chanel Eau de Parfum.jpg', 'Ginger, Sandalwood, Frankincense', 'Grapefruit, Labdanum, Cedar', 'Pink pepper, Vetiver, Citrus notes', 'male', 'Bleu de Chanel', 'Chanel', 88, 'Eau de parfum', '100', 20140, 0)
2025-06-17T16:57:08.577Z DEBUG 2698 --- [           main] o.s.jdbc.datasource.init.ScriptUtils     : 1 returned as update count for SQL: INSERT INTO perfume (id, country, description, filename, fragrance_base_notes, fragrance_middle_notes, fragrance_top_notes, perfume_gender, perfume_title, perfumer, price, type, volume, year, perfume_rating) VALUES (30, 'France', null, 'https://perfumeswebstorage.s3.eu-central-1.amazonaws.com/7049225c-03bb-45a7-ba6a-86274f8668b9.Chanel Egoiste Platinum.jpg', 'Amber, Oakmoss, Sandalwood', 'Galbanum, Geranium, Jasmine', 'Lavender, Neroli, Petitgrain', 'male', 'Egoiste Platinum', 'Chanel', 70, 'Eau de Toilette', '100', 19930, 0)
2025-06-17T16:57:08.578Z DEBUG 2698 --- [           main] o.s.jdbc.datasource.init.ScriptUtils     : 1 returned as update count for SQL: INSERT INTO perfume (id, country, description, filename, fragrance_base_notes, fragrance_middle_notes, fragrance_top_notes, perfume_gender, perfume_title, perfumer, price, type, volume, year, perfume_rating) VALUES (31, 'France', null, 'https://perfumeswebstorage.s3.eu-central-1.amazonaws.com/bcc4bb2a-907d-4531-9d7f-178c765c5ed3.Chanel Chance Eau Fraiche.jpg', 'Amber, Iris, Musk, Patchouli', 'Jasmine, Pink pepper, Water hyacinth', 'Cedar, Citrus fruits', 'female', 'Chance Eau Fraiche', 'Chanel', 90, 'Eau de Toilette', '100', 20070, 0)
2025-06-17T16:57:08.578Z DEBUG 2698 --- [           main] o.s.jdbc.datasource.init.ScriptUtils     : 1 returned as update count for SQL: INSERT INTO perfume (id, country, description, filename, fragrance_base_notes, fragrance_middle_notes, fragrance_top_notes, perfume_gender, perfume_title, perfumer, price, type, volume, year, perfume_rating) VALUES (32, 'France', null, 'https://perfumeswebstorage.s3.eu-central-1.amazonaws.com/2b5f80ca-e0f3-4e99-b5e4-11ccb9153b00.Chanel Gabrielle Essence.jpg', 'Sandalwood, Vanilla, White musk', 'Tuberose, Jasmine, Ylang-ylang', 'Citrus fruits, Red fruits', 'female', 'Gabrielle Essence', 'Chanel', 104, 'Eau de parfum', '100', 20190, 0)
2025-06-17T16:57:08.579Z DEBUG 2698 --- [           main] o.s.jdbc.datasource.init.ScriptUtils     : 1 returned as update count for SQL: INSERT INTO perfume (id, country, description, filename, fragrance_base_notes, fragrance_middle_notes, fragrance_top_notes, perfume_gender, perfume_title, perfumer, price, type, volume, year, perfume_rating) VALUES (33, 'France', null, 'https://perfumeswebstorage.s3.eu-central-1.amazonaws.com/4b51181b-5551-4321-b5e7-f7612584c9b2.Chanel N5.jpg', 'Amber, Sandalwood, Vanilla', 'Iris, Grasse jasmine', 'Aldehydes, Bergamot, Neroli', 'female', 'Chanel N5', 'Chanel', 192, 'Eau de parfum', '200', 19210, 0)
2025-06-17T16:57:08.579Z DEBUG 2698 --- [           main] o.s.jdbc.datasource.init.ScriptUtils     : 1 returned as update count for SQL: INSERT INTO perfume (id, country, description, filename, fragrance_base_notes, fragrance_middle_notes, fragrance_top_notes, perfume_gender, perfume_title, perfumer, price, type, volume, year, perfume_rating) VALUES (34, 'France', null, 'https://perfumeswebstorage.s3.eu-central-1.amazonaws.com/bdb203a9-0725-4ed4-a71a-db7eeb915fae.Creed Aventus.jpg', 'Ambergris, Oakmoss, Musk', 'Birch, Jasmine, Patchouli', 'Pineapple, Apple, Bergamot, Blackcurrant', 'male', 'Aventus', 'Creed', 152, 'Eau de parfum', '100', 20100, 0)
2025-06-17T16:57:08.580Z DEBUG 2698 --- [           main] o.s.jdbc.datasource.init.ScriptUtils     : 1 returned as update count for SQL: INSERT INTO perfume (id, country, description, filename, fragrance_base_notes, fragrance_middle_notes, fragrance_top_notes, perfume_gender, perfume_title, perfumer, price, type, volume, year, perfume_rating) VALUES (35, 'France', null, 'https://perfumeswebstorage.s3.eu-central-1.amazonaws.com/162cfbe2-2dc2-4271-8a63-23981a7e3cc4.Creed Bois du Portugal.jpg', 'Sandalwood, Vetiver, Ambergris', 'Cedarwood', 'Bergamot, Lavender', 'male', 'Bois du Portugal', 'Creed', 110, 'Eau de parfum', '100', 19870, 0)
2025-06-17T16:57:08.580Z DEBUG 2698 --- [           main] o.s.jdbc.datasource.init.ScriptUtils     : 1 returned as update count for SQL: INSERT INTO perfume (id, country, description, filename, fragrance_base_notes, fragrance_middle_notes, fragrance_top_notes, perfume_gender, perfume_title, perfumer, price, type, volume, year, perfume_rating) VALUES (36, 'France', null, 'https://perfumeswebstorage.s3.eu-central-1.amazonaws.com/1d428b77-0ffd-449f-bcaa-04a094b51de7.Creed Original Vetiver.jpg', 'Ambergris, Sandalwood, Musk, Vetiver', 'White pepper, Coriander, Pink pepper', 'Bergamot, Bitter orange, Mandarin orange', 'male', 'Original Vetiver', 'Creed', 97, 'Eau de parfum', '100', 20040, 0)
2025-06-17T16:57:08.581Z DEBUG 2698 --- [           main] o.s.jdbc.datasource.init.ScriptUtils     : 1 returned as update count for SQL: INSERT INTO perfume (id, country, description, filename, fragrance_base_notes, fragrance_middle_notes, fragrance_top_notes, perfume_gender, perfume_title, perfumer, price, type, volume, year, perfume_rating) VALUES (37, 'France', null, 'https://perfumeswebstorage.s3.eu-central-1.amazonaws.com/5fd3de8e-1022-47a2-ae58-a089a65bd90c.Creed Acqua Fiorentina.jpg', 'Grapefruit, Sandalwood, Cedar', 'Bergamot, Pear, Rose', 'Apple, Prune, Greengage plum', 'female', 'Acqua Fiorentina', 'Creed', 100, 'Eau de parfum', '75', 20090, 0)
2025-06-17T16:57:08.581Z DEBUG 2698 --- [           main] o.s.jdbc.datasource.init.ScriptUtils     : 1 returned as update count for SQL: INSERT INTO perfume (id, country, description, filename, fragrance_base_notes, fragrance_middle_notes, fragrance_top_notes, perfume_gender, perfume_title, perfumer, price, type, volume, year, perfume_rating) VALUES (38, 'France', null, 'https://perfumeswebstorage.s3.eu-central-1.amazonaws.com/7d32f694-9cc3-4770-844a-47400e6f5c6b.Creed Aventus for Her.jpg', 'Peach, Blackcurrant, Ylang-ylang', 'Rose, Styrax, Mysore sandalwood', 'Green apple, Violet leaf, Calabrian bergamot', 'female', 'Aventus for Her', 'Creed', 141, 'Eau de parfum', '75', 20160, 0)
2025-06-17T16:57:08.581Z DEBUG 2698 --- [           main] o.s.jdbc.datasource.init.ScriptUtils     : 1 returned as update count for SQL: INSERT INTO perfume (id, country, description, filename, fragrance_base_notes, fragrance_middle_notes, fragrance_top_notes, perfume_gender, perfume_title, perfumer, price, type, volume, year, perfume_rating) VALUES (39, 'France', null, 'https://perfumeswebstorage.s3.eu-central-1.amazonaws.com/cbb8efd1-f55a-4db3-8511-f0b5b446533d.Creed Love in Black.jpg', 'Rose, Burgundy blackcurrant, Violet', 'Florentine iris, Clove', 'White violet', 'female', 'Love in Black', 'Creed', 89, 'Eau de parfum', '75', 20080, 0)
2025-06-17T16:57:08.582Z DEBUG 2698 --- [           main] o.s.jdbc.datasource.init.ScriptUtils     : 1 returned as update count for SQL: INSERT INTO perfume (id, country, description, filename, fragrance_base_notes, fragrance_middle_notes, fragrance_top_notes, perfume_gender, perfume_title, perfumer, price, type, volume, year, perfume_rating) VALUES (40, 'France', null, 'https://perfumeswebstorage.s3.eu-central-1.amazonaws.com/0f0acb70-dc64-474f-878a-1b214d250d94.CreedLoveinWhite.jpg', 'Ambergris, Mysore sandalwood, Vanilla', 'Florentine iris, Yellow narcissus, Magnolia', 'Orange zest', 'female', 'Love in White', 'Creed', 94, 'Eau de parfum', '75', 20050, 0)
2025-06-17T16:57:08.582Z DEBUG 2698 --- [           main] o.s.jdbc.datasource.init.ScriptUtils     : 1 returned as update count for SQL: INSERT INTO perfume (id, country, description, filename, fragrance_base_notes, fragrance_middle_notes, fragrance_top_notes, perfume_gender, perfume_title, perfumer, price, type, volume, year, perfume_rating) VALUES (41, 'France', null, 'https://perfumeswebstorage.s3.eu-central-1.amazonaws.com/0158183f-2412-4c61-a962-7c96e43c19c3.Dior Fahrenheit.jpg', 'Amber, Leather, Musk', 'Carnation, Honeysuckle, Jasmine', 'Bergamot, Camomile, Lavender, Mandarin orange', 'male', 'Fahrenheit', 'Dior', 62, 'Eau de Toilette', '100', 19880, 0)
2025-06-17T16:57:08.582Z DEBUG 2698 --- [           main] o.s.jdbc.datasource.init.ScriptUtils     : 1 returned as update count for SQL: INSERT INTO perfume (id, country, description, filename, fragrance_base_notes, fragrance_middle_notes, fragrance_top_notes, perfume_gender, perfume_title, perfumer, price, type, volume, year, perfume_rating) VALUES (42, 'France', null, 'https://perfumeswebstorage.s3.eu-central-1.amazonaws.com/27f0b3d3-2634-4e74-971a-f780c4480482.Dior Homme.jpg', 'Virginia cedar', 'Ecuadorian ambrette seed', 'Florentine iris absolute', 'male', 'Homme', 'Dior', 90, 'Eau de parfum', '100', 20070, 0)
2025-06-17T16:57:08.583Z DEBUG 2698 --- [           main] o.s.jdbc.datasource.init.ScriptUtils     : 1 returned as update count for SQL: INSERT INTO perfume (id, country, description, filename, fragrance_base_notes, fragrance_middle_notes, fragrance_top_notes, perfume_gender, perfume_title, perfumer, price, type, volume, year, perfume_rating) VALUES (43, 'France', null, 'https://perfumeswebstorage.s3.eu-central-1.amazonaws.com/03e65b3b-7b1f-400c-9bb8-a8956bdaa4be.Dior Sauvage.jpg', 'Ambroxan', 'Bergamot', 'Sichuan Pepper', 'male', 'Sauvage', 'Dior', 62, 'Eau de Toilette', '100', 20150, 0)
2025-06-17T16:57:08.583Z DEBUG 2698 --- [           main] o.s.jdbc.datasource.init.ScriptUtils     : 1 returned as update count for SQL: INSERT INTO perfume (id, country, description, filename, fragrance_base_notes, fragrance_middle_notes, fragrance_top_notes, perfume_gender, perfume_title, perfumer, price, type, volume, year, perfume_rating) VALUES (44, 'France', null, 'https://perfumeswebstorage.s3.eu-central-1.amazonaws.com/94c85cfd-f090-4d49-b2e9-dcff34eec8c1.Dior Jadore.jpg', 'Vanilla, Cedar, Musk', 'Lily of the valley, Rose, Violet', 'Bergamot, Pear, Melon, Peach', 'female', 'Jadore', 'Dior', 81, 'Eau de parfum', '100', 19990, 0)
2025-06-17T16:57:08.584Z DEBUG 2698 --- [           main] o.s.jdbc.datasource.init.ScriptUtils     : 1 returned as update count for SQL: INSERT INTO perfume (id, country, description, filename, fragrance_base_notes, fragrance_middle_notes, fragrance_top_notes, perfume_gender, perfume_title, perfumer, price, type, volume, year, perfume_rating) VALUES (45, 'France', null, 'https://perfumeswebstorage.s3.eu-central-1.amazonaws.com/85f8de21-24d5-473b-8d63-6ba6c2d4d25e.Dior Miss Dior.jpg', 'Ambergris, Musk, Patchouli', 'Jasmine, Caramel, Popcorn', 'Pineapple, Cherry, Mandarin orange', 'female', 'Miss Dior', 'Dior', 90, 'Eau de parfum', '100', 20110, 0)
2025-06-17T16:57:08.584Z DEBUG 2698 --- [           main] o.s.jdbc.datasource.init.ScriptUtils     : 1 returned as update count for SQL: INSERT INTO perfume (id, country, description, filename, fragrance_base_notes, fragrance_middle_notes, fragrance_top_notes, perfume_gender, perfume_title, perfumer, price, type, volume, year, perfume_rating) VALUES (46, 'France', null, 'https://perfumeswebstorage.s3.eu-central-1.amazonaws.com/63534821-1eb9-4b44-afd3-61c3b8ca4a25.Dior Poison Girl.jpg', 'Venezuelan tonka bean', 'Grasse rose', 'Bitter orange', 'female', 'Poison Girl', 'Dior', 75, 'Eau de parfum', '100', 20160, 0)
2025-06-17T16:57:08.584Z DEBUG 2698 --- [           main] o.s.jdbc.datasource.init.ScriptUtils     : 1 returned as update count for SQL: INSERT INTO review (id, author, date, message, rating) VALUES (123, 'John', '2021-02-07', 'Hello world', 5)
2025-06-17T16:57:08.585Z DEBUG 2698 --- [           main] o.s.jdbc.datasource.init.ScriptUtils     : 1 returned as update count for SQL: INSERT INTO review (id, author, date, message, rating) VALUES (124, 'John2', '2021-02-07', 'Hello world2', 4)
2025-06-17T16:57:08.585Z DEBUG 2698 --- [           main] o.s.jdbc.datasource.init.ScriptUtils     : 1 returned as update count for SQL: INSERT INTO perfume_reviews (perfume_id, reviews_id) VALUES (2, 123)
2025-06-17T16:57:08.586Z DEBUG 2698 --- [           main] o.s.jdbc.datasource.init.ScriptUtils     : 1 returned as update count for SQL: INSERT INTO perfume_reviews (perfume_id, reviews_id) VALUES (2, 124)
2025-06-17T16:57:08.586Z DEBUG 2698 --- [           main] o.s.jdbc.datasource.init.ScriptUtils     : Executed SQL script from class path resource [sql/create-perfumes-before.sql] in 16 ms.
2025-06-17T16:57:08.586Z DEBUG 2698 --- [           main] o.s.orm.jpa.JpaTransactionManager        : Initiating transaction commit
2025-06-17T16:57:08.586Z DEBUG 2698 --- [           main] o.s.orm.jpa.JpaTransactionManager        : Committing JPA transaction on EntityManager [SessionImpl(1993578523<open>)]
2025-06-17T16:57:08.586Z DEBUG 2698 --- [           main] o.s.orm.jpa.JpaTransactionManager        : Closing JPA EntityManager [SessionImpl(1993578523<open>)] after transaction
2025-06-17T16:57:08.587Z DEBUG 2698 --- [           main] org.springframework.test.context.cache   : Spring test ApplicationContext cache statistics: [DefaultContextCache@46ea1dc size = 1, maxSize = 32, parentContextCount = 0, hitCount = 481, missCount = 1, failureCount = 0]
2025-06-17T16:57:08.587Z DEBUG 2698 --- [           main] org.springframework.test.context.cache   : Spring test ApplicationContext cache statistics: [DefaultContextCache@46ea1dc size = 1, maxSize = 32, parentContextCount = 0, hitCount = 482, missCount = 1, failureCount = 0]
2025-06-17T16:57:08.588Z DEBUG 2698 --- [           main] org.springframework.test.context.cache   : Spring test ApplicationContext cache statistics: [DefaultContextCache@46ea1dc size = 1, maxSize = 32, parentContextCount = 0, hitCount = 483, missCount = 1, failureCount = 0]
2025-06-17T16:57:08.589Z DEBUG 2698 --- [           main] org.springframework.test.context.cache   : Spring test ApplicationContext cache statistics: [DefaultContextCache@46ea1dc size = 1, maxSize = 32, parentContextCount = 0, hitCount = 484, missCount = 1, failureCount = 0]
2025-06-17T16:57:08.591Z DEBUG 2698 --- [           main] o.s.security.web.FilterChainProxy        : Securing GET /api/v1/perfumes
2025-06-17T16:57:08.591Z DEBUG 2698 --- [           main] o.s.s.w.a.AnonymousAuthenticationFilter  : Set SecurityContextHolder to anonymous SecurityContext
2025-06-17T16:57:08.592Z DEBUG 2698 --- [           main] o.s.security.web.FilterChainProxy        : Secured GET /api/v1/perfumes
2025-06-17T16:57:08.592Z DEBUG 2698 --- [           main] o.s.t.web.servlet.TestDispatcherServlet  : GET "/api/v1/perfumes", parameters={}
2025-06-17T16:57:08.592Z DEBUG 2698 --- [           main] s.w.s.m.m.a.RequestMappingHandlerMapping : Mapped to com.gmail.merikbest2015.ecommerce.controller.PerfumeController#getAllPerfumes(Pageable)
2025-06-17T16:57:08.592Z DEBUG 2698 --- [           main] o.j.s.OpenEntityManagerInViewInterceptor : Opening JPA EntityManager in OpenEntityManagerInViewInterceptor
2025-06-17T16:57:08.594Z  INFO 2698 --- [           main] c.g.m.e.controller.PerfumeController     : Fetching all perfumes with pageable: Page request [number: 0, size 15, sort: UNSORTED]
2025-06-17T16:57:08.594Z  INFO 2698 --- [           main] c.g.m.e.service.Impl.PerfumeServiceImpl  : Fetching all perfumes with pagination: page 0, size 15
CLASS: [PerfumeController], METHOD: [getAllPerfumes()], REQUEST: Page request [number: 0, size 15, sort: UNSORTED]
CLASS: [PerfumeController], METHOD: [getAllPerfumes()], RESPONSE: <200 OK OK,[com.gmail.merikbest2015.ecommerce.dto.perfume.PerfumeResponse@3a6ffe4c, com.gmail.merikbest2015.ecommerce.dto.perfume.PerfumeResponse@70e9badf, com.gmail.merikbest2015.ecommerce.dto.perfume.PerfumeResponse@784a221a, com.gmail.merikbest2015.ecommerce.dto.perfume.PerfumeResponse@2b369460, com.gmail.merikbest2015.ecommerce.dto.perfume.PerfumeResponse@6eee92d4, com.gmail.merikbest2015.ecommerce.dto.perfume.PerfumeResponse@536ce294, com.gmail.merikbest2015.ecommerce.dto.perfume.PerfumeResponse@7a9f5011, com.gmail.merikbest2015.ecommerce.dto.perfume.PerfumeResponse@65955eb6, com.gmail.merikbest2015.ecommerce.dto.perfume.PerfumeResponse@7ff708e2, com.gmail.merikbest2015.ecommerce.dto.perfume.PerfumeResponse@4b3b2dca, com.gmail.merikbest2015.ecommerce.dto.perfume.PerfumeResponse@4ba4e364, com.gmail.merikbest2015.ecommerce.dto.perfume.PerfumeResponse@48b7448, com.gmail.merikbest2015.ecommerce.dto.perfume.PerfumeResponse@437ccc23, com.gmail.merikbest2015.ecommerce.dto.perfume.PerfumeResponse@51bbfcfb, com.gmail.merikbest2015.ecommerce.dto.perfume.PerfumeResponse@3de88a6b],[page-total-count:"2", page-total-elements:"27"]>
2025-06-17T16:57:08.634Z DEBUG 2698 --- [           main] o.s.w.s.m.m.a.HttpEntityMethodProcessor  : Using 'application/json', given [*/*] and supported [application/json, application/*+json, application/yaml]
2025-06-17T16:57:08.634Z DEBUG 2698 --- [           main] o.s.w.s.m.m.a.HttpEntityMethodProcessor  : Writing [[com.gmail.merikbest2015.ecommerce.dto.perfume.PerfumeResponse@3a6ffe4c, com.gmail.merikbest2015.eco (truncated)...]
2025-06-17T16:57:08.634Z DEBUG 2698 --- [           main] o.j.s.OpenEntityManagerInViewInterceptor : Closing JPA EntityManager in OpenEntityManagerInViewInterceptor
2025-06-17T16:57:08.635Z DEBUG 2698 --- [           main] o.s.t.web.servlet.TestDispatcherServlet  : Completed 200 OK
2025-06-17T16:57:08.638Z DEBUG 2698 --- [           main] org.springframework.test.context.cache   : Spring test ApplicationContext cache statistics: [DefaultContextCache@46ea1dc size = 1, maxSize = 32, parentContextCount = 0, hitCount = 485, missCount = 1, failureCount = 0]
2025-06-17T16:57:08.638Z DEBUG 2698 --- [           main] org.springframework.test.context.cache   : Spring test ApplicationContext cache statistics: [DefaultContextCache@46ea1dc size = 1, maxSize = 32, parentContextCount = 0, hitCount = 486, missCount = 1, failureCount = 0]
2025-06-17T16:57:08.639Z DEBUG 2698 --- [           main] org.springframework.test.context.cache   : Spring test ApplicationContext cache statistics: [DefaultContextCache@46ea1dc size = 1, maxSize = 32, parentContextCount = 0, hitCount = 487, missCount = 1, failureCount = 0]
2025-06-17T16:57:08.639Z DEBUG 2698 --- [           main] org.springframework.test.context.cache   : Spring test ApplicationContext cache statistics: [DefaultContextCache@46ea1dc size = 1, maxSize = 32, parentContextCount = 0, hitCount = 488, missCount = 1, failureCount = 0]
2025-06-17T16:57:08.640Z DEBUG 2698 --- [           main] org.springframework.test.context.cache   : Spring test ApplicationContext cache statistics: [DefaultContextCache@46ea1dc size = 1, maxSize = 32, parentContextCount = 0, hitCount = 489, missCount = 1, failureCount = 0]
2025-06-17T16:57:08.640Z DEBUG 2698 --- [           main] org.springframework.test.context.cache   : Spring test ApplicationContext cache statistics: [DefaultContextCache@46ea1dc size = 1, maxSize = 32, parentContextCount = 0, hitCount = 490, missCount = 1, failureCount = 0]
2025-06-17T16:57:08.641Z DEBUG 2698 --- [           main] org.springframework.test.context.cache   : Spring test ApplicationContext cache statistics: [DefaultContextCache@46ea1dc size = 1, maxSize = 32, parentContextCount = 0, hitCount = 491, missCount = 1, failureCount = 0]
2025-06-17T16:57:08.641Z DEBUG 2698 --- [           main] org.springframework.test.context.cache   : Spring test ApplicationContext cache statistics: [DefaultContextCache@46ea1dc size = 1, maxSize = 32, parentContextCount = 0, hitCount = 492, missCount = 1, failureCount = 0]
2025-06-17T16:57:08.641Z DEBUG 2698 --- [           main] .s.t.c.j.SqlScriptsTestExecutionListener : Processing merged @SqlConfig attributes for execution phase [AFTER_TEST_METHOD] and test class [com.gmail.merikbest2015.ecommerce.controller.PerfumeControllerTest]
2025-06-17T16:57:08.641Z DEBUG 2698 --- [           main] org.springframework.test.context.cache   : Spring test ApplicationContext cache statistics: [DefaultContextCache@46ea1dc size = 1, maxSize = 32, parentContextCount = 0, hitCount = 493, missCount = 1, failureCount = 0]
2025-06-17T16:57:08.641Z DEBUG 2698 --- [           main] .s.t.c.j.SqlScriptsTestExecutionListener : Executing SQL scripts: [class path resource [sql/create-perfumes-after.sql]]
2025-06-17T16:57:08.642Z DEBUG 2698 --- [           main] org.springframework.test.context.cache   : Spring test ApplicationContext cache statistics: [DefaultContextCache@46ea1dc size = 1, maxSize = 32, parentContextCount = 0, hitCount = 494, missCount = 1, failureCount = 0]
2025-06-17T16:57:08.642Z DEBUG 2698 --- [           main] org.springframework.test.context.cache   : Spring test ApplicationContext cache statistics: [DefaultContextCache@46ea1dc size = 1, maxSize = 32, parentContextCount = 0, hitCount = 495, missCount = 1, failureCount = 0]
2025-06-17T16:57:08.642Z DEBUG 2698 --- [           main] o.s.orm.jpa.JpaTransactionManager        : Creating new transaction with name [com.gmail.merikbest2015.ecommerce.controller.PerfumeControllerTest]: PROPAGATION_REQUIRED,ISOLATION_DEFAULT
2025-06-17T16:57:08.642Z DEBUG 2698 --- [           main] o.s.orm.jpa.JpaTransactionManager        : Opened new EntityManager [SessionImpl(1646166186<open>)] for JPA transaction
2025-06-17T16:57:08.642Z DEBUG 2698 --- [           main] o.s.orm.jpa.JpaTransactionManager        : Exposing JPA transaction as JDBC [org.springframework.orm.jpa.vendor.HibernateJpaDialect$HibernateConnectionHandle@4726451e]
2025-06-17T16:57:08.642Z DEBUG 2698 --- [           main] o.s.jdbc.datasource.init.ScriptUtils     : Executing SQL script from class path resource [sql/create-perfumes-after.sql]
2025-06-17T16:57:08.643Z DEBUG 2698 --- [           main] o.s.jdbc.datasource.init.ScriptUtils     : 2 returned as update count for SQL: delete from perfume_reviews
2025-06-17T16:57:08.643Z DEBUG 2698 --- [           main] o.s.jdbc.datasource.init.ScriptUtils     : 2 returned as update count for SQL: delete from review
2025-06-17T16:57:08.644Z DEBUG 2698 --- [           main] o.s.jdbc.datasource.init.ScriptUtils     : 27 returned as update count for SQL: delete from perfume
2025-06-17T16:57:08.644Z DEBUG 2698 --- [           main] o.s.jdbc.datasource.init.ScriptUtils     : Executed SQL script from class path resource [sql/create-perfumes-after.sql] in 2 ms.
2025-06-17T16:57:08.644Z DEBUG 2698 --- [           main] o.s.orm.jpa.JpaTransactionManager        : Initiating transaction commit
2025-06-17T16:57:08.644Z DEBUG 2698 --- [           main] o.s.orm.jpa.JpaTransactionManager        : Committing JPA transaction on EntityManager [SessionImpl(1646166186<open>)]
2025-06-17T16:57:08.644Z DEBUG 2698 --- [           main] o.s.orm.jpa.JpaTransactionManager        : Closing JPA EntityManager [SessionImpl(1646166186<open>)] after transaction
2025-06-17T16:57:08.645Z DEBUG 2698 --- [           main] .c.s.DirtiesContextTestExecutionListener : After test method: class [PerfumeControllerTest], method [getAllPerfumes], class annotated with @DirtiesContext [false] with mode [null], method annotated with @DirtiesContext [false] with mode [null]
2025-06-17T16:57:08.645Z DEBUG 2698 --- [           main] ObservationRegistryTestExecutionListener : Restoring ObservationRegistry in ObservationThreadLocalAccessor for test class com.gmail.merikbest2015.ecommerce.controller.PerfumeControllerTest
2025-06-17T16:57:08.645Z DEBUG 2698 --- [           main] o.s.t.c.w.ServletTestExecutionListener   : Resetting RequestContextHolder for test class com.gmail.merikbest2015.ecommerce.controller.PerfumeControllerTest
]]></system-out>
  </testcase>
  <testcase name="findPerfumesByFilterParams" classname="com.gmail.merikbest2015.ecommerce.controller.PerfumeControllerTest" time="0.053">
    <system-out><![CDATA[2025-06-17T16:57:08.645Z DEBUG 2698 --- [           main] org.springframework.test.context.cache   : Spring test ApplicationContext cache statistics: [DefaultContextCache@46ea1dc size = 1, maxSize = 32, parentContextCount = 0, hitCount = 496, missCount = 1, failureCount = 0]
2025-06-17T16:57:08.645Z DEBUG 2698 --- [           main] o.s.t.c.w.ServletTestExecutionListener   : Setting up MockHttpServletRequest, MockHttpServletResponse, ServletWebRequest, and RequestContextHolder for test class com.gmail.merikbest2015.ecommerce.controller.PerfumeControllerTest
2025-06-17T16:57:08.645Z DEBUG 2698 --- [           main] DependencyInjectionTestExecutionListener : Performing dependency injection for test class com.gmail.merikbest2015.ecommerce.controller.PerfumeControllerTest
2025-06-17T16:57:08.645Z DEBUG 2698 --- [           main] org.springframework.test.context.cache   : Spring test ApplicationContext cache statistics: [DefaultContextCache@46ea1dc size = 1, maxSize = 32, parentContextCount = 0, hitCount = 497, missCount = 1, failureCount = 0]
2025-06-17T16:57:08.646Z DEBUG 2698 --- [           main] org.springframework.test.context.cache   : Spring test ApplicationContext cache statistics: [DefaultContextCache@46ea1dc size = 1, maxSize = 32, parentContextCount = 0, hitCount = 498, missCount = 1, failureCount = 0]
2025-06-17T16:57:08.646Z DEBUG 2698 --- [           main] sContextBeforeModesTestExecutionListener : Before test method: class [PerfumeControllerTest], method [findPerfumesByFilterParams], class annotated with @DirtiesContext [false] with mode [null], method annotated with @DirtiesContext [false] with mode [null]
2025-06-17T16:57:08.646Z DEBUG 2698 --- [           main] org.springframework.test.context.cache   : Spring test ApplicationContext cache statistics: [DefaultContextCache@46ea1dc size = 1, maxSize = 32, parentContextCount = 0, hitCount = 499, missCount = 1, failureCount = 0]
2025-06-17T16:57:08.646Z DEBUG 2698 --- [           main] ObservationRegistryTestExecutionListener : Registering ObservationRegistry from ApplicationContext in ObservationThreadLocalAccessor for test class com.gmail.merikbest2015.ecommerce.controller.PerfumeControllerTest
2025-06-17T16:57:08.647Z DEBUG 2698 --- [           main] .s.t.c.j.SqlScriptsTestExecutionListener : Processing merged @SqlConfig attributes for execution phase [BEFORE_TEST_METHOD] and test class [com.gmail.merikbest2015.ecommerce.controller.PerfumeControllerTest]
2025-06-17T16:57:08.647Z DEBUG 2698 --- [           main] org.springframework.test.context.cache   : Spring test ApplicationContext cache statistics: [DefaultContextCache@46ea1dc size = 1, maxSize = 32, parentContextCount = 0, hitCount = 500, missCount = 1, failureCount = 0]
2025-06-17T16:57:08.647Z DEBUG 2698 --- [           main] .s.t.c.j.SqlScriptsTestExecutionListener : Executing SQL scripts: [class path resource [sql/create-perfumes-before.sql]]
2025-06-17T16:57:08.647Z DEBUG 2698 --- [           main] org.springframework.test.context.cache   : Spring test ApplicationContext cache statistics: [DefaultContextCache@46ea1dc size = 1, maxSize = 32, parentContextCount = 0, hitCount = 501, missCount = 1, failureCount = 0]
2025-06-17T16:57:08.647Z DEBUG 2698 --- [           main] org.springframework.test.context.cache   : Spring test ApplicationContext cache statistics: [DefaultContextCache@46ea1dc size = 1, maxSize = 32, parentContextCount = 0, hitCount = 502, missCount = 1, failureCount = 0]
2025-06-17T16:57:08.647Z DEBUG 2698 --- [           main] o.s.orm.jpa.JpaTransactionManager        : Creating new transaction with name [com.gmail.merikbest2015.ecommerce.controller.PerfumeControllerTest]: PROPAGATION_REQUIRED,ISOLATION_DEFAULT
2025-06-17T16:57:08.647Z DEBUG 2698 --- [           main] o.s.orm.jpa.JpaTransactionManager        : Opened new EntityManager [SessionImpl(817251746<open>)] for JPA transaction
2025-06-17T16:57:08.647Z DEBUG 2698 --- [           main] o.s.orm.jpa.JpaTransactionManager        : Exposing JPA transaction as JDBC [org.springframework.orm.jpa.vendor.HibernateJpaDialect$HibernateConnectionHandle@263b88ce]
2025-06-17T16:57:08.647Z DEBUG 2698 --- [           main] o.s.jdbc.datasource.init.ScriptUtils     : Executing SQL script from class path resource [sql/create-perfumes-before.sql]
2025-06-17T16:57:08.652Z DEBUG 2698 --- [           main] o.s.jdbc.datasource.init.ScriptUtils     : 1 returned as update count for SQL: INSERT INTO perfume (id, country, description, filename, fragrance_base_notes, fragrance_middle_notes, fragrance_top_notes, perfume_gender, perfume_title, perfumer, price, type, volume, year, perfume_rating) VALUES (1, 'Germany', null, 'https://perfumeswebstorage.s3.eu-central-1.amazonaws.com/4735a4c8-e1fc-43ce-8ff9-0bd28d00ce20.Hugo Boss Boss Bottled Night.jpg', 'Salmwood, Musky notes, Sandalwood', 'Cardamom, Jasmine, African violet', 'Birch leaf, Lavender', 'male', 'Boss Bottled Night', 'Hugo Boss', 35, 'Eau de Toilette', '100', 20100, 0)
2025-06-17T16:57:08.653Z DEBUG 2698 --- [           main] o.s.jdbc.datasource.init.ScriptUtils     : 1 returned as update count for SQL: INSERT INTO perfume (id, country, description, filename, fragrance_base_notes, fragrance_middle_notes, fragrance_top_notes, perfume_gender, perfume_title, perfumer, price, type, volume, year, perfume_rating) VALUES (2, 'Germany', null, 'https://perfumeswebstorage.s3.eu-central-1.amazonaws.com/17d6f8a1-aa84-4823-bd18-ccb0fdbe7fe9.Hugo Boss Hugo Man.jpg', 'Moss, Sandalwood, Fir balsam', 'Carnation, Geranium leaf, Jasmine', 'Basil, Grapefruit, Green apple, Mint', 'male', 'Hugo Man', 'Hugo Boss', 21, 'Eau de Toilette', '75', 19950, 0)
2025-06-17T16:57:08.653Z DEBUG 2698 --- [           main] o.s.jdbc.datasource.init.ScriptUtils     : 1 returned as update count for SQL: INSERT INTO perfume (id, country, description, filename, fragrance_base_notes, fragrance_middle_notes, fragrance_top_notes, perfume_gender, perfume_title, perfumer, price, type, volume, year, perfume_rating) VALUES (3, 'Germany', null, 'https://perfumeswebstorage.s3.eu-central-1.amazonaws.com/ba9272ca-20af-4e41-89b7-24018be4acb1.Hugo Boss The Scent.jpg', 'Leather', 'Maninka fruit, Lavender', 'Ginger', 'male', 'The Scent', 'Hugo Boss', 45, 'Eau de Toilette', '100', 20150, 0)
2025-06-17T16:57:08.654Z DEBUG 2698 --- [           main] o.s.jdbc.datasource.init.ScriptUtils     : 1 returned as update count for SQL: INSERT INTO perfume (id, country, description, filename, fragrance_base_notes, fragrance_middle_notes, fragrance_top_notes, perfume_gender, perfume_title, perfumer, price, type, volume, year, perfume_rating) VALUES (4, 'Germany', null, 'https://perfumeswebstorage.s3.eu-central-1.amazonaws.com/540f8e7d-2259-4a20-becf-4ed5cfc2912e.Hugo Boss Boss Woman.jpg', 'Sandalwood, Cedar', 'Freesia, Violet root', 'Mandarin orange, Mango', 'female', 'Boss Woman', 'Hugo Boss', 26, 'Eau de parfum', '90', 20000, 0)
2025-06-17T16:57:08.654Z DEBUG 2698 --- [           main] o.s.jdbc.datasource.init.ScriptUtils     : 1 returned as update count for SQL: INSERT INTO perfume (id, country, description, filename, fragrance_base_notes, fragrance_middle_notes, fragrance_top_notes, perfume_gender, perfume_title, perfumer, price, type, volume, year, perfume_rating) VALUES (5, 'Germany', null, 'https://perfumeswebstorage.s3.eu-central-1.amazonaws.com/1fb6dd1b-a134-4e6f-8215-60d465d33d72.Hugo Boss Hugo Deep Red.jpg', 'Musk, Sandalwood, Vanilla', 'Freesia, Hibiscus, Ginger', 'Pear, Blood orange, Clementine', 'female', 'Deep Red', 'Hugo Boss', 27, 'Eau de parfum', '90', 20010, 0)
2025-06-17T16:57:08.654Z DEBUG 2698 --- [           main] o.s.jdbc.datasource.init.ScriptUtils     : 1 returned as update count for SQL: INSERT INTO perfume (id, country, description, filename, fragrance_base_notes, fragrance_middle_notes, fragrance_top_notes, perfume_gender, perfume_title, perfumer, price, type, volume, year, perfume_rating) VALUES (6, 'Germany', null, 'https://perfumeswebstorage.s3.eu-central-1.amazonaws.com/62e9bf9b-8fea-4eb2-9935-21e868e1b93d.Hugo Boss The Scent For Her.jpg', 'Roasted cocoa', 'Osmanthus', 'Peach, Freesia', 'female', 'The Scent For Her', 'Hugo Boss', 47, 'Eau de parfum', '100', 20160, 0)
2025-06-17T16:57:08.655Z DEBUG 2698 --- [           main] o.s.jdbc.datasource.init.ScriptUtils     : 1 returned as update count for SQL: INSERT INTO perfume (id, country, description, filename, fragrance_base_notes, fragrance_middle_notes, fragrance_top_notes, perfume_gender, perfume_title, perfumer, price, type, volume, year, perfume_rating) VALUES (26, 'Spain', null, 'https://perfumeswebstorage.s3.eu-central-1.amazonaws.com/6524de16-c086-49fe-a6e5-c9efc35f1a02.Carolina Herrera Bad Boy.jpg', 'Tonka bean, Cocoa absolute', 'Cedarwood, Sage', 'Black pepper, White pepper, Italian bergamot', 'male', 'Bad Boy', 'Carolina Herrera', 76, 'Eau de Toilette', '100', 20190, 0)
2025-06-17T16:57:08.655Z DEBUG 2698 --- [           main] o.s.jdbc.datasource.init.ScriptUtils     : 1 returned as update count for SQL: INSERT INTO perfume (id, country, description, filename, fragrance_base_notes, fragrance_middle_notes, fragrance_top_notes, perfume_gender, perfume_title, perfumer, price, type, volume, year, perfume_rating) VALUES (27, 'Spain', null, 'https://perfumeswebstorage.s3.eu-central-1.amazonaws.com/184c9da2-2445-4b01-87b8-b4f8b5f6ab8c.Carolina Herrera Good Girl.jpg', 'Roasted tonka bean, Cocoa, Sandalwood', 'Tuberose, Bulgarian rose, Jasmine sambac', 'Bergamot, Lemon', 'female', 'Good Girl', 'Carolina Herrera', 156, 'Eau de parfum', '150', 20160, 0)
2025-06-17T16:57:08.656Z DEBUG 2698 --- [           main] o.s.jdbc.datasource.init.ScriptUtils     : 1 returned as update count for SQL: INSERT INTO perfume (id, country, description, filename, fragrance_base_notes, fragrance_middle_notes, fragrance_top_notes, perfume_gender, perfume_title, perfumer, price, type, volume, year, perfume_rating) VALUES (28, 'France', null, 'https://perfumeswebstorage.s3.eu-central-1.amazonaws.com/e31f6d6c-e585-40a4-970c-f25322667924.Chanel Allure homme Sport.jpg', 'Amber, Musk, Tonka bean', 'Neroli, Pepper, Cedar', 'Aldehydes, Mandarin orange, Seawater', 'male', 'Allure homme Sport', 'Chanel', 85, 'Eau de Toilette', '100', 20040, 0)
2025-06-17T16:57:08.656Z DEBUG 2698 --- [           main] o.s.jdbc.datasource.init.ScriptUtils     : 1 returned as update count for SQL: INSERT INTO perfume (id, country, description, filename, fragrance_base_notes, fragrance_middle_notes, fragrance_top_notes, perfume_gender, perfume_title, perfumer, price, type, volume, year, perfume_rating) VALUES (29, 'France', null, 'https://perfumeswebstorage.s3.eu-central-1.amazonaws.com/ac6c7a11-97f8-44b1-9b10-f96997212dd4.Chanel Bleu de Chanel Eau de Parfum.jpg', 'Ginger, Sandalwood, Frankincense', 'Grapefruit, Labdanum, Cedar', 'Pink pepper, Vetiver, Citrus notes', 'male', 'Bleu de Chanel', 'Chanel', 88, 'Eau de parfum', '100', 20140, 0)
2025-06-17T16:57:08.656Z DEBUG 2698 --- [           main] o.s.jdbc.datasource.init.ScriptUtils     : 1 returned as update count for SQL: INSERT INTO perfume (id, country, description, filename, fragrance_base_notes, fragrance_middle_notes, fragrance_top_notes, perfume_gender, perfume_title, perfumer, price, type, volume, year, perfume_rating) VALUES (30, 'France', null, 'https://perfumeswebstorage.s3.eu-central-1.amazonaws.com/7049225c-03bb-45a7-ba6a-86274f8668b9.Chanel Egoiste Platinum.jpg', 'Amber, Oakmoss, Sandalwood', 'Galbanum, Geranium, Jasmine', 'Lavender, Neroli, Petitgrain', 'male', 'Egoiste Platinum', 'Chanel', 70, 'Eau de Toilette', '100', 19930, 0)
2025-06-17T16:57:08.657Z DEBUG 2698 --- [           main] o.s.jdbc.datasource.init.ScriptUtils     : 1 returned as update count for SQL: INSERT INTO perfume (id, country, description, filename, fragrance_base_notes, fragrance_middle_notes, fragrance_top_notes, perfume_gender, perfume_title, perfumer, price, type, volume, year, perfume_rating) VALUES (31, 'France', null, 'https://perfumeswebstorage.s3.eu-central-1.amazonaws.com/bcc4bb2a-907d-4531-9d7f-178c765c5ed3.Chanel Chance Eau Fraiche.jpg', 'Amber, Iris, Musk, Patchouli', 'Jasmine, Pink pepper, Water hyacinth', 'Cedar, Citrus fruits', 'female', 'Chance Eau Fraiche', 'Chanel', 90, 'Eau de Toilette', '100', 20070, 0)
2025-06-17T16:57:08.657Z DEBUG 2698 --- [           main] o.s.jdbc.datasource.init.ScriptUtils     : 1 returned as update count for SQL: INSERT INTO perfume (id, country, description, filename, fragrance_base_notes, fragrance_middle_notes, fragrance_top_notes, perfume_gender, perfume_title, perfumer, price, type, volume, year, perfume_rating) VALUES (32, 'France', null, 'https://perfumeswebstorage.s3.eu-central-1.amazonaws.com/2b5f80ca-e0f3-4e99-b5e4-11ccb9153b00.Chanel Gabrielle Essence.jpg', 'Sandalwood, Vanilla, White musk', 'Tuberose, Jasmine, Ylang-ylang', 'Citrus fruits, Red fruits', 'female', 'Gabrielle Essence', 'Chanel', 104, 'Eau de parfum', '100', 20190, 0)
2025-06-17T16:57:08.658Z DEBUG 2698 --- [           main] o.s.jdbc.datasource.init.ScriptUtils     : 1 returned as update count for SQL: INSERT INTO perfume (id, country, description, filename, fragrance_base_notes, fragrance_middle_notes, fragrance_top_notes, perfume_gender, perfume_title, perfumer, price, type, volume, year, perfume_rating) VALUES (33, 'France', null, 'https://perfumeswebstorage.s3.eu-central-1.amazonaws.com/4b51181b-5551-4321-b5e7-f7612584c9b2.Chanel N5.jpg', 'Amber, Sandalwood, Vanilla', 'Iris, Grasse jasmine', 'Aldehydes, Bergamot, Neroli', 'female', 'Chanel N5', 'Chanel', 192, 'Eau de parfum', '200', 19210, 0)
2025-06-17T16:57:08.658Z DEBUG 2698 --- [           main] o.s.jdbc.datasource.init.ScriptUtils     : 1 returned as update count for SQL: INSERT INTO perfume (id, country, description, filename, fragrance_base_notes, fragrance_middle_notes, fragrance_top_notes, perfume_gender, perfume_title, perfumer, price, type, volume, year, perfume_rating) VALUES (34, 'France', null, 'https://perfumeswebstorage.s3.eu-central-1.amazonaws.com/bdb203a9-0725-4ed4-a71a-db7eeb915fae.Creed Aventus.jpg', 'Ambergris, Oakmoss, Musk', 'Birch, Jasmine, Patchouli', 'Pineapple, Apple, Bergamot, Blackcurrant', 'male', 'Aventus', 'Creed', 152, 'Eau de parfum', '100', 20100, 0)
2025-06-17T16:57:08.658Z DEBUG 2698 --- [           main] o.s.jdbc.datasource.init.ScriptUtils     : 1 returned as update count for SQL: INSERT INTO perfume (id, country, description, filename, fragrance_base_notes, fragrance_middle_notes, fragrance_top_notes, perfume_gender, perfume_title, perfumer, price, type, volume, year, perfume_rating) VALUES (35, 'France', null, 'https://perfumeswebstorage.s3.eu-central-1.amazonaws.com/162cfbe2-2dc2-4271-8a63-23981a7e3cc4.Creed Bois du Portugal.jpg', 'Sandalwood, Vetiver, Ambergris', 'Cedarwood', 'Bergamot, Lavender', 'male', 'Bois du Portugal', 'Creed', 110, 'Eau de parfum', '100', 19870, 0)
2025-06-17T16:57:08.659Z DEBUG 2698 --- [           main] o.s.jdbc.datasource.init.ScriptUtils     : 1 returned as update count for SQL: INSERT INTO perfume (id, country, description, filename, fragrance_base_notes, fragrance_middle_notes, fragrance_top_notes, perfume_gender, perfume_title, perfumer, price, type, volume, year, perfume_rating) VALUES (36, 'France', null, 'https://perfumeswebstorage.s3.eu-central-1.amazonaws.com/1d428b77-0ffd-449f-bcaa-04a094b51de7.Creed Original Vetiver.jpg', 'Ambergris, Sandalwood, Musk, Vetiver', 'White pepper, Coriander, Pink pepper', 'Bergamot, Bitter orange, Mandarin orange', 'male', 'Original Vetiver', 'Creed', 97, 'Eau de parfum', '100', 20040, 0)
2025-06-17T16:57:08.659Z DEBUG 2698 --- [           main] o.s.jdbc.datasource.init.ScriptUtils     : 1 returned as update count for SQL: INSERT INTO perfume (id, country, description, filename, fragrance_base_notes, fragrance_middle_notes, fragrance_top_notes, perfume_gender, perfume_title, perfumer, price, type, volume, year, perfume_rating) VALUES (37, 'France', null, 'https://perfumeswebstorage.s3.eu-central-1.amazonaws.com/5fd3de8e-1022-47a2-ae58-a089a65bd90c.Creed Acqua Fiorentina.jpg', 'Grapefruit, Sandalwood, Cedar', 'Bergamot, Pear, Rose', 'Apple, Prune, Greengage plum', 'female', 'Acqua Fiorentina', 'Creed', 100, 'Eau de parfum', '75', 20090, 0)
2025-06-17T16:57:08.660Z DEBUG 2698 --- [           main] o.s.jdbc.datasource.init.ScriptUtils     : 1 returned as update count for SQL: INSERT INTO perfume (id, country, description, filename, fragrance_base_notes, fragrance_middle_notes, fragrance_top_notes, perfume_gender, perfume_title, perfumer, price, type, volume, year, perfume_rating) VALUES (38, 'France', null, 'https://perfumeswebstorage.s3.eu-central-1.amazonaws.com/7d32f694-9cc3-4770-844a-47400e6f5c6b.Creed Aventus for Her.jpg', 'Peach, Blackcurrant, Ylang-ylang', 'Rose, Styrax, Mysore sandalwood', 'Green apple, Violet leaf, Calabrian bergamot', 'female', 'Aventus for Her', 'Creed', 141, 'Eau de parfum', '75', 20160, 0)
2025-06-17T16:57:08.660Z DEBUG 2698 --- [           main] o.s.jdbc.datasource.init.ScriptUtils     : 1 returned as update count for SQL: INSERT INTO perfume (id, country, description, filename, fragrance_base_notes, fragrance_middle_notes, fragrance_top_notes, perfume_gender, perfume_title, perfumer, price, type, volume, year, perfume_rating) VALUES (39, 'France', null, 'https://perfumeswebstorage.s3.eu-central-1.amazonaws.com/cbb8efd1-f55a-4db3-8511-f0b5b446533d.Creed Love in Black.jpg', 'Rose, Burgundy blackcurrant, Violet', 'Florentine iris, Clove', 'White violet', 'female', 'Love in Black', 'Creed', 89, 'Eau de parfum', '75', 20080, 0)
2025-06-17T16:57:08.661Z DEBUG 2698 --- [           main] o.s.jdbc.datasource.init.ScriptUtils     : 1 returned as update count for SQL: INSERT INTO perfume (id, country, description, filename, fragrance_base_notes, fragrance_middle_notes, fragrance_top_notes, perfume_gender, perfume_title, perfumer, price, type, volume, year, perfume_rating) VALUES (40, 'France', null, 'https://perfumeswebstorage.s3.eu-central-1.amazonaws.com/0f0acb70-dc64-474f-878a-1b214d250d94.CreedLoveinWhite.jpg', 'Ambergris, Mysore sandalwood, Vanilla', 'Florentine iris, Yellow narcissus, Magnolia', 'Orange zest', 'female', 'Love in White', 'Creed', 94, 'Eau de parfum', '75', 20050, 0)
2025-06-17T16:57:08.661Z DEBUG 2698 --- [           main] o.s.jdbc.datasource.init.ScriptUtils     : 1 returned as update count for SQL: INSERT INTO perfume (id, country, description, filename, fragrance_base_notes, fragrance_middle_notes, fragrance_top_notes, perfume_gender, perfume_title, perfumer, price, type, volume, year, perfume_rating) VALUES (41, 'France', null, 'https://perfumeswebstorage.s3.eu-central-1.amazonaws.com/0158183f-2412-4c61-a962-7c96e43c19c3.Dior Fahrenheit.jpg', 'Amber, Leather, Musk', 'Carnation, Honeysuckle, Jasmine', 'Bergamot, Camomile, Lavender, Mandarin orange', 'male', 'Fahrenheit', 'Dior', 62, 'Eau de Toilette', '100', 19880, 0)
2025-06-17T16:57:08.661Z DEBUG 2698 --- [           main] o.s.jdbc.datasource.init.ScriptUtils     : 1 returned as update count for SQL: INSERT INTO perfume (id, country, description, filename, fragrance_base_notes, fragrance_middle_notes, fragrance_top_notes, perfume_gender, perfume_title, perfumer, price, type, volume, year, perfume_rating) VALUES (42, 'France', null, 'https://perfumeswebstorage.s3.eu-central-1.amazonaws.com/27f0b3d3-2634-4e74-971a-f780c4480482.Dior Homme.jpg', 'Virginia cedar', 'Ecuadorian ambrette seed', 'Florentine iris absolute', 'male', 'Homme', 'Dior', 90, 'Eau de parfum', '100', 20070, 0)
2025-06-17T16:57:08.662Z DEBUG 2698 --- [           main] o.s.jdbc.datasource.init.ScriptUtils     : 1 returned as update count for SQL: INSERT INTO perfume (id, country, description, filename, fragrance_base_notes, fragrance_middle_notes, fragrance_top_notes, perfume_gender, perfume_title, perfumer, price, type, volume, year, perfume_rating) VALUES (43, 'France', null, 'https://perfumeswebstorage.s3.eu-central-1.amazonaws.com/03e65b3b-7b1f-400c-9bb8-a8956bdaa4be.Dior Sauvage.jpg', 'Ambroxan', 'Bergamot', 'Sichuan Pepper', 'male', 'Sauvage', 'Dior', 62, 'Eau de Toilette', '100', 20150, 0)
2025-06-17T16:57:08.662Z DEBUG 2698 --- [           main] o.s.jdbc.datasource.init.ScriptUtils     : 1 returned as update count for SQL: INSERT INTO perfume (id, country, description, filename, fragrance_base_notes, fragrance_middle_notes, fragrance_top_notes, perfume_gender, perfume_title, perfumer, price, type, volume, year, perfume_rating) VALUES (44, 'France', null, 'https://perfumeswebstorage.s3.eu-central-1.amazonaws.com/94c85cfd-f090-4d49-b2e9-dcff34eec8c1.Dior Jadore.jpg', 'Vanilla, Cedar, Musk', 'Lily of the valley, Rose, Violet', 'Bergamot, Pear, Melon, Peach', 'female', 'Jadore', 'Dior', 81, 'Eau de parfum', '100', 19990, 0)
2025-06-17T16:57:08.662Z DEBUG 2698 --- [           main] o.s.jdbc.datasource.init.ScriptUtils     : 1 returned as update count for SQL: INSERT INTO perfume (id, country, description, filename, fragrance_base_notes, fragrance_middle_notes, fragrance_top_notes, perfume_gender, perfume_title, perfumer, price, type, volume, year, perfume_rating) VALUES (45, 'France', null, 'https://perfumeswebstorage.s3.eu-central-1.amazonaws.com/85f8de21-24d5-473b-8d63-6ba6c2d4d25e.Dior Miss Dior.jpg', 'Ambergris, Musk, Patchouli', 'Jasmine, Caramel, Popcorn', 'Pineapple, Cherry, Mandarin orange', 'female', 'Miss Dior', 'Dior', 90, 'Eau de parfum', '100', 20110, 0)
2025-06-17T16:57:08.663Z DEBUG 2698 --- [           main] o.s.jdbc.datasource.init.ScriptUtils     : 1 returned as update count for SQL: INSERT INTO perfume (id, country, description, filename, fragrance_base_notes, fragrance_middle_notes, fragrance_top_notes, perfume_gender, perfume_title, perfumer, price, type, volume, year, perfume_rating) VALUES (46, 'France', null, 'https://perfumeswebstorage.s3.eu-central-1.amazonaws.com/63534821-1eb9-4b44-afd3-61c3b8ca4a25.Dior Poison Girl.jpg', 'Venezuelan tonka bean', 'Grasse rose', 'Bitter orange', 'female', 'Poison Girl', 'Dior', 75, 'Eau de parfum', '100', 20160, 0)
2025-06-17T16:57:08.664Z DEBUG 2698 --- [           main] o.s.jdbc.datasource.init.ScriptUtils     : 1 returned as update count for SQL: INSERT INTO review (id, author, date, message, rating) VALUES (123, 'John', '2021-02-07', 'Hello world', 5)
2025-06-17T16:57:08.664Z DEBUG 2698 --- [           main] o.s.jdbc.datasource.init.ScriptUtils     : 1 returned as update count for SQL: INSERT INTO review (id, author, date, message, rating) VALUES (124, 'John2', '2021-02-07', 'Hello world2', 4)
2025-06-17T16:57:08.665Z DEBUG 2698 --- [           main] o.s.jdbc.datasource.init.ScriptUtils     : 1 returned as update count for SQL: INSERT INTO perfume_reviews (perfume_id, reviews_id) VALUES (2, 123)
2025-06-17T16:57:08.665Z DEBUG 2698 --- [           main] o.s.jdbc.datasource.init.ScriptUtils     : 1 returned as update count for SQL: INSERT INTO perfume_reviews (perfume_id, reviews_id) VALUES (2, 124)
2025-06-17T16:57:08.665Z DEBUG 2698 --- [           main] o.s.jdbc.datasource.init.ScriptUtils     : Executed SQL script from class path resource [sql/create-perfumes-before.sql] in 18 ms.
2025-06-17T16:57:08.665Z DEBUG 2698 --- [           main] o.s.orm.jpa.JpaTransactionManager        : Initiating transaction commit
2025-06-17T16:57:08.665Z DEBUG 2698 --- [           main] o.s.orm.jpa.JpaTransactionManager        : Committing JPA transaction on EntityManager [SessionImpl(817251746<open>)]
2025-06-17T16:57:08.666Z DEBUG 2698 --- [           main] o.s.orm.jpa.JpaTransactionManager        : Closing JPA EntityManager [SessionImpl(817251746<open>)] after transaction
2025-06-17T16:57:08.666Z DEBUG 2698 --- [           main] org.springframework.test.context.cache   : Spring test ApplicationContext cache statistics: [DefaultContextCache@46ea1dc size = 1, maxSize = 32, parentContextCount = 0, hitCount = 503, missCount = 1, failureCount = 0]
2025-06-17T16:57:08.666Z DEBUG 2698 --- [           main] org.springframework.test.context.cache   : Spring test ApplicationContext cache statistics: [DefaultContextCache@46ea1dc size = 1, maxSize = 32, parentContextCount = 0, hitCount = 504, missCount = 1, failureCount = 0]
2025-06-17T16:57:08.667Z DEBUG 2698 --- [           main] org.springframework.test.context.cache   : Spring test ApplicationContext cache statistics: [DefaultContextCache@46ea1dc size = 1, maxSize = 32, parentContextCount = 0, hitCount = 505, missCount = 1, failureCount = 0]
2025-06-17T16:57:08.668Z DEBUG 2698 --- [           main] org.springframework.test.context.cache   : Spring test ApplicationContext cache statistics: [DefaultContextCache@46ea1dc size = 1, maxSize = 32, parentContextCount = 0, hitCount = 506, missCount = 1, failureCount = 0]
2025-06-17T16:57:08.669Z DEBUG 2698 --- [           main] o.s.test.util.ReflectionTestUtils        : Invoking method 'getFilters' on target object [FilterChainProxy[Filter Chains: null]] or target class [null] with arguments {org.springframework.mock.web.MockHttpServletRequest@3b757df2}
2025-06-17T16:57:08.669Z DEBUG 2698 --- [           main] o.s.test.util.ReflectionTestUtils        : Getting field 'tokenRepository' from target object [org.springframework.security.web.csrf.CsrfFilter@6bbb8dce] or target class [class org.springframework.security.web.csrf.CsrfFilter]
2025-06-17T16:57:08.669Z DEBUG 2698 --- [           main] o.s.test.util.ReflectionTestUtils        : Invoking method 'getFilters' on target object [FilterChainProxy[Filter Chains: null]] or target class [null] with arguments {org.springframework.mock.web.MockHttpServletRequest@3b757df2}
2025-06-17T16:57:08.669Z DEBUG 2698 --- [           main] o.s.test.util.ReflectionTestUtils        : Getting field 'requestHandler' from target object [org.springframework.security.web.csrf.CsrfFilter@6bbb8dce] or target class [class org.springframework.security.web.csrf.CsrfFilter]
2025-06-17T16:57:08.670Z DEBUG 2698 --- [           main] o.s.security.web.FilterChainProxy        : Securing POST /api/v1/perfumes/search
2025-06-17T16:57:08.673Z DEBUG 2698 --- [           main] o.s.s.w.a.AnonymousAuthenticationFilter  : Set SecurityContextHolder to anonymous SecurityContext
2025-06-17T16:57:08.674Z DEBUG 2698 --- [           main] o.s.security.web.FilterChainProxy        : Secured POST /api/v1/perfumes/search
2025-06-17T16:57:08.674Z DEBUG 2698 --- [           main] o.s.t.web.servlet.TestDispatcherServlet  : POST "/api/v1/perfumes/search", parameters={masked}
2025-06-17T16:57:08.674Z DEBUG 2698 --- [           main] s.w.s.m.m.a.RequestMappingHandlerMapping : Mapped to com.gmail.merikbest2015.ecommerce.controller.PerfumeController#findPerfumesByFilterParams(PerfumeSearchRequest, Pageable)
2025-06-17T16:57:08.674Z DEBUG 2698 --- [           main] o.j.s.OpenEntityManagerInViewInterceptor : Opening JPA EntityManager in OpenEntityManagerInViewInterceptor
2025-06-17T16:57:08.675Z DEBUG 2698 --- [           main] m.m.a.RequestResponseBodyMethodProcessor : Read "application/json;charset=UTF-8" to [PerfumeSearchRequest(perfumers=[Chanel], genders=[female], prices=[1, 1000], sortByPrice=true, perfu (truncated)...]
2025-06-17T16:57:08.676Z  INFO 2698 --- [           main] c.g.m.e.controller.PerfumeController     : Searching perfumes by filter params: PerfumeSearchRequest(perfumers=[Chanel], genders=[female], prices=[1, 1000], sortByPrice=true, perfumer=null, perfumeGender=null) with pageable: Page request [number: 0, size 15, sort: UNSORTED]
2025-06-17T16:57:08.676Z  INFO 2698 --- [           main] c.g.m.e.service.Impl.PerfumeServiceImpl  : Finding perfumes by filter params: perfumers=[Chanel], genders=[female], price range=(1, 1000), sortByPrice=true
CLASS: [PerfumeController], METHOD: [findPerfumesByFilterParams()], REQUEST: PerfumeSearchRequest(perfumers=[Chanel], genders=[female], prices=[1, 1000], sortByPrice=true, perfumer=null, perfumeGender=null)
Page request [number: 0, size 15, sort: UNSORTED]
CLASS: [PerfumeController], METHOD: [findPerfumesByFilterParams()], RESPONSE: <200 OK OK,[com.gmail.merikbest2015.ecommerce.dto.perfume.PerfumeResponse@7ce144fc, com.gmail.merikbest2015.ecommerce.dto.perfume.PerfumeResponse@3a55861e, com.gmail.merikbest2015.ecommerce.dto.perfume.PerfumeResponse@36df0541],[page-total-count:"1", page-total-elements:"3"]>
2025-06-17T16:57:08.689Z DEBUG 2698 --- [           main] o.s.w.s.m.m.a.HttpEntityMethodProcessor  : Using 'application/json', given [*/*] and supported [application/json, application/*+json, application/yaml]
2025-06-17T16:57:08.689Z DEBUG 2698 --- [           main] o.s.w.s.m.m.a.HttpEntityMethodProcessor  : Writing [[com.gmail.merikbest2015.ecommerce.dto.perfume.PerfumeResponse@7ce144fc, com.gmail.merikbest2015.eco (truncated)...]
2025-06-17T16:57:08.690Z DEBUG 2698 --- [           main] o.j.s.OpenEntityManagerInViewInterceptor : Closing JPA EntityManager in OpenEntityManagerInViewInterceptor
2025-06-17T16:57:08.690Z DEBUG 2698 --- [           main] o.s.t.web.servlet.TestDispatcherServlet  : Completed 200 OK
2025-06-17T16:57:08.692Z DEBUG 2698 --- [           main] org.springframework.test.context.cache   : Spring test ApplicationContext cache statistics: [DefaultContextCache@46ea1dc size = 1, maxSize = 32, parentContextCount = 0, hitCount = 507, missCount = 1, failureCount = 0]
2025-06-17T16:57:08.692Z DEBUG 2698 --- [           main] org.springframework.test.context.cache   : Spring test ApplicationContext cache statistics: [DefaultContextCache@46ea1dc size = 1, maxSize = 32, parentContextCount = 0, hitCount = 508, missCount = 1, failureCount = 0]
2025-06-17T16:57:08.693Z DEBUG 2698 --- [           main] org.springframework.test.context.cache   : Spring test ApplicationContext cache statistics: [DefaultContextCache@46ea1dc size = 1, maxSize = 32, parentContextCount = 0, hitCount = 509, missCount = 1, failureCount = 0]
2025-06-17T16:57:08.693Z DEBUG 2698 --- [           main] org.springframework.test.context.cache   : Spring test ApplicationContext cache statistics: [DefaultContextCache@46ea1dc size = 1, maxSize = 32, parentContextCount = 0, hitCount = 510, missCount = 1, failureCount = 0]
2025-06-17T16:57:08.694Z DEBUG 2698 --- [           main] org.springframework.test.context.cache   : Spring test ApplicationContext cache statistics: [DefaultContextCache@46ea1dc size = 1, maxSize = 32, parentContextCount = 0, hitCount = 511, missCount = 1, failureCount = 0]
2025-06-17T16:57:08.694Z DEBUG 2698 --- [           main] org.springframework.test.context.cache   : Spring test ApplicationContext cache statistics: [DefaultContextCache@46ea1dc size = 1, maxSize = 32, parentContextCount = 0, hitCount = 512, missCount = 1, failureCount = 0]
2025-06-17T16:57:08.695Z DEBUG 2698 --- [           main] org.springframework.test.context.cache   : Spring test ApplicationContext cache statistics: [DefaultContextCache@46ea1dc size = 1, maxSize = 32, parentContextCount = 0, hitCount = 513, missCount = 1, failureCount = 0]
2025-06-17T16:57:08.695Z DEBUG 2698 --- [           main] org.springframework.test.context.cache   : Spring test ApplicationContext cache statistics: [DefaultContextCache@46ea1dc size = 1, maxSize = 32, parentContextCount = 0, hitCount = 514, missCount = 1, failureCount = 0]
2025-06-17T16:57:08.695Z DEBUG 2698 --- [           main] .s.t.c.j.SqlScriptsTestExecutionListener : Processing merged @SqlConfig attributes for execution phase [AFTER_TEST_METHOD] and test class [com.gmail.merikbest2015.ecommerce.controller.PerfumeControllerTest]
2025-06-17T16:57:08.695Z DEBUG 2698 --- [           main] org.springframework.test.context.cache   : Spring test ApplicationContext cache statistics: [DefaultContextCache@46ea1dc size = 1, maxSize = 32, parentContextCount = 0, hitCount = 515, missCount = 1, failureCount = 0]
2025-06-17T16:57:08.695Z DEBUG 2698 --- [           main] .s.t.c.j.SqlScriptsTestExecutionListener : Executing SQL scripts: [class path resource [sql/create-perfumes-after.sql]]
2025-06-17T16:57:08.695Z DEBUG 2698 --- [           main] org.springframework.test.context.cache   : Spring test ApplicationContext cache statistics: [DefaultContextCache@46ea1dc size = 1, maxSize = 32, parentContextCount = 0, hitCount = 516, missCount = 1, failureCount = 0]
2025-06-17T16:57:08.695Z DEBUG 2698 --- [           main] org.springframework.test.context.cache   : Spring test ApplicationContext cache statistics: [DefaultContextCache@46ea1dc size = 1, maxSize = 32, parentContextCount = 0, hitCount = 517, missCount = 1, failureCount = 0]
2025-06-17T16:57:08.695Z DEBUG 2698 --- [           main] o.s.orm.jpa.JpaTransactionManager        : Creating new transaction with name [com.gmail.merikbest2015.ecommerce.controller.PerfumeControllerTest]: PROPAGATION_REQUIRED,ISOLATION_DEFAULT
2025-06-17T16:57:08.695Z DEBUG 2698 --- [           main] o.s.orm.jpa.JpaTransactionManager        : Opened new EntityManager [SessionImpl(302084704<open>)] for JPA transaction
2025-06-17T16:57:08.696Z DEBUG 2698 --- [           main] o.s.orm.jpa.JpaTransactionManager        : Exposing JPA transaction as JDBC [org.springframework.orm.jpa.vendor.HibernateJpaDialect$HibernateConnectionHandle@64311278]
2025-06-17T16:57:08.696Z DEBUG 2698 --- [           main] o.s.jdbc.datasource.init.ScriptUtils     : Executing SQL script from class path resource [sql/create-perfumes-after.sql]
2025-06-17T16:57:08.696Z DEBUG 2698 --- [           main] o.s.jdbc.datasource.init.ScriptUtils     : 2 returned as update count for SQL: delete from perfume_reviews
2025-06-17T16:57:08.697Z DEBUG 2698 --- [           main] o.s.jdbc.datasource.init.ScriptUtils     : 2 returned as update count for SQL: delete from review
2025-06-17T16:57:08.697Z DEBUG 2698 --- [           main] o.s.jdbc.datasource.init.ScriptUtils     : 27 returned as update count for SQL: delete from perfume
2025-06-17T16:57:08.698Z DEBUG 2698 --- [           main] o.s.jdbc.datasource.init.ScriptUtils     : Executed SQL script from class path resource [sql/create-perfumes-after.sql] in 2 ms.
2025-06-17T16:57:08.698Z DEBUG 2698 --- [           main] o.s.orm.jpa.JpaTransactionManager        : Initiating transaction commit
2025-06-17T16:57:08.698Z DEBUG 2698 --- [           main] o.s.orm.jpa.JpaTransactionManager        : Committing JPA transaction on EntityManager [SessionImpl(302084704<open>)]
2025-06-17T16:57:08.698Z DEBUG 2698 --- [           main] o.s.orm.jpa.JpaTransactionManager        : Closing JPA EntityManager [SessionImpl(302084704<open>)] after transaction
2025-06-17T16:57:08.698Z DEBUG 2698 --- [           main] .c.s.DirtiesContextTestExecutionListener : After test method: class [PerfumeControllerTest], method [findPerfumesByFilterParams], class annotated with @DirtiesContext [false] with mode [null], method annotated with @DirtiesContext [false] with mode [null]
2025-06-17T16:57:08.698Z DEBUG 2698 --- [           main] ObservationRegistryTestExecutionListener : Restoring ObservationRegistry in ObservationThreadLocalAccessor for test class com.gmail.merikbest2015.ecommerce.controller.PerfumeControllerTest
2025-06-17T16:57:08.698Z DEBUG 2698 --- [           main] o.s.t.c.w.ServletTestExecutionListener   : Resetting RequestContextHolder for test class com.gmail.merikbest2015.ecommerce.controller.PerfumeControllerTest
]]></system-out>
  </testcase>
  <testcase name="getPerfumesByIds" classname="com.gmail.merikbest2015.ecommerce.controller.PerfumeControllerTest" time="0.046">
    <system-out><![CDATA[2025-06-17T16:57:08.700Z DEBUG 2698 --- [           main] org.springframework.test.context.cache   : Spring test ApplicationContext cache statistics: [DefaultContextCache@46ea1dc size = 1, maxSize = 32, parentContextCount = 0, hitCount = 518, missCount = 1, failureCount = 0]
2025-06-17T16:57:08.700Z DEBUG 2698 --- [           main] o.s.t.c.w.ServletTestExecutionListener   : Setting up MockHttpServletRequest, MockHttpServletResponse, ServletWebRequest, and RequestContextHolder for test class com.gmail.merikbest2015.ecommerce.controller.PerfumeControllerTest
2025-06-17T16:57:08.700Z DEBUG 2698 --- [           main] DependencyInjectionTestExecutionListener : Performing dependency injection for test class com.gmail.merikbest2015.ecommerce.controller.PerfumeControllerTest
2025-06-17T16:57:08.700Z DEBUG 2698 --- [           main] org.springframework.test.context.cache   : Spring test ApplicationContext cache statistics: [DefaultContextCache@46ea1dc size = 1, maxSize = 32, parentContextCount = 0, hitCount = 519, missCount = 1, failureCount = 0]
2025-06-17T16:57:08.700Z DEBUG 2698 --- [           main] org.springframework.test.context.cache   : Spring test ApplicationContext cache statistics: [DefaultContextCache@46ea1dc size = 1, maxSize = 32, parentContextCount = 0, hitCount = 520, missCount = 1, failureCount = 0]
2025-06-17T16:57:08.700Z DEBUG 2698 --- [           main] sContextBeforeModesTestExecutionListener : Before test method: class [PerfumeControllerTest], method [getPerfumesByIds], class annotated with @DirtiesContext [false] with mode [null], method annotated with @DirtiesContext [false] with mode [null]
2025-06-17T16:57:08.701Z DEBUG 2698 --- [           main] org.springframework.test.context.cache   : Spring test ApplicationContext cache statistics: [DefaultContextCache@46ea1dc size = 1, maxSize = 32, parentContextCount = 0, hitCount = 521, missCount = 1, failureCount = 0]
2025-06-17T16:57:08.701Z DEBUG 2698 --- [           main] ObservationRegistryTestExecutionListener : Registering ObservationRegistry from ApplicationContext in ObservationThreadLocalAccessor for test class com.gmail.merikbest2015.ecommerce.controller.PerfumeControllerTest
2025-06-17T16:57:08.701Z DEBUG 2698 --- [           main] .s.t.c.j.SqlScriptsTestExecutionListener : Processing merged @SqlConfig attributes for execution phase [BEFORE_TEST_METHOD] and test class [com.gmail.merikbest2015.ecommerce.controller.PerfumeControllerTest]
2025-06-17T16:57:08.701Z DEBUG 2698 --- [           main] org.springframework.test.context.cache   : Spring test ApplicationContext cache statistics: [DefaultContextCache@46ea1dc size = 1, maxSize = 32, parentContextCount = 0, hitCount = 522, missCount = 1, failureCount = 0]
2025-06-17T16:57:08.701Z DEBUG 2698 --- [           main] .s.t.c.j.SqlScriptsTestExecutionListener : Executing SQL scripts: [class path resource [sql/create-perfumes-before.sql]]
2025-06-17T16:57:08.701Z DEBUG 2698 --- [           main] org.springframework.test.context.cache   : Spring test ApplicationContext cache statistics: [DefaultContextCache@46ea1dc size = 1, maxSize = 32, parentContextCount = 0, hitCount = 523, missCount = 1, failureCount = 0]
2025-06-17T16:57:08.701Z DEBUG 2698 --- [           main] org.springframework.test.context.cache   : Spring test ApplicationContext cache statistics: [DefaultContextCache@46ea1dc size = 1, maxSize = 32, parentContextCount = 0, hitCount = 524, missCount = 1, failureCount = 0]
2025-06-17T16:57:08.701Z DEBUG 2698 --- [           main] o.s.orm.jpa.JpaTransactionManager        : Creating new transaction with name [com.gmail.merikbest2015.ecommerce.controller.PerfumeControllerTest]: PROPAGATION_REQUIRED,ISOLATION_DEFAULT
2025-06-17T16:57:08.701Z DEBUG 2698 --- [           main] o.s.orm.jpa.JpaTransactionManager        : Opened new EntityManager [SessionImpl(1014627218<open>)] for JPA transaction
2025-06-17T16:57:08.701Z DEBUG 2698 --- [           main] o.s.orm.jpa.JpaTransactionManager        : Exposing JPA transaction as JDBC [org.springframework.orm.jpa.vendor.HibernateJpaDialect$HibernateConnectionHandle@25f21c0f]
2025-06-17T16:57:08.701Z DEBUG 2698 --- [           main] o.s.jdbc.datasource.init.ScriptUtils     : Executing SQL script from class path resource [sql/create-perfumes-before.sql]
2025-06-17T16:57:08.705Z DEBUG 2698 --- [           main] o.s.jdbc.datasource.init.ScriptUtils     : 1 returned as update count for SQL: INSERT INTO perfume (id, country, description, filename, fragrance_base_notes, fragrance_middle_notes, fragrance_top_notes, perfume_gender, perfume_title, perfumer, price, type, volume, year, perfume_rating) VALUES (1, 'Germany', null, 'https://perfumeswebstorage.s3.eu-central-1.amazonaws.com/4735a4c8-e1fc-43ce-8ff9-0bd28d00ce20.Hugo Boss Boss Bottled Night.jpg', 'Salmwood, Musky notes, Sandalwood', 'Cardamom, Jasmine, African violet', 'Birch leaf, Lavender', 'male', 'Boss Bottled Night', 'Hugo Boss', 35, 'Eau de Toilette', '100', 20100, 0)
2025-06-17T16:57:08.705Z DEBUG 2698 --- [           main] o.s.jdbc.datasource.init.ScriptUtils     : 1 returned as update count for SQL: INSERT INTO perfume (id, country, description, filename, fragrance_base_notes, fragrance_middle_notes, fragrance_top_notes, perfume_gender, perfume_title, perfumer, price, type, volume, year, perfume_rating) VALUES (2, 'Germany', null, 'https://perfumeswebstorage.s3.eu-central-1.amazonaws.com/17d6f8a1-aa84-4823-bd18-ccb0fdbe7fe9.Hugo Boss Hugo Man.jpg', 'Moss, Sandalwood, Fir balsam', 'Carnation, Geranium leaf, Jasmine', 'Basil, Grapefruit, Green apple, Mint', 'male', 'Hugo Man', 'Hugo Boss', 21, 'Eau de Toilette', '75', 19950, 0)
2025-06-17T16:57:08.705Z DEBUG 2698 --- [           main] o.s.jdbc.datasource.init.ScriptUtils     : 1 returned as update count for SQL: INSERT INTO perfume (id, country, description, filename, fragrance_base_notes, fragrance_middle_notes, fragrance_top_notes, perfume_gender, perfume_title, perfumer, price, type, volume, year, perfume_rating) VALUES (3, 'Germany', null, 'https://perfumeswebstorage.s3.eu-central-1.amazonaws.com/ba9272ca-20af-4e41-89b7-24018be4acb1.Hugo Boss The Scent.jpg', 'Leather', 'Maninka fruit, Lavender', 'Ginger', 'male', 'The Scent', 'Hugo Boss', 45, 'Eau de Toilette', '100', 20150, 0)
2025-06-17T16:57:08.706Z DEBUG 2698 --- [           main] o.s.jdbc.datasource.init.ScriptUtils     : 1 returned as update count for SQL: INSERT INTO perfume (id, country, description, filename, fragrance_base_notes, fragrance_middle_notes, fragrance_top_notes, perfume_gender, perfume_title, perfumer, price, type, volume, year, perfume_rating) VALUES (4, 'Germany', null, 'https://perfumeswebstorage.s3.eu-central-1.amazonaws.com/540f8e7d-2259-4a20-becf-4ed5cfc2912e.Hugo Boss Boss Woman.jpg', 'Sandalwood, Cedar', 'Freesia, Violet root', 'Mandarin orange, Mango', 'female', 'Boss Woman', 'Hugo Boss', 26, 'Eau de parfum', '90', 20000, 0)
2025-06-17T16:57:08.706Z DEBUG 2698 --- [           main] o.s.jdbc.datasource.init.ScriptUtils     : 1 returned as update count for SQL: INSERT INTO perfume (id, country, description, filename, fragrance_base_notes, fragrance_middle_notes, fragrance_top_notes, perfume_gender, perfume_title, perfumer, price, type, volume, year, perfume_rating) VALUES (5, 'Germany', null, 'https://perfumeswebstorage.s3.eu-central-1.amazonaws.com/1fb6dd1b-a134-4e6f-8215-60d465d33d72.Hugo Boss Hugo Deep Red.jpg', 'Musk, Sandalwood, Vanilla', 'Freesia, Hibiscus, Ginger', 'Pear, Blood orange, Clementine', 'female', 'Deep Red', 'Hugo Boss', 27, 'Eau de parfum', '90', 20010, 0)
2025-06-17T16:57:08.707Z DEBUG 2698 --- [           main] o.s.jdbc.datasource.init.ScriptUtils     : 1 returned as update count for SQL: INSERT INTO perfume (id, country, description, filename, fragrance_base_notes, fragrance_middle_notes, fragrance_top_notes, perfume_gender, perfume_title, perfumer, price, type, volume, year, perfume_rating) VALUES (6, 'Germany', null, 'https://perfumeswebstorage.s3.eu-central-1.amazonaws.com/62e9bf9b-8fea-4eb2-9935-21e868e1b93d.Hugo Boss The Scent For Her.jpg', 'Roasted cocoa', 'Osmanthus', 'Peach, Freesia', 'female', 'The Scent For Her', 'Hugo Boss', 47, 'Eau de parfum', '100', 20160, 0)
2025-06-17T16:57:08.707Z DEBUG 2698 --- [           main] o.s.jdbc.datasource.init.ScriptUtils     : 1 returned as update count for SQL: INSERT INTO perfume (id, country, description, filename, fragrance_base_notes, fragrance_middle_notes, fragrance_top_notes, perfume_gender, perfume_title, perfumer, price, type, volume, year, perfume_rating) VALUES (26, 'Spain', null, 'https://perfumeswebstorage.s3.eu-central-1.amazonaws.com/6524de16-c086-49fe-a6e5-c9efc35f1a02.Carolina Herrera Bad Boy.jpg', 'Tonka bean, Cocoa absolute', 'Cedarwood, Sage', 'Black pepper, White pepper, Italian bergamot', 'male', 'Bad Boy', 'Carolina Herrera', 76, 'Eau de Toilette', '100', 20190, 0)
2025-06-17T16:57:08.707Z DEBUG 2698 --- [           main] o.s.jdbc.datasource.init.ScriptUtils     : 1 returned as update count for SQL: INSERT INTO perfume (id, country, description, filename, fragrance_base_notes, fragrance_middle_notes, fragrance_top_notes, perfume_gender, perfume_title, perfumer, price, type, volume, year, perfume_rating) VALUES (27, 'Spain', null, 'https://perfumeswebstorage.s3.eu-central-1.amazonaws.com/184c9da2-2445-4b01-87b8-b4f8b5f6ab8c.Carolina Herrera Good Girl.jpg', 'Roasted tonka bean, Cocoa, Sandalwood', 'Tuberose, Bulgarian rose, Jasmine sambac', 'Bergamot, Lemon', 'female', 'Good Girl', 'Carolina Herrera', 156, 'Eau de parfum', '150', 20160, 0)
2025-06-17T16:57:08.708Z DEBUG 2698 --- [           main] o.s.jdbc.datasource.init.ScriptUtils     : 1 returned as update count for SQL: INSERT INTO perfume (id, country, description, filename, fragrance_base_notes, fragrance_middle_notes, fragrance_top_notes, perfume_gender, perfume_title, perfumer, price, type, volume, year, perfume_rating) VALUES (28, 'France', null, 'https://perfumeswebstorage.s3.eu-central-1.amazonaws.com/e31f6d6c-e585-40a4-970c-f25322667924.Chanel Allure homme Sport.jpg', 'Amber, Musk, Tonka bean', 'Neroli, Pepper, Cedar', 'Aldehydes, Mandarin orange, Seawater', 'male', 'Allure homme Sport', 'Chanel', 85, 'Eau de Toilette', '100', 20040, 0)
2025-06-17T16:57:08.708Z DEBUG 2698 --- [           main] o.s.jdbc.datasource.init.ScriptUtils     : 1 returned as update count for SQL: INSERT INTO perfume (id, country, description, filename, fragrance_base_notes, fragrance_middle_notes, fragrance_top_notes, perfume_gender, perfume_title, perfumer, price, type, volume, year, perfume_rating) VALUES (29, 'France', null, 'https://perfumeswebstorage.s3.eu-central-1.amazonaws.com/ac6c7a11-97f8-44b1-9b10-f96997212dd4.Chanel Bleu de Chanel Eau de Parfum.jpg', 'Ginger, Sandalwood, Frankincense', 'Grapefruit, Labdanum, Cedar', 'Pink pepper, Vetiver, Citrus notes', 'male', 'Bleu de Chanel', 'Chanel', 88, 'Eau de parfum', '100', 20140, 0)
2025-06-17T16:57:08.709Z DEBUG 2698 --- [           main] o.s.jdbc.datasource.init.ScriptUtils     : 1 returned as update count for SQL: INSERT INTO perfume (id, country, description, filename, fragrance_base_notes, fragrance_middle_notes, fragrance_top_notes, perfume_gender, perfume_title, perfumer, price, type, volume, year, perfume_rating) VALUES (30, 'France', null, 'https://perfumeswebstorage.s3.eu-central-1.amazonaws.com/7049225c-03bb-45a7-ba6a-86274f8668b9.Chanel Egoiste Platinum.jpg', 'Amber, Oakmoss, Sandalwood', 'Galbanum, Geranium, Jasmine', 'Lavender, Neroli, Petitgrain', 'male', 'Egoiste Platinum', 'Chanel', 70, 'Eau de Toilette', '100', 19930, 0)
2025-06-17T16:57:08.709Z DEBUG 2698 --- [           main] o.s.jdbc.datasource.init.ScriptUtils     : 1 returned as update count for SQL: INSERT INTO perfume (id, country, description, filename, fragrance_base_notes, fragrance_middle_notes, fragrance_top_notes, perfume_gender, perfume_title, perfumer, price, type, volume, year, perfume_rating) VALUES (31, 'France', null, 'https://perfumeswebstorage.s3.eu-central-1.amazonaws.com/bcc4bb2a-907d-4531-9d7f-178c765c5ed3.Chanel Chance Eau Fraiche.jpg', 'Amber, Iris, Musk, Patchouli', 'Jasmine, Pink pepper, Water hyacinth', 'Cedar, Citrus fruits', 'female', 'Chance Eau Fraiche', 'Chanel', 90, 'Eau de Toilette', '100', 20070, 0)
2025-06-17T16:57:08.709Z DEBUG 2698 --- [           main] o.s.jdbc.datasource.init.ScriptUtils     : 1 returned as update count for SQL: INSERT INTO perfume (id, country, description, filename, fragrance_base_notes, fragrance_middle_notes, fragrance_top_notes, perfume_gender, perfume_title, perfumer, price, type, volume, year, perfume_rating) VALUES (32, 'France', null, 'https://perfumeswebstorage.s3.eu-central-1.amazonaws.com/2b5f80ca-e0f3-4e99-b5e4-11ccb9153b00.Chanel Gabrielle Essence.jpg', 'Sandalwood, Vanilla, White musk', 'Tuberose, Jasmine, Ylang-ylang', 'Citrus fruits, Red fruits', 'female', 'Gabrielle Essence', 'Chanel', 104, 'Eau de parfum', '100', 20190, 0)
2025-06-17T16:57:08.710Z DEBUG 2698 --- [           main] o.s.jdbc.datasource.init.ScriptUtils     : 1 returned as update count for SQL: INSERT INTO perfume (id, country, description, filename, fragrance_base_notes, fragrance_middle_notes, fragrance_top_notes, perfume_gender, perfume_title, perfumer, price, type, volume, year, perfume_rating) VALUES (33, 'France', null, 'https://perfumeswebstorage.s3.eu-central-1.amazonaws.com/4b51181b-5551-4321-b5e7-f7612584c9b2.Chanel N5.jpg', 'Amber, Sandalwood, Vanilla', 'Iris, Grasse jasmine', 'Aldehydes, Bergamot, Neroli', 'female', 'Chanel N5', 'Chanel', 192, 'Eau de parfum', '200', 19210, 0)
2025-06-17T16:57:08.710Z DEBUG 2698 --- [           main] o.s.jdbc.datasource.init.ScriptUtils     : 1 returned as update count for SQL: INSERT INTO perfume (id, country, description, filename, fragrance_base_notes, fragrance_middle_notes, fragrance_top_notes, perfume_gender, perfume_title, perfumer, price, type, volume, year, perfume_rating) VALUES (34, 'France', null, 'https://perfumeswebstorage.s3.eu-central-1.amazonaws.com/bdb203a9-0725-4ed4-a71a-db7eeb915fae.Creed Aventus.jpg', 'Ambergris, Oakmoss, Musk', 'Birch, Jasmine, Patchouli', 'Pineapple, Apple, Bergamot, Blackcurrant', 'male', 'Aventus', 'Creed', 152, 'Eau de parfum', '100', 20100, 0)
2025-06-17T16:57:08.710Z DEBUG 2698 --- [           main] o.s.jdbc.datasource.init.ScriptUtils     : 1 returned as update count for SQL: INSERT INTO perfume (id, country, description, filename, fragrance_base_notes, fragrance_middle_notes, fragrance_top_notes, perfume_gender, perfume_title, perfumer, price, type, volume, year, perfume_rating) VALUES (35, 'France', null, 'https://perfumeswebstorage.s3.eu-central-1.amazonaws.com/162cfbe2-2dc2-4271-8a63-23981a7e3cc4.Creed Bois du Portugal.jpg', 'Sandalwood, Vetiver, Ambergris', 'Cedarwood', 'Bergamot, Lavender', 'male', 'Bois du Portugal', 'Creed', 110, 'Eau de parfum', '100', 19870, 0)
2025-06-17T16:57:08.711Z DEBUG 2698 --- [           main] o.s.jdbc.datasource.init.ScriptUtils     : 1 returned as update count for SQL: INSERT INTO perfume (id, country, description, filename, fragrance_base_notes, fragrance_middle_notes, fragrance_top_notes, perfume_gender, perfume_title, perfumer, price, type, volume, year, perfume_rating) VALUES (36, 'France', null, 'https://perfumeswebstorage.s3.eu-central-1.amazonaws.com/1d428b77-0ffd-449f-bcaa-04a094b51de7.Creed Original Vetiver.jpg', 'Ambergris, Sandalwood, Musk, Vetiver', 'White pepper, Coriander, Pink pepper', 'Bergamot, Bitter orange, Mandarin orange', 'male', 'Original Vetiver', 'Creed', 97, 'Eau de parfum', '100', 20040, 0)
2025-06-17T16:57:08.711Z DEBUG 2698 --- [           main] o.s.jdbc.datasource.init.ScriptUtils     : 1 returned as update count for SQL: INSERT INTO perfume (id, country, description, filename, fragrance_base_notes, fragrance_middle_notes, fragrance_top_notes, perfume_gender, perfume_title, perfumer, price, type, volume, year, perfume_rating) VALUES (37, 'France', null, 'https://perfumeswebstorage.s3.eu-central-1.amazonaws.com/5fd3de8e-1022-47a2-ae58-a089a65bd90c.Creed Acqua Fiorentina.jpg', 'Grapefruit, Sandalwood, Cedar', 'Bergamot, Pear, Rose', 'Apple, Prune, Greengage plum', 'female', 'Acqua Fiorentina', 'Creed', 100, 'Eau de parfum', '75', 20090, 0)
2025-06-17T16:57:08.712Z DEBUG 2698 --- [           main] o.s.jdbc.datasource.init.ScriptUtils     : 1 returned as update count for SQL: INSERT INTO perfume (id, country, description, filename, fragrance_base_notes, fragrance_middle_notes, fragrance_top_notes, perfume_gender, perfume_title, perfumer, price, type, volume, year, perfume_rating) VALUES (38, 'France', null, 'https://perfumeswebstorage.s3.eu-central-1.amazonaws.com/7d32f694-9cc3-4770-844a-47400e6f5c6b.Creed Aventus for Her.jpg', 'Peach, Blackcurrant, Ylang-ylang', 'Rose, Styrax, Mysore sandalwood', 'Green apple, Violet leaf, Calabrian bergamot', 'female', 'Aventus for Her', 'Creed', 141, 'Eau de parfum', '75', 20160, 0)
2025-06-17T16:57:08.712Z DEBUG 2698 --- [           main] o.s.jdbc.datasource.init.ScriptUtils     : 1 returned as update count for SQL: INSERT INTO perfume (id, country, description, filename, fragrance_base_notes, fragrance_middle_notes, fragrance_top_notes, perfume_gender, perfume_title, perfumer, price, type, volume, year, perfume_rating) VALUES (39, 'France', null, 'https://perfumeswebstorage.s3.eu-central-1.amazonaws.com/cbb8efd1-f55a-4db3-8511-f0b5b446533d.Creed Love in Black.jpg', 'Rose, Burgundy blackcurrant, Violet', 'Florentine iris, Clove', 'White violet', 'female', 'Love in Black', 'Creed', 89, 'Eau de parfum', '75', 20080, 0)
2025-06-17T16:57:08.712Z DEBUG 2698 --- [           main] o.s.jdbc.datasource.init.ScriptUtils     : 1 returned as update count for SQL: INSERT INTO perfume (id, country, description, filename, fragrance_base_notes, fragrance_middle_notes, fragrance_top_notes, perfume_gender, perfume_title, perfumer, price, type, volume, year, perfume_rating) VALUES (40, 'France', null, 'https://perfumeswebstorage.s3.eu-central-1.amazonaws.com/0f0acb70-dc64-474f-878a-1b214d250d94.CreedLoveinWhite.jpg', 'Ambergris, Mysore sandalwood, Vanilla', 'Florentine iris, Yellow narcissus, Magnolia', 'Orange zest', 'female', 'Love in White', 'Creed', 94, 'Eau de parfum', '75', 20050, 0)
2025-06-17T16:57:08.713Z DEBUG 2698 --- [           main] o.s.jdbc.datasource.init.ScriptUtils     : 1 returned as update count for SQL: INSERT INTO perfume (id, country, description, filename, fragrance_base_notes, fragrance_middle_notes, fragrance_top_notes, perfume_gender, perfume_title, perfumer, price, type, volume, year, perfume_rating) VALUES (41, 'France', null, 'https://perfumeswebstorage.s3.eu-central-1.amazonaws.com/0158183f-2412-4c61-a962-7c96e43c19c3.Dior Fahrenheit.jpg', 'Amber, Leather, Musk', 'Carnation, Honeysuckle, Jasmine', 'Bergamot, Camomile, Lavender, Mandarin orange', 'male', 'Fahrenheit', 'Dior', 62, 'Eau de Toilette', '100', 19880, 0)
2025-06-17T16:57:08.713Z DEBUG 2698 --- [           main] o.s.jdbc.datasource.init.ScriptUtils     : 1 returned as update count for SQL: INSERT INTO perfume (id, country, description, filename, fragrance_base_notes, fragrance_middle_notes, fragrance_top_notes, perfume_gender, perfume_title, perfumer, price, type, volume, year, perfume_rating) VALUES (42, 'France', null, 'https://perfumeswebstorage.s3.eu-central-1.amazonaws.com/27f0b3d3-2634-4e74-971a-f780c4480482.Dior Homme.jpg', 'Virginia cedar', 'Ecuadorian ambrette seed', 'Florentine iris absolute', 'male', 'Homme', 'Dior', 90, 'Eau de parfum', '100', 20070, 0)
2025-06-17T16:57:08.713Z DEBUG 2698 --- [           main] o.s.jdbc.datasource.init.ScriptUtils     : 1 returned as update count for SQL: INSERT INTO perfume (id, country, description, filename, fragrance_base_notes, fragrance_middle_notes, fragrance_top_notes, perfume_gender, perfume_title, perfumer, price, type, volume, year, perfume_rating) VALUES (43, 'France', null, 'https://perfumeswebstorage.s3.eu-central-1.amazonaws.com/03e65b3b-7b1f-400c-9bb8-a8956bdaa4be.Dior Sauvage.jpg', 'Ambroxan', 'Bergamot', 'Sichuan Pepper', 'male', 'Sauvage', 'Dior', 62, 'Eau de Toilette', '100', 20150, 0)
2025-06-17T16:57:08.714Z DEBUG 2698 --- [           main] o.s.jdbc.datasource.init.ScriptUtils     : 1 returned as update count for SQL: INSERT INTO perfume (id, country, description, filename, fragrance_base_notes, fragrance_middle_notes, fragrance_top_notes, perfume_gender, perfume_title, perfumer, price, type, volume, year, perfume_rating) VALUES (44, 'France', null, 'https://perfumeswebstorage.s3.eu-central-1.amazonaws.com/94c85cfd-f090-4d49-b2e9-dcff34eec8c1.Dior Jadore.jpg', 'Vanilla, Cedar, Musk', 'Lily of the valley, Rose, Violet', 'Bergamot, Pear, Melon, Peach', 'female', 'Jadore', 'Dior', 81, 'Eau de parfum', '100', 19990, 0)
2025-06-17T16:57:08.714Z DEBUG 2698 --- [           main] o.s.jdbc.datasource.init.ScriptUtils     : 1 returned as update count for SQL: INSERT INTO perfume (id, country, description, filename, fragrance_base_notes, fragrance_middle_notes, fragrance_top_notes, perfume_gender, perfume_title, perfumer, price, type, volume, year, perfume_rating) VALUES (45, 'France', null, 'https://perfumeswebstorage.s3.eu-central-1.amazonaws.com/85f8de21-24d5-473b-8d63-6ba6c2d4d25e.Dior Miss Dior.jpg', 'Ambergris, Musk, Patchouli', 'Jasmine, Caramel, Popcorn', 'Pineapple, Cherry, Mandarin orange', 'female', 'Miss Dior', 'Dior', 90, 'Eau de parfum', '100', 20110, 0)
2025-06-17T16:57:08.714Z DEBUG 2698 --- [           main] o.s.jdbc.datasource.init.ScriptUtils     : 1 returned as update count for SQL: INSERT INTO perfume (id, country, description, filename, fragrance_base_notes, fragrance_middle_notes, fragrance_top_notes, perfume_gender, perfume_title, perfumer, price, type, volume, year, perfume_rating) VALUES (46, 'France', null, 'https://perfumeswebstorage.s3.eu-central-1.amazonaws.com/63534821-1eb9-4b44-afd3-61c3b8ca4a25.Dior Poison Girl.jpg', 'Venezuelan tonka bean', 'Grasse rose', 'Bitter orange', 'female', 'Poison Girl', 'Dior', 75, 'Eau de parfum', '100', 20160, 0)
2025-06-17T16:57:08.715Z DEBUG 2698 --- [           main] o.s.jdbc.datasource.init.ScriptUtils     : 1 returned as update count for SQL: INSERT INTO review (id, author, date, message, rating) VALUES (123, 'John', '2021-02-07', 'Hello world', 5)
2025-06-17T16:57:08.715Z DEBUG 2698 --- [           main] o.s.jdbc.datasource.init.ScriptUtils     : 1 returned as update count for SQL: INSERT INTO review (id, author, date, message, rating) VALUES (124, 'John2', '2021-02-07', 'Hello world2', 4)
2025-06-17T16:57:08.715Z DEBUG 2698 --- [           main] o.s.jdbc.datasource.init.ScriptUtils     : 1 returned as update count for SQL: INSERT INTO perfume_reviews (perfume_id, reviews_id) VALUES (2, 123)
2025-06-17T16:57:08.716Z DEBUG 2698 --- [           main] o.s.jdbc.datasource.init.ScriptUtils     : 1 returned as update count for SQL: INSERT INTO perfume_reviews (perfume_id, reviews_id) VALUES (2, 124)
2025-06-17T16:57:08.716Z DEBUG 2698 --- [           main] o.s.jdbc.datasource.init.ScriptUtils     : Executed SQL script from class path resource [sql/create-perfumes-before.sql] in 15 ms.
2025-06-17T16:57:08.716Z DEBUG 2698 --- [           main] o.s.orm.jpa.JpaTransactionManager        : Initiating transaction commit
2025-06-17T16:57:08.716Z DEBUG 2698 --- [           main] o.s.orm.jpa.JpaTransactionManager        : Committing JPA transaction on EntityManager [SessionImpl(1014627218<open>)]
2025-06-17T16:57:08.716Z DEBUG 2698 --- [           main] o.s.orm.jpa.JpaTransactionManager        : Closing JPA EntityManager [SessionImpl(1014627218<open>)] after transaction
2025-06-17T16:57:08.717Z DEBUG 2698 --- [           main] org.springframework.test.context.cache   : Spring test ApplicationContext cache statistics: [DefaultContextCache@46ea1dc size = 1, maxSize = 32, parentContextCount = 0, hitCount = 525, missCount = 1, failureCount = 0]
2025-06-17T16:57:08.717Z DEBUG 2698 --- [           main] org.springframework.test.context.cache   : Spring test ApplicationContext cache statistics: [DefaultContextCache@46ea1dc size = 1, maxSize = 32, parentContextCount = 0, hitCount = 526, missCount = 1, failureCount = 0]
2025-06-17T16:57:08.718Z DEBUG 2698 --- [           main] org.springframework.test.context.cache   : Spring test ApplicationContext cache statistics: [DefaultContextCache@46ea1dc size = 1, maxSize = 32, parentContextCount = 0, hitCount = 527, missCount = 1, failureCount = 0]
2025-06-17T16:57:08.719Z DEBUG 2698 --- [           main] org.springframework.test.context.cache   : Spring test ApplicationContext cache statistics: [DefaultContextCache@46ea1dc size = 1, maxSize = 32, parentContextCount = 0, hitCount = 528, missCount = 1, failureCount = 0]
2025-06-17T16:57:08.721Z DEBUG 2698 --- [           main] o.s.test.util.ReflectionTestUtils        : Invoking method 'getFilters' on target object [FilterChainProxy[Filter Chains: null]] or target class [null] with arguments {org.springframework.mock.web.MockHttpServletRequest@5826b990}
2025-06-17T16:57:08.721Z DEBUG 2698 --- [           main] o.s.test.util.ReflectionTestUtils        : Getting field 'tokenRepository' from target object [org.springframework.security.web.csrf.CsrfFilter@6bbb8dce] or target class [class org.springframework.security.web.csrf.CsrfFilter]
2025-06-17T16:57:08.721Z DEBUG 2698 --- [           main] o.s.test.util.ReflectionTestUtils        : Invoking method 'getFilters' on target object [FilterChainProxy[Filter Chains: null]] or target class [null] with arguments {org.springframework.mock.web.MockHttpServletRequest@5826b990}
2025-06-17T16:57:08.721Z DEBUG 2698 --- [           main] o.s.test.util.ReflectionTestUtils        : Getting field 'requestHandler' from target object [org.springframework.security.web.csrf.CsrfFilter@6bbb8dce] or target class [class org.springframework.security.web.csrf.CsrfFilter]
2025-06-17T16:57:08.722Z DEBUG 2698 --- [           main] o.s.security.web.FilterChainProxy        : Securing POST /api/v1/perfumes/ids
2025-06-17T16:57:08.723Z DEBUG 2698 --- [           main] o.s.s.w.a.AnonymousAuthenticationFilter  : Set SecurityContextHolder to anonymous SecurityContext
2025-06-17T16:57:08.723Z DEBUG 2698 --- [           main] o.s.security.web.FilterChainProxy        : Secured POST /api/v1/perfumes/ids
2025-06-17T16:57:08.723Z DEBUG 2698 --- [           main] o.s.t.web.servlet.TestDispatcherServlet  : POST "/api/v1/perfumes/ids", parameters={masked}
2025-06-17T16:57:08.723Z DEBUG 2698 --- [           main] s.w.s.m.m.a.RequestMappingHandlerMapping : Mapped to com.gmail.merikbest2015.ecommerce.controller.PerfumeController#getPerfumesByIds(List)
2025-06-17T16:57:08.723Z DEBUG 2698 --- [           main] o.j.s.OpenEntityManagerInViewInterceptor : Opening JPA EntityManager in OpenEntityManagerInViewInterceptor
2025-06-17T16:57:08.725Z DEBUG 2698 --- [           main] m.m.a.RequestResponseBodyMethodProcessor : Read "application/json;charset=UTF-8" to [[3, 4, 5]]
2025-06-17T16:57:08.725Z  INFO 2698 --- [           main] c.g.m.e.controller.PerfumeController     : Fetching perfumes by IDs: [3, 4, 5]
2025-06-17T16:57:08.725Z  INFO 2698 --- [           main] c.g.m.e.service.Impl.PerfumeServiceImpl  : Fetching perfumes by ids [3, 4, 5]
CLASS: [PerfumeController], METHOD: [getPerfumesByIds()], REQUEST: [3, 4, 5]
CLASS: [PerfumeController], METHOD: [getPerfumesByIds()], RESPONSE: <200 OK OK,[com.gmail.merikbest2015.ecommerce.dto.perfume.PerfumeResponse@151b0fc8, com.gmail.merikbest2015.ecommerce.dto.perfume.PerfumeResponse@2c81962b, com.gmail.merikbest2015.ecommerce.dto.perfume.PerfumeResponse@199ae91f],[]>
2025-06-17T16:57:08.736Z DEBUG 2698 --- [           main] o.s.w.s.m.m.a.HttpEntityMethodProcessor  : Using 'application/json', given [*/*] and supported [application/json, application/*+json, application/yaml]
2025-06-17T16:57:08.736Z DEBUG 2698 --- [           main] o.s.w.s.m.m.a.HttpEntityMethodProcessor  : Writing [[com.gmail.merikbest2015.ecommerce.dto.perfume.PerfumeResponse@151b0fc8, com.gmail.merikbest2015.eco (truncated)...]
2025-06-17T16:57:08.737Z DEBUG 2698 --- [           main] o.j.s.OpenEntityManagerInViewInterceptor : Closing JPA EntityManager in OpenEntityManagerInViewInterceptor
2025-06-17T16:57:08.737Z DEBUG 2698 --- [           main] o.s.t.web.servlet.TestDispatcherServlet  : Completed 200 OK
2025-06-17T16:57:08.739Z DEBUG 2698 --- [           main] org.springframework.test.context.cache   : Spring test ApplicationContext cache statistics: [DefaultContextCache@46ea1dc size = 1, maxSize = 32, parentContextCount = 0, hitCount = 529, missCount = 1, failureCount = 0]
2025-06-17T16:57:08.739Z DEBUG 2698 --- [           main] org.springframework.test.context.cache   : Spring test ApplicationContext cache statistics: [DefaultContextCache@46ea1dc size = 1, maxSize = 32, parentContextCount = 0, hitCount = 530, missCount = 1, failureCount = 0]
2025-06-17T16:57:08.740Z DEBUG 2698 --- [           main] org.springframework.test.context.cache   : Spring test ApplicationContext cache statistics: [DefaultContextCache@46ea1dc size = 1, maxSize = 32, parentContextCount = 0, hitCount = 531, missCount = 1, failureCount = 0]
2025-06-17T16:57:08.740Z DEBUG 2698 --- [           main] org.springframework.test.context.cache   : Spring test ApplicationContext cache statistics: [DefaultContextCache@46ea1dc size = 1, maxSize = 32, parentContextCount = 0, hitCount = 532, missCount = 1, failureCount = 0]
2025-06-17T16:57:08.740Z DEBUG 2698 --- [           main] org.springframework.test.context.cache   : Spring test ApplicationContext cache statistics: [DefaultContextCache@46ea1dc size = 1, maxSize = 32, parentContextCount = 0, hitCount = 533, missCount = 1, failureCount = 0]
2025-06-17T16:57:08.741Z DEBUG 2698 --- [           main] org.springframework.test.context.cache   : Spring test ApplicationContext cache statistics: [DefaultContextCache@46ea1dc size = 1, maxSize = 32, parentContextCount = 0, hitCount = 534, missCount = 1, failureCount = 0]
2025-06-17T16:57:08.741Z DEBUG 2698 --- [           main] org.springframework.test.context.cache   : Spring test ApplicationContext cache statistics: [DefaultContextCache@46ea1dc size = 1, maxSize = 32, parentContextCount = 0, hitCount = 535, missCount = 1, failureCount = 0]
2025-06-17T16:57:08.742Z DEBUG 2698 --- [           main] org.springframework.test.context.cache   : Spring test ApplicationContext cache statistics: [DefaultContextCache@46ea1dc size = 1, maxSize = 32, parentContextCount = 0, hitCount = 536, missCount = 1, failureCount = 0]
2025-06-17T16:57:08.742Z DEBUG 2698 --- [           main] .s.t.c.j.SqlScriptsTestExecutionListener : Processing merged @SqlConfig attributes for execution phase [AFTER_TEST_METHOD] and test class [com.gmail.merikbest2015.ecommerce.controller.PerfumeControllerTest]
2025-06-17T16:57:08.742Z DEBUG 2698 --- [           main] org.springframework.test.context.cache   : Spring test ApplicationContext cache statistics: [DefaultContextCache@46ea1dc size = 1, maxSize = 32, parentContextCount = 0, hitCount = 537, missCount = 1, failureCount = 0]
2025-06-17T16:57:08.742Z DEBUG 2698 --- [           main] .s.t.c.j.SqlScriptsTestExecutionListener : Executing SQL scripts: [class path resource [sql/create-perfumes-after.sql]]
2025-06-17T16:57:08.742Z DEBUG 2698 --- [           main] org.springframework.test.context.cache   : Spring test ApplicationContext cache statistics: [DefaultContextCache@46ea1dc size = 1, maxSize = 32, parentContextCount = 0, hitCount = 538, missCount = 1, failureCount = 0]
2025-06-17T16:57:08.742Z DEBUG 2698 --- [           main] org.springframework.test.context.cache   : Spring test ApplicationContext cache statistics: [DefaultContextCache@46ea1dc size = 1, maxSize = 32, parentContextCount = 0, hitCount = 539, missCount = 1, failureCount = 0]
2025-06-17T16:57:08.742Z DEBUG 2698 --- [           main] o.s.orm.jpa.JpaTransactionManager        : Creating new transaction with name [com.gmail.merikbest2015.ecommerce.controller.PerfumeControllerTest]: PROPAGATION_REQUIRED,ISOLATION_DEFAULT
2025-06-17T16:57:08.742Z DEBUG 2698 --- [           main] o.s.orm.jpa.JpaTransactionManager        : Opened new EntityManager [SessionImpl(2002723098<open>)] for JPA transaction
2025-06-17T16:57:08.742Z DEBUG 2698 --- [           main] o.s.orm.jpa.JpaTransactionManager        : Exposing JPA transaction as JDBC [org.springframework.orm.jpa.vendor.HibernateJpaDialect$HibernateConnectionHandle@3af71576]
2025-06-17T16:57:08.742Z DEBUG 2698 --- [           main] o.s.jdbc.datasource.init.ScriptUtils     : Executing SQL script from class path resource [sql/create-perfumes-after.sql]
2025-06-17T16:57:08.743Z DEBUG 2698 --- [           main] o.s.jdbc.datasource.init.ScriptUtils     : 2 returned as update count for SQL: delete from perfume_reviews
2025-06-17T16:57:08.744Z DEBUG 2698 --- [           main] o.s.jdbc.datasource.init.ScriptUtils     : 2 returned as update count for SQL: delete from review
2025-06-17T16:57:08.745Z DEBUG 2698 --- [           main] o.s.jdbc.datasource.init.ScriptUtils     : 27 returned as update count for SQL: delete from perfume
2025-06-17T16:57:08.745Z DEBUG 2698 --- [           main] o.s.jdbc.datasource.init.ScriptUtils     : Executed SQL script from class path resource [sql/create-perfumes-after.sql] in 3 ms.
2025-06-17T16:57:08.745Z DEBUG 2698 --- [           main] o.s.orm.jpa.JpaTransactionManager        : Initiating transaction commit
2025-06-17T16:57:08.745Z DEBUG 2698 --- [           main] o.s.orm.jpa.JpaTransactionManager        : Committing JPA transaction on EntityManager [SessionImpl(2002723098<open>)]
2025-06-17T16:57:08.745Z DEBUG 2698 --- [           main] o.s.orm.jpa.JpaTransactionManager        : Closing JPA EntityManager [SessionImpl(2002723098<open>)] after transaction
2025-06-17T16:57:08.746Z DEBUG 2698 --- [           main] .c.s.DirtiesContextTestExecutionListener : After test method: class [PerfumeControllerTest], method [getPerfumesByIds], class annotated with @DirtiesContext [false] with mode [null], method annotated with @DirtiesContext [false] with mode [null]
2025-06-17T16:57:08.746Z DEBUG 2698 --- [           main] ObservationRegistryTestExecutionListener : Restoring ObservationRegistry in ObservationThreadLocalAccessor for test class com.gmail.merikbest2015.ecommerce.controller.PerfumeControllerTest
2025-06-17T16:57:08.746Z DEBUG 2698 --- [           main] o.s.t.c.w.ServletTestExecutionListener   : Resetting RequestContextHolder for test class com.gmail.merikbest2015.ecommerce.controller.PerfumeControllerTest
]]></system-out>
  </testcase>
  <testcase name="findByPerfumer" classname="com.gmail.merikbest2015.ecommerce.controller.PerfumeControllerTest" time="0.049">
    <system-out><![CDATA[2025-06-17T16:57:08.747Z DEBUG 2698 --- [           main] org.springframework.test.context.cache   : Spring test ApplicationContext cache statistics: [DefaultContextCache@46ea1dc size = 1, maxSize = 32, parentContextCount = 0, hitCount = 540, missCount = 1, failureCount = 0]
2025-06-17T16:57:08.747Z DEBUG 2698 --- [           main] o.s.t.c.w.ServletTestExecutionListener   : Setting up MockHttpServletRequest, MockHttpServletResponse, ServletWebRequest, and RequestContextHolder for test class com.gmail.merikbest2015.ecommerce.controller.PerfumeControllerTest
2025-06-17T16:57:08.747Z DEBUG 2698 --- [           main] DependencyInjectionTestExecutionListener : Performing dependency injection for test class com.gmail.merikbest2015.ecommerce.controller.PerfumeControllerTest
2025-06-17T16:57:08.747Z DEBUG 2698 --- [           main] org.springframework.test.context.cache   : Spring test ApplicationContext cache statistics: [DefaultContextCache@46ea1dc size = 1, maxSize = 32, parentContextCount = 0, hitCount = 541, missCount = 1, failureCount = 0]
2025-06-17T16:57:08.747Z DEBUG 2698 --- [           main] org.springframework.test.context.cache   : Spring test ApplicationContext cache statistics: [DefaultContextCache@46ea1dc size = 1, maxSize = 32, parentContextCount = 0, hitCount = 542, missCount = 1, failureCount = 0]
2025-06-17T16:57:08.747Z DEBUG 2698 --- [           main] sContextBeforeModesTestExecutionListener : Before test method: class [PerfumeControllerTest], method [findByPerfumer], class annotated with @DirtiesContext [false] with mode [null], method annotated with @DirtiesContext [false] with mode [null]
2025-06-17T16:57:08.747Z DEBUG 2698 --- [           main] org.springframework.test.context.cache   : Spring test ApplicationContext cache statistics: [DefaultContextCache@46ea1dc size = 1, maxSize = 32, parentContextCount = 0, hitCount = 543, missCount = 1, failureCount = 0]
2025-06-17T16:57:08.748Z DEBUG 2698 --- [           main] ObservationRegistryTestExecutionListener : Registering ObservationRegistry from ApplicationContext in ObservationThreadLocalAccessor for test class com.gmail.merikbest2015.ecommerce.controller.PerfumeControllerTest
2025-06-17T16:57:08.748Z DEBUG 2698 --- [           main] .s.t.c.j.SqlScriptsTestExecutionListener : Processing merged @SqlConfig attributes for execution phase [BEFORE_TEST_METHOD] and test class [com.gmail.merikbest2015.ecommerce.controller.PerfumeControllerTest]
2025-06-17T16:57:08.748Z DEBUG 2698 --- [           main] org.springframework.test.context.cache   : Spring test ApplicationContext cache statistics: [DefaultContextCache@46ea1dc size = 1, maxSize = 32, parentContextCount = 0, hitCount = 544, missCount = 1, failureCount = 0]
2025-06-17T16:57:08.748Z DEBUG 2698 --- [           main] .s.t.c.j.SqlScriptsTestExecutionListener : Executing SQL scripts: [class path resource [sql/create-perfumes-before.sql]]
2025-06-17T16:57:08.748Z DEBUG 2698 --- [           main] org.springframework.test.context.cache   : Spring test ApplicationContext cache statistics: [DefaultContextCache@46ea1dc size = 1, maxSize = 32, parentContextCount = 0, hitCount = 545, missCount = 1, failureCount = 0]
2025-06-17T16:57:08.748Z DEBUG 2698 --- [           main] org.springframework.test.context.cache   : Spring test ApplicationContext cache statistics: [DefaultContextCache@46ea1dc size = 1, maxSize = 32, parentContextCount = 0, hitCount = 546, missCount = 1, failureCount = 0]
2025-06-17T16:57:08.748Z DEBUG 2698 --- [           main] o.s.orm.jpa.JpaTransactionManager        : Creating new transaction with name [com.gmail.merikbest2015.ecommerce.controller.PerfumeControllerTest]: PROPAGATION_REQUIRED,ISOLATION_DEFAULT
2025-06-17T16:57:08.748Z DEBUG 2698 --- [           main] o.s.orm.jpa.JpaTransactionManager        : Opened new EntityManager [SessionImpl(1417362575<open>)] for JPA transaction
2025-06-17T16:57:08.748Z DEBUG 2698 --- [           main] o.s.orm.jpa.JpaTransactionManager        : Exposing JPA transaction as JDBC [org.springframework.orm.jpa.vendor.HibernateJpaDialect$HibernateConnectionHandle@5a2290eb]
2025-06-17T16:57:08.748Z DEBUG 2698 --- [           main] o.s.jdbc.datasource.init.ScriptUtils     : Executing SQL script from class path resource [sql/create-perfumes-before.sql]
2025-06-17T16:57:08.750Z DEBUG 2698 --- [           main] o.s.jdbc.datasource.init.ScriptUtils     : 1 returned as update count for SQL: INSERT INTO perfume (id, country, description, filename, fragrance_base_notes, fragrance_middle_notes, fragrance_top_notes, perfume_gender, perfume_title, perfumer, price, type, volume, year, perfume_rating) VALUES (1, 'Germany', null, 'https://perfumeswebstorage.s3.eu-central-1.amazonaws.com/4735a4c8-e1fc-43ce-8ff9-0bd28d00ce20.Hugo Boss Boss Bottled Night.jpg', 'Salmwood, Musky notes, Sandalwood', 'Cardamom, Jasmine, African violet', 'Birch leaf, Lavender', 'male', 'Boss Bottled Night', 'Hugo Boss', 35, 'Eau de Toilette', '100', 20100, 0)
2025-06-17T16:57:08.751Z DEBUG 2698 --- [           main] o.s.jdbc.datasource.init.ScriptUtils     : 1 returned as update count for SQL: INSERT INTO perfume (id, country, description, filename, fragrance_base_notes, fragrance_middle_notes, fragrance_top_notes, perfume_gender, perfume_title, perfumer, price, type, volume, year, perfume_rating) VALUES (2, 'Germany', null, 'https://perfumeswebstorage.s3.eu-central-1.amazonaws.com/17d6f8a1-aa84-4823-bd18-ccb0fdbe7fe9.Hugo Boss Hugo Man.jpg', 'Moss, Sandalwood, Fir balsam', 'Carnation, Geranium leaf, Jasmine', 'Basil, Grapefruit, Green apple, Mint', 'male', 'Hugo Man', 'Hugo Boss', 21, 'Eau de Toilette', '75', 19950, 0)
2025-06-17T16:57:08.751Z DEBUG 2698 --- [           main] o.s.jdbc.datasource.init.ScriptUtils     : 1 returned as update count for SQL: INSERT INTO perfume (id, country, description, filename, fragrance_base_notes, fragrance_middle_notes, fragrance_top_notes, perfume_gender, perfume_title, perfumer, price, type, volume, year, perfume_rating) VALUES (3, 'Germany', null, 'https://perfumeswebstorage.s3.eu-central-1.amazonaws.com/ba9272ca-20af-4e41-89b7-24018be4acb1.Hugo Boss The Scent.jpg', 'Leather', 'Maninka fruit, Lavender', 'Ginger', 'male', 'The Scent', 'Hugo Boss', 45, 'Eau de Toilette', '100', 20150, 0)
2025-06-17T16:57:08.752Z DEBUG 2698 --- [           main] o.s.jdbc.datasource.init.ScriptUtils     : 1 returned as update count for SQL: INSERT INTO perfume (id, country, description, filename, fragrance_base_notes, fragrance_middle_notes, fragrance_top_notes, perfume_gender, perfume_title, perfumer, price, type, volume, year, perfume_rating) VALUES (4, 'Germany', null, 'https://perfumeswebstorage.s3.eu-central-1.amazonaws.com/540f8e7d-2259-4a20-becf-4ed5cfc2912e.Hugo Boss Boss Woman.jpg', 'Sandalwood, Cedar', 'Freesia, Violet root', 'Mandarin orange, Mango', 'female', 'Boss Woman', 'Hugo Boss', 26, 'Eau de parfum', '90', 20000, 0)
2025-06-17T16:57:08.752Z DEBUG 2698 --- [           main] o.s.jdbc.datasource.init.ScriptUtils     : 1 returned as update count for SQL: INSERT INTO perfume (id, country, description, filename, fragrance_base_notes, fragrance_middle_notes, fragrance_top_notes, perfume_gender, perfume_title, perfumer, price, type, volume, year, perfume_rating) VALUES (5, 'Germany', null, 'https://perfumeswebstorage.s3.eu-central-1.amazonaws.com/1fb6dd1b-a134-4e6f-8215-60d465d33d72.Hugo Boss Hugo Deep Red.jpg', 'Musk, Sandalwood, Vanilla', 'Freesia, Hibiscus, Ginger', 'Pear, Blood orange, Clementine', 'female', 'Deep Red', 'Hugo Boss', 27, 'Eau de parfum', '90', 20010, 0)
2025-06-17T16:57:08.753Z DEBUG 2698 --- [           main] o.s.jdbc.datasource.init.ScriptUtils     : 1 returned as update count for SQL: INSERT INTO perfume (id, country, description, filename, fragrance_base_notes, fragrance_middle_notes, fragrance_top_notes, perfume_gender, perfume_title, perfumer, price, type, volume, year, perfume_rating) VALUES (6, 'Germany', null, 'https://perfumeswebstorage.s3.eu-central-1.amazonaws.com/62e9bf9b-8fea-4eb2-9935-21e868e1b93d.Hugo Boss The Scent For Her.jpg', 'Roasted cocoa', 'Osmanthus', 'Peach, Freesia', 'female', 'The Scent For Her', 'Hugo Boss', 47, 'Eau de parfum', '100', 20160, 0)
2025-06-17T16:57:08.753Z DEBUG 2698 --- [           main] o.s.jdbc.datasource.init.ScriptUtils     : 1 returned as update count for SQL: INSERT INTO perfume (id, country, description, filename, fragrance_base_notes, fragrance_middle_notes, fragrance_top_notes, perfume_gender, perfume_title, perfumer, price, type, volume, year, perfume_rating) VALUES (26, 'Spain', null, 'https://perfumeswebstorage.s3.eu-central-1.amazonaws.com/6524de16-c086-49fe-a6e5-c9efc35f1a02.Carolina Herrera Bad Boy.jpg', 'Tonka bean, Cocoa absolute', 'Cedarwood, Sage', 'Black pepper, White pepper, Italian bergamot', 'male', 'Bad Boy', 'Carolina Herrera', 76, 'Eau de Toilette', '100', 20190, 0)
2025-06-17T16:57:08.753Z DEBUG 2698 --- [           main] o.s.jdbc.datasource.init.ScriptUtils     : 1 returned as update count for SQL: INSERT INTO perfume (id, country, description, filename, fragrance_base_notes, fragrance_middle_notes, fragrance_top_notes, perfume_gender, perfume_title, perfumer, price, type, volume, year, perfume_rating) VALUES (27, 'Spain', null, 'https://perfumeswebstorage.s3.eu-central-1.amazonaws.com/184c9da2-2445-4b01-87b8-b4f8b5f6ab8c.Carolina Herrera Good Girl.jpg', 'Roasted tonka bean, Cocoa, Sandalwood', 'Tuberose, Bulgarian rose, Jasmine sambac', 'Bergamot, Lemon', 'female', 'Good Girl', 'Carolina Herrera', 156, 'Eau de parfum', '150', 20160, 0)
2025-06-17T16:57:08.754Z DEBUG 2698 --- [           main] o.s.jdbc.datasource.init.ScriptUtils     : 1 returned as update count for SQL: INSERT INTO perfume (id, country, description, filename, fragrance_base_notes, fragrance_middle_notes, fragrance_top_notes, perfume_gender, perfume_title, perfumer, price, type, volume, year, perfume_rating) VALUES (28, 'France', null, 'https://perfumeswebstorage.s3.eu-central-1.amazonaws.com/e31f6d6c-e585-40a4-970c-f25322667924.Chanel Allure homme Sport.jpg', 'Amber, Musk, Tonka bean', 'Neroli, Pepper, Cedar', 'Aldehydes, Mandarin orange, Seawater', 'male', 'Allure homme Sport', 'Chanel', 85, 'Eau de Toilette', '100', 20040, 0)
2025-06-17T16:57:08.754Z DEBUG 2698 --- [           main] o.s.jdbc.datasource.init.ScriptUtils     : 1 returned as update count for SQL: INSERT INTO perfume (id, country, description, filename, fragrance_base_notes, fragrance_middle_notes, fragrance_top_notes, perfume_gender, perfume_title, perfumer, price, type, volume, year, perfume_rating) VALUES (29, 'France', null, 'https://perfumeswebstorage.s3.eu-central-1.amazonaws.com/ac6c7a11-97f8-44b1-9b10-f96997212dd4.Chanel Bleu de Chanel Eau de Parfum.jpg', 'Ginger, Sandalwood, Frankincense', 'Grapefruit, Labdanum, Cedar', 'Pink pepper, Vetiver, Citrus notes', 'male', 'Bleu de Chanel', 'Chanel', 88, 'Eau de parfum', '100', 20140, 0)
2025-06-17T16:57:08.754Z DEBUG 2698 --- [           main] o.s.jdbc.datasource.init.ScriptUtils     : 1 returned as update count for SQL: INSERT INTO perfume (id, country, description, filename, fragrance_base_notes, fragrance_middle_notes, fragrance_top_notes, perfume_gender, perfume_title, perfumer, price, type, volume, year, perfume_rating) VALUES (30, 'France', null, 'https://perfumeswebstorage.s3.eu-central-1.amazonaws.com/7049225c-03bb-45a7-ba6a-86274f8668b9.Chanel Egoiste Platinum.jpg', 'Amber, Oakmoss, Sandalwood', 'Galbanum, Geranium, Jasmine', 'Lavender, Neroli, Petitgrain', 'male', 'Egoiste Platinum', 'Chanel', 70, 'Eau de Toilette', '100', 19930, 0)
2025-06-17T16:57:08.755Z DEBUG 2698 --- [           main] o.s.jdbc.datasource.init.ScriptUtils     : 1 returned as update count for SQL: INSERT INTO perfume (id, country, description, filename, fragrance_base_notes, fragrance_middle_notes, fragrance_top_notes, perfume_gender, perfume_title, perfumer, price, type, volume, year, perfume_rating) VALUES (31, 'France', null, 'https://perfumeswebstorage.s3.eu-central-1.amazonaws.com/bcc4bb2a-907d-4531-9d7f-178c765c5ed3.Chanel Chance Eau Fraiche.jpg', 'Amber, Iris, Musk, Patchouli', 'Jasmine, Pink pepper, Water hyacinth', 'Cedar, Citrus fruits', 'female', 'Chance Eau Fraiche', 'Chanel', 90, 'Eau de Toilette', '100', 20070, 0)
2025-06-17T16:57:08.755Z DEBUG 2698 --- [           main] o.s.jdbc.datasource.init.ScriptUtils     : 1 returned as update count for SQL: INSERT INTO perfume (id, country, description, filename, fragrance_base_notes, fragrance_middle_notes, fragrance_top_notes, perfume_gender, perfume_title, perfumer, price, type, volume, year, perfume_rating) VALUES (32, 'France', null, 'https://perfumeswebstorage.s3.eu-central-1.amazonaws.com/2b5f80ca-e0f3-4e99-b5e4-11ccb9153b00.Chanel Gabrielle Essence.jpg', 'Sandalwood, Vanilla, White musk', 'Tuberose, Jasmine, Ylang-ylang', 'Citrus fruits, Red fruits', 'female', 'Gabrielle Essence', 'Chanel', 104, 'Eau de parfum', '100', 20190, 0)
2025-06-17T16:57:08.756Z DEBUG 2698 --- [           main] o.s.jdbc.datasource.init.ScriptUtils     : 1 returned as update count for SQL: INSERT INTO perfume (id, country, description, filename, fragrance_base_notes, fragrance_middle_notes, fragrance_top_notes, perfume_gender, perfume_title, perfumer, price, type, volume, year, perfume_rating) VALUES (33, 'France', null, 'https://perfumeswebstorage.s3.eu-central-1.amazonaws.com/4b51181b-5551-4321-b5e7-f7612584c9b2.Chanel N5.jpg', 'Amber, Sandalwood, Vanilla', 'Iris, Grasse jasmine', 'Aldehydes, Bergamot, Neroli', 'female', 'Chanel N5', 'Chanel', 192, 'Eau de parfum', '200', 19210, 0)
2025-06-17T16:57:08.756Z DEBUG 2698 --- [           main] o.s.jdbc.datasource.init.ScriptUtils     : 1 returned as update count for SQL: INSERT INTO perfume (id, country, description, filename, fragrance_base_notes, fragrance_middle_notes, fragrance_top_notes, perfume_gender, perfume_title, perfumer, price, type, volume, year, perfume_rating) VALUES (34, 'France', null, 'https://perfumeswebstorage.s3.eu-central-1.amazonaws.com/bdb203a9-0725-4ed4-a71a-db7eeb915fae.Creed Aventus.jpg', 'Ambergris, Oakmoss, Musk', 'Birch, Jasmine, Patchouli', 'Pineapple, Apple, Bergamot, Blackcurrant', 'male', 'Aventus', 'Creed', 152, 'Eau de parfum', '100', 20100, 0)
2025-06-17T16:57:08.756Z DEBUG 2698 --- [           main] o.s.jdbc.datasource.init.ScriptUtils     : 1 returned as update count for SQL: INSERT INTO perfume (id, country, description, filename, fragrance_base_notes, fragrance_middle_notes, fragrance_top_notes, perfume_gender, perfume_title, perfumer, price, type, volume, year, perfume_rating) VALUES (35, 'France', null, 'https://perfumeswebstorage.s3.eu-central-1.amazonaws.com/162cfbe2-2dc2-4271-8a63-23981a7e3cc4.Creed Bois du Portugal.jpg', 'Sandalwood, Vetiver, Ambergris', 'Cedarwood', 'Bergamot, Lavender', 'male', 'Bois du Portugal', 'Creed', 110, 'Eau de parfum', '100', 19870, 0)
2025-06-17T16:57:08.757Z DEBUG 2698 --- [           main] o.s.jdbc.datasource.init.ScriptUtils     : 1 returned as update count for SQL: INSERT INTO perfume (id, country, description, filename, fragrance_base_notes, fragrance_middle_notes, fragrance_top_notes, perfume_gender, perfume_title, perfumer, price, type, volume, year, perfume_rating) VALUES (36, 'France', null, 'https://perfumeswebstorage.s3.eu-central-1.amazonaws.com/1d428b77-0ffd-449f-bcaa-04a094b51de7.Creed Original Vetiver.jpg', 'Ambergris, Sandalwood, Musk, Vetiver', 'White pepper, Coriander, Pink pepper', 'Bergamot, Bitter orange, Mandarin orange', 'male', 'Original Vetiver', 'Creed', 97, 'Eau de parfum', '100', 20040, 0)
2025-06-17T16:57:08.757Z DEBUG 2698 --- [           main] o.s.jdbc.datasource.init.ScriptUtils     : 1 returned as update count for SQL: INSERT INTO perfume (id, country, description, filename, fragrance_base_notes, fragrance_middle_notes, fragrance_top_notes, perfume_gender, perfume_title, perfumer, price, type, volume, year, perfume_rating) VALUES (37, 'France', null, 'https://perfumeswebstorage.s3.eu-central-1.amazonaws.com/5fd3de8e-1022-47a2-ae58-a089a65bd90c.Creed Acqua Fiorentina.jpg', 'Grapefruit, Sandalwood, Cedar', 'Bergamot, Pear, Rose', 'Apple, Prune, Greengage plum', 'female', 'Acqua Fiorentina', 'Creed', 100, 'Eau de parfum', '75', 20090, 0)
2025-06-17T16:57:08.758Z DEBUG 2698 --- [           main] o.s.jdbc.datasource.init.ScriptUtils     : 1 returned as update count for SQL: INSERT INTO perfume (id, country, description, filename, fragrance_base_notes, fragrance_middle_notes, fragrance_top_notes, perfume_gender, perfume_title, perfumer, price, type, volume, year, perfume_rating) VALUES (38, 'France', null, 'https://perfumeswebstorage.s3.eu-central-1.amazonaws.com/7d32f694-9cc3-4770-844a-47400e6f5c6b.Creed Aventus for Her.jpg', 'Peach, Blackcurrant, Ylang-ylang', 'Rose, Styrax, Mysore sandalwood', 'Green apple, Violet leaf, Calabrian bergamot', 'female', 'Aventus for Her', 'Creed', 141, 'Eau de parfum', '75', 20160, 0)
2025-06-17T16:57:08.758Z DEBUG 2698 --- [           main] o.s.jdbc.datasource.init.ScriptUtils     : 1 returned as update count for SQL: INSERT INTO perfume (id, country, description, filename, fragrance_base_notes, fragrance_middle_notes, fragrance_top_notes, perfume_gender, perfume_title, perfumer, price, type, volume, year, perfume_rating) VALUES (39, 'France', null, 'https://perfumeswebstorage.s3.eu-central-1.amazonaws.com/cbb8efd1-f55a-4db3-8511-f0b5b446533d.Creed Love in Black.jpg', 'Rose, Burgundy blackcurrant, Violet', 'Florentine iris, Clove', 'White violet', 'female', 'Love in Black', 'Creed', 89, 'Eau de parfum', '75', 20080, 0)
2025-06-17T16:57:08.758Z DEBUG 2698 --- [           main] o.s.jdbc.datasource.init.ScriptUtils     : 1 returned as update count for SQL: INSERT INTO perfume (id, country, description, filename, fragrance_base_notes, fragrance_middle_notes, fragrance_top_notes, perfume_gender, perfume_title, perfumer, price, type, volume, year, perfume_rating) VALUES (40, 'France', null, 'https://perfumeswebstorage.s3.eu-central-1.amazonaws.com/0f0acb70-dc64-474f-878a-1b214d250d94.CreedLoveinWhite.jpg', 'Ambergris, Mysore sandalwood, Vanilla', 'Florentine iris, Yellow narcissus, Magnolia', 'Orange zest', 'female', 'Love in White', 'Creed', 94, 'Eau de parfum', '75', 20050, 0)
2025-06-17T16:57:08.759Z DEBUG 2698 --- [           main] o.s.jdbc.datasource.init.ScriptUtils     : 1 returned as update count for SQL: INSERT INTO perfume (id, country, description, filename, fragrance_base_notes, fragrance_middle_notes, fragrance_top_notes, perfume_gender, perfume_title, perfumer, price, type, volume, year, perfume_rating) VALUES (41, 'France', null, 'https://perfumeswebstorage.s3.eu-central-1.amazonaws.com/0158183f-2412-4c61-a962-7c96e43c19c3.Dior Fahrenheit.jpg', 'Amber, Leather, Musk', 'Carnation, Honeysuckle, Jasmine', 'Bergamot, Camomile, Lavender, Mandarin orange', 'male', 'Fahrenheit', 'Dior', 62, 'Eau de Toilette', '100', 19880, 0)
2025-06-17T16:57:08.759Z DEBUG 2698 --- [           main] o.s.jdbc.datasource.init.ScriptUtils     : 1 returned as update count for SQL: INSERT INTO perfume (id, country, description, filename, fragrance_base_notes, fragrance_middle_notes, fragrance_top_notes, perfume_gender, perfume_title, perfumer, price, type, volume, year, perfume_rating) VALUES (42, 'France', null, 'https://perfumeswebstorage.s3.eu-central-1.amazonaws.com/27f0b3d3-2634-4e74-971a-f780c4480482.Dior Homme.jpg', 'Virginia cedar', 'Ecuadorian ambrette seed', 'Florentine iris absolute', 'male', 'Homme', 'Dior', 90, 'Eau de parfum', '100', 20070, 0)
2025-06-17T16:57:08.760Z DEBUG 2698 --- [           main] o.s.jdbc.datasource.init.ScriptUtils     : 1 returned as update count for SQL: INSERT INTO perfume (id, country, description, filename, fragrance_base_notes, fragrance_middle_notes, fragrance_top_notes, perfume_gender, perfume_title, perfumer, price, type, volume, year, perfume_rating) VALUES (43, 'France', null, 'https://perfumeswebstorage.s3.eu-central-1.amazonaws.com/03e65b3b-7b1f-400c-9bb8-a8956bdaa4be.Dior Sauvage.jpg', 'Ambroxan', 'Bergamot', 'Sichuan Pepper', 'male', 'Sauvage', 'Dior', 62, 'Eau de Toilette', '100', 20150, 0)
2025-06-17T16:57:08.760Z DEBUG 2698 --- [           main] o.s.jdbc.datasource.init.ScriptUtils     : 1 returned as update count for SQL: INSERT INTO perfume (id, country, description, filename, fragrance_base_notes, fragrance_middle_notes, fragrance_top_notes, perfume_gender, perfume_title, perfumer, price, type, volume, year, perfume_rating) VALUES (44, 'France', null, 'https://perfumeswebstorage.s3.eu-central-1.amazonaws.com/94c85cfd-f090-4d49-b2e9-dcff34eec8c1.Dior Jadore.jpg', 'Vanilla, Cedar, Musk', 'Lily of the valley, Rose, Violet', 'Bergamot, Pear, Melon, Peach', 'female', 'Jadore', 'Dior', 81, 'Eau de parfum', '100', 19990, 0)
2025-06-17T16:57:08.760Z DEBUG 2698 --- [           main] o.s.jdbc.datasource.init.ScriptUtils     : 1 returned as update count for SQL: INSERT INTO perfume (id, country, description, filename, fragrance_base_notes, fragrance_middle_notes, fragrance_top_notes, perfume_gender, perfume_title, perfumer, price, type, volume, year, perfume_rating) VALUES (45, 'France', null, 'https://perfumeswebstorage.s3.eu-central-1.amazonaws.com/85f8de21-24d5-473b-8d63-6ba6c2d4d25e.Dior Miss Dior.jpg', 'Ambergris, Musk, Patchouli', 'Jasmine, Caramel, Popcorn', 'Pineapple, Cherry, Mandarin orange', 'female', 'Miss Dior', 'Dior', 90, 'Eau de parfum', '100', 20110, 0)
2025-06-17T16:57:08.761Z DEBUG 2698 --- [           main] o.s.jdbc.datasource.init.ScriptUtils     : 1 returned as update count for SQL: INSERT INTO perfume (id, country, description, filename, fragrance_base_notes, fragrance_middle_notes, fragrance_top_notes, perfume_gender, perfume_title, perfumer, price, type, volume, year, perfume_rating) VALUES (46, 'France', null, 'https://perfumeswebstorage.s3.eu-central-1.amazonaws.com/63534821-1eb9-4b44-afd3-61c3b8ca4a25.Dior Poison Girl.jpg', 'Venezuelan tonka bean', 'Grasse rose', 'Bitter orange', 'female', 'Poison Girl', 'Dior', 75, 'Eau de parfum', '100', 20160, 0)
2025-06-17T16:57:08.761Z DEBUG 2698 --- [           main] o.s.jdbc.datasource.init.ScriptUtils     : 1 returned as update count for SQL: INSERT INTO review (id, author, date, message, rating) VALUES (123, 'John', '2021-02-07', 'Hello world', 5)
2025-06-17T16:57:08.761Z DEBUG 2698 --- [           main] o.s.jdbc.datasource.init.ScriptUtils     : 1 returned as update count for SQL: INSERT INTO review (id, author, date, message, rating) VALUES (124, 'John2', '2021-02-07', 'Hello world2', 4)
2025-06-17T16:57:08.762Z DEBUG 2698 --- [           main] o.s.jdbc.datasource.init.ScriptUtils     : 1 returned as update count for SQL: INSERT INTO perfume_reviews (perfume_id, reviews_id) VALUES (2, 123)
2025-06-17T16:57:08.762Z DEBUG 2698 --- [           main] o.s.jdbc.datasource.init.ScriptUtils     : 1 returned as update count for SQL: INSERT INTO perfume_reviews (perfume_id, reviews_id) VALUES (2, 124)
2025-06-17T16:57:08.762Z DEBUG 2698 --- [           main] o.s.jdbc.datasource.init.ScriptUtils     : Executed SQL script from class path resource [sql/create-perfumes-before.sql] in 14 ms.
2025-06-17T16:57:08.762Z DEBUG 2698 --- [           main] o.s.orm.jpa.JpaTransactionManager        : Initiating transaction commit
2025-06-17T16:57:08.762Z DEBUG 2698 --- [           main] o.s.orm.jpa.JpaTransactionManager        : Committing JPA transaction on EntityManager [SessionImpl(1417362575<open>)]
2025-06-17T16:57:08.763Z DEBUG 2698 --- [           main] o.s.orm.jpa.JpaTransactionManager        : Closing JPA EntityManager [SessionImpl(1417362575<open>)] after transaction
2025-06-17T16:57:08.763Z DEBUG 2698 --- [           main] org.springframework.test.context.cache   : Spring test ApplicationContext cache statistics: [DefaultContextCache@46ea1dc size = 1, maxSize = 32, parentContextCount = 0, hitCount = 547, missCount = 1, failureCount = 0]
2025-06-17T16:57:08.763Z DEBUG 2698 --- [           main] org.springframework.test.context.cache   : Spring test ApplicationContext cache statistics: [DefaultContextCache@46ea1dc size = 1, maxSize = 32, parentContextCount = 0, hitCount = 548, missCount = 1, failureCount = 0]
2025-06-17T16:57:08.765Z DEBUG 2698 --- [           main] org.springframework.test.context.cache   : Spring test ApplicationContext cache statistics: [DefaultContextCache@46ea1dc size = 1, maxSize = 32, parentContextCount = 0, hitCount = 549, missCount = 1, failureCount = 0]
2025-06-17T16:57:08.769Z DEBUG 2698 --- [           main] org.springframework.test.context.cache   : Spring test ApplicationContext cache statistics: [DefaultContextCache@46ea1dc size = 1, maxSize = 32, parentContextCount = 0, hitCount = 550, missCount = 1, failureCount = 0]
2025-06-17T16:57:08.769Z DEBUG 2698 --- [           main] o.s.test.util.ReflectionTestUtils        : Invoking method 'getFilters' on target object [FilterChainProxy[Filter Chains: null]] or target class [null] with arguments {org.springframework.mock.web.MockHttpServletRequest@7d58fc2a}
2025-06-17T16:57:08.769Z DEBUG 2698 --- [           main] o.s.test.util.ReflectionTestUtils        : Getting field 'tokenRepository' from target object [org.springframework.security.web.csrf.CsrfFilter@6bbb8dce] or target class [class org.springframework.security.web.csrf.CsrfFilter]
2025-06-17T16:57:08.769Z DEBUG 2698 --- [           main] o.s.test.util.ReflectionTestUtils        : Invoking method 'getFilters' on target object [FilterChainProxy[Filter Chains: null]] or target class [null] with arguments {org.springframework.mock.web.MockHttpServletRequest@7d58fc2a}
2025-06-17T16:57:08.769Z DEBUG 2698 --- [           main] o.s.test.util.ReflectionTestUtils        : Getting field 'requestHandler' from target object [org.springframework.security.web.csrf.CsrfFilter@6bbb8dce] or target class [class org.springframework.security.web.csrf.CsrfFilter]
2025-06-17T16:57:08.770Z DEBUG 2698 --- [           main] o.s.security.web.FilterChainProxy        : Securing POST /api/v1/perfumes/search/perfumer
2025-06-17T16:57:08.772Z DEBUG 2698 --- [           main] o.s.s.w.a.AnonymousAuthenticationFilter  : Set SecurityContextHolder to anonymous SecurityContext
2025-06-17T16:57:08.772Z DEBUG 2698 --- [           main] o.s.security.web.FilterChainProxy        : Secured POST /api/v1/perfumes/search/perfumer
2025-06-17T16:57:08.772Z DEBUG 2698 --- [           main] o.s.t.web.servlet.TestDispatcherServlet  : POST "/api/v1/perfumes/search/perfumer", parameters={masked}
2025-06-17T16:57:08.773Z DEBUG 2698 --- [           main] s.w.s.m.m.a.RequestMappingHandlerMapping : Mapped to com.gmail.merikbest2015.ecommerce.controller.PerfumeController#findByPerfumer(PerfumeSearchRequest)
2025-06-17T16:57:08.773Z DEBUG 2698 --- [           main] o.j.s.OpenEntityManagerInViewInterceptor : Opening JPA EntityManager in OpenEntityManagerInViewInterceptor
2025-06-17T16:57:08.773Z DEBUG 2698 --- [           main] m.m.a.RequestResponseBodyMethodProcessor : Read "application/json;charset=UTF-8" to [PerfumeSearchRequest(perfumers=null, genders=null, prices=null, sortByPrice=null, perfumer=Chanel, p (truncated)...]
2025-06-17T16:57:08.774Z  INFO 2698 --- [           main] c.g.m.e.controller.PerfumeController     : Searching perfumes by perfumer: Chanel
2025-06-17T16:57:08.774Z  INFO 2698 --- [           main] c.g.m.e.service.Impl.PerfumeServiceImpl  : Finding perfumes by perfumer: Chanel
CLASS: [PerfumeController], METHOD: [findByPerfumer()], REQUEST: PerfumeSearchRequest(perfumers=null, genders=null, prices=null, sortByPrice=null, perfumer=Chanel, perfumeGender=null)
CLASS: [PerfumeController], METHOD: [findByPerfumer()], RESPONSE: <200 OK OK,[com.gmail.merikbest2015.ecommerce.dto.perfume.PerfumeResponse@490393e6, com.gmail.merikbest2015.ecommerce.dto.perfume.PerfumeResponse@796efd3a, com.gmail.merikbest2015.ecommerce.dto.perfume.PerfumeResponse@617c8b14, com.gmail.merikbest2015.ecommerce.dto.perfume.PerfumeResponse@61982408, com.gmail.merikbest2015.ecommerce.dto.perfume.PerfumeResponse@34d1177e, com.gmail.merikbest2015.ecommerce.dto.perfume.PerfumeResponse@3ad8abf3],[]>
2025-06-17T16:57:08.782Z DEBUG 2698 --- [           main] o.s.w.s.m.m.a.HttpEntityMethodProcessor  : Using 'application/json', given [*/*] and supported [application/json, application/*+json, application/yaml]
2025-06-17T16:57:08.782Z DEBUG 2698 --- [           main] o.s.w.s.m.m.a.HttpEntityMethodProcessor  : Writing [[com.gmail.merikbest2015.ecommerce.dto.perfume.PerfumeResponse@490393e6, com.gmail.merikbest2015.eco (truncated)...]
2025-06-17T16:57:08.782Z DEBUG 2698 --- [           main] o.j.s.OpenEntityManagerInViewInterceptor : Closing JPA EntityManager in OpenEntityManagerInViewInterceptor
2025-06-17T16:57:08.783Z DEBUG 2698 --- [           main] o.s.t.web.servlet.TestDispatcherServlet  : Completed 200 OK
2025-06-17T16:57:08.785Z DEBUG 2698 --- [           main] org.springframework.test.context.cache   : Spring test ApplicationContext cache statistics: [DefaultContextCache@46ea1dc size = 1, maxSize = 32, parentContextCount = 0, hitCount = 551, missCount = 1, failureCount = 0]
2025-06-17T16:57:08.785Z DEBUG 2698 --- [           main] org.springframework.test.context.cache   : Spring test ApplicationContext cache statistics: [DefaultContextCache@46ea1dc size = 1, maxSize = 32, parentContextCount = 0, hitCount = 552, missCount = 1, failureCount = 0]
2025-06-17T16:57:08.787Z DEBUG 2698 --- [           main] org.springframework.test.context.cache   : Spring test ApplicationContext cache statistics: [DefaultContextCache@46ea1dc size = 1, maxSize = 32, parentContextCount = 0, hitCount = 553, missCount = 1, failureCount = 0]
2025-06-17T16:57:08.787Z DEBUG 2698 --- [           main] org.springframework.test.context.cache   : Spring test ApplicationContext cache statistics: [DefaultContextCache@46ea1dc size = 1, maxSize = 32, parentContextCount = 0, hitCount = 554, missCount = 1, failureCount = 0]
2025-06-17T16:57:08.787Z DEBUG 2698 --- [           main] org.springframework.test.context.cache   : Spring test ApplicationContext cache statistics: [DefaultContextCache@46ea1dc size = 1, maxSize = 32, parentContextCount = 0, hitCount = 555, missCount = 1, failureCount = 0]
2025-06-17T16:57:08.787Z DEBUG 2698 --- [           main] org.springframework.test.context.cache   : Spring test ApplicationContext cache statistics: [DefaultContextCache@46ea1dc size = 1, maxSize = 32, parentContextCount = 0, hitCount = 556, missCount = 1, failureCount = 0]
2025-06-17T16:57:08.788Z DEBUG 2698 --- [           main] org.springframework.test.context.cache   : Spring test ApplicationContext cache statistics: [DefaultContextCache@46ea1dc size = 1, maxSize = 32, parentContextCount = 0, hitCount = 557, missCount = 1, failureCount = 0]
2025-06-17T16:57:08.788Z DEBUG 2698 --- [           main] org.springframework.test.context.cache   : Spring test ApplicationContext cache statistics: [DefaultContextCache@46ea1dc size = 1, maxSize = 32, parentContextCount = 0, hitCount = 558, missCount = 1, failureCount = 0]
2025-06-17T16:57:08.789Z DEBUG 2698 --- [           main] .s.t.c.j.SqlScriptsTestExecutionListener : Processing merged @SqlConfig attributes for execution phase [AFTER_TEST_METHOD] and test class [com.gmail.merikbest2015.ecommerce.controller.PerfumeControllerTest]
2025-06-17T16:57:08.789Z DEBUG 2698 --- [           main] org.springframework.test.context.cache   : Spring test ApplicationContext cache statistics: [DefaultContextCache@46ea1dc size = 1, maxSize = 32, parentContextCount = 0, hitCount = 559, missCount = 1, failureCount = 0]
2025-06-17T16:57:08.789Z DEBUG 2698 --- [           main] .s.t.c.j.SqlScriptsTestExecutionListener : Executing SQL scripts: [class path resource [sql/create-perfumes-after.sql]]
2025-06-17T16:57:08.789Z DEBUG 2698 --- [           main] org.springframework.test.context.cache   : Spring test ApplicationContext cache statistics: [DefaultContextCache@46ea1dc size = 1, maxSize = 32, parentContextCount = 0, hitCount = 560, missCount = 1, failureCount = 0]
2025-06-17T16:57:08.789Z DEBUG 2698 --- [           main] org.springframework.test.context.cache   : Spring test ApplicationContext cache statistics: [DefaultContextCache@46ea1dc size = 1, maxSize = 32, parentContextCount = 0, hitCount = 561, missCount = 1, failureCount = 0]
2025-06-17T16:57:08.789Z DEBUG 2698 --- [           main] o.s.orm.jpa.JpaTransactionManager        : Creating new transaction with name [com.gmail.merikbest2015.ecommerce.controller.PerfumeControllerTest]: PROPAGATION_REQUIRED,ISOLATION_DEFAULT
2025-06-17T16:57:08.789Z DEBUG 2698 --- [           main] o.s.orm.jpa.JpaTransactionManager        : Opened new EntityManager [SessionImpl(1064936343<open>)] for JPA transaction
2025-06-17T16:57:08.789Z DEBUG 2698 --- [           main] o.s.orm.jpa.JpaTransactionManager        : Exposing JPA transaction as JDBC [org.springframework.orm.jpa.vendor.HibernateJpaDialect$HibernateConnectionHandle@1f616814]
2025-06-17T16:57:08.789Z DEBUG 2698 --- [           main] o.s.jdbc.datasource.init.ScriptUtils     : Executing SQL script from class path resource [sql/create-perfumes-after.sql]
2025-06-17T16:57:08.790Z DEBUG 2698 --- [           main] o.s.jdbc.datasource.init.ScriptUtils     : 2 returned as update count for SQL: delete from perfume_reviews
2025-06-17T16:57:08.791Z DEBUG 2698 --- [           main] o.s.jdbc.datasource.init.ScriptUtils     : 2 returned as update count for SQL: delete from review
2025-06-17T16:57:08.792Z DEBUG 2698 --- [           main] o.s.jdbc.datasource.init.ScriptUtils     : 27 returned as update count for SQL: delete from perfume
2025-06-17T16:57:08.792Z DEBUG 2698 --- [           main] o.s.jdbc.datasource.init.ScriptUtils     : Executed SQL script from class path resource [sql/create-perfumes-after.sql] in 3 ms.
2025-06-17T16:57:08.792Z DEBUG 2698 --- [           main] o.s.orm.jpa.JpaTransactionManager        : Initiating transaction commit
2025-06-17T16:57:08.792Z DEBUG 2698 --- [           main] o.s.orm.jpa.JpaTransactionManager        : Committing JPA transaction on EntityManager [SessionImpl(1064936343<open>)]
2025-06-17T16:57:08.795Z DEBUG 2698 --- [           main] o.s.orm.jpa.JpaTransactionManager        : Closing JPA EntityManager [SessionImpl(1064936343<open>)] after transaction
2025-06-17T16:57:08.795Z DEBUG 2698 --- [           main] .c.s.DirtiesContextTestExecutionListener : After test method: class [PerfumeControllerTest], method [findByPerfumer], class annotated with @DirtiesContext [false] with mode [null], method annotated with @DirtiesContext [false] with mode [null]
2025-06-17T16:57:08.795Z DEBUG 2698 --- [           main] ObservationRegistryTestExecutionListener : Restoring ObservationRegistry in ObservationThreadLocalAccessor for test class com.gmail.merikbest2015.ecommerce.controller.PerfumeControllerTest
2025-06-17T16:57:08.795Z DEBUG 2698 --- [           main] o.s.t.c.w.ServletTestExecutionListener   : Resetting RequestContextHolder for test class com.gmail.merikbest2015.ecommerce.controller.PerfumeControllerTest
]]></system-out>
  </testcase>
</testsuite>