<?xml version="1.0" encoding="UTF-8"?>
<testsuite xmlns:xsi="http://www.w3.org/2001/XMLSchema-instance" xsi:noNamespaceSchemaLocation="https://maven.apache.org/surefire/maven-failsafe-plugin/xsd/failsafe-test-report-3.0.xsd" version="3.0" name="com.gmail.merikbest2015.ecommerce.controller.AuthenticationControllerTest" time="0.752" tests="9" errors="0" skipped="0" failures="0">
  <properties>
    <property name="java.specification.version" value="17"/>
    <property name="sun.jnu.encoding" value="UTF-8"/>
    <property name="java.class.path" value="/home/runner/work/desofs2025_wed_nap_1/desofs2025_wed_nap_1/target/test-classes:/home/runner/work/desofs2025_wed_nap_1/desofs2025_wed_nap_1/target/classes:/home/runner/.m2/repository/org/springframework/boot/spring-boot-starter-web/3.5.0/spring-boot-starter-web-3.5.0.jar:/home/runner/.m2/repository/org/springframework/boot/spring-boot-starter/3.5.0/spring-boot-starter-3.5.0.jar:/home/runner/.m2/repository/org/springframework/boot/spring-boot-starter-logging/3.5.0/spring-boot-starter-logging-3.5.0.jar:/home/runner/.m2/repository/org/apache/logging/log4j/log4j-to-slf4j/2.24.3/log4j-to-slf4j-2.24.3.jar:/home/runner/.m2/repository/org/apache/logging/log4j/log4j-api/2.24.3/log4j-api-2.24.3.jar:/home/runner/.m2/repository/org/slf4j/jul-to-slf4j/2.0.17/jul-to-slf4j-2.0.17.jar:/home/runner/.m2/repository/jakarta/annotation/jakarta.annotation-api/2.1.1/jakarta.annotation-api-2.1.1.jar:/home/runner/.m2/repository/org/yaml/snakeyaml/2.4/snakeyaml-2.4.jar:/home/runner/.m2/repository/org/springframework/boot/spring-boot-starter-json/3.5.0/spring-boot-starter-json-3.5.0.jar:/home/runner/.m2/repository/com/fasterxml/jackson/datatype/jackson-datatype-jdk8/2.19.0/jackson-datatype-jdk8-2.19.0.jar:/home/runner/.m2/repository/com/fasterxml/jackson/datatype/jackson-datatype-jsr310/2.19.0/jackson-datatype-jsr310-2.19.0.jar:/home/runner/.m2/repository/com/fasterxml/jackson/module/jackson-module-parameter-names/2.19.0/jackson-module-parameter-names-2.19.0.jar:/home/runner/.m2/repository/org/springframework/boot/spring-boot-starter-tomcat/3.5.0/spring-boot-starter-tomcat-3.5.0.jar:/home/runner/.m2/repository/org/apache/tomcat/embed/tomcat-embed-core/10.1.41/tomcat-embed-core-10.1.41.jar:/home/runner/.m2/repository/org/apache/tomcat/embed/tomcat-embed-el/10.1.41/tomcat-embed-el-10.1.41.jar:/home/runner/.m2/repository/org/apache/tomcat/embed/tomcat-embed-websocket/10.1.41/tomcat-embed-websocket-10.1.41.jar:/home/runner/.m2/repository/org/springframework/spring-web/6.2.7/spring-web-6.2.7.jar:/home/runner/.m2/repository/org/springframework/spring-beans/6.2.7/spring-beans-6.2.7.jar:/home/runner/.m2/repository/org/springframework/spring-webmvc/6.2.7/spring-webmvc-6.2.7.jar:/home/runner/.m2/repository/org/springframework/spring-expression/6.2.7/spring-expression-6.2.7.jar:/home/runner/.m2/repository/org/springframework/boot/spring-boot-devtools/3.5.0/spring-boot-devtools-3.5.0.jar:/home/runner/.m2/repository/org/springframework/boot/spring-boot/3.5.0/spring-boot-3.5.0.jar:/home/runner/.m2/repository/org/springframework/boot/spring-boot-autoconfigure/3.5.0/spring-boot-autoconfigure-3.5.0.jar:/home/runner/.m2/repository/org/postgresql/postgresql/42.7.7/postgresql-42.7.7.jar:/home/runner/.m2/repository/org/checkerframework/checker-qual/3.49.3/checker-qual-3.49.3.jar:/home/runner/.m2/repository/org/springframework/boot/spring-boot-starter-data-jpa/3.5.0/spring-boot-starter-data-jpa-3.5.0.jar:/home/runner/.m2/repository/org/springframework/boot/spring-boot-starter-jdbc/3.5.0/spring-boot-starter-jdbc-3.5.0.jar:/home/runner/.m2/repository/com/zaxxer/HikariCP/6.3.0/HikariCP-6.3.0.jar:/home/runner/.m2/repository/org/springframework/spring-jdbc/6.2.7/spring-jdbc-6.2.7.jar:/home/runner/.m2/repository/org/hibernate/orm/hibernate-core/6.6.15.Final/hibernate-core-6.6.15.Final.jar:/home/runner/.m2/repository/jakarta/persistence/jakarta.persistence-api/3.1.0/jakarta.persistence-api-3.1.0.jar:/home/runner/.m2/repository/jakarta/transaction/jakarta.transaction-api/2.0.1/jakarta.transaction-api-2.0.1.jar:/home/runner/.m2/repository/org/hibernate/common/hibernate-commons-annotations/7.0.3.Final/hibernate-commons-annotations-7.0.3.Final.jar:/home/runner/.m2/repository/io/smallrye/jandex/3.2.0/jandex-3.2.0.jar:/home/runner/.m2/repository/net/bytebuddy/byte-buddy/1.17.5/byte-buddy-1.17.5.jar:/home/runner/.m2/repository/org/glassfish/jaxb/jaxb-runtime/4.0.5/jaxb-runtime-4.0.5.jar:/home/runner/.m2/repository/org/glassfish/jaxb/jaxb-core/4.0.5/jaxb-core-4.0.5.jar:/home/runner/.m2/repository/org/glassfish/jaxb/txw2/4.0.5/txw2-4.0.5.jar:/home/runner/.m2/repository/com/sun/istack/istack-commons-runtime/4.1.2/istack-commons-runtime-4.1.2.jar:/home/runner/.m2/repository/jakarta/inject/jakarta.inject-api/2.0.1/jakarta.inject-api-2.0.1.jar:/home/runner/.m2/repository/org/antlr/antlr4-runtime/4.13.0/antlr4-runtime-4.13.0.jar:/home/runner/.m2/repository/org/springframework/data/spring-data-jpa/3.5.0/spring-data-jpa-3.5.0.jar:/home/runner/.m2/repository/org/springframework/data/spring-data-commons/3.5.0/spring-data-commons-3.5.0.jar:/home/runner/.m2/repository/org/springframework/spring-orm/6.2.7/spring-orm-6.2.7.jar:/home/runner/.m2/repository/org/springframework/spring-tx/6.2.7/spring-tx-6.2.7.jar:/home/runner/.m2/repository/org/springframework/spring-aspects/6.2.7/spring-aspects-6.2.7.jar:/home/runner/.m2/repository/org/springframework/boot/spring-boot-starter-security/3.5.0/spring-boot-starter-security-3.5.0.jar:/home/runner/.m2/repository/org/springframework/spring-aop/6.2.7/spring-aop-6.2.7.jar:/home/runner/.m2/repository/org/springframework/security/spring-security-config/6.5.0/spring-security-config-6.5.0.jar:/home/runner/.m2/repository/org/springframework/security/spring-security-web/6.5.0/spring-security-web-6.5.0.jar:/home/runner/.m2/repository/org/springframework/security/spring-security-oauth2-client/6.5.0/spring-security-oauth2-client-6.5.0.jar:/home/runner/.m2/repository/org/springframework/security/spring-security-core/6.5.0/spring-security-core-6.5.0.jar:/home/runner/.m2/repository/org/springframework/security/spring-security-crypto/6.5.0/spring-security-crypto-6.5.0.jar:/home/runner/.m2/repository/org/springframework/security/spring-security-oauth2-core/6.5.0/spring-security-oauth2-core-6.5.0.jar:/home/runner/.m2/repository/org/springframework/spring-core/6.2.7/spring-core-6.2.7.jar:/home/runner/.m2/repository/org/springframework/spring-jcl/6.2.7/spring-jcl-6.2.7.jar:/home/runner/.m2/repository/com/nimbusds/oauth2-oidc-sdk/9.43.6/oauth2-oidc-sdk-9.43.6.jar:/home/runner/.m2/repository/com/github/stephenc/jcip/jcip-annotations/1.0-1/jcip-annotations-1.0-1.jar:/home/runner/.m2/repository/com/nimbusds/content-type/2.2/content-type-2.2.jar:/home/runner/.m2/repository/com/nimbusds/lang-tag/1.7/lang-tag-1.7.jar:/home/runner/.m2/repository/com/nimbusds/nimbus-jose-jwt/9.37.3/nimbus-jose-jwt-9.37.3.jar:/home/runner/.m2/repository/org/springframework/boot/spring-boot-starter-mail/3.5.0/spring-boot-starter-mail-3.5.0.jar:/home/runner/.m2/repository/org/springframework/spring-context-support/6.2.7/spring-context-support-6.2.7.jar:/home/runner/.m2/repository/org/eclipse/angus/jakarta.mail/2.0.3/jakarta.mail-2.0.3.jar:/home/runner/.m2/repository/jakarta/activation/jakarta.activation-api/2.1.3/jakarta.activation-api-2.1.3.jar:/home/runner/.m2/repository/org/eclipse/angus/angus-activation/2.0.2/angus-activation-2.0.2.jar:/home/runner/.m2/repository/org/projectlombok/lombok/1.18.30/lombok-1.18.30.jar:/home/runner/.m2/repository/org/flywaydb/flyway-core/11.9.1/flyway-core-11.9.1.jar:/home/runner/.m2/repository/com/fasterxml/jackson/core/jackson-databind/2.19.0/jackson-databind-2.19.0.jar:/home/runner/.m2/repository/com/fasterxml/jackson/core/jackson-annotations/2.19.0/jackson-annotations-2.19.0.jar:/home/runner/.m2/repository/com/fasterxml/jackson/core/jackson-core/2.19.0/jackson-core-2.19.0.jar:/home/runner/.m2/repository/org/flywaydb/flyway-database-postgresql/11.7.2/flyway-database-postgresql-11.7.2.jar:/home/runner/.m2/repository/io/jsonwebtoken/jjwt-api/0.12.0/jjwt-api-0.12.0.jar:/home/runner/.m2/repository/io/jsonwebtoken/jjwt-impl/0.12.0/jjwt-impl-0.12.0.jar:/home/runner/.m2/repository/io/jsonwebtoken/jjwt-jackson/0.12.0/jjwt-jackson-0.12.0.jar:/home/runner/.m2/repository/software/amazon/awssdk/s3/2.26.11/s3-2.26.11.jar:/home/runner/.m2/repository/software/amazon/awssdk/aws-xml-protocol/2.26.11/aws-xml-protocol-2.26.11.jar:/home/runner/.m2/repository/software/amazon/awssdk/aws-query-protocol/2.26.11/aws-query-protocol-2.26.11.jar:/home/runner/.m2/repository/software/amazon/awssdk/protocol-core/2.26.11/protocol-core-2.26.11.jar:/home/runner/.m2/repository/software/amazon/awssdk/arns/2.26.11/arns-2.26.11.jar:/home/runner/.m2/repository/software/amazon/awssdk/profiles/2.26.11/profiles-2.26.11.jar:/home/runner/.m2/repository/software/amazon/awssdk/crt-core/2.26.11/crt-core-2.26.11.jar:/home/runner/.m2/repository/software/amazon/awssdk/http-auth/2.26.11/http-auth-2.26.11.jar:/home/runner/.m2/repository/software/amazon/awssdk/identity-spi/2.26.11/identity-spi-2.26.11.jar:/home/runner/.m2/repository/software/amazon/awssdk/http-auth-spi/2.26.11/http-auth-spi-2.26.11.jar:/home/runner/.m2/repository/org/reactivestreams/reactive-streams/1.0.4/reactive-streams-1.0.4.jar:/home/runner/.m2/repository/software/amazon/awssdk/http-auth-aws/2.26.11/http-auth-aws-2.26.11.jar:/home/runner/.m2/repository/software/amazon/awssdk/checksums/2.26.11/checksums-2.26.11.jar:/home/runner/.m2/repository/software/amazon/awssdk/checksums-spi/2.26.11/checksums-spi-2.26.11.jar:/home/runner/.m2/repository/software/amazon/awssdk/retries-spi/2.26.11/retries-spi-2.26.11.jar:/home/runner/.m2/repository/software/amazon/awssdk/sdk-core/2.26.11/sdk-core-2.26.11.jar:/home/runner/.m2/repository/software/amazon/awssdk/retries/2.26.11/retries-2.26.11.jar:/home/runner/.m2/repository/software/amazon/awssdk/auth/2.26.11/auth-2.26.11.jar:/home/runner/.m2/repository/software/amazon/eventstream/eventstream/1.0.1/eventstream-1.0.1.jar:/home/runner/.m2/repository/software/amazon/awssdk/http-client-spi/2.26.11/http-client-spi-2.26.11.jar:/home/runner/.m2/repository/software/amazon/awssdk/regions/2.26.11/regions-2.26.11.jar:/home/runner/.m2/repository/software/amazon/awssdk/annotations/2.26.11/annotations-2.26.11.jar:/home/runner/.m2/repository/software/amazon/awssdk/utils/2.26.11/utils-2.26.11.jar:/home/runner/.m2/repository/software/amazon/awssdk/aws-core/2.26.11/aws-core-2.26.11.jar:/home/runner/.m2/repository/software/amazon/awssdk/metrics-spi/2.26.11/metrics-spi-2.26.11.jar:/home/runner/.m2/repository/software/amazon/awssdk/json-utils/2.26.11/json-utils-2.26.11.jar:/home/runner/.m2/repository/software/amazon/awssdk/third-party-jackson-core/2.26.11/third-party-jackson-core-2.26.11.jar:/home/runner/.m2/repository/software/amazon/awssdk/endpoints-spi/2.26.11/endpoints-spi-2.26.11.jar:/home/runner/.m2/repository/software/amazon/awssdk/apache-client/2.26.11/apache-client-2.26.11.jar:/home/runner/.m2/repository/org/apache/httpcomponents/httpclient/4.5.13/httpclient-4.5.13.jar:/home/runner/.m2/repository/commons-logging/commons-logging/1.2/commons-logging-1.2.jar:/home/runner/.m2/repository/org/apache/httpcomponents/httpcore/4.4.16/httpcore-4.4.16.jar:/home/runner/.m2/repository/commons-codec/commons-codec/1.18.0/commons-codec-1.18.0.jar:/home/runner/.m2/repository/software/amazon/awssdk/netty-nio-client/2.26.11/netty-nio-client-2.26.11.jar:/home/runner/.m2/repository/io/netty/netty-codec-http/4.1.121.Final/netty-codec-http-4.1.121.Final.jar:/home/runner/.m2/repository/io/netty/netty-codec-http2/4.1.121.Final/netty-codec-http2-4.1.121.Final.jar:/home/runner/.m2/repository/io/netty/netty-codec/4.1.121.Final/netty-codec-4.1.121.Final.jar:/home/runner/.m2/repository/io/netty/netty-transport/4.1.121.Final/netty-transport-4.1.121.Final.jar:/home/runner/.m2/repository/io/netty/netty-common/4.1.121.Final/netty-common-4.1.121.Final.jar:/home/runner/.m2/repository/io/netty/netty-buffer/4.1.121.Final/netty-buffer-4.1.121.Final.jar:/home/runner/.m2/repository/io/netty/netty-handler/4.1.121.Final/netty-handler-4.1.121.Final.jar:/home/runner/.m2/repository/io/netty/netty-transport-native-unix-common/4.1.121.Final/netty-transport-native-unix-common-4.1.121.Final.jar:/home/runner/.m2/repository/io/netty/netty-transport-classes-epoll/4.1.121.Final/netty-transport-classes-epoll-4.1.121.Final.jar:/home/runner/.m2/repository/io/netty/netty-resolver/4.1.121.Final/netty-resolver-4.1.121.Final.jar:/home/runner/.m2/repository/org/modelmapper/modelmapper/2.3.9/modelmapper-2.3.9.jar:/home/runner/.m2/repository/jakarta/validation/jakarta.validation-api/3.0.2/jakarta.validation-api-3.0.2.jar:/home/runner/.m2/repository/org/hibernate/validator/hibernate-validator/8.0.2.Final/hibernate-validator-8.0.2.Final.jar:/home/runner/.m2/repository/org/jboss/logging/jboss-logging/3.6.1.Final/jboss-logging-3.6.1.Final.jar:/home/runner/.m2/repository/com/fasterxml/classmate/1.7.0/classmate-1.7.0.jar:/home/runner/.m2/repository/org/springframework/graphql/spring-graphql/1.4.0/spring-graphql-1.4.0.jar:/home/runner/.m2/repository/com/graphql-java/graphql-java/24.0/graphql-java-24.0.jar:/home/runner/.m2/repository/com/graphql-java/java-dataloader/5.0.0/java-dataloader-5.0.0.jar:/home/runner/.m2/repository/org/jspecify/jspecify/1.0.0/jspecify-1.0.0.jar:/home/runner/.m2/repository/io/projectreactor/reactor-core/3.7.6/reactor-core-3.7.6.jar:/home/runner/.m2/repository/org/springframework/spring-context/6.2.7/spring-context-6.2.7.jar:/home/runner/.m2/repository/io/micrometer/context-propagation/1.1.3/context-propagation-1.1.3.jar:/home/runner/.m2/repository/org/springframework/boot/spring-boot-starter-aop/3.5.0/spring-boot-starter-aop-3.5.0.jar:/home/runner/.m2/repository/org/aspectj/aspectjweaver/1.9.24/aspectjweaver-1.9.24.jar:/home/runner/.m2/repository/org/springdoc/springdoc-openapi-starter-webmvc-ui/2.2.0/springdoc-openapi-starter-webmvc-ui-2.2.0.jar:/home/runner/.m2/repository/org/springdoc/springdoc-openapi-starter-webmvc-api/2.2.0/springdoc-openapi-starter-webmvc-api-2.2.0.jar:/home/runner/.m2/repository/org/springdoc/springdoc-openapi-starter-common/2.2.0/springdoc-openapi-starter-common-2.2.0.jar:/home/runner/.m2/repository/io/swagger/core/v3/swagger-core-jakarta/2.2.15/swagger-core-jakarta-2.2.15.jar:/home/runner/.m2/repository/org/apache/commons/commons-lang3/3.17.0/commons-lang3-3.17.0.jar:/home/runner/.m2/repository/io/swagger/core/v3/swagger-annotations-jakarta/2.2.15/swagger-annotations-jakarta-2.2.15.jar:/home/runner/.m2/repository/io/swagger/core/v3/swagger-models-jakarta/2.2.15/swagger-models-jakarta-2.2.15.jar:/home/runner/.m2/repository/com/fasterxml/jackson/dataformat/jackson-dataformat-yaml/2.19.0/jackson-dataformat-yaml-2.19.0.jar:/home/runner/.m2/repository/org/webjars/swagger-ui/5.2.0/swagger-ui-5.2.0.jar:/home/runner/.m2/repository/org/springframework/boot/spring-boot-starter-websocket/3.5.0/spring-boot-starter-websocket-3.5.0.jar:/home/runner/.m2/repository/org/springframework/spring-messaging/6.2.7/spring-messaging-6.2.7.jar:/home/runner/.m2/repository/org/springframework/spring-websocket/6.2.7/spring-websocket-6.2.7.jar:/home/runner/.m2/repository/org/thymeleaf/thymeleaf/3.1.3.RELEASE/thymeleaf-3.1.3.RELEASE.jar:/home/runner/.m2/repository/ognl/ognl/3.3.4/ognl-3.3.4.jar:/home/runner/.m2/repository/org/javassist/javassist/3.29.0-GA/javassist-3.29.0-GA.jar:/home/runner/.m2/repository/org/attoparser/attoparser/2.0.7.RELEASE/attoparser-2.0.7.RELEASE.jar:/home/runner/.m2/repository/org/unbescape/unbescape/1.1.6.RELEASE/unbescape-1.1.6.RELEASE.jar:/home/runner/.m2/repository/org/slf4j/slf4j-api/2.0.17/slf4j-api-2.0.17.jar:/home/runner/.m2/repository/org/thymeleaf/thymeleaf-spring6/3.1.3.RELEASE/thymeleaf-spring6-3.1.3.RELEASE.jar:/home/runner/.m2/repository/com/google/guava/guava/33.3.1-jre/guava-33.3.1-jre.jar:/home/runner/.m2/repository/com/google/guava/failureaccess/1.0.2/failureaccess-1.0.2.jar:/home/runner/.m2/repository/com/google/guava/listenablefuture/9999.0-empty-to-avoid-conflict-with-guava/listenablefuture-9999.0-empty-to-avoid-conflict-with-guava.jar:/home/runner/.m2/repository/com/google/code/findbugs/jsr305/3.0.2/jsr305-3.0.2.jar:/home/runner/.m2/repository/com/google/errorprone/error_prone_annotations/2.28.0/error_prone_annotations-2.28.0.jar:/home/runner/.m2/repository/com/google/j2objc/j2objc-annotations/3.0.0/j2objc-annotations-3.0.0.jar:/home/runner/.m2/repository/commons-io/commons-io/2.17.0/commons-io-2.17.0.jar:/home/runner/.m2/repository/org/springframework/boot/spring-boot-starter-test/3.5.0/spring-boot-starter-test-3.5.0.jar:/home/runner/.m2/repository/org/springframework/boot/spring-boot-test/3.5.0/spring-boot-test-3.5.0.jar:/home/runner/.m2/repository/org/springframework/boot/spring-boot-test-autoconfigure/3.5.0/spring-boot-test-autoconfigure-3.5.0.jar:/home/runner/.m2/repository/com/jayway/jsonpath/json-path/2.9.0/json-path-2.9.0.jar:/home/runner/.m2/repository/jakarta/xml/bind/jakarta.xml.bind-api/4.0.2/jakarta.xml.bind-api-4.0.2.jar:/home/runner/.m2/repository/net/minidev/json-smart/2.5.2/json-smart-2.5.2.jar:/home/runner/.m2/repository/net/minidev/accessors-smart/2.5.2/accessors-smart-2.5.2.jar:/home/runner/.m2/repository/org/ow2/asm/asm/9.7.1/asm-9.7.1.jar:/home/runner/.m2/repository/org/assertj/assertj-core/3.27.3/assertj-core-3.27.3.jar:/home/runner/.m2/repository/org/awaitility/awaitility/4.3.0/awaitility-4.3.0.jar:/home/runner/.m2/repository/org/hamcrest/hamcrest/3.0/hamcrest-3.0.jar:/home/runner/.m2/repository/org/junit/jupiter/junit-jupiter/5.12.2/junit-jupiter-5.12.2.jar:/home/runner/.m2/repository/org/junit/jupiter/junit-jupiter-api/5.12.2/junit-jupiter-api-5.12.2.jar:/home/runner/.m2/repository/org/opentest4j/opentest4j/1.3.0/opentest4j-1.3.0.jar:/home/runner/.m2/repository/org/junit/platform/junit-platform-commons/1.12.2/junit-platform-commons-1.12.2.jar:/home/runner/.m2/repository/org/apiguardian/apiguardian-api/1.1.2/apiguardian-api-1.1.2.jar:/home/runner/.m2/repository/org/junit/jupiter/junit-jupiter-params/5.12.2/junit-jupiter-params-5.12.2.jar:/home/runner/.m2/repository/org/junit/jupiter/junit-jupiter-engine/5.12.2/junit-jupiter-engine-5.12.2.jar:/home/runner/.m2/repository/org/junit/platform/junit-platform-engine/1.12.2/junit-platform-engine-1.12.2.jar:/home/runner/.m2/repository/org/mockito/mockito-core/5.17.0/mockito-core-5.17.0.jar:/home/runner/.m2/repository/net/bytebuddy/byte-buddy-agent/1.17.5/byte-buddy-agent-1.17.5.jar:/home/runner/.m2/repository/org/objenesis/objenesis/3.3/objenesis-3.3.jar:/home/runner/.m2/repository/org/mockito/mockito-junit-jupiter/5.17.0/mockito-junit-jupiter-5.17.0.jar:/home/runner/.m2/repository/org/skyscreamer/jsonassert/1.5.3/jsonassert-1.5.3.jar:/home/runner/.m2/repository/com/vaadin/external/google/android-json/0.0.20131108.vaadin1/android-json-0.0.20131108.vaadin1.jar:/home/runner/.m2/repository/org/springframework/spring-test/6.2.7/spring-test-6.2.7.jar:/home/runner/.m2/repository/org/xmlunit/xmlunit-core/2.10.1/xmlunit-core-2.10.1.jar:/home/runner/.m2/repository/org/springframework/security/spring-security-test/6.5.0/spring-security-test-6.5.0.jar:/home/runner/.m2/repository/org/springframework/boot/spring-boot-starter-actuator/3.5.0/spring-boot-starter-actuator-3.5.0.jar:/home/runner/.m2/repository/org/springframework/boot/spring-boot-actuator-autoconfigure/3.5.0/spring-boot-actuator-autoconfigure-3.5.0.jar:/home/runner/.m2/repository/org/springframework/boot/spring-boot-actuator/3.5.0/spring-boot-actuator-3.5.0.jar:/home/runner/.m2/repository/io/micrometer/micrometer-observation/1.15.0/micrometer-observation-1.15.0.jar:/home/runner/.m2/repository/io/micrometer/micrometer-commons/1.15.0/micrometer-commons-1.15.0.jar:/home/runner/.m2/repository/io/micrometer/micrometer-jakarta9/1.15.0/micrometer-jakarta9-1.15.0.jar:/home/runner/.m2/repository/io/micrometer/micrometer-core/1.15.0/micrometer-core-1.15.0.jar:/home/runner/.m2/repository/org/hdrhistogram/HdrHistogram/2.2.2/HdrHistogram-2.2.2.jar:/home/runner/.m2/repository/org/latencyutils/LatencyUtils/2.0.3/LatencyUtils-2.0.3.jar:/home/runner/.m2/repository/ch/qos/logback/logback-core/1.5.18/logback-core-1.5.18.jar:/home/runner/.m2/repository/ch/qos/logback/logback-classic/1.5.18/logback-classic-1.5.18.jar:"/>
    <property name="java.vm.vendor" value="Eclipse Adoptium"/>
    <property name="sun.arch.data.model" value="64"/>
    <property name="java.vendor.url" value="https://adoptium.net/"/>
    <property name="user.timezone" value="Etc/UTC"/>
    <property name="org.jboss.logging.provider" value="slf4j"/>
    <property name="os.name" value="Linux"/>
    <property name="java.vm.specification.version" value="17"/>
    <property name="sun.java.launcher" value="SUN_STANDARD"/>
    <property name="sun.boot.library.path" value="/usr/lib/jvm/temurin-17-jdk-amd64/lib"/>
    <property name="sun.java.command" value="/home/runner/work/desofs2025_wed_nap_1/desofs2025_wed_nap_1/target/surefire/surefirebooter7054957862776701855.jar /home/runner/work/desofs2025_wed_nap_1/desofs2025_wed_nap_1/target/surefire 2025-06-15T06-05-15_175-jvmRun1 surefire12456001754830640079tmp surefire_057345153692101334tmp"/>
    <property name="jdk.debug" value="release"/>
    <property name="surefire.test.class.path" value="/home/runner/work/desofs2025_wed_nap_1/desofs2025_wed_nap_1/target/test-classes:/home/runner/work/desofs2025_wed_nap_1/desofs2025_wed_nap_1/target/classes:/home/runner/.m2/repository/org/springframework/boot/spring-boot-starter-web/3.5.0/spring-boot-starter-web-3.5.0.jar:/home/runner/.m2/repository/org/springframework/boot/spring-boot-starter/3.5.0/spring-boot-starter-3.5.0.jar:/home/runner/.m2/repository/org/springframework/boot/spring-boot-starter-logging/3.5.0/spring-boot-starter-logging-3.5.0.jar:/home/runner/.m2/repository/org/apache/logging/log4j/log4j-to-slf4j/2.24.3/log4j-to-slf4j-2.24.3.jar:/home/runner/.m2/repository/org/apache/logging/log4j/log4j-api/2.24.3/log4j-api-2.24.3.jar:/home/runner/.m2/repository/org/slf4j/jul-to-slf4j/2.0.17/jul-to-slf4j-2.0.17.jar:/home/runner/.m2/repository/jakarta/annotation/jakarta.annotation-api/2.1.1/jakarta.annotation-api-2.1.1.jar:/home/runner/.m2/repository/org/yaml/snakeyaml/2.4/snakeyaml-2.4.jar:/home/runner/.m2/repository/org/springframework/boot/spring-boot-starter-json/3.5.0/spring-boot-starter-json-3.5.0.jar:/home/runner/.m2/repository/com/fasterxml/jackson/datatype/jackson-datatype-jdk8/2.19.0/jackson-datatype-jdk8-2.19.0.jar:/home/runner/.m2/repository/com/fasterxml/jackson/datatype/jackson-datatype-jsr310/2.19.0/jackson-datatype-jsr310-2.19.0.jar:/home/runner/.m2/repository/com/fasterxml/jackson/module/jackson-module-parameter-names/2.19.0/jackson-module-parameter-names-2.19.0.jar:/home/runner/.m2/repository/org/springframework/boot/spring-boot-starter-tomcat/3.5.0/spring-boot-starter-tomcat-3.5.0.jar:/home/runner/.m2/repository/org/apache/tomcat/embed/tomcat-embed-core/10.1.41/tomcat-embed-core-10.1.41.jar:/home/runner/.m2/repository/org/apache/tomcat/embed/tomcat-embed-el/10.1.41/tomcat-embed-el-10.1.41.jar:/home/runner/.m2/repository/org/apache/tomcat/embed/tomcat-embed-websocket/10.1.41/tomcat-embed-websocket-10.1.41.jar:/home/runner/.m2/repository/org/springframework/spring-web/6.2.7/spring-web-6.2.7.jar:/home/runner/.m2/repository/org/springframework/spring-beans/6.2.7/spring-beans-6.2.7.jar:/home/runner/.m2/repository/org/springframework/spring-webmvc/6.2.7/spring-webmvc-6.2.7.jar:/home/runner/.m2/repository/org/springframework/spring-expression/6.2.7/spring-expression-6.2.7.jar:/home/runner/.m2/repository/org/springframework/boot/spring-boot-devtools/3.5.0/spring-boot-devtools-3.5.0.jar:/home/runner/.m2/repository/org/springframework/boot/spring-boot/3.5.0/spring-boot-3.5.0.jar:/home/runner/.m2/repository/org/springframework/boot/spring-boot-autoconfigure/3.5.0/spring-boot-autoconfigure-3.5.0.jar:/home/runner/.m2/repository/org/postgresql/postgresql/42.7.7/postgresql-42.7.7.jar:/home/runner/.m2/repository/org/checkerframework/checker-qual/3.49.3/checker-qual-3.49.3.jar:/home/runner/.m2/repository/org/springframework/boot/spring-boot-starter-data-jpa/3.5.0/spring-boot-starter-data-jpa-3.5.0.jar:/home/runner/.m2/repository/org/springframework/boot/spring-boot-starter-jdbc/3.5.0/spring-boot-starter-jdbc-3.5.0.jar:/home/runner/.m2/repository/com/zaxxer/HikariCP/6.3.0/HikariCP-6.3.0.jar:/home/runner/.m2/repository/org/springframework/spring-jdbc/6.2.7/spring-jdbc-6.2.7.jar:/home/runner/.m2/repository/org/hibernate/orm/hibernate-core/6.6.15.Final/hibernate-core-6.6.15.Final.jar:/home/runner/.m2/repository/jakarta/persistence/jakarta.persistence-api/3.1.0/jakarta.persistence-api-3.1.0.jar:/home/runner/.m2/repository/jakarta/transaction/jakarta.transaction-api/2.0.1/jakarta.transaction-api-2.0.1.jar:/home/runner/.m2/repository/org/hibernate/common/hibernate-commons-annotations/7.0.3.Final/hibernate-commons-annotations-7.0.3.Final.jar:/home/runner/.m2/repository/io/smallrye/jandex/3.2.0/jandex-3.2.0.jar:/home/runner/.m2/repository/net/bytebuddy/byte-buddy/1.17.5/byte-buddy-1.17.5.jar:/home/runner/.m2/repository/org/glassfish/jaxb/jaxb-runtime/4.0.5/jaxb-runtime-4.0.5.jar:/home/runner/.m2/repository/org/glassfish/jaxb/jaxb-core/4.0.5/jaxb-core-4.0.5.jar:/home/runner/.m2/repository/org/glassfish/jaxb/txw2/4.0.5/txw2-4.0.5.jar:/home/runner/.m2/repository/com/sun/istack/istack-commons-runtime/4.1.2/istack-commons-runtime-4.1.2.jar:/home/runner/.m2/repository/jakarta/inject/jakarta.inject-api/2.0.1/jakarta.inject-api-2.0.1.jar:/home/runner/.m2/repository/org/antlr/antlr4-runtime/4.13.0/antlr4-runtime-4.13.0.jar:/home/runner/.m2/repository/org/springframework/data/spring-data-jpa/3.5.0/spring-data-jpa-3.5.0.jar:/home/runner/.m2/repository/org/springframework/data/spring-data-commons/3.5.0/spring-data-commons-3.5.0.jar:/home/runner/.m2/repository/org/springframework/spring-orm/6.2.7/spring-orm-6.2.7.jar:/home/runner/.m2/repository/org/springframework/spring-tx/6.2.7/spring-tx-6.2.7.jar:/home/runner/.m2/repository/org/springframework/spring-aspects/6.2.7/spring-aspects-6.2.7.jar:/home/runner/.m2/repository/org/springframework/boot/spring-boot-starter-security/3.5.0/spring-boot-starter-security-3.5.0.jar:/home/runner/.m2/repository/org/springframework/spring-aop/6.2.7/spring-aop-6.2.7.jar:/home/runner/.m2/repository/org/springframework/security/spring-security-config/6.5.0/spring-security-config-6.5.0.jar:/home/runner/.m2/repository/org/springframework/security/spring-security-web/6.5.0/spring-security-web-6.5.0.jar:/home/runner/.m2/repository/org/springframework/security/spring-security-oauth2-client/6.5.0/spring-security-oauth2-client-6.5.0.jar:/home/runner/.m2/repository/org/springframework/security/spring-security-core/6.5.0/spring-security-core-6.5.0.jar:/home/runner/.m2/repository/org/springframework/security/spring-security-crypto/6.5.0/spring-security-crypto-6.5.0.jar:/home/runner/.m2/repository/org/springframework/security/spring-security-oauth2-core/6.5.0/spring-security-oauth2-core-6.5.0.jar:/home/runner/.m2/repository/org/springframework/spring-core/6.2.7/spring-core-6.2.7.jar:/home/runner/.m2/repository/org/springframework/spring-jcl/6.2.7/spring-jcl-6.2.7.jar:/home/runner/.m2/repository/com/nimbusds/oauth2-oidc-sdk/9.43.6/oauth2-oidc-sdk-9.43.6.jar:/home/runner/.m2/repository/com/github/stephenc/jcip/jcip-annotations/1.0-1/jcip-annotations-1.0-1.jar:/home/runner/.m2/repository/com/nimbusds/content-type/2.2/content-type-2.2.jar:/home/runner/.m2/repository/com/nimbusds/lang-tag/1.7/lang-tag-1.7.jar:/home/runner/.m2/repository/com/nimbusds/nimbus-jose-jwt/9.37.3/nimbus-jose-jwt-9.37.3.jar:/home/runner/.m2/repository/org/springframework/boot/spring-boot-starter-mail/3.5.0/spring-boot-starter-mail-3.5.0.jar:/home/runner/.m2/repository/org/springframework/spring-context-support/6.2.7/spring-context-support-6.2.7.jar:/home/runner/.m2/repository/org/eclipse/angus/jakarta.mail/2.0.3/jakarta.mail-2.0.3.jar:/home/runner/.m2/repository/jakarta/activation/jakarta.activation-api/2.1.3/jakarta.activation-api-2.1.3.jar:/home/runner/.m2/repository/org/eclipse/angus/angus-activation/2.0.2/angus-activation-2.0.2.jar:/home/runner/.m2/repository/org/projectlombok/lombok/1.18.30/lombok-1.18.30.jar:/home/runner/.m2/repository/org/flywaydb/flyway-core/11.9.1/flyway-core-11.9.1.jar:/home/runner/.m2/repository/com/fasterxml/jackson/core/jackson-databind/2.19.0/jackson-databind-2.19.0.jar:/home/runner/.m2/repository/com/fasterxml/jackson/core/jackson-annotations/2.19.0/jackson-annotations-2.19.0.jar:/home/runner/.m2/repository/com/fasterxml/jackson/core/jackson-core/2.19.0/jackson-core-2.19.0.jar:/home/runner/.m2/repository/org/flywaydb/flyway-database-postgresql/11.7.2/flyway-database-postgresql-11.7.2.jar:/home/runner/.m2/repository/io/jsonwebtoken/jjwt-api/0.12.0/jjwt-api-0.12.0.jar:/home/runner/.m2/repository/io/jsonwebtoken/jjwt-impl/0.12.0/jjwt-impl-0.12.0.jar:/home/runner/.m2/repository/io/jsonwebtoken/jjwt-jackson/0.12.0/jjwt-jackson-0.12.0.jar:/home/runner/.m2/repository/software/amazon/awssdk/s3/2.26.11/s3-2.26.11.jar:/home/runner/.m2/repository/software/amazon/awssdk/aws-xml-protocol/2.26.11/aws-xml-protocol-2.26.11.jar:/home/runner/.m2/repository/software/amazon/awssdk/aws-query-protocol/2.26.11/aws-query-protocol-2.26.11.jar:/home/runner/.m2/repository/software/amazon/awssdk/protocol-core/2.26.11/protocol-core-2.26.11.jar:/home/runner/.m2/repository/software/amazon/awssdk/arns/2.26.11/arns-2.26.11.jar:/home/runner/.m2/repository/software/amazon/awssdk/profiles/2.26.11/profiles-2.26.11.jar:/home/runner/.m2/repository/software/amazon/awssdk/crt-core/2.26.11/crt-core-2.26.11.jar:/home/runner/.m2/repository/software/amazon/awssdk/http-auth/2.26.11/http-auth-2.26.11.jar:/home/runner/.m2/repository/software/amazon/awssdk/identity-spi/2.26.11/identity-spi-2.26.11.jar:/home/runner/.m2/repository/software/amazon/awssdk/http-auth-spi/2.26.11/http-auth-spi-2.26.11.jar:/home/runner/.m2/repository/org/reactivestreams/reactive-streams/1.0.4/reactive-streams-1.0.4.jar:/home/runner/.m2/repository/software/amazon/awssdk/http-auth-aws/2.26.11/http-auth-aws-2.26.11.jar:/home/runner/.m2/repository/software/amazon/awssdk/checksums/2.26.11/checksums-2.26.11.jar:/home/runner/.m2/repository/software/amazon/awssdk/checksums-spi/2.26.11/checksums-spi-2.26.11.jar:/home/runner/.m2/repository/software/amazon/awssdk/retries-spi/2.26.11/retries-spi-2.26.11.jar:/home/runner/.m2/repository/software/amazon/awssdk/sdk-core/2.26.11/sdk-core-2.26.11.jar:/home/runner/.m2/repository/software/amazon/awssdk/retries/2.26.11/retries-2.26.11.jar:/home/runner/.m2/repository/software/amazon/awssdk/auth/2.26.11/auth-2.26.11.jar:/home/runner/.m2/repository/software/amazon/eventstream/eventstream/1.0.1/eventstream-1.0.1.jar:/home/runner/.m2/repository/software/amazon/awssdk/http-client-spi/2.26.11/http-client-spi-2.26.11.jar:/home/runner/.m2/repository/software/amazon/awssdk/regions/2.26.11/regions-2.26.11.jar:/home/runner/.m2/repository/software/amazon/awssdk/annotations/2.26.11/annotations-2.26.11.jar:/home/runner/.m2/repository/software/amazon/awssdk/utils/2.26.11/utils-2.26.11.jar:/home/runner/.m2/repository/software/amazon/awssdk/aws-core/2.26.11/aws-core-2.26.11.jar:/home/runner/.m2/repository/software/amazon/awssdk/metrics-spi/2.26.11/metrics-spi-2.26.11.jar:/home/runner/.m2/repository/software/amazon/awssdk/json-utils/2.26.11/json-utils-2.26.11.jar:/home/runner/.m2/repository/software/amazon/awssdk/third-party-jackson-core/2.26.11/third-party-jackson-core-2.26.11.jar:/home/runner/.m2/repository/software/amazon/awssdk/endpoints-spi/2.26.11/endpoints-spi-2.26.11.jar:/home/runner/.m2/repository/software/amazon/awssdk/apache-client/2.26.11/apache-client-2.26.11.jar:/home/runner/.m2/repository/org/apache/httpcomponents/httpclient/4.5.13/httpclient-4.5.13.jar:/home/runner/.m2/repository/commons-logging/commons-logging/1.2/commons-logging-1.2.jar:/home/runner/.m2/repository/org/apache/httpcomponents/httpcore/4.4.16/httpcore-4.4.16.jar:/home/runner/.m2/repository/commons-codec/commons-codec/1.18.0/commons-codec-1.18.0.jar:/home/runner/.m2/repository/software/amazon/awssdk/netty-nio-client/2.26.11/netty-nio-client-2.26.11.jar:/home/runner/.m2/repository/io/netty/netty-codec-http/4.1.121.Final/netty-codec-http-4.1.121.Final.jar:/home/runner/.m2/repository/io/netty/netty-codec-http2/4.1.121.Final/netty-codec-http2-4.1.121.Final.jar:/home/runner/.m2/repository/io/netty/netty-codec/4.1.121.Final/netty-codec-4.1.121.Final.jar:/home/runner/.m2/repository/io/netty/netty-transport/4.1.121.Final/netty-transport-4.1.121.Final.jar:/home/runner/.m2/repository/io/netty/netty-common/4.1.121.Final/netty-common-4.1.121.Final.jar:/home/runner/.m2/repository/io/netty/netty-buffer/4.1.121.Final/netty-buffer-4.1.121.Final.jar:/home/runner/.m2/repository/io/netty/netty-handler/4.1.121.Final/netty-handler-4.1.121.Final.jar:/home/runner/.m2/repository/io/netty/netty-transport-native-unix-common/4.1.121.Final/netty-transport-native-unix-common-4.1.121.Final.jar:/home/runner/.m2/repository/io/netty/netty-transport-classes-epoll/4.1.121.Final/netty-transport-classes-epoll-4.1.121.Final.jar:/home/runner/.m2/repository/io/netty/netty-resolver/4.1.121.Final/netty-resolver-4.1.121.Final.jar:/home/runner/.m2/repository/org/modelmapper/modelmapper/2.3.9/modelmapper-2.3.9.jar:/home/runner/.m2/repository/jakarta/validation/jakarta.validation-api/3.0.2/jakarta.validation-api-3.0.2.jar:/home/runner/.m2/repository/org/hibernate/validator/hibernate-validator/8.0.2.Final/hibernate-validator-8.0.2.Final.jar:/home/runner/.m2/repository/org/jboss/logging/jboss-logging/3.6.1.Final/jboss-logging-3.6.1.Final.jar:/home/runner/.m2/repository/com/fasterxml/classmate/1.7.0/classmate-1.7.0.jar:/home/runner/.m2/repository/org/springframework/graphql/spring-graphql/1.4.0/spring-graphql-1.4.0.jar:/home/runner/.m2/repository/com/graphql-java/graphql-java/24.0/graphql-java-24.0.jar:/home/runner/.m2/repository/com/graphql-java/java-dataloader/5.0.0/java-dataloader-5.0.0.jar:/home/runner/.m2/repository/org/jspecify/jspecify/1.0.0/jspecify-1.0.0.jar:/home/runner/.m2/repository/io/projectreactor/reactor-core/3.7.6/reactor-core-3.7.6.jar:/home/runner/.m2/repository/org/springframework/spring-context/6.2.7/spring-context-6.2.7.jar:/home/runner/.m2/repository/io/micrometer/context-propagation/1.1.3/context-propagation-1.1.3.jar:/home/runner/.m2/repository/org/springframework/boot/spring-boot-starter-aop/3.5.0/spring-boot-starter-aop-3.5.0.jar:/home/runner/.m2/repository/org/aspectj/aspectjweaver/1.9.24/aspectjweaver-1.9.24.jar:/home/runner/.m2/repository/org/springdoc/springdoc-openapi-starter-webmvc-ui/2.2.0/springdoc-openapi-starter-webmvc-ui-2.2.0.jar:/home/runner/.m2/repository/org/springdoc/springdoc-openapi-starter-webmvc-api/2.2.0/springdoc-openapi-starter-webmvc-api-2.2.0.jar:/home/runner/.m2/repository/org/springdoc/springdoc-openapi-starter-common/2.2.0/springdoc-openapi-starter-common-2.2.0.jar:/home/runner/.m2/repository/io/swagger/core/v3/swagger-core-jakarta/2.2.15/swagger-core-jakarta-2.2.15.jar:/home/runner/.m2/repository/org/apache/commons/commons-lang3/3.17.0/commons-lang3-3.17.0.jar:/home/runner/.m2/repository/io/swagger/core/v3/swagger-annotations-jakarta/2.2.15/swagger-annotations-jakarta-2.2.15.jar:/home/runner/.m2/repository/io/swagger/core/v3/swagger-models-jakarta/2.2.15/swagger-models-jakarta-2.2.15.jar:/home/runner/.m2/repository/com/fasterxml/jackson/dataformat/jackson-dataformat-yaml/2.19.0/jackson-dataformat-yaml-2.19.0.jar:/home/runner/.m2/repository/org/webjars/swagger-ui/5.2.0/swagger-ui-5.2.0.jar:/home/runner/.m2/repository/org/springframework/boot/spring-boot-starter-websocket/3.5.0/spring-boot-starter-websocket-3.5.0.jar:/home/runner/.m2/repository/org/springframework/spring-messaging/6.2.7/spring-messaging-6.2.7.jar:/home/runner/.m2/repository/org/springframework/spring-websocket/6.2.7/spring-websocket-6.2.7.jar:/home/runner/.m2/repository/org/thymeleaf/thymeleaf/3.1.3.RELEASE/thymeleaf-3.1.3.RELEASE.jar:/home/runner/.m2/repository/ognl/ognl/3.3.4/ognl-3.3.4.jar:/home/runner/.m2/repository/org/javassist/javassist/3.29.0-GA/javassist-3.29.0-GA.jar:/home/runner/.m2/repository/org/attoparser/attoparser/2.0.7.RELEASE/attoparser-2.0.7.RELEASE.jar:/home/runner/.m2/repository/org/unbescape/unbescape/1.1.6.RELEASE/unbescape-1.1.6.RELEASE.jar:/home/runner/.m2/repository/org/slf4j/slf4j-api/2.0.17/slf4j-api-2.0.17.jar:/home/runner/.m2/repository/org/thymeleaf/thymeleaf-spring6/3.1.3.RELEASE/thymeleaf-spring6-3.1.3.RELEASE.jar:/home/runner/.m2/repository/com/google/guava/guava/33.3.1-jre/guava-33.3.1-jre.jar:/home/runner/.m2/repository/com/google/guava/failureaccess/1.0.2/failureaccess-1.0.2.jar:/home/runner/.m2/repository/com/google/guava/listenablefuture/9999.0-empty-to-avoid-conflict-with-guava/listenablefuture-9999.0-empty-to-avoid-conflict-with-guava.jar:/home/runner/.m2/repository/com/google/code/findbugs/jsr305/3.0.2/jsr305-3.0.2.jar:/home/runner/.m2/repository/com/google/errorprone/error_prone_annotations/2.28.0/error_prone_annotations-2.28.0.jar:/home/runner/.m2/repository/com/google/j2objc/j2objc-annotations/3.0.0/j2objc-annotations-3.0.0.jar:/home/runner/.m2/repository/commons-io/commons-io/2.17.0/commons-io-2.17.0.jar:/home/runner/.m2/repository/org/springframework/boot/spring-boot-starter-test/3.5.0/spring-boot-starter-test-3.5.0.jar:/home/runner/.m2/repository/org/springframework/boot/spring-boot-test/3.5.0/spring-boot-test-3.5.0.jar:/home/runner/.m2/repository/org/springframework/boot/spring-boot-test-autoconfigure/3.5.0/spring-boot-test-autoconfigure-3.5.0.jar:/home/runner/.m2/repository/com/jayway/jsonpath/json-path/2.9.0/json-path-2.9.0.jar:/home/runner/.m2/repository/jakarta/xml/bind/jakarta.xml.bind-api/4.0.2/jakarta.xml.bind-api-4.0.2.jar:/home/runner/.m2/repository/net/minidev/json-smart/2.5.2/json-smart-2.5.2.jar:/home/runner/.m2/repository/net/minidev/accessors-smart/2.5.2/accessors-smart-2.5.2.jar:/home/runner/.m2/repository/org/ow2/asm/asm/9.7.1/asm-9.7.1.jar:/home/runner/.m2/repository/org/assertj/assertj-core/3.27.3/assertj-core-3.27.3.jar:/home/runner/.m2/repository/org/awaitility/awaitility/4.3.0/awaitility-4.3.0.jar:/home/runner/.m2/repository/org/hamcrest/hamcrest/3.0/hamcrest-3.0.jar:/home/runner/.m2/repository/org/junit/jupiter/junit-jupiter/5.12.2/junit-jupiter-5.12.2.jar:/home/runner/.m2/repository/org/junit/jupiter/junit-jupiter-api/5.12.2/junit-jupiter-api-5.12.2.jar:/home/runner/.m2/repository/org/opentest4j/opentest4j/1.3.0/opentest4j-1.3.0.jar:/home/runner/.m2/repository/org/junit/platform/junit-platform-commons/1.12.2/junit-platform-commons-1.12.2.jar:/home/runner/.m2/repository/org/apiguardian/apiguardian-api/1.1.2/apiguardian-api-1.1.2.jar:/home/runner/.m2/repository/org/junit/jupiter/junit-jupiter-params/5.12.2/junit-jupiter-params-5.12.2.jar:/home/runner/.m2/repository/org/junit/jupiter/junit-jupiter-engine/5.12.2/junit-jupiter-engine-5.12.2.jar:/home/runner/.m2/repository/org/junit/platform/junit-platform-engine/1.12.2/junit-platform-engine-1.12.2.jar:/home/runner/.m2/repository/org/mockito/mockito-core/5.17.0/mockito-core-5.17.0.jar:/home/runner/.m2/repository/net/bytebuddy/byte-buddy-agent/1.17.5/byte-buddy-agent-1.17.5.jar:/home/runner/.m2/repository/org/objenesis/objenesis/3.3/objenesis-3.3.jar:/home/runner/.m2/repository/org/mockito/mockito-junit-jupiter/5.17.0/mockito-junit-jupiter-5.17.0.jar:/home/runner/.m2/repository/org/skyscreamer/jsonassert/1.5.3/jsonassert-1.5.3.jar:/home/runner/.m2/repository/com/vaadin/external/google/android-json/0.0.20131108.vaadin1/android-json-0.0.20131108.vaadin1.jar:/home/runner/.m2/repository/org/springframework/spring-test/6.2.7/spring-test-6.2.7.jar:/home/runner/.m2/repository/org/xmlunit/xmlunit-core/2.10.1/xmlunit-core-2.10.1.jar:/home/runner/.m2/repository/org/springframework/security/spring-security-test/6.5.0/spring-security-test-6.5.0.jar:/home/runner/.m2/repository/org/springframework/boot/spring-boot-starter-actuator/3.5.0/spring-boot-starter-actuator-3.5.0.jar:/home/runner/.m2/repository/org/springframework/boot/spring-boot-actuator-autoconfigure/3.5.0/spring-boot-actuator-autoconfigure-3.5.0.jar:/home/runner/.m2/repository/org/springframework/boot/spring-boot-actuator/3.5.0/spring-boot-actuator-3.5.0.jar:/home/runner/.m2/repository/io/micrometer/micrometer-observation/1.15.0/micrometer-observation-1.15.0.jar:/home/runner/.m2/repository/io/micrometer/micrometer-commons/1.15.0/micrometer-commons-1.15.0.jar:/home/runner/.m2/repository/io/micrometer/micrometer-jakarta9/1.15.0/micrometer-jakarta9-1.15.0.jar:/home/runner/.m2/repository/io/micrometer/micrometer-core/1.15.0/micrometer-core-1.15.0.jar:/home/runner/.m2/repository/org/hdrhistogram/HdrHistogram/2.2.2/HdrHistogram-2.2.2.jar:/home/runner/.m2/repository/org/latencyutils/LatencyUtils/2.0.3/LatencyUtils-2.0.3.jar:/home/runner/.m2/repository/ch/qos/logback/logback-core/1.5.18/logback-core-1.5.18.jar:/home/runner/.m2/repository/ch/qos/logback/logback-classic/1.5.18/logback-classic-1.5.18.jar:"/>
    <property name="sun.cpu.endian" value="little"/>
    <property name="user.home" value="/home/runner"/>
    <property name="user.language" value="en"/>
    <property name="java.specification.vendor" value="Oracle Corporation"/>
    <property name="java.version.date" value="2025-04-15"/>
    <property name="java.home" value="/usr/lib/jvm/temurin-17-jdk-amd64"/>
    <property name="file.separator" value="/"/>
    <property name="basedir" value="/home/runner/work/desofs2025_wed_nap_1/desofs2025_wed_nap_1"/>
    <property name="java.vm.compressedOopsMode" value="Zero based"/>
    <property name="line.separator" value="&#10;"/>
    <property name="java.vm.specification.vendor" value="Oracle Corporation"/>
    <property name="java.specification.name" value="Java Platform API Specification"/>
    <property name="FILE_LOG_CHARSET" value="UTF-8"/>
    <property name="java.awt.headless" value="true"/>
    <property name="surefire.real.class.path" value="/home/runner/work/desofs2025_wed_nap_1/desofs2025_wed_nap_1/target/surefire/surefirebooter7054957862776701855.jar"/>
    <property name="polyglot.engine.WarnInterpreterOnly" value="false"/>
    <property name="sun.management.compiler" value="HotSpot 64-Bit Tiered Compilers"/>
    <property name="java.runtime.version" value="17.0.15+6"/>
    <property name="user.name" value="runner"/>
    <property name="path.separator" value=":"/>
    <property name="os.version" value="6.11.0-1015-azure"/>
    <property name="java.runtime.name" value="OpenJDK Runtime Environment"/>
    <property name="file.encoding" value="UTF-8"/>
    <property name="java.vm.name" value="OpenJDK 64-Bit Server VM"/>
    <property name="java.vendor.version" value="Temurin-17.0.15+6"/>
    <property name="localRepository" value="/home/runner/.m2/repository"/>
    <property name="java.vendor.url.bug" value="https://github.com/adoptium/adoptium-support/issues"/>
    <property name="java.io.tmpdir" value="/tmp"/>
    <property name="com.zaxxer.hikari.pool_number" value="1"/>
    <property name="java.version" value="17.0.15"/>
    <property name="user.dir" value="/home/runner/work/desofs2025_wed_nap_1/desofs2025_wed_nap_1"/>
    <property name="os.arch" value="amd64"/>
    <property name="java.vm.specification.name" value="Java Virtual Machine Specification"/>
    <property name="PID" value="2697"/>
    <property name="CONSOLE_LOG_CHARSET" value="UTF-8"/>
    <property name="native.encoding" value="UTF-8"/>
    <property name="java.library.path" value="/usr/java/packages/lib:/usr/lib64:/lib64:/lib:/usr/lib"/>
    <property name="java.vm.info" value="mixed mode, sharing"/>
    <property name="java.vendor" value="Eclipse Adoptium"/>
    <property name="java.vm.version" value="17.0.15+6"/>
    <property name="java.specification.maintenance.version" value="1"/>
    <property name="sun.io.unicode.encoding" value="UnicodeLittle"/>
    <property name="java.class.version" value="61.0"/>
  </properties>
  <testcase name="passwordReset_ShouldPasswordsNotMatch" classname="com.gmail.merikbest2015.ecommerce.controller.AuthenticationControllerTest" time="0.132">
    <system-out><![CDATA[2025-06-15T06:05:33.219Z DEBUG 2697 --- [           main] .b.t.c.SpringBootTestContextBootstrapper : Neither @ContextConfiguration nor @ContextHierarchy found for test class [AuthenticationControllerTest]: using SpringBootContextLoader
2025-06-15T06:05:33.222Z DEBUG 2697 --- [           main] o.s.t.c.support.AbstractContextLoader    : Could not detect default resource locations for test class [com.gmail.merikbest2015.ecommerce.controller.AuthenticationControllerTest]: no resource found for suffixes {-context.xml, Context.groovy}.
2025-06-15T06:05:33.222Z  INFO 2697 --- [           main] t.c.s.AnnotationConfigContextLoaderUtils : Could not detect default configuration classes for test class [com.gmail.merikbest2015.ecommerce.controller.AuthenticationControllerTest]: AuthenticationControllerTest does not declare any static, non-private, non-final, nested classes annotated with @Configuration.
2025-06-15T06:05:33.223Z DEBUG 2697 --- [           main] .b.t.c.SpringBootTestContextBootstrapper : Using ContextCustomizerFactory implementations for test class [AuthenticationControllerTest]: [ImportsContextCustomizerFactory, ExcludeFilterContextCustomizerFactory, HttpGraphQlTesterContextCustomizerFactory, DuplicateJsonObjectContextCustomizerFactory, MockitoContextCustomizerFactory, TestRestTemplateContextCustomizerFactory, WebTestClientContextCustomizerFactory, DisableReactorResourceFactoryGlobalResourcesContextCustomizerFactory, OnFailureConditionReportContextCustomizerFactory, OverrideAutoConfigurationContextCustomizerFactory, ObservabilityContextCustomizerFactory, TypeExcludeFiltersContextCustomizerFactory, PropertyMappingContextCustomizerFactory, WebDriverContextCustomizerFactory, BeanOverrideContextCustomizerFactory, MockServerContainerContextCustomizerFactory, DynamicPropertiesContextCustomizerFactory]
2025-06-15T06:05:33.225Z DEBUG 2697 --- [           main] .b.t.c.SpringBootTestContextBootstrapper : Using ContextCustomizers for test class [AuthenticationControllerTest]: [ImportsContextCustomizer, ExcludeFilterContextCustomizer, DuplicateJsonObjectContextCustomizer, MockitoContextCustomizer, TestRestTemplateContextCustomizer, DisableReactorResourceFactoryGlobalResourcesContextCustomizerCustomizer, OnFailureConditionReportContextCustomizer, DisableObservabilityContextCustomizer, PropertyMappingContextCustomizer, WebDriverContextCustomizer, DynamicPropertiesContextCustomizer]
2025-06-15T06:05:33.226Z  INFO 2697 --- [           main] .b.t.c.SpringBootTestContextBootstrapper : Found @SpringBootConfiguration com.gmail.merikbest2015.ecommerce.EcommerceApplication for test class com.gmail.merikbest2015.ecommerce.controller.AuthenticationControllerTest
2025-06-15T06:05:33.227Z DEBUG 2697 --- [           main] .b.t.c.SpringBootTestContextBootstrapper : Using TestExecutionListeners for test class [AuthenticationControllerTest]: [ServletTestExecutionListener, DirtiesContextBeforeModesTestExecutionListener, ApplicationEventsTestExecutionListener, MockitoTestExecutionListener, BeanOverrideTestExecutionListener, DependencyInjectionTestExecutionListener, MicrometerObservationRegistryTestExecutionListener, DirtiesContextTestExecutionListener, CommonCachesTestExecutionListener, TransactionalTestExecutionListener, SqlScriptsTestExecutionListener, EventPublishingTestExecutionListener, WithSecurityContextTestExecutionListener, ReactorContextTestExecutionListener, ResetMocksTestExecutionListener, RestDocsTestExecutionListener, MockRestServiceServerResetTestExecutionListener, MockMvcPrintOnlyOnFailureTestExecutionListener, WebDriverTestExecutionListener, MockWebServiceServerTestExecutionListener, MockitoResetTestExecutionListener]
2025-06-15T06:05:33.227Z DEBUG 2697 --- [           main] sContextBeforeModesTestExecutionListener : Before test class: class [AuthenticationControllerTest], class annotated with @DirtiesContext [false] with mode [null]
2025-06-15T06:05:33.228Z DEBUG 2697 --- [           main] org.springframework.test.context.cache   : Spring test ApplicationContext cache statistics: [DefaultContextCache@7c357b9 size = 1, maxSize = 32, parentContextCount = 0, hitCount = 90, missCount = 1, failureCount = 0]
2025-06-15T06:05:33.229Z DEBUG 2697 --- [           main] org.springframework.test.context.cache   : Spring test ApplicationContext cache statistics: [DefaultContextCache@7c357b9 size = 1, maxSize = 32, parentContextCount = 0, hitCount = 91, missCount = 1, failureCount = 0]
2025-06-15T06:05:33.229Z DEBUG 2697 --- [           main] o.s.t.c.w.ServletTestExecutionListener   : Setting up MockHttpServletRequest, MockHttpServletResponse, ServletWebRequest, and RequestContextHolder for test class com.gmail.merikbest2015.ecommerce.controller.AuthenticationControllerTest
2025-06-15T06:05:33.229Z DEBUG 2697 --- [           main] DependencyInjectionTestExecutionListener : Performing dependency injection for test class com.gmail.merikbest2015.ecommerce.controller.AuthenticationControllerTest
2025-06-15T06:05:33.230Z DEBUG 2697 --- [           main] org.springframework.test.context.cache   : Spring test ApplicationContext cache statistics: [DefaultContextCache@7c357b9 size = 1, maxSize = 32, parentContextCount = 0, hitCount = 92, missCount = 1, failureCount = 0]
2025-06-15T06:05:33.230Z DEBUG 2697 --- [           main] org.springframework.test.context.cache   : Spring test ApplicationContext cache statistics: [DefaultContextCache@7c357b9 size = 1, maxSize = 32, parentContextCount = 0, hitCount = 93, missCount = 1, failureCount = 0]
2025-06-15T06:05:33.231Z DEBUG 2697 --- [           main] sContextBeforeModesTestExecutionListener : Before test method: class [AuthenticationControllerTest], method [passwordReset_ShouldPasswordsNotMatch], class annotated with @DirtiesContext [false] with mode [null], method annotated with @DirtiesContext [false] with mode [null]
2025-06-15T06:05:33.231Z DEBUG 2697 --- [           main] org.springframework.test.context.cache   : Spring test ApplicationContext cache statistics: [DefaultContextCache@7c357b9 size = 1, maxSize = 32, parentContextCount = 0, hitCount = 94, missCount = 1, failureCount = 0]
2025-06-15T06:05:33.231Z DEBUG 2697 --- [           main] ObservationRegistryTestExecutionListener : Registering ObservationRegistry from ApplicationContext in ObservationThreadLocalAccessor for test class com.gmail.merikbest2015.ecommerce.controller.AuthenticationControllerTest
2025-06-15T06:05:33.232Z DEBUG 2697 --- [           main] .s.t.c.j.SqlScriptsTestExecutionListener : Processing merged @SqlConfig attributes for execution phase [BEFORE_TEST_METHOD] and test class [com.gmail.merikbest2015.ecommerce.controller.AuthenticationControllerTest]
2025-06-15T06:05:33.232Z DEBUG 2697 --- [           main] org.springframework.test.context.cache   : Spring test ApplicationContext cache statistics: [DefaultContextCache@7c357b9 size = 1, maxSize = 32, parentContextCount = 0, hitCount = 95, missCount = 1, failureCount = 0]
2025-06-15T06:05:33.232Z DEBUG 2697 --- [           main] .s.t.c.j.SqlScriptsTestExecutionListener : Executing SQL scripts: [class path resource [sql/create-user-before.sql]]
2025-06-15T06:05:33.232Z DEBUG 2697 --- [           main] org.springframework.test.context.cache   : Spring test ApplicationContext cache statistics: [DefaultContextCache@7c357b9 size = 1, maxSize = 32, parentContextCount = 0, hitCount = 96, missCount = 1, failureCount = 0]
2025-06-15T06:05:33.232Z DEBUG 2697 --- [           main] org.springframework.test.context.cache   : Spring test ApplicationContext cache statistics: [DefaultContextCache@7c357b9 size = 1, maxSize = 32, parentContextCount = 0, hitCount = 97, missCount = 1, failureCount = 0]
2025-06-15T06:05:33.232Z DEBUG 2697 --- [           main] o.s.orm.jpa.JpaTransactionManager        : Creating new transaction with name [com.gmail.merikbest2015.ecommerce.controller.AuthenticationControllerTest]: PROPAGATION_REQUIRED,ISOLATION_DEFAULT
2025-06-15T06:05:33.232Z DEBUG 2697 --- [           main] o.s.orm.jpa.JpaTransactionManager        : Opened new EntityManager [SessionImpl(520685349<open>)] for JPA transaction
2025-06-15T06:05:33.232Z DEBUG 2697 --- [           main] o.s.orm.jpa.JpaTransactionManager        : Exposing JPA transaction as JDBC [org.springframework.orm.jpa.vendor.HibernateJpaDialect$HibernateConnectionHandle@633dc03c]
2025-06-15T06:05:33.232Z DEBUG 2697 --- [           main] o.s.jdbc.datasource.init.ScriptUtils     : Executing SQL script from class path resource [sql/create-user-before.sql]
2025-06-15T06:05:33.234Z DEBUG 2697 --- [           main] o.s.jdbc.datasource.init.ScriptUtils     : 1 returned as update count for SQL: insert into users(id, email, first_name, last_name, city, address, phone_number, post_index, activation_code, active, password, password_reset_code, provider) values(1, 'admin@gmail.com', 'Admin', 'Admin', null, null, null, null, null, true, '$2a$08$kS2f5m8eYoNpc.ZECzndGuXiqaWmCaFfOGMQquodP48qrD7.cQG4y', null, 'LOCAL')
2025-06-15T06:05:33.235Z DEBUG 2697 --- [           main] o.s.jdbc.datasource.init.ScriptUtils     : 1 returned as update count for SQL: insert into users(id, email, first_name, last_name, city, address, phone_number, post_index, activation_code, active, password, password_reset_code, provider) values(122, 'test123@test.com', 'John', 'Doe', 'New York', 'Wall Street 1', '1234567890', '1234567890', null, true, '$2a$08$kS2f5m8eYoNpc.ZECzndGuXiqaWmCaFfOGMQquodP48qrD7.cQG4y', null, 'LOCAL')
2025-06-15T06:05:33.235Z DEBUG 2697 --- [           main] o.s.jdbc.datasource.init.ScriptUtils     : 1 returned as update count for SQL: insert into users(id, email, first_name, last_name, city, address, phone_number, post_index, activation_code, active, password, password_reset_code, provider) values (126, 'helloworld@test.com', 'John2', 'Doe2', 'New York', 'Wall Street1', '1234567890', '1234567890','8e97dc37-2cf5-47e2-98e0',false,'$2a$08$kS2f5m8eYoNpc.ZECzndGuXiqaWmCaFfOGMQquodP48qrD7.cQG4y','3f9bcdb0-2241-4c34-803e-598b497d571f', 'LOCAL')
2025-06-15T06:05:33.236Z DEBUG 2697 --- [           main] o.s.jdbc.datasource.init.ScriptUtils     : 1 returned as update count for SQL: insert into user_role (user_id, roles) values (1, 'ADMIN')
2025-06-15T06:05:33.237Z DEBUG 2697 --- [           main] o.s.jdbc.datasource.init.ScriptUtils     : 1 returned as update count for SQL: insert into user_role (user_id, roles) values (122, 'USER')
2025-06-15T06:05:33.237Z DEBUG 2697 --- [           main] o.s.jdbc.datasource.init.ScriptUtils     : 1 returned as update count for SQL: insert into user_role (user_id, roles) values (126, 'USER')
2025-06-15T06:05:33.237Z DEBUG 2697 --- [           main] o.s.jdbc.datasource.init.ScriptUtils     : Executed SQL script from class path resource [sql/create-user-before.sql] in 5 ms.
2025-06-15T06:05:33.237Z DEBUG 2697 --- [           main] o.s.orm.jpa.JpaTransactionManager        : Initiating transaction commit
2025-06-15T06:05:33.237Z DEBUG 2697 --- [           main] o.s.orm.jpa.JpaTransactionManager        : Committing JPA transaction on EntityManager [SessionImpl(520685349<open>)]
2025-06-15T06:05:33.240Z DEBUG 2697 --- [           main] o.s.orm.jpa.JpaTransactionManager        : Closing JPA EntityManager [SessionImpl(520685349<open>)] after transaction
2025-06-15T06:05:33.241Z DEBUG 2697 --- [           main] org.springframework.test.context.cache   : Spring test ApplicationContext cache statistics: [DefaultContextCache@7c357b9 size = 1, maxSize = 32, parentContextCount = 0, hitCount = 98, missCount = 1, failureCount = 0]
2025-06-15T06:05:33.241Z DEBUG 2697 --- [           main] org.springframework.test.context.cache   : Spring test ApplicationContext cache statistics: [DefaultContextCache@7c357b9 size = 1, maxSize = 32, parentContextCount = 0, hitCount = 99, missCount = 1, failureCount = 0]
2025-06-15T06:05:33.243Z DEBUG 2697 --- [           main] org.springframework.test.context.cache   : Spring test ApplicationContext cache statistics: [DefaultContextCache@7c357b9 size = 1, maxSize = 32, parentContextCount = 0, hitCount = 100, missCount = 1, failureCount = 0]
2025-06-15T06:05:33.248Z DEBUG 2697 --- [           main] org.springframework.test.context.cache   : Spring test ApplicationContext cache statistics: [DefaultContextCache@7c357b9 size = 1, maxSize = 32, parentContextCount = 0, hitCount = 101, missCount = 1, failureCount = 0]
2025-06-15T06:05:33.255Z DEBUG 2697 --- [           main] o.s.test.util.ReflectionTestUtils        : Invoking method 'getFilters' on target object [FilterChainProxy[Filter Chains: null]] or target class [null] with arguments {org.springframework.mock.web.MockHttpServletRequest@3306749a}
2025-06-15T06:05:33.255Z DEBUG 2697 --- [           main] o.s.test.util.ReflectionTestUtils        : Getting field 'tokenRepository' from target object [org.springframework.security.web.csrf.CsrfFilter@66dc4a2b] or target class [class org.springframework.security.web.csrf.CsrfFilter]
2025-06-15T06:05:33.255Z DEBUG 2697 --- [           main] o.s.test.util.ReflectionTestUtils        : Invoking method 'getFilters' on target object [FilterChainProxy[Filter Chains: null]] or target class [null] with arguments {org.springframework.mock.web.MockHttpServletRequest@3306749a}
2025-06-15T06:05:33.255Z DEBUG 2697 --- [           main] o.s.test.util.ReflectionTestUtils        : Getting field 'requestHandler' from target object [org.springframework.security.web.csrf.CsrfFilter@66dc4a2b] or target class [class org.springframework.security.web.csrf.CsrfFilter]
2025-06-15T06:05:33.259Z DEBUG 2697 --- [           main] o.s.security.web.FilterChainProxy        : Securing POST /api/v1/auth/reset
2025-06-15T06:05:33.260Z DEBUG 2697 --- [           main] o.s.s.w.a.AnonymousAuthenticationFilter  : Set SecurityContextHolder to anonymous SecurityContext
2025-06-15T06:05:33.261Z DEBUG 2697 --- [           main] o.s.security.web.FilterChainProxy        : Secured POST /api/v1/auth/reset
2025-06-15T06:05:33.261Z DEBUG 2697 --- [           main] o.s.t.web.servlet.TestDispatcherServlet  : POST "/api/v1/auth/reset", parameters={masked}
2025-06-15T06:05:33.264Z DEBUG 2697 --- [           main] s.w.s.m.m.a.RequestMappingHandlerMapping : Mapped to com.gmail.merikbest2015.ecommerce.controller.AuthenticationController#passwordReset(PasswordResetRequest)
2025-06-15T06:05:33.264Z DEBUG 2697 --- [           main] o.j.s.OpenEntityManagerInViewInterceptor : Opening JPA EntityManager in OpenEntityManagerInViewInterceptor
2025-06-15T06:05:33.267Z DEBUG 2697 --- [           main] m.m.a.RequestResponseBodyMethodProcessor : Read "application/json;charset=UTF-8" to [PasswordResetRequest(email=test123@test.com, password=admin123, password2=12345)]
2025-06-15T06:05:33.267Z  INFO 2697 --- [           main] c.g.m.e.c.AuthenticationController       : Password reset requested for email: test123@test.com
2025-06-15T06:05:33.267Z DEBUG 2697 --- [           main] o.s.orm.jpa.JpaTransactionManager        : Found thread-bound EntityManager [SessionImpl(542853285<open>)] for JPA transaction
2025-06-15T06:05:33.267Z DEBUG 2697 --- [           main] o.s.orm.jpa.JpaTransactionManager        : Creating new transaction with name [com.gmail.merikbest2015.ecommerce.service.Impl.AuthenticationServiceImpl.passwordReset]: PROPAGATION_REQUIRED,ISOLATION_DEFAULT
2025-06-15T06:05:33.268Z DEBUG 2697 --- [           main] o.s.orm.jpa.JpaTransactionManager        : Exposing JPA transaction as JDBC [org.springframework.orm.jpa.vendor.HibernateJpaDialect$HibernateConnectionHandle@7b485a3c]
2025-06-15T06:05:33.268Z  WARN 2697 --- [           main] c.g.m.e.s.I.AuthenticationServiceImpl    : Password mismatch during reset for 'test123@test.com'
2025-06-15T06:05:33.268Z DEBUG 2697 --- [           main] o.s.orm.jpa.JpaTransactionManager        : Initiating transaction rollback
2025-06-15T06:05:33.268Z DEBUG 2697 --- [           main] o.s.orm.jpa.JpaTransactionManager        : Rolling back JPA transaction on EntityManager [SessionImpl(542853285<open>)]
2025-06-15T06:05:33.269Z DEBUG 2697 --- [           main] o.s.orm.jpa.JpaTransactionManager        : Not closing pre-bound JPA EntityManager after transaction
2025-06-15T06:05:33.269Z DEBUG 2697 --- [           main] .m.m.a.ExceptionHandlerExceptionResolver : Using @ExceptionHandler com.gmail.merikbest2015.ecommerce.exception.ApiExceptionHandler#handlePasswordException(PasswordException)
2025-06-15T06:05:33.286Z DEBUG 2697 --- [           main] o.s.w.s.m.m.a.HttpEntityMethodProcessor  : Using 'application/json', given [*/*] and supported [application/json, application/*+json, application/yaml]
2025-06-15T06:05:33.287Z DEBUG 2697 --- [           main] o.s.w.s.m.m.a.HttpEntityMethodProcessor  : Writing [com.gmail.merikbest2015.ecommerce.exception.PasswordException]
2025-06-15T06:05:33.327Z DEBUG 2697 --- [           main] .m.m.a.ExceptionHandlerExceptionResolver : Resolved [com.gmail.merikbest2015.ecommerce.exception.PasswordException]
2025-06-15T06:05:33.327Z DEBUG 2697 --- [           main] o.j.s.OpenEntityManagerInViewInterceptor : Closing JPA EntityManager in OpenEntityManagerInViewInterceptor
2025-06-15T06:05:33.327Z DEBUG 2697 --- [           main] o.s.t.web.servlet.TestDispatcherServlet  : Completed 400 BAD_REQUEST
2025-06-15T06:05:33.345Z DEBUG 2697 --- [           main] org.springframework.test.context.cache   : Spring test ApplicationContext cache statistics: [DefaultContextCache@7c357b9 size = 1, maxSize = 32, parentContextCount = 0, hitCount = 102, missCount = 1, failureCount = 0]
2025-06-15T06:05:33.345Z DEBUG 2697 --- [           main] org.springframework.test.context.cache   : Spring test ApplicationContext cache statistics: [DefaultContextCache@7c357b9 size = 1, maxSize = 32, parentContextCount = 0, hitCount = 103, missCount = 1, failureCount = 0]
2025-06-15T06:05:33.347Z DEBUG 2697 --- [           main] org.springframework.test.context.cache   : Spring test ApplicationContext cache statistics: [DefaultContextCache@7c357b9 size = 1, maxSize = 32, parentContextCount = 0, hitCount = 104, missCount = 1, failureCount = 0]
2025-06-15T06:05:33.347Z DEBUG 2697 --- [           main] org.springframework.test.context.cache   : Spring test ApplicationContext cache statistics: [DefaultContextCache@7c357b9 size = 1, maxSize = 32, parentContextCount = 0, hitCount = 105, missCount = 1, failureCount = 0]
2025-06-15T06:05:33.348Z DEBUG 2697 --- [           main] org.springframework.test.context.cache   : Spring test ApplicationContext cache statistics: [DefaultContextCache@7c357b9 size = 1, maxSize = 32, parentContextCount = 0, hitCount = 106, missCount = 1, failureCount = 0]
2025-06-15T06:05:33.348Z DEBUG 2697 --- [           main] org.springframework.test.context.cache   : Spring test ApplicationContext cache statistics: [DefaultContextCache@7c357b9 size = 1, maxSize = 32, parentContextCount = 0, hitCount = 107, missCount = 1, failureCount = 0]
2025-06-15T06:05:33.354Z DEBUG 2697 --- [           main] org.springframework.test.context.cache   : Spring test ApplicationContext cache statistics: [DefaultContextCache@7c357b9 size = 1, maxSize = 32, parentContextCount = 0, hitCount = 108, missCount = 1, failureCount = 0]
2025-06-15T06:05:33.354Z DEBUG 2697 --- [           main] org.springframework.test.context.cache   : Spring test ApplicationContext cache statistics: [DefaultContextCache@7c357b9 size = 1, maxSize = 32, parentContextCount = 0, hitCount = 109, missCount = 1, failureCount = 0]
2025-06-15T06:05:33.354Z DEBUG 2697 --- [           main] .s.t.c.j.SqlScriptsTestExecutionListener : Processing merged @SqlConfig attributes for execution phase [AFTER_TEST_METHOD] and test class [com.gmail.merikbest2015.ecommerce.controller.AuthenticationControllerTest]
2025-06-15T06:05:33.354Z DEBUG 2697 --- [           main] org.springframework.test.context.cache   : Spring test ApplicationContext cache statistics: [DefaultContextCache@7c357b9 size = 1, maxSize = 32, parentContextCount = 0, hitCount = 110, missCount = 1, failureCount = 0]
2025-06-15T06:05:33.354Z DEBUG 2697 --- [           main] .s.t.c.j.SqlScriptsTestExecutionListener : Executing SQL scripts: [class path resource [sql/create-user-after.sql]]
2025-06-15T06:05:33.355Z DEBUG 2697 --- [           main] org.springframework.test.context.cache   : Spring test ApplicationContext cache statistics: [DefaultContextCache@7c357b9 size = 1, maxSize = 32, parentContextCount = 0, hitCount = 111, missCount = 1, failureCount = 0]
2025-06-15T06:05:33.355Z DEBUG 2697 --- [           main] org.springframework.test.context.cache   : Spring test ApplicationContext cache statistics: [DefaultContextCache@7c357b9 size = 1, maxSize = 32, parentContextCount = 0, hitCount = 112, missCount = 1, failureCount = 0]
2025-06-15T06:05:33.355Z DEBUG 2697 --- [           main] o.s.orm.jpa.JpaTransactionManager        : Creating new transaction with name [com.gmail.merikbest2015.ecommerce.controller.AuthenticationControllerTest]: PROPAGATION_REQUIRED,ISOLATION_DEFAULT
2025-06-15T06:05:33.355Z DEBUG 2697 --- [           main] o.s.orm.jpa.JpaTransactionManager        : Opened new EntityManager [SessionImpl(1397969313<open>)] for JPA transaction
2025-06-15T06:05:33.355Z DEBUG 2697 --- [           main] o.s.orm.jpa.JpaTransactionManager        : Exposing JPA transaction as JDBC [org.springframework.orm.jpa.vendor.HibernateJpaDialect$HibernateConnectionHandle@4ff56021]
2025-06-15T06:05:33.355Z DEBUG 2697 --- [           main] o.s.jdbc.datasource.init.ScriptUtils     : Executing SQL script from class path resource [sql/create-user-after.sql]
2025-06-15T06:05:33.357Z DEBUG 2697 --- [           main] o.s.jdbc.datasource.init.ScriptUtils     : 3 returned as update count for SQL: delete from user_role
2025-06-15T06:05:33.358Z DEBUG 2697 --- [           main] o.s.jdbc.datasource.init.ScriptUtils     : 3 returned as update count for SQL: delete from users
2025-06-15T06:05:33.358Z DEBUG 2697 --- [           main] o.s.jdbc.datasource.init.ScriptUtils     : Executed SQL script from class path resource [sql/create-user-after.sql] in 3 ms.
2025-06-15T06:05:33.358Z DEBUG 2697 --- [           main] o.s.orm.jpa.JpaTransactionManager        : Initiating transaction commit
2025-06-15T06:05:33.358Z DEBUG 2697 --- [           main] o.s.orm.jpa.JpaTransactionManager        : Committing JPA transaction on EntityManager [SessionImpl(1397969313<open>)]
2025-06-15T06:05:33.360Z DEBUG 2697 --- [           main] o.s.orm.jpa.JpaTransactionManager        : Closing JPA EntityManager [SessionImpl(1397969313<open>)] after transaction
2025-06-15T06:05:33.360Z DEBUG 2697 --- [           main] .c.s.DirtiesContextTestExecutionListener : After test method: class [AuthenticationControllerTest], method [passwordReset_ShouldPasswordsNotMatch], class annotated with @DirtiesContext [false] with mode [null], method annotated with @DirtiesContext [false] with mode [null]
2025-06-15T06:05:33.360Z DEBUG 2697 --- [           main] ObservationRegistryTestExecutionListener : Restoring ObservationRegistry in ObservationThreadLocalAccessor for test class com.gmail.merikbest2015.ecommerce.controller.AuthenticationControllerTest
2025-06-15T06:05:33.360Z DEBUG 2697 --- [           main] o.s.t.c.w.ServletTestExecutionListener   : Resetting RequestContextHolder for test class com.gmail.merikbest2015.ecommerce.controller.AuthenticationControllerTest
]]></system-out>
  </testcase>
  <testcase name="getPasswordResetCode" classname="com.gmail.merikbest2015.ecommerce.controller.AuthenticationControllerTest" time="0.15">
    <system-out><![CDATA[2025-06-15T06:05:33.365Z DEBUG 2697 --- [           main] org.springframework.test.context.cache   : Spring test ApplicationContext cache statistics: [DefaultContextCache@7c357b9 size = 1, maxSize = 32, parentContextCount = 0, hitCount = 113, missCount = 1, failureCount = 0]
2025-06-15T06:05:33.365Z DEBUG 2697 --- [           main] o.s.t.c.w.ServletTestExecutionListener   : Setting up MockHttpServletRequest, MockHttpServletResponse, ServletWebRequest, and RequestContextHolder for test class com.gmail.merikbest2015.ecommerce.controller.AuthenticationControllerTest
2025-06-15T06:05:33.366Z DEBUG 2697 --- [           main] DependencyInjectionTestExecutionListener : Performing dependency injection for test class com.gmail.merikbest2015.ecommerce.controller.AuthenticationControllerTest
2025-06-15T06:05:33.366Z DEBUG 2697 --- [           main] org.springframework.test.context.cache   : Spring test ApplicationContext cache statistics: [DefaultContextCache@7c357b9 size = 1, maxSize = 32, parentContextCount = 0, hitCount = 114, missCount = 1, failureCount = 0]
2025-06-15T06:05:33.366Z DEBUG 2697 --- [           main] org.springframework.test.context.cache   : Spring test ApplicationContext cache statistics: [DefaultContextCache@7c357b9 size = 1, maxSize = 32, parentContextCount = 0, hitCount = 115, missCount = 1, failureCount = 0]
2025-06-15T06:05:33.367Z DEBUG 2697 --- [           main] sContextBeforeModesTestExecutionListener : Before test method: class [AuthenticationControllerTest], method [getPasswordResetCode], class annotated with @DirtiesContext [false] with mode [null], method annotated with @DirtiesContext [false] with mode [null]
2025-06-15T06:05:33.367Z DEBUG 2697 --- [           main] org.springframework.test.context.cache   : Spring test ApplicationContext cache statistics: [DefaultContextCache@7c357b9 size = 1, maxSize = 32, parentContextCount = 0, hitCount = 116, missCount = 1, failureCount = 0]
2025-06-15T06:05:33.367Z DEBUG 2697 --- [           main] ObservationRegistryTestExecutionListener : Registering ObservationRegistry from ApplicationContext in ObservationThreadLocalAccessor for test class com.gmail.merikbest2015.ecommerce.controller.AuthenticationControllerTest
2025-06-15T06:05:33.367Z DEBUG 2697 --- [           main] .s.t.c.j.SqlScriptsTestExecutionListener : Processing merged @SqlConfig attributes for execution phase [BEFORE_TEST_METHOD] and test class [com.gmail.merikbest2015.ecommerce.controller.AuthenticationControllerTest]
2025-06-15T06:05:33.367Z DEBUG 2697 --- [           main] org.springframework.test.context.cache   : Spring test ApplicationContext cache statistics: [DefaultContextCache@7c357b9 size = 1, maxSize = 32, parentContextCount = 0, hitCount = 117, missCount = 1, failureCount = 0]
2025-06-15T06:05:33.367Z DEBUG 2697 --- [           main] .s.t.c.j.SqlScriptsTestExecutionListener : Executing SQL scripts: [class path resource [sql/create-user-before.sql]]
2025-06-15T06:05:33.367Z DEBUG 2697 --- [           main] org.springframework.test.context.cache   : Spring test ApplicationContext cache statistics: [DefaultContextCache@7c357b9 size = 1, maxSize = 32, parentContextCount = 0, hitCount = 118, missCount = 1, failureCount = 0]
2025-06-15T06:05:33.368Z DEBUG 2697 --- [           main] org.springframework.test.context.cache   : Spring test ApplicationContext cache statistics: [DefaultContextCache@7c357b9 size = 1, maxSize = 32, parentContextCount = 0, hitCount = 119, missCount = 1, failureCount = 0]
2025-06-15T06:05:33.368Z DEBUG 2697 --- [           main] o.s.orm.jpa.JpaTransactionManager        : Creating new transaction with name [com.gmail.merikbest2015.ecommerce.controller.AuthenticationControllerTest]: PROPAGATION_REQUIRED,ISOLATION_DEFAULT
2025-06-15T06:05:33.368Z DEBUG 2697 --- [           main] o.s.orm.jpa.JpaTransactionManager        : Opened new EntityManager [SessionImpl(1210547390<open>)] for JPA transaction
2025-06-15T06:05:33.368Z DEBUG 2697 --- [           main] o.s.orm.jpa.JpaTransactionManager        : Exposing JPA transaction as JDBC [org.springframework.orm.jpa.vendor.HibernateJpaDialect$HibernateConnectionHandle@130f242]
2025-06-15T06:05:33.374Z DEBUG 2697 --- [           main] o.s.jdbc.datasource.init.ScriptUtils     : Executing SQL script from class path resource [sql/create-user-before.sql]
2025-06-15T06:05:33.376Z DEBUG 2697 --- [           main] o.s.jdbc.datasource.init.ScriptUtils     : 1 returned as update count for SQL: insert into users(id, email, first_name, last_name, city, address, phone_number, post_index, activation_code, active, password, password_reset_code, provider) values(1, 'admin@gmail.com', 'Admin', 'Admin', null, null, null, null, null, true, '$2a$08$kS2f5m8eYoNpc.ZECzndGuXiqaWmCaFfOGMQquodP48qrD7.cQG4y', null, 'LOCAL')
2025-06-15T06:05:33.378Z DEBUG 2697 --- [           main] o.s.jdbc.datasource.init.ScriptUtils     : 1 returned as update count for SQL: insert into users(id, email, first_name, last_name, city, address, phone_number, post_index, activation_code, active, password, password_reset_code, provider) values(122, 'test123@test.com', 'John', 'Doe', 'New York', 'Wall Street 1', '1234567890', '1234567890', null, true, '$2a$08$kS2f5m8eYoNpc.ZECzndGuXiqaWmCaFfOGMQquodP48qrD7.cQG4y', null, 'LOCAL')
2025-06-15T06:05:33.379Z DEBUG 2697 --- [           main] o.s.jdbc.datasource.init.ScriptUtils     : 1 returned as update count for SQL: insert into users(id, email, first_name, last_name, city, address, phone_number, post_index, activation_code, active, password, password_reset_code, provider) values (126, 'helloworld@test.com', 'John2', 'Doe2', 'New York', 'Wall Street1', '1234567890', '1234567890','8e97dc37-2cf5-47e2-98e0',false,'$2a$08$kS2f5m8eYoNpc.ZECzndGuXiqaWmCaFfOGMQquodP48qrD7.cQG4y','3f9bcdb0-2241-4c34-803e-598b497d571f', 'LOCAL')
2025-06-15T06:05:33.379Z DEBUG 2697 --- [           main] o.s.jdbc.datasource.init.ScriptUtils     : 1 returned as update count for SQL: insert into user_role (user_id, roles) values (1, 'ADMIN')
2025-06-15T06:05:33.380Z DEBUG 2697 --- [           main] o.s.jdbc.datasource.init.ScriptUtils     : 1 returned as update count for SQL: insert into user_role (user_id, roles) values (122, 'USER')
2025-06-15T06:05:33.380Z DEBUG 2697 --- [           main] o.s.jdbc.datasource.init.ScriptUtils     : 1 returned as update count for SQL: insert into user_role (user_id, roles) values (126, 'USER')
2025-06-15T06:05:33.380Z DEBUG 2697 --- [           main] o.s.jdbc.datasource.init.ScriptUtils     : Executed SQL script from class path resource [sql/create-user-before.sql] in 6 ms.
2025-06-15T06:05:33.380Z DEBUG 2697 --- [           main] o.s.orm.jpa.JpaTransactionManager        : Initiating transaction commit
2025-06-15T06:05:33.380Z DEBUG 2697 --- [           main] o.s.orm.jpa.JpaTransactionManager        : Committing JPA transaction on EntityManager [SessionImpl(1210547390<open>)]
2025-06-15T06:05:33.382Z DEBUG 2697 --- [           main] o.s.orm.jpa.JpaTransactionManager        : Closing JPA EntityManager [SessionImpl(1210547390<open>)] after transaction
2025-06-15T06:05:33.383Z DEBUG 2697 --- [           main] org.springframework.test.context.cache   : Spring test ApplicationContext cache statistics: [DefaultContextCache@7c357b9 size = 1, maxSize = 32, parentContextCount = 0, hitCount = 120, missCount = 1, failureCount = 0]
2025-06-15T06:05:33.383Z DEBUG 2697 --- [           main] org.springframework.test.context.cache   : Spring test ApplicationContext cache statistics: [DefaultContextCache@7c357b9 size = 1, maxSize = 32, parentContextCount = 0, hitCount = 121, missCount = 1, failureCount = 0]
2025-06-15T06:05:33.388Z DEBUG 2697 --- [           main] org.springframework.test.context.cache   : Spring test ApplicationContext cache statistics: [DefaultContextCache@7c357b9 size = 1, maxSize = 32, parentContextCount = 0, hitCount = 122, missCount = 1, failureCount = 0]
2025-06-15T06:05:33.389Z DEBUG 2697 --- [           main] org.springframework.test.context.cache   : Spring test ApplicationContext cache statistics: [DefaultContextCache@7c357b9 size = 1, maxSize = 32, parentContextCount = 0, hitCount = 123, missCount = 1, failureCount = 0]
2025-06-15T06:05:33.394Z DEBUG 2697 --- [           main] o.s.security.web.FilterChainProxy        : Securing GET /api/v1/auth/reset/3f9bcdb0-2241-4c34-803e-598b497d571f
2025-06-15T06:05:33.395Z DEBUG 2697 --- [           main] o.s.s.w.a.AnonymousAuthenticationFilter  : Set SecurityContextHolder to anonymous SecurityContext
2025-06-15T06:05:33.396Z DEBUG 2697 --- [           main] o.s.security.web.FilterChainProxy        : Secured GET /api/v1/auth/reset/3f9bcdb0-2241-4c34-803e-598b497d571f
2025-06-15T06:05:33.396Z DEBUG 2697 --- [           main] o.s.t.web.servlet.TestDispatcherServlet  : GET "/api/v1/auth/reset/3f9bcdb0-2241-4c34-803e-598b497d571f", parameters={}
2025-06-15T06:05:33.399Z DEBUG 2697 --- [           main] s.w.s.m.m.a.RequestMappingHandlerMapping : Mapped to com.gmail.merikbest2015.ecommerce.controller.AuthenticationController#getEmailByPasswordResetCode(String)
2025-06-15T06:05:33.399Z DEBUG 2697 --- [           main] o.j.s.OpenEntityManagerInViewInterceptor : Opening JPA EntityManager in OpenEntityManagerInViewInterceptor
2025-06-15T06:05:33.408Z  INFO 2697 --- [           main] c.g.m.e.c.AuthenticationController       : Retrieving email by password reset code: 3f9bcdb0-2241-4c34-803e-598b497d571f
2025-06-15T06:05:33.408Z  INFO 2697 --- [           main] c.g.m.e.s.I.AuthenticationServiceImpl    : Retrieving email by password reset code '3f9bcdb0-2241-4c34-803e-598b497d571f'
CLASS: [AuthenticationController], METHOD: [getEmailByPasswordResetCode()], REQUEST: 3f9bcdb0-2241-4c34-803e-598b497d571f
CLASS: [AuthenticationController], METHOD: [getEmailByPasswordResetCode()], RESPONSE: <200 OK OK,helloworld@test.com,[]>
2025-06-15T06:05:33.503Z DEBUG 2697 --- [           main] o.s.w.s.m.m.a.HttpEntityMethodProcessor  : Using 'text/plain', given [*/*] and supported [text/plain, */*, application/json, application/*+json, application/yaml]
2025-06-15T06:05:33.503Z DEBUG 2697 --- [           main] o.s.w.s.m.m.a.HttpEntityMethodProcessor  : Writing ["helloworld@test.com"]
2025-06-15T06:05:33.504Z DEBUG 2697 --- [           main] o.j.s.OpenEntityManagerInViewInterceptor : Closing JPA EntityManager in OpenEntityManagerInViewInterceptor
2025-06-15T06:05:33.504Z DEBUG 2697 --- [           main] o.s.t.web.servlet.TestDispatcherServlet  : Completed 200 OK
2025-06-15T06:05:33.507Z DEBUG 2697 --- [           main] org.springframework.test.context.cache   : Spring test ApplicationContext cache statistics: [DefaultContextCache@7c357b9 size = 1, maxSize = 32, parentContextCount = 0, hitCount = 124, missCount = 1, failureCount = 0]
2025-06-15T06:05:33.508Z DEBUG 2697 --- [           main] org.springframework.test.context.cache   : Spring test ApplicationContext cache statistics: [DefaultContextCache@7c357b9 size = 1, maxSize = 32, parentContextCount = 0, hitCount = 125, missCount = 1, failureCount = 0]
2025-06-15T06:05:33.509Z DEBUG 2697 --- [           main] org.springframework.test.context.cache   : Spring test ApplicationContext cache statistics: [DefaultContextCache@7c357b9 size = 1, maxSize = 32, parentContextCount = 0, hitCount = 126, missCount = 1, failureCount = 0]
2025-06-15T06:05:33.509Z DEBUG 2697 --- [           main] org.springframework.test.context.cache   : Spring test ApplicationContext cache statistics: [DefaultContextCache@7c357b9 size = 1, maxSize = 32, parentContextCount = 0, hitCount = 127, missCount = 1, failureCount = 0]
2025-06-15T06:05:33.509Z DEBUG 2697 --- [           main] org.springframework.test.context.cache   : Spring test ApplicationContext cache statistics: [DefaultContextCache@7c357b9 size = 1, maxSize = 32, parentContextCount = 0, hitCount = 128, missCount = 1, failureCount = 0]
2025-06-15T06:05:33.510Z DEBUG 2697 --- [           main] org.springframework.test.context.cache   : Spring test ApplicationContext cache statistics: [DefaultContextCache@7c357b9 size = 1, maxSize = 32, parentContextCount = 0, hitCount = 129, missCount = 1, failureCount = 0]
2025-06-15T06:05:33.511Z DEBUG 2697 --- [           main] org.springframework.test.context.cache   : Spring test ApplicationContext cache statistics: [DefaultContextCache@7c357b9 size = 1, maxSize = 32, parentContextCount = 0, hitCount = 130, missCount = 1, failureCount = 0]
2025-06-15T06:05:33.511Z DEBUG 2697 --- [           main] org.springframework.test.context.cache   : Spring test ApplicationContext cache statistics: [DefaultContextCache@7c357b9 size = 1, maxSize = 32, parentContextCount = 0, hitCount = 131, missCount = 1, failureCount = 0]
2025-06-15T06:05:33.512Z DEBUG 2697 --- [           main] .s.t.c.j.SqlScriptsTestExecutionListener : Processing merged @SqlConfig attributes for execution phase [AFTER_TEST_METHOD] and test class [com.gmail.merikbest2015.ecommerce.controller.AuthenticationControllerTest]
2025-06-15T06:05:33.512Z DEBUG 2697 --- [           main] org.springframework.test.context.cache   : Spring test ApplicationContext cache statistics: [DefaultContextCache@7c357b9 size = 1, maxSize = 32, parentContextCount = 0, hitCount = 132, missCount = 1, failureCount = 0]
2025-06-15T06:05:33.512Z DEBUG 2697 --- [           main] .s.t.c.j.SqlScriptsTestExecutionListener : Executing SQL scripts: [class path resource [sql/create-user-after.sql]]
2025-06-15T06:05:33.512Z DEBUG 2697 --- [           main] org.springframework.test.context.cache   : Spring test ApplicationContext cache statistics: [DefaultContextCache@7c357b9 size = 1, maxSize = 32, parentContextCount = 0, hitCount = 133, missCount = 1, failureCount = 0]
2025-06-15T06:05:33.512Z DEBUG 2697 --- [           main] org.springframework.test.context.cache   : Spring test ApplicationContext cache statistics: [DefaultContextCache@7c357b9 size = 1, maxSize = 32, parentContextCount = 0, hitCount = 134, missCount = 1, failureCount = 0]
2025-06-15T06:05:33.512Z DEBUG 2697 --- [           main] o.s.orm.jpa.JpaTransactionManager        : Creating new transaction with name [com.gmail.merikbest2015.ecommerce.controller.AuthenticationControllerTest]: PROPAGATION_REQUIRED,ISOLATION_DEFAULT
2025-06-15T06:05:33.512Z DEBUG 2697 --- [           main] o.s.orm.jpa.JpaTransactionManager        : Opened new EntityManager [SessionImpl(1416303552<open>)] for JPA transaction
2025-06-15T06:05:33.512Z DEBUG 2697 --- [           main] o.s.orm.jpa.JpaTransactionManager        : Exposing JPA transaction as JDBC [org.springframework.orm.jpa.vendor.HibernateJpaDialect$HibernateConnectionHandle@5f1d5bf2]
2025-06-15T06:05:33.512Z DEBUG 2697 --- [           main] o.s.jdbc.datasource.init.ScriptUtils     : Executing SQL script from class path resource [sql/create-user-after.sql]
2025-06-15T06:05:33.514Z DEBUG 2697 --- [           main] o.s.jdbc.datasource.init.ScriptUtils     : 3 returned as update count for SQL: delete from user_role
2025-06-15T06:05:33.514Z DEBUG 2697 --- [           main] o.s.jdbc.datasource.init.ScriptUtils     : 3 returned as update count for SQL: delete from users
2025-06-15T06:05:33.514Z DEBUG 2697 --- [           main] o.s.jdbc.datasource.init.ScriptUtils     : Executed SQL script from class path resource [sql/create-user-after.sql] in 2 ms.
2025-06-15T06:05:33.514Z DEBUG 2697 --- [           main] o.s.orm.jpa.JpaTransactionManager        : Initiating transaction commit
2025-06-15T06:05:33.514Z DEBUG 2697 --- [           main] o.s.orm.jpa.JpaTransactionManager        : Committing JPA transaction on EntityManager [SessionImpl(1416303552<open>)]
2025-06-15T06:05:33.515Z DEBUG 2697 --- [           main] o.s.orm.jpa.JpaTransactionManager        : Closing JPA EntityManager [SessionImpl(1416303552<open>)] after transaction
2025-06-15T06:05:33.515Z DEBUG 2697 --- [           main] .c.s.DirtiesContextTestExecutionListener : After test method: class [AuthenticationControllerTest], method [getPasswordResetCode], class annotated with @DirtiesContext [false] with mode [null], method annotated with @DirtiesContext [false] with mode [null]
2025-06-15T06:05:33.515Z DEBUG 2697 --- [           main] ObservationRegistryTestExecutionListener : Restoring ObservationRegistry in ObservationThreadLocalAccessor for test class com.gmail.merikbest2015.ecommerce.controller.AuthenticationControllerTest
2025-06-15T06:05:33.515Z DEBUG 2697 --- [           main] o.s.t.c.w.ServletTestExecutionListener   : Resetting RequestContextHolder for test class com.gmail.merikbest2015.ecommerce.controller.AuthenticationControllerTest
]]></system-out>
  </testcase>
  <testcase name="login_ShouldEmailOrPasswordBeNotValid" classname="com.gmail.merikbest2015.ecommerce.controller.AuthenticationControllerTest" time="0.128">
    <system-out><![CDATA[2025-06-15T06:05:33.516Z DEBUG 2697 --- [           main] org.springframework.test.context.cache   : Spring test ApplicationContext cache statistics: [DefaultContextCache@7c357b9 size = 1, maxSize = 32, parentContextCount = 0, hitCount = 135, missCount = 1, failureCount = 0]
2025-06-15T06:05:33.516Z DEBUG 2697 --- [           main] o.s.t.c.w.ServletTestExecutionListener   : Setting up MockHttpServletRequest, MockHttpServletResponse, ServletWebRequest, and RequestContextHolder for test class com.gmail.merikbest2015.ecommerce.controller.AuthenticationControllerTest
2025-06-15T06:05:33.516Z DEBUG 2697 --- [           main] DependencyInjectionTestExecutionListener : Performing dependency injection for test class com.gmail.merikbest2015.ecommerce.controller.AuthenticationControllerTest
2025-06-15T06:05:33.516Z DEBUG 2697 --- [           main] org.springframework.test.context.cache   : Spring test ApplicationContext cache statistics: [DefaultContextCache@7c357b9 size = 1, maxSize = 32, parentContextCount = 0, hitCount = 136, missCount = 1, failureCount = 0]
2025-06-15T06:05:33.517Z DEBUG 2697 --- [           main] org.springframework.test.context.cache   : Spring test ApplicationContext cache statistics: [DefaultContextCache@7c357b9 size = 1, maxSize = 32, parentContextCount = 0, hitCount = 137, missCount = 1, failureCount = 0]
2025-06-15T06:05:33.517Z DEBUG 2697 --- [           main] sContextBeforeModesTestExecutionListener : Before test method: class [AuthenticationControllerTest], method [login_ShouldEmailOrPasswordBeNotValid], class annotated with @DirtiesContext [false] with mode [null], method annotated with @DirtiesContext [false] with mode [null]
2025-06-15T06:05:33.517Z DEBUG 2697 --- [           main] org.springframework.test.context.cache   : Spring test ApplicationContext cache statistics: [DefaultContextCache@7c357b9 size = 1, maxSize = 32, parentContextCount = 0, hitCount = 138, missCount = 1, failureCount = 0]
2025-06-15T06:05:33.517Z DEBUG 2697 --- [           main] ObservationRegistryTestExecutionListener : Registering ObservationRegistry from ApplicationContext in ObservationThreadLocalAccessor for test class com.gmail.merikbest2015.ecommerce.controller.AuthenticationControllerTest
2025-06-15T06:05:33.518Z DEBUG 2697 --- [           main] .s.t.c.j.SqlScriptsTestExecutionListener : Processing merged @SqlConfig attributes for execution phase [BEFORE_TEST_METHOD] and test class [com.gmail.merikbest2015.ecommerce.controller.AuthenticationControllerTest]
2025-06-15T06:05:33.518Z DEBUG 2697 --- [           main] org.springframework.test.context.cache   : Spring test ApplicationContext cache statistics: [DefaultContextCache@7c357b9 size = 1, maxSize = 32, parentContextCount = 0, hitCount = 139, missCount = 1, failureCount = 0]
2025-06-15T06:05:33.518Z DEBUG 2697 --- [           main] .s.t.c.j.SqlScriptsTestExecutionListener : Executing SQL scripts: [class path resource [sql/create-user-before.sql]]
2025-06-15T06:05:33.518Z DEBUG 2697 --- [           main] org.springframework.test.context.cache   : Spring test ApplicationContext cache statistics: [DefaultContextCache@7c357b9 size = 1, maxSize = 32, parentContextCount = 0, hitCount = 140, missCount = 1, failureCount = 0]
2025-06-15T06:05:33.518Z DEBUG 2697 --- [           main] org.springframework.test.context.cache   : Spring test ApplicationContext cache statistics: [DefaultContextCache@7c357b9 size = 1, maxSize = 32, parentContextCount = 0, hitCount = 141, missCount = 1, failureCount = 0]
2025-06-15T06:05:33.518Z DEBUG 2697 --- [           main] o.s.orm.jpa.JpaTransactionManager        : Creating new transaction with name [com.gmail.merikbest2015.ecommerce.controller.AuthenticationControllerTest]: PROPAGATION_REQUIRED,ISOLATION_DEFAULT
2025-06-15T06:05:33.518Z DEBUG 2697 --- [           main] o.s.orm.jpa.JpaTransactionManager        : Opened new EntityManager [SessionImpl(2125815942<open>)] for JPA transaction
2025-06-15T06:05:33.518Z DEBUG 2697 --- [           main] o.s.orm.jpa.JpaTransactionManager        : Exposing JPA transaction as JDBC [org.springframework.orm.jpa.vendor.HibernateJpaDialect$HibernateConnectionHandle@72cc9983]
2025-06-15T06:05:33.518Z DEBUG 2697 --- [           main] o.s.jdbc.datasource.init.ScriptUtils     : Executing SQL script from class path resource [sql/create-user-before.sql]
2025-06-15T06:05:33.520Z DEBUG 2697 --- [           main] o.s.jdbc.datasource.init.ScriptUtils     : 1 returned as update count for SQL: insert into users(id, email, first_name, last_name, city, address, phone_number, post_index, activation_code, active, password, password_reset_code, provider) values(1, 'admin@gmail.com', 'Admin', 'Admin', null, null, null, null, null, true, '$2a$08$kS2f5m8eYoNpc.ZECzndGuXiqaWmCaFfOGMQquodP48qrD7.cQG4y', null, 'LOCAL')
2025-06-15T06:05:33.536Z DEBUG 2697 --- [           main] o.s.jdbc.datasource.init.ScriptUtils     : 1 returned as update count for SQL: insert into users(id, email, first_name, last_name, city, address, phone_number, post_index, activation_code, active, password, password_reset_code, provider) values(122, 'test123@test.com', 'John', 'Doe', 'New York', 'Wall Street 1', '1234567890', '1234567890', null, true, '$2a$08$kS2f5m8eYoNpc.ZECzndGuXiqaWmCaFfOGMQquodP48qrD7.cQG4y', null, 'LOCAL')
2025-06-15T06:05:33.536Z DEBUG 2697 --- [           main] o.s.jdbc.datasource.init.ScriptUtils     : 1 returned as update count for SQL: insert into users(id, email, first_name, last_name, city, address, phone_number, post_index, activation_code, active, password, password_reset_code, provider) values (126, 'helloworld@test.com', 'John2', 'Doe2', 'New York', 'Wall Street1', '1234567890', '1234567890','8e97dc37-2cf5-47e2-98e0',false,'$2a$08$kS2f5m8eYoNpc.ZECzndGuXiqaWmCaFfOGMQquodP48qrD7.cQG4y','3f9bcdb0-2241-4c34-803e-598b497d571f', 'LOCAL')
2025-06-15T06:05:33.536Z DEBUG 2697 --- [           main] o.s.jdbc.datasource.init.ScriptUtils     : 1 returned as update count for SQL: insert into user_role (user_id, roles) values (1, 'ADMIN')
2025-06-15T06:05:33.537Z DEBUG 2697 --- [           main] o.s.jdbc.datasource.init.ScriptUtils     : 1 returned as update count for SQL: insert into user_role (user_id, roles) values (122, 'USER')
2025-06-15T06:05:33.537Z DEBUG 2697 --- [           main] o.s.jdbc.datasource.init.ScriptUtils     : 1 returned as update count for SQL: insert into user_role (user_id, roles) values (126, 'USER')
2025-06-15T06:05:33.537Z DEBUG 2697 --- [           main] o.s.jdbc.datasource.init.ScriptUtils     : Executed SQL script from class path resource [sql/create-user-before.sql] in 19 ms.
2025-06-15T06:05:33.537Z DEBUG 2697 --- [           main] o.s.orm.jpa.JpaTransactionManager        : Initiating transaction commit
2025-06-15T06:05:33.537Z DEBUG 2697 --- [           main] o.s.orm.jpa.JpaTransactionManager        : Committing JPA transaction on EntityManager [SessionImpl(2125815942<open>)]
2025-06-15T06:05:33.538Z DEBUG 2697 --- [           main] o.s.orm.jpa.JpaTransactionManager        : Closing JPA EntityManager [SessionImpl(2125815942<open>)] after transaction
2025-06-15T06:05:33.539Z DEBUG 2697 --- [           main] org.springframework.test.context.cache   : Spring test ApplicationContext cache statistics: [DefaultContextCache@7c357b9 size = 1, maxSize = 32, parentContextCount = 0, hitCount = 142, missCount = 1, failureCount = 0]
2025-06-15T06:05:33.539Z DEBUG 2697 --- [           main] org.springframework.test.context.cache   : Spring test ApplicationContext cache statistics: [DefaultContextCache@7c357b9 size = 1, maxSize = 32, parentContextCount = 0, hitCount = 143, missCount = 1, failureCount = 0]
2025-06-15T06:05:33.541Z DEBUG 2697 --- [           main] org.springframework.test.context.cache   : Spring test ApplicationContext cache statistics: [DefaultContextCache@7c357b9 size = 1, maxSize = 32, parentContextCount = 0, hitCount = 144, missCount = 1, failureCount = 0]
2025-06-15T06:05:33.542Z DEBUG 2697 --- [           main] org.springframework.test.context.cache   : Spring test ApplicationContext cache statistics: [DefaultContextCache@7c357b9 size = 1, maxSize = 32, parentContextCount = 0, hitCount = 145, missCount = 1, failureCount = 0]
2025-06-15T06:05:33.544Z DEBUG 2697 --- [           main] o.s.test.util.ReflectionTestUtils        : Invoking method 'getFilters' on target object [FilterChainProxy[Filter Chains: null]] or target class [null] with arguments {org.springframework.mock.web.MockHttpServletRequest@1e677f26}
2025-06-15T06:05:33.544Z DEBUG 2697 --- [           main] o.s.test.util.ReflectionTestUtils        : Getting field 'tokenRepository' from target object [org.springframework.security.web.csrf.CsrfFilter@66dc4a2b] or target class [class org.springframework.security.web.csrf.CsrfFilter]
2025-06-15T06:05:33.544Z DEBUG 2697 --- [           main] o.s.test.util.ReflectionTestUtils        : Invoking method 'getFilters' on target object [FilterChainProxy[Filter Chains: null]] or target class [null] with arguments {org.springframework.mock.web.MockHttpServletRequest@1e677f26}
2025-06-15T06:05:33.544Z DEBUG 2697 --- [           main] o.s.test.util.ReflectionTestUtils        : Getting field 'requestHandler' from target object [org.springframework.security.web.csrf.CsrfFilter@66dc4a2b] or target class [class org.springframework.security.web.csrf.CsrfFilter]
2025-06-15T06:05:33.546Z DEBUG 2697 --- [           main] o.s.security.web.FilterChainProxy        : Securing POST /api/v1/auth/login
2025-06-15T06:05:33.547Z DEBUG 2697 --- [           main] o.s.s.w.a.AnonymousAuthenticationFilter  : Set SecurityContextHolder to anonymous SecurityContext
2025-06-15T06:05:33.548Z DEBUG 2697 --- [           main] o.s.security.web.FilterChainProxy        : Secured POST /api/v1/auth/login
2025-06-15T06:05:33.548Z DEBUG 2697 --- [           main] o.s.t.web.servlet.TestDispatcherServlet  : POST "/api/v1/auth/login", parameters={masked}
2025-06-15T06:05:33.548Z DEBUG 2697 --- [           main] s.w.s.m.m.a.RequestMappingHandlerMapping : Mapped to com.gmail.merikbest2015.ecommerce.controller.AuthenticationController#login(AuthenticationRequest)
2025-06-15T06:05:33.548Z DEBUG 2697 --- [           main] o.j.s.OpenEntityManagerInViewInterceptor : Opening JPA EntityManager in OpenEntityManagerInViewInterceptor
2025-06-15T06:05:33.550Z DEBUG 2697 --- [           main] m.m.a.RequestResponseBodyMethodProcessor : Read "application/json;charset=UTF-8" to [AuthenticationRequest(email=test123@test.com, password=123)]
2025-06-15T06:05:33.550Z  INFO 2697 --- [           main] c.g.m.e.c.AuthenticationController       : Login attempt for email: test123@test.com
2025-06-15T06:05:33.630Z DEBUG 2697 --- [           main] o.s.s.a.dao.DaoAuthenticationProvider    : Failed to authenticate since password does not match stored value
2025-06-15T06:05:33.631Z DEBUG 2697 --- [           main] o.s.s.authentication.ProviderManager     : Authentication failed with provider DaoAuthenticationProvider since Bad credentials
2025-06-15T06:05:33.632Z  WARN 2697 --- [           main] c.g.m.e.s.I.AuthenticationServiceImpl    : Login failed: incorrect password for 'test123@test.com'
2025-06-15T06:05:33.632Z DEBUG 2697 --- [           main] .m.m.a.ExceptionHandlerExceptionResolver : Using @ExceptionHandler com.gmail.merikbest2015.ecommerce.exception.ApiExceptionHandler#handleApiRequestException(ApiRequestException)
2025-06-15T06:05:33.633Z DEBUG 2697 --- [           main] o.s.w.s.m.m.a.HttpEntityMethodProcessor  : Using 'text/plain', given [*/*] and supported [text/plain, */*, application/json, application/*+json, application/yaml]
2025-06-15T06:05:33.633Z DEBUG 2697 --- [           main] o.s.w.s.m.m.a.HttpEntityMethodProcessor  : Writing ["Incorrect password or email"]
2025-06-15T06:05:33.633Z DEBUG 2697 --- [           main] .m.m.a.ExceptionHandlerExceptionResolver : Resolved [com.gmail.merikbest2015.ecommerce.exception.ApiRequestException: Incorrect password or email]
2025-06-15T06:05:33.633Z DEBUG 2697 --- [           main] o.j.s.OpenEntityManagerInViewInterceptor : Closing JPA EntityManager in OpenEntityManagerInViewInterceptor
2025-06-15T06:05:33.634Z DEBUG 2697 --- [           main] o.s.t.web.servlet.TestDispatcherServlet  : Completed 403 FORBIDDEN
2025-06-15T06:05:33.636Z DEBUG 2697 --- [           main] org.springframework.test.context.cache   : Spring test ApplicationContext cache statistics: [DefaultContextCache@7c357b9 size = 1, maxSize = 32, parentContextCount = 0, hitCount = 146, missCount = 1, failureCount = 0]
2025-06-15T06:05:33.636Z DEBUG 2697 --- [           main] org.springframework.test.context.cache   : Spring test ApplicationContext cache statistics: [DefaultContextCache@7c357b9 size = 1, maxSize = 32, parentContextCount = 0, hitCount = 147, missCount = 1, failureCount = 0]
2025-06-15T06:05:33.638Z DEBUG 2697 --- [           main] org.springframework.test.context.cache   : Spring test ApplicationContext cache statistics: [DefaultContextCache@7c357b9 size = 1, maxSize = 32, parentContextCount = 0, hitCount = 148, missCount = 1, failureCount = 0]
2025-06-15T06:05:33.638Z DEBUG 2697 --- [           main] org.springframework.test.context.cache   : Spring test ApplicationContext cache statistics: [DefaultContextCache@7c357b9 size = 1, maxSize = 32, parentContextCount = 0, hitCount = 149, missCount = 1, failureCount = 0]
2025-06-15T06:05:33.638Z DEBUG 2697 --- [           main] org.springframework.test.context.cache   : Spring test ApplicationContext cache statistics: [DefaultContextCache@7c357b9 size = 1, maxSize = 32, parentContextCount = 0, hitCount = 150, missCount = 1, failureCount = 0]
2025-06-15T06:05:33.639Z DEBUG 2697 --- [           main] org.springframework.test.context.cache   : Spring test ApplicationContext cache statistics: [DefaultContextCache@7c357b9 size = 1, maxSize = 32, parentContextCount = 0, hitCount = 151, missCount = 1, failureCount = 0]
2025-06-15T06:05:33.639Z DEBUG 2697 --- [           main] org.springframework.test.context.cache   : Spring test ApplicationContext cache statistics: [DefaultContextCache@7c357b9 size = 1, maxSize = 32, parentContextCount = 0, hitCount = 152, missCount = 1, failureCount = 0]
2025-06-15T06:05:33.639Z DEBUG 2697 --- [           main] org.springframework.test.context.cache   : Spring test ApplicationContext cache statistics: [DefaultContextCache@7c357b9 size = 1, maxSize = 32, parentContextCount = 0, hitCount = 153, missCount = 1, failureCount = 0]
2025-06-15T06:05:33.640Z DEBUG 2697 --- [           main] .s.t.c.j.SqlScriptsTestExecutionListener : Processing merged @SqlConfig attributes for execution phase [AFTER_TEST_METHOD] and test class [com.gmail.merikbest2015.ecommerce.controller.AuthenticationControllerTest]
2025-06-15T06:05:33.640Z DEBUG 2697 --- [           main] org.springframework.test.context.cache   : Spring test ApplicationContext cache statistics: [DefaultContextCache@7c357b9 size = 1, maxSize = 32, parentContextCount = 0, hitCount = 154, missCount = 1, failureCount = 0]
2025-06-15T06:05:33.640Z DEBUG 2697 --- [           main] .s.t.c.j.SqlScriptsTestExecutionListener : Executing SQL scripts: [class path resource [sql/create-user-after.sql]]
2025-06-15T06:05:33.640Z DEBUG 2697 --- [           main] org.springframework.test.context.cache   : Spring test ApplicationContext cache statistics: [DefaultContextCache@7c357b9 size = 1, maxSize = 32, parentContextCount = 0, hitCount = 155, missCount = 1, failureCount = 0]
2025-06-15T06:05:33.640Z DEBUG 2697 --- [           main] org.springframework.test.context.cache   : Spring test ApplicationContext cache statistics: [DefaultContextCache@7c357b9 size = 1, maxSize = 32, parentContextCount = 0, hitCount = 156, missCount = 1, failureCount = 0]
2025-06-15T06:05:33.640Z DEBUG 2697 --- [           main] o.s.orm.jpa.JpaTransactionManager        : Creating new transaction with name [com.gmail.merikbest2015.ecommerce.controller.AuthenticationControllerTest]: PROPAGATION_REQUIRED,ISOLATION_DEFAULT
2025-06-15T06:05:33.640Z DEBUG 2697 --- [           main] o.s.orm.jpa.JpaTransactionManager        : Opened new EntityManager [SessionImpl(1281073846<open>)] for JPA transaction
2025-06-15T06:05:33.640Z DEBUG 2697 --- [           main] o.s.orm.jpa.JpaTransactionManager        : Exposing JPA transaction as JDBC [org.springframework.orm.jpa.vendor.HibernateJpaDialect$HibernateConnectionHandle@27ee9f1a]
2025-06-15T06:05:33.640Z DEBUG 2697 --- [           main] o.s.jdbc.datasource.init.ScriptUtils     : Executing SQL script from class path resource [sql/create-user-after.sql]
2025-06-15T06:05:33.641Z DEBUG 2697 --- [           main] o.s.jdbc.datasource.init.ScriptUtils     : 3 returned as update count for SQL: delete from user_role
2025-06-15T06:05:33.641Z DEBUG 2697 --- [           main] o.s.jdbc.datasource.init.ScriptUtils     : 3 returned as update count for SQL: delete from users
2025-06-15T06:05:33.641Z DEBUG 2697 --- [           main] o.s.jdbc.datasource.init.ScriptUtils     : Executed SQL script from class path resource [sql/create-user-after.sql] in 1 ms.
2025-06-15T06:05:33.641Z DEBUG 2697 --- [           main] o.s.orm.jpa.JpaTransactionManager        : Initiating transaction commit
2025-06-15T06:05:33.641Z DEBUG 2697 --- [           main] o.s.orm.jpa.JpaTransactionManager        : Committing JPA transaction on EntityManager [SessionImpl(1281073846<open>)]
2025-06-15T06:05:33.644Z DEBUG 2697 --- [           main] o.s.orm.jpa.JpaTransactionManager        : Closing JPA EntityManager [SessionImpl(1281073846<open>)] after transaction
2025-06-15T06:05:33.644Z DEBUG 2697 --- [           main] .c.s.DirtiesContextTestExecutionListener : After test method: class [AuthenticationControllerTest], method [login_ShouldEmailOrPasswordBeNotValid], class annotated with @DirtiesContext [false] with mode [null], method annotated with @DirtiesContext [false] with mode [null]
2025-06-15T06:05:33.644Z DEBUG 2697 --- [           main] ObservationRegistryTestExecutionListener : Restoring ObservationRegistry in ObservationThreadLocalAccessor for test class com.gmail.merikbest2015.ecommerce.controller.AuthenticationControllerTest
2025-06-15T06:05:33.644Z DEBUG 2697 --- [           main] o.s.t.c.w.ServletTestExecutionListener   : Resetting RequestContextHolder for test class com.gmail.merikbest2015.ecommerce.controller.AuthenticationControllerTest
]]></system-out>
  </testcase>
  <testcase name="updateUserPassword" classname="com.gmail.merikbest2015.ecommerce.controller.AuthenticationControllerTest" time="0.1">
    <system-out><![CDATA[2025-06-15T06:05:33.646Z DEBUG 2697 --- [           main] org.springframework.test.context.cache   : Spring test ApplicationContext cache statistics: [DefaultContextCache@7c357b9 size = 1, maxSize = 32, parentContextCount = 0, hitCount = 157, missCount = 1, failureCount = 0]
2025-06-15T06:05:33.646Z DEBUG 2697 --- [           main] o.s.t.c.w.ServletTestExecutionListener   : Setting up MockHttpServletRequest, MockHttpServletResponse, ServletWebRequest, and RequestContextHolder for test class com.gmail.merikbest2015.ecommerce.controller.AuthenticationControllerTest
2025-06-15T06:05:33.646Z DEBUG 2697 --- [           main] DependencyInjectionTestExecutionListener : Performing dependency injection for test class com.gmail.merikbest2015.ecommerce.controller.AuthenticationControllerTest
2025-06-15T06:05:33.646Z DEBUG 2697 --- [           main] org.springframework.test.context.cache   : Spring test ApplicationContext cache statistics: [DefaultContextCache@7c357b9 size = 1, maxSize = 32, parentContextCount = 0, hitCount = 158, missCount = 1, failureCount = 0]
2025-06-15T06:05:33.647Z DEBUG 2697 --- [           main] org.springframework.test.context.cache   : Spring test ApplicationContext cache statistics: [DefaultContextCache@7c357b9 size = 1, maxSize = 32, parentContextCount = 0, hitCount = 159, missCount = 1, failureCount = 0]
2025-06-15T06:05:33.647Z DEBUG 2697 --- [           main] sContextBeforeModesTestExecutionListener : Before test method: class [AuthenticationControllerTest], method [updateUserPassword], class annotated with @DirtiesContext [false] with mode [null], method annotated with @DirtiesContext [false] with mode [null]
2025-06-15T06:05:33.647Z DEBUG 2697 --- [           main] org.springframework.test.context.cache   : Spring test ApplicationContext cache statistics: [DefaultContextCache@7c357b9 size = 1, maxSize = 32, parentContextCount = 0, hitCount = 160, missCount = 1, failureCount = 0]
2025-06-15T06:05:33.647Z DEBUG 2697 --- [           main] ObservationRegistryTestExecutionListener : Registering ObservationRegistry from ApplicationContext in ObservationThreadLocalAccessor for test class com.gmail.merikbest2015.ecommerce.controller.AuthenticationControllerTest
2025-06-15T06:05:33.648Z DEBUG 2697 --- [           main] .s.t.c.j.SqlScriptsTestExecutionListener : Processing merged @SqlConfig attributes for execution phase [BEFORE_TEST_METHOD] and test class [com.gmail.merikbest2015.ecommerce.controller.AuthenticationControllerTest]
2025-06-15T06:05:33.648Z DEBUG 2697 --- [           main] org.springframework.test.context.cache   : Spring test ApplicationContext cache statistics: [DefaultContextCache@7c357b9 size = 1, maxSize = 32, parentContextCount = 0, hitCount = 161, missCount = 1, failureCount = 0]
2025-06-15T06:05:33.648Z DEBUG 2697 --- [           main] .s.t.c.j.SqlScriptsTestExecutionListener : Executing SQL scripts: [class path resource [sql/create-user-before.sql]]
2025-06-15T06:05:33.648Z DEBUG 2697 --- [           main] org.springframework.test.context.cache   : Spring test ApplicationContext cache statistics: [DefaultContextCache@7c357b9 size = 1, maxSize = 32, parentContextCount = 0, hitCount = 162, missCount = 1, failureCount = 0]
2025-06-15T06:05:33.648Z DEBUG 2697 --- [           main] org.springframework.test.context.cache   : Spring test ApplicationContext cache statistics: [DefaultContextCache@7c357b9 size = 1, maxSize = 32, parentContextCount = 0, hitCount = 163, missCount = 1, failureCount = 0]
2025-06-15T06:05:33.648Z DEBUG 2697 --- [           main] o.s.orm.jpa.JpaTransactionManager        : Creating new transaction with name [com.gmail.merikbest2015.ecommerce.controller.AuthenticationControllerTest]: PROPAGATION_REQUIRED,ISOLATION_DEFAULT
2025-06-15T06:05:33.650Z DEBUG 2697 --- [           main] o.s.orm.jpa.JpaTransactionManager        : Opened new EntityManager [SessionImpl(1833087633<open>)] for JPA transaction
2025-06-15T06:05:33.650Z DEBUG 2697 --- [           main] o.s.orm.jpa.JpaTransactionManager        : Exposing JPA transaction as JDBC [org.springframework.orm.jpa.vendor.HibernateJpaDialect$HibernateConnectionHandle@7c9de39d]
2025-06-15T06:05:33.650Z DEBUG 2697 --- [           main] o.s.jdbc.datasource.init.ScriptUtils     : Executing SQL script from class path resource [sql/create-user-before.sql]
2025-06-15T06:05:33.651Z DEBUG 2697 --- [           main] o.s.jdbc.datasource.init.ScriptUtils     : 1 returned as update count for SQL: insert into users(id, email, first_name, last_name, city, address, phone_number, post_index, activation_code, active, password, password_reset_code, provider) values(1, 'admin@gmail.com', 'Admin', 'Admin', null, null, null, null, null, true, '$2a$08$kS2f5m8eYoNpc.ZECzndGuXiqaWmCaFfOGMQquodP48qrD7.cQG4y', null, 'LOCAL')
2025-06-15T06:05:33.654Z DEBUG 2697 --- [           main] o.s.jdbc.datasource.init.ScriptUtils     : 1 returned as update count for SQL: insert into users(id, email, first_name, last_name, city, address, phone_number, post_index, activation_code, active, password, password_reset_code, provider) values(122, 'test123@test.com', 'John', 'Doe', 'New York', 'Wall Street 1', '1234567890', '1234567890', null, true, '$2a$08$kS2f5m8eYoNpc.ZECzndGuXiqaWmCaFfOGMQquodP48qrD7.cQG4y', null, 'LOCAL')
2025-06-15T06:05:33.654Z DEBUG 2697 --- [           main] o.s.jdbc.datasource.init.ScriptUtils     : 1 returned as update count for SQL: insert into users(id, email, first_name, last_name, city, address, phone_number, post_index, activation_code, active, password, password_reset_code, provider) values (126, 'helloworld@test.com', 'John2', 'Doe2', 'New York', 'Wall Street1', '1234567890', '1234567890','8e97dc37-2cf5-47e2-98e0',false,'$2a$08$kS2f5m8eYoNpc.ZECzndGuXiqaWmCaFfOGMQquodP48qrD7.cQG4y','3f9bcdb0-2241-4c34-803e-598b497d571f', 'LOCAL')
2025-06-15T06:05:33.654Z DEBUG 2697 --- [           main] o.s.jdbc.datasource.init.ScriptUtils     : 1 returned as update count for SQL: insert into user_role (user_id, roles) values (1, 'ADMIN')
2025-06-15T06:05:33.655Z DEBUG 2697 --- [           main] o.s.jdbc.datasource.init.ScriptUtils     : 1 returned as update count for SQL: insert into user_role (user_id, roles) values (122, 'USER')
2025-06-15T06:05:33.655Z DEBUG 2697 --- [           main] o.s.jdbc.datasource.init.ScriptUtils     : 1 returned as update count for SQL: insert into user_role (user_id, roles) values (126, 'USER')
2025-06-15T06:05:33.655Z DEBUG 2697 --- [           main] o.s.jdbc.datasource.init.ScriptUtils     : Executed SQL script from class path resource [sql/create-user-before.sql] in 5 ms.
2025-06-15T06:05:33.655Z DEBUG 2697 --- [           main] o.s.orm.jpa.JpaTransactionManager        : Initiating transaction commit
2025-06-15T06:05:33.655Z DEBUG 2697 --- [           main] o.s.orm.jpa.JpaTransactionManager        : Committing JPA transaction on EntityManager [SessionImpl(1833087633<open>)]
2025-06-15T06:05:33.656Z DEBUG 2697 --- [           main] o.s.orm.jpa.JpaTransactionManager        : Closing JPA EntityManager [SessionImpl(1833087633<open>)] after transaction
2025-06-15T06:05:33.657Z DEBUG 2697 --- [           main] org.springframework.test.context.cache   : Spring test ApplicationContext cache statistics: [DefaultContextCache@7c357b9 size = 1, maxSize = 32, parentContextCount = 0, hitCount = 164, missCount = 1, failureCount = 0]
2025-06-15T06:05:33.657Z DEBUG 2697 --- [           main] org.springframework.test.context.cache   : Spring test ApplicationContext cache statistics: [DefaultContextCache@7c357b9 size = 1, maxSize = 32, parentContextCount = 0, hitCount = 165, missCount = 1, failureCount = 0]
2025-06-15T06:05:33.658Z DEBUG 2697 --- [           main] o.s.b.f.s.DefaultListableBeanFactory     : Autowiring by type from bean name 'org.springframework.security.test.context.support.WithUserDetailsSecurityContextFactory' via constructor to bean named 'org.springframework.beans.factory.support.DefaultListableBeanFactory@2e93108a'
2025-06-15T06:05:33.661Z DEBUG 2697 --- [           main] org.springframework.test.context.cache   : Spring test ApplicationContext cache statistics: [DefaultContextCache@7c357b9 size = 1, maxSize = 32, parentContextCount = 0, hitCount = 166, missCount = 1, failureCount = 0]
2025-06-15T06:05:33.662Z DEBUG 2697 --- [           main] tor$SharedEntityManagerInvocationHandler : Creating new EntityManager for shared EntityManager invocation
2025-06-15T06:05:33.687Z DEBUG 2697 --- [           main] org.springframework.test.context.cache   : Spring test ApplicationContext cache statistics: [DefaultContextCache@7c357b9 size = 1, maxSize = 32, parentContextCount = 0, hitCount = 167, missCount = 1, failureCount = 0]
2025-06-15T06:05:33.688Z DEBUG 2697 --- [           main] org.springframework.test.context.cache   : Spring test ApplicationContext cache statistics: [DefaultContextCache@7c357b9 size = 1, maxSize = 32, parentContextCount = 0, hitCount = 168, missCount = 1, failureCount = 0]
2025-06-15T06:05:33.689Z DEBUG 2697 --- [           main] org.springframework.test.context.cache   : Spring test ApplicationContext cache statistics: [DefaultContextCache@7c357b9 size = 1, maxSize = 32, parentContextCount = 0, hitCount = 169, missCount = 1, failureCount = 0]
2025-06-15T06:05:33.690Z DEBUG 2697 --- [           main] o.s.test.util.ReflectionTestUtils        : Invoking method 'getFilters' on target object [FilterChainProxy[Filter Chains: null]] or target class [null] with arguments {org.springframework.mock.web.MockHttpServletRequest@111f4761}
2025-06-15T06:05:33.690Z DEBUG 2697 --- [           main] o.s.test.util.ReflectionTestUtils        : Invoking method 'getFilters' on target object [FilterChainProxy[Filter Chains: null]] or target class [null] with arguments {org.springframework.mock.web.MockHttpServletRequest@111f4761}
2025-06-15T06:05:33.690Z DEBUG 2697 --- [           main] o.s.test.util.ReflectionTestUtils        : Getting field 'securityContextRepository' from target object [org.springframework.security.web.context.SecurityContextHolderFilter@5b871e27] or target class [class org.springframework.security.web.context.SecurityContextHolderFilter]
2025-06-15T06:05:33.690Z DEBUG 2697 --- [           main] o.s.test.util.ReflectionTestUtils        : Invoking method 'getFilters' on target object [FilterChainProxy[Filter Chains: null]] or target class [null] with arguments {org.springframework.mock.web.MockHttpServletRequest@111f4761}
2025-06-15T06:05:33.690Z DEBUG 2697 --- [           main] o.s.test.util.ReflectionTestUtils        : Invoking method 'getFilters' on target object [FilterChainProxy[Filter Chains: null]] or target class [null] with arguments {org.springframework.mock.web.MockHttpServletRequest@111f4761}
2025-06-15T06:05:33.690Z DEBUG 2697 --- [           main] o.s.test.util.ReflectionTestUtils        : Setting field 'securityContextRepository' of type [null] on target object [org.springframework.security.web.context.SecurityContextHolderFilter@5b871e27] or target class [class org.springframework.security.web.context.SecurityContextHolderFilter] to value [org.springframework.security.test.web.servlet.request.SecurityMockMvcRequestPostProcessors$SecurityContextRequestPostProcessorSupport$TestSecurityContextRepository@297a6dd0]
2025-06-15T06:05:33.691Z DEBUG 2697 --- [           main] o.s.test.util.ReflectionTestUtils        : Invoking method 'getFilters' on target object [FilterChainProxy[Filter Chains: null]] or target class [null] with arguments {org.springframework.mock.web.MockHttpServletRequest@111f4761}
2025-06-15T06:05:33.691Z DEBUG 2697 --- [           main] o.s.test.util.ReflectionTestUtils        : Getting field 'tokenRepository' from target object [org.springframework.security.web.csrf.CsrfFilter@66dc4a2b] or target class [class org.springframework.security.web.csrf.CsrfFilter]
2025-06-15T06:05:33.691Z DEBUG 2697 --- [           main] o.s.test.util.ReflectionTestUtils        : Invoking method 'getFilters' on target object [FilterChainProxy[Filter Chains: null]] or target class [null] with arguments {org.springframework.mock.web.MockHttpServletRequest@111f4761}
2025-06-15T06:05:33.691Z DEBUG 2697 --- [           main] o.s.test.util.ReflectionTestUtils        : Getting field 'requestHandler' from target object [org.springframework.security.web.csrf.CsrfFilter@66dc4a2b] or target class [class org.springframework.security.web.csrf.CsrfFilter]
2025-06-15T06:05:33.692Z DEBUG 2697 --- [           main] o.s.security.web.FilterChainProxy        : Securing PUT /api/v1/auth/edit/password
2025-06-15T06:05:33.694Z DEBUG 2697 --- [           main] o.s.security.web.FilterChainProxy        : Secured PUT /api/v1/auth/edit/password
2025-06-15T06:05:33.694Z DEBUG 2697 --- [           main] o.s.t.web.servlet.TestDispatcherServlet  : PUT "/api/v1/auth/edit/password", parameters={masked}
2025-06-15T06:05:33.695Z DEBUG 2697 --- [           main] s.w.s.m.m.a.RequestMappingHandlerMapping : Mapped to com.gmail.merikbest2015.ecommerce.controller.AuthenticationController#updateUserPassword(UserPrincipal, PasswordResetRequest, BindingResult)
2025-06-15T06:05:33.695Z DEBUG 2697 --- [           main] o.j.s.OpenEntityManagerInViewInterceptor : Opening JPA EntityManager in OpenEntityManagerInViewInterceptor
2025-06-15T06:05:33.696Z DEBUG 2697 --- [           main] m.m.a.RequestResponseBodyMethodProcessor : Read "application/json;charset=UTF-8" to [PasswordResetRequest(email=null, password=admin123, password2=admin123)]
2025-06-15T06:05:33.701Z  INFO 2697 --- [           main] c.g.m.e.c.AuthenticationController       : User test123@test.com requested password update
2025-06-15T06:05:33.701Z DEBUG 2697 --- [           main] o.s.orm.jpa.JpaTransactionManager        : Found thread-bound EntityManager [SessionImpl(2000342721<open>)] for JPA transaction
2025-06-15T06:05:33.701Z DEBUG 2697 --- [           main] o.s.orm.jpa.JpaTransactionManager        : Creating new transaction with name [com.gmail.merikbest2015.ecommerce.service.Impl.AuthenticationServiceImpl.passwordReset]: PROPAGATION_REQUIRED,ISOLATION_DEFAULT
2025-06-15T06:05:33.701Z DEBUG 2697 --- [           main] o.s.orm.jpa.JpaTransactionManager        : Exposing JPA transaction as JDBC [org.springframework.orm.jpa.vendor.HibernateJpaDialect$HibernateConnectionHandle@5e0186a5]
2025-06-15T06:05:33.725Z DEBUG 2697 --- [           main] o.s.orm.jpa.JpaTransactionManager        : Found thread-bound EntityManager [SessionImpl(2000342721<open>)] for JPA transaction
2025-06-15T06:05:33.725Z DEBUG 2697 --- [           main] o.s.orm.jpa.JpaTransactionManager        : Participating in existing transaction
2025-06-15T06:05:33.728Z  INFO 2697 --- [           main] c.g.m.e.s.I.AuthenticationServiceImpl    : Password successfully reset for 'test123@test.com'
2025-06-15T06:05:33.728Z DEBUG 2697 --- [           main] o.s.orm.jpa.JpaTransactionManager        : Initiating transaction commit
2025-06-15T06:05:33.728Z DEBUG 2697 --- [           main] o.s.orm.jpa.JpaTransactionManager        : Committing JPA transaction on EntityManager [SessionImpl(2000342721<open>)]
2025-06-15T06:05:33.731Z DEBUG 2697 --- [           main] o.s.orm.jpa.JpaTransactionManager        : Not closing pre-bound JPA EntityManager after transaction
CLASS: [AuthenticationController], METHOD: [updateUserPassword()], REQUEST: UserPrincipal(id=122, email=test123@test.com, password=$2a$08$kS2f5m8eYoNpc.ZECzndGuXiqaWmCaFfOGMQquodP48qrD7.cQG4y, authorities=[USER], attributes=null)
PasswordResetRequest(email=null, password=admin123, password2=admin123)
org.springframework.validation.BeanPropertyBindingResult: 0 errors
CLASS: [AuthenticationController], METHOD: [updateUserPassword()], RESPONSE: <200 OK OK,Password successfully changed!,[]>
2025-06-15T06:05:33.732Z DEBUG 2697 --- [           main] o.s.w.s.m.m.a.HttpEntityMethodProcessor  : Using 'text/plain', given [*/*] and supported [text/plain, */*, application/json, application/*+json, application/yaml]
2025-06-15T06:05:33.732Z DEBUG 2697 --- [           main] o.s.w.s.m.m.a.HttpEntityMethodProcessor  : Writing ["Password successfully changed!"]
2025-06-15T06:05:33.732Z DEBUG 2697 --- [           main] o.j.s.OpenEntityManagerInViewInterceptor : Closing JPA EntityManager in OpenEntityManagerInViewInterceptor
2025-06-15T06:05:33.732Z DEBUG 2697 --- [           main] o.s.t.web.servlet.TestDispatcherServlet  : Completed 200 OK
2025-06-15T06:05:33.737Z DEBUG 2697 --- [           main] org.springframework.test.context.cache   : Spring test ApplicationContext cache statistics: [DefaultContextCache@7c357b9 size = 1, maxSize = 32, parentContextCount = 0, hitCount = 170, missCount = 1, failureCount = 0]
2025-06-15T06:05:33.739Z DEBUG 2697 --- [           main] org.springframework.test.context.cache   : Spring test ApplicationContext cache statistics: [DefaultContextCache@7c357b9 size = 1, maxSize = 32, parentContextCount = 0, hitCount = 171, missCount = 1, failureCount = 0]
2025-06-15T06:05:33.740Z DEBUG 2697 --- [           main] org.springframework.test.context.cache   : Spring test ApplicationContext cache statistics: [DefaultContextCache@7c357b9 size = 1, maxSize = 32, parentContextCount = 0, hitCount = 172, missCount = 1, failureCount = 0]
2025-06-15T06:05:33.740Z DEBUG 2697 --- [           main] org.springframework.test.context.cache   : Spring test ApplicationContext cache statistics: [DefaultContextCache@7c357b9 size = 1, maxSize = 32, parentContextCount = 0, hitCount = 173, missCount = 1, failureCount = 0]
2025-06-15T06:05:33.740Z DEBUG 2697 --- [           main] org.springframework.test.context.cache   : Spring test ApplicationContext cache statistics: [DefaultContextCache@7c357b9 size = 1, maxSize = 32, parentContextCount = 0, hitCount = 174, missCount = 1, failureCount = 0]
2025-06-15T06:05:33.741Z DEBUG 2697 --- [           main] org.springframework.test.context.cache   : Spring test ApplicationContext cache statistics: [DefaultContextCache@7c357b9 size = 1, maxSize = 32, parentContextCount = 0, hitCount = 175, missCount = 1, failureCount = 0]
2025-06-15T06:05:33.742Z DEBUG 2697 --- [           main] org.springframework.test.context.cache   : Spring test ApplicationContext cache statistics: [DefaultContextCache@7c357b9 size = 1, maxSize = 32, parentContextCount = 0, hitCount = 176, missCount = 1, failureCount = 0]
2025-06-15T06:05:33.742Z DEBUG 2697 --- [           main] org.springframework.test.context.cache   : Spring test ApplicationContext cache statistics: [DefaultContextCache@7c357b9 size = 1, maxSize = 32, parentContextCount = 0, hitCount = 177, missCount = 1, failureCount = 0]
2025-06-15T06:05:33.742Z DEBUG 2697 --- [           main] .s.t.c.j.SqlScriptsTestExecutionListener : Processing merged @SqlConfig attributes for execution phase [AFTER_TEST_METHOD] and test class [com.gmail.merikbest2015.ecommerce.controller.AuthenticationControllerTest]
2025-06-15T06:05:33.742Z DEBUG 2697 --- [           main] org.springframework.test.context.cache   : Spring test ApplicationContext cache statistics: [DefaultContextCache@7c357b9 size = 1, maxSize = 32, parentContextCount = 0, hitCount = 178, missCount = 1, failureCount = 0]
2025-06-15T06:05:33.742Z DEBUG 2697 --- [           main] .s.t.c.j.SqlScriptsTestExecutionListener : Executing SQL scripts: [class path resource [sql/create-user-after.sql]]
2025-06-15T06:05:33.742Z DEBUG 2697 --- [           main] org.springframework.test.context.cache   : Spring test ApplicationContext cache statistics: [DefaultContextCache@7c357b9 size = 1, maxSize = 32, parentContextCount = 0, hitCount = 179, missCount = 1, failureCount = 0]
2025-06-15T06:05:33.743Z DEBUG 2697 --- [           main] org.springframework.test.context.cache   : Spring test ApplicationContext cache statistics: [DefaultContextCache@7c357b9 size = 1, maxSize = 32, parentContextCount = 0, hitCount = 180, missCount = 1, failureCount = 0]
2025-06-15T06:05:33.743Z DEBUG 2697 --- [           main] o.s.orm.jpa.JpaTransactionManager        : Creating new transaction with name [com.gmail.merikbest2015.ecommerce.controller.AuthenticationControllerTest]: PROPAGATION_REQUIRED,ISOLATION_DEFAULT
2025-06-15T06:05:33.743Z DEBUG 2697 --- [           main] o.s.orm.jpa.JpaTransactionManager        : Opened new EntityManager [SessionImpl(643419380<open>)] for JPA transaction
2025-06-15T06:05:33.743Z DEBUG 2697 --- [           main] o.s.orm.jpa.JpaTransactionManager        : Exposing JPA transaction as JDBC [org.springframework.orm.jpa.vendor.HibernateJpaDialect$HibernateConnectionHandle@242136ba]
2025-06-15T06:05:33.744Z DEBUG 2697 --- [           main] o.s.jdbc.datasource.init.ScriptUtils     : Executing SQL script from class path resource [sql/create-user-after.sql]
2025-06-15T06:05:33.745Z DEBUG 2697 --- [           main] o.s.jdbc.datasource.init.ScriptUtils     : 3 returned as update count for SQL: delete from user_role
2025-06-15T06:05:33.745Z DEBUG 2697 --- [           main] o.s.jdbc.datasource.init.ScriptUtils     : 3 returned as update count for SQL: delete from users
2025-06-15T06:05:33.745Z DEBUG 2697 --- [           main] o.s.jdbc.datasource.init.ScriptUtils     : Executed SQL script from class path resource [sql/create-user-after.sql] in 1 ms.
2025-06-15T06:05:33.745Z DEBUG 2697 --- [           main] o.s.orm.jpa.JpaTransactionManager        : Initiating transaction commit
2025-06-15T06:05:33.745Z DEBUG 2697 --- [           main] o.s.orm.jpa.JpaTransactionManager        : Committing JPA transaction on EntityManager [SessionImpl(643419380<open>)]
2025-06-15T06:05:33.746Z DEBUG 2697 --- [           main] o.s.orm.jpa.JpaTransactionManager        : Closing JPA EntityManager [SessionImpl(643419380<open>)] after transaction
2025-06-15T06:05:33.746Z DEBUG 2697 --- [           main] .c.s.DirtiesContextTestExecutionListener : After test method: class [AuthenticationControllerTest], method [updateUserPassword], class annotated with @DirtiesContext [false] with mode [null], method annotated with @DirtiesContext [false] with mode [null]
2025-06-15T06:05:33.746Z DEBUG 2697 --- [           main] ObservationRegistryTestExecutionListener : Restoring ObservationRegistry in ObservationThreadLocalAccessor for test class com.gmail.merikbest2015.ecommerce.controller.AuthenticationControllerTest
2025-06-15T06:05:33.746Z DEBUG 2697 --- [           main] o.s.t.c.w.ServletTestExecutionListener   : Resetting RequestContextHolder for test class com.gmail.merikbest2015.ecommerce.controller.AuthenticationControllerTest
]]></system-out>
  </testcase>
  <testcase name="updateUserPassword_ShouldInputFieldsAreEmpty" classname="com.gmail.merikbest2015.ecommerce.controller.AuthenticationControllerTest" time="0.041">
    <system-out><![CDATA[2025-06-15T06:05:33.748Z DEBUG 2697 --- [           main] org.springframework.test.context.cache   : Spring test ApplicationContext cache statistics: [DefaultContextCache@7c357b9 size = 1, maxSize = 32, parentContextCount = 0, hitCount = 181, missCount = 1, failureCount = 0]
2025-06-15T06:05:33.748Z DEBUG 2697 --- [           main] o.s.t.c.w.ServletTestExecutionListener   : Setting up MockHttpServletRequest, MockHttpServletResponse, ServletWebRequest, and RequestContextHolder for test class com.gmail.merikbest2015.ecommerce.controller.AuthenticationControllerTest
2025-06-15T06:05:33.748Z DEBUG 2697 --- [           main] DependencyInjectionTestExecutionListener : Performing dependency injection for test class com.gmail.merikbest2015.ecommerce.controller.AuthenticationControllerTest
2025-06-15T06:05:33.748Z DEBUG 2697 --- [           main] org.springframework.test.context.cache   : Spring test ApplicationContext cache statistics: [DefaultContextCache@7c357b9 size = 1, maxSize = 32, parentContextCount = 0, hitCount = 182, missCount = 1, failureCount = 0]
2025-06-15T06:05:33.748Z DEBUG 2697 --- [           main] org.springframework.test.context.cache   : Spring test ApplicationContext cache statistics: [DefaultContextCache@7c357b9 size = 1, maxSize = 32, parentContextCount = 0, hitCount = 183, missCount = 1, failureCount = 0]
2025-06-15T06:05:33.749Z DEBUG 2697 --- [           main] sContextBeforeModesTestExecutionListener : Before test method: class [AuthenticationControllerTest], method [updateUserPassword_ShouldInputFieldsAreEmpty], class annotated with @DirtiesContext [false] with mode [null], method annotated with @DirtiesContext [false] with mode [null]
2025-06-15T06:05:33.749Z DEBUG 2697 --- [           main] org.springframework.test.context.cache   : Spring test ApplicationContext cache statistics: [DefaultContextCache@7c357b9 size = 1, maxSize = 32, parentContextCount = 0, hitCount = 184, missCount = 1, failureCount = 0]
2025-06-15T06:05:33.749Z DEBUG 2697 --- [           main] ObservationRegistryTestExecutionListener : Registering ObservationRegistry from ApplicationContext in ObservationThreadLocalAccessor for test class com.gmail.merikbest2015.ecommerce.controller.AuthenticationControllerTest
2025-06-15T06:05:33.749Z DEBUG 2697 --- [           main] .s.t.c.j.SqlScriptsTestExecutionListener : Processing merged @SqlConfig attributes for execution phase [BEFORE_TEST_METHOD] and test class [com.gmail.merikbest2015.ecommerce.controller.AuthenticationControllerTest]
2025-06-15T06:05:33.749Z DEBUG 2697 --- [           main] org.springframework.test.context.cache   : Spring test ApplicationContext cache statistics: [DefaultContextCache@7c357b9 size = 1, maxSize = 32, parentContextCount = 0, hitCount = 185, missCount = 1, failureCount = 0]
2025-06-15T06:05:33.749Z DEBUG 2697 --- [           main] .s.t.c.j.SqlScriptsTestExecutionListener : Executing SQL scripts: [class path resource [sql/create-user-before.sql]]
2025-06-15T06:05:33.749Z DEBUG 2697 --- [           main] org.springframework.test.context.cache   : Spring test ApplicationContext cache statistics: [DefaultContextCache@7c357b9 size = 1, maxSize = 32, parentContextCount = 0, hitCount = 186, missCount = 1, failureCount = 0]
2025-06-15T06:05:33.750Z DEBUG 2697 --- [           main] org.springframework.test.context.cache   : Spring test ApplicationContext cache statistics: [DefaultContextCache@7c357b9 size = 1, maxSize = 32, parentContextCount = 0, hitCount = 187, missCount = 1, failureCount = 0]
2025-06-15T06:05:33.750Z DEBUG 2697 --- [           main] o.s.orm.jpa.JpaTransactionManager        : Creating new transaction with name [com.gmail.merikbest2015.ecommerce.controller.AuthenticationControllerTest]: PROPAGATION_REQUIRED,ISOLATION_DEFAULT
2025-06-15T06:05:33.750Z DEBUG 2697 --- [           main] o.s.orm.jpa.JpaTransactionManager        : Opened new EntityManager [SessionImpl(1630869871<open>)] for JPA transaction
2025-06-15T06:05:33.750Z DEBUG 2697 --- [           main] o.s.orm.jpa.JpaTransactionManager        : Exposing JPA transaction as JDBC [org.springframework.orm.jpa.vendor.HibernateJpaDialect$HibernateConnectionHandle@96347d1]
2025-06-15T06:05:33.750Z DEBUG 2697 --- [           main] o.s.jdbc.datasource.init.ScriptUtils     : Executing SQL script from class path resource [sql/create-user-before.sql]
2025-06-15T06:05:33.756Z DEBUG 2697 --- [           main] o.s.jdbc.datasource.init.ScriptUtils     : 1 returned as update count for SQL: insert into users(id, email, first_name, last_name, city, address, phone_number, post_index, activation_code, active, password, password_reset_code, provider) values(1, 'admin@gmail.com', 'Admin', 'Admin', null, null, null, null, null, true, '$2a$08$kS2f5m8eYoNpc.ZECzndGuXiqaWmCaFfOGMQquodP48qrD7.cQG4y', null, 'LOCAL')
2025-06-15T06:05:33.756Z DEBUG 2697 --- [           main] o.s.jdbc.datasource.init.ScriptUtils     : 1 returned as update count for SQL: insert into users(id, email, first_name, last_name, city, address, phone_number, post_index, activation_code, active, password, password_reset_code, provider) values(122, 'test123@test.com', 'John', 'Doe', 'New York', 'Wall Street 1', '1234567890', '1234567890', null, true, '$2a$08$kS2f5m8eYoNpc.ZECzndGuXiqaWmCaFfOGMQquodP48qrD7.cQG4y', null, 'LOCAL')
2025-06-15T06:05:33.756Z DEBUG 2697 --- [           main] o.s.jdbc.datasource.init.ScriptUtils     : 1 returned as update count for SQL: insert into users(id, email, first_name, last_name, city, address, phone_number, post_index, activation_code, active, password, password_reset_code, provider) values (126, 'helloworld@test.com', 'John2', 'Doe2', 'New York', 'Wall Street1', '1234567890', '1234567890','8e97dc37-2cf5-47e2-98e0',false,'$2a$08$kS2f5m8eYoNpc.ZECzndGuXiqaWmCaFfOGMQquodP48qrD7.cQG4y','3f9bcdb0-2241-4c34-803e-598b497d571f', 'LOCAL')
2025-06-15T06:05:33.757Z DEBUG 2697 --- [           main] o.s.jdbc.datasource.init.ScriptUtils     : 1 returned as update count for SQL: insert into user_role (user_id, roles) values (1, 'ADMIN')
2025-06-15T06:05:33.757Z DEBUG 2697 --- [           main] o.s.jdbc.datasource.init.ScriptUtils     : 1 returned as update count for SQL: insert into user_role (user_id, roles) values (122, 'USER')
2025-06-15T06:05:33.757Z DEBUG 2697 --- [           main] o.s.jdbc.datasource.init.ScriptUtils     : 1 returned as update count for SQL: insert into user_role (user_id, roles) values (126, 'USER')
2025-06-15T06:05:33.758Z DEBUG 2697 --- [           main] o.s.jdbc.datasource.init.ScriptUtils     : Executed SQL script from class path resource [sql/create-user-before.sql] in 8 ms.
2025-06-15T06:05:33.758Z DEBUG 2697 --- [           main] o.s.orm.jpa.JpaTransactionManager        : Initiating transaction commit
2025-06-15T06:05:33.758Z DEBUG 2697 --- [           main] o.s.orm.jpa.JpaTransactionManager        : Committing JPA transaction on EntityManager [SessionImpl(1630869871<open>)]
2025-06-15T06:05:33.758Z DEBUG 2697 --- [           main] o.s.orm.jpa.JpaTransactionManager        : Closing JPA EntityManager [SessionImpl(1630869871<open>)] after transaction
2025-06-15T06:05:33.759Z DEBUG 2697 --- [           main] org.springframework.test.context.cache   : Spring test ApplicationContext cache statistics: [DefaultContextCache@7c357b9 size = 1, maxSize = 32, parentContextCount = 0, hitCount = 188, missCount = 1, failureCount = 0]
2025-06-15T06:05:33.759Z DEBUG 2697 --- [           main] org.springframework.test.context.cache   : Spring test ApplicationContext cache statistics: [DefaultContextCache@7c357b9 size = 1, maxSize = 32, parentContextCount = 0, hitCount = 189, missCount = 1, failureCount = 0]
2025-06-15T06:05:33.759Z DEBUG 2697 --- [           main] o.s.b.f.s.DefaultListableBeanFactory     : Autowiring by type from bean name 'org.springframework.security.test.context.support.WithUserDetailsSecurityContextFactory' via constructor to bean named 'org.springframework.beans.factory.support.DefaultListableBeanFactory@2e93108a'
2025-06-15T06:05:33.759Z DEBUG 2697 --- [           main] org.springframework.test.context.cache   : Spring test ApplicationContext cache statistics: [DefaultContextCache@7c357b9 size = 1, maxSize = 32, parentContextCount = 0, hitCount = 190, missCount = 1, failureCount = 0]
2025-06-15T06:05:33.760Z DEBUG 2697 --- [           main] tor$SharedEntityManagerInvocationHandler : Creating new EntityManager for shared EntityManager invocation
2025-06-15T06:05:33.766Z DEBUG 2697 --- [           main] org.springframework.test.context.cache   : Spring test ApplicationContext cache statistics: [DefaultContextCache@7c357b9 size = 1, maxSize = 32, parentContextCount = 0, hitCount = 191, missCount = 1, failureCount = 0]
2025-06-15T06:05:33.767Z DEBUG 2697 --- [           main] org.springframework.test.context.cache   : Spring test ApplicationContext cache statistics: [DefaultContextCache@7c357b9 size = 1, maxSize = 32, parentContextCount = 0, hitCount = 192, missCount = 1, failureCount = 0]
2025-06-15T06:05:33.768Z DEBUG 2697 --- [           main] org.springframework.test.context.cache   : Spring test ApplicationContext cache statistics: [DefaultContextCache@7c357b9 size = 1, maxSize = 32, parentContextCount = 0, hitCount = 193, missCount = 1, failureCount = 0]
2025-06-15T06:05:33.769Z DEBUG 2697 --- [           main] o.s.test.util.ReflectionTestUtils        : Invoking method 'getFilters' on target object [FilterChainProxy[Filter Chains: null]] or target class [null] with arguments {org.springframework.mock.web.MockHttpServletRequest@644c259c}
2025-06-15T06:05:33.769Z DEBUG 2697 --- [           main] o.s.test.util.ReflectionTestUtils        : Invoking method 'getFilters' on target object [FilterChainProxy[Filter Chains: null]] or target class [null] with arguments {org.springframework.mock.web.MockHttpServletRequest@644c259c}
2025-06-15T06:05:33.769Z DEBUG 2697 --- [           main] o.s.test.util.ReflectionTestUtils        : Getting field 'securityContextRepository' from target object [org.springframework.security.web.context.SecurityContextHolderFilter@5b871e27] or target class [class org.springframework.security.web.context.SecurityContextHolderFilter]
2025-06-15T06:05:33.769Z DEBUG 2697 --- [           main] o.s.test.util.ReflectionTestUtils        : Invoking method 'getFilters' on target object [FilterChainProxy[Filter Chains: null]] or target class [null] with arguments {org.springframework.mock.web.MockHttpServletRequest@644c259c}
2025-06-15T06:05:33.769Z DEBUG 2697 --- [           main] o.s.test.util.ReflectionTestUtils        : Getting field 'tokenRepository' from target object [org.springframework.security.web.csrf.CsrfFilter@66dc4a2b] or target class [class org.springframework.security.web.csrf.CsrfFilter]
2025-06-15T06:05:33.770Z DEBUG 2697 --- [           main] o.s.test.util.ReflectionTestUtils        : Invoking method 'getFilters' on target object [FilterChainProxy[Filter Chains: null]] or target class [null] with arguments {org.springframework.mock.web.MockHttpServletRequest@644c259c}
2025-06-15T06:05:33.770Z DEBUG 2697 --- [           main] o.s.test.util.ReflectionTestUtils        : Getting field 'requestHandler' from target object [org.springframework.security.web.csrf.CsrfFilter@66dc4a2b] or target class [class org.springframework.security.web.csrf.CsrfFilter]
2025-06-15T06:05:33.772Z DEBUG 2697 --- [           main] o.s.security.web.FilterChainProxy        : Securing PUT /api/v1/auth/edit/password
2025-06-15T06:05:33.776Z DEBUG 2697 --- [           main] o.s.security.web.FilterChainProxy        : Secured PUT /api/v1/auth/edit/password
2025-06-15T06:05:33.776Z DEBUG 2697 --- [           main] o.s.t.web.servlet.TestDispatcherServlet  : PUT "/api/v1/auth/edit/password", parameters={masked}
2025-06-15T06:05:33.776Z DEBUG 2697 --- [           main] s.w.s.m.m.a.RequestMappingHandlerMapping : Mapped to com.gmail.merikbest2015.ecommerce.controller.AuthenticationController#updateUserPassword(UserPrincipal, PasswordResetRequest, BindingResult)
2025-06-15T06:05:33.776Z DEBUG 2697 --- [           main] o.j.s.OpenEntityManagerInViewInterceptor : Opening JPA EntityManager in OpenEntityManagerInViewInterceptor
2025-06-15T06:05:33.778Z DEBUG 2697 --- [           main] m.m.a.RequestResponseBodyMethodProcessor : Read "application/json;charset=UTF-8" to [PasswordResetRequest(email=null, password=, password2=)]
2025-06-15T06:05:33.780Z  INFO 2697 --- [           main] c.g.m.e.c.AuthenticationController       : User test123@test.com requested password update
2025-06-15T06:05:33.780Z DEBUG 2697 --- [           main] .m.m.a.ExceptionHandlerExceptionResolver : Using @ExceptionHandler com.gmail.merikbest2015.ecommerce.exception.ApiExceptionHandler#handleInputFieldException(InputFieldException)
2025-06-15T06:05:33.780Z DEBUG 2697 --- [           main] o.s.w.s.m.m.a.HttpEntityMethodProcessor  : Using 'application/json', given [*/*] and supported [application/json, application/*+json, application/yaml]
2025-06-15T06:05:33.780Z DEBUG 2697 --- [           main] o.s.w.s.m.m.a.HttpEntityMethodProcessor  : Writing [{password2Error=The password confirmation must be between 6 and 16 characters long, passwordError=Th (truncated)...]
2025-06-15T06:05:33.781Z DEBUG 2697 --- [           main] .m.m.a.ExceptionHandlerExceptionResolver : Resolved [com.gmail.merikbest2015.ecommerce.exception.InputFieldException]
2025-06-15T06:05:33.781Z DEBUG 2697 --- [           main] o.j.s.OpenEntityManagerInViewInterceptor : Closing JPA EntityManager in OpenEntityManagerInViewInterceptor
2025-06-15T06:05:33.781Z DEBUG 2697 --- [           main] o.s.t.web.servlet.TestDispatcherServlet  : Completed 400 BAD_REQUEST
2025-06-15T06:05:33.783Z DEBUG 2697 --- [           main] org.springframework.test.context.cache   : Spring test ApplicationContext cache statistics: [DefaultContextCache@7c357b9 size = 1, maxSize = 32, parentContextCount = 0, hitCount = 194, missCount = 1, failureCount = 0]
2025-06-15T06:05:33.784Z DEBUG 2697 --- [           main] org.springframework.test.context.cache   : Spring test ApplicationContext cache statistics: [DefaultContextCache@7c357b9 size = 1, maxSize = 32, parentContextCount = 0, hitCount = 195, missCount = 1, failureCount = 0]
2025-06-15T06:05:33.785Z DEBUG 2697 --- [           main] org.springframework.test.context.cache   : Spring test ApplicationContext cache statistics: [DefaultContextCache@7c357b9 size = 1, maxSize = 32, parentContextCount = 0, hitCount = 196, missCount = 1, failureCount = 0]
2025-06-15T06:05:33.785Z DEBUG 2697 --- [           main] org.springframework.test.context.cache   : Spring test ApplicationContext cache statistics: [DefaultContextCache@7c357b9 size = 1, maxSize = 32, parentContextCount = 0, hitCount = 197, missCount = 1, failureCount = 0]
2025-06-15T06:05:33.785Z DEBUG 2697 --- [           main] org.springframework.test.context.cache   : Spring test ApplicationContext cache statistics: [DefaultContextCache@7c357b9 size = 1, maxSize = 32, parentContextCount = 0, hitCount = 198, missCount = 1, failureCount = 0]
2025-06-15T06:05:33.785Z DEBUG 2697 --- [           main] org.springframework.test.context.cache   : Spring test ApplicationContext cache statistics: [DefaultContextCache@7c357b9 size = 1, maxSize = 32, parentContextCount = 0, hitCount = 199, missCount = 1, failureCount = 0]
2025-06-15T06:05:33.786Z DEBUG 2697 --- [           main] org.springframework.test.context.cache   : Spring test ApplicationContext cache statistics: [DefaultContextCache@7c357b9 size = 1, maxSize = 32, parentContextCount = 0, hitCount = 200, missCount = 1, failureCount = 0]
2025-06-15T06:05:33.786Z DEBUG 2697 --- [           main] org.springframework.test.context.cache   : Spring test ApplicationContext cache statistics: [DefaultContextCache@7c357b9 size = 1, maxSize = 32, parentContextCount = 0, hitCount = 201, missCount = 1, failureCount = 0]
2025-06-15T06:05:33.786Z DEBUG 2697 --- [           main] .s.t.c.j.SqlScriptsTestExecutionListener : Processing merged @SqlConfig attributes for execution phase [AFTER_TEST_METHOD] and test class [com.gmail.merikbest2015.ecommerce.controller.AuthenticationControllerTest]
2025-06-15T06:05:33.786Z DEBUG 2697 --- [           main] org.springframework.test.context.cache   : Spring test ApplicationContext cache statistics: [DefaultContextCache@7c357b9 size = 1, maxSize = 32, parentContextCount = 0, hitCount = 202, missCount = 1, failureCount = 0]
2025-06-15T06:05:33.786Z DEBUG 2697 --- [           main] .s.t.c.j.SqlScriptsTestExecutionListener : Executing SQL scripts: [class path resource [sql/create-user-after.sql]]
2025-06-15T06:05:33.786Z DEBUG 2697 --- [           main] org.springframework.test.context.cache   : Spring test ApplicationContext cache statistics: [DefaultContextCache@7c357b9 size = 1, maxSize = 32, parentContextCount = 0, hitCount = 203, missCount = 1, failureCount = 0]
2025-06-15T06:05:33.787Z DEBUG 2697 --- [           main] org.springframework.test.context.cache   : Spring test ApplicationContext cache statistics: [DefaultContextCache@7c357b9 size = 1, maxSize = 32, parentContextCount = 0, hitCount = 204, missCount = 1, failureCount = 0]
2025-06-15T06:05:33.787Z DEBUG 2697 --- [           main] o.s.orm.jpa.JpaTransactionManager        : Creating new transaction with name [com.gmail.merikbest2015.ecommerce.controller.AuthenticationControllerTest]: PROPAGATION_REQUIRED,ISOLATION_DEFAULT
2025-06-15T06:05:33.787Z DEBUG 2697 --- [           main] o.s.orm.jpa.JpaTransactionManager        : Opened new EntityManager [SessionImpl(632664218<open>)] for JPA transaction
2025-06-15T06:05:33.787Z DEBUG 2697 --- [           main] o.s.orm.jpa.JpaTransactionManager        : Exposing JPA transaction as JDBC [org.springframework.orm.jpa.vendor.HibernateJpaDialect$HibernateConnectionHandle@544b0237]
2025-06-15T06:05:33.787Z DEBUG 2697 --- [           main] o.s.jdbc.datasource.init.ScriptUtils     : Executing SQL script from class path resource [sql/create-user-after.sql]
2025-06-15T06:05:33.788Z DEBUG 2697 --- [           main] o.s.jdbc.datasource.init.ScriptUtils     : 3 returned as update count for SQL: delete from user_role
2025-06-15T06:05:33.788Z DEBUG 2697 --- [           main] o.s.jdbc.datasource.init.ScriptUtils     : 3 returned as update count for SQL: delete from users
2025-06-15T06:05:33.788Z DEBUG 2697 --- [           main] o.s.jdbc.datasource.init.ScriptUtils     : Executed SQL script from class path resource [sql/create-user-after.sql] in 1 ms.
2025-06-15T06:05:33.788Z DEBUG 2697 --- [           main] o.s.orm.jpa.JpaTransactionManager        : Initiating transaction commit
2025-06-15T06:05:33.788Z DEBUG 2697 --- [           main] o.s.orm.jpa.JpaTransactionManager        : Committing JPA transaction on EntityManager [SessionImpl(632664218<open>)]
2025-06-15T06:05:33.789Z DEBUG 2697 --- [           main] o.s.orm.jpa.JpaTransactionManager        : Closing JPA EntityManager [SessionImpl(632664218<open>)] after transaction
2025-06-15T06:05:33.789Z DEBUG 2697 --- [           main] .c.s.DirtiesContextTestExecutionListener : After test method: class [AuthenticationControllerTest], method [updateUserPassword_ShouldInputFieldsAreEmpty], class annotated with @DirtiesContext [false] with mode [null], method annotated with @DirtiesContext [false] with mode [null]
2025-06-15T06:05:33.789Z DEBUG 2697 --- [           main] ObservationRegistryTestExecutionListener : Restoring ObservationRegistry in ObservationThreadLocalAccessor for test class com.gmail.merikbest2015.ecommerce.controller.AuthenticationControllerTest
2025-06-15T06:05:33.789Z DEBUG 2697 --- [           main] o.s.t.c.w.ServletTestExecutionListener   : Resetting RequestContextHolder for test class com.gmail.merikbest2015.ecommerce.controller.AuthenticationControllerTest
]]></system-out>
  </testcase>
  <testcase name="updateUserPassword_ShouldPasswordsNotMatch" classname="com.gmail.merikbest2015.ecommerce.controller.AuthenticationControllerTest" time="0.043">
    <system-out><![CDATA[2025-06-15T06:05:33.790Z DEBUG 2697 --- [           main] org.springframework.test.context.cache   : Spring test ApplicationContext cache statistics: [DefaultContextCache@7c357b9 size = 1, maxSize = 32, parentContextCount = 0, hitCount = 205, missCount = 1, failureCount = 0]
2025-06-15T06:05:33.790Z DEBUG 2697 --- [           main] o.s.t.c.w.ServletTestExecutionListener   : Setting up MockHttpServletRequest, MockHttpServletResponse, ServletWebRequest, and RequestContextHolder for test class com.gmail.merikbest2015.ecommerce.controller.AuthenticationControllerTest
2025-06-15T06:05:33.791Z DEBUG 2697 --- [           main] DependencyInjectionTestExecutionListener : Performing dependency injection for test class com.gmail.merikbest2015.ecommerce.controller.AuthenticationControllerTest
2025-06-15T06:05:33.791Z DEBUG 2697 --- [           main] org.springframework.test.context.cache   : Spring test ApplicationContext cache statistics: [DefaultContextCache@7c357b9 size = 1, maxSize = 32, parentContextCount = 0, hitCount = 206, missCount = 1, failureCount = 0]
2025-06-15T06:05:33.791Z DEBUG 2697 --- [           main] org.springframework.test.context.cache   : Spring test ApplicationContext cache statistics: [DefaultContextCache@7c357b9 size = 1, maxSize = 32, parentContextCount = 0, hitCount = 207, missCount = 1, failureCount = 0]
2025-06-15T06:05:33.791Z DEBUG 2697 --- [           main] sContextBeforeModesTestExecutionListener : Before test method: class [AuthenticationControllerTest], method [updateUserPassword_ShouldPasswordsNotMatch], class annotated with @DirtiesContext [false] with mode [null], method annotated with @DirtiesContext [false] with mode [null]
2025-06-15T06:05:33.792Z DEBUG 2697 --- [           main] org.springframework.test.context.cache   : Spring test ApplicationContext cache statistics: [DefaultContextCache@7c357b9 size = 1, maxSize = 32, parentContextCount = 0, hitCount = 208, missCount = 1, failureCount = 0]
2025-06-15T06:05:33.792Z DEBUG 2697 --- [           main] ObservationRegistryTestExecutionListener : Registering ObservationRegistry from ApplicationContext in ObservationThreadLocalAccessor for test class com.gmail.merikbest2015.ecommerce.controller.AuthenticationControllerTest
2025-06-15T06:05:33.792Z DEBUG 2697 --- [           main] .s.t.c.j.SqlScriptsTestExecutionListener : Processing merged @SqlConfig attributes for execution phase [BEFORE_TEST_METHOD] and test class [com.gmail.merikbest2015.ecommerce.controller.AuthenticationControllerTest]
2025-06-15T06:05:33.792Z DEBUG 2697 --- [           main] org.springframework.test.context.cache   : Spring test ApplicationContext cache statistics: [DefaultContextCache@7c357b9 size = 1, maxSize = 32, parentContextCount = 0, hitCount = 209, missCount = 1, failureCount = 0]
2025-06-15T06:05:33.792Z DEBUG 2697 --- [           main] .s.t.c.j.SqlScriptsTestExecutionListener : Executing SQL scripts: [class path resource [sql/create-user-before.sql]]
2025-06-15T06:05:33.794Z DEBUG 2697 --- [           main] org.springframework.test.context.cache   : Spring test ApplicationContext cache statistics: [DefaultContextCache@7c357b9 size = 1, maxSize = 32, parentContextCount = 0, hitCount = 210, missCount = 1, failureCount = 0]
2025-06-15T06:05:33.795Z DEBUG 2697 --- [           main] org.springframework.test.context.cache   : Spring test ApplicationContext cache statistics: [DefaultContextCache@7c357b9 size = 1, maxSize = 32, parentContextCount = 0, hitCount = 211, missCount = 1, failureCount = 0]
2025-06-15T06:05:33.795Z DEBUG 2697 --- [           main] o.s.orm.jpa.JpaTransactionManager        : Creating new transaction with name [com.gmail.merikbest2015.ecommerce.controller.AuthenticationControllerTest]: PROPAGATION_REQUIRED,ISOLATION_DEFAULT
2025-06-15T06:05:33.795Z DEBUG 2697 --- [           main] o.s.orm.jpa.JpaTransactionManager        : Opened new EntityManager [SessionImpl(896225812<open>)] for JPA transaction
2025-06-15T06:05:33.795Z DEBUG 2697 --- [           main] o.s.orm.jpa.JpaTransactionManager        : Exposing JPA transaction as JDBC [org.springframework.orm.jpa.vendor.HibernateJpaDialect$HibernateConnectionHandle@3d520543]
2025-06-15T06:05:33.795Z DEBUG 2697 --- [           main] o.s.jdbc.datasource.init.ScriptUtils     : Executing SQL script from class path resource [sql/create-user-before.sql]
2025-06-15T06:05:33.796Z DEBUG 2697 --- [           main] o.s.jdbc.datasource.init.ScriptUtils     : 1 returned as update count for SQL: insert into users(id, email, first_name, last_name, city, address, phone_number, post_index, activation_code, active, password, password_reset_code, provider) values(1, 'admin@gmail.com', 'Admin', 'Admin', null, null, null, null, null, true, '$2a$08$kS2f5m8eYoNpc.ZECzndGuXiqaWmCaFfOGMQquodP48qrD7.cQG4y', null, 'LOCAL')
2025-06-15T06:05:33.796Z DEBUG 2697 --- [           main] o.s.jdbc.datasource.init.ScriptUtils     : 1 returned as update count for SQL: insert into users(id, email, first_name, last_name, city, address, phone_number, post_index, activation_code, active, password, password_reset_code, provider) values(122, 'test123@test.com', 'John', 'Doe', 'New York', 'Wall Street 1', '1234567890', '1234567890', null, true, '$2a$08$kS2f5m8eYoNpc.ZECzndGuXiqaWmCaFfOGMQquodP48qrD7.cQG4y', null, 'LOCAL')
2025-06-15T06:05:33.797Z DEBUG 2697 --- [           main] o.s.jdbc.datasource.init.ScriptUtils     : 1 returned as update count for SQL: insert into users(id, email, first_name, last_name, city, address, phone_number, post_index, activation_code, active, password, password_reset_code, provider) values (126, 'helloworld@test.com', 'John2', 'Doe2', 'New York', 'Wall Street1', '1234567890', '1234567890','8e97dc37-2cf5-47e2-98e0',false,'$2a$08$kS2f5m8eYoNpc.ZECzndGuXiqaWmCaFfOGMQquodP48qrD7.cQG4y','3f9bcdb0-2241-4c34-803e-598b497d571f', 'LOCAL')
2025-06-15T06:05:33.797Z DEBUG 2697 --- [           main] o.s.jdbc.datasource.init.ScriptUtils     : 1 returned as update count for SQL: insert into user_role (user_id, roles) values (1, 'ADMIN')
2025-06-15T06:05:33.797Z DEBUG 2697 --- [           main] o.s.jdbc.datasource.init.ScriptUtils     : 1 returned as update count for SQL: insert into user_role (user_id, roles) values (122, 'USER')
2025-06-15T06:05:33.798Z DEBUG 2697 --- [           main] o.s.jdbc.datasource.init.ScriptUtils     : 1 returned as update count for SQL: insert into user_role (user_id, roles) values (126, 'USER')
2025-06-15T06:05:33.798Z DEBUG 2697 --- [           main] o.s.jdbc.datasource.init.ScriptUtils     : Executed SQL script from class path resource [sql/create-user-before.sql] in 3 ms.
2025-06-15T06:05:33.798Z DEBUG 2697 --- [           main] o.s.orm.jpa.JpaTransactionManager        : Initiating transaction commit
2025-06-15T06:05:33.798Z DEBUG 2697 --- [           main] o.s.orm.jpa.JpaTransactionManager        : Committing JPA transaction on EntityManager [SessionImpl(896225812<open>)]
2025-06-15T06:05:33.798Z DEBUG 2697 --- [           main] o.s.orm.jpa.JpaTransactionManager        : Closing JPA EntityManager [SessionImpl(896225812<open>)] after transaction
2025-06-15T06:05:33.799Z DEBUG 2697 --- [           main] org.springframework.test.context.cache   : Spring test ApplicationContext cache statistics: [DefaultContextCache@7c357b9 size = 1, maxSize = 32, parentContextCount = 0, hitCount = 212, missCount = 1, failureCount = 0]
2025-06-15T06:05:33.799Z DEBUG 2697 --- [           main] org.springframework.test.context.cache   : Spring test ApplicationContext cache statistics: [DefaultContextCache@7c357b9 size = 1, maxSize = 32, parentContextCount = 0, hitCount = 213, missCount = 1, failureCount = 0]
2025-06-15T06:05:33.799Z DEBUG 2697 --- [           main] o.s.b.f.s.DefaultListableBeanFactory     : Autowiring by type from bean name 'org.springframework.security.test.context.support.WithUserDetailsSecurityContextFactory' via constructor to bean named 'org.springframework.beans.factory.support.DefaultListableBeanFactory@2e93108a'
2025-06-15T06:05:33.799Z DEBUG 2697 --- [           main] org.springframework.test.context.cache   : Spring test ApplicationContext cache statistics: [DefaultContextCache@7c357b9 size = 1, maxSize = 32, parentContextCount = 0, hitCount = 214, missCount = 1, failureCount = 0]
2025-06-15T06:05:33.799Z DEBUG 2697 --- [           main] tor$SharedEntityManagerInvocationHandler : Creating new EntityManager for shared EntityManager invocation
2025-06-15T06:05:33.805Z DEBUG 2697 --- [           main] org.springframework.test.context.cache   : Spring test ApplicationContext cache statistics: [DefaultContextCache@7c357b9 size = 1, maxSize = 32, parentContextCount = 0, hitCount = 215, missCount = 1, failureCount = 0]
2025-06-15T06:05:33.806Z DEBUG 2697 --- [           main] org.springframework.test.context.cache   : Spring test ApplicationContext cache statistics: [DefaultContextCache@7c357b9 size = 1, maxSize = 32, parentContextCount = 0, hitCount = 216, missCount = 1, failureCount = 0]
2025-06-15T06:05:33.808Z DEBUG 2697 --- [           main] org.springframework.test.context.cache   : Spring test ApplicationContext cache statistics: [DefaultContextCache@7c357b9 size = 1, maxSize = 32, parentContextCount = 0, hitCount = 217, missCount = 1, failureCount = 0]
2025-06-15T06:05:33.809Z DEBUG 2697 --- [           main] o.s.test.util.ReflectionTestUtils        : Invoking method 'getFilters' on target object [FilterChainProxy[Filter Chains: null]] or target class [null] with arguments {org.springframework.mock.web.MockHttpServletRequest@1ff5fb9e}
2025-06-15T06:05:33.809Z DEBUG 2697 --- [           main] o.s.test.util.ReflectionTestUtils        : Invoking method 'getFilters' on target object [FilterChainProxy[Filter Chains: null]] or target class [null] with arguments {org.springframework.mock.web.MockHttpServletRequest@1ff5fb9e}
2025-06-15T06:05:33.810Z DEBUG 2697 --- [           main] o.s.test.util.ReflectionTestUtils        : Getting field 'securityContextRepository' from target object [org.springframework.security.web.context.SecurityContextHolderFilter@5b871e27] or target class [class org.springframework.security.web.context.SecurityContextHolderFilter]
2025-06-15T06:05:33.810Z DEBUG 2697 --- [           main] o.s.test.util.ReflectionTestUtils        : Invoking method 'getFilters' on target object [FilterChainProxy[Filter Chains: null]] or target class [null] with arguments {org.springframework.mock.web.MockHttpServletRequest@1ff5fb9e}
2025-06-15T06:05:33.810Z DEBUG 2697 --- [           main] o.s.test.util.ReflectionTestUtils        : Getting field 'tokenRepository' from target object [org.springframework.security.web.csrf.CsrfFilter@66dc4a2b] or target class [class org.springframework.security.web.csrf.CsrfFilter]
2025-06-15T06:05:33.810Z DEBUG 2697 --- [           main] o.s.test.util.ReflectionTestUtils        : Invoking method 'getFilters' on target object [FilterChainProxy[Filter Chains: null]] or target class [null] with arguments {org.springframework.mock.web.MockHttpServletRequest@1ff5fb9e}
2025-06-15T06:05:33.810Z DEBUG 2697 --- [           main] o.s.test.util.ReflectionTestUtils        : Getting field 'requestHandler' from target object [org.springframework.security.web.csrf.CsrfFilter@66dc4a2b] or target class [class org.springframework.security.web.csrf.CsrfFilter]
2025-06-15T06:05:33.811Z DEBUG 2697 --- [           main] o.s.security.web.FilterChainProxy        : Securing PUT /api/v1/auth/edit/password
2025-06-15T06:05:33.812Z DEBUG 2697 --- [           main] o.s.security.web.FilterChainProxy        : Secured PUT /api/v1/auth/edit/password
2025-06-15T06:05:33.813Z DEBUG 2697 --- [           main] o.s.t.web.servlet.TestDispatcherServlet  : PUT "/api/v1/auth/edit/password", parameters={masked}
2025-06-15T06:05:33.813Z DEBUG 2697 --- [           main] s.w.s.m.m.a.RequestMappingHandlerMapping : Mapped to com.gmail.merikbest2015.ecommerce.controller.AuthenticationController#updateUserPassword(UserPrincipal, PasswordResetRequest, BindingResult)
2025-06-15T06:05:33.813Z DEBUG 2697 --- [           main] o.j.s.OpenEntityManagerInViewInterceptor : Opening JPA EntityManager in OpenEntityManagerInViewInterceptor
2025-06-15T06:05:33.814Z DEBUG 2697 --- [           main] m.m.a.RequestResponseBodyMethodProcessor : Read "application/json;charset=UTF-8" to [PasswordResetRequest(email=null, password=admin123, password2=testpassword)]
2025-06-15T06:05:33.814Z  INFO 2697 --- [           main] c.g.m.e.c.AuthenticationController       : User test123@test.com requested password update
2025-06-15T06:05:33.814Z DEBUG 2697 --- [           main] o.s.orm.jpa.JpaTransactionManager        : Found thread-bound EntityManager [SessionImpl(722500783<open>)] for JPA transaction
2025-06-15T06:05:33.814Z DEBUG 2697 --- [           main] o.s.orm.jpa.JpaTransactionManager        : Creating new transaction with name [com.gmail.merikbest2015.ecommerce.service.Impl.AuthenticationServiceImpl.passwordReset]: PROPAGATION_REQUIRED,ISOLATION_DEFAULT
2025-06-15T06:05:33.814Z DEBUG 2697 --- [           main] o.s.orm.jpa.JpaTransactionManager        : Exposing JPA transaction as JDBC [org.springframework.orm.jpa.vendor.HibernateJpaDialect$HibernateConnectionHandle@2815e15c]
2025-06-15T06:05:33.814Z  WARN 2697 --- [           main] c.g.m.e.s.I.AuthenticationServiceImpl    : Password mismatch during reset for 'test123@test.com'
2025-06-15T06:05:33.814Z DEBUG 2697 --- [           main] o.s.orm.jpa.JpaTransactionManager        : Initiating transaction rollback
2025-06-15T06:05:33.814Z DEBUG 2697 --- [           main] o.s.orm.jpa.JpaTransactionManager        : Rolling back JPA transaction on EntityManager [SessionImpl(722500783<open>)]
2025-06-15T06:05:33.814Z DEBUG 2697 --- [           main] o.s.orm.jpa.JpaTransactionManager        : Not closing pre-bound JPA EntityManager after transaction
2025-06-15T06:05:33.815Z DEBUG 2697 --- [           main] .m.m.a.ExceptionHandlerExceptionResolver : Using @ExceptionHandler com.gmail.merikbest2015.ecommerce.exception.ApiExceptionHandler#handlePasswordException(PasswordException)
2025-06-15T06:05:33.815Z DEBUG 2697 --- [           main] o.s.w.s.m.m.a.HttpEntityMethodProcessor  : Using 'application/json', given [*/*] and supported [application/json, application/*+json, application/yaml]
2025-06-15T06:05:33.815Z DEBUG 2697 --- [           main] o.s.w.s.m.m.a.HttpEntityMethodProcessor  : Writing [com.gmail.merikbest2015.ecommerce.exception.PasswordException]
2025-06-15T06:05:33.823Z DEBUG 2697 --- [           main] .m.m.a.ExceptionHandlerExceptionResolver : Resolved [com.gmail.merikbest2015.ecommerce.exception.PasswordException]
2025-06-15T06:05:33.823Z DEBUG 2697 --- [           main] o.j.s.OpenEntityManagerInViewInterceptor : Closing JPA EntityManager in OpenEntityManagerInViewInterceptor
2025-06-15T06:05:33.823Z DEBUG 2697 --- [           main] o.s.t.web.servlet.TestDispatcherServlet  : Completed 400 BAD_REQUEST
2025-06-15T06:05:33.828Z DEBUG 2697 --- [           main] org.springframework.test.context.cache   : Spring test ApplicationContext cache statistics: [DefaultContextCache@7c357b9 size = 1, maxSize = 32, parentContextCount = 0, hitCount = 218, missCount = 1, failureCount = 0]
2025-06-15T06:05:33.828Z DEBUG 2697 --- [           main] org.springframework.test.context.cache   : Spring test ApplicationContext cache statistics: [DefaultContextCache@7c357b9 size = 1, maxSize = 32, parentContextCount = 0, hitCount = 219, missCount = 1, failureCount = 0]
2025-06-15T06:05:33.829Z DEBUG 2697 --- [           main] org.springframework.test.context.cache   : Spring test ApplicationContext cache statistics: [DefaultContextCache@7c357b9 size = 1, maxSize = 32, parentContextCount = 0, hitCount = 220, missCount = 1, failureCount = 0]
2025-06-15T06:05:33.829Z DEBUG 2697 --- [           main] org.springframework.test.context.cache   : Spring test ApplicationContext cache statistics: [DefaultContextCache@7c357b9 size = 1, maxSize = 32, parentContextCount = 0, hitCount = 221, missCount = 1, failureCount = 0]
2025-06-15T06:05:33.829Z DEBUG 2697 --- [           main] org.springframework.test.context.cache   : Spring test ApplicationContext cache statistics: [DefaultContextCache@7c357b9 size = 1, maxSize = 32, parentContextCount = 0, hitCount = 222, missCount = 1, failureCount = 0]
2025-06-15T06:05:33.830Z DEBUG 2697 --- [           main] org.springframework.test.context.cache   : Spring test ApplicationContext cache statistics: [DefaultContextCache@7c357b9 size = 1, maxSize = 32, parentContextCount = 0, hitCount = 223, missCount = 1, failureCount = 0]
2025-06-15T06:05:33.830Z DEBUG 2697 --- [           main] org.springframework.test.context.cache   : Spring test ApplicationContext cache statistics: [DefaultContextCache@7c357b9 size = 1, maxSize = 32, parentContextCount = 0, hitCount = 224, missCount = 1, failureCount = 0]
2025-06-15T06:05:33.831Z DEBUG 2697 --- [           main] org.springframework.test.context.cache   : Spring test ApplicationContext cache statistics: [DefaultContextCache@7c357b9 size = 1, maxSize = 32, parentContextCount = 0, hitCount = 225, missCount = 1, failureCount = 0]
2025-06-15T06:05:33.831Z DEBUG 2697 --- [           main] .s.t.c.j.SqlScriptsTestExecutionListener : Processing merged @SqlConfig attributes for execution phase [AFTER_TEST_METHOD] and test class [com.gmail.merikbest2015.ecommerce.controller.AuthenticationControllerTest]
2025-06-15T06:05:33.831Z DEBUG 2697 --- [           main] org.springframework.test.context.cache   : Spring test ApplicationContext cache statistics: [DefaultContextCache@7c357b9 size = 1, maxSize = 32, parentContextCount = 0, hitCount = 226, missCount = 1, failureCount = 0]
2025-06-15T06:05:33.831Z DEBUG 2697 --- [           main] .s.t.c.j.SqlScriptsTestExecutionListener : Executing SQL scripts: [class path resource [sql/create-user-after.sql]]
2025-06-15T06:05:33.831Z DEBUG 2697 --- [           main] org.springframework.test.context.cache   : Spring test ApplicationContext cache statistics: [DefaultContextCache@7c357b9 size = 1, maxSize = 32, parentContextCount = 0, hitCount = 227, missCount = 1, failureCount = 0]
2025-06-15T06:05:33.831Z DEBUG 2697 --- [           main] org.springframework.test.context.cache   : Spring test ApplicationContext cache statistics: [DefaultContextCache@7c357b9 size = 1, maxSize = 32, parentContextCount = 0, hitCount = 228, missCount = 1, failureCount = 0]
2025-06-15T06:05:33.831Z DEBUG 2697 --- [           main] o.s.orm.jpa.JpaTransactionManager        : Creating new transaction with name [com.gmail.merikbest2015.ecommerce.controller.AuthenticationControllerTest]: PROPAGATION_REQUIRED,ISOLATION_DEFAULT
2025-06-15T06:05:33.831Z DEBUG 2697 --- [           main] o.s.orm.jpa.JpaTransactionManager        : Opened new EntityManager [SessionImpl(403490507<open>)] for JPA transaction
2025-06-15T06:05:33.832Z DEBUG 2697 --- [           main] o.s.orm.jpa.JpaTransactionManager        : Exposing JPA transaction as JDBC [org.springframework.orm.jpa.vendor.HibernateJpaDialect$HibernateConnectionHandle@3d6fcdef]
2025-06-15T06:05:33.832Z DEBUG 2697 --- [           main] o.s.jdbc.datasource.init.ScriptUtils     : Executing SQL script from class path resource [sql/create-user-after.sql]
2025-06-15T06:05:33.833Z DEBUG 2697 --- [           main] o.s.jdbc.datasource.init.ScriptUtils     : 3 returned as update count for SQL: delete from user_role
2025-06-15T06:05:33.833Z DEBUG 2697 --- [           main] o.s.jdbc.datasource.init.ScriptUtils     : 3 returned as update count for SQL: delete from users
2025-06-15T06:05:33.833Z DEBUG 2697 --- [           main] o.s.jdbc.datasource.init.ScriptUtils     : Executed SQL script from class path resource [sql/create-user-after.sql] in 1 ms.
2025-06-15T06:05:33.833Z DEBUG 2697 --- [           main] o.s.orm.jpa.JpaTransactionManager        : Initiating transaction commit
2025-06-15T06:05:33.833Z DEBUG 2697 --- [           main] o.s.orm.jpa.JpaTransactionManager        : Committing JPA transaction on EntityManager [SessionImpl(403490507<open>)]
2025-06-15T06:05:33.834Z DEBUG 2697 --- [           main] o.s.orm.jpa.JpaTransactionManager        : Closing JPA EntityManager [SessionImpl(403490507<open>)] after transaction
2025-06-15T06:05:33.834Z DEBUG 2697 --- [           main] .c.s.DirtiesContextTestExecutionListener : After test method: class [AuthenticationControllerTest], method [updateUserPassword_ShouldPasswordsNotMatch], class annotated with @DirtiesContext [false] with mode [null], method annotated with @DirtiesContext [false] with mode [null]
2025-06-15T06:05:33.834Z DEBUG 2697 --- [           main] ObservationRegistryTestExecutionListener : Restoring ObservationRegistry in ObservationThreadLocalAccessor for test class com.gmail.merikbest2015.ecommerce.controller.AuthenticationControllerTest
2025-06-15T06:05:33.834Z DEBUG 2697 --- [           main] o.s.t.c.w.ServletTestExecutionListener   : Resetting RequestContextHolder for test class com.gmail.merikbest2015.ecommerce.controller.AuthenticationControllerTest
]]></system-out>
  </testcase>
  <testcase name="passwordReset" classname="com.gmail.merikbest2015.ecommerce.controller.AuthenticationControllerTest" time="0.049">
    <system-out><![CDATA[2025-06-15T06:05:33.836Z DEBUG 2697 --- [           main] org.springframework.test.context.cache   : Spring test ApplicationContext cache statistics: [DefaultContextCache@7c357b9 size = 1, maxSize = 32, parentContextCount = 0, hitCount = 229, missCount = 1, failureCount = 0]
2025-06-15T06:05:33.836Z DEBUG 2697 --- [           main] o.s.t.c.w.ServletTestExecutionListener   : Setting up MockHttpServletRequest, MockHttpServletResponse, ServletWebRequest, and RequestContextHolder for test class com.gmail.merikbest2015.ecommerce.controller.AuthenticationControllerTest
2025-06-15T06:05:33.836Z DEBUG 2697 --- [           main] DependencyInjectionTestExecutionListener : Performing dependency injection for test class com.gmail.merikbest2015.ecommerce.controller.AuthenticationControllerTest
2025-06-15T06:05:33.836Z DEBUG 2697 --- [           main] org.springframework.test.context.cache   : Spring test ApplicationContext cache statistics: [DefaultContextCache@7c357b9 size = 1, maxSize = 32, parentContextCount = 0, hitCount = 230, missCount = 1, failureCount = 0]
2025-06-15T06:05:33.837Z DEBUG 2697 --- [           main] org.springframework.test.context.cache   : Spring test ApplicationContext cache statistics: [DefaultContextCache@7c357b9 size = 1, maxSize = 32, parentContextCount = 0, hitCount = 231, missCount = 1, failureCount = 0]
2025-06-15T06:05:33.837Z DEBUG 2697 --- [           main] sContextBeforeModesTestExecutionListener : Before test method: class [AuthenticationControllerTest], method [passwordReset], class annotated with @DirtiesContext [false] with mode [null], method annotated with @DirtiesContext [false] with mode [null]
2025-06-15T06:05:33.837Z DEBUG 2697 --- [           main] org.springframework.test.context.cache   : Spring test ApplicationContext cache statistics: [DefaultContextCache@7c357b9 size = 1, maxSize = 32, parentContextCount = 0, hitCount = 232, missCount = 1, failureCount = 0]
2025-06-15T06:05:33.837Z DEBUG 2697 --- [           main] ObservationRegistryTestExecutionListener : Registering ObservationRegistry from ApplicationContext in ObservationThreadLocalAccessor for test class com.gmail.merikbest2015.ecommerce.controller.AuthenticationControllerTest
2025-06-15T06:05:33.837Z DEBUG 2697 --- [           main] .s.t.c.j.SqlScriptsTestExecutionListener : Processing merged @SqlConfig attributes for execution phase [BEFORE_TEST_METHOD] and test class [com.gmail.merikbest2015.ecommerce.controller.AuthenticationControllerTest]
2025-06-15T06:05:33.838Z DEBUG 2697 --- [           main] org.springframework.test.context.cache   : Spring test ApplicationContext cache statistics: [DefaultContextCache@7c357b9 size = 1, maxSize = 32, parentContextCount = 0, hitCount = 233, missCount = 1, failureCount = 0]
2025-06-15T06:05:33.838Z DEBUG 2697 --- [           main] .s.t.c.j.SqlScriptsTestExecutionListener : Executing SQL scripts: [class path resource [sql/create-user-before.sql]]
2025-06-15T06:05:33.838Z DEBUG 2697 --- [           main] org.springframework.test.context.cache   : Spring test ApplicationContext cache statistics: [DefaultContextCache@7c357b9 size = 1, maxSize = 32, parentContextCount = 0, hitCount = 234, missCount = 1, failureCount = 0]
2025-06-15T06:05:33.838Z DEBUG 2697 --- [           main] org.springframework.test.context.cache   : Spring test ApplicationContext cache statistics: [DefaultContextCache@7c357b9 size = 1, maxSize = 32, parentContextCount = 0, hitCount = 235, missCount = 1, failureCount = 0]
2025-06-15T06:05:33.838Z DEBUG 2697 --- [           main] o.s.orm.jpa.JpaTransactionManager        : Creating new transaction with name [com.gmail.merikbest2015.ecommerce.controller.AuthenticationControllerTest]: PROPAGATION_REQUIRED,ISOLATION_DEFAULT
2025-06-15T06:05:33.838Z DEBUG 2697 --- [           main] o.s.orm.jpa.JpaTransactionManager        : Opened new EntityManager [SessionImpl(313145106<open>)] for JPA transaction
2025-06-15T06:05:33.838Z DEBUG 2697 --- [           main] o.s.orm.jpa.JpaTransactionManager        : Exposing JPA transaction as JDBC [org.springframework.orm.jpa.vendor.HibernateJpaDialect$HibernateConnectionHandle@6cee8112]
2025-06-15T06:05:33.838Z DEBUG 2697 --- [           main] o.s.jdbc.datasource.init.ScriptUtils     : Executing SQL script from class path resource [sql/create-user-before.sql]
2025-06-15T06:05:33.839Z DEBUG 2697 --- [           main] o.s.jdbc.datasource.init.ScriptUtils     : 1 returned as update count for SQL: insert into users(id, email, first_name, last_name, city, address, phone_number, post_index, activation_code, active, password, password_reset_code, provider) values(1, 'admin@gmail.com', 'Admin', 'Admin', null, null, null, null, null, true, '$2a$08$kS2f5m8eYoNpc.ZECzndGuXiqaWmCaFfOGMQquodP48qrD7.cQG4y', null, 'LOCAL')
2025-06-15T06:05:33.840Z DEBUG 2697 --- [           main] o.s.jdbc.datasource.init.ScriptUtils     : 1 returned as update count for SQL: insert into users(id, email, first_name, last_name, city, address, phone_number, post_index, activation_code, active, password, password_reset_code, provider) values(122, 'test123@test.com', 'John', 'Doe', 'New York', 'Wall Street 1', '1234567890', '1234567890', null, true, '$2a$08$kS2f5m8eYoNpc.ZECzndGuXiqaWmCaFfOGMQquodP48qrD7.cQG4y', null, 'LOCAL')
2025-06-15T06:05:33.840Z DEBUG 2697 --- [           main] o.s.jdbc.datasource.init.ScriptUtils     : 1 returned as update count for SQL: insert into users(id, email, first_name, last_name, city, address, phone_number, post_index, activation_code, active, password, password_reset_code, provider) values (126, 'helloworld@test.com', 'John2', 'Doe2', 'New York', 'Wall Street1', '1234567890', '1234567890','8e97dc37-2cf5-47e2-98e0',false,'$2a$08$kS2f5m8eYoNpc.ZECzndGuXiqaWmCaFfOGMQquodP48qrD7.cQG4y','3f9bcdb0-2241-4c34-803e-598b497d571f', 'LOCAL')
2025-06-15T06:05:33.841Z DEBUG 2697 --- [           main] o.s.jdbc.datasource.init.ScriptUtils     : 1 returned as update count for SQL: insert into user_role (user_id, roles) values (1, 'ADMIN')
2025-06-15T06:05:33.841Z DEBUG 2697 --- [           main] o.s.jdbc.datasource.init.ScriptUtils     : 1 returned as update count for SQL: insert into user_role (user_id, roles) values (122, 'USER')
2025-06-15T06:05:33.841Z DEBUG 2697 --- [           main] o.s.jdbc.datasource.init.ScriptUtils     : 1 returned as update count for SQL: insert into user_role (user_id, roles) values (126, 'USER')
2025-06-15T06:05:33.841Z DEBUG 2697 --- [           main] o.s.jdbc.datasource.init.ScriptUtils     : Executed SQL script from class path resource [sql/create-user-before.sql] in 3 ms.
2025-06-15T06:05:33.841Z DEBUG 2697 --- [           main] o.s.orm.jpa.JpaTransactionManager        : Initiating transaction commit
2025-06-15T06:05:33.841Z DEBUG 2697 --- [           main] o.s.orm.jpa.JpaTransactionManager        : Committing JPA transaction on EntityManager [SessionImpl(313145106<open>)]
2025-06-15T06:05:33.842Z DEBUG 2697 --- [           main] o.s.orm.jpa.JpaTransactionManager        : Closing JPA EntityManager [SessionImpl(313145106<open>)] after transaction
2025-06-15T06:05:33.842Z DEBUG 2697 --- [           main] org.springframework.test.context.cache   : Spring test ApplicationContext cache statistics: [DefaultContextCache@7c357b9 size = 1, maxSize = 32, parentContextCount = 0, hitCount = 236, missCount = 1, failureCount = 0]
2025-06-15T06:05:33.842Z DEBUG 2697 --- [           main] org.springframework.test.context.cache   : Spring test ApplicationContext cache statistics: [DefaultContextCache@7c357b9 size = 1, maxSize = 32, parentContextCount = 0, hitCount = 237, missCount = 1, failureCount = 0]
2025-06-15T06:05:33.843Z DEBUG 2697 --- [           main] org.springframework.test.context.cache   : Spring test ApplicationContext cache statistics: [DefaultContextCache@7c357b9 size = 1, maxSize = 32, parentContextCount = 0, hitCount = 238, missCount = 1, failureCount = 0]
2025-06-15T06:05:33.844Z DEBUG 2697 --- [           main] org.springframework.test.context.cache   : Spring test ApplicationContext cache statistics: [DefaultContextCache@7c357b9 size = 1, maxSize = 32, parentContextCount = 0, hitCount = 239, missCount = 1, failureCount = 0]
2025-06-15T06:05:33.845Z DEBUG 2697 --- [           main] o.s.test.util.ReflectionTestUtils        : Invoking method 'getFilters' on target object [FilterChainProxy[Filter Chains: null]] or target class [null] with arguments {org.springframework.mock.web.MockHttpServletRequest@2bc422ba}
2025-06-15T06:05:33.847Z DEBUG 2697 --- [           main] o.s.test.util.ReflectionTestUtils        : Getting field 'tokenRepository' from target object [org.springframework.security.web.csrf.CsrfFilter@66dc4a2b] or target class [class org.springframework.security.web.csrf.CsrfFilter]
2025-06-15T06:05:33.847Z DEBUG 2697 --- [           main] o.s.test.util.ReflectionTestUtils        : Invoking method 'getFilters' on target object [FilterChainProxy[Filter Chains: null]] or target class [null] with arguments {org.springframework.mock.web.MockHttpServletRequest@2bc422ba}
2025-06-15T06:05:33.847Z DEBUG 2697 --- [           main] o.s.test.util.ReflectionTestUtils        : Getting field 'requestHandler' from target object [org.springframework.security.web.csrf.CsrfFilter@66dc4a2b] or target class [class org.springframework.security.web.csrf.CsrfFilter]
2025-06-15T06:05:33.848Z DEBUG 2697 --- [           main] o.s.security.web.FilterChainProxy        : Securing POST /api/v1/auth/reset
2025-06-15T06:05:33.849Z DEBUG 2697 --- [           main] o.s.s.w.a.AnonymousAuthenticationFilter  : Set SecurityContextHolder to anonymous SecurityContext
2025-06-15T06:05:33.850Z DEBUG 2697 --- [           main] o.s.security.web.FilterChainProxy        : Secured POST /api/v1/auth/reset
2025-06-15T06:05:33.850Z DEBUG 2697 --- [           main] o.s.t.web.servlet.TestDispatcherServlet  : POST "/api/v1/auth/reset", parameters={masked}
2025-06-15T06:05:33.850Z DEBUG 2697 --- [           main] s.w.s.m.m.a.RequestMappingHandlerMapping : Mapped to com.gmail.merikbest2015.ecommerce.controller.AuthenticationController#passwordReset(PasswordResetRequest)
2025-06-15T06:05:33.851Z DEBUG 2697 --- [           main] o.j.s.OpenEntityManagerInViewInterceptor : Opening JPA EntityManager in OpenEntityManagerInViewInterceptor
2025-06-15T06:05:33.851Z DEBUG 2697 --- [           main] m.m.a.RequestResponseBodyMethodProcessor : Read "application/json;charset=UTF-8" to [PasswordResetRequest(email=test123@test.com, password=admin123, password2=admin123)]
2025-06-15T06:05:33.851Z  INFO 2697 --- [           main] c.g.m.e.c.AuthenticationController       : Password reset requested for email: test123@test.com
2025-06-15T06:05:33.852Z DEBUG 2697 --- [           main] o.s.orm.jpa.JpaTransactionManager        : Found thread-bound EntityManager [SessionImpl(1746240119<open>)] for JPA transaction
2025-06-15T06:05:33.852Z DEBUG 2697 --- [           main] o.s.orm.jpa.JpaTransactionManager        : Creating new transaction with name [com.gmail.merikbest2015.ecommerce.service.Impl.AuthenticationServiceImpl.passwordReset]: PROPAGATION_REQUIRED,ISOLATION_DEFAULT
2025-06-15T06:05:33.852Z DEBUG 2697 --- [           main] o.s.orm.jpa.JpaTransactionManager        : Exposing JPA transaction as JDBC [org.springframework.orm.jpa.vendor.HibernateJpaDialect$HibernateConnectionHandle@3c15b1ae]
2025-06-15T06:05:33.876Z DEBUG 2697 --- [           main] o.s.orm.jpa.JpaTransactionManager        : Found thread-bound EntityManager [SessionImpl(1746240119<open>)] for JPA transaction
2025-06-15T06:05:33.876Z DEBUG 2697 --- [           main] o.s.orm.jpa.JpaTransactionManager        : Participating in existing transaction
2025-06-15T06:05:33.876Z  INFO 2697 --- [           main] c.g.m.e.s.I.AuthenticationServiceImpl    : Password successfully reset for 'test123@test.com'
2025-06-15T06:05:33.876Z DEBUG 2697 --- [           main] o.s.orm.jpa.JpaTransactionManager        : Initiating transaction commit
2025-06-15T06:05:33.876Z DEBUG 2697 --- [           main] o.s.orm.jpa.JpaTransactionManager        : Committing JPA transaction on EntityManager [SessionImpl(1746240119<open>)]
2025-06-15T06:05:33.878Z DEBUG 2697 --- [           main] o.s.orm.jpa.JpaTransactionManager        : Not closing pre-bound JPA EntityManager after transaction
CLASS: [AuthenticationController], METHOD: [passwordReset()], REQUEST: PasswordResetRequest(email=test123@test.com, password=admin123, password2=admin123)
CLASS: [AuthenticationController], METHOD: [passwordReset()], RESPONSE: <200 OK OK,Password successfully changed!,[]>
2025-06-15T06:05:33.879Z DEBUG 2697 --- [           main] o.s.w.s.m.m.a.HttpEntityMethodProcessor  : Using 'text/plain', given [*/*] and supported [text/plain, */*, application/json, application/*+json, application/yaml]
2025-06-15T06:05:33.879Z DEBUG 2697 --- [           main] o.s.w.s.m.m.a.HttpEntityMethodProcessor  : Writing ["Password successfully changed!"]
2025-06-15T06:05:33.879Z DEBUG 2697 --- [           main] o.j.s.OpenEntityManagerInViewInterceptor : Closing JPA EntityManager in OpenEntityManagerInViewInterceptor
2025-06-15T06:05:33.879Z DEBUG 2697 --- [           main] o.s.t.web.servlet.TestDispatcherServlet  : Completed 200 OK
2025-06-15T06:05:33.880Z DEBUG 2697 --- [           main] org.springframework.test.context.cache   : Spring test ApplicationContext cache statistics: [DefaultContextCache@7c357b9 size = 1, maxSize = 32, parentContextCount = 0, hitCount = 240, missCount = 1, failureCount = 0]
2025-06-15T06:05:33.881Z DEBUG 2697 --- [           main] org.springframework.test.context.cache   : Spring test ApplicationContext cache statistics: [DefaultContextCache@7c357b9 size = 1, maxSize = 32, parentContextCount = 0, hitCount = 241, missCount = 1, failureCount = 0]
2025-06-15T06:05:33.881Z DEBUG 2697 --- [           main] org.springframework.test.context.cache   : Spring test ApplicationContext cache statistics: [DefaultContextCache@7c357b9 size = 1, maxSize = 32, parentContextCount = 0, hitCount = 242, missCount = 1, failureCount = 0]
2025-06-15T06:05:33.881Z DEBUG 2697 --- [           main] org.springframework.test.context.cache   : Spring test ApplicationContext cache statistics: [DefaultContextCache@7c357b9 size = 1, maxSize = 32, parentContextCount = 0, hitCount = 243, missCount = 1, failureCount = 0]
2025-06-15T06:05:33.882Z DEBUG 2697 --- [           main] org.springframework.test.context.cache   : Spring test ApplicationContext cache statistics: [DefaultContextCache@7c357b9 size = 1, maxSize = 32, parentContextCount = 0, hitCount = 244, missCount = 1, failureCount = 0]
2025-06-15T06:05:33.882Z DEBUG 2697 --- [           main] org.springframework.test.context.cache   : Spring test ApplicationContext cache statistics: [DefaultContextCache@7c357b9 size = 1, maxSize = 32, parentContextCount = 0, hitCount = 245, missCount = 1, failureCount = 0]
2025-06-15T06:05:33.883Z DEBUG 2697 --- [           main] org.springframework.test.context.cache   : Spring test ApplicationContext cache statistics: [DefaultContextCache@7c357b9 size = 1, maxSize = 32, parentContextCount = 0, hitCount = 246, missCount = 1, failureCount = 0]
2025-06-15T06:05:33.883Z DEBUG 2697 --- [           main] org.springframework.test.context.cache   : Spring test ApplicationContext cache statistics: [DefaultContextCache@7c357b9 size = 1, maxSize = 32, parentContextCount = 0, hitCount = 247, missCount = 1, failureCount = 0]
2025-06-15T06:05:33.883Z DEBUG 2697 --- [           main] .s.t.c.j.SqlScriptsTestExecutionListener : Processing merged @SqlConfig attributes for execution phase [AFTER_TEST_METHOD] and test class [com.gmail.merikbest2015.ecommerce.controller.AuthenticationControllerTest]
2025-06-15T06:05:33.883Z DEBUG 2697 --- [           main] org.springframework.test.context.cache   : Spring test ApplicationContext cache statistics: [DefaultContextCache@7c357b9 size = 1, maxSize = 32, parentContextCount = 0, hitCount = 248, missCount = 1, failureCount = 0]
2025-06-15T06:05:33.883Z DEBUG 2697 --- [           main] .s.t.c.j.SqlScriptsTestExecutionListener : Executing SQL scripts: [class path resource [sql/create-user-after.sql]]
2025-06-15T06:05:33.883Z DEBUG 2697 --- [           main] org.springframework.test.context.cache   : Spring test ApplicationContext cache statistics: [DefaultContextCache@7c357b9 size = 1, maxSize = 32, parentContextCount = 0, hitCount = 249, missCount = 1, failureCount = 0]
2025-06-15T06:05:33.884Z DEBUG 2697 --- [           main] org.springframework.test.context.cache   : Spring test ApplicationContext cache statistics: [DefaultContextCache@7c357b9 size = 1, maxSize = 32, parentContextCount = 0, hitCount = 250, missCount = 1, failureCount = 0]
2025-06-15T06:05:33.884Z DEBUG 2697 --- [           main] o.s.orm.jpa.JpaTransactionManager        : Creating new transaction with name [com.gmail.merikbest2015.ecommerce.controller.AuthenticationControllerTest]: PROPAGATION_REQUIRED,ISOLATION_DEFAULT
2025-06-15T06:05:33.884Z DEBUG 2697 --- [           main] o.s.orm.jpa.JpaTransactionManager        : Opened new EntityManager [SessionImpl(5721589<open>)] for JPA transaction
2025-06-15T06:05:33.884Z DEBUG 2697 --- [           main] o.s.orm.jpa.JpaTransactionManager        : Exposing JPA transaction as JDBC [org.springframework.orm.jpa.vendor.HibernateJpaDialect$HibernateConnectionHandle@120b7eac]
2025-06-15T06:05:33.884Z DEBUG 2697 --- [           main] o.s.jdbc.datasource.init.ScriptUtils     : Executing SQL script from class path resource [sql/create-user-after.sql]
2025-06-15T06:05:33.884Z DEBUG 2697 --- [           main] o.s.jdbc.datasource.init.ScriptUtils     : 3 returned as update count for SQL: delete from user_role
2025-06-15T06:05:33.885Z DEBUG 2697 --- [           main] o.s.jdbc.datasource.init.ScriptUtils     : 3 returned as update count for SQL: delete from users
2025-06-15T06:05:33.885Z DEBUG 2697 --- [           main] o.s.jdbc.datasource.init.ScriptUtils     : Executed SQL script from class path resource [sql/create-user-after.sql] in 1 ms.
2025-06-15T06:05:33.885Z DEBUG 2697 --- [           main] o.s.orm.jpa.JpaTransactionManager        : Initiating transaction commit
2025-06-15T06:05:33.885Z DEBUG 2697 --- [           main] o.s.orm.jpa.JpaTransactionManager        : Committing JPA transaction on EntityManager [SessionImpl(5721589<open>)]
2025-06-15T06:05:33.885Z DEBUG 2697 --- [           main] o.s.orm.jpa.JpaTransactionManager        : Closing JPA EntityManager [SessionImpl(5721589<open>)] after transaction
2025-06-15T06:05:33.886Z DEBUG 2697 --- [           main] .c.s.DirtiesContextTestExecutionListener : After test method: class [AuthenticationControllerTest], method [passwordReset], class annotated with @DirtiesContext [false] with mode [null], method annotated with @DirtiesContext [false] with mode [null]
2025-06-15T06:05:33.886Z DEBUG 2697 --- [           main] ObservationRegistryTestExecutionListener : Restoring ObservationRegistry in ObservationThreadLocalAccessor for test class com.gmail.merikbest2015.ecommerce.controller.AuthenticationControllerTest
2025-06-15T06:05:33.886Z DEBUG 2697 --- [           main] o.s.t.c.w.ServletTestExecutionListener   : Resetting RequestContextHolder for test class com.gmail.merikbest2015.ecommerce.controller.AuthenticationControllerTest
]]></system-out>
  </testcase>
  <testcase name="passwordReset_ShouldPassword2BeEmpty" classname="com.gmail.merikbest2015.ecommerce.controller.AuthenticationControllerTest" time="0.041">
    <system-out><![CDATA[2025-06-15T06:05:33.886Z DEBUG 2697 --- [           main] org.springframework.test.context.cache   : Spring test ApplicationContext cache statistics: [DefaultContextCache@7c357b9 size = 1, maxSize = 32, parentContextCount = 0, hitCount = 251, missCount = 1, failureCount = 0]
2025-06-15T06:05:33.886Z DEBUG 2697 --- [           main] o.s.t.c.w.ServletTestExecutionListener   : Setting up MockHttpServletRequest, MockHttpServletResponse, ServletWebRequest, and RequestContextHolder for test class com.gmail.merikbest2015.ecommerce.controller.AuthenticationControllerTest
2025-06-15T06:05:33.887Z DEBUG 2697 --- [           main] DependencyInjectionTestExecutionListener : Performing dependency injection for test class com.gmail.merikbest2015.ecommerce.controller.AuthenticationControllerTest
2025-06-15T06:05:33.887Z DEBUG 2697 --- [           main] org.springframework.test.context.cache   : Spring test ApplicationContext cache statistics: [DefaultContextCache@7c357b9 size = 1, maxSize = 32, parentContextCount = 0, hitCount = 252, missCount = 1, failureCount = 0]
2025-06-15T06:05:33.887Z DEBUG 2697 --- [           main] org.springframework.test.context.cache   : Spring test ApplicationContext cache statistics: [DefaultContextCache@7c357b9 size = 1, maxSize = 32, parentContextCount = 0, hitCount = 253, missCount = 1, failureCount = 0]
2025-06-15T06:05:33.887Z DEBUG 2697 --- [           main] sContextBeforeModesTestExecutionListener : Before test method: class [AuthenticationControllerTest], method [passwordReset_ShouldPassword2BeEmpty], class annotated with @DirtiesContext [false] with mode [null], method annotated with @DirtiesContext [false] with mode [null]
2025-06-15T06:05:33.888Z DEBUG 2697 --- [           main] org.springframework.test.context.cache   : Spring test ApplicationContext cache statistics: [DefaultContextCache@7c357b9 size = 1, maxSize = 32, parentContextCount = 0, hitCount = 254, missCount = 1, failureCount = 0]
2025-06-15T06:05:33.888Z DEBUG 2697 --- [           main] ObservationRegistryTestExecutionListener : Registering ObservationRegistry from ApplicationContext in ObservationThreadLocalAccessor for test class com.gmail.merikbest2015.ecommerce.controller.AuthenticationControllerTest
2025-06-15T06:05:33.888Z DEBUG 2697 --- [           main] .s.t.c.j.SqlScriptsTestExecutionListener : Processing merged @SqlConfig attributes for execution phase [BEFORE_TEST_METHOD] and test class [com.gmail.merikbest2015.ecommerce.controller.AuthenticationControllerTest]
2025-06-15T06:05:33.888Z DEBUG 2697 --- [           main] org.springframework.test.context.cache   : Spring test ApplicationContext cache statistics: [DefaultContextCache@7c357b9 size = 1, maxSize = 32, parentContextCount = 0, hitCount = 255, missCount = 1, failureCount = 0]
2025-06-15T06:05:33.888Z DEBUG 2697 --- [           main] .s.t.c.j.SqlScriptsTestExecutionListener : Executing SQL scripts: [class path resource [sql/create-user-before.sql]]
2025-06-15T06:05:33.888Z DEBUG 2697 --- [           main] org.springframework.test.context.cache   : Spring test ApplicationContext cache statistics: [DefaultContextCache@7c357b9 size = 1, maxSize = 32, parentContextCount = 0, hitCount = 256, missCount = 1, failureCount = 0]
2025-06-15T06:05:33.888Z DEBUG 2697 --- [           main] org.springframework.test.context.cache   : Spring test ApplicationContext cache statistics: [DefaultContextCache@7c357b9 size = 1, maxSize = 32, parentContextCount = 0, hitCount = 257, missCount = 1, failureCount = 0]
2025-06-15T06:05:33.888Z DEBUG 2697 --- [           main] o.s.orm.jpa.JpaTransactionManager        : Creating new transaction with name [com.gmail.merikbest2015.ecommerce.controller.AuthenticationControllerTest]: PROPAGATION_REQUIRED,ISOLATION_DEFAULT
2025-06-15T06:05:33.888Z DEBUG 2697 --- [           main] o.s.orm.jpa.JpaTransactionManager        : Opened new EntityManager [SessionImpl(1489743691<open>)] for JPA transaction
2025-06-15T06:05:33.888Z DEBUG 2697 --- [           main] o.s.orm.jpa.JpaTransactionManager        : Exposing JPA transaction as JDBC [org.springframework.orm.jpa.vendor.HibernateJpaDialect$HibernateConnectionHandle@62497942]
2025-06-15T06:05:33.888Z DEBUG 2697 --- [           main] o.s.jdbc.datasource.init.ScriptUtils     : Executing SQL script from class path resource [sql/create-user-before.sql]
2025-06-15T06:05:33.889Z DEBUG 2697 --- [           main] o.s.jdbc.datasource.init.ScriptUtils     : 1 returned as update count for SQL: insert into users(id, email, first_name, last_name, city, address, phone_number, post_index, activation_code, active, password, password_reset_code, provider) values(1, 'admin@gmail.com', 'Admin', 'Admin', null, null, null, null, null, true, '$2a$08$kS2f5m8eYoNpc.ZECzndGuXiqaWmCaFfOGMQquodP48qrD7.cQG4y', null, 'LOCAL')
2025-06-15T06:05:33.890Z DEBUG 2697 --- [           main] o.s.jdbc.datasource.init.ScriptUtils     : 1 returned as update count for SQL: insert into users(id, email, first_name, last_name, city, address, phone_number, post_index, activation_code, active, password, password_reset_code, provider) values(122, 'test123@test.com', 'John', 'Doe', 'New York', 'Wall Street 1', '1234567890', '1234567890', null, true, '$2a$08$kS2f5m8eYoNpc.ZECzndGuXiqaWmCaFfOGMQquodP48qrD7.cQG4y', null, 'LOCAL')
2025-06-15T06:05:33.890Z DEBUG 2697 --- [           main] o.s.jdbc.datasource.init.ScriptUtils     : 1 returned as update count for SQL: insert into users(id, email, first_name, last_name, city, address, phone_number, post_index, activation_code, active, password, password_reset_code, provider) values (126, 'helloworld@test.com', 'John2', 'Doe2', 'New York', 'Wall Street1', '1234567890', '1234567890','8e97dc37-2cf5-47e2-98e0',false,'$2a$08$kS2f5m8eYoNpc.ZECzndGuXiqaWmCaFfOGMQquodP48qrD7.cQG4y','3f9bcdb0-2241-4c34-803e-598b497d571f', 'LOCAL')
2025-06-15T06:05:33.890Z DEBUG 2697 --- [           main] o.s.jdbc.datasource.init.ScriptUtils     : 1 returned as update count for SQL: insert into user_role (user_id, roles) values (1, 'ADMIN')
2025-06-15T06:05:33.891Z DEBUG 2697 --- [           main] o.s.jdbc.datasource.init.ScriptUtils     : 1 returned as update count for SQL: insert into user_role (user_id, roles) values (122, 'USER')
2025-06-15T06:05:33.891Z DEBUG 2697 --- [           main] o.s.jdbc.datasource.init.ScriptUtils     : 1 returned as update count for SQL: insert into user_role (user_id, roles) values (126, 'USER')
2025-06-15T06:05:33.891Z DEBUG 2697 --- [           main] o.s.jdbc.datasource.init.ScriptUtils     : Executed SQL script from class path resource [sql/create-user-before.sql] in 3 ms.
2025-06-15T06:05:33.891Z DEBUG 2697 --- [           main] o.s.orm.jpa.JpaTransactionManager        : Initiating transaction commit
2025-06-15T06:05:33.891Z DEBUG 2697 --- [           main] o.s.orm.jpa.JpaTransactionManager        : Committing JPA transaction on EntityManager [SessionImpl(1489743691<open>)]
2025-06-15T06:05:33.893Z DEBUG 2697 --- [           main] o.s.orm.jpa.JpaTransactionManager        : Closing JPA EntityManager [SessionImpl(1489743691<open>)] after transaction
2025-06-15T06:05:33.893Z DEBUG 2697 --- [           main] org.springframework.test.context.cache   : Spring test ApplicationContext cache statistics: [DefaultContextCache@7c357b9 size = 1, maxSize = 32, parentContextCount = 0, hitCount = 258, missCount = 1, failureCount = 0]
2025-06-15T06:05:33.893Z DEBUG 2697 --- [           main] org.springframework.test.context.cache   : Spring test ApplicationContext cache statistics: [DefaultContextCache@7c357b9 size = 1, maxSize = 32, parentContextCount = 0, hitCount = 259, missCount = 1, failureCount = 0]
2025-06-15T06:05:33.894Z DEBUG 2697 --- [           main] org.springframework.test.context.cache   : Spring test ApplicationContext cache statistics: [DefaultContextCache@7c357b9 size = 1, maxSize = 32, parentContextCount = 0, hitCount = 260, missCount = 1, failureCount = 0]
2025-06-15T06:05:33.895Z DEBUG 2697 --- [           main] org.springframework.test.context.cache   : Spring test ApplicationContext cache statistics: [DefaultContextCache@7c357b9 size = 1, maxSize = 32, parentContextCount = 0, hitCount = 261, missCount = 1, failureCount = 0]
2025-06-15T06:05:33.897Z DEBUG 2697 --- [           main] o.s.test.util.ReflectionTestUtils        : Invoking method 'getFilters' on target object [FilterChainProxy[Filter Chains: null]] or target class [null] with arguments {org.springframework.mock.web.MockHttpServletRequest@61aff21a}
2025-06-15T06:05:33.897Z DEBUG 2697 --- [           main] o.s.test.util.ReflectionTestUtils        : Getting field 'tokenRepository' from target object [org.springframework.security.web.csrf.CsrfFilter@66dc4a2b] or target class [class org.springframework.security.web.csrf.CsrfFilter]
2025-06-15T06:05:33.897Z DEBUG 2697 --- [           main] o.s.test.util.ReflectionTestUtils        : Invoking method 'getFilters' on target object [FilterChainProxy[Filter Chains: null]] or target class [null] with arguments {org.springframework.mock.web.MockHttpServletRequest@61aff21a}
2025-06-15T06:05:33.897Z DEBUG 2697 --- [           main] o.s.test.util.ReflectionTestUtils        : Getting field 'requestHandler' from target object [org.springframework.security.web.csrf.CsrfFilter@66dc4a2b] or target class [class org.springframework.security.web.csrf.CsrfFilter]
2025-06-15T06:05:33.898Z DEBUG 2697 --- [           main] o.s.security.web.FilterChainProxy        : Securing POST /api/v1/auth/reset
2025-06-15T06:05:33.900Z DEBUG 2697 --- [           main] o.s.s.w.a.AnonymousAuthenticationFilter  : Set SecurityContextHolder to anonymous SecurityContext
2025-06-15T06:05:33.901Z DEBUG 2697 --- [           main] o.s.security.web.FilterChainProxy        : Secured POST /api/v1/auth/reset
2025-06-15T06:05:33.901Z DEBUG 2697 --- [           main] o.s.t.web.servlet.TestDispatcherServlet  : POST "/api/v1/auth/reset", parameters={masked}
2025-06-15T06:05:33.901Z DEBUG 2697 --- [           main] s.w.s.m.m.a.RequestMappingHandlerMapping : Mapped to com.gmail.merikbest2015.ecommerce.controller.AuthenticationController#passwordReset(PasswordResetRequest)
2025-06-15T06:05:33.902Z DEBUG 2697 --- [           main] o.j.s.OpenEntityManagerInViewInterceptor : Opening JPA EntityManager in OpenEntityManagerInViewInterceptor
2025-06-15T06:05:33.902Z DEBUG 2697 --- [           main] m.m.a.RequestResponseBodyMethodProcessor : Read "application/json;charset=UTF-8" to [PasswordResetRequest(email=test123@test.com, password=admin123, password2=)]
2025-06-15T06:05:33.902Z  INFO 2697 --- [           main] c.g.m.e.c.AuthenticationController       : Password reset requested for email: test123@test.com
2025-06-15T06:05:33.902Z DEBUG 2697 --- [           main] o.s.orm.jpa.JpaTransactionManager        : Found thread-bound EntityManager [SessionImpl(1679538323<open>)] for JPA transaction
2025-06-15T06:05:33.902Z DEBUG 2697 --- [           main] o.s.orm.jpa.JpaTransactionManager        : Creating new transaction with name [com.gmail.merikbest2015.ecommerce.service.Impl.AuthenticationServiceImpl.passwordReset]: PROPAGATION_REQUIRED,ISOLATION_DEFAULT
2025-06-15T06:05:33.903Z DEBUG 2697 --- [           main] o.s.orm.jpa.JpaTransactionManager        : Exposing JPA transaction as JDBC [org.springframework.orm.jpa.vendor.HibernateJpaDialect$HibernateConnectionHandle@c9cd606]
2025-06-15T06:05:33.903Z  WARN 2697 --- [           main] c.g.m.e.s.I.AuthenticationServiceImpl    : Password confirmation is empty for 'test123@test.com'
2025-06-15T06:05:33.904Z DEBUG 2697 --- [           main] o.s.orm.jpa.JpaTransactionManager        : Initiating transaction rollback
2025-06-15T06:05:33.904Z DEBUG 2697 --- [           main] o.s.orm.jpa.JpaTransactionManager        : Rolling back JPA transaction on EntityManager [SessionImpl(1679538323<open>)]
2025-06-15T06:05:33.904Z DEBUG 2697 --- [           main] o.s.orm.jpa.JpaTransactionManager        : Not closing pre-bound JPA EntityManager after transaction
2025-06-15T06:05:33.904Z DEBUG 2697 --- [           main] .m.m.a.ExceptionHandlerExceptionResolver : Using @ExceptionHandler com.gmail.merikbest2015.ecommerce.exception.ApiExceptionHandler#handlePasswordConfirmationException(PasswordConfirmationException)
2025-06-15T06:05:33.910Z DEBUG 2697 --- [           main] o.s.w.s.m.m.a.HttpEntityMethodProcessor  : Using 'application/json', given [*/*] and supported [application/json, application/*+json, application/yaml]
2025-06-15T06:05:33.910Z DEBUG 2697 --- [           main] o.s.w.s.m.m.a.HttpEntityMethodProcessor  : Writing [com.gmail.merikbest2015.ecommerce.exception.PasswordConfirmationException]
2025-06-15T06:05:33.919Z DEBUG 2697 --- [           main] .m.m.a.ExceptionHandlerExceptionResolver : Resolved [com.gmail.merikbest2015.ecommerce.exception.PasswordConfirmationException]
2025-06-15T06:05:33.920Z DEBUG 2697 --- [           main] o.j.s.OpenEntityManagerInViewInterceptor : Closing JPA EntityManager in OpenEntityManagerInViewInterceptor
2025-06-15T06:05:33.920Z DEBUG 2697 --- [           main] o.s.t.web.servlet.TestDispatcherServlet  : Completed 400 BAD_REQUEST
2025-06-15T06:05:33.923Z DEBUG 2697 --- [           main] org.springframework.test.context.cache   : Spring test ApplicationContext cache statistics: [DefaultContextCache@7c357b9 size = 1, maxSize = 32, parentContextCount = 0, hitCount = 262, missCount = 1, failureCount = 0]
2025-06-15T06:05:33.923Z DEBUG 2697 --- [           main] org.springframework.test.context.cache   : Spring test ApplicationContext cache statistics: [DefaultContextCache@7c357b9 size = 1, maxSize = 32, parentContextCount = 0, hitCount = 263, missCount = 1, failureCount = 0]
2025-06-15T06:05:33.924Z DEBUG 2697 --- [           main] org.springframework.test.context.cache   : Spring test ApplicationContext cache statistics: [DefaultContextCache@7c357b9 size = 1, maxSize = 32, parentContextCount = 0, hitCount = 264, missCount = 1, failureCount = 0]
2025-06-15T06:05:33.924Z DEBUG 2697 --- [           main] org.springframework.test.context.cache   : Spring test ApplicationContext cache statistics: [DefaultContextCache@7c357b9 size = 1, maxSize = 32, parentContextCount = 0, hitCount = 265, missCount = 1, failureCount = 0]
2025-06-15T06:05:33.924Z DEBUG 2697 --- [           main] org.springframework.test.context.cache   : Spring test ApplicationContext cache statistics: [DefaultContextCache@7c357b9 size = 1, maxSize = 32, parentContextCount = 0, hitCount = 266, missCount = 1, failureCount = 0]
2025-06-15T06:05:33.924Z DEBUG 2697 --- [           main] org.springframework.test.context.cache   : Spring test ApplicationContext cache statistics: [DefaultContextCache@7c357b9 size = 1, maxSize = 32, parentContextCount = 0, hitCount = 267, missCount = 1, failureCount = 0]
2025-06-15T06:05:33.925Z DEBUG 2697 --- [           main] org.springframework.test.context.cache   : Spring test ApplicationContext cache statistics: [DefaultContextCache@7c357b9 size = 1, maxSize = 32, parentContextCount = 0, hitCount = 268, missCount = 1, failureCount = 0]
2025-06-15T06:05:33.925Z DEBUG 2697 --- [           main] org.springframework.test.context.cache   : Spring test ApplicationContext cache statistics: [DefaultContextCache@7c357b9 size = 1, maxSize = 32, parentContextCount = 0, hitCount = 269, missCount = 1, failureCount = 0]
2025-06-15T06:05:33.925Z DEBUG 2697 --- [           main] .s.t.c.j.SqlScriptsTestExecutionListener : Processing merged @SqlConfig attributes for execution phase [AFTER_TEST_METHOD] and test class [com.gmail.merikbest2015.ecommerce.controller.AuthenticationControllerTest]
2025-06-15T06:05:33.925Z DEBUG 2697 --- [           main] org.springframework.test.context.cache   : Spring test ApplicationContext cache statistics: [DefaultContextCache@7c357b9 size = 1, maxSize = 32, parentContextCount = 0, hitCount = 270, missCount = 1, failureCount = 0]
2025-06-15T06:05:33.925Z DEBUG 2697 --- [           main] .s.t.c.j.SqlScriptsTestExecutionListener : Executing SQL scripts: [class path resource [sql/create-user-after.sql]]
2025-06-15T06:05:33.925Z DEBUG 2697 --- [           main] org.springframework.test.context.cache   : Spring test ApplicationContext cache statistics: [DefaultContextCache@7c357b9 size = 1, maxSize = 32, parentContextCount = 0, hitCount = 271, missCount = 1, failureCount = 0]
2025-06-15T06:05:33.926Z DEBUG 2697 --- [           main] org.springframework.test.context.cache   : Spring test ApplicationContext cache statistics: [DefaultContextCache@7c357b9 size = 1, maxSize = 32, parentContextCount = 0, hitCount = 272, missCount = 1, failureCount = 0]
2025-06-15T06:05:33.926Z DEBUG 2697 --- [           main] o.s.orm.jpa.JpaTransactionManager        : Creating new transaction with name [com.gmail.merikbest2015.ecommerce.controller.AuthenticationControllerTest]: PROPAGATION_REQUIRED,ISOLATION_DEFAULT
2025-06-15T06:05:33.926Z DEBUG 2697 --- [           main] o.s.orm.jpa.JpaTransactionManager        : Opened new EntityManager [SessionImpl(729964759<open>)] for JPA transaction
2025-06-15T06:05:33.926Z DEBUG 2697 --- [           main] o.s.orm.jpa.JpaTransactionManager        : Exposing JPA transaction as JDBC [org.springframework.orm.jpa.vendor.HibernateJpaDialect$HibernateConnectionHandle@458823a8]
2025-06-15T06:05:33.926Z DEBUG 2697 --- [           main] o.s.jdbc.datasource.init.ScriptUtils     : Executing SQL script from class path resource [sql/create-user-after.sql]
2025-06-15T06:05:33.927Z DEBUG 2697 --- [           main] o.s.jdbc.datasource.init.ScriptUtils     : 3 returned as update count for SQL: delete from user_role
2025-06-15T06:05:33.927Z DEBUG 2697 --- [           main] o.s.jdbc.datasource.init.ScriptUtils     : 3 returned as update count for SQL: delete from users
2025-06-15T06:05:33.927Z DEBUG 2697 --- [           main] o.s.jdbc.datasource.init.ScriptUtils     : Executed SQL script from class path resource [sql/create-user-after.sql] in 1 ms.
2025-06-15T06:05:33.927Z DEBUG 2697 --- [           main] o.s.orm.jpa.JpaTransactionManager        : Initiating transaction commit
2025-06-15T06:05:33.927Z DEBUG 2697 --- [           main] o.s.orm.jpa.JpaTransactionManager        : Committing JPA transaction on EntityManager [SessionImpl(729964759<open>)]
2025-06-15T06:05:33.928Z DEBUG 2697 --- [           main] o.s.orm.jpa.JpaTransactionManager        : Closing JPA EntityManager [SessionImpl(729964759<open>)] after transaction
2025-06-15T06:05:33.928Z DEBUG 2697 --- [           main] .c.s.DirtiesContextTestExecutionListener : After test method: class [AuthenticationControllerTest], method [passwordReset_ShouldPassword2BeEmpty], class annotated with @DirtiesContext [false] with mode [null], method annotated with @DirtiesContext [false] with mode [null]
2025-06-15T06:05:33.928Z DEBUG 2697 --- [           main] ObservationRegistryTestExecutionListener : Restoring ObservationRegistry in ObservationThreadLocalAccessor for test class com.gmail.merikbest2015.ecommerce.controller.AuthenticationControllerTest
2025-06-15T06:05:33.928Z DEBUG 2697 --- [           main] o.s.t.c.w.ServletTestExecutionListener   : Resetting RequestContextHolder for test class com.gmail.merikbest2015.ecommerce.controller.AuthenticationControllerTest
]]></system-out>
  </testcase>
  <testcase name="forgotPassword_ShouldEmailBeNotValid" classname="com.gmail.merikbest2015.ecommerce.controller.AuthenticationControllerTest" time="0.039">
    <system-out><![CDATA[2025-06-15T06:05:33.929Z DEBUG 2697 --- [           main] org.springframework.test.context.cache   : Spring test ApplicationContext cache statistics: [DefaultContextCache@7c357b9 size = 1, maxSize = 32, parentContextCount = 0, hitCount = 273, missCount = 1, failureCount = 0]
2025-06-15T06:05:33.929Z DEBUG 2697 --- [           main] o.s.t.c.w.ServletTestExecutionListener   : Setting up MockHttpServletRequest, MockHttpServletResponse, ServletWebRequest, and RequestContextHolder for test class com.gmail.merikbest2015.ecommerce.controller.AuthenticationControllerTest
2025-06-15T06:05:33.929Z DEBUG 2697 --- [           main] DependencyInjectionTestExecutionListener : Performing dependency injection for test class com.gmail.merikbest2015.ecommerce.controller.AuthenticationControllerTest
2025-06-15T06:05:33.929Z DEBUG 2697 --- [           main] org.springframework.test.context.cache   : Spring test ApplicationContext cache statistics: [DefaultContextCache@7c357b9 size = 1, maxSize = 32, parentContextCount = 0, hitCount = 274, missCount = 1, failureCount = 0]
2025-06-15T06:05:33.929Z DEBUG 2697 --- [           main] org.springframework.test.context.cache   : Spring test ApplicationContext cache statistics: [DefaultContextCache@7c357b9 size = 1, maxSize = 32, parentContextCount = 0, hitCount = 275, missCount = 1, failureCount = 0]
2025-06-15T06:05:33.930Z DEBUG 2697 --- [           main] sContextBeforeModesTestExecutionListener : Before test method: class [AuthenticationControllerTest], method [forgotPassword_ShouldEmailBeNotValid], class annotated with @DirtiesContext [false] with mode [null], method annotated with @DirtiesContext [false] with mode [null]
2025-06-15T06:05:33.930Z DEBUG 2697 --- [           main] org.springframework.test.context.cache   : Spring test ApplicationContext cache statistics: [DefaultContextCache@7c357b9 size = 1, maxSize = 32, parentContextCount = 0, hitCount = 276, missCount = 1, failureCount = 0]
2025-06-15T06:05:33.930Z DEBUG 2697 --- [           main] ObservationRegistryTestExecutionListener : Registering ObservationRegistry from ApplicationContext in ObservationThreadLocalAccessor for test class com.gmail.merikbest2015.ecommerce.controller.AuthenticationControllerTest
2025-06-15T06:05:33.930Z DEBUG 2697 --- [           main] .s.t.c.j.SqlScriptsTestExecutionListener : Processing merged @SqlConfig attributes for execution phase [BEFORE_TEST_METHOD] and test class [com.gmail.merikbest2015.ecommerce.controller.AuthenticationControllerTest]
2025-06-15T06:05:33.930Z DEBUG 2697 --- [           main] org.springframework.test.context.cache   : Spring test ApplicationContext cache statistics: [DefaultContextCache@7c357b9 size = 1, maxSize = 32, parentContextCount = 0, hitCount = 277, missCount = 1, failureCount = 0]
2025-06-15T06:05:33.930Z DEBUG 2697 --- [           main] .s.t.c.j.SqlScriptsTestExecutionListener : Executing SQL scripts: [class path resource [sql/create-user-before.sql]]
2025-06-15T06:05:33.931Z DEBUG 2697 --- [           main] org.springframework.test.context.cache   : Spring test ApplicationContext cache statistics: [DefaultContextCache@7c357b9 size = 1, maxSize = 32, parentContextCount = 0, hitCount = 278, missCount = 1, failureCount = 0]
2025-06-15T06:05:33.931Z DEBUG 2697 --- [           main] org.springframework.test.context.cache   : Spring test ApplicationContext cache statistics: [DefaultContextCache@7c357b9 size = 1, maxSize = 32, parentContextCount = 0, hitCount = 279, missCount = 1, failureCount = 0]
2025-06-15T06:05:33.931Z DEBUG 2697 --- [           main] o.s.orm.jpa.JpaTransactionManager        : Creating new transaction with name [com.gmail.merikbest2015.ecommerce.controller.AuthenticationControllerTest]: PROPAGATION_REQUIRED,ISOLATION_DEFAULT
2025-06-15T06:05:33.931Z DEBUG 2697 --- [           main] o.s.orm.jpa.JpaTransactionManager        : Opened new EntityManager [SessionImpl(1941456723<open>)] for JPA transaction
2025-06-15T06:05:33.931Z DEBUG 2697 --- [           main] o.s.orm.jpa.JpaTransactionManager        : Exposing JPA transaction as JDBC [org.springframework.orm.jpa.vendor.HibernateJpaDialect$HibernateConnectionHandle@4b84052b]
2025-06-15T06:05:33.931Z DEBUG 2697 --- [           main] o.s.jdbc.datasource.init.ScriptUtils     : Executing SQL script from class path resource [sql/create-user-before.sql]
2025-06-15T06:05:33.932Z DEBUG 2697 --- [           main] o.s.jdbc.datasource.init.ScriptUtils     : 1 returned as update count for SQL: insert into users(id, email, first_name, last_name, city, address, phone_number, post_index, activation_code, active, password, password_reset_code, provider) values(1, 'admin@gmail.com', 'Admin', 'Admin', null, null, null, null, null, true, '$2a$08$kS2f5m8eYoNpc.ZECzndGuXiqaWmCaFfOGMQquodP48qrD7.cQG4y', null, 'LOCAL')
2025-06-15T06:05:33.933Z DEBUG 2697 --- [           main] o.s.jdbc.datasource.init.ScriptUtils     : 1 returned as update count for SQL: insert into users(id, email, first_name, last_name, city, address, phone_number, post_index, activation_code, active, password, password_reset_code, provider) values(122, 'test123@test.com', 'John', 'Doe', 'New York', 'Wall Street 1', '1234567890', '1234567890', null, true, '$2a$08$kS2f5m8eYoNpc.ZECzndGuXiqaWmCaFfOGMQquodP48qrD7.cQG4y', null, 'LOCAL')
2025-06-15T06:05:33.934Z DEBUG 2697 --- [           main] o.s.jdbc.datasource.init.ScriptUtils     : 1 returned as update count for SQL: insert into users(id, email, first_name, last_name, city, address, phone_number, post_index, activation_code, active, password, password_reset_code, provider) values (126, 'helloworld@test.com', 'John2', 'Doe2', 'New York', 'Wall Street1', '1234567890', '1234567890','8e97dc37-2cf5-47e2-98e0',false,'$2a$08$kS2f5m8eYoNpc.ZECzndGuXiqaWmCaFfOGMQquodP48qrD7.cQG4y','3f9bcdb0-2241-4c34-803e-598b497d571f', 'LOCAL')
2025-06-15T06:05:33.934Z DEBUG 2697 --- [           main] o.s.jdbc.datasource.init.ScriptUtils     : 1 returned as update count for SQL: insert into user_role (user_id, roles) values (1, 'ADMIN')
2025-06-15T06:05:33.935Z DEBUG 2697 --- [           main] o.s.jdbc.datasource.init.ScriptUtils     : 1 returned as update count for SQL: insert into user_role (user_id, roles) values (122, 'USER')
2025-06-15T06:05:33.935Z DEBUG 2697 --- [           main] o.s.jdbc.datasource.init.ScriptUtils     : 1 returned as update count for SQL: insert into user_role (user_id, roles) values (126, 'USER')
2025-06-15T06:05:33.935Z DEBUG 2697 --- [           main] o.s.jdbc.datasource.init.ScriptUtils     : Executed SQL script from class path resource [sql/create-user-before.sql] in 4 ms.
2025-06-15T06:05:33.935Z DEBUG 2697 --- [           main] o.s.orm.jpa.JpaTransactionManager        : Initiating transaction commit
2025-06-15T06:05:33.935Z DEBUG 2697 --- [           main] o.s.orm.jpa.JpaTransactionManager        : Committing JPA transaction on EntityManager [SessionImpl(1941456723<open>)]
2025-06-15T06:05:33.936Z DEBUG 2697 --- [           main] o.s.orm.jpa.JpaTransactionManager        : Closing JPA EntityManager [SessionImpl(1941456723<open>)] after transaction
2025-06-15T06:05:33.936Z DEBUG 2697 --- [           main] org.springframework.test.context.cache   : Spring test ApplicationContext cache statistics: [DefaultContextCache@7c357b9 size = 1, maxSize = 32, parentContextCount = 0, hitCount = 280, missCount = 1, failureCount = 0]
2025-06-15T06:05:33.936Z DEBUG 2697 --- [           main] org.springframework.test.context.cache   : Spring test ApplicationContext cache statistics: [DefaultContextCache@7c357b9 size = 1, maxSize = 32, parentContextCount = 0, hitCount = 281, missCount = 1, failureCount = 0]
2025-06-15T06:05:33.937Z DEBUG 2697 --- [           main] org.springframework.test.context.cache   : Spring test ApplicationContext cache statistics: [DefaultContextCache@7c357b9 size = 1, maxSize = 32, parentContextCount = 0, hitCount = 282, missCount = 1, failureCount = 0]
2025-06-15T06:05:33.938Z DEBUG 2697 --- [           main] org.springframework.test.context.cache   : Spring test ApplicationContext cache statistics: [DefaultContextCache@7c357b9 size = 1, maxSize = 32, parentContextCount = 0, hitCount = 283, missCount = 1, failureCount = 0]
2025-06-15T06:05:33.939Z DEBUG 2697 --- [           main] o.s.security.web.FilterChainProxy        : Securing GET /api/v1/auth/forgot/1t2e3st123@test.com
2025-06-15T06:05:33.940Z DEBUG 2697 --- [           main] o.s.s.w.a.AnonymousAuthenticationFilter  : Set SecurityContextHolder to anonymous SecurityContext
2025-06-15T06:05:33.940Z DEBUG 2697 --- [           main] o.s.security.web.FilterChainProxy        : Secured GET /api/v1/auth/forgot/1t2e3st123@test.com
2025-06-15T06:05:33.940Z DEBUG 2697 --- [           main] o.s.t.web.servlet.TestDispatcherServlet  : GET "/api/v1/auth/forgot/1t2e3st123@test.com", parameters={}
2025-06-15T06:05:33.941Z DEBUG 2697 --- [           main] s.w.s.m.m.a.RequestMappingHandlerMapping : Mapped to com.gmail.merikbest2015.ecommerce.controller.AuthenticationController#forgotPassword(String)
2025-06-15T06:05:33.941Z DEBUG 2697 --- [           main] o.j.s.OpenEntityManagerInViewInterceptor : Opening JPA EntityManager in OpenEntityManagerInViewInterceptor
2025-06-15T06:05:33.941Z  INFO 2697 --- [           main] c.g.m.e.c.AuthenticationController       : Password reset code requested for email: 1t2e3st123@test.com
2025-06-15T06:05:33.941Z DEBUG 2697 --- [           main] o.s.orm.jpa.JpaTransactionManager        : Found thread-bound EntityManager [SessionImpl(284254363<open>)] for JPA transaction
2025-06-15T06:05:33.941Z DEBUG 2697 --- [           main] o.s.orm.jpa.JpaTransactionManager        : Creating new transaction with name [com.gmail.merikbest2015.ecommerce.service.Impl.AuthenticationServiceImpl.sendPasswordResetCode]: PROPAGATION_REQUIRED,ISOLATION_DEFAULT
2025-06-15T06:05:33.941Z DEBUG 2697 --- [           main] o.s.orm.jpa.JpaTransactionManager        : Exposing JPA transaction as JDBC [org.springframework.orm.jpa.vendor.HibernateJpaDialect$HibernateConnectionHandle@21423f09]
2025-06-15T06:05:33.941Z  INFO 2697 --- [           main] c.g.m.e.s.I.AuthenticationServiceImpl    : Sending password reset code to '1t2e3st123@test.com'
2025-06-15T06:05:33.945Z  WARN 2697 --- [           main] c.g.m.e.s.I.AuthenticationServiceImpl    : Password reset failed: email '1t2e3st123@test.com' not found
2025-06-15T06:05:33.945Z DEBUG 2697 --- [           main] o.s.orm.jpa.JpaTransactionManager        : Initiating transaction rollback
2025-06-15T06:05:33.945Z DEBUG 2697 --- [           main] o.s.orm.jpa.JpaTransactionManager        : Rolling back JPA transaction on EntityManager [SessionImpl(284254363<open>)]
2025-06-15T06:05:33.945Z DEBUG 2697 --- [           main] o.s.orm.jpa.JpaTransactionManager        : Not closing pre-bound JPA EntityManager after transaction
2025-06-15T06:05:33.946Z DEBUG 2697 --- [           main] .m.m.a.ExceptionHandlerExceptionResolver : Using @ExceptionHandler com.gmail.merikbest2015.ecommerce.exception.ApiExceptionHandler#handleApiRequestException(ApiRequestException)
2025-06-15T06:05:33.946Z DEBUG 2697 --- [           main] o.s.w.s.m.m.a.HttpEntityMethodProcessor  : Using 'text/plain', given [*/*] and supported [text/plain, */*, application/json, application/*+json, application/yaml]
2025-06-15T06:05:33.946Z DEBUG 2697 --- [           main] o.s.w.s.m.m.a.HttpEntityMethodProcessor  : Writing ["Email not found"]
2025-06-15T06:05:33.961Z DEBUG 2697 --- [           main] .m.m.a.ExceptionHandlerExceptionResolver : Resolved [com.gmail.merikbest2015.ecommerce.exception.ApiRequestException: Email not found]
2025-06-15T06:05:33.961Z DEBUG 2697 --- [           main] o.j.s.OpenEntityManagerInViewInterceptor : Closing JPA EntityManager in OpenEntityManagerInViewInterceptor
2025-06-15T06:05:33.962Z DEBUG 2697 --- [           main] o.s.t.web.servlet.TestDispatcherServlet  : Completed 404 NOT_FOUND
2025-06-15T06:05:33.963Z DEBUG 2697 --- [           main] org.springframework.test.context.cache   : Spring test ApplicationContext cache statistics: [DefaultContextCache@7c357b9 size = 1, maxSize = 32, parentContextCount = 0, hitCount = 284, missCount = 1, failureCount = 0]
2025-06-15T06:05:33.963Z DEBUG 2697 --- [           main] org.springframework.test.context.cache   : Spring test ApplicationContext cache statistics: [DefaultContextCache@7c357b9 size = 1, maxSize = 32, parentContextCount = 0, hitCount = 285, missCount = 1, failureCount = 0]
2025-06-15T06:05:33.965Z DEBUG 2697 --- [           main] org.springframework.test.context.cache   : Spring test ApplicationContext cache statistics: [DefaultContextCache@7c357b9 size = 1, maxSize = 32, parentContextCount = 0, hitCount = 286, missCount = 1, failureCount = 0]
2025-06-15T06:05:33.965Z DEBUG 2697 --- [           main] org.springframework.test.context.cache   : Spring test ApplicationContext cache statistics: [DefaultContextCache@7c357b9 size = 1, maxSize = 32, parentContextCount = 0, hitCount = 287, missCount = 1, failureCount = 0]
2025-06-15T06:05:33.965Z DEBUG 2697 --- [           main] org.springframework.test.context.cache   : Spring test ApplicationContext cache statistics: [DefaultContextCache@7c357b9 size = 1, maxSize = 32, parentContextCount = 0, hitCount = 288, missCount = 1, failureCount = 0]
2025-06-15T06:05:33.965Z DEBUG 2697 --- [           main] org.springframework.test.context.cache   : Spring test ApplicationContext cache statistics: [DefaultContextCache@7c357b9 size = 1, maxSize = 32, parentContextCount = 0, hitCount = 289, missCount = 1, failureCount = 0]
2025-06-15T06:05:33.966Z DEBUG 2697 --- [           main] org.springframework.test.context.cache   : Spring test ApplicationContext cache statistics: [DefaultContextCache@7c357b9 size = 1, maxSize = 32, parentContextCount = 0, hitCount = 290, missCount = 1, failureCount = 0]
2025-06-15T06:05:33.966Z DEBUG 2697 --- [           main] org.springframework.test.context.cache   : Spring test ApplicationContext cache statistics: [DefaultContextCache@7c357b9 size = 1, maxSize = 32, parentContextCount = 0, hitCount = 291, missCount = 1, failureCount = 0]
2025-06-15T06:05:33.966Z DEBUG 2697 --- [           main] .s.t.c.j.SqlScriptsTestExecutionListener : Processing merged @SqlConfig attributes for execution phase [AFTER_TEST_METHOD] and test class [com.gmail.merikbest2015.ecommerce.controller.AuthenticationControllerTest]
2025-06-15T06:05:33.967Z DEBUG 2697 --- [           main] org.springframework.test.context.cache   : Spring test ApplicationContext cache statistics: [DefaultContextCache@7c357b9 size = 1, maxSize = 32, parentContextCount = 0, hitCount = 292, missCount = 1, failureCount = 0]
2025-06-15T06:05:33.967Z DEBUG 2697 --- [           main] .s.t.c.j.SqlScriptsTestExecutionListener : Executing SQL scripts: [class path resource [sql/create-user-after.sql]]
2025-06-15T06:05:33.967Z DEBUG 2697 --- [           main] org.springframework.test.context.cache   : Spring test ApplicationContext cache statistics: [DefaultContextCache@7c357b9 size = 1, maxSize = 32, parentContextCount = 0, hitCount = 293, missCount = 1, failureCount = 0]
2025-06-15T06:05:33.967Z DEBUG 2697 --- [           main] org.springframework.test.context.cache   : Spring test ApplicationContext cache statistics: [DefaultContextCache@7c357b9 size = 1, maxSize = 32, parentContextCount = 0, hitCount = 294, missCount = 1, failureCount = 0]
2025-06-15T06:05:33.967Z DEBUG 2697 --- [           main] o.s.orm.jpa.JpaTransactionManager        : Creating new transaction with name [com.gmail.merikbest2015.ecommerce.controller.AuthenticationControllerTest]: PROPAGATION_REQUIRED,ISOLATION_DEFAULT
2025-06-15T06:05:33.967Z DEBUG 2697 --- [           main] o.s.orm.jpa.JpaTransactionManager        : Opened new EntityManager [SessionImpl(2119895405<open>)] for JPA transaction
2025-06-15T06:05:33.967Z DEBUG 2697 --- [           main] o.s.orm.jpa.JpaTransactionManager        : Exposing JPA transaction as JDBC [org.springframework.orm.jpa.vendor.HibernateJpaDialect$HibernateConnectionHandle@6fde5529]
2025-06-15T06:05:33.967Z DEBUG 2697 --- [           main] o.s.jdbc.datasource.init.ScriptUtils     : Executing SQL script from class path resource [sql/create-user-after.sql]
2025-06-15T06:05:33.968Z DEBUG 2697 --- [           main] o.s.jdbc.datasource.init.ScriptUtils     : 3 returned as update count for SQL: delete from user_role
2025-06-15T06:05:33.968Z DEBUG 2697 --- [           main] o.s.jdbc.datasource.init.ScriptUtils     : 3 returned as update count for SQL: delete from users
2025-06-15T06:05:33.968Z DEBUG 2697 --- [           main] o.s.jdbc.datasource.init.ScriptUtils     : Executed SQL script from class path resource [sql/create-user-after.sql] in 1 ms.
2025-06-15T06:05:33.968Z DEBUG 2697 --- [           main] o.s.orm.jpa.JpaTransactionManager        : Initiating transaction commit
2025-06-15T06:05:33.968Z DEBUG 2697 --- [           main] o.s.orm.jpa.JpaTransactionManager        : Committing JPA transaction on EntityManager [SessionImpl(2119895405<open>)]
2025-06-15T06:05:33.969Z DEBUG 2697 --- [           main] o.s.orm.jpa.JpaTransactionManager        : Closing JPA EntityManager [SessionImpl(2119895405<open>)] after transaction
2025-06-15T06:05:33.969Z DEBUG 2697 --- [           main] .c.s.DirtiesContextTestExecutionListener : After test method: class [AuthenticationControllerTest], method [forgotPassword_ShouldEmailBeNotValid], class annotated with @DirtiesContext [false] with mode [null], method annotated with @DirtiesContext [false] with mode [null]
2025-06-15T06:05:33.969Z DEBUG 2697 --- [           main] ObservationRegistryTestExecutionListener : Restoring ObservationRegistry in ObservationThreadLocalAccessor for test class com.gmail.merikbest2015.ecommerce.controller.AuthenticationControllerTest
2025-06-15T06:05:33.969Z DEBUG 2697 --- [           main] o.s.t.c.w.ServletTestExecutionListener   : Resetting RequestContextHolder for test class com.gmail.merikbest2015.ecommerce.controller.AuthenticationControllerTest
]]></system-out>
  </testcase>
</testsuite>